[2026-07-06T10:18:11.757Z] 🔌 Connected to PostgreSQL successfully.
[2026-07-06T10:18:11.758Z] ⏳ Starting P1 Hardened Backup v3...
[2026-07-06T10:18:15.136Z] 📦 Exporting table: Bank
[2026-07-06T10:18:15.171Z] 📦 Exporting table: Brand
[2026-07-06T10:18:15.241Z] 📦 Exporting table: Category
[2026-07-06T10:18:15.276Z] 📦 Exporting table: GlobalProductType
[2026-07-06T10:18:15.310Z] 📦 Exporting table: Position
[2026-07-06T10:18:15.345Z] 📦 Exporting table: Province
[2026-07-06T10:18:15.380Z] 📦 Exporting table: District
[2026-07-06T10:18:15.459Z] 📦 Exporting table: Subdistrict
[2026-07-06T10:18:15.620Z] 📦 Exporting table: Branch
[2026-07-06T10:18:15.655Z] 📦 Exporting table: BarcodeCounter
[2026-07-06T10:18:15.689Z] 📦 Exporting table: PaymentCodeCounter
[2026-07-06T10:18:15.724Z] 📦 Exporting table: ProductType
[2026-07-06T10:18:15.759Z] 📦 Exporting table: ProductTypeBrand
[2026-07-06T10:18:15.795Z] 📦 Exporting table: Supplier
[2026-07-06T10:18:15.830Z] 📦 Exporting table: Unit
[2026-07-06T10:18:15.864Z] 📦 Exporting table: Product
[2026-07-06T10:18:15.915Z] 📦 Exporting table: BranchPrice
[2026-07-06T10:18:15.964Z] 📦 Exporting table: ProductImage
[2026-07-06T10:18:15.999Z] 📦 Exporting table: StockBalance
[2026-07-06T10:18:16.035Z] 📦 Exporting table: User
[2026-07-06T10:18:16.074Z] 📦 Exporting table: CustomerProfile
[2026-07-06T10:18:16.114Z] 📦 Exporting table: Cart
[2026-07-06T10:18:16.148Z] 📦 Exporting table: CartItem
[2026-07-06T10:18:16.182Z] 📦 Exporting table: EmployeeProfile
[2026-07-06T10:18:16.217Z] 📦 Exporting table: CombinedBillingDocument
[2026-07-06T10:18:16.252Z] 📦 Exporting table: CombinedSaleDocument
[2026-07-06T10:18:16.286Z] 📦 Exporting table: CustomerDeposit
[2026-07-06T10:18:16.320Z] 📦 Exporting table: CustomerReceipts
[2026-07-06T10:18:16.354Z] 📦 Exporting table: InputTaxFilingBatch
[2026-07-06T10:18:16.389Z] 📦 Exporting table: Order
[2026-07-06T10:18:16.423Z] 📦 Exporting table: OrderOnline
[2026-07-06T10:18:16.458Z] 📦 Exporting table: OrderOnlineItem
[2026-07-06T10:18:16.492Z] 📦 Exporting table: PasswordResetToken
[2026-07-06T10:18:16.527Z] 📦 Exporting table: ProductOnOrder
[2026-07-06T10:18:16.561Z] 📦 Exporting table: PurchaseOrder
[2026-07-06T10:18:16.595Z] 📦 Exporting table: PurchaseOrderItem
[2026-07-06T10:18:16.630Z] 📦 Exporting table: PurchaseOrderReceipt
[2026-07-06T10:18:16.664Z] 📦 Exporting table: InputTaxFilingItem
[2026-07-06T10:18:16.698Z] 📦 Exporting table: PurchaseOrderReceiptItem
[2026-07-06T10:18:16.732Z] 📦 Exporting table: RefreshToken
[2026-07-06T10:18:16.861Z] 📦 Exporting table: Sale
[2026-07-06T10:18:16.896Z] 📦 Exporting table: CustomerReceiptAllocations
[2026-07-06T10:18:16.930Z] 📦 Exporting table: Payment
[2026-07-06T10:18:16.965Z] 📦 Exporting table: DepositUsage
[2026-07-06T10:18:16.999Z] 📦 Exporting table: PaymentItem
[2026-07-06T10:18:17.033Z] 📦 Exporting table: SaleReturn
[2026-07-06T10:18:17.068Z] 📦 Exporting table: RefundTransaction
[2026-07-06T10:18:17.102Z] 📦 Exporting table: SalesTaxFilingBatch
[2026-07-06T10:18:17.136Z] 📦 Exporting table: SalesTaxFilingItem
[2026-07-06T10:18:17.170Z] 📦 Exporting table: ServiceOrder
[2026-07-06T10:18:17.204Z] 📦 Exporting table: ServiceItem
[2026-07-06T10:18:17.238Z] 📦 Exporting table: SimpleLot
[2026-07-06T10:18:17.272Z] 📦 Exporting table: SaleItemSimple
[2026-07-06T10:18:17.307Z] 📦 Exporting table: SaleReturnItemSimple
[2026-07-06T10:18:17.341Z] 📦 Exporting table: StockAuditSession
[2026-07-06T10:18:17.376Z] 📦 Exporting table: StockItem
[2026-07-06T10:18:17.426Z] 📦 Exporting table: BarcodeReceiptItem
[2026-07-06T10:18:17.460Z] 📦 Exporting table: RepairJob
[2026-07-06T10:18:17.494Z] 📦 Exporting table: RepairPartItem
[2026-07-06T10:18:17.528Z] 📦 Exporting table: SaleItem
[2026-07-06T10:18:17.562Z] 📦 Exporting table: SaleReturnItem
[2026-07-06T10:18:17.597Z] 📦 Exporting table: StockAuditScanLog
[2026-07-06T10:18:17.631Z] 📦 Exporting table: StockAuditSnapshotItem
[2026-07-06T10:18:17.665Z] 📦 Exporting table: StockMovement
[2026-07-06T10:18:17.701Z] 📦 Exporting table: SupplierPayment
[2026-07-06T10:18:17.735Z] 📦 Exporting table: SupplierPaymentReceipt
[2026-07-06T10:18:17.770Z] 📦 Exporting table: V2CustomerDeposit
[2026-07-06T10:18:17.804Z] 📦 Exporting table: V2StockAudit
[2026-07-06T10:18:17.838Z] 📦 Exporting table: V2StockAuditItem
[2026-07-06T10:18:17.873Z] 📦 Exporting table: WarrantyClaim
[2026-07-06T10:18:20.325Z] 
🎉 P1 Hardened Backup v3 completed successfully.
[2026-07-06T10:18:20.326Z] 💾 Backup file: D:\alpha-tech\server\backups\alphatech_hardened_backup_v3_2026-07-06_2026-07-06T10-18-15-111Z.sql
[2026-07-06T10:18:20.326Z] 🧾 Manifest file: D:\alpha-tech\server\backups\alphatech_hardened_backup_v3_2026-07-06_2026-07-06T10-18-15-111Z.manifest.json
[2026-07-06T10:18:20.327Z] 📊 Tables exported: 70
[2026-07-06T10:18:20.327Z] 📦 Rows exported: 14979
[2026-07-06T10:18:20.327Z] 🔢 Sequences prepared: 67
[2026-07-06T10:18:20.327Z] 🔐 SHA256: bfbd615d2d72dad8187d5026df8e237f4448c353a0882f9aedd6203f1c1d895b
[2026-07-06T10:18:20.328Z] 📐 File size: 4.20 MB
[2026-07-06T10:18:20.328Z] ⏱️ Duration: 6.51 seconds
[2026-07-06T10:18:20.328Z] ✅ Verification: PASS (70 tables checked)
[2026-07-06T12:32:03.252Z] 🔌 Connected to PostgreSQL successfully.
[2026-07-06T12:32:03.254Z] ⏳ Starting P1 Hardened Backup v4 Type-aware...
[2026-07-06T12:32:06.622Z] 📦 Exporting table: Bank
[2026-07-06T12:32:06.658Z] 📦 Exporting table: Brand
[2026-07-06T12:32:06.698Z] 📦 Exporting table: Category
[2026-07-06T12:32:06.732Z] 📦 Exporting table: GlobalProductType
[2026-07-06T12:32:06.767Z] 📦 Exporting table: Position
[2026-07-06T12:32:06.801Z] 📦 Exporting table: Province
[2026-07-06T12:32:06.837Z] 📦 Exporting table: District
[2026-07-06T12:32:06.893Z] 📦 Exporting table: Subdistrict
[2026-07-06T12:32:07.067Z] 📦 Exporting table: Branch
[2026-07-06T12:32:07.102Z] 📦 Exporting table: BarcodeCounter
[2026-07-06T12:32:07.136Z] 📦 Exporting table: PaymentCodeCounter
[2026-07-06T12:32:07.171Z] 📦 Exporting table: ProductType
[2026-07-06T12:32:07.207Z] 📦 Exporting table: ProductTypeBrand
[2026-07-06T12:32:07.244Z] 📦 Exporting table: Supplier
[2026-07-06T12:32:07.278Z] 📦 Exporting table: Unit
[2026-07-06T12:32:07.313Z] 📦 Exporting table: Product
[2026-07-06T12:32:07.366Z] 📦 Exporting table: BranchPrice
[2026-07-06T12:32:07.419Z] 📦 Exporting table: ProductImage
[2026-07-06T12:32:07.453Z] 📦 Exporting table: StockBalance
[2026-07-06T12:32:07.490Z] 📦 Exporting table: User
[2026-07-06T12:32:07.529Z] 📦 Exporting table: CustomerProfile
[2026-07-06T12:32:07.568Z] 📦 Exporting table: Cart
[2026-07-06T12:32:07.603Z] 📦 Exporting table: CartItem
[2026-07-06T12:32:07.637Z] 📦 Exporting table: EmployeeProfile
[2026-07-06T12:32:07.671Z] 📦 Exporting table: CombinedBillingDocument
[2026-07-06T12:32:07.705Z] 📦 Exporting table: CombinedSaleDocument
[2026-07-06T12:32:07.739Z] 📦 Exporting table: CustomerDeposit
[2026-07-06T12:32:07.773Z] 📦 Exporting table: CustomerReceipts
[2026-07-06T12:32:07.807Z] 📦 Exporting table: InputTaxFilingBatch
[2026-07-06T12:32:07.842Z] 📦 Exporting table: Order
[2026-07-06T12:32:07.876Z] 📦 Exporting table: OrderOnline
[2026-07-06T12:32:07.910Z] 📦 Exporting table: OrderOnlineItem
[2026-07-06T12:32:07.944Z] 📦 Exporting table: PasswordResetToken
[2026-07-06T12:32:07.979Z] 📦 Exporting table: ProductOnOrder
[2026-07-06T12:32:08.014Z] 📦 Exporting table: PurchaseOrder
[2026-07-06T12:32:08.048Z] 📦 Exporting table: PurchaseOrderItem
[2026-07-06T12:32:08.082Z] 📦 Exporting table: PurchaseOrderReceipt
[2026-07-06T12:32:08.116Z] 📦 Exporting table: InputTaxFilingItem
[2026-07-06T12:32:08.150Z] 📦 Exporting table: PurchaseOrderReceiptItem
[2026-07-06T12:32:08.184Z] 📦 Exporting table: RefreshToken
[2026-07-06T12:32:08.318Z] 📦 Exporting table: Sale
[2026-07-06T12:32:08.354Z] 📦 Exporting table: CustomerReceiptAllocations
[2026-07-06T12:32:08.388Z] 📦 Exporting table: Payment
[2026-07-06T12:32:08.422Z] 📦 Exporting table: DepositUsage
[2026-07-06T12:32:08.456Z] 📦 Exporting table: PaymentItem
[2026-07-06T12:32:08.491Z] 📦 Exporting table: SaleReturn
[2026-07-06T12:32:08.525Z] 📦 Exporting table: RefundTransaction
[2026-07-06T12:32:08.559Z] 📦 Exporting table: SalesTaxFilingBatch
[2026-07-06T12:32:08.593Z] 📦 Exporting table: SalesTaxFilingItem
[2026-07-06T12:32:08.627Z] 📦 Exporting table: ServiceOrder
[2026-07-06T12:32:08.662Z] 📦 Exporting table: ServiceItem
[2026-07-06T12:32:08.696Z] 📦 Exporting table: SimpleLot
[2026-07-06T12:32:08.731Z] 📦 Exporting table: SaleItemSimple
[2026-07-06T12:32:08.765Z] 📦 Exporting table: SaleReturnItemSimple
[2026-07-06T12:32:08.799Z] 📦 Exporting table: StockAuditSession
[2026-07-06T12:32:08.833Z] 📦 Exporting table: StockItem
[2026-07-06T12:32:08.885Z] 📦 Exporting table: BarcodeReceiptItem
[2026-07-06T12:32:08.919Z] 📦 Exporting table: RepairJob
[2026-07-06T12:32:08.954Z] 📦 Exporting table: RepairPartItem
[2026-07-06T12:32:08.988Z] 📦 Exporting table: SaleItem
[2026-07-06T12:32:09.022Z] 📦 Exporting table: SaleReturnItem
[2026-07-06T12:32:09.056Z] 📦 Exporting table: StockAuditScanLog
[2026-07-06T12:32:09.090Z] 📦 Exporting table: StockAuditSnapshotItem
[2026-07-06T12:32:09.124Z] 📦 Exporting table: StockMovement
[2026-07-06T12:32:09.161Z] 📦 Exporting table: SupplierPayment
[2026-07-06T12:32:09.195Z] 📦 Exporting table: SupplierPaymentReceipt
[2026-07-06T12:32:09.230Z] 📦 Exporting table: V2CustomerDeposit
[2026-07-06T12:32:09.265Z] 📦 Exporting table: V2StockAudit
[2026-07-06T12:32:09.299Z] 📦 Exporting table: V2StockAuditItem
[2026-07-06T12:32:09.333Z] 📦 Exporting table: WarrantyClaim
[2026-07-06T12:32:11.785Z] 
🎉 P1 Hardened Backup v4 Type-aware completed successfully.
[2026-07-06T12:32:11.786Z] 💾 Backup file: D:\alpha-tech\server\backups\alphatech_hardened_backup_v4_2026-07-06_2026-07-06T12-32-06-598Z.sql
[2026-07-06T12:32:11.786Z] 🧾 Manifest file: D:\alpha-tech\server\backups\alphatech_hardened_backup_v4_2026-07-06_2026-07-06T12-32-06-598Z.manifest.json
[2026-07-06T12:32:11.787Z] 📊 Tables exported: 70
[2026-07-06T12:32:11.787Z] 📦 Rows exported: 15034
[2026-07-06T12:32:11.788Z] 🔢 Sequences prepared: 67
[2026-07-06T12:32:11.789Z] 🔐 SHA256: 2dc3124a0c8ae4dda7f3a67ba0c28b34483a31c382debcca0c57096d1e6ed9b5
[2026-07-06T12:32:11.789Z] 📐 File size: 4.22 MB
[2026-07-06T12:32:11.790Z] ⏱️ Duration: 6.47 seconds
[2026-07-06T12:32:11.790Z] ✅ Verification: PASS (70 tables checked)
[2026-07-06T12:52:19.933Z] 🔌 Connected to PostgreSQL successfully.
[2026-07-06T12:52:19.935Z] ⏳ Starting P1 Hardened Backup v5 Type-aware + self-reference safe restore...
[2026-07-06T12:52:23.703Z] 📦 Exporting table: Bank
[2026-07-06T12:52:23.743Z] 📦 Exporting table: Brand
[2026-07-06T12:52:23.787Z] 📦 Exporting table: Category
[2026-07-06T12:52:23.826Z] 📦 Exporting table: GlobalProductType
[2026-07-06T12:52:23.865Z] 📦 Exporting table: Position
[2026-07-06T12:52:23.904Z] 📦 Exporting table: Province
[2026-07-06T12:52:23.946Z] 📦 Exporting table: District
[2026-07-06T12:52:24.034Z] 📦 Exporting table: Subdistrict
[2026-07-06T12:52:24.222Z] 📦 Exporting table: Branch
[2026-07-06T12:52:24.263Z] 📦 Exporting table: BarcodeCounter
[2026-07-06T12:52:24.302Z] 📦 Exporting table: PaymentCodeCounter
[2026-07-06T12:52:24.340Z] 📦 Exporting table: ProductType
[2026-07-06T12:52:24.380Z] 📦 Exporting table: ProductTypeBrand
[2026-07-06T12:52:24.421Z] 📦 Exporting table: Supplier
[2026-07-06T12:52:24.460Z] 📦 Exporting table: Unit
[2026-07-06T12:52:24.499Z] 📦 Exporting table: Product
[2026-07-06T12:52:24.558Z] 📦 Exporting table: BranchPrice
[2026-07-06T12:52:24.615Z] 📦 Exporting table: ProductImage
[2026-07-06T12:52:24.653Z] 📦 Exporting table: StockBalance
[2026-07-06T12:52:24.694Z] 📦 Exporting table: User
[2026-07-06T12:52:24.738Z] 📦 Exporting table: CustomerProfile
[2026-07-06T12:52:24.785Z] 📦 Exporting table: Cart
[2026-07-06T12:52:24.824Z] 📦 Exporting table: CartItem
[2026-07-06T12:52:24.862Z] 📦 Exporting table: EmployeeProfile
[2026-07-06T12:52:24.901Z] 📦 Exporting table: CombinedBillingDocument
[2026-07-06T12:52:24.940Z] 📦 Exporting table: CombinedSaleDocument
[2026-07-06T12:52:24.978Z] 📦 Exporting table: CustomerDeposit
[2026-07-06T12:52:25.017Z] 📦 Exporting table: CustomerReceipts
[2026-07-06T12:52:25.056Z] 📦 Exporting table: InputTaxFilingBatch
[2026-07-06T12:52:25.095Z] 📦 Exporting table: Order
[2026-07-06T12:52:25.133Z] 📦 Exporting table: OrderOnline
[2026-07-06T12:52:25.172Z] 📦 Exporting table: OrderOnlineItem
[2026-07-06T12:52:25.210Z] 📦 Exporting table: PasswordResetToken
[2026-07-06T12:52:25.250Z] 📦 Exporting table: ProductOnOrder
[2026-07-06T12:52:25.288Z] 📦 Exporting table: PurchaseOrder
[2026-07-06T12:52:25.327Z] 📦 Exporting table: PurchaseOrderItem
[2026-07-06T12:52:25.366Z] 📦 Exporting table: PurchaseOrderReceipt
[2026-07-06T12:52:25.404Z] 📦 Exporting table: InputTaxFilingItem
[2026-07-06T12:52:25.443Z] 📦 Exporting table: PurchaseOrderReceiptItem
[2026-07-06T12:52:25.482Z] 📦 Exporting table: RefreshToken
[2026-07-06T12:52:25.621Z] 📦 Exporting table: Sale
[2026-07-06T12:52:25.661Z] 📦 Exporting table: CustomerReceiptAllocations
[2026-07-06T12:52:25.700Z] 📦 Exporting table: Payment
[2026-07-06T12:52:25.738Z] 📦 Exporting table: DepositUsage
[2026-07-06T12:52:25.778Z] 📦 Exporting table: PaymentItem
[2026-07-06T12:52:25.817Z] 📦 Exporting table: SaleReturn
[2026-07-06T12:52:25.855Z] 📦 Exporting table: RefundTransaction
[2026-07-06T12:52:25.893Z] 📦 Exporting table: SalesTaxFilingBatch
[2026-07-06T12:52:25.932Z] 📦 Exporting table: SalesTaxFilingItem
[2026-07-06T12:52:25.971Z] 📦 Exporting table: ServiceOrder
[2026-07-06T12:52:26.009Z] 📦 Exporting table: ServiceItem
[2026-07-06T12:52:26.048Z] 📦 Exporting table: SimpleLot
[2026-07-06T12:52:26.086Z] 📦 Exporting table: SaleItemSimple
[2026-07-06T12:52:26.125Z] 📦 Exporting table: SaleReturnItemSimple
[2026-07-06T12:52:26.163Z] 📦 Exporting table: StockAuditSession
[2026-07-06T12:52:26.202Z] 📦 Exporting table: StockItem
[2026-07-06T12:52:26.259Z] 📦 Exporting table: BarcodeReceiptItem
[2026-07-06T12:52:26.297Z] 📦 Exporting table: RepairJob
[2026-07-06T12:52:26.336Z] 📦 Exporting table: RepairPartItem
[2026-07-06T12:52:26.375Z] 📦 Exporting table: SaleItem
[2026-07-06T12:52:26.414Z] 📦 Exporting table: SaleReturnItem
[2026-07-06T12:52:26.456Z] 📦 Exporting table: StockAuditScanLog
[2026-07-06T12:52:26.494Z] 📦 Exporting table: StockAuditSnapshotItem
[2026-07-06T12:52:26.533Z] 📦 Exporting table: StockMovement
[2026-07-06T12:52:26.574Z] 📦 Exporting table: SupplierPayment
[2026-07-06T12:52:26.613Z] 📦 Exporting table: SupplierPaymentReceipt
[2026-07-06T12:52:26.652Z] 📦 Exporting table: V2CustomerDeposit
[2026-07-06T12:52:26.690Z] 📦 Exporting table: V2StockAudit
[2026-07-06T12:52:26.729Z] 📦 Exporting table: V2StockAuditItem
[2026-07-06T12:52:26.767Z] 📦 Exporting table: WarrantyClaim
[2026-07-06T12:52:29.517Z] 
🎉 P1 Hardened Backup v5 Type-aware + self-reference safe restore completed successfully.
[2026-07-06T12:52:29.518Z] 💾 Backup file: D:\alpha-tech\server\backups\alphatech_hardened_backup_v5_2026-07-06_2026-07-06T12-52-23-679Z.sql
[2026-07-06T12:52:29.519Z] 🧾 Manifest file: D:\alpha-tech\server\backups\alphatech_hardened_backup_v5_2026-07-06_2026-07-06T12-52-23-679Z.manifest.json
[2026-07-06T12:52:29.519Z] 📊 Tables exported: 70
[2026-07-06T12:52:29.519Z] 📦 Rows exported: 15052
[2026-07-06T12:52:29.520Z] 🔢 Sequences prepared: 67
[2026-07-06T12:52:29.520Z] 🔐 SHA256: f27fcb124480dafd6893ef937e245421578af21f148289d43392d9c9f4244f50
[2026-07-06T12:52:29.520Z] 📐 File size: 4.23 MB
[2026-07-06T12:52:29.520Z] ⏱️ Duration: 7.25 seconds
[2026-07-06T12:52:29.521Z] ✅ Verification: PASS (70 tables checked)
[2026-07-06T13:10:15.815Z] 🔌 Connected to PostgreSQL successfully.
[2026-07-06T13:10:15.816Z] ⏳ Starting P1 Hardened Backup v6 Type-aware + generic self-reference FK safe restore...
[2026-07-06T13:10:19.183Z] 📦 Exporting table: Bank
[2026-07-06T13:10:19.225Z] 📦 Exporting table: Brand
[2026-07-06T13:10:19.270Z] 📦 Exporting table: Category
[2026-07-06T13:10:19.310Z] 📦 Exporting table: GlobalProductType
[2026-07-06T13:10:19.350Z] 📦 Exporting table: Position
[2026-07-06T13:10:19.390Z] 📦 Exporting table: Province
[2026-07-06T13:10:19.431Z] 📦 Exporting table: District
[2026-07-06T13:10:19.519Z] 📦 Exporting table: Subdistrict
[2026-07-06T13:10:19.723Z] 📦 Exporting table: Branch
[2026-07-06T13:10:19.763Z] 📦 Exporting table: BarcodeCounter
[2026-07-06T13:10:19.803Z] 📦 Exporting table: PaymentCodeCounter
[2026-07-06T13:10:19.842Z] 📦 Exporting table: ProductType
[2026-07-06T13:10:19.884Z] 📦 Exporting table: ProductTypeBrand
[2026-07-06T13:10:19.926Z] 📦 Exporting table: Supplier
[2026-07-06T13:10:19.965Z] 📦 Exporting table: Unit
[2026-07-06T13:10:20.005Z] 📦 Exporting table: Product
[2026-07-06T13:10:20.083Z] 📦 Exporting table: BranchPrice
[2026-07-06T13:10:20.145Z] 📦 Exporting table: ProductImage
[2026-07-06T13:10:20.184Z] 📦 Exporting table: StockBalance
[2026-07-06T13:10:20.226Z] 📦 Exporting table: User
[2026-07-06T13:10:20.270Z] 📦 Exporting table: CustomerProfile
[2026-07-06T13:10:20.315Z] 📦 Exporting table: Cart
[2026-07-06T13:10:20.354Z] 📦 Exporting table: CartItem
[2026-07-06T13:10:20.394Z] 📦 Exporting table: EmployeeProfile
[2026-07-06T13:10:20.433Z] 📦 Exporting table: CombinedBillingDocument
[2026-07-06T13:10:20.472Z] 📦 Exporting table: CombinedSaleDocument
[2026-07-06T13:10:20.511Z] 📦 Exporting table: CustomerDeposit
[2026-07-06T13:10:20.551Z] 📦 Exporting table: CustomerReceipts
[2026-07-06T13:10:20.590Z] 📦 Exporting table: InputTaxFilingBatch
[2026-07-06T13:10:20.630Z] 📦 Exporting table: Order
[2026-07-06T13:10:20.669Z] 📦 Exporting table: OrderOnline
[2026-07-06T13:10:20.709Z] 📦 Exporting table: OrderOnlineItem
[2026-07-06T13:10:20.748Z] 📦 Exporting table: PasswordResetToken
[2026-07-06T13:10:20.788Z] 📦 Exporting table: ProductOnOrder
[2026-07-06T13:10:20.827Z] 📦 Exporting table: PurchaseOrder
[2026-07-06T13:10:20.867Z] 📦 Exporting table: PurchaseOrderItem
[2026-07-06T13:10:20.906Z] 📦 Exporting table: PurchaseOrderReceipt
[2026-07-06T13:10:20.946Z] 📦 Exporting table: InputTaxFilingItem
[2026-07-06T13:10:20.985Z] 📦 Exporting table: PurchaseOrderReceiptItem
[2026-07-06T13:10:21.024Z] 📦 Exporting table: RefreshToken
[2026-07-06T13:10:21.224Z] 📦 Exporting table: Sale
[2026-07-06T13:10:21.264Z] 📦 Exporting table: CustomerReceiptAllocations
[2026-07-06T13:10:21.304Z] 📦 Exporting table: Payment
[2026-07-06T13:10:21.343Z] 📦 Exporting table: DepositUsage
[2026-07-06T13:10:21.388Z] 📦 Exporting table: PaymentItem
[2026-07-06T13:10:21.429Z] 📦 Exporting table: SaleReturn
[2026-07-06T13:10:21.469Z] 📦 Exporting table: RefundTransaction
[2026-07-06T13:10:21.509Z] 📦 Exporting table: SalesTaxFilingBatch
[2026-07-06T13:10:21.548Z] 📦 Exporting table: SalesTaxFilingItem
[2026-07-06T13:10:21.588Z] 📦 Exporting table: ServiceOrder
[2026-07-06T13:10:21.627Z] 📦 Exporting table: ServiceItem
[2026-07-06T13:10:21.666Z] 📦 Exporting table: SimpleLot
[2026-07-06T13:10:21.706Z] 📦 Exporting table: SaleItemSimple
[2026-07-06T13:10:21.745Z] 📦 Exporting table: SaleReturnItemSimple
[2026-07-06T13:10:21.784Z] 📦 Exporting table: StockAuditSession
[2026-07-06T13:10:21.824Z] 📦 Exporting table: StockItem
[2026-07-06T13:10:21.881Z] 📦 Exporting table: BarcodeReceiptItem
[2026-07-06T13:10:21.922Z] 📦 Exporting table: RepairJob
[2026-07-06T13:10:21.961Z] 📦 Exporting table: RepairPartItem
[2026-07-06T13:10:22.000Z] 📦 Exporting table: SaleItem
[2026-07-06T13:10:22.040Z] 📦 Exporting table: SaleReturnItem
[2026-07-06T13:10:22.079Z] 📦 Exporting table: StockAuditScanLog
[2026-07-06T13:10:22.119Z] 📦 Exporting table: StockAuditSnapshotItem
[2026-07-06T13:10:22.159Z] 📦 Exporting table: StockMovement
[2026-07-06T13:10:22.201Z] 📦 Exporting table: SupplierPayment
[2026-07-06T13:10:22.241Z] 📦 Exporting table: SupplierPaymentReceipt
[2026-07-06T13:10:22.280Z] 📦 Exporting table: V2CustomerDeposit
[2026-07-06T13:10:22.319Z] 📦 Exporting table: V2StockAudit
[2026-07-06T13:10:22.359Z] 📦 Exporting table: V2StockAuditItem
[2026-07-06T13:10:22.398Z] 📦 Exporting table: WarrantyClaim
[2026-07-06T13:10:25.207Z] 
🎉 P1 Hardened Backup v6 Type-aware + generic self-reference FK safe restore completed successfully.
[2026-07-06T13:10:25.208Z] 💾 Backup file: D:\alpha-tech\server\backups\alphatech_hardened_backup_v6_2026-07-06_2026-07-06T13-10-19-159Z.sql
[2026-07-06T13:10:25.209Z] 🧾 Manifest file: D:\alpha-tech\server\backups\alphatech_hardened_backup_v6_2026-07-06_2026-07-06T13-10-19-159Z.manifest.json
[2026-07-06T13:10:25.209Z] 📊 Tables exported: 70
[2026-07-06T13:10:25.209Z] 📦 Rows exported: 15071
[2026-07-06T13:10:25.210Z] 🔢 Sequences prepared: 67
[2026-07-06T13:10:25.210Z] 🔐 SHA256: 32e12d09fff330e5d139774bada7667250ea70f6d1cd2f2a944d9245ed750cb3
[2026-07-06T13:10:25.210Z] 📐 File size: 4.39 MB
[2026-07-06T13:10:25.211Z] ⏱️ Duration: 7.01 seconds
[2026-07-06T13:10:25.211Z] ✅ Verification: PASS (70 tables checked)
