[2026-07-06T14:14:36.668Z] 🔌 Connected to PostgreSQL successfully.
[2026-07-06T14:14:36.670Z] ⏳ Starting P1 Hardened Backup v6 Type-aware + generic self-reference FK safe restore...
[2026-07-06T14:14:41.724Z] 📦 Exporting table: Bank
[2026-07-06T14:14:41.855Z] 📦 Exporting table: Brand
[2026-07-06T14:14:41.899Z] 📦 Exporting table: Category
[2026-07-06T14:14:41.936Z] 📦 Exporting table: GlobalProductType
[2026-07-06T14:14:41.972Z] 📦 Exporting table: Position
[2026-07-06T14:14:42.010Z] 📦 Exporting table: Province
[2026-07-06T14:14:42.048Z] 📦 Exporting table: District
[2026-07-06T14:14:42.133Z] 📦 Exporting table: Subdistrict
[2026-07-06T14:14:42.333Z] 📦 Exporting table: Branch
[2026-07-06T14:14:42.371Z] 📦 Exporting table: BarcodeCounter
[2026-07-06T14:14:42.416Z] 📦 Exporting table: PaymentCodeCounter
[2026-07-06T14:14:42.453Z] 📦 Exporting table: ProductType
[2026-07-06T14:14:42.492Z] 📦 Exporting table: ProductTypeBrand
[2026-07-06T14:14:42.531Z] 📦 Exporting table: Supplier
[2026-07-06T14:14:42.569Z] 📦 Exporting table: Unit
[2026-07-06T14:14:42.606Z] 📦 Exporting table: Product
[2026-07-06T14:14:42.684Z] 📦 Exporting table: BranchPrice
[2026-07-06T14:14:42.743Z] 📦 Exporting table: ProductImage
[2026-07-06T14:14:42.780Z] 📦 Exporting table: StockBalance
[2026-07-06T14:14:42.820Z] 📦 Exporting table: User
[2026-07-06T14:14:42.863Z] 📦 Exporting table: CustomerProfile
[2026-07-06T14:14:42.907Z] 📦 Exporting table: Cart
[2026-07-06T14:14:42.944Z] 📦 Exporting table: CartItem
[2026-07-06T14:14:42.981Z] 📦 Exporting table: EmployeeProfile
[2026-07-06T14:14:43.018Z] 📦 Exporting table: CombinedBillingDocument
[2026-07-06T14:14:43.056Z] 📦 Exporting table: CombinedSaleDocument
[2026-07-06T14:14:43.093Z] 📦 Exporting table: CustomerDeposit
[2026-07-06T14:14:43.130Z] 📦 Exporting table: CustomerReceipts
[2026-07-06T14:14:43.166Z] 📦 Exporting table: InputTaxFilingBatch
[2026-07-06T14:14:43.203Z] 📦 Exporting table: Order
[2026-07-06T14:14:43.239Z] 📦 Exporting table: OrderOnline
[2026-07-06T14:14:43.276Z] 📦 Exporting table: OrderOnlineItem
[2026-07-06T14:14:43.312Z] 📦 Exporting table: PasswordResetToken
[2026-07-06T14:14:43.350Z] 📦 Exporting table: ProductOnOrder
[2026-07-06T14:14:43.386Z] 📦 Exporting table: PurchaseOrder
[2026-07-06T14:14:43.424Z] 📦 Exporting table: PurchaseOrderItem
[2026-07-06T14:14:43.460Z] 📦 Exporting table: PurchaseOrderReceipt
[2026-07-06T14:14:43.497Z] 📦 Exporting table: InputTaxFilingItem
[2026-07-06T14:14:43.534Z] 📦 Exporting table: PurchaseOrderReceiptItem
[2026-07-06T14:14:43.571Z] 📦 Exporting table: RefreshToken
[2026-07-06T14:14:43.753Z] 📦 Exporting table: Sale
[2026-07-06T14:14:43.790Z] 📦 Exporting table: CustomerReceiptAllocations
[2026-07-06T14:14:43.827Z] 📦 Exporting table: Payment
[2026-07-06T14:14:43.864Z] 📦 Exporting table: DepositUsage
[2026-07-06T14:14:43.901Z] 📦 Exporting table: PaymentItem
[2026-07-06T14:14:43.938Z] 📦 Exporting table: SaleReturn
[2026-07-06T14:14:43.974Z] 📦 Exporting table: RefundTransaction
[2026-07-06T14:14:44.011Z] 📦 Exporting table: SalesTaxFilingBatch
[2026-07-06T14:14:44.048Z] 📦 Exporting table: SalesTaxFilingItem
[2026-07-06T14:14:44.084Z] 📦 Exporting table: ServiceOrder
[2026-07-06T14:14:44.121Z] 📦 Exporting table: ServiceItem
[2026-07-06T14:14:44.157Z] 📦 Exporting table: SimpleLot
[2026-07-06T14:14:44.194Z] 📦 Exporting table: SaleItemSimple
[2026-07-06T14:14:44.230Z] 📦 Exporting table: SaleReturnItemSimple
[2026-07-06T14:14:44.267Z] 📦 Exporting table: StockAuditSession
[2026-07-06T14:14:44.304Z] 📦 Exporting table: StockItem
[2026-07-06T14:14:44.363Z] 📦 Exporting table: BarcodeReceiptItem
[2026-07-06T14:14:44.400Z] 📦 Exporting table: RepairJob
[2026-07-06T14:14:44.437Z] 📦 Exporting table: RepairPartItem
[2026-07-06T14:14:44.474Z] 📦 Exporting table: SaleItem
[2026-07-06T14:14:44.510Z] 📦 Exporting table: SaleReturnItem
[2026-07-06T14:14:44.548Z] 📦 Exporting table: StockAuditScanLog
[2026-07-06T14:14:44.587Z] 📦 Exporting table: StockAuditSnapshotItem
[2026-07-06T14:14:44.623Z] 📦 Exporting table: StockMovement
[2026-07-06T14:14:44.663Z] 📦 Exporting table: SupplierPayment
[2026-07-06T14:14:44.699Z] 📦 Exporting table: SupplierPaymentReceipt
[2026-07-06T14:14:44.736Z] 📦 Exporting table: V2CustomerDeposit
[2026-07-06T14:14:44.773Z] 📦 Exporting table: V2StockAudit
[2026-07-06T14:14:44.809Z] 📦 Exporting table: V2StockAuditItem
[2026-07-06T14:14:44.846Z] 📦 Exporting table: WarrantyClaim
[2026-07-06T14:14:47.486Z] 
🎉 P1 Hardened Backup v6 Type-aware + generic self-reference FK safe restore completed successfully.
[2026-07-06T14:14:47.487Z] 💾 Backup file: D:\alpha-tech\server\backups\alphatech_hardened_backup_v6_2026-07-06_2026-07-06T14-14-41-699Z.sql
[2026-07-06T14:14:47.487Z] 🧾 Manifest file: D:\alpha-tech\server\backups\alphatech_hardened_backup_v6_2026-07-06_2026-07-06T14-14-41-699Z.manifest.json
[2026-07-06T14:14:47.487Z] 📊 Tables exported: 70
[2026-07-06T14:14:47.487Z] 📦 Rows exported: 15072
[2026-07-06T14:14:47.487Z] 🔢 Sequences prepared: 67
[2026-07-06T14:14:47.487Z] 🔐 SHA256: b2284818df258c5b75c0f42da81561b81452b2fe89e37b1419119fc7a4e02735
[2026-07-06T14:14:47.488Z] 📐 File size: 4.39 MB
[2026-07-06T14:14:47.488Z] ⏱️ Duration: 8.60 seconds
[2026-07-06T14:14:47.488Z] ✅ Verification: PASS (70 tables checked)
[2026-07-06T14:27:15.979Z] 🔌 Connected to PostgreSQL successfully.
[2026-07-06T14:27:15.980Z] ⏳ Starting P1 Hardened Backup v6 Type-aware + generic self-reference FK safe restore...
[2026-07-06T14:27:19.217Z] 📦 Exporting table: Bank
[2026-07-06T14:27:19.257Z] 📦 Exporting table: Brand
[2026-07-06T14:27:19.301Z] 📦 Exporting table: Category
[2026-07-06T14:27:19.342Z] 📦 Exporting table: GlobalProductType
[2026-07-06T14:27:19.381Z] 📦 Exporting table: Position
[2026-07-06T14:27:19.419Z] 📦 Exporting table: Province
[2026-07-06T14:27:19.458Z] 📦 Exporting table: District
[2026-07-06T14:27:19.544Z] 📦 Exporting table: Subdistrict
[2026-07-06T14:27:19.714Z] 📦 Exporting table: Branch
[2026-07-06T14:27:19.753Z] 📦 Exporting table: BarcodeCounter
[2026-07-06T14:27:19.792Z] 📦 Exporting table: PaymentCodeCounter
[2026-07-06T14:27:19.831Z] 📦 Exporting table: ProductType
[2026-07-06T14:27:19.871Z] 📦 Exporting table: ProductTypeBrand
[2026-07-06T14:27:19.911Z] 📦 Exporting table: Supplier
[2026-07-06T14:27:19.950Z] 📦 Exporting table: Unit
[2026-07-06T14:27:19.989Z] 📦 Exporting table: Product
[2026-07-06T14:27:20.067Z] 📦 Exporting table: BranchPrice
[2026-07-06T14:27:20.130Z] 📦 Exporting table: ProductImage
[2026-07-06T14:27:20.170Z] 📦 Exporting table: StockBalance
[2026-07-06T14:27:20.211Z] 📦 Exporting table: User
[2026-07-06T14:27:20.253Z] 📦 Exporting table: CustomerProfile
[2026-07-06T14:27:20.300Z] 📦 Exporting table: Cart
[2026-07-06T14:27:20.339Z] 📦 Exporting table: CartItem
[2026-07-06T14:27:20.376Z] 📦 Exporting table: EmployeeProfile
[2026-07-06T14:27:20.415Z] 📦 Exporting table: CombinedBillingDocument
[2026-07-06T14:27:20.453Z] 📦 Exporting table: CombinedSaleDocument
[2026-07-06T14:27:20.491Z] 📦 Exporting table: CustomerDeposit
[2026-07-06T14:27:20.529Z] 📦 Exporting table: CustomerReceipts
[2026-07-06T14:27:20.567Z] 📦 Exporting table: InputTaxFilingBatch
[2026-07-06T14:27:20.605Z] 📦 Exporting table: Order
[2026-07-06T14:27:20.643Z] 📦 Exporting table: OrderOnline
[2026-07-06T14:27:20.681Z] 📦 Exporting table: OrderOnlineItem
[2026-07-06T14:27:20.719Z] 📦 Exporting table: PasswordResetToken
[2026-07-06T14:27:20.758Z] 📦 Exporting table: ProductOnOrder
[2026-07-06T14:27:20.796Z] 📦 Exporting table: PurchaseOrder
[2026-07-06T14:27:20.835Z] 📦 Exporting table: PurchaseOrderItem
[2026-07-06T14:27:20.873Z] 📦 Exporting table: PurchaseOrderReceipt
[2026-07-06T14:27:20.911Z] 📦 Exporting table: InputTaxFilingItem
[2026-07-06T14:27:20.949Z] 📦 Exporting table: PurchaseOrderReceiptItem
[2026-07-06T14:27:20.988Z] 📦 Exporting table: RefreshToken
[2026-07-06T14:27:21.173Z] 📦 Exporting table: Sale
[2026-07-06T14:27:21.212Z] 📦 Exporting table: CustomerReceiptAllocations
[2026-07-06T14:27:21.256Z] 📦 Exporting table: Payment
[2026-07-06T14:27:21.295Z] 📦 Exporting table: DepositUsage
[2026-07-06T14:27:21.333Z] 📦 Exporting table: PaymentItem
[2026-07-06T14:27:21.371Z] 📦 Exporting table: SaleReturn
[2026-07-06T14:27:21.409Z] 📦 Exporting table: RefundTransaction
[2026-07-06T14:27:21.448Z] 📦 Exporting table: SalesTaxFilingBatch
[2026-07-06T14:27:21.486Z] 📦 Exporting table: SalesTaxFilingItem
[2026-07-06T14:27:21.524Z] 📦 Exporting table: ServiceOrder
[2026-07-06T14:27:21.564Z] 📦 Exporting table: ServiceItem
[2026-07-06T14:27:21.602Z] 📦 Exporting table: SimpleLot
[2026-07-06T14:27:21.640Z] 📦 Exporting table: SaleItemSimple
[2026-07-06T14:27:21.678Z] 📦 Exporting table: SaleReturnItemSimple
[2026-07-06T14:27:21.715Z] 📦 Exporting table: StockAuditSession
[2026-07-06T14:27:21.754Z] 📦 Exporting table: StockItem
[2026-07-06T14:27:21.810Z] 📦 Exporting table: BarcodeReceiptItem
[2026-07-06T14:27:21.848Z] 📦 Exporting table: RepairJob
[2026-07-06T14:27:21.886Z] 📦 Exporting table: RepairPartItem
[2026-07-06T14:27:21.923Z] 📦 Exporting table: SaleItem
[2026-07-06T14:27:21.962Z] 📦 Exporting table: SaleReturnItem
[2026-07-06T14:27:22.000Z] 📦 Exporting table: StockAuditScanLog
[2026-07-06T14:27:22.037Z] 📦 Exporting table: StockAuditSnapshotItem
[2026-07-06T14:27:22.076Z] 📦 Exporting table: StockMovement
[2026-07-06T14:27:22.116Z] 📦 Exporting table: SupplierPayment
[2026-07-06T14:27:22.154Z] 📦 Exporting table: SupplierPaymentReceipt
[2026-07-06T14:27:22.192Z] 📦 Exporting table: V2CustomerDeposit
[2026-07-06T14:27:22.230Z] 📦 Exporting table: V2StockAudit
[2026-07-06T14:27:22.268Z] 📦 Exporting table: V2StockAuditItem
[2026-07-06T14:27:22.306Z] 📦 Exporting table: WarrantyClaim
[2026-07-06T14:27:25.040Z] 
🎉 P1 Hardened Backup v6 Type-aware + generic self-reference FK safe restore completed successfully.
[2026-07-06T14:27:25.040Z] 💾 Backup file: D:\alpha-tech\server\backups\alphatech_hardened_backup_v6_2026-07-06_2026-07-06T14-27-19-193Z.sql
[2026-07-06T14:27:25.040Z] 🧾 Manifest file: D:\alpha-tech\server\backups\alphatech_hardened_backup_v6_2026-07-06_2026-07-06T14-27-19-193Z.manifest.json
[2026-07-06T14:27:25.040Z] 📊 Tables exported: 70
[2026-07-06T14:27:25.041Z] 📦 Rows exported: 15072
[2026-07-06T14:27:25.041Z] 🔢 Sequences prepared: 67
[2026-07-06T14:27:25.041Z] 🔐 SHA256: 56f9329598358c89792f12b0a566459f9fddb30d26266c83228780f92b297b80
[2026-07-06T14:27:25.041Z] 📐 File size: 4.39 MB
[2026-07-06T14:27:25.041Z] ⏱️ Duration: 6.77 seconds
[2026-07-06T14:27:25.041Z] ✅ Verification: PASS (70 tables checked)
[2026-07-06T14:48:52.437Z] 🔌 Connected to PostgreSQL successfully.
[2026-07-06T14:48:52.438Z] ⏳ Starting P1 Hardened Backup v6 Type-aware + generic self-reference FK safe restore...
[2026-07-06T14:48:55.856Z] 📦 Exporting table: Bank
[2026-07-06T14:48:55.897Z] 📦 Exporting table: Brand
[2026-07-06T14:48:55.942Z] 📦 Exporting table: Category
[2026-07-06T14:48:55.981Z] 📦 Exporting table: GlobalProductType
[2026-07-06T14:48:56.020Z] 📦 Exporting table: Position
[2026-07-06T14:48:56.060Z] 📦 Exporting table: Province
[2026-07-06T14:48:56.100Z] 📦 Exporting table: District
[2026-07-06T14:48:56.188Z] 📦 Exporting table: Subdistrict
[2026-07-06T14:48:56.394Z] 📦 Exporting table: Branch
[2026-07-06T14:48:56.433Z] 📦 Exporting table: BarcodeCounter
[2026-07-06T14:48:56.472Z] 📦 Exporting table: PaymentCodeCounter
[2026-07-06T14:48:56.511Z] 📦 Exporting table: ProductType
[2026-07-06T14:48:56.552Z] 📦 Exporting table: ProductTypeBrand
[2026-07-06T14:48:56.593Z] 📦 Exporting table: Supplier
[2026-07-06T14:48:56.632Z] 📦 Exporting table: Unit
[2026-07-06T14:48:56.677Z] 📦 Exporting table: Product
[2026-07-06T14:48:56.762Z] 📦 Exporting table: BranchPrice
[2026-07-06T14:48:56.830Z] 📦 Exporting table: ProductImage
[2026-07-06T14:48:56.874Z] 📦 Exporting table: StockBalance
[2026-07-06T14:48:56.930Z] 📦 Exporting table: User
[2026-07-06T14:48:56.974Z] 📦 Exporting table: CustomerProfile
[2026-07-06T14:48:57.019Z] 📦 Exporting table: Cart
[2026-07-06T14:48:57.058Z] 📦 Exporting table: CartItem
[2026-07-06T14:48:57.098Z] 📦 Exporting table: EmployeeProfile
[2026-07-06T14:48:57.137Z] 📦 Exporting table: CombinedBillingDocument
[2026-07-06T14:48:57.175Z] 📦 Exporting table: CombinedSaleDocument
[2026-07-06T14:48:57.214Z] 📦 Exporting table: CustomerDeposit
[2026-07-06T14:48:57.253Z] 📦 Exporting table: CustomerReceipts
[2026-07-06T14:48:57.292Z] 📦 Exporting table: InputTaxFilingBatch
[2026-07-06T14:48:57.331Z] 📦 Exporting table: Order
[2026-07-06T14:48:57.370Z] 📦 Exporting table: OrderOnline
[2026-07-06T14:48:57.408Z] 📦 Exporting table: OrderOnlineItem
[2026-07-06T14:48:57.447Z] 📦 Exporting table: PasswordResetToken
[2026-07-06T14:48:57.486Z] 📦 Exporting table: ProductOnOrder
[2026-07-06T14:48:57.525Z] 📦 Exporting table: PurchaseOrder
[2026-07-06T14:48:57.563Z] 📦 Exporting table: PurchaseOrderItem
[2026-07-06T14:48:57.609Z] 📦 Exporting table: PurchaseOrderReceipt
[2026-07-06T14:48:57.648Z] 📦 Exporting table: InputTaxFilingItem
[2026-07-06T14:48:57.687Z] 📦 Exporting table: PurchaseOrderReceiptItem
[2026-07-06T14:48:57.726Z] 📦 Exporting table: RefreshToken
[2026-07-06T14:48:57.907Z] 📦 Exporting table: Sale
[2026-07-06T14:48:57.946Z] 📦 Exporting table: CustomerReceiptAllocations
[2026-07-06T14:48:57.985Z] 📦 Exporting table: Payment
[2026-07-06T14:48:58.025Z] 📦 Exporting table: DepositUsage
[2026-07-06T14:48:58.063Z] 📦 Exporting table: PaymentItem
[2026-07-06T14:48:58.102Z] 📦 Exporting table: SaleReturn
[2026-07-06T14:48:58.141Z] 📦 Exporting table: RefundTransaction
[2026-07-06T14:48:58.179Z] 📦 Exporting table: SalesTaxFilingBatch
[2026-07-06T14:48:58.218Z] 📦 Exporting table: SalesTaxFilingItem
[2026-07-06T14:48:58.257Z] 📦 Exporting table: ServiceOrder
[2026-07-06T14:48:58.296Z] 📦 Exporting table: ServiceItem
[2026-07-06T14:48:58.334Z] 📦 Exporting table: SimpleLot
[2026-07-06T14:48:58.373Z] 📦 Exporting table: SaleItemSimple
[2026-07-06T14:48:58.412Z] 📦 Exporting table: SaleReturnItemSimple
[2026-07-06T14:48:58.451Z] 📦 Exporting table: StockAuditSession
[2026-07-06T14:48:58.489Z] 📦 Exporting table: StockItem
[2026-07-06T14:48:58.547Z] 📦 Exporting table: BarcodeReceiptItem
[2026-07-06T14:48:58.585Z] 📦 Exporting table: RepairJob
[2026-07-06T14:48:58.625Z] 📦 Exporting table: RepairPartItem
[2026-07-06T14:48:58.664Z] 📦 Exporting table: SaleItem
[2026-07-06T14:48:58.703Z] 📦 Exporting table: SaleReturnItem
[2026-07-06T14:48:58.742Z] 📦 Exporting table: StockAuditScanLog
[2026-07-06T14:48:58.780Z] 📦 Exporting table: StockAuditSnapshotItem
[2026-07-06T14:48:58.818Z] 📦 Exporting table: StockMovement
[2026-07-06T14:48:58.860Z] 📦 Exporting table: SupplierPayment
[2026-07-06T14:48:58.898Z] 📦 Exporting table: SupplierPaymentReceipt
[2026-07-06T14:48:58.937Z] 📦 Exporting table: V2CustomerDeposit
[2026-07-06T14:48:58.976Z] 📦 Exporting table: V2StockAudit
[2026-07-06T14:48:59.014Z] 📦 Exporting table: V2StockAuditItem
[2026-07-06T14:48:59.053Z] 📦 Exporting table: WarrantyClaim
[2026-07-06T14:49:01.849Z] 
🎉 P1 Hardened Backup v6 Type-aware + generic self-reference FK safe restore completed successfully.
[2026-07-06T14:49:01.849Z] 💾 Backup file: D:\alpha-tech\server\backups\alphatech_hardened_backup_v6_2026-07-06_2026-07-06T14-48-55-833Z.sql
[2026-07-06T14:49:01.850Z] 🧾 Manifest file: D:\alpha-tech\server\backups\alphatech_hardened_backup_v6_2026-07-06_2026-07-06T14-48-55-833Z.manifest.json
[2026-07-06T14:49:01.850Z] 📊 Tables exported: 70
[2026-07-06T14:49:01.850Z] 📦 Rows exported: 15079
[2026-07-06T14:49:01.850Z] 🔢 Sequences prepared: 67
[2026-07-06T14:49:01.851Z] 🔐 SHA256: e0a41486537757d6b87fddb11dcdf8b6dde0e584105c73355283cdd1131de753
[2026-07-06T14:49:01.851Z] 📐 File size: 4.39 MB
[2026-07-06T14:49:01.851Z] ⏱️ Duration: 7.03 seconds
[2026-07-06T14:49:01.851Z] ✅ Verification: PASS (70 tables checked)
[2026-07-06T15:17:24.180Z] 🔌 Connected to PostgreSQL successfully.
[2026-07-06T15:17:24.182Z] ⏳ Starting P1 Hardened Backup v6 Type-aware + generic self-reference FK safe restore...
[2026-07-06T15:17:27.420Z] 📦 Exporting table: Bank
[2026-07-06T15:17:27.460Z] 📦 Exporting table: Brand
[2026-07-06T15:17:27.503Z] 📦 Exporting table: Category
[2026-07-06T15:17:27.540Z] 📦 Exporting table: GlobalProductType
[2026-07-06T15:17:27.578Z] 📦 Exporting table: Position
[2026-07-06T15:17:27.615Z] 📦 Exporting table: Province
[2026-07-06T15:17:27.653Z] 📦 Exporting table: District
[2026-07-06T15:17:27.737Z] 📦 Exporting table: Subdistrict
[2026-07-06T15:17:27.942Z] 📦 Exporting table: Branch
[2026-07-06T15:17:27.985Z] 📦 Exporting table: BarcodeCounter
[2026-07-06T15:17:28.022Z] 📦 Exporting table: PaymentCodeCounter
[2026-07-06T15:17:28.059Z] 📦 Exporting table: ProductType
[2026-07-06T15:17:28.098Z] 📦 Exporting table: ProductTypeBrand
[2026-07-06T15:17:28.138Z] 📦 Exporting table: Supplier
[2026-07-06T15:17:28.175Z] 📦 Exporting table: Unit
[2026-07-06T15:17:28.213Z] 📦 Exporting table: Product
[2026-07-06T15:17:28.288Z] 📦 Exporting table: BranchPrice
[2026-07-06T15:17:28.349Z] 📦 Exporting table: ProductImage
[2026-07-06T15:17:28.386Z] 📦 Exporting table: StockBalance
[2026-07-06T15:17:28.426Z] 📦 Exporting table: User
[2026-07-06T15:17:28.468Z] 📦 Exporting table: CustomerProfile
[2026-07-06T15:17:28.510Z] 📦 Exporting table: Cart
[2026-07-06T15:17:28.547Z] 📦 Exporting table: CartItem
[2026-07-06T15:17:28.584Z] 📦 Exporting table: EmployeeProfile
[2026-07-06T15:17:28.621Z] 📦 Exporting table: CombinedBillingDocument
[2026-07-06T15:17:28.660Z] 📦 Exporting table: CombinedSaleDocument
[2026-07-06T15:17:28.696Z] 📦 Exporting table: CustomerDeposit
[2026-07-06T15:17:28.733Z] 📦 Exporting table: CustomerReceipts
[2026-07-06T15:17:28.770Z] 📦 Exporting table: InputTaxFilingBatch
[2026-07-06T15:17:28.807Z] 📦 Exporting table: Order
[2026-07-06T15:17:28.844Z] 📦 Exporting table: OrderOnline
[2026-07-06T15:17:28.881Z] 📦 Exporting table: OrderOnlineItem
[2026-07-06T15:17:28.918Z] 📦 Exporting table: PasswordResetToken
[2026-07-06T15:17:28.955Z] 📦 Exporting table: ProductOnOrder
[2026-07-06T15:17:28.993Z] 📦 Exporting table: PurchaseOrder
[2026-07-06T15:17:29.030Z] 📦 Exporting table: PurchaseOrderItem
[2026-07-06T15:17:29.066Z] 📦 Exporting table: PurchaseOrderReceipt
[2026-07-06T15:17:29.103Z] 📦 Exporting table: InputTaxFilingItem
[2026-07-06T15:17:29.140Z] 📦 Exporting table: PurchaseOrderReceiptItem
[2026-07-06T15:17:29.177Z] 📦 Exporting table: RefreshToken
[2026-07-06T15:17:29.374Z] 📦 Exporting table: Sale
[2026-07-06T15:17:29.412Z] 📦 Exporting table: CustomerReceiptAllocations
[2026-07-06T15:17:29.449Z] 📦 Exporting table: Payment
[2026-07-06T15:17:29.486Z] 📦 Exporting table: DepositUsage
[2026-07-06T15:17:29.522Z] 📦 Exporting table: PaymentItem
[2026-07-06T15:17:29.559Z] 📦 Exporting table: SaleReturn
[2026-07-06T15:17:29.596Z] 📦 Exporting table: RefundTransaction
[2026-07-06T15:17:29.633Z] 📦 Exporting table: SalesTaxFilingBatch
[2026-07-06T15:17:29.670Z] 📦 Exporting table: SalesTaxFilingItem
[2026-07-06T15:17:29.707Z] 📦 Exporting table: ServiceOrder
[2026-07-06T15:17:29.745Z] 📦 Exporting table: ServiceItem
[2026-07-06T15:17:29.783Z] 📦 Exporting table: SimpleLot
[2026-07-06T15:17:29.820Z] 📦 Exporting table: SaleItemSimple
[2026-07-06T15:17:29.857Z] 📦 Exporting table: SaleReturnItemSimple
[2026-07-06T15:17:29.894Z] 📦 Exporting table: StockAuditSession
[2026-07-06T15:17:29.931Z] 📦 Exporting table: StockItem
[2026-07-06T15:17:29.989Z] 📦 Exporting table: BarcodeReceiptItem
[2026-07-06T15:17:30.026Z] 📦 Exporting table: RepairJob
[2026-07-06T15:17:30.062Z] 📦 Exporting table: RepairPartItem
[2026-07-06T15:17:30.099Z] 📦 Exporting table: SaleItem
[2026-07-06T15:17:30.137Z] 📦 Exporting table: SaleReturnItem
[2026-07-06T15:17:30.174Z] 📦 Exporting table: StockAuditScanLog
[2026-07-06T15:17:30.216Z] 📦 Exporting table: StockAuditSnapshotItem
[2026-07-06T15:17:30.261Z] 📦 Exporting table: StockMovement
[2026-07-06T15:17:30.301Z] 📦 Exporting table: SupplierPayment
[2026-07-06T15:17:30.343Z] 📦 Exporting table: SupplierPaymentReceipt
[2026-07-06T15:17:30.379Z] 📦 Exporting table: V2CustomerDeposit
[2026-07-06T15:17:30.416Z] 📦 Exporting table: V2StockAudit
[2026-07-06T15:17:30.453Z] 📦 Exporting table: V2StockAuditItem
[2026-07-06T15:17:30.490Z] 📦 Exporting table: WarrantyClaim
[2026-07-06T15:17:33.172Z] 
🎉 P1 Hardened Backup v6 Type-aware + generic self-reference FK safe restore completed successfully.
[2026-07-06T15:17:33.172Z] 💾 Backup file: D:\alpha-tech\server\backups\alphatech_hardened_backup_v6_2026-07-06_2026-07-06T15-17-27-397Z.sql
[2026-07-06T15:17:33.172Z] 🧾 Manifest file: D:\alpha-tech\server\backups\alphatech_hardened_backup_v6_2026-07-06_2026-07-06T15-17-27-397Z.manifest.json
[2026-07-06T15:17:33.172Z] 📊 Tables exported: 70
[2026-07-06T15:17:33.173Z] 📦 Rows exported: 15079
[2026-07-06T15:17:33.173Z] 🔢 Sequences prepared: 67
[2026-07-06T15:17:33.173Z] 🔐 SHA256: afbad4c50247b66e599a0993c96ee289383263140d58f7da6f1689869f2abc63
[2026-07-06T15:17:33.173Z] 📐 File size: 4.39 MB
[2026-07-06T15:17:33.173Z] ⏱️ Duration: 6.67 seconds
[2026-07-06T15:17:33.174Z] ✅ Verification: PASS (70 tables checked)
[2026-07-06T15:33:06.224Z] 🔌 Connected to PostgreSQL successfully.
[2026-07-06T15:33:06.225Z] ⏳ Starting P1 Hardened Backup v6 Type-aware + generic self-reference FK safe restore...
[2026-07-06T15:33:09.315Z] 📦 Exporting table: Bank
[2026-07-06T15:33:09.352Z] 📦 Exporting table: Brand
[2026-07-06T15:33:09.394Z] 📦 Exporting table: Category
[2026-07-06T15:33:09.429Z] 📦 Exporting table: GlobalProductType
[2026-07-06T15:33:09.463Z] 📦 Exporting table: Position
[2026-07-06T15:33:09.498Z] 📦 Exporting table: Province
[2026-07-06T15:33:09.533Z] 📦 Exporting table: District
[2026-07-06T15:33:09.611Z] 📦 Exporting table: Subdistrict
[2026-07-06T15:33:09.798Z] 📦 Exporting table: Branch
[2026-07-06T15:33:09.834Z] 📦 Exporting table: BarcodeCounter
[2026-07-06T15:33:09.868Z] 📦 Exporting table: PaymentCodeCounter
[2026-07-06T15:33:09.903Z] 📦 Exporting table: ProductType
[2026-07-06T15:33:09.939Z] 📦 Exporting table: ProductTypeBrand
[2026-07-06T15:33:09.976Z] 📦 Exporting table: Supplier
[2026-07-06T15:33:10.012Z] 📦 Exporting table: Unit
[2026-07-06T15:33:10.046Z] 📦 Exporting table: Product
[2026-07-06T15:33:10.121Z] 📦 Exporting table: BranchPrice
[2026-07-06T15:33:10.179Z] 📦 Exporting table: ProductImage
[2026-07-06T15:33:10.214Z] 📦 Exporting table: StockBalance
[2026-07-06T15:33:10.251Z] 📦 Exporting table: User
[2026-07-06T15:33:10.292Z] 📦 Exporting table: CustomerProfile
[2026-07-06T15:33:10.333Z] 📦 Exporting table: Cart
[2026-07-06T15:33:10.367Z] 📦 Exporting table: CartItem
[2026-07-06T15:33:10.401Z] 📦 Exporting table: EmployeeProfile
[2026-07-06T15:33:10.436Z] 📦 Exporting table: CombinedBillingDocument
[2026-07-06T15:33:10.472Z] 📦 Exporting table: CombinedSaleDocument
[2026-07-06T15:33:10.508Z] 📦 Exporting table: CustomerDeposit
[2026-07-06T15:33:10.542Z] 📦 Exporting table: CustomerReceipts
[2026-07-06T15:33:10.577Z] 📦 Exporting table: InputTaxFilingBatch
[2026-07-06T15:33:10.611Z] 📦 Exporting table: Order
[2026-07-06T15:33:10.646Z] 📦 Exporting table: OrderOnline
[2026-07-06T15:33:10.680Z] 📦 Exporting table: OrderOnlineItem
[2026-07-06T15:33:10.714Z] 📦 Exporting table: PasswordResetToken
[2026-07-06T15:33:10.748Z] 📦 Exporting table: ProductOnOrder
[2026-07-06T15:33:10.783Z] 📦 Exporting table: PurchaseOrder
[2026-07-06T15:33:10.817Z] 📦 Exporting table: PurchaseOrderItem
[2026-07-06T15:33:10.851Z] 📦 Exporting table: PurchaseOrderReceipt
[2026-07-06T15:33:10.885Z] 📦 Exporting table: InputTaxFilingItem
[2026-07-06T15:33:10.919Z] 📦 Exporting table: PurchaseOrderReceiptItem
[2026-07-06T15:33:10.953Z] 📦 Exporting table: RefreshToken
[2026-07-06T15:33:11.148Z] 📦 Exporting table: Sale
[2026-07-06T15:33:11.183Z] 📦 Exporting table: CustomerReceiptAllocations
[2026-07-06T15:33:11.217Z] 📦 Exporting table: Payment
[2026-07-06T15:33:11.252Z] 📦 Exporting table: DepositUsage
[2026-07-06T15:33:11.286Z] 📦 Exporting table: PaymentItem
[2026-07-06T15:33:11.320Z] 📦 Exporting table: SaleReturn
[2026-07-06T15:33:11.354Z] 📦 Exporting table: RefundTransaction
[2026-07-06T15:33:11.388Z] 📦 Exporting table: SalesTaxFilingBatch
[2026-07-06T15:33:11.422Z] 📦 Exporting table: SalesTaxFilingItem
[2026-07-06T15:33:11.456Z] 📦 Exporting table: ServiceOrder
[2026-07-06T15:33:11.489Z] 📦 Exporting table: ServiceItem
[2026-07-06T15:33:11.524Z] 📦 Exporting table: SimpleLot
[2026-07-06T15:33:11.558Z] 📦 Exporting table: SaleItemSimple
[2026-07-06T15:33:11.594Z] 📦 Exporting table: SaleReturnItemSimple
[2026-07-06T15:33:11.628Z] 📦 Exporting table: StockAuditSession
[2026-07-06T15:33:11.662Z] 📦 Exporting table: StockItem
[2026-07-06T15:33:11.714Z] 📦 Exporting table: BarcodeReceiptItem
[2026-07-06T15:33:11.749Z] 📦 Exporting table: RepairJob
[2026-07-06T15:33:11.783Z] 📦 Exporting table: RepairPartItem
[2026-07-06T15:33:11.817Z] 📦 Exporting table: SaleItem
[2026-07-06T15:33:11.851Z] 📦 Exporting table: SaleReturnItem
[2026-07-06T15:33:11.885Z] 📦 Exporting table: StockAuditScanLog
[2026-07-06T15:33:11.920Z] 📦 Exporting table: StockAuditSnapshotItem
[2026-07-06T15:33:11.954Z] 📦 Exporting table: StockMovement
[2026-07-06T15:33:11.990Z] 📦 Exporting table: SupplierPayment
[2026-07-06T15:33:12.025Z] 📦 Exporting table: SupplierPaymentReceipt
[2026-07-06T15:33:12.059Z] 📦 Exporting table: V2CustomerDeposit
[2026-07-06T15:33:12.094Z] 📦 Exporting table: V2StockAudit
[2026-07-06T15:33:12.129Z] 📦 Exporting table: V2StockAuditItem
[2026-07-06T15:33:12.163Z] 📦 Exporting table: WarrantyClaim
[2026-07-06T15:33:14.634Z] 
🎉 P1 Hardened Backup v6 Type-aware + generic self-reference FK safe restore completed successfully.
[2026-07-06T15:33:14.635Z] 💾 Backup file: D:\alpha-tech\server\backups\alphatech_hardened_backup_v6_2026-07-06_2026-07-06T15-33-09-291Z.sql
[2026-07-06T15:33:14.635Z] 🧾 Manifest file: D:\alpha-tech\server\backups\alphatech_hardened_backup_v6_2026-07-06_2026-07-06T15-33-09-291Z.manifest.json
[2026-07-06T15:33:14.635Z] 📊 Tables exported: 70
[2026-07-06T15:33:14.635Z] 📦 Rows exported: 15079
[2026-07-06T15:33:14.636Z] 🔢 Sequences prepared: 67
[2026-07-06T15:33:14.636Z] 🔐 SHA256: 8588c428136b40d356bb266cac6d6c4a25ddc04173e33c5b16bbe07eec049deb
[2026-07-06T15:33:14.636Z] 📐 File size: 4.39 MB
[2026-07-06T15:33:14.636Z] ⏱️ Duration: 6.28 seconds
[2026-07-06T15:33:14.636Z] ✅ Verification: PASS (70 tables checked)
[2026-07-06T15:56:10.059Z] 🔌 Connected to PostgreSQL successfully.
[2026-07-06T15:56:10.061Z] ⏳ Starting P1 Hardened Backup v6 Type-aware + generic self-reference FK safe restore...
[2026-07-06T15:56:13.331Z] 📦 Exporting table: Bank
[2026-07-06T15:56:13.372Z] 📦 Exporting table: Brand
[2026-07-06T15:56:13.417Z] 📦 Exporting table: Category
[2026-07-06T15:56:13.455Z] 📦 Exporting table: GlobalProductType
[2026-07-06T15:56:13.494Z] 📦 Exporting table: Position
[2026-07-06T15:56:13.533Z] 📦 Exporting table: Province
[2026-07-06T15:56:13.572Z] 📦 Exporting table: District
[2026-07-06T15:56:13.628Z] 📦 Exporting table: Subdistrict
[2026-07-06T15:56:13.807Z] 📦 Exporting table: Branch
[2026-07-06T15:56:13.848Z] 📦 Exporting table: BarcodeCounter
[2026-07-06T15:56:13.886Z] 📦 Exporting table: PaymentCodeCounter
[2026-07-06T15:56:13.924Z] 📦 Exporting table: ProductType
[2026-07-06T15:56:13.965Z] 📦 Exporting table: ProductTypeBrand
[2026-07-06T15:56:14.005Z] 📦 Exporting table: Supplier
[2026-07-06T15:56:14.044Z] 📦 Exporting table: Unit
[2026-07-06T15:56:14.083Z] 📦 Exporting table: Product
[2026-07-06T15:56:14.159Z] 📦 Exporting table: BranchPrice
[2026-07-06T15:56:14.221Z] 📦 Exporting table: ProductImage
[2026-07-06T15:56:14.260Z] 📦 Exporting table: StockBalance
[2026-07-06T15:56:14.301Z] 📦 Exporting table: User
[2026-07-06T15:56:14.346Z] 📦 Exporting table: CustomerProfile
[2026-07-06T15:56:14.390Z] 📦 Exporting table: Cart
[2026-07-06T15:56:14.429Z] 📦 Exporting table: CartItem
[2026-07-06T15:56:14.469Z] 📦 Exporting table: EmployeeProfile
[2026-07-06T15:56:14.508Z] 📦 Exporting table: CombinedBillingDocument
[2026-07-06T15:56:14.547Z] 📦 Exporting table: CombinedSaleDocument
[2026-07-06T15:56:14.585Z] 📦 Exporting table: CustomerDeposit
[2026-07-06T15:56:14.624Z] 📦 Exporting table: CustomerReceipts
[2026-07-06T15:56:14.662Z] 📦 Exporting table: InputTaxFilingBatch
[2026-07-06T15:56:14.702Z] 📦 Exporting table: Order
[2026-07-06T15:56:14.740Z] 📦 Exporting table: OrderOnline
[2026-07-06T15:56:14.779Z] 📦 Exporting table: OrderOnlineItem
[2026-07-06T15:56:14.817Z] 📦 Exporting table: PasswordResetToken
[2026-07-06T15:56:14.856Z] 📦 Exporting table: ProductOnOrder
[2026-07-06T15:56:14.895Z] 📦 Exporting table: PurchaseOrder
[2026-07-06T15:56:14.933Z] 📦 Exporting table: PurchaseOrderItem
[2026-07-06T15:56:14.971Z] 📦 Exporting table: PurchaseOrderReceipt
[2026-07-06T15:56:15.010Z] 📦 Exporting table: InputTaxFilingItem
[2026-07-06T15:56:15.048Z] 📦 Exporting table: PurchaseOrderReceiptItem
[2026-07-06T15:56:15.087Z] 📦 Exporting table: RefreshToken
[2026-07-06T15:56:15.269Z] 📦 Exporting table: Sale
[2026-07-06T15:56:15.308Z] 📦 Exporting table: CustomerReceiptAllocations
[2026-07-06T15:56:15.346Z] 📦 Exporting table: Payment
[2026-07-06T15:56:15.385Z] 📦 Exporting table: DepositUsage
[2026-07-06T15:56:15.424Z] 📦 Exporting table: PaymentItem
[2026-07-06T15:56:15.463Z] 📦 Exporting table: SaleReturn
[2026-07-06T15:56:15.501Z] 📦 Exporting table: RefundTransaction
[2026-07-06T15:56:15.539Z] 📦 Exporting table: SalesTaxFilingBatch
[2026-07-06T15:56:15.578Z] 📦 Exporting table: SalesTaxFilingItem
[2026-07-06T15:56:15.616Z] 📦 Exporting table: ServiceOrder
[2026-07-06T15:56:15.654Z] 📦 Exporting table: ServiceItem
[2026-07-06T15:56:15.693Z] 📦 Exporting table: SimpleLot
[2026-07-06T15:56:15.731Z] 📦 Exporting table: SaleItemSimple
[2026-07-06T15:56:15.770Z] 📦 Exporting table: SaleReturnItemSimple
[2026-07-06T15:56:15.808Z] 📦 Exporting table: StockAuditSession
[2026-07-06T15:56:15.846Z] 📦 Exporting table: StockItem
[2026-07-06T15:56:15.902Z] 📦 Exporting table: BarcodeReceiptItem
[2026-07-06T15:56:15.941Z] 📦 Exporting table: RepairJob
[2026-07-06T15:56:15.980Z] 📦 Exporting table: RepairPartItem
[2026-07-06T15:56:16.018Z] 📦 Exporting table: SaleItem
[2026-07-06T15:56:16.056Z] 📦 Exporting table: SaleReturnItem
[2026-07-06T15:56:16.094Z] 📦 Exporting table: StockAuditScanLog
[2026-07-06T15:56:16.133Z] 📦 Exporting table: StockAuditSnapshotItem
[2026-07-06T15:56:16.171Z] 📦 Exporting table: StockMovement
[2026-07-06T15:56:16.212Z] 📦 Exporting table: SupplierPayment
[2026-07-06T15:56:16.251Z] 📦 Exporting table: SupplierPaymentReceipt
[2026-07-06T15:56:16.289Z] 📦 Exporting table: V2CustomerDeposit
[2026-07-06T15:56:16.328Z] 📦 Exporting table: V2StockAudit
[2026-07-06T15:56:16.366Z] 📦 Exporting table: V2StockAuditItem
[2026-07-06T15:56:16.404Z] 📦 Exporting table: WarrantyClaim
[2026-07-06T15:56:19.154Z] 
🎉 P1 Hardened Backup v6 Type-aware + generic self-reference FK safe restore completed successfully.
[2026-07-06T15:56:19.155Z] 💾 Backup file: D:\alpha-tech\server\backups\alphatech_hardened_backup_v6_2026-07-06_2026-07-06T15-56-13-306Z.sql
[2026-07-06T15:56:19.155Z] 🧾 Manifest file: D:\alpha-tech\server\backups\alphatech_hardened_backup_v6_2026-07-06_2026-07-06T15-56-13-306Z.manifest.json
[2026-07-06T15:56:19.155Z] 📊 Tables exported: 70
[2026-07-06T15:56:19.155Z] 📦 Rows exported: 15087
[2026-07-06T15:56:19.155Z] 🔢 Sequences prepared: 67
[2026-07-06T15:56:19.156Z] 🔐 SHA256: b5a39a6339bfd599acca31ad83fe44a03af659274b7f6de762f23a1b7fd25cd9
[2026-07-06T15:56:19.156Z] 📐 File size: 4.40 MB
[2026-07-06T15:56:19.156Z] ⏱️ Duration: 6.72 seconds
[2026-07-06T15:56:19.156Z] ✅ Verification: PASS (70 tables checked)
