[2026-07-06T15:00:57.246Z] ============================================================
[2026-07-06T15:00:57.251Z] 🩺 AlphaTech Recovery Health Check ALPHATECH-RECOVERY-HEALTH-CHECK-V1
[2026-07-06T15:00:57.251Z] ============================================================
[2026-07-06T15:00:58.040Z] 🧾 JSON report: D:\alpha-tech\server\recovery\reports\health-check-2026-07-06T15-00-58-030Z.json
[2026-07-06T15:00:58.040Z] 🧾 TXT report: D:\alpha-tech\server\recovery\reports\health-check-2026-07-06T15-00-58-030Z.txt
[2026-07-06T15:00:58.041Z] ✅ Overall: PASS
[2026-07-06T15:17:22.924Z] ============================================================
[2026-07-06T15:17:22.927Z] 🩺 AlphaTech Recovery Health Check ALPHATECH-RECOVERY-HEALTH-CHECK-V1
[2026-07-06T15:17:22.935Z] ============================================================
[2026-07-06T15:17:23.736Z] 🧾 JSON report: D:\alpha-tech\server\recovery\reports\health-check-2026-07-06T15-17-23-734Z.json
[2026-07-06T15:17:23.736Z] 🧾 TXT report: D:\alpha-tech\server\recovery\reports\health-check-2026-07-06T15-17-23-734Z.txt
[2026-07-06T15:17:23.737Z] ✅ Overall: PASS
[2026-07-06T15:33:04.993Z] ============================================================
[2026-07-06T15:33:04.996Z] 🩺 AlphaTech Recovery Health Check ALPHATECH-RECOVERY-HEALTH-CHECK-V1
[2026-07-06T15:33:04.996Z] ============================================================
[2026-07-06T15:33:05.771Z] 🧾 JSON report: D:\alpha-tech\server\recovery\reports\health-check-2026-07-06T15-33-05-770Z.json
[2026-07-06T15:33:05.772Z] 🧾 TXT report: D:\alpha-tech\server\recovery\reports\health-check-2026-07-06T15-33-05-770Z.txt
[2026-07-06T15:33:05.772Z] ✅ Overall: PASS
[2026-07-06T15:56:08.813Z] ============================================================
[2026-07-06T15:56:08.817Z] 🩺 AlphaTech Recovery Health Check ALPHATECH-RECOVERY-HEALTH-CHECK-V1
[2026-07-06T15:56:08.817Z] ============================================================
[2026-07-06T15:56:09.593Z] 🧾 JSON report: D:\alpha-tech\server\recovery\reports\health-check-2026-07-06T15-56-09-584Z.json
[2026-07-06T15:56:09.594Z] 🧾 TXT report: D:\alpha-tech\server\recovery\reports\health-check-2026-07-06T15-56-09-584Z.txt
[2026-07-06T15:56:09.594Z] ✅ Overall: PASS
