[2026-07-19T15:34:28.402Z] ============================================================
[2026-07-19T15:34:28.419Z] 🧭 AlphaTech Recovery Retention Workflow ALPHATECH-RECOVERY-JOB-RUNNER-V7-R2-RETENTION
[2026-07-19T15:34:28.419Z] ============================================================
[2026-07-19T15:34:28.420Z] Mode: backup-workflow
[2026-07-19T15:34:28.421Z] ▶️  Run: node recovery/health/healthCheck.js
[2026-07-19T15:34:28.842Z] node: [2026-07-19T15:34:28.838Z] ============================================================
[2026-07-19T15:34:28.848Z] node: [2026-07-19T15:34:28.848Z] 🩺 AlphaTech Recovery Health Check ALPHATECH-RECOVERY-HEALTH-CHECK-V1
[2026-07-19T15:34:28.848Z] node: [2026-07-19T15:34:28.848Z] ============================================================
[2026-07-19T15:34:29.824Z] node: [2026-07-19T15:34:29.824Z] 🧾 JSON report: D:\alpha-tech\server\recovery\reports\health-check-2026-07-19T15-34-29-814Z.json
[2026-07-19T15:34:29.825Z] node: [2026-07-19T15:34:29.825Z] 🧾 TXT report: D:\alpha-tech\server\recovery\reports\health-check-2026-07-19T15-34-29-814Z.txt
[2026-07-19T15:34:29.826Z] node: [2026-07-19T15:34:29.825Z] ✅ Overall: PASS
[2026-07-19T15:34:29.841Z] ▶️  Run: node qb.js
[2026-07-19T15:34:31.560Z] node: 🔌 Connected to PostgreSQL successfully.
[2026-07-19T15:34:31.570Z] node: ⏳ Starting P1 Hardened Backup v6 Type-aware + generic self-reference FK safe restore...
[2026-07-19T15:34:36.802Z] node: 📦 Exporting table: Bank
[2026-07-19T15:34:36.841Z] node: 📦 Exporting table: Brand
[2026-07-19T15:34:36.899Z] node: 📦 Exporting table: Category
[2026-07-19T15:34:37.015Z] node: 📦 Exporting table: GlobalProductType
[2026-07-19T15:34:37.028Z] node: 📦 Exporting table: Position
[2026-07-19T15:34:37.035Z] node: 📦 Exporting table: Province
[2026-07-19T15:34:37.068Z] node: 📦 Exporting table: District
[2026-07-19T15:34:37.395Z] node: 📦 Exporting table: Subdistrict
[2026-07-19T15:34:37.521Z] node: 📦 Exporting table: Branch
[2026-07-19T15:34:37.565Z] node: 📦 Exporting table: BarcodeCounter
[2026-07-19T15:34:37.603Z] node: 📦 Exporting table: PaymentCodeCounter
[2026-07-19T15:34:37.685Z] node: 📦 Exporting table: ProductType
[2026-07-19T15:34:37.907Z] node: 📦 Exporting table: ProductTypeBrand
[2026-07-19T15:34:38.226Z] node: 📦 Exporting table: Supplier
[2026-07-19T15:34:38.226Z] node: 📦 Exporting table: Unit
[2026-07-19T15:34:38.227Z] node: 📦 Exporting table: Product
[2026-07-19T15:34:39.179Z] node: 📦 Exporting table: BranchPrice
[2026-07-19T15:34:39.338Z] node: 📦 Exporting table: ProductImage
[2026-07-19T15:34:39.376Z] node: 📦 Exporting table: StockBalance
[2026-07-19T15:34:39.438Z] node: 📦 Exporting table: User
[2026-07-19T15:34:39.483Z] node: 📦 Exporting table: CustomerProfile
[2026-07-19T15:34:39.555Z] node: 📦 Exporting table: Cart
[2026-07-19T15:34:39.594Z] node: 📦 Exporting table: CartItem
[2026-07-19T15:34:39.668Z] node: 📦 Exporting table: EmployeeProfile
[2026-07-19T15:34:39.696Z] node: 📦 Exporting table: CombinedBillingDocument
[2026-07-19T15:34:39.742Z] node: 📦 Exporting table: CombinedSaleDocument
[2026-07-19T15:34:39.775Z] node: 📦 Exporting table: CustomerDeposit
[2026-07-19T15:34:39.840Z] node: 📦 Exporting table: CustomerReceipts
[2026-07-19T15:34:39.866Z] node: 📦 Exporting table: InputTaxFilingBatch
[2026-07-19T15:34:39.903Z] node: 📦 Exporting table: Order
[2026-07-19T15:34:39.939Z] node: 📦 Exporting table: OrderOnline
[2026-07-19T15:34:39.977Z] node: 📦 Exporting table: OrderOnlineItem
[2026-07-19T15:34:40.049Z] node: 📦 Exporting table: PasswordResetToken
[2026-07-19T15:34:40.088Z] node: 📦 Exporting table: ProductOnOrder
[2026-07-19T15:34:40.128Z] node: 📦 Exporting table: PurchaseOrder
[2026-07-19T15:34:40.165Z] node: 📦 Exporting table: PurchaseOrderItem
[2026-07-19T15:34:40.207Z] node: 📦 Exporting table: PurchaseOrderReceipt
[2026-07-19T15:34:40.299Z] node: 📦 Exporting table: InputTaxFilingItem
[2026-07-19T15:34:40.304Z] node: 📦 Exporting table: PurchaseOrderReceiptItem
[2026-07-19T15:34:40.344Z] node: 📦 Exporting table: RefreshToken
[2026-07-19T15:34:40.635Z] node: 📦 Exporting table: Sale
[2026-07-19T15:34:40.681Z] node: 📦 Exporting table: CustomerReceiptAllocations
[2026-07-19T15:34:40.717Z] node: 📦 Exporting table: Payment
[2026-07-19T15:34:40.755Z] node: 📦 Exporting table: DepositUsage
[2026-07-19T15:34:40.794Z] node: 📦 Exporting table: PaymentItem
[2026-07-19T15:34:40.831Z] node: 📦 Exporting table: SaleReturn
[2026-07-19T15:34:40.867Z] node: 📦 Exporting table: RefundTransaction
[2026-07-19T15:34:40.903Z] node: 📦 Exporting table: SalesTaxFilingBatch
[2026-07-19T15:34:40.940Z] node: 📦 Exporting table: SalesTaxFilingItem
[2026-07-19T15:34:40.978Z] node: 📦 Exporting table: ServiceOrder
[2026-07-19T15:34:41.015Z] node: 📦 Exporting table: ServiceItem
[2026-07-19T15:34:41.054Z] node: 📦 Exporting table: SimpleLot
[2026-07-19T15:34:41.121Z] node: 📦 Exporting table: SaleItemSimple
[2026-07-19T15:34:41.225Z] node: 📦 Exporting table: SaleReturnItemSimple
[2026-07-19T15:34:41.225Z] node: 📦 Exporting table: StockAuditSession
[2026-07-19T15:34:41.253Z] node: 📦 Exporting table: StockItem
[2026-07-19T15:34:41.842Z] node: 📦 Exporting table: BarcodeReceiptItem
[2026-07-19T15:34:41.910Z] node: 📦 Exporting table: RepairJob
[2026-07-19T15:34:41.952Z] node: 📦 Exporting table: RepairPartItem
[2026-07-19T15:34:41.988Z] node: 📦 Exporting table: SaleItem
[2026-07-19T15:34:42.076Z] node: 📦 Exporting table: SaleReturnItem
[2026-07-19T15:34:42.139Z] node: 📦 Exporting table: StockAuditScanLog
[2026-07-19T15:34:42.175Z] node: 📦 Exporting table: StockAuditSnapshotItem
[2026-07-19T15:34:42.323Z] node: 📦 Exporting table: StockMovement
[2026-07-19T15:34:43.906Z] node: 📦 Exporting table: SupplierPayment
[2026-07-19T15:34:43.907Z] node: 📦 Exporting table: SupplierPaymentReceipt
[2026-07-19T15:34:43.908Z] node: 📦 Exporting table: V2CustomerDeposit
[2026-07-19T15:34:43.908Z] node: 📦 Exporting table: V2StockAudit
[2026-07-19T15:34:43.908Z] node: 📦 Exporting table: V2StockAuditItem
[2026-07-19T15:34:43.909Z] node: 📦 Exporting table: WarrantyClaim
[2026-07-19T15:34:46.588Z] node: 🎉 P1 Hardened Backup v6 Type-aware + generic self-reference FK safe restore completed successfully.
[2026-07-19T15:34:46.589Z] node: 💾 Backup file: D:\alpha-tech\server\backups\alphatech_hardened_backup_v6_2026-07-19_2026-07-19T15-34-36-767Z.sql
[2026-07-19T15:34:46.590Z] node: 🧾 Manifest file: D:\alpha-tech\server\backups\alphatech_hardened_backup_v6_2026-07-19_2026-07-19T15-34-36-767Z.manifest.json
[2026-07-19T15:34:46.590Z] node: 📊 Tables exported: 70
[2026-07-19T15:34:46.590Z] node: 📦 Rows exported: 24983
[2026-07-19T15:34:46.591Z] node: 🔢 Sequences prepared: 67
[2026-07-19T15:34:46.591Z] node: 🔐 SHA256: 0c11bd3448d5ff2cfd2e06d8fadbe979d010362ff3ebe1a0ea411f5bece76d0d
[2026-07-19T15:34:46.591Z] node: 📐 File size: 8.74 MB
[2026-07-19T15:34:46.591Z] node: ⏱️ Duration: 13.77 seconds
[2026-07-19T15:34:46.592Z] node: ✅ Verification: PASS (70 tables checked)
[2026-07-19T15:34:46.651Z] ▶️  Run: node recovery/upload/uploadBackup.js --manifest D:\alpha-tech\server\backups\alphatech_hardened_backup_v6_2026-07-19_2026-07-19T15-34-36-767Z.manifest.json
[2026-07-19T15:34:46.747Z] node: [2026-07-19T15:34:46.742Z] ============================================================
[2026-07-19T15:34:46.749Z] node: [2026-07-19T15:34:46.749Z] AlphaTech Recovery Upload ALPHATECH-RECOVERY-UPLOAD-V2-S3-COMPATIBLE
[2026-07-19T15:34:46.750Z] node: [2026-07-19T15:34:46.749Z] ============================================================
[2026-07-19T15:34:47.383Z] node stderr: (node:19604) Warning: NodeVersionSupportWarning: The AWS SDK for JavaScript (v3)
[2026-07-19T15:34:47.383Z] node stderr: versions published after the first week of January 2027
[2026-07-19T15:34:47.384Z] node stderr: will require node >=22. You are running node v20.19.0.
[2026-07-19T15:34:47.384Z] node stderr: To continue receiving updates to AWS services, bug fixes,
[2026-07-19T15:34:47.398Z] node stderr: and security updates please upgrade to node >=22.
[2026-07-19T15:34:47.399Z] node stderr: More information can be found at: https://a.co/c895JFp
[2026-07-19T15:34:47.399Z] node stderr: (Use `node --trace-warnings ...` to show where the warning was created)
[2026-07-19T15:34:50.951Z] node: [2026-07-19T15:34:50.950Z] JSON report: D:\alpha-tech\server\recovery\reports\upload-report-2026-07-19T15-34-50-946Z.json
[2026-07-19T15:34:50.951Z] node: [2026-07-19T15:34:50.951Z] TXT report: D:\alpha-tech\server\recovery\reports\upload-report-2026-07-19T15-34-50-946Z.txt
[2026-07-19T15:34:50.952Z] node: [2026-07-19T15:34:50.951Z] Overall: PASS
[2026-07-19T15:34:52.261Z] ------------------------------------------------------------
[2026-07-19T15:34:52.301Z] Target      : cloudflare-r2
[2026-07-19T15:34:52.301Z] Bucket      : saduaksabuy-recovery
[2026-07-19T15:34:52.341Z] Prefix      : alphatech-production/
[2026-07-19T15:34:52.342Z] Retention   : 7 day(s)
[2026-07-19T15:34:52.342Z] Mode        : APPLY
[2026-07-19T15:34:52.343Z] Scanned     : 88
[2026-07-19T15:34:52.343Z] Candidates  : 0
[2026-07-19T15:34:52.343Z] Deleted     : 0
[2026-07-19T15:34:52.344Z] Remaining   : 88
[2026-07-19T15:34:52.344Z] Failed      : 0
[2026-07-19T15:34:52.346Z] ▶️  Run: node recovery/retention/retentionPolicy.js --apply
[2026-07-19T15:34:52.764Z] node: [2026-07-19T15:34:52.756Z] ============================================================
[2026-07-19T15:34:52.768Z] node: [2026-07-19T15:34:52.768Z] 🧹 AlphaTech Recovery Retention ALPHATECH-RECOVERY-RETENTION-V1
[2026-07-19T15:34:52.768Z] node: [2026-07-19T15:34:52.768Z] ============================================================
[2026-07-19T15:34:52.769Z] node: [2026-07-19T15:34:52.769Z] Mode: APPLY
[2026-07-19T15:34:52.777Z] node: [2026-07-19T15:34:52.777Z] ------------------------------------------------------------
[2026-07-19T15:34:52.778Z] node: [2026-07-19T15:34:52.777Z] Target      : local-backups
[2026-07-19T15:34:52.784Z] node: [2026-07-19T15:34:52.784Z] Directory   : D:\alpha-tech\server\backups
[2026-07-19T15:34:52.784Z] node: [2026-07-19T15:34:52.784Z] Retention   : 3 day(s)
[2026-07-19T15:34:52.785Z] node: [2026-07-19T15:34:52.785Z] Scanned     : 44
[2026-07-19T15:34:52.785Z] node: [2026-07-19T15:34:52.785Z] Candidates  : 2
[2026-07-19T15:34:52.786Z] node: [2026-07-19T15:34:52.786Z] Deleted     : 2
[2026-07-19T15:34:52.786Z] node: [2026-07-19T15:34:52.786Z] Remaining   : 42
[2026-07-19T15:34:52.787Z] node: [2026-07-19T15:34:52.787Z] Failed      : 0
[2026-07-19T15:34:52.788Z] node: [2026-07-19T15:34:52.788Z] ------------------------------------------------------------
[2026-07-19T15:34:52.788Z] node: [2026-07-19T15:34:52.788Z] Target      : offsite-local-mirror
[2026-07-19T15:34:52.789Z] node: [2026-07-19T15:34:52.789Z] Directory   : D:\alpha-tech\server\recovery\offsite
[2026-07-19T15:34:52.789Z] node: [2026-07-19T15:34:52.789Z] Retention   : 7 day(s)
[2026-07-19T15:34:52.790Z] node: [2026-07-19T15:34:52.790Z] Scanned     : 0
[2026-07-19T15:34:52.790Z] node: [2026-07-19T15:34:52.790Z] Candidates  : 0
[2026-07-19T15:34:52.791Z] node: [2026-07-19T15:34:52.790Z] Deleted     : 0
[2026-07-19T15:34:52.791Z] node: [2026-07-19T15:34:52.791Z] Remaining   : 0
[2026-07-19T15:34:52.791Z] node: [2026-07-19T15:34:52.791Z] Failed      : 0
[2026-07-19T15:34:52.794Z] node: [2026-07-19T15:34:52.794Z] 🧾 JSON report: D:\alpha-tech\server\recovery\reports\retention-report-2026-07-19T15-34-52-792Z.json
[2026-07-19T15:34:52.795Z] node: [2026-07-19T15:34:52.794Z] 🧾 TXT report: D:\alpha-tech\server\recovery\reports\retention-report-2026-07-19T15-34-52-792Z.txt
[2026-07-19T15:34:52.797Z] node: [2026-07-19T15:34:52.794Z] ✅ Overall: PASS
[2026-07-19T15:34:52.808Z] ▶️  Run: node qbrs.js --manifest D:\alpha-tech\server\backups\alphatech_hardened_backup_v6_2026-07-19_2026-07-19T15-34-36-767Z.manifest.json --init --yes --reset-schema
[2026-07-19T15:34:53.143Z] node: [2026-07-19T15:34:53.141Z] ============================================================
[2026-07-19T15:34:53.148Z] node: [2026-07-19T15:34:53.147Z] 🚑 AlphaTech Restore Tool P1-HARDENED-RESTORE-V3-NODE-PG
[2026-07-19T15:34:53.148Z] node: [2026-07-19T15:34:53.148Z] ============================================================
[2026-07-19T15:34:53.191Z] node: [2026-07-19T15:34:53.191Z] ✅ Manifest loaded.
[2026-07-19T15:34:53.191Z] node: [2026-07-19T15:34:53.191Z] ✅ SQL file: D:\alpha-tech\server\backups\alphatech_hardened_backup_v6_2026-07-19_2026-07-19T15-34-36-767Z.sql
[2026-07-19T15:34:53.192Z] node: [2026-07-19T15:34:53.192Z] ✅ SHA256 verified: 0c11bd3448d5ff2cfd2e06d8fadbe979d010362ff3ebe1a0ea411f5bece76d0d
[2026-07-19T15:34:53.193Z] node: [2026-07-19T15:34:53.193Z] 🎯 Target DB: postgresql://postgres:***@db.engqdeyzbvnmxbnpemau.supabase.co:5432/postgres
[2026-07-19T15:34:53.194Z] node: [2026-07-19T15:34:53.194Z] 🎯 Host: db.engqdeyzbvnmxbnpemau.supabase.co
[2026-07-19T15:34:53.195Z] node: [2026-07-19T15:34:53.194Z] 🎯 Port: 5432
[2026-07-19T15:34:53.197Z] node: [2026-07-19T15:34:53.196Z] 🎯 Database: postgres
[2026-07-19T15:34:53.198Z] node: [2026-07-19T15:34:53.198Z] 🎯 Schema: public
[2026-07-19T15:34:53.644Z] node: [2026-07-19T15:34:53.605Z] 🔌 Connected to target PostgreSQL successfully.
[2026-07-19T15:34:57.615Z] node: [2026-07-19T15:34:57.591Z] 📊 Existing tables: 70
[2026-07-19T15:34:57.774Z] node: [2026-07-19T15:34:57.592Z] 📦 Existing rows: 24983
[2026-07-19T15:34:57.776Z] node: [2026-07-19T15:34:57.592Z] 🔎 Product: 1910
[2026-07-19T15:34:57.776Z] node: [2026-07-19T15:34:57.592Z] 🔎 BranchPrice: 1908
[2026-07-19T15:34:57.776Z] node: [2026-07-19T15:34:57.592Z] 🔎 StockItem: 3101
[2026-07-19T15:34:57.777Z] node: [2026-07-19T15:34:57.592Z] 🔎 Sale: 35
[2026-07-19T15:34:57.777Z] node: [2026-07-19T15:34:57.593Z] 🔎 SaleItem: 107
[2026-07-19T15:34:57.777Z] node: [2026-07-19T15:34:57.593Z] 🔎 SaleItemSimple: 0
[2026-07-19T15:34:57.777Z] node: [2026-07-19T15:34:57.593Z] 🔎 Payment: 21
[2026-07-19T15:34:57.778Z] node: [2026-07-19T15:34:57.593Z] 🔎 PaymentItem: 21
[2026-07-19T15:34:58.169Z] node: [2026-07-19T15:34:58.167Z] 🧨 Resetting target schema "public" before restore...
[2026-07-19T15:34:58.176Z] node: [2026-07-19T15:34:58.167Z] 🛡️ This action is intended for Recovery / Standby DB only.
[2026-07-19T15:34:58.690Z] node: [2026-07-19T15:34:58.689Z] ✅ Schema "public" reset completed.
[2026-07-19T15:34:58.728Z] node: [2026-07-19T15:34:58.728Z] 🧱 Running Prisma db push against Recovery DB only...
[2026-07-19T15:34:58.729Z] node: [2026-07-19T15:34:58.729Z] 🛡️ DATABASE_URL is injected from RESTORE_DATABASE_URL/RECOVERY_DATABASE_URL for this process only.
[2026-07-19T15:35:12.018Z] node: [2026-07-19T15:35:12.018Z] npx stderr: Environment variables loaded from .env
[2026-07-19T15:35:12.021Z] node: [2026-07-19T15:35:12.021Z] npx: Prisma schema loaded from prisma\schema.prisma
[2026-07-19T15:35:12.033Z] node: [2026-07-19T15:35:12.033Z] npx: Datasource "db": PostgreSQL database "postgres", schema "public" at "db.engqdeyzbvnmxbnpemau.supabase.co:5432"
[2026-07-19T15:35:33.720Z] node: [2026-07-19T15:35:33.720Z] npx: Your database is now in sync with your Prisma schema. Done in 21.06s
[2026-07-19T15:35:33.722Z] node: [2026-07-19T15:35:33.722Z] npx: Running generate... (Use --skip-generate to skip the generators)
[2026-07-19T15:35:46.324Z] node: [2026-07-19T15:35:46.324Z] npx: [2K[1A[2K[GRunning generate... - Prisma Client
[2026-07-19T15:36:03.900Z] node: [2026-07-19T15:36:03.897Z] npx: [2K[1A[2K[G✔ Generated Prisma Client (v6.16.2) to .\node_modules\.prisma\client in 17.55s
[2026-07-19T15:36:04.256Z] node: [2026-07-19T15:36:04.256Z] ✅ Prisma db push completed for Recovery DB.
[2026-07-19T15:36:13.547Z] node: [2026-07-19T15:36:13.537Z] 📊 Existing tables: 70
[2026-07-19T15:36:15.970Z] node: [2026-07-19T15:36:13.537Z] 📦 Existing rows: 0
[2026-07-19T15:36:15.985Z] node: [2026-07-19T15:36:13.537Z] 🔎 Product: 0
[2026-07-19T15:36:15.986Z] node: [2026-07-19T15:36:13.538Z] 🔎 BranchPrice: 0
[2026-07-19T15:36:15.986Z] node: [2026-07-19T15:36:13.545Z] 🔎 StockItem: 0
[2026-07-19T15:36:15.988Z] node: [2026-07-19T15:36:13.546Z] 🔎 Sale: 0
[2026-07-19T15:36:16.003Z] node: [2026-07-19T15:36:13.547Z] 🔎 SaleItem: 0
[2026-07-19T15:36:16.004Z] node: [2026-07-19T15:36:13.547Z] 🔎 SaleItemSimple: 0
[2026-07-19T15:36:16.005Z] node: [2026-07-19T15:36:13.547Z] 🔎 Payment: 0
[2026-07-19T15:36:16.005Z] node: [2026-07-19T15:36:13.548Z] 🔎 PaymentItem: 0
[2026-07-19T15:36:24.329Z] node: [2026-07-19T15:36:24.329Z] 📖 SQL loaded into memory (8.74 MB).
[2026-07-19T15:36:24.332Z] node: [2026-07-19T15:36:24.330Z] 🚚 Starting SQL restore via Node.js pg client...
[2026-07-19T15:36:28.871Z] node: [2026-07-19T15:36:28.868Z] ✅ SQL restore completed via Node.js pg client.
[2026-07-19T15:36:34.202Z] node: [2026-07-19T15:36:34.181Z] ✅ Restore verification PASS (70 tables checked).
[2026-07-19T15:36:34.664Z] node: [2026-07-19T15:36:34.181Z] 🎉 Restore completed successfully in 101.04 seconds.
[2026-07-19T15:36:34.850Z] ▶️  Run: node recovery/verify/qbv.js
[2026-07-19T15:36:36.238Z] node: [2026-07-19T15:36:36.235Z] ============================================================
[2026-07-19T15:36:36.248Z] node: [2026-07-19T15:36:36.248Z] 🔎 AlphaTech Integrity Verification ALPHATECH-RECOVERY-VERIFY-V1
[2026-07-19T15:36:36.249Z] node: [2026-07-19T15:36:36.248Z] ============================================================
[2026-07-19T15:36:36.249Z] node: [2026-07-19T15:36:36.249Z] Collecting Production snapshot...
[2026-07-19T15:36:51.628Z] node: [2026-07-19T15:36:51.589Z] Collecting Recovery snapshot...
[2026-07-19T15:37:08.461Z] node: [2026-07-19T15:37:08.452Z] Comparing snapshots...
[2026-07-19T15:37:08.480Z] node: [2026-07-19T15:37:08.470Z] 🧾 JSON report: D:\alpha-tech\server\recovery\reports\verification-report_2026-07-19T15-37-08-454Z.json
[2026-07-19T15:37:08.482Z] node: [2026-07-19T15:37:08.470Z] 🧾 TXT report: D:\alpha-tech\server\recovery\reports\verification-report_2026-07-19T15-37-08-454Z.txt
[2026-07-19T15:37:08.482Z] node: [2026-07-19T15:37:08.470Z] ✅ Overall: PASS
[2026-07-19T15:37:08.500Z] 🧾 Job manifest: D:\alpha-tech\server\recovery\jobs\job-2026-07-19T15-34-28-367Z.json
[2026-07-19T15:37:08.500Z] ✅ Job result: PASS exitCode=0
