[2026-07-16T19:39:48.643Z] ============================================================
[2026-07-16T19:39:48.650Z] 🧭 AlphaTech Recovery Retention Workflow ALPHATECH-RECOVERY-JOB-RUNNER-V7-R2-RETENTION
[2026-07-16T19:39:48.650Z] ============================================================
[2026-07-16T19:39:48.651Z] Mode: backup-workflow
[2026-07-16T19:39:48.651Z] ▶️  Run: node recovery/health/healthCheck.js
[2026-07-16T19:39:48.823Z] node: [2026-07-16T19:39:48.820Z] ============================================================
[2026-07-16T19:39:48.824Z] node: [2026-07-16T19:39:48.824Z] 🩺 AlphaTech Recovery Health Check ALPHATECH-RECOVERY-HEALTH-CHECK-V1
[2026-07-16T19:39:48.825Z] node: [2026-07-16T19:39:48.824Z] ============================================================
[2026-07-16T19:39:49.840Z] node: [2026-07-16T19:39:49.839Z] 🧾 JSON report: D:\alpha-tech\server\recovery\reports\health-check-2026-07-16T19-39-49-837Z.json
[2026-07-16T19:39:49.841Z] node: [2026-07-16T19:39:49.840Z] 🧾 TXT report: D:\alpha-tech\server\recovery\reports\health-check-2026-07-16T19-39-49-837Z.txt
[2026-07-16T19:39:49.841Z] node: [2026-07-16T19:39:49.840Z] ✅ Overall: PASS
[2026-07-16T19:39:49.853Z] ▶️  Run: node qb.js
[2026-07-16T19:39:50.287Z] node: 🔌 Connected to PostgreSQL successfully.
[2026-07-16T19:39:50.290Z] node: ⏳ Starting P1 Hardened Backup v6 Type-aware + generic self-reference FK safe restore...
[2026-07-16T19:39:53.923Z] node: 📦 Exporting table: Bank
[2026-07-16T19:39:53.961Z] node: 📦 Exporting table: Brand
[2026-07-16T19:39:54.004Z] node: 📦 Exporting table: Category
[2026-07-16T19:39:54.040Z] node: 📦 Exporting table: GlobalProductType
[2026-07-16T19:39:54.077Z] node: 📦 Exporting table: Position
[2026-07-16T19:39:54.113Z] node: 📦 Exporting table: Province
[2026-07-16T19:39:54.150Z] node: 📦 Exporting table: District
[2026-07-16T19:39:54.203Z] node: 📦 Exporting table: Subdistrict
[2026-07-16T19:39:54.396Z] node: 📦 Exporting table: Branch
[2026-07-16T19:39:54.435Z] node: 📦 Exporting table: BarcodeCounter
[2026-07-16T19:39:54.648Z] node: 📦 Exporting table: PaymentCodeCounter
[2026-07-16T19:39:54.649Z] node: 📦 Exporting table: ProductType
[2026-07-16T19:39:54.649Z] node: 📦 Exporting table: ProductTypeBrand
[2026-07-16T19:39:54.649Z] node: 📦 Exporting table: Supplier
[2026-07-16T19:39:54.650Z] node: 📦 Exporting table: Unit
[2026-07-16T19:39:54.662Z] node: 📦 Exporting table: Product
[2026-07-16T19:39:54.796Z] node: 📦 Exporting table: BranchPrice
[2026-07-16T19:39:54.882Z] node: 📦 Exporting table: ProductImage
[2026-07-16T19:39:54.917Z] node: 📦 Exporting table: StockBalance
[2026-07-16T19:39:54.978Z] node: 📦 Exporting table: User
[2026-07-16T19:39:55.019Z] node: 📦 Exporting table: CustomerProfile
[2026-07-16T19:39:55.062Z] node: 📦 Exporting table: Cart
[2026-07-16T19:39:55.098Z] node: 📦 Exporting table: CartItem
[2026-07-16T19:39:55.133Z] node: 📦 Exporting table: EmployeeProfile
[2026-07-16T19:39:55.169Z] node: 📦 Exporting table: CombinedBillingDocument
[2026-07-16T19:39:55.205Z] node: 📦 Exporting table: CombinedSaleDocument
[2026-07-16T19:39:55.241Z] node: 📦 Exporting table: CustomerDeposit
[2026-07-16T19:39:55.276Z] node: 📦 Exporting table: CustomerReceipts
[2026-07-16T19:39:55.312Z] node: 📦 Exporting table: InputTaxFilingBatch
[2026-07-16T19:39:55.347Z] node: 📦 Exporting table: Order
[2026-07-16T19:39:55.384Z] node: 📦 Exporting table: OrderOnline
[2026-07-16T19:39:55.419Z] node: 📦 Exporting table: OrderOnlineItem
[2026-07-16T19:39:55.455Z] node: 📦 Exporting table: PasswordResetToken
[2026-07-16T19:39:55.491Z] node: 📦 Exporting table: ProductOnOrder
[2026-07-16T19:39:55.527Z] node: 📦 Exporting table: PurchaseOrder
[2026-07-16T19:39:55.563Z] node: 📦 Exporting table: PurchaseOrderItem
[2026-07-16T19:39:55.602Z] node: 📦 Exporting table: PurchaseOrderReceipt
[2026-07-16T19:39:55.639Z] node: 📦 Exporting table: InputTaxFilingItem
[2026-07-16T19:39:55.675Z] node: 📦 Exporting table: PurchaseOrderReceiptItem
[2026-07-16T19:39:55.712Z] node: 📦 Exporting table: RefreshToken
[2026-07-16T19:39:55.908Z] node: 📦 Exporting table: Sale
[2026-07-16T19:39:55.945Z] node: 📦 Exporting table: CustomerReceiptAllocations
[2026-07-16T19:39:55.981Z] node: 📦 Exporting table: Payment
[2026-07-16T19:39:56.017Z] node: 📦 Exporting table: DepositUsage
[2026-07-16T19:39:56.053Z] node: 📦 Exporting table: PaymentItem
[2026-07-16T19:39:56.089Z] node: 📦 Exporting table: SaleReturn
[2026-07-16T19:39:56.124Z] node: 📦 Exporting table: RefundTransaction
[2026-07-16T19:39:56.160Z] node: 📦 Exporting table: SalesTaxFilingBatch
[2026-07-16T19:39:56.196Z] node: 📦 Exporting table: SalesTaxFilingItem
[2026-07-16T19:39:56.231Z] node: 📦 Exporting table: ServiceOrder
[2026-07-16T19:39:56.267Z] node: 📦 Exporting table: ServiceItem
[2026-07-16T19:39:56.302Z] node: 📦 Exporting table: SimpleLot
[2026-07-16T19:39:56.338Z] node: 📦 Exporting table: SaleItemSimple
[2026-07-16T19:39:56.373Z] node: 📦 Exporting table: SaleReturnItemSimple
[2026-07-16T19:39:56.409Z] node: 📦 Exporting table: StockAuditSession
[2026-07-16T19:39:56.445Z] node: 📦 Exporting table: StockItem
[2026-07-16T19:39:56.611Z] node: 📦 Exporting table: BarcodeReceiptItem
[2026-07-16T19:39:56.660Z] node: 📦 Exporting table: RepairJob
[2026-07-16T19:39:56.696Z] node: 📦 Exporting table: RepairPartItem
[2026-07-16T19:39:56.731Z] node: 📦 Exporting table: SaleItem
[2026-07-16T19:39:56.769Z] node: 📦 Exporting table: SaleReturnItem
[2026-07-16T19:39:56.805Z] node: 📦 Exporting table: StockAuditScanLog
[2026-07-16T19:39:56.840Z] node: 📦 Exporting table: StockAuditSnapshotItem
[2026-07-16T19:39:56.894Z] node: 📦 Exporting table: StockMovement
[2026-07-16T19:39:56.949Z] node: 📦 Exporting table: SupplierPayment
[2026-07-16T19:39:56.986Z] node: 📦 Exporting table: SupplierPaymentReceipt
[2026-07-16T19:39:57.022Z] node: 📦 Exporting table: V2CustomerDeposit
[2026-07-16T19:39:57.058Z] node: 📦 Exporting table: V2StockAudit
[2026-07-16T19:39:57.093Z] node: 📦 Exporting table: V2StockAuditItem
[2026-07-16T19:39:57.128Z] node: 📦 Exporting table: WarrantyClaim
[2026-07-16T19:39:59.727Z] node: 🎉 P1 Hardened Backup v6 Type-aware + generic self-reference FK safe restore completed successfully.
[2026-07-16T19:39:59.728Z] node: 💾 Backup file: D:\alpha-tech\server\backups\alphatech_hardened_backup_v6_2026-07-16_2026-07-16T19-39-53-804Z.sql
[2026-07-16T19:39:59.728Z] node: 🧾 Manifest file: D:\alpha-tech\server\backups\alphatech_hardened_backup_v6_2026-07-16_2026-07-16T19-39-53-804Z.manifest.json
[2026-07-16T19:39:59.729Z] node: 📊 Tables exported: 70
[2026-07-16T19:39:59.729Z] node: 📦 Rows exported: 24207
[2026-07-16T19:39:59.729Z] node: 🔢 Sequences prepared: 67
[2026-07-16T19:39:59.730Z] node: 🔐 SHA256: 159ac3218016f03fdd9407cd00a00922ba5cf411977ac297d11e38451a7d206d
[2026-07-16T19:39:59.730Z] node: 📐 File size: 8.39 MB
[2026-07-16T19:39:59.730Z] node: ⏱️ Duration: 7.22 seconds
[2026-07-16T19:39:59.731Z] node: ✅ Verification: PASS (70 tables checked)
[2026-07-16T19:39:59.790Z] ▶️  Run: node recovery/upload/uploadBackup.js --manifest D:\alpha-tech\server\backups\alphatech_hardened_backup_v6_2026-07-16_2026-07-16T19-39-53-804Z.manifest.json
[2026-07-16T19:39:59.870Z] node: [2026-07-16T19:39:59.864Z] ============================================================
[2026-07-16T19:39:59.871Z] node: [2026-07-16T19:39:59.870Z] AlphaTech Recovery Upload ALPHATECH-RECOVERY-UPLOAD-V2-S3-COMPATIBLE
[2026-07-16T19:39:59.872Z] node: [2026-07-16T19:39:59.871Z] ============================================================
[2026-07-16T19:40:00.127Z] node stderr: (node:11560) Warning: NodeVersionSupportWarning: The AWS SDK for JavaScript (v3)
[2026-07-16T19:40:00.127Z] node stderr: versions published after the first week of January 2027
[2026-07-16T19:40:00.128Z] node stderr: will require node >=22. You are running node v20.19.0.
[2026-07-16T19:40:00.131Z] node stderr: To continue receiving updates to AWS services, bug fixes,
[2026-07-16T19:40:00.131Z] node stderr: and security updates please upgrade to node >=22.
[2026-07-16T19:40:00.132Z] node stderr: More information can be found at: https://a.co/c895JFp
[2026-07-16T19:40:00.132Z] node stderr: (Use `node --trace-warnings ...` to show where the warning was created)
[2026-07-16T19:40:01.859Z] node: [2026-07-16T19:40:01.858Z] JSON report: D:\alpha-tech\server\recovery\reports\upload-report-2026-07-16T19-40-01-856Z.json
[2026-07-16T19:40:01.860Z] node: [2026-07-16T19:40:01.859Z] TXT report: D:\alpha-tech\server\recovery\reports\upload-report-2026-07-16T19-40-01-856Z.txt
[2026-07-16T19:40:01.861Z] node: [2026-07-16T19:40:01.859Z] Overall: PASS
[2026-07-16T19:40:03.091Z] ------------------------------------------------------------
[2026-07-16T19:40:03.092Z] Target      : cloudflare-r2
[2026-07-16T19:40:03.093Z] Bucket      : saduaksabuy-recovery
[2026-07-16T19:40:03.093Z] Prefix      : alphatech-production/
[2026-07-16T19:40:03.093Z] Retention   : 7 day(s)
[2026-07-16T19:40:03.094Z] Mode        : APPLY
[2026-07-16T19:40:03.094Z] Scanned     : 90
[2026-07-16T19:40:03.094Z] Candidates  : 0
[2026-07-16T19:40:03.095Z] Deleted     : 0
[2026-07-16T19:40:03.095Z] Remaining   : 90
[2026-07-16T19:40:03.095Z] Failed      : 0
[2026-07-16T19:40:03.096Z] ▶️  Run: node recovery/retention/retentionPolicy.js --apply
[2026-07-16T19:40:03.182Z] node: [2026-07-16T19:40:03.176Z] ============================================================
[2026-07-16T19:40:03.184Z] node: [2026-07-16T19:40:03.183Z] 🧹 AlphaTech Recovery Retention ALPHATECH-RECOVERY-RETENTION-V1
[2026-07-16T19:40:03.226Z] node: [2026-07-16T19:40:03.184Z] ============================================================
[2026-07-16T19:40:03.226Z] node: [2026-07-16T19:40:03.184Z] Mode: APPLY
[2026-07-16T19:40:03.227Z] node: [2026-07-16T19:40:03.191Z] ------------------------------------------------------------
[2026-07-16T19:40:03.227Z] node: [2026-07-16T19:40:03.191Z] Target      : local-backups
[2026-07-16T19:40:03.227Z] node: [2026-07-16T19:40:03.191Z] Directory   : D:\alpha-tech\server\backups
[2026-07-16T19:40:03.228Z] node: [2026-07-16T19:40:03.192Z] Retention   : 3 day(s)
[2026-07-16T19:40:03.228Z] node: [2026-07-16T19:40:03.193Z] Scanned     : 42
[2026-07-16T19:40:03.228Z] node: [2026-07-16T19:40:03.193Z] Candidates  : 2
[2026-07-16T19:40:03.228Z] node: [2026-07-16T19:40:03.194Z] Deleted     : 2
[2026-07-16T19:40:03.229Z] node: [2026-07-16T19:40:03.194Z] Remaining   : 40
[2026-07-16T19:40:03.229Z] node: [2026-07-16T19:40:03.194Z] Failed      : 0
[2026-07-16T19:40:03.229Z] node: [2026-07-16T19:40:03.195Z] ------------------------------------------------------------
[2026-07-16T19:40:03.229Z] node: [2026-07-16T19:40:03.195Z] Target      : offsite-local-mirror
[2026-07-16T19:40:03.230Z] node: [2026-07-16T19:40:03.195Z] Directory   : D:\alpha-tech\server\recovery\offsite
[2026-07-16T19:40:03.230Z] node: [2026-07-16T19:40:03.195Z] Retention   : 7 day(s)
[2026-07-16T19:40:03.230Z] node: [2026-07-16T19:40:03.195Z] Scanned     : 0
[2026-07-16T19:40:03.230Z] node: [2026-07-16T19:40:03.196Z] Candidates  : 0
[2026-07-16T19:40:03.231Z] node: [2026-07-16T19:40:03.196Z] Deleted     : 0
[2026-07-16T19:40:03.231Z] node: [2026-07-16T19:40:03.196Z] Remaining   : 0
[2026-07-16T19:40:03.231Z] node: [2026-07-16T19:40:03.196Z] Failed      : 0
[2026-07-16T19:40:03.231Z] node: [2026-07-16T19:40:03.199Z] 🧾 JSON report: D:\alpha-tech\server\recovery\reports\retention-report-2026-07-16T19-40-03-196Z.json
[2026-07-16T19:40:03.232Z] node: [2026-07-16T19:40:03.199Z] 🧾 TXT report: D:\alpha-tech\server\recovery\reports\retention-report-2026-07-16T19-40-03-196Z.txt
[2026-07-16T19:40:03.232Z] node: [2026-07-16T19:40:03.199Z] ✅ Overall: PASS
[2026-07-16T19:40:03.233Z] ▶️  Run: node qbrs.js --manifest D:\alpha-tech\server\backups\alphatech_hardened_backup_v6_2026-07-16_2026-07-16T19-39-53-804Z.manifest.json --init --yes --reset-schema
[2026-07-16T19:40:03.381Z] node: [2026-07-16T19:40:03.378Z] ============================================================
[2026-07-16T19:40:03.383Z] node: [2026-07-16T19:40:03.382Z] 🚑 AlphaTech Restore Tool P1-HARDENED-RESTORE-V3-NODE-PG
[2026-07-16T19:40:03.383Z] node: [2026-07-16T19:40:03.382Z] ============================================================
[2026-07-16T19:40:03.419Z] node: [2026-07-16T19:40:03.418Z] ✅ Manifest loaded.
[2026-07-16T19:40:03.419Z] node: [2026-07-16T19:40:03.419Z] ✅ SQL file: D:\alpha-tech\server\backups\alphatech_hardened_backup_v6_2026-07-16_2026-07-16T19-39-53-804Z.sql
[2026-07-16T19:40:03.421Z] node: [2026-07-16T19:40:03.419Z] ✅ SHA256 verified: 159ac3218016f03fdd9407cd00a00922ba5cf411977ac297d11e38451a7d206d
[2026-07-16T19:40:03.421Z] node: [2026-07-16T19:40:03.420Z] 🎯 Target DB: postgresql://postgres:***@db.engqdeyzbvnmxbnpemau.supabase.co:5432/postgres
[2026-07-16T19:40:03.421Z] node: [2026-07-16T19:40:03.420Z] 🎯 Host: db.engqdeyzbvnmxbnpemau.supabase.co
[2026-07-16T19:40:03.421Z] node: [2026-07-16T19:40:03.420Z] 🎯 Port: 5432
[2026-07-16T19:40:03.422Z] node: [2026-07-16T19:40:03.421Z] 🎯 Database: postgres
[2026-07-16T19:40:03.422Z] node: [2026-07-16T19:40:03.421Z] 🎯 Schema: public
[2026-07-16T19:40:03.782Z] node: [2026-07-16T19:40:03.782Z] 🔌 Connected to target PostgreSQL successfully.
[2026-07-16T19:40:07.128Z] node: [2026-07-16T19:40:07.127Z] 📊 Existing tables: 70
[2026-07-16T19:40:07.129Z] node: [2026-07-16T19:40:07.128Z] 📦 Existing rows: 24207
[2026-07-16T19:40:07.355Z] node: [2026-07-16T19:40:07.128Z] 🔎 Product: 1855
[2026-07-16T19:40:07.356Z] node: [2026-07-16T19:40:07.128Z] 🔎 BranchPrice: 1853
[2026-07-16T19:40:07.357Z] node: [2026-07-16T19:40:07.129Z] 🔎 StockItem: 2933
[2026-07-16T19:40:07.357Z] node: [2026-07-16T19:40:07.129Z] 🔎 Sale: 25
[2026-07-16T19:40:07.357Z] node: [2026-07-16T19:40:07.129Z] 🔎 SaleItem: 86
[2026-07-16T19:40:07.358Z] node: [2026-07-16T19:40:07.129Z] 🔎 SaleItemSimple: 0
[2026-07-16T19:40:07.358Z] node: [2026-07-16T19:40:07.129Z] 🔎 Payment: 12
[2026-07-16T19:40:07.359Z] node: [2026-07-16T19:40:07.130Z] 🔎 PaymentItem: 12
[2026-07-16T19:40:07.392Z] node: [2026-07-16T19:40:07.392Z] 🧨 Resetting target schema "public" before restore...
[2026-07-16T19:40:07.393Z] node: [2026-07-16T19:40:07.392Z] 🛡️ This action is intended for Recovery / Standby DB only.
[2026-07-16T19:40:07.959Z] node: [2026-07-16T19:40:07.958Z] ✅ Schema "public" reset completed.
[2026-07-16T19:40:07.995Z] node: [2026-07-16T19:40:07.994Z] 🧱 Running Prisma db push against Recovery DB only...
[2026-07-16T19:40:07.996Z] node: [2026-07-16T19:40:07.995Z] 🛡️ DATABASE_URL is injected from RESTORE_DATABASE_URL/RECOVERY_DATABASE_URL for this process only.
[2026-07-16T19:40:12.295Z] node: [2026-07-16T19:40:12.295Z] npx stderr: Environment variables loaded from .env
[2026-07-16T19:40:12.297Z] node: [2026-07-16T19:40:12.296Z] npx: Prisma schema loaded from prisma\schema.prisma
[2026-07-16T19:40:12.308Z] node: [2026-07-16T19:40:12.307Z] npx: Datasource "db": PostgreSQL database "postgres", schema "public" at "db.engqdeyzbvnmxbnpemau.supabase.co:5432"
[2026-07-16T19:40:28.472Z] node: [2026-07-16T19:40:28.471Z] npx: Your database is now in sync with your Prisma schema. Done in 15.55s
[2026-07-16T19:40:28.474Z] node: [2026-07-16T19:40:28.474Z] npx: Running generate... (Use --skip-generate to skip the generators)
[2026-07-16T19:40:29.401Z] node: [2026-07-16T19:40:29.400Z] npx: [2K[1A[2K[GRunning generate... - Prisma Client
[2026-07-16T19:40:30.730Z] node: [2026-07-16T19:40:30.730Z] npx: [2K[1A[2K[G✔ Generated Prisma Client (v6.16.2) to .\node_modules\.prisma\client in 1.33s
[2026-07-16T19:40:30.789Z] node: [2026-07-16T19:40:30.789Z] ✅ Prisma db push completed for Recovery DB.
[2026-07-16T19:40:33.800Z] node: [2026-07-16T19:40:33.800Z] 📊 Existing tables: 70
[2026-07-16T19:40:33.801Z] node: [2026-07-16T19:40:33.800Z] 📦 Existing rows: 0
[2026-07-16T19:40:33.802Z] node: [2026-07-16T19:40:33.800Z] 🔎 Product: 0
[2026-07-16T19:40:33.803Z] node: [2026-07-16T19:40:33.800Z] 🔎 BranchPrice: 0
[2026-07-16T19:40:33.803Z] node: [2026-07-16T19:40:33.801Z] 🔎 StockItem: 0
[2026-07-16T19:40:33.804Z] node: [2026-07-16T19:40:33.801Z] 🔎 Sale: 0
[2026-07-16T19:40:33.804Z] node: [2026-07-16T19:40:33.801Z] 🔎 SaleItem: 0
[2026-07-16T19:40:33.805Z] node: [2026-07-16T19:40:33.801Z] 🔎 SaleItemSimple: 0
[2026-07-16T19:40:33.805Z] node: [2026-07-16T19:40:33.801Z] 🔎 Payment: 0
[2026-07-16T19:40:33.806Z] node: [2026-07-16T19:40:33.801Z] 🔎 PaymentItem: 0
[2026-07-16T19:40:33.886Z] node: [2026-07-16T19:40:33.885Z] 📖 SQL loaded into memory (8.39 MB).
[2026-07-16T19:40:33.886Z] node: [2026-07-16T19:40:33.885Z] 🚚 Starting SQL restore via Node.js pg client...
[2026-07-16T19:40:37.782Z] node: [2026-07-16T19:40:37.782Z] ✅ SQL restore completed via Node.js pg client.
[2026-07-16T19:40:40.687Z] node: [2026-07-16T19:40:40.686Z] ✅ Restore verification PASS (70 tables checked).
[2026-07-16T19:40:40.687Z] node: [2026-07-16T19:40:40.686Z] 🎉 Restore completed successfully in 37.31 seconds.
[2026-07-16T19:40:40.891Z] ▶️  Run: node recovery/verify/qbv.js
[2026-07-16T19:40:41.039Z] node: [2026-07-16T19:40:41.037Z] ============================================================
[2026-07-16T19:40:41.042Z] node: [2026-07-16T19:40:41.041Z] 🔎 AlphaTech Integrity Verification ALPHATECH-RECOVERY-VERIFY-V1
[2026-07-16T19:40:41.042Z] node: [2026-07-16T19:40:41.041Z] ============================================================
[2026-07-16T19:40:41.042Z] node: [2026-07-16T19:40:41.042Z] Collecting Production snapshot...
[2026-07-16T19:40:52.014Z] node: [2026-07-16T19:40:52.014Z] Collecting Recovery snapshot...
[2026-07-16T19:41:02.289Z] node: [2026-07-16T19:41:02.289Z] Comparing snapshots...
[2026-07-16T19:41:02.303Z] node: [2026-07-16T19:41:02.303Z] 🧾 JSON report: D:\alpha-tech\server\recovery\reports\verification-report_2026-07-16T19-41-02-291Z.json
[2026-07-16T19:41:02.704Z] node: [2026-07-16T19:41:02.303Z] 🧾 TXT report: D:\alpha-tech\server\recovery\reports\verification-report_2026-07-16T19-41-02-291Z.txt
[2026-07-16T19:41:02.705Z] node: [2026-07-16T19:41:02.303Z] ✅ Overall: PASS
[2026-07-16T19:41:02.710Z] 🧾 Job manifest: D:\alpha-tech\server\recovery\jobs\job-2026-07-16T19-39-48-640Z.json
[2026-07-16T19:41:02.711Z] ✅ Job result: PASS exitCode=0
