[2026-07-13T03:34:22.681Z] ============================================================
[2026-07-13T03:34:22.689Z] 🧭 AlphaTech Recovery Retention Workflow ALPHATECH-RECOVERY-JOB-RUNNER-V7-R2-RETENTION
[2026-07-13T03:34:22.689Z] ============================================================
[2026-07-13T03:34:22.689Z] Mode: backup-workflow
[2026-07-13T03:34:22.690Z] ▶️  Run: node recovery/health/healthCheck.js
[2026-07-13T03:34:22.866Z] node: [2026-07-13T03:34:22.862Z] ============================================================
[2026-07-13T03:34:22.867Z] node: [2026-07-13T03:34:22.866Z] 🩺 AlphaTech Recovery Health Check ALPHATECH-RECOVERY-HEALTH-CHECK-V1
[2026-07-13T03:34:22.867Z] node: [2026-07-13T03:34:22.866Z] ============================================================
[2026-07-13T03:34:23.688Z] node: [2026-07-13T03:34:23.687Z] 🧾 JSON report: D:\alpha-tech\server\recovery\reports\health-check-2026-07-13T03-34-23-685Z.json
[2026-07-13T03:34:23.688Z] node: [2026-07-13T03:34:23.687Z] 🧾 TXT report: D:\alpha-tech\server\recovery\reports\health-check-2026-07-13T03-34-23-685Z.txt
[2026-07-13T03:34:23.689Z] node: [2026-07-13T03:34:23.687Z] ✅ Overall: PASS
[2026-07-13T03:34:23.701Z] ▶️  Run: node qb.js
[2026-07-13T03:34:24.133Z] node: 🔌 Connected to PostgreSQL successfully.
[2026-07-13T03:34:24.143Z] node: ⏳ Starting P1 Hardened Backup v6 Type-aware + generic self-reference FK safe restore...
[2026-07-13T03:34:27.623Z] node: 📦 Exporting table: Bank
[2026-07-13T03:34:27.661Z] node: 📦 Exporting table: Brand
[2026-07-13T03:34:27.702Z] node: 📦 Exporting table: Category
[2026-07-13T03:34:27.737Z] node: 📦 Exporting table: GlobalProductType
[2026-07-13T03:34:27.773Z] node: 📦 Exporting table: Position
[2026-07-13T03:34:27.809Z] node: 📦 Exporting table: Province
[2026-07-13T03:34:27.844Z] node: 📦 Exporting table: District
[2026-07-13T03:34:27.902Z] node: 📦 Exporting table: Subdistrict
[2026-07-13T03:34:28.093Z] node: 📦 Exporting table: Branch
[2026-07-13T03:34:28.130Z] node: 📦 Exporting table: BarcodeCounter
[2026-07-13T03:34:28.165Z] node: 📦 Exporting table: PaymentCodeCounter
[2026-07-13T03:34:28.199Z] node: 📦 Exporting table: ProductType
[2026-07-13T03:34:28.238Z] node: 📦 Exporting table: ProductTypeBrand
[2026-07-13T03:34:28.279Z] node: 📦 Exporting table: Supplier
[2026-07-13T03:34:28.315Z] node: 📦 Exporting table: Unit
[2026-07-13T03:34:28.349Z] node: 📦 Exporting table: Product
[2026-07-13T03:34:28.449Z] node: 📦 Exporting table: BranchPrice
[2026-07-13T03:34:28.556Z] node: 📦 Exporting table: ProductImage
[2026-07-13T03:34:28.593Z] node: 📦 Exporting table: StockBalance
[2026-07-13T03:34:28.649Z] node: 📦 Exporting table: User
[2026-07-13T03:34:28.694Z] node: 📦 Exporting table: CustomerProfile
[2026-07-13T03:34:28.736Z] node: 📦 Exporting table: Cart
[2026-07-13T03:34:28.771Z] node: 📦 Exporting table: CartItem
[2026-07-13T03:34:28.805Z] node: 📦 Exporting table: EmployeeProfile
[2026-07-13T03:34:28.848Z] node: 📦 Exporting table: CombinedBillingDocument
[2026-07-13T03:34:28.882Z] node: 📦 Exporting table: CombinedSaleDocument
[2026-07-13T03:34:28.917Z] node: 📦 Exporting table: CustomerDeposit
[2026-07-13T03:34:28.952Z] node: 📦 Exporting table: CustomerReceipts
[2026-07-13T03:34:28.986Z] node: 📦 Exporting table: InputTaxFilingBatch
[2026-07-13T03:34:29.021Z] node: 📦 Exporting table: Order
[2026-07-13T03:34:29.056Z] node: 📦 Exporting table: OrderOnline
[2026-07-13T03:34:29.090Z] node: 📦 Exporting table: OrderOnlineItem
[2026-07-13T03:34:29.128Z] node: 📦 Exporting table: PasswordResetToken
[2026-07-13T03:34:29.162Z] node: 📦 Exporting table: ProductOnOrder
[2026-07-13T03:34:29.197Z] node: 📦 Exporting table: PurchaseOrder
[2026-07-13T03:34:29.232Z] node: 📦 Exporting table: PurchaseOrderItem
[2026-07-13T03:34:29.266Z] node: 📦 Exporting table: PurchaseOrderReceipt
[2026-07-13T03:34:29.303Z] node: 📦 Exporting table: InputTaxFilingItem
[2026-07-13T03:34:29.338Z] node: 📦 Exporting table: PurchaseOrderReceiptItem
[2026-07-13T03:34:29.373Z] node: 📦 Exporting table: RefreshToken
[2026-07-13T03:34:29.599Z] node: 📦 Exporting table: Sale
[2026-07-13T03:34:29.635Z] node: 📦 Exporting table: CustomerReceiptAllocations
[2026-07-13T03:34:29.670Z] node: 📦 Exporting table: Payment
[2026-07-13T03:34:29.704Z] node: 📦 Exporting table: DepositUsage
[2026-07-13T03:34:29.739Z] node: 📦 Exporting table: PaymentItem
[2026-07-13T03:34:29.774Z] node: 📦 Exporting table: SaleReturn
[2026-07-13T03:34:29.810Z] node: 📦 Exporting table: RefundTransaction
[2026-07-13T03:34:29.845Z] node: 📦 Exporting table: SalesTaxFilingBatch
[2026-07-13T03:34:29.879Z] node: 📦 Exporting table: SalesTaxFilingItem
[2026-07-13T03:34:29.914Z] node: 📦 Exporting table: ServiceOrder
[2026-07-13T03:34:29.949Z] node: 📦 Exporting table: ServiceItem
[2026-07-13T03:34:29.984Z] node: 📦 Exporting table: SimpleLot
[2026-07-13T03:34:30.018Z] node: 📦 Exporting table: SaleItemSimple
[2026-07-13T03:34:30.052Z] node: 📦 Exporting table: SaleReturnItemSimple
[2026-07-13T03:34:30.087Z] node: 📦 Exporting table: StockAuditSession
[2026-07-13T03:34:30.121Z] node: 📦 Exporting table: StockItem
[2026-07-13T03:34:30.245Z] node: 📦 Exporting table: BarcodeReceiptItem
[2026-07-13T03:34:30.281Z] node: 📦 Exporting table: RepairJob
[2026-07-13T03:34:30.315Z] node: 📦 Exporting table: RepairPartItem
[2026-07-13T03:34:30.350Z] node: 📦 Exporting table: SaleItem
[2026-07-13T03:34:30.384Z] node: 📦 Exporting table: SaleReturnItem
[2026-07-13T03:34:30.419Z] node: 📦 Exporting table: StockAuditScanLog
[2026-07-13T03:34:30.454Z] node: 📦 Exporting table: StockAuditSnapshotItem
[2026-07-13T03:34:30.489Z] node: 📦 Exporting table: StockMovement
[2026-07-13T03:34:30.536Z] node: 📦 Exporting table: SupplierPayment
[2026-07-13T03:34:30.571Z] node: 📦 Exporting table: SupplierPaymentReceipt
[2026-07-13T03:34:30.606Z] node: 📦 Exporting table: V2CustomerDeposit
[2026-07-13T03:34:30.640Z] node: 📦 Exporting table: V2StockAudit
[2026-07-13T03:34:30.675Z] node: 📦 Exporting table: V2StockAuditItem
[2026-07-13T03:34:30.711Z] node: 📦 Exporting table: WarrantyClaim
[2026-07-13T03:34:33.228Z] node: 🎉 P1 Hardened Backup v6 Type-aware + generic self-reference FK safe restore completed successfully.
[2026-07-13T03:34:33.228Z] node: 💾 Backup file: D:\alpha-tech\server\backups\alphatech_hardened_backup_v6_2026-07-13_2026-07-13T03-34-27-595Z.sql
[2026-07-13T03:34:33.229Z] node: 🧾 Manifest file: D:\alpha-tech\server\backups\alphatech_hardened_backup_v6_2026-07-13_2026-07-13T03-34-27-595Z.manifest.json
[2026-07-13T03:34:33.230Z] node: 📊 Tables exported: 70
[2026-07-13T03:34:33.231Z] node: 📦 Rows exported: 19203
[2026-07-13T03:34:33.231Z] node: 🔢 Sequences prepared: 67
[2026-07-13T03:34:33.232Z] node: 🔐 SHA256: 790d4239bd57c4caecd6d0d088034dbff60a14c11772175f3bdf75223c7be43b
[2026-07-13T03:34:33.232Z] node: 📐 File size: 6.23 MB
[2026-07-13T03:34:33.233Z] node: ⏱️ Duration: 6.95 seconds
[2026-07-13T03:34:33.233Z] node: ✅ Verification: PASS (70 tables checked)
[2026-07-13T03:34:33.289Z] ▶️  Run: node recovery/upload/uploadBackup.js --manifest D:\alpha-tech\server\backups\alphatech_hardened_backup_v6_2026-07-13_2026-07-13T03-34-27-595Z.manifest.json
[2026-07-13T03:34:33.373Z] node: [2026-07-13T03:34:33.369Z] ============================================================
[2026-07-13T03:34:33.375Z] node: [2026-07-13T03:34:33.375Z] AlphaTech Recovery Upload ALPHATECH-RECOVERY-UPLOAD-V2-S3-COMPATIBLE
[2026-07-13T03:34:33.375Z] node: [2026-07-13T03:34:33.375Z] ============================================================
[2026-07-13T03:34:33.589Z] node stderr: (node:16504) Warning: NodeVersionSupportWarning: The AWS SDK for JavaScript (v3)
[2026-07-13T03:34:33.590Z] node stderr: versions published after the first week of January 2027
[2026-07-13T03:34:33.591Z] node stderr: will require node >=22. You are running node v20.19.0.
[2026-07-13T03:34:33.593Z] node stderr: To continue receiving updates to AWS services, bug fixes,
[2026-07-13T03:34:33.594Z] node stderr: and security updates please upgrade to node >=22.
[2026-07-13T03:34:33.594Z] node stderr: More information can be found at: https://a.co/c895JFp
[2026-07-13T03:34:33.595Z] node stderr: (Use `node --trace-warnings ...` to show where the warning was created)
[2026-07-13T03:34:35.450Z] node: [2026-07-13T03:34:35.422Z] JSON report: D:\alpha-tech\server\recovery\reports\upload-report-2026-07-13T03-34-35-421Z.json
[2026-07-13T03:34:35.458Z] node: [2026-07-13T03:34:35.423Z] TXT report: D:\alpha-tech\server\recovery\reports\upload-report-2026-07-13T03-34-35-421Z.txt
[2026-07-13T03:34:35.459Z] node: [2026-07-13T03:34:35.423Z] Overall: PASS
[2026-07-13T03:34:36.349Z] ------------------------------------------------------------
[2026-07-13T03:34:36.349Z] Target      : cloudflare-r2
[2026-07-13T03:34:36.350Z] Bucket      : saduaksabuy-recovery
[2026-07-13T03:34:36.351Z] Prefix      : alphatech-production/
[2026-07-13T03:34:36.351Z] Retention   : 7 day(s)
[2026-07-13T03:34:36.351Z] Mode        : APPLY
[2026-07-13T03:34:36.351Z] Scanned     : 70
[2026-07-13T03:34:36.351Z] Candidates  : 0
[2026-07-13T03:34:36.352Z] Deleted     : 0
[2026-07-13T03:34:36.352Z] Remaining   : 70
[2026-07-13T03:34:36.352Z] Failed      : 0
[2026-07-13T03:34:36.353Z] ▶️  Run: node recovery/retention/retentionPolicy.js --apply
[2026-07-13T03:34:36.445Z] node: [2026-07-13T03:34:36.439Z] ============================================================
[2026-07-13T03:34:36.446Z] node: [2026-07-13T03:34:36.446Z] 🧹 AlphaTech Recovery Retention ALPHATECH-RECOVERY-RETENTION-V1
[2026-07-13T03:34:36.447Z] node: [2026-07-13T03:34:36.446Z] ============================================================
[2026-07-13T03:34:36.447Z] node: [2026-07-13T03:34:36.447Z] Mode: APPLY
[2026-07-13T03:34:36.457Z] node: [2026-07-13T03:34:36.456Z] ------------------------------------------------------------
[2026-07-13T03:34:36.457Z] node: [2026-07-13T03:34:36.457Z] Target      : local-backups
[2026-07-13T03:34:36.459Z] node: [2026-07-13T03:34:36.457Z] Directory   : D:\alpha-tech\server\backups
[2026-07-13T03:34:36.459Z] node: [2026-07-13T03:34:36.458Z] Retention   : 3 day(s)
[2026-07-13T03:34:36.459Z] node: [2026-07-13T03:34:36.458Z] Scanned     : 42
[2026-07-13T03:34:36.459Z] node: [2026-07-13T03:34:36.459Z] Candidates  : 2
[2026-07-13T03:34:36.460Z] node: [2026-07-13T03:34:36.459Z] Deleted     : 2
[2026-07-13T03:34:36.460Z] node: [2026-07-13T03:34:36.459Z] Remaining   : 40
[2026-07-13T03:34:36.460Z] node: [2026-07-13T03:34:36.460Z] Failed      : 0
[2026-07-13T03:34:36.461Z] node: [2026-07-13T03:34:36.460Z] ------------------------------------------------------------
[2026-07-13T03:34:36.461Z] node: [2026-07-13T03:34:36.461Z] Target      : offsite-local-mirror
[2026-07-13T03:34:36.461Z] node: [2026-07-13T03:34:36.461Z] Directory   : D:\alpha-tech\server\recovery\offsite
[2026-07-13T03:34:36.462Z] node: [2026-07-13T03:34:36.461Z] Retention   : 7 day(s)
[2026-07-13T03:34:36.462Z] node: [2026-07-13T03:34:36.462Z] Scanned     : 12
[2026-07-13T03:34:36.462Z] node: [2026-07-13T03:34:36.462Z] Candidates  : 0
[2026-07-13T03:34:36.463Z] node: [2026-07-13T03:34:36.462Z] Deleted     : 0
[2026-07-13T03:34:36.463Z] node: [2026-07-13T03:34:36.463Z] Remaining   : 12
[2026-07-13T03:34:36.463Z] node: [2026-07-13T03:34:36.463Z] Failed      : 0
[2026-07-13T03:34:36.465Z] node: [2026-07-13T03:34:36.465Z] 🧾 JSON report: D:\alpha-tech\server\recovery\reports\retention-report-2026-07-13T03-34-36-463Z.json
[2026-07-13T03:34:36.465Z] node: [2026-07-13T03:34:36.465Z] 🧾 TXT report: D:\alpha-tech\server\recovery\reports\retention-report-2026-07-13T03-34-36-463Z.txt
[2026-07-13T03:34:36.466Z] node: [2026-07-13T03:34:36.465Z] ✅ Overall: PASS
[2026-07-13T03:34:36.477Z] ▶️  Run: node qbrs.js --manifest D:\alpha-tech\server\backups\alphatech_hardened_backup_v6_2026-07-13_2026-07-13T03-34-27-595Z.manifest.json --init --yes --reset-schema
[2026-07-13T03:34:36.624Z] node: [2026-07-13T03:34:36.623Z] ============================================================
[2026-07-13T03:34:36.626Z] node: [2026-07-13T03:34:36.626Z] 🚑 AlphaTech Restore Tool P1-HARDENED-RESTORE-V3-NODE-PG
[2026-07-13T03:34:36.627Z] node: [2026-07-13T03:34:36.626Z] ============================================================
[2026-07-13T03:34:36.655Z] node: [2026-07-13T03:34:36.654Z] ✅ Manifest loaded.
[2026-07-13T03:34:36.655Z] node: [2026-07-13T03:34:36.655Z] ✅ SQL file: D:\alpha-tech\server\backups\alphatech_hardened_backup_v6_2026-07-13_2026-07-13T03-34-27-595Z.sql
[2026-07-13T03:34:36.656Z] node: [2026-07-13T03:34:36.656Z] ✅ SHA256 verified: 790d4239bd57c4caecd6d0d088034dbff60a14c11772175f3bdf75223c7be43b
[2026-07-13T03:34:36.657Z] node: [2026-07-13T03:34:36.657Z] 🎯 Target DB: postgresql://postgres:***@db.engqdeyzbvnmxbnpemau.supabase.co:5432/postgres
[2026-07-13T03:34:36.657Z] node: [2026-07-13T03:34:36.657Z] 🎯 Host: db.engqdeyzbvnmxbnpemau.supabase.co
[2026-07-13T03:34:36.658Z] node: [2026-07-13T03:34:36.657Z] 🎯 Port: 5432
[2026-07-13T03:34:36.658Z] node: [2026-07-13T03:34:36.657Z] 🎯 Database: postgres
[2026-07-13T03:34:36.658Z] node: [2026-07-13T03:34:36.658Z] 🎯 Schema: public
[2026-07-13T03:34:37.016Z] node: [2026-07-13T03:34:37.016Z] 🔌 Connected to target PostgreSQL successfully.
[2026-07-13T03:34:40.341Z] node: [2026-07-13T03:34:40.341Z] 📊 Existing tables: 70
[2026-07-13T03:34:40.342Z] node: [2026-07-13T03:34:40.341Z] 📦 Existing rows: 18821
[2026-07-13T03:34:40.345Z] node: [2026-07-13T03:34:40.341Z] 🔎 Product: 1417
[2026-07-13T03:34:40.345Z] node: [2026-07-13T03:34:40.342Z] 🔎 BranchPrice: 1415
[2026-07-13T03:34:40.346Z] node: [2026-07-13T03:34:40.342Z] 🔎 StockItem: 1562
[2026-07-13T03:34:40.346Z] node: [2026-07-13T03:34:40.343Z] 🔎 Sale: 6
[2026-07-13T03:34:40.347Z] node: [2026-07-13T03:34:40.343Z] 🔎 SaleItem: 8
[2026-07-13T03:34:40.347Z] node: [2026-07-13T03:34:40.343Z] 🔎 SaleItemSimple: 0
[2026-07-13T03:34:40.347Z] node: [2026-07-13T03:34:40.344Z] 🔎 Payment: 4
[2026-07-13T03:34:40.348Z] node: [2026-07-13T03:34:40.344Z] 🔎 PaymentItem: 4
[2026-07-13T03:34:40.587Z] node: [2026-07-13T03:34:40.587Z] 🧨 Resetting target schema "public" before restore...
[2026-07-13T03:34:40.588Z] node: [2026-07-13T03:34:40.587Z] 🛡️ This action is intended for Recovery / Standby DB only.
[2026-07-13T03:34:41.184Z] node: [2026-07-13T03:34:41.184Z] ✅ Schema "public" reset completed.
[2026-07-13T03:34:41.217Z] node: [2026-07-13T03:34:41.217Z] 🧱 Running Prisma db push against Recovery DB only...
[2026-07-13T03:34:41.218Z] node: [2026-07-13T03:34:41.217Z] 🛡️ DATABASE_URL is injected from RESTORE_DATABASE_URL/RECOVERY_DATABASE_URL for this process only.
[2026-07-13T03:34:44.932Z] node: [2026-07-13T03:34:44.931Z] npx stderr: Environment variables loaded from .env
[2026-07-13T03:34:44.933Z] node: [2026-07-13T03:34:44.933Z] npx: Prisma schema loaded from prisma\schema.prisma
[2026-07-13T03:34:44.945Z] node: [2026-07-13T03:34:44.944Z] npx: Datasource "db": PostgreSQL database "postgres", schema "public" at "db.engqdeyzbvnmxbnpemau.supabase.co:5432"
[2026-07-13T03:35:00.805Z] node: [2026-07-13T03:35:00.804Z] npx: Your database is now in sync with your Prisma schema. Done in 15.29s
[2026-07-13T03:35:00.807Z] node: [2026-07-13T03:35:00.806Z] npx: Running generate... (Use --skip-generate to skip the generators)
[2026-07-13T03:35:01.752Z] node: [2026-07-13T03:35:01.752Z] npx: [2K[1A[2K[GRunning generate... - Prisma Client
[2026-07-13T03:35:03.055Z] node: [2026-07-13T03:35:03.055Z] npx: [2K[1A[2K[G✔ Generated Prisma Client (v6.16.2) to .\node_modules\.prisma\client in 1.30s
[2026-07-13T03:35:03.113Z] node: [2026-07-13T03:35:03.112Z] ✅ Prisma db push completed for Recovery DB.
[2026-07-13T03:35:06.174Z] node: [2026-07-13T03:35:06.173Z] 📊 Existing tables: 70
[2026-07-13T03:35:06.174Z] node: [2026-07-13T03:35:06.173Z] 📦 Existing rows: 0
[2026-07-13T03:35:06.175Z] node: [2026-07-13T03:35:06.174Z] 🔎 Product: 0
[2026-07-13T03:35:06.176Z] node: [2026-07-13T03:35:06.174Z] 🔎 BranchPrice: 0
[2026-07-13T03:35:06.176Z] node: [2026-07-13T03:35:06.174Z] 🔎 StockItem: 0
[2026-07-13T03:35:06.176Z] node: [2026-07-13T03:35:06.174Z] 🔎 Sale: 0
[2026-07-13T03:35:06.177Z] node: [2026-07-13T03:35:06.174Z] 🔎 SaleItem: 0
[2026-07-13T03:35:06.177Z] node: [2026-07-13T03:35:06.174Z] 🔎 SaleItemSimple: 0
[2026-07-13T03:35:06.177Z] node: [2026-07-13T03:35:06.175Z] 🔎 Payment: 0
[2026-07-13T03:35:06.178Z] node: [2026-07-13T03:35:06.175Z] 🔎 PaymentItem: 0
[2026-07-13T03:35:06.239Z] node: [2026-07-13T03:35:06.239Z] 📖 SQL loaded into memory (6.23 MB).
[2026-07-13T03:35:06.240Z] node: [2026-07-13T03:35:06.239Z] 🚚 Starting SQL restore via Node.js pg client...
[2026-07-13T03:35:09.230Z] node: [2026-07-13T03:35:09.229Z] ✅ SQL restore completed via Node.js pg client.
[2026-07-13T03:35:11.860Z] node: [2026-07-13T03:35:11.859Z] ✅ Restore verification PASS (70 tables checked).
[2026-07-13T03:35:11.860Z] node: [2026-07-13T03:35:11.859Z] 🎉 Restore completed successfully in 35.24 seconds.
[2026-07-13T03:35:11.874Z] ▶️  Run: node recovery/verify/qbv.js
[2026-07-13T03:35:12.028Z] node: [2026-07-13T03:35:12.026Z] ============================================================
[2026-07-13T03:35:12.030Z] node: [2026-07-13T03:35:12.029Z] 🔎 AlphaTech Integrity Verification ALPHATECH-RECOVERY-VERIFY-V1
[2026-07-13T03:35:12.030Z] node: [2026-07-13T03:35:12.029Z] ============================================================
[2026-07-13T03:35:12.030Z] node: [2026-07-13T03:35:12.030Z] Collecting Production snapshot...
[2026-07-13T03:35:23.107Z] node: [2026-07-13T03:35:23.106Z] Collecting Recovery snapshot...
[2026-07-13T03:35:33.650Z] node: [2026-07-13T03:35:33.649Z] Comparing snapshots...
[2026-07-13T03:35:33.656Z] node: [2026-07-13T03:35:33.655Z] 🧾 JSON report: D:\alpha-tech\server\recovery\reports\verification-report_2026-07-13T03-35-33-652Z.json
[2026-07-13T03:35:33.657Z] node: [2026-07-13T03:35:33.656Z] 🧾 TXT report: D:\alpha-tech\server\recovery\reports\verification-report_2026-07-13T03-35-33-652Z.txt
[2026-07-13T03:35:33.657Z] node: [2026-07-13T03:35:33.656Z] ✅ Overall: PASS
[2026-07-13T03:35:33.671Z] 🧾 Job manifest: D:\alpha-tech\server\recovery\jobs\job-2026-07-13T03-34-22-679Z.json
[2026-07-13T03:35:33.671Z] ✅ Job result: PASS exitCode=0
