[2026-07-06T15:56:08.658Z] ============================================================
[2026-07-06T15:56:08.668Z] 🧭 AlphaTech Recovery Retention Workflow ALPHATECH-RECOVERY-JOB-RUNNER-V5-RETENTION
[2026-07-06T15:56:08.668Z] ============================================================
[2026-07-06T15:56:08.669Z] Mode: backup-workflow
[2026-07-06T15:56:08.670Z] ▶️  Run: node recovery/health/healthCheck.js
[2026-07-06T15:56:08.815Z] node: [2026-07-06T15:56:08.813Z] ============================================================
[2026-07-06T15:56:08.816Z] node: [2026-07-06T15:56:08.817Z] 🩺 AlphaTech Recovery Health Check ALPHATECH-RECOVERY-HEALTH-CHECK-V1
[2026-07-06T15:56:08.817Z] node: [2026-07-06T15:56:08.817Z] ============================================================
[2026-07-06T15:56:09.593Z] node: [2026-07-06T15:56:09.593Z] 🧾 JSON report: D:\alpha-tech\server\recovery\reports\health-check-2026-07-06T15-56-09-584Z.json
[2026-07-06T15:56:09.594Z] node: [2026-07-06T15:56:09.594Z] 🧾 TXT report: D:\alpha-tech\server\recovery\reports\health-check-2026-07-06T15-56-09-584Z.txt
[2026-07-06T15:56:09.594Z] node: [2026-07-06T15:56:09.594Z] ✅ Overall: PASS
[2026-07-06T15:56:09.608Z] ▶️  Run: node qb.js
[2026-07-06T15:56:10.059Z] node: 🔌 Connected to PostgreSQL successfully.
[2026-07-06T15:56:10.060Z] node: ⏳ Starting P1 Hardened Backup v6 Type-aware + generic self-reference FK safe restore...
[2026-07-06T15:56:13.330Z] node: 📦 Exporting table: Bank
[2026-07-06T15:56:13.371Z] node: 📦 Exporting table: Brand
[2026-07-06T15:56:13.416Z] node: 📦 Exporting table: Category
[2026-07-06T15:56:13.455Z] node: 📦 Exporting table: GlobalProductType
[2026-07-06T15:56:13.493Z] node: 📦 Exporting table: Position
[2026-07-06T15:56:13.533Z] node: 📦 Exporting table: Province
[2026-07-06T15:56:13.572Z] node: 📦 Exporting table: District
[2026-07-06T15:56:13.627Z] node: 📦 Exporting table: Subdistrict
[2026-07-06T15:56:13.807Z] node: 📦 Exporting table: Branch
[2026-07-06T15:56:13.847Z] node: 📦 Exporting table: BarcodeCounter
[2026-07-06T15:56:13.886Z] node: 📦 Exporting table: PaymentCodeCounter
[2026-07-06T15:56:13.924Z] node: 📦 Exporting table: ProductType
[2026-07-06T15:56:13.964Z] node: 📦 Exporting table: ProductTypeBrand
[2026-07-06T15:56:14.005Z] node: 📦 Exporting table: Supplier
[2026-07-06T15:56:14.044Z] node: 📦 Exporting table: Unit
[2026-07-06T15:56:14.082Z] node: 📦 Exporting table: Product
[2026-07-06T15:56:14.159Z] node: 📦 Exporting table: BranchPrice
[2026-07-06T15:56:14.221Z] node: 📦 Exporting table: ProductImage
[2026-07-06T15:56:14.260Z] node: 📦 Exporting table: StockBalance
[2026-07-06T15:56:14.300Z] node: 📦 Exporting table: User
[2026-07-06T15:56:14.346Z] node: 📦 Exporting table: CustomerProfile
[2026-07-06T15:56:14.389Z] node: 📦 Exporting table: Cart
[2026-07-06T15:56:14.429Z] node: 📦 Exporting table: CartItem
[2026-07-06T15:56:14.469Z] node: 📦 Exporting table: EmployeeProfile
[2026-07-06T15:56:14.508Z] node: 📦 Exporting table: CombinedBillingDocument
[2026-07-06T15:56:14.546Z] node: 📦 Exporting table: CombinedSaleDocument
[2026-07-06T15:56:14.585Z] node: 📦 Exporting table: CustomerDeposit
[2026-07-06T15:56:14.623Z] node: 📦 Exporting table: CustomerReceipts
[2026-07-06T15:56:14.662Z] node: 📦 Exporting table: InputTaxFilingBatch
[2026-07-06T15:56:14.701Z] node: 📦 Exporting table: Order
[2026-07-06T15:56:14.740Z] node: 📦 Exporting table: OrderOnline
[2026-07-06T15:56:14.778Z] node: 📦 Exporting table: OrderOnlineItem
[2026-07-06T15:56:14.817Z] node: 📦 Exporting table: PasswordResetToken
[2026-07-06T15:56:14.856Z] node: 📦 Exporting table: ProductOnOrder
[2026-07-06T15:56:14.894Z] node: 📦 Exporting table: PurchaseOrder
[2026-07-06T15:56:14.933Z] node: 📦 Exporting table: PurchaseOrderItem
[2026-07-06T15:56:14.971Z] node: 📦 Exporting table: PurchaseOrderReceipt
[2026-07-06T15:56:15.010Z] node: 📦 Exporting table: InputTaxFilingItem
[2026-07-06T15:56:15.048Z] node: 📦 Exporting table: PurchaseOrderReceiptItem
[2026-07-06T15:56:15.086Z] node: 📦 Exporting table: RefreshToken
[2026-07-06T15:56:15.268Z] node: 📦 Exporting table: Sale
[2026-07-06T15:56:15.307Z] node: 📦 Exporting table: CustomerReceiptAllocations
[2026-07-06T15:56:15.346Z] node: 📦 Exporting table: Payment
[2026-07-06T15:56:15.384Z] node: 📦 Exporting table: DepositUsage
[2026-07-06T15:56:15.423Z] node: 📦 Exporting table: PaymentItem
[2026-07-06T15:56:15.462Z] node: 📦 Exporting table: SaleReturn
[2026-07-06T15:56:15.500Z] node: 📦 Exporting table: RefundTransaction
[2026-07-06T15:56:15.539Z] node: 📦 Exporting table: SalesTaxFilingBatch
[2026-07-06T15:56:15.577Z] node: 📦 Exporting table: SalesTaxFilingItem
[2026-07-06T15:56:15.615Z] node: 📦 Exporting table: ServiceOrder
[2026-07-06T15:56:15.654Z] node: 📦 Exporting table: ServiceItem
[2026-07-06T15:56:15.692Z] node: 📦 Exporting table: SimpleLot
[2026-07-06T15:56:15.731Z] node: 📦 Exporting table: SaleItemSimple
[2026-07-06T15:56:15.769Z] node: 📦 Exporting table: SaleReturnItemSimple
[2026-07-06T15:56:15.807Z] node: 📦 Exporting table: StockAuditSession
[2026-07-06T15:56:15.846Z] node: 📦 Exporting table: StockItem
[2026-07-06T15:56:15.902Z] node: 📦 Exporting table: BarcodeReceiptItem
[2026-07-06T15:56:15.941Z] node: 📦 Exporting table: RepairJob
[2026-07-06T15:56:15.979Z] node: 📦 Exporting table: RepairPartItem
[2026-07-06T15:56:16.017Z] node: 📦 Exporting table: SaleItem
[2026-07-06T15:56:16.056Z] node: 📦 Exporting table: SaleReturnItem
[2026-07-06T15:56:16.094Z] node: 📦 Exporting table: StockAuditScanLog
[2026-07-06T15:56:16.132Z] node: 📦 Exporting table: StockAuditSnapshotItem
[2026-07-06T15:56:16.171Z] node: 📦 Exporting table: StockMovement
[2026-07-06T15:56:16.212Z] node: 📦 Exporting table: SupplierPayment
[2026-07-06T15:56:16.250Z] node: 📦 Exporting table: SupplierPaymentReceipt
[2026-07-06T15:56:16.289Z] node: 📦 Exporting table: V2CustomerDeposit
[2026-07-06T15:56:16.327Z] node: 📦 Exporting table: V2StockAudit
[2026-07-06T15:56:16.365Z] node: 📦 Exporting table: V2StockAuditItem
[2026-07-06T15:56:16.404Z] node: 📦 Exporting table: WarrantyClaim
[2026-07-06T15:56:19.154Z] node: 🎉 P1 Hardened Backup v6 Type-aware + generic self-reference FK safe restore completed successfully.
[2026-07-06T15:56:19.157Z] node: 💾 Backup file: D:\alpha-tech\server\backups\alphatech_hardened_backup_v6_2026-07-06_2026-07-06T15-56-13-306Z.sql
[2026-07-06T15:56:19.159Z] node: 🧾 Manifest file: D:\alpha-tech\server\backups\alphatech_hardened_backup_v6_2026-07-06_2026-07-06T15-56-13-306Z.manifest.json
[2026-07-06T15:56:19.162Z] node: 📊 Tables exported: 70
[2026-07-06T15:56:19.162Z] node: 📦 Rows exported: 15087
[2026-07-06T15:56:19.163Z] node: 🔢 Sequences prepared: 67
[2026-07-06T15:56:19.164Z] node: 🔐 SHA256: b5a39a6339bfd599acca31ad83fe44a03af659274b7f6de762f23a1b7fd25cd9
[2026-07-06T15:56:19.164Z] node: 📐 File size: 4.40 MB
[2026-07-06T15:56:19.167Z] node: ⏱️ Duration: 6.72 seconds
[2026-07-06T15:56:19.168Z] node: ✅ Verification: PASS (70 tables checked)
[2026-07-06T15:56:19.217Z] ▶️  Run: node recovery/upload/uploadBackup.js --manifest D:\alpha-tech\server\backups\alphatech_hardened_backup_v6_2026-07-06_2026-07-06T15-56-13-306Z.manifest.json
[2026-07-06T15:56:19.294Z] node: [2026-07-06T15:56:19.289Z] ============================================================
[2026-07-06T15:56:19.296Z] node: [2026-07-06T15:56:19.296Z] ☁️ AlphaTech Recovery Upload ALPHATECH-RECOVERY-UPLOAD-V1-LOCAL-MIRROR
[2026-07-06T15:56:19.297Z] node: [2026-07-06T15:56:19.297Z] ============================================================
[2026-07-06T15:56:19.401Z] node: [2026-07-06T15:56:19.401Z] 🧾 JSON report: D:\alpha-tech\server\recovery\reports\upload-report-2026-07-06T15-56-19-399Z.json
[2026-07-06T15:56:19.401Z] node: [2026-07-06T15:56:19.401Z] 🧾 TXT report: D:\alpha-tech\server\recovery\reports\upload-report-2026-07-06T15-56-19-399Z.txt
[2026-07-06T15:56:19.403Z] node: [2026-07-06T15:56:19.401Z] ✅ Overall: PASS
[2026-07-06T15:56:19.453Z] ▶️  Run: node recovery/retention/retentionPolicy.js --dry-run
[2026-07-06T15:56:19.608Z] node: [2026-07-06T15:56:19.602Z] ============================================================
[2026-07-06T15:56:19.612Z] node: [2026-07-06T15:56:19.612Z] 🧹 AlphaTech Recovery Retention ALPHATECH-RECOVERY-RETENTION-V1
[2026-07-06T15:56:19.622Z] node: [2026-07-06T15:56:19.622Z] ============================================================
[2026-07-06T15:56:19.623Z] node: [2026-07-06T15:56:19.623Z] Mode: DRY_RUN
[2026-07-06T15:56:19.633Z] node: [2026-07-06T15:56:19.633Z] 🧾 JSON report: D:\alpha-tech\server\recovery\reports\retention-report-2026-07-06T15-56-19-629Z.json
[2026-07-06T15:56:19.634Z] node: [2026-07-06T15:56:19.634Z] 🧾 TXT report: D:\alpha-tech\server\recovery\reports\retention-report-2026-07-06T15-56-19-629Z.txt
[2026-07-06T15:56:19.634Z] node: [2026-07-06T15:56:19.634Z] ✅ Overall: PASS
[2026-07-06T15:56:19.665Z] 🧾 Job manifest: D:\alpha-tech\server\recovery\jobs\job-2026-07-06T15-56-08-656Z.json
[2026-07-06T15:56:19.666Z] ✅ Job result: PASS exitCode=0
