[2026-07-14T07:39:48.949Z] ============================================================
[2026-07-14T07:39:48.960Z] 🧭 AlphaTech Recovery Retention Workflow ALPHATECH-RECOVERY-JOB-RUNNER-V7-R2-RETENTION
[2026-07-14T07:39:48.961Z] ============================================================
[2026-07-14T07:39:48.963Z] Mode: backup-workflow
[2026-07-14T07:39:48.965Z] ▶️  Run: node recovery/health/healthCheck.js
[2026-07-14T07:39:49.177Z] node: [2026-07-14T07:39:49.174Z] ============================================================
[2026-07-14T07:39:49.179Z] node: [2026-07-14T07:39:49.178Z] 🩺 AlphaTech Recovery Health Check ALPHATECH-RECOVERY-HEALTH-CHECK-V1
[2026-07-14T07:39:49.179Z] node: [2026-07-14T07:39:49.178Z] ============================================================
[2026-07-14T07:39:50.029Z] node: [2026-07-14T07:39:50.028Z] 🧾 JSON report: D:\alpha-tech\server\recovery\reports\health-check-2026-07-14T07-39-50-022Z.json
[2026-07-14T07:39:50.030Z] node: [2026-07-14T07:39:50.029Z] 🧾 TXT report: D:\alpha-tech\server\recovery\reports\health-check-2026-07-14T07-39-50-022Z.txt
[2026-07-14T07:39:50.030Z] node: [2026-07-14T07:39:50.029Z] ✅ Overall: PASS
[2026-07-14T07:39:50.047Z] ▶️  Run: node qb.js
[2026-07-14T07:39:50.523Z] node: 🔌 Connected to PostgreSQL successfully.
[2026-07-14T07:39:50.526Z] node: ⏳ Starting P1 Hardened Backup v6 Type-aware + generic self-reference FK safe restore...
[2026-07-14T07:39:54.330Z] node: 📦 Exporting table: Bank
[2026-07-14T07:39:54.375Z] node: 📦 Exporting table: Brand
[2026-07-14T07:39:54.437Z] node: 📦 Exporting table: Category
[2026-07-14T07:39:54.481Z] node: 📦 Exporting table: GlobalProductType
[2026-07-14T07:39:54.526Z] node: 📦 Exporting table: Position
[2026-07-14T07:39:54.571Z] node: 📦 Exporting table: Province
[2026-07-14T07:39:54.620Z] node: 📦 Exporting table: District
[2026-07-14T07:39:54.688Z] node: 📦 Exporting table: Subdistrict
[2026-07-14T07:39:54.916Z] node: 📦 Exporting table: Branch
[2026-07-14T07:39:54.956Z] node: 📦 Exporting table: BarcodeCounter
[2026-07-14T07:39:54.992Z] node: 📦 Exporting table: PaymentCodeCounter
[2026-07-14T07:39:55.027Z] node: 📦 Exporting table: ProductType
[2026-07-14T07:39:55.067Z] node: 📦 Exporting table: ProductTypeBrand
[2026-07-14T07:39:55.110Z] node: 📦 Exporting table: Supplier
[2026-07-14T07:39:55.147Z] node: 📦 Exporting table: Unit
[2026-07-14T07:39:55.183Z] node: 📦 Exporting table: Product
[2026-07-14T07:39:55.290Z] node: 📦 Exporting table: BranchPrice
[2026-07-14T07:39:55.370Z] node: 📦 Exporting table: ProductImage
[2026-07-14T07:39:55.406Z] node: 📦 Exporting table: StockBalance
[2026-07-14T07:39:55.461Z] node: 📦 Exporting table: User
[2026-07-14T07:39:55.504Z] node: 📦 Exporting table: CustomerProfile
[2026-07-14T07:39:55.547Z] node: 📦 Exporting table: Cart
[2026-07-14T07:39:55.583Z] node: 📦 Exporting table: CartItem
[2026-07-14T07:39:55.620Z] node: 📦 Exporting table: EmployeeProfile
[2026-07-14T07:39:55.656Z] node: 📦 Exporting table: CombinedBillingDocument
[2026-07-14T07:39:55.692Z] node: 📦 Exporting table: CombinedSaleDocument
[2026-07-14T07:39:55.728Z] node: 📦 Exporting table: CustomerDeposit
[2026-07-14T07:39:55.764Z] node: 📦 Exporting table: CustomerReceipts
[2026-07-14T07:39:55.799Z] node: 📦 Exporting table: InputTaxFilingBatch
[2026-07-14T07:39:55.835Z] node: 📦 Exporting table: Order
[2026-07-14T07:39:55.872Z] node: 📦 Exporting table: OrderOnline
[2026-07-14T07:39:55.908Z] node: 📦 Exporting table: OrderOnlineItem
[2026-07-14T07:39:55.944Z] node: 📦 Exporting table: PasswordResetToken
[2026-07-14T07:39:55.980Z] node: 📦 Exporting table: ProductOnOrder
[2026-07-14T07:39:56.017Z] node: 📦 Exporting table: PurchaseOrder
[2026-07-14T07:39:56.053Z] node: 📦 Exporting table: PurchaseOrderItem
[2026-07-14T07:39:56.091Z] node: 📦 Exporting table: PurchaseOrderReceipt
[2026-07-14T07:39:56.127Z] node: 📦 Exporting table: InputTaxFilingItem
[2026-07-14T07:39:56.163Z] node: 📦 Exporting table: PurchaseOrderReceiptItem
[2026-07-14T07:39:56.199Z] node: 📦 Exporting table: RefreshToken
[2026-07-14T07:39:56.413Z] node: 📦 Exporting table: Sale
[2026-07-14T07:39:56.450Z] node: 📦 Exporting table: CustomerReceiptAllocations
[2026-07-14T07:39:56.487Z] node: 📦 Exporting table: Payment
[2026-07-14T07:39:56.523Z] node: 📦 Exporting table: DepositUsage
[2026-07-14T07:39:56.559Z] node: 📦 Exporting table: PaymentItem
[2026-07-14T07:39:56.596Z] node: 📦 Exporting table: SaleReturn
[2026-07-14T07:39:56.632Z] node: 📦 Exporting table: RefundTransaction
[2026-07-14T07:39:56.668Z] node: 📦 Exporting table: SalesTaxFilingBatch
[2026-07-14T07:39:56.704Z] node: 📦 Exporting table: SalesTaxFilingItem
[2026-07-14T07:39:56.740Z] node: 📦 Exporting table: ServiceOrder
[2026-07-14T07:39:56.775Z] node: 📦 Exporting table: ServiceItem
[2026-07-14T07:39:56.812Z] node: 📦 Exporting table: SimpleLot
[2026-07-14T07:39:56.847Z] node: 📦 Exporting table: SaleItemSimple
[2026-07-14T07:39:56.883Z] node: 📦 Exporting table: SaleReturnItemSimple
[2026-07-14T07:39:56.919Z] node: 📦 Exporting table: StockAuditSession
[2026-07-14T07:39:56.955Z] node: 📦 Exporting table: StockItem
[2026-07-14T07:39:57.087Z] node: 📦 Exporting table: BarcodeReceiptItem
[2026-07-14T07:39:57.127Z] node: 📦 Exporting table: RepairJob
[2026-07-14T07:39:57.163Z] node: 📦 Exporting table: RepairPartItem
[2026-07-14T07:39:57.199Z] node: 📦 Exporting table: SaleItem
[2026-07-14T07:39:57.236Z] node: 📦 Exporting table: SaleReturnItem
[2026-07-14T07:39:57.271Z] node: 📦 Exporting table: StockAuditScanLog
[2026-07-14T07:39:57.307Z] node: 📦 Exporting table: StockAuditSnapshotItem
[2026-07-14T07:39:57.358Z] node: 📦 Exporting table: StockMovement
[2026-07-14T07:39:57.422Z] node: 📦 Exporting table: SupplierPayment
[2026-07-14T07:39:57.458Z] node: 📦 Exporting table: SupplierPaymentReceipt
[2026-07-14T07:39:57.493Z] node: 📦 Exporting table: V2CustomerDeposit
[2026-07-14T07:39:57.529Z] node: 📦 Exporting table: V2StockAudit
[2026-07-14T07:39:57.564Z] node: 📦 Exporting table: V2StockAuditItem
[2026-07-14T07:39:57.600Z] node: 📦 Exporting table: WarrantyClaim
[2026-07-14T07:40:00.174Z] node: 🎉 P1 Hardened Backup v6 Type-aware + generic self-reference FK safe restore completed successfully.
[2026-07-14T07:40:00.177Z] node: 💾 Backup file: D:\alpha-tech\server\backups\alphatech_hardened_backup_v6_2026-07-14_2026-07-14T07-39-54-245Z.sql
[2026-07-14T07:40:00.179Z] node: 🧾 Manifest file: D:\alpha-tech\server\backups\alphatech_hardened_backup_v6_2026-07-14_2026-07-14T07-39-54-245Z.manifest.json
[2026-07-14T07:40:00.181Z] node: 📊 Tables exported: 70
[2026-07-14T07:40:00.182Z] node: 📦 Rows exported: 22090
[2026-07-14T07:40:00.183Z] node: 🔢 Sequences prepared: 67
[2026-07-14T07:40:00.184Z] node: 🔐 SHA256: a7c0e3b2d9e92c579bfd0472bd437f00b60e5683762017d733afb6e154fa468e
[2026-07-14T07:40:00.186Z] node: 📐 File size: 7.44 MB
[2026-07-14T07:40:00.193Z] node: ⏱️ Duration: 7.44 seconds
[2026-07-14T07:40:00.196Z] node: ✅ Verification: PASS (70 tables checked)
[2026-07-14T07:40:00.248Z] ▶️  Run: node recovery/upload/uploadBackup.js --manifest D:\alpha-tech\server\backups\alphatech_hardened_backup_v6_2026-07-14_2026-07-14T07-39-54-245Z.manifest.json
[2026-07-14T07:40:00.337Z] node: [2026-07-14T07:40:00.332Z] ============================================================
[2026-07-14T07:40:00.342Z] node: [2026-07-14T07:40:00.341Z] AlphaTech Recovery Upload ALPHATECH-RECOVERY-UPLOAD-V2-S3-COMPATIBLE
[2026-07-14T07:40:00.348Z] node: [2026-07-14T07:40:00.344Z] ============================================================
[2026-07-14T07:40:00.580Z] node stderr: (node:11260) Warning: NodeVersionSupportWarning: The AWS SDK for JavaScript (v3)
[2026-07-14T07:40:00.580Z] node stderr: versions published after the first week of January 2027
[2026-07-14T07:40:00.583Z] node stderr: will require node >=22. You are running node v20.19.0.
[2026-07-14T07:40:00.584Z] node stderr: To continue receiving updates to AWS services, bug fixes,
[2026-07-14T07:40:00.586Z] node stderr: and security updates please upgrade to node >=22.
[2026-07-14T07:40:00.594Z] node stderr: More information can be found at: https://a.co/c895JFp
[2026-07-14T07:40:00.609Z] node stderr: (Use `node --trace-warnings ...` to show where the warning was created)
[2026-07-14T07:40:02.346Z] node: [2026-07-14T07:40:02.346Z] JSON report: D:\alpha-tech\server\recovery\reports\upload-report-2026-07-14T07-40-02-341Z.json
[2026-07-14T07:40:02.348Z] node: [2026-07-14T07:40:02.347Z] TXT report: D:\alpha-tech\server\recovery\reports\upload-report-2026-07-14T07-40-02-341Z.txt
[2026-07-14T07:40:02.348Z] node: [2026-07-14T07:40:02.347Z] Overall: PASS
[2026-07-14T07:40:03.115Z] ------------------------------------------------------------
[2026-07-14T07:40:03.118Z] Target      : cloudflare-r2
[2026-07-14T07:40:03.128Z] Bucket      : saduaksabuy-recovery
[2026-07-14T07:40:03.133Z] Prefix      : alphatech-production/
[2026-07-14T07:40:03.141Z] Retention   : 7 day(s)
[2026-07-14T07:40:03.148Z] Mode        : APPLY
[2026-07-14T07:40:03.152Z] Scanned     : 82
[2026-07-14T07:40:03.153Z] Candidates  : 0
[2026-07-14T07:40:03.155Z] Deleted     : 0
[2026-07-14T07:40:03.156Z] Remaining   : 82
[2026-07-14T07:40:03.163Z] Failed      : 0
[2026-07-14T07:40:03.165Z] ▶️  Run: node recovery/retention/retentionPolicy.js --apply
[2026-07-14T07:40:03.268Z] node: [2026-07-14T07:40:03.262Z] ============================================================
[2026-07-14T07:40:03.272Z] node: [2026-07-14T07:40:03.271Z] 🧹 AlphaTech Recovery Retention ALPHATECH-RECOVERY-RETENTION-V1
[2026-07-14T07:40:03.273Z] node: [2026-07-14T07:40:03.272Z] ============================================================
[2026-07-14T07:40:03.274Z] node: [2026-07-14T07:40:03.273Z] Mode: APPLY
[2026-07-14T07:40:03.289Z] node: [2026-07-14T07:40:03.289Z] ------------------------------------------------------------
[2026-07-14T07:40:03.290Z] node: [2026-07-14T07:40:03.290Z] Target      : local-backups
[2026-07-14T07:40:03.296Z] node: [2026-07-14T07:40:03.290Z] Directory   : D:\alpha-tech\server\backups
[2026-07-14T07:40:03.298Z] node: [2026-07-14T07:40:03.290Z] Retention   : 3 day(s)
[2026-07-14T07:40:03.299Z] node: [2026-07-14T07:40:03.292Z] Scanned     : 40
[2026-07-14T07:40:03.300Z] node: [2026-07-14T07:40:03.296Z] Candidates  : 6
[2026-07-14T07:40:03.301Z] node: [2026-07-14T07:40:03.298Z] Deleted     : 6
[2026-07-14T07:40:03.303Z] node: [2026-07-14T07:40:03.299Z] Remaining   : 34
[2026-07-14T07:40:03.305Z] node: [2026-07-14T07:40:03.300Z] Failed      : 0
[2026-07-14T07:40:03.307Z] node: [2026-07-14T07:40:03.301Z] ------------------------------------------------------------
[2026-07-14T07:40:03.315Z] node: [2026-07-14T07:40:03.302Z] Target      : offsite-local-mirror
[2026-07-14T07:40:03.316Z] node: [2026-07-14T07:40:03.302Z] Directory   : D:\alpha-tech\server\recovery\offsite
[2026-07-14T07:40:03.316Z] node: [2026-07-14T07:40:03.302Z] Retention   : 7 day(s)
[2026-07-14T07:40:03.317Z] node: [2026-07-14T07:40:03.304Z] Scanned     : 0
[2026-07-14T07:40:03.319Z] node: [2026-07-14T07:40:03.306Z] Candidates  : 0
[2026-07-14T07:40:03.320Z] node: [2026-07-14T07:40:03.306Z] Deleted     : 0
[2026-07-14T07:40:03.321Z] node: [2026-07-14T07:40:03.306Z] Remaining   : 0
[2026-07-14T07:40:03.323Z] node: [2026-07-14T07:40:03.307Z] Failed      : 0
[2026-07-14T07:40:03.332Z] node: [2026-07-14T07:40:03.322Z] 🧾 JSON report: D:\alpha-tech\server\recovery\reports\retention-report-2026-07-14T07-40-03-314Z.json
[2026-07-14T07:40:03.333Z] node: [2026-07-14T07:40:03.322Z] 🧾 TXT report: D:\alpha-tech\server\recovery\reports\retention-report-2026-07-14T07-40-03-314Z.txt
[2026-07-14T07:40:03.334Z] node: [2026-07-14T07:40:03.322Z] ✅ Overall: PASS
[2026-07-14T07:40:03.345Z] ▶️  Run: node qbrs.js --manifest D:\alpha-tech\server\backups\alphatech_hardened_backup_v6_2026-07-14_2026-07-14T07-39-54-245Z.manifest.json --init --yes --reset-schema
[2026-07-14T07:40:03.692Z] node: [2026-07-14T07:40:03.690Z] ============================================================
[2026-07-14T07:40:03.696Z] node: [2026-07-14T07:40:03.695Z] 🚑 AlphaTech Restore Tool P1-HARDENED-RESTORE-V3-NODE-PG
[2026-07-14T07:40:03.699Z] node: [2026-07-14T07:40:03.696Z] ============================================================
[2026-07-14T07:40:03.743Z] node: [2026-07-14T07:40:03.743Z] ✅ Manifest loaded.
[2026-07-14T07:40:03.748Z] node: [2026-07-14T07:40:03.747Z] ✅ SQL file: D:\alpha-tech\server\backups\alphatech_hardened_backup_v6_2026-07-14_2026-07-14T07-39-54-245Z.sql
[2026-07-14T07:40:03.752Z] node: [2026-07-14T07:40:03.749Z] ✅ SHA256 verified: a7c0e3b2d9e92c579bfd0472bd437f00b60e5683762017d733afb6e154fa468e
[2026-07-14T07:40:03.757Z] node: [2026-07-14T07:40:03.750Z] 🎯 Target DB: postgresql://postgres:***@db.engqdeyzbvnmxbnpemau.supabase.co:5432/postgres
[2026-07-14T07:40:03.762Z] node: [2026-07-14T07:40:03.751Z] 🎯 Host: db.engqdeyzbvnmxbnpemau.supabase.co
[2026-07-14T07:40:03.766Z] node: [2026-07-14T07:40:03.751Z] 🎯 Port: 5432
[2026-07-14T07:40:03.768Z] node: [2026-07-14T07:40:03.754Z] 🎯 Database: postgres
[2026-07-14T07:40:03.771Z] node: [2026-07-14T07:40:03.755Z] 🎯 Schema: public
[2026-07-14T07:40:04.129Z] node: [2026-07-14T07:40:04.129Z] 🔌 Connected to target PostgreSQL successfully.
[2026-07-14T07:40:07.319Z] node: [2026-07-14T07:40:07.319Z] 📊 Existing tables: 70
[2026-07-14T07:40:07.320Z] node: [2026-07-14T07:40:07.320Z] 📦 Existing rows: 20253
[2026-07-14T07:40:07.323Z] node: [2026-07-14T07:40:07.322Z] 🔎 Product: 1585
[2026-07-14T07:40:07.325Z] node: [2026-07-14T07:40:07.322Z] 🔎 BranchPrice: 1583
[2026-07-14T07:40:07.326Z] node: [2026-07-14T07:40:07.323Z] 🔎 StockItem: 2007
[2026-07-14T07:40:07.326Z] node: [2026-07-14T07:40:07.323Z] 🔎 Sale: 10
[2026-07-14T07:40:07.327Z] node: [2026-07-14T07:40:07.323Z] 🔎 SaleItem: 25
[2026-07-14T07:40:07.327Z] node: [2026-07-14T07:40:07.323Z] 🔎 SaleItemSimple: 0
[2026-07-14T07:40:07.329Z] node: [2026-07-14T07:40:07.324Z] 🔎 Payment: 5
[2026-07-14T07:40:07.330Z] node: [2026-07-14T07:40:07.326Z] 🔎 PaymentItem: 5
[2026-07-14T07:40:07.578Z] node: [2026-07-14T07:40:07.578Z] 🧨 Resetting target schema "public" before restore...
[2026-07-14T07:40:07.579Z] node: [2026-07-14T07:40:07.579Z] 🛡️ This action is intended for Recovery / Standby DB only.
[2026-07-14T07:40:08.108Z] node: [2026-07-14T07:40:08.108Z] ✅ Schema "public" reset completed.
[2026-07-14T07:40:08.143Z] node: [2026-07-14T07:40:08.143Z] 🧱 Running Prisma db push against Recovery DB only...
[2026-07-14T07:40:08.144Z] node: [2026-07-14T07:40:08.143Z] 🛡️ DATABASE_URL is injected from RESTORE_DATABASE_URL/RECOVERY_DATABASE_URL for this process only.
[2026-07-14T07:40:11.729Z] node: [2026-07-14T07:40:11.729Z] npx stderr: Environment variables loaded from .env
[2026-07-14T07:40:11.733Z] node: [2026-07-14T07:40:11.732Z] npx: Prisma schema loaded from prisma\schema.prisma
[2026-07-14T07:40:11.748Z] node: [2026-07-14T07:40:11.748Z] npx: Datasource "db": PostgreSQL database "postgres", schema "public" at "db.engqdeyzbvnmxbnpemau.supabase.co:5432"
[2026-07-14T07:40:27.318Z] node: [2026-07-14T07:40:27.318Z] npx: Your database is now in sync with your Prisma schema. Done in 14.98s
[2026-07-14T07:40:27.323Z] node: [2026-07-14T07:40:27.321Z] npx: Running generate... (Use --skip-generate to skip the generators)
[2026-07-14T07:40:28.203Z] node: [2026-07-14T07:40:28.203Z] npx: [2K[1A[2K[GRunning generate... - Prisma Client
[2026-07-14T07:40:29.485Z] node: [2026-07-14T07:40:29.485Z] npx: [2K[1A[2K[GEPERM: operation not permitted, rename 'D:\alpha-tech\server\node_modules\.prism
[2026-07-14T07:40:29.486Z] node: [2026-07-14T07:40:29.485Z] npx: a\client\query_engine-windows.dll.node.tmp24900' -> 'D:\alpha-tech\server\node_m
[2026-07-14T07:40:29.487Z] node: [2026-07-14T07:40:29.485Z] npx: odules\.prisma\client\query_engine-windows.dll.node'
[2026-07-14T07:40:29.544Z] node: [2026-07-14T07:40:29.543Z] ✅ Prisma db push completed for Recovery DB.
[2026-07-14T07:40:32.705Z] node: [2026-07-14T07:40:32.705Z] 📊 Existing tables: 70
[2026-07-14T07:40:32.706Z] node: [2026-07-14T07:40:32.705Z] 📦 Existing rows: 0
[2026-07-14T07:40:32.707Z] node: [2026-07-14T07:40:32.706Z] 🔎 Product: 0
[2026-07-14T07:40:32.709Z] node: [2026-07-14T07:40:32.707Z] 🔎 BranchPrice: 0
[2026-07-14T07:40:32.709Z] node: [2026-07-14T07:40:32.709Z] 🔎 StockItem: 0
[2026-07-14T07:40:32.710Z] node: [2026-07-14T07:40:32.710Z] 🔎 Sale: 0
[2026-07-14T07:40:32.711Z] node: [2026-07-14T07:40:32.711Z] 🔎 SaleItem: 0
[2026-07-14T07:40:32.712Z] node: [2026-07-14T07:40:32.712Z] 🔎 SaleItemSimple: 0
[2026-07-14T07:40:32.713Z] node: [2026-07-14T07:40:32.713Z] 🔎 Payment: 0
[2026-07-14T07:40:32.714Z] node: [2026-07-14T07:40:32.714Z] 🔎 PaymentItem: 0
[2026-07-14T07:40:32.796Z] node: [2026-07-14T07:40:32.796Z] 📖 SQL loaded into memory (7.44 MB).
[2026-07-14T07:40:32.796Z] node: [2026-07-14T07:40:32.796Z] 🚚 Starting SQL restore via Node.js pg client...
[2026-07-14T07:40:36.247Z] node: [2026-07-14T07:40:36.247Z] ✅ SQL restore completed via Node.js pg client.
[2026-07-14T07:40:39.072Z] node: [2026-07-14T07:40:39.071Z] ✅ Restore verification PASS (70 tables checked).
[2026-07-14T07:40:39.074Z] node: [2026-07-14T07:40:39.072Z] 🎉 Restore completed successfully in 35.38 seconds.
[2026-07-14T07:40:39.096Z] ▶️  Run: node recovery/verify/qbv.js
[2026-07-14T07:40:39.274Z] node: [2026-07-14T07:40:39.272Z] ============================================================
[2026-07-14T07:40:39.287Z] node: [2026-07-14T07:40:39.287Z] 🔎 AlphaTech Integrity Verification ALPHATECH-RECOVERY-VERIFY-V1
[2026-07-14T07:40:39.290Z] node: [2026-07-14T07:40:39.289Z] ============================================================
[2026-07-14T07:40:39.303Z] node: [2026-07-14T07:40:39.290Z] Collecting Production snapshot...
[2026-07-14T07:40:50.080Z] node: [2026-07-14T07:40:50.080Z] Collecting Recovery snapshot...
[2026-07-14T07:41:00.531Z] node: [2026-07-14T07:41:00.531Z] Comparing snapshots...
[2026-07-14T07:41:00.546Z] node: [2026-07-14T07:41:00.545Z] 🧾 JSON report: D:\alpha-tech\server\recovery\reports\verification-report_2026-07-14T07-41-00-537Z.json
[2026-07-14T07:41:00.552Z] node: [2026-07-14T07:41:00.551Z] 🧾 TXT report: D:\alpha-tech\server\recovery\reports\verification-report_2026-07-14T07-41-00-537Z.txt
[2026-07-14T07:41:00.553Z] node: [2026-07-14T07:41:00.553Z] ✅ Overall: FAIL
[2026-07-14T07:41:00.579Z] 🧾 Job manifest: D:\alpha-tech\server\recovery\jobs\job-2026-07-14T07-39-48-946Z.json
[2026-07-14T07:41:00.581Z] ❌ Job result: FAIL exitCode=40
