[2026-07-12T13:39:48.953Z] ============================================================
[2026-07-12T13:39:48.961Z] 🧭 AlphaTech Recovery Retention Workflow ALPHATECH-RECOVERY-JOB-RUNNER-V7-R2-RETENTION
[2026-07-12T13:39:48.961Z] ============================================================
[2026-07-12T13:39:48.962Z] Mode: backup-workflow
[2026-07-12T13:39:48.963Z] ▶️  Run: node recovery/health/healthCheck.js
[2026-07-12T13:39:49.156Z] node: [2026-07-12T13:39:49.154Z] ============================================================
[2026-07-12T13:39:49.157Z] node: [2026-07-12T13:39:49.157Z] 🩺 AlphaTech Recovery Health Check ALPHATECH-RECOVERY-HEALTH-CHECK-V1
[2026-07-12T13:39:49.158Z] node: [2026-07-12T13:39:49.158Z] ============================================================
[2026-07-12T13:39:49.979Z] node: [2026-07-12T13:39:49.979Z] 🧾 JSON report: D:\alpha-tech\server\recovery\reports\health-check-2026-07-12T13-39-49-978Z.json
[2026-07-12T13:39:49.980Z] node: [2026-07-12T13:39:49.980Z] 🧾 TXT report: D:\alpha-tech\server\recovery\reports\health-check-2026-07-12T13-39-49-978Z.txt
[2026-07-12T13:39:49.980Z] node: [2026-07-12T13:39:49.980Z] ✅ Overall: PASS
[2026-07-12T13:39:49.993Z] ▶️  Run: node qb.js
[2026-07-12T13:39:50.610Z] node: 🔌 Connected to PostgreSQL successfully.
[2026-07-12T13:39:50.619Z] node: ⏳ Starting P1 Hardened Backup v6 Type-aware + generic self-reference FK safe restore...
[2026-07-12T13:39:54.420Z] node: 📦 Exporting table: Bank
[2026-07-12T13:39:54.462Z] node: 📦 Exporting table: Brand
[2026-07-12T13:39:54.506Z] node: 📦 Exporting table: Category
[2026-07-12T13:39:54.544Z] node: 📦 Exporting table: GlobalProductType
[2026-07-12T13:39:54.582Z] node: 📦 Exporting table: Position
[2026-07-12T13:39:54.619Z] node: 📦 Exporting table: Province
[2026-07-12T13:39:54.656Z] node: 📦 Exporting table: District
[2026-07-12T13:39:54.716Z] node: 📦 Exporting table: Subdistrict
[2026-07-12T13:39:54.915Z] node: 📦 Exporting table: Branch
[2026-07-12T13:39:54.954Z] node: 📦 Exporting table: BarcodeCounter
[2026-07-12T13:39:54.993Z] node: 📦 Exporting table: PaymentCodeCounter
[2026-07-12T13:39:55.030Z] node: 📦 Exporting table: ProductType
[2026-07-12T13:39:55.071Z] node: 📦 Exporting table: ProductTypeBrand
[2026-07-12T13:39:55.115Z] node: 📦 Exporting table: Supplier
[2026-07-12T13:39:55.152Z] node: 📦 Exporting table: Unit
[2026-07-12T13:39:55.189Z] node: 📦 Exporting table: Product
[2026-07-12T13:39:55.298Z] node: 📦 Exporting table: BranchPrice
[2026-07-12T13:39:55.387Z] node: 📦 Exporting table: ProductImage
[2026-07-12T13:39:55.423Z] node: 📦 Exporting table: StockBalance
[2026-07-12T13:39:55.479Z] node: 📦 Exporting table: User
[2026-07-12T13:39:55.522Z] node: 📦 Exporting table: CustomerProfile
[2026-07-12T13:39:55.567Z] node: 📦 Exporting table: Cart
[2026-07-12T13:39:55.604Z] node: 📦 Exporting table: CartItem
[2026-07-12T13:39:55.641Z] node: 📦 Exporting table: EmployeeProfile
[2026-07-12T13:39:55.679Z] node: 📦 Exporting table: CombinedBillingDocument
[2026-07-12T13:39:55.715Z] node: 📦 Exporting table: CombinedSaleDocument
[2026-07-12T13:39:55.752Z] node: 📦 Exporting table: CustomerDeposit
[2026-07-12T13:39:55.789Z] node: 📦 Exporting table: CustomerReceipts
[2026-07-12T13:39:55.827Z] node: 📦 Exporting table: InputTaxFilingBatch
[2026-07-12T13:39:55.863Z] node: 📦 Exporting table: Order
[2026-07-12T13:39:55.899Z] node: 📦 Exporting table: OrderOnline
[2026-07-12T13:39:55.935Z] node: 📦 Exporting table: OrderOnlineItem
[2026-07-12T13:39:55.972Z] node: 📦 Exporting table: PasswordResetToken
[2026-07-12T13:39:56.008Z] node: 📦 Exporting table: ProductOnOrder
[2026-07-12T13:39:56.044Z] node: 📦 Exporting table: PurchaseOrder
[2026-07-12T13:39:56.081Z] node: 📦 Exporting table: PurchaseOrderItem
[2026-07-12T13:39:56.117Z] node: 📦 Exporting table: PurchaseOrderReceipt
[2026-07-12T13:39:56.155Z] node: 📦 Exporting table: InputTaxFilingItem
[2026-07-12T13:39:56.191Z] node: 📦 Exporting table: PurchaseOrderReceiptItem
[2026-07-12T13:39:56.228Z] node: 📦 Exporting table: RefreshToken
[2026-07-12T13:39:56.461Z] node: 📦 Exporting table: Sale
[2026-07-12T13:39:56.500Z] node: 📦 Exporting table: CustomerReceiptAllocations
[2026-07-12T13:39:56.536Z] node: 📦 Exporting table: Payment
[2026-07-12T13:39:56.573Z] node: 📦 Exporting table: DepositUsage
[2026-07-12T13:39:56.611Z] node: 📦 Exporting table: PaymentItem
[2026-07-12T13:39:56.648Z] node: 📦 Exporting table: SaleReturn
[2026-07-12T13:39:56.685Z] node: 📦 Exporting table: RefundTransaction
[2026-07-12T13:39:56.721Z] node: 📦 Exporting table: SalesTaxFilingBatch
[2026-07-12T13:39:56.758Z] node: 📦 Exporting table: SalesTaxFilingItem
[2026-07-12T13:39:56.796Z] node: 📦 Exporting table: ServiceOrder
[2026-07-12T13:39:56.833Z] node: 📦 Exporting table: ServiceItem
[2026-07-12T13:39:56.869Z] node: 📦 Exporting table: SimpleLot
[2026-07-12T13:39:56.906Z] node: 📦 Exporting table: SaleItemSimple
[2026-07-12T13:39:56.942Z] node: 📦 Exporting table: SaleReturnItemSimple
[2026-07-12T13:39:56.979Z] node: 📦 Exporting table: StockAuditSession
[2026-07-12T13:39:57.015Z] node: 📦 Exporting table: StockItem
[2026-07-12T13:39:57.123Z] node: 📦 Exporting table: BarcodeReceiptItem
[2026-07-12T13:39:57.160Z] node: 📦 Exporting table: RepairJob
[2026-07-12T13:39:57.196Z] node: 📦 Exporting table: RepairPartItem
[2026-07-12T13:39:57.233Z] node: 📦 Exporting table: SaleItem
[2026-07-12T13:39:57.270Z] node: 📦 Exporting table: SaleReturnItem
[2026-07-12T13:39:57.307Z] node: 📦 Exporting table: StockAuditScanLog
[2026-07-12T13:39:57.344Z] node: 📦 Exporting table: StockAuditSnapshotItem
[2026-07-12T13:39:57.380Z] node: 📦 Exporting table: StockMovement
[2026-07-12T13:39:57.427Z] node: 📦 Exporting table: SupplierPayment
[2026-07-12T13:39:57.464Z] node: 📦 Exporting table: SupplierPaymentReceipt
[2026-07-12T13:39:57.501Z] node: 📦 Exporting table: V2CustomerDeposit
[2026-07-12T13:39:57.538Z] node: 📦 Exporting table: V2StockAudit
[2026-07-12T13:39:57.574Z] node: 📦 Exporting table: V2StockAuditItem
[2026-07-12T13:39:57.611Z] node: 📦 Exporting table: WarrantyClaim
[2026-07-12T13:40:00.319Z] node: 🎉 P1 Hardened Backup v6 Type-aware + generic self-reference FK safe restore completed successfully.
[2026-07-12T13:40:00.320Z] node: 💾 Backup file: D:\alpha-tech\server\backups\alphatech_hardened_backup_v6_2026-07-12_2026-07-12T13-39-54-381Z.sql
[2026-07-12T13:40:00.322Z] node: 🧾 Manifest file: D:\alpha-tech\server\backups\alphatech_hardened_backup_v6_2026-07-12_2026-07-12T13-39-54-381Z.manifest.json
[2026-07-12T13:40:00.322Z] node: 📊 Tables exported: 70
[2026-07-12T13:40:00.323Z] node: 📦 Rows exported: 18821
[2026-07-12T13:40:00.323Z] node: 🔢 Sequences prepared: 67
[2026-07-12T13:40:00.323Z] node: 🔐 SHA256: 4c0cb7a1405c68fbaaef598338fc2813bd034d3fa20ac5da3ff2d2c2705a8df9
[2026-07-12T13:40:00.323Z] node: 📐 File size: 6.06 MB
[2026-07-12T13:40:00.324Z] node: ⏱️ Duration: 7.39 seconds
[2026-07-12T13:40:00.324Z] node: ✅ Verification: PASS (70 tables checked)
[2026-07-12T13:40:00.391Z] ▶️  Run: node recovery/upload/uploadBackup.js --manifest D:\alpha-tech\server\backups\alphatech_hardened_backup_v6_2026-07-12_2026-07-12T13-39-54-381Z.manifest.json
[2026-07-12T13:40:00.493Z] node: [2026-07-12T13:40:00.488Z] ============================================================
[2026-07-12T13:40:00.495Z] node: [2026-07-12T13:40:00.495Z] AlphaTech Recovery Upload ALPHATECH-RECOVERY-UPLOAD-V2-S3-COMPATIBLE
[2026-07-12T13:40:00.496Z] node: [2026-07-12T13:40:00.495Z] ============================================================
[2026-07-12T13:40:00.738Z] node stderr: (node:11612) Warning: NodeVersionSupportWarning: The AWS SDK for JavaScript (v3)
[2026-07-12T13:40:00.739Z] node stderr: versions published after the first week of January 2027
[2026-07-12T13:40:00.739Z] node stderr: will require node >=22. You are running node v20.19.0.
[2026-07-12T13:40:00.739Z] node stderr: To continue receiving updates to AWS services, bug fixes,
[2026-07-12T13:40:00.740Z] node stderr: and security updates please upgrade to node >=22.
[2026-07-12T13:40:00.740Z] node stderr: More information can be found at: https://a.co/c895JFp
[2026-07-12T13:40:00.740Z] node stderr: (Use `node --trace-warnings ...` to show where the warning was created)
[2026-07-12T13:40:03.920Z] node: [2026-07-12T13:40:03.912Z] JSON report: D:\alpha-tech\server\recovery\reports\upload-report-2026-07-12T13-40-03-910Z.json
[2026-07-12T13:40:03.923Z] node: [2026-07-12T13:40:03.912Z] TXT report: D:\alpha-tech\server\recovery\reports\upload-report-2026-07-12T13-40-03-910Z.txt
[2026-07-12T13:40:03.924Z] node: [2026-07-12T13:40:03.912Z] Overall: PASS
[2026-07-12T13:40:04.537Z] ------------------------------------------------------------
[2026-07-12T13:40:04.538Z] Target      : cloudflare-r2
[2026-07-12T13:40:04.538Z] Bucket      : saduaksabuy-recovery
[2026-07-12T13:40:04.539Z] Prefix      : alphatech-production/
[2026-07-12T13:40:04.541Z] Retention   : 7 day(s)
[2026-07-12T13:40:04.541Z] Mode        : APPLY
[2026-07-12T13:40:04.542Z] Scanned     : 66
[2026-07-12T13:40:04.542Z] Candidates  : 0
[2026-07-12T13:40:04.542Z] Deleted     : 0
[2026-07-12T13:40:04.542Z] Remaining   : 66
[2026-07-12T13:40:04.543Z] Failed      : 0
[2026-07-12T13:40:04.543Z] ▶️  Run: node recovery/retention/retentionPolicy.js --apply
[2026-07-12T13:40:04.636Z] node: [2026-07-12T13:40:04.630Z] ============================================================
[2026-07-12T13:40:04.638Z] node: [2026-07-12T13:40:04.638Z] 🧹 AlphaTech Recovery Retention ALPHATECH-RECOVERY-RETENTION-V1
[2026-07-12T13:40:04.639Z] node: [2026-07-12T13:40:04.638Z] ============================================================
[2026-07-12T13:40:04.640Z] node: [2026-07-12T13:40:04.638Z] Mode: APPLY
[2026-07-12T13:40:04.649Z] node: [2026-07-12T13:40:04.649Z] ------------------------------------------------------------
[2026-07-12T13:40:04.650Z] node: [2026-07-12T13:40:04.650Z] Target      : local-backups
[2026-07-12T13:40:04.650Z] node: [2026-07-12T13:40:04.650Z] Directory   : D:\alpha-tech\server\backups
[2026-07-12T13:40:04.651Z] node: [2026-07-12T13:40:04.650Z] Retention   : 3 day(s)
[2026-07-12T13:40:04.651Z] node: [2026-07-12T13:40:04.651Z] Scanned     : 46
[2026-07-12T13:40:04.651Z] node: [2026-07-12T13:40:04.651Z] Candidates  : 2
[2026-07-12T13:40:04.652Z] node: [2026-07-12T13:40:04.651Z] Deleted     : 2
[2026-07-12T13:40:04.652Z] node: [2026-07-12T13:40:04.652Z] Remaining   : 44
[2026-07-12T13:40:04.652Z] node: [2026-07-12T13:40:04.652Z] Failed      : 0
[2026-07-12T13:40:04.652Z] node: [2026-07-12T13:40:04.652Z] ------------------------------------------------------------
[2026-07-12T13:40:04.653Z] node: [2026-07-12T13:40:04.652Z] Target      : offsite-local-mirror
[2026-07-12T13:40:04.653Z] node: [2026-07-12T13:40:04.653Z] Directory   : D:\alpha-tech\server\recovery\offsite
[2026-07-12T13:40:04.653Z] node: [2026-07-12T13:40:04.653Z] Retention   : 7 day(s)
[2026-07-12T13:40:04.654Z] node: [2026-07-12T13:40:04.653Z] Scanned     : 12
[2026-07-12T13:40:04.654Z] node: [2026-07-12T13:40:04.654Z] Candidates  : 0
[2026-07-12T13:40:04.654Z] node: [2026-07-12T13:40:04.654Z] Deleted     : 0
[2026-07-12T13:40:04.654Z] node: [2026-07-12T13:40:04.654Z] Remaining   : 12
[2026-07-12T13:40:04.655Z] node: [2026-07-12T13:40:04.654Z] Failed      : 0
[2026-07-12T13:40:04.659Z] node: [2026-07-12T13:40:04.659Z] 🧾 JSON report: D:\alpha-tech\server\recovery\reports\retention-report-2026-07-12T13-40-04-655Z.json
[2026-07-12T13:40:04.660Z] node: [2026-07-12T13:40:04.659Z] 🧾 TXT report: D:\alpha-tech\server\recovery\reports\retention-report-2026-07-12T13-40-04-655Z.txt
[2026-07-12T13:40:04.660Z] node: [2026-07-12T13:40:04.660Z] ✅ Overall: PASS
[2026-07-12T13:40:04.670Z] ▶️  Run: node qbrs.js --manifest D:\alpha-tech\server\backups\alphatech_hardened_backup_v6_2026-07-12_2026-07-12T13-39-54-381Z.manifest.json --init --yes --reset-schema
[2026-07-12T13:40:04.825Z] node: [2026-07-12T13:40:04.823Z] ============================================================
[2026-07-12T13:40:04.827Z] node: [2026-07-12T13:40:04.827Z] 🚑 AlphaTech Restore Tool P1-HARDENED-RESTORE-V3-NODE-PG
[2026-07-12T13:40:04.828Z] node: [2026-07-12T13:40:04.828Z] ============================================================
[2026-07-12T13:40:04.856Z] node: [2026-07-12T13:40:04.856Z] ✅ Manifest loaded.
[2026-07-12T13:40:04.856Z] node: [2026-07-12T13:40:04.856Z] ✅ SQL file: D:\alpha-tech\server\backups\alphatech_hardened_backup_v6_2026-07-12_2026-07-12T13-39-54-381Z.sql
[2026-07-12T13:40:04.857Z] node: [2026-07-12T13:40:04.858Z] ✅ SHA256 verified: 4c0cb7a1405c68fbaaef598338fc2813bd034d3fa20ac5da3ff2d2c2705a8df9
[2026-07-12T13:40:04.858Z] node: [2026-07-12T13:40:04.858Z] 🎯 Target DB: postgresql://postgres:***@db.engqdeyzbvnmxbnpemau.supabase.co:5432/postgres
[2026-07-12T13:40:04.859Z] node: [2026-07-12T13:40:04.859Z] 🎯 Host: db.engqdeyzbvnmxbnpemau.supabase.co
[2026-07-12T13:40:04.859Z] node: [2026-07-12T13:40:04.860Z] 🎯 Port: 5432
[2026-07-12T13:40:04.860Z] node: [2026-07-12T13:40:04.860Z] 🎯 Database: postgres
[2026-07-12T13:40:04.860Z] node: [2026-07-12T13:40:04.860Z] 🎯 Schema: public
[2026-07-12T13:40:05.219Z] node: [2026-07-12T13:40:05.219Z] 🔌 Connected to target PostgreSQL successfully.
[2026-07-12T13:40:08.614Z] node: [2026-07-12T13:40:08.614Z] 📊 Existing tables: 70
[2026-07-12T13:40:08.615Z] node: [2026-07-12T13:40:08.615Z] 📦 Existing rows: 18611
[2026-07-12T13:40:08.616Z] node: [2026-07-12T13:40:08.615Z] 🔎 Product: 1383
[2026-07-12T13:40:08.616Z] node: [2026-07-12T13:40:08.615Z] 🔎 BranchPrice: 1381
[2026-07-12T13:40:08.617Z] node: [2026-07-12T13:40:08.615Z] 🔎 StockItem: 1499
[2026-07-12T13:40:08.617Z] node: [2026-07-12T13:40:08.616Z] 🔎 Sale: 6
[2026-07-12T13:40:08.617Z] node: [2026-07-12T13:40:08.616Z] 🔎 SaleItem: 8
[2026-07-12T13:40:08.618Z] node: [2026-07-12T13:40:08.616Z] 🔎 SaleItemSimple: 0
[2026-07-12T13:40:08.618Z] node: [2026-07-12T13:40:08.616Z] 🔎 Payment: 4
[2026-07-12T13:40:08.618Z] node: [2026-07-12T13:40:08.616Z] 🔎 PaymentItem: 4
[2026-07-12T13:40:08.879Z] node: [2026-07-12T13:40:08.880Z] 🧨 Resetting target schema "public" before restore...
[2026-07-12T13:40:08.880Z] node: [2026-07-12T13:40:08.880Z] 🛡️ This action is intended for Recovery / Standby DB only.
[2026-07-12T13:40:09.338Z] node: [2026-07-12T13:40:09.338Z] ✅ Schema "public" reset completed.
[2026-07-12T13:40:09.375Z] node: [2026-07-12T13:40:09.375Z] 🧱 Running Prisma db push against Recovery DB only...
[2026-07-12T13:40:09.375Z] node: [2026-07-12T13:40:09.375Z] 🛡️ DATABASE_URL is injected from RESTORE_DATABASE_URL/RECOVERY_DATABASE_URL for this process only.
[2026-07-12T13:40:13.881Z] node: [2026-07-12T13:40:13.882Z] npx stderr: Environment variables loaded from .env
[2026-07-12T13:40:13.883Z] node: [2026-07-12T13:40:13.883Z] npx: Prisma schema loaded from prisma\schema.prisma
[2026-07-12T13:40:13.896Z] node: [2026-07-12T13:40:13.897Z] npx: Datasource "db": PostgreSQL database "postgres", schema "public" at "db.engqdeyzbvnmxbnpemau.supabase.co:5432"
[2026-07-12T13:40:30.174Z] node: [2026-07-12T13:40:30.173Z] npx: Your database is now in sync with your Prisma schema. Done in 15.68s
[2026-07-12T13:40:30.175Z] node: [2026-07-12T13:40:30.176Z] npx: Running generate... (Use --skip-generate to skip the generators)
[2026-07-12T13:40:31.840Z] node: [2026-07-12T13:40:31.841Z] npx: [2K[1A[2K[GRunning generate... - Prisma Client
[2026-07-12T13:40:33.851Z] node: [2026-07-12T13:40:33.851Z] npx: [2K[1A[2K[G✔ Generated Prisma Client (v6.16.2) to .\node_modules\.prisma\client in 2.01s
[2026-07-12T13:40:33.911Z] node: [2026-07-12T13:40:33.911Z] ✅ Prisma db push completed for Recovery DB.
[2026-07-12T13:40:36.988Z] node: [2026-07-12T13:40:36.988Z] 📊 Existing tables: 70
[2026-07-12T13:40:36.994Z] node: [2026-07-12T13:40:36.989Z] 📦 Existing rows: 0
[2026-07-12T13:40:36.994Z] node: [2026-07-12T13:40:36.989Z] 🔎 Product: 0
[2026-07-12T13:40:36.995Z] node: [2026-07-12T13:40:36.989Z] 🔎 BranchPrice: 0
[2026-07-12T13:40:36.996Z] node: [2026-07-12T13:40:36.989Z] 🔎 StockItem: 0
[2026-07-12T13:40:36.997Z] node: [2026-07-12T13:40:36.989Z] 🔎 Sale: 0
[2026-07-12T13:40:36.998Z] node: [2026-07-12T13:40:36.989Z] 🔎 SaleItem: 0
[2026-07-12T13:40:36.999Z] node: [2026-07-12T13:40:36.990Z] 🔎 SaleItemSimple: 0
[2026-07-12T13:40:36.999Z] node: [2026-07-12T13:40:36.990Z] 🔎 Payment: 0
[2026-07-12T13:40:37.014Z] node: [2026-07-12T13:40:36.994Z] 🔎 PaymentItem: 0
[2026-07-12T13:40:37.079Z] node: [2026-07-12T13:40:37.079Z] 📖 SQL loaded into memory (6.06 MB).
[2026-07-12T13:40:37.079Z] node: [2026-07-12T13:40:37.080Z] 🚚 Starting SQL restore via Node.js pg client...
[2026-07-12T13:40:39.919Z] node: [2026-07-12T13:40:39.920Z] ✅ SQL restore completed via Node.js pg client.
[2026-07-12T13:40:42.824Z] node: [2026-07-12T13:40:42.824Z] ✅ Restore verification PASS (70 tables checked).
[2026-07-12T13:40:42.824Z] node: [2026-07-12T13:40:42.824Z] 🎉 Restore completed successfully in 38.00 seconds.
[2026-07-12T13:40:42.839Z] ▶️  Run: node recovery/verify/qbv.js
[2026-07-12T13:40:42.992Z] node: [2026-07-12T13:40:42.990Z] ============================================================
[2026-07-12T13:40:42.993Z] node: [2026-07-12T13:40:42.994Z] 🔎 AlphaTech Integrity Verification ALPHATECH-RECOVERY-VERIFY-V1
[2026-07-12T13:40:42.994Z] node: [2026-07-12T13:40:42.994Z] ============================================================
[2026-07-12T13:40:42.994Z] node: [2026-07-12T13:40:42.994Z] Collecting Production snapshot...
[2026-07-12T13:40:54.355Z] node: [2026-07-12T13:40:54.355Z] Collecting Recovery snapshot...
[2026-07-12T13:41:04.932Z] node: [2026-07-12T13:41:04.932Z] Comparing snapshots...
[2026-07-12T13:41:04.940Z] node: [2026-07-12T13:41:04.940Z] 🧾 JSON report: D:\alpha-tech\server\recovery\reports\verification-report_2026-07-12T13-41-04-936Z.json
[2026-07-12T13:41:04.941Z] node: [2026-07-12T13:41:04.940Z] 🧾 TXT report: D:\alpha-tech\server\recovery\reports\verification-report_2026-07-12T13-41-04-936Z.txt
[2026-07-12T13:41:04.944Z] node: [2026-07-12T13:41:04.941Z] ✅ Overall: PASS
[2026-07-12T13:41:04.957Z] 🧾 Job manifest: D:\alpha-tech\server\recovery\jobs\job-2026-07-12T13-39-48-950Z.json
[2026-07-12T13:41:04.957Z] ✅ Job result: PASS exitCode=0
