[2026-07-10T13:39:48.861Z] ============================================================
[2026-07-10T13:39:48.869Z] 🧭 AlphaTech Recovery Retention Workflow ALPHATECH-RECOVERY-JOB-RUNNER-V7-R2-RETENTION
[2026-07-10T13:39:48.869Z] ============================================================
[2026-07-10T13:39:48.869Z] Mode: backup-workflow
[2026-07-10T13:39:48.870Z] ▶️  Run: node recovery/health/healthCheck.js
[2026-07-10T13:39:49.053Z] node: [2026-07-10T13:39:49.051Z] ============================================================
[2026-07-10T13:39:49.054Z] node: [2026-07-10T13:39:49.054Z] 🩺 AlphaTech Recovery Health Check ALPHATECH-RECOVERY-HEALTH-CHECK-V1
[2026-07-10T13:39:49.054Z] node: [2026-07-10T13:39:49.055Z] ============================================================
[2026-07-10T13:39:49.917Z] node: [2026-07-10T13:39:49.918Z] 🧾 JSON report: D:\alpha-tech\server\recovery\reports\health-check-2026-07-10T13-39-49-916Z.json
[2026-07-10T13:39:49.918Z] node: [2026-07-10T13:39:49.918Z] 🧾 TXT report: D:\alpha-tech\server\recovery\reports\health-check-2026-07-10T13-39-49-916Z.txt
[2026-07-10T13:39:49.918Z] node: [2026-07-10T13:39:49.918Z] ✅ Overall: PASS
[2026-07-10T13:39:49.930Z] ▶️  Run: node qb.js
[2026-07-10T13:39:50.398Z] node: 🔌 Connected to PostgreSQL successfully.
[2026-07-10T13:39:50.407Z] node: ⏳ Starting P1 Hardened Backup v6 Type-aware + generic self-reference FK safe restore...
[2026-07-10T13:39:54.011Z] node: 📦 Exporting table: Bank
[2026-07-10T13:39:54.065Z] node: 📦 Exporting table: Brand
[2026-07-10T13:39:54.094Z] node: 📦 Exporting table: Category
[2026-07-10T13:39:54.131Z] node: 📦 Exporting table: GlobalProductType
[2026-07-10T13:39:54.168Z] node: 📦 Exporting table: Position
[2026-07-10T13:39:54.204Z] node: 📦 Exporting table: Province
[2026-07-10T13:39:54.242Z] node: 📦 Exporting table: District
[2026-07-10T13:39:54.299Z] node: 📦 Exporting table: Subdistrict
[2026-07-10T13:39:54.496Z] node: 📦 Exporting table: Branch
[2026-07-10T13:39:54.535Z] node: 📦 Exporting table: BarcodeCounter
[2026-07-10T13:39:54.571Z] node: 📦 Exporting table: PaymentCodeCounter
[2026-07-10T13:39:54.607Z] node: 📦 Exporting table: ProductType
[2026-07-10T13:39:54.647Z] node: 📦 Exporting table: ProductTypeBrand
[2026-07-10T13:39:54.688Z] node: 📦 Exporting table: Supplier
[2026-07-10T13:39:54.724Z] node: 📦 Exporting table: Unit
[2026-07-10T13:39:54.760Z] node: 📦 Exporting table: Product
[2026-07-10T13:39:54.842Z] node: 📦 Exporting table: BranchPrice
[2026-07-10T13:39:54.904Z] node: 📦 Exporting table: ProductImage
[2026-07-10T13:39:54.941Z] node: 📦 Exporting table: StockBalance
[2026-07-10T13:39:54.983Z] node: 📦 Exporting table: User
[2026-07-10T13:39:55.026Z] node: 📦 Exporting table: CustomerProfile
[2026-07-10T13:39:55.068Z] node: 📦 Exporting table: Cart
[2026-07-10T13:39:55.104Z] node: 📦 Exporting table: CartItem
[2026-07-10T13:39:55.141Z] node: 📦 Exporting table: EmployeeProfile
[2026-07-10T13:39:55.178Z] node: 📦 Exporting table: CombinedBillingDocument
[2026-07-10T13:39:55.214Z] node: 📦 Exporting table: CombinedSaleDocument
[2026-07-10T13:39:55.250Z] node: 📦 Exporting table: CustomerDeposit
[2026-07-10T13:39:55.286Z] node: 📦 Exporting table: CustomerReceipts
[2026-07-10T13:39:55.323Z] node: 📦 Exporting table: InputTaxFilingBatch
[2026-07-10T13:39:55.360Z] node: 📦 Exporting table: Order
[2026-07-10T13:39:55.396Z] node: 📦 Exporting table: OrderOnline
[2026-07-10T13:39:55.432Z] node: 📦 Exporting table: OrderOnlineItem
[2026-07-10T13:39:55.468Z] node: 📦 Exporting table: PasswordResetToken
[2026-07-10T13:39:55.505Z] node: 📦 Exporting table: ProductOnOrder
[2026-07-10T13:39:55.542Z] node: 📦 Exporting table: PurchaseOrder
[2026-07-10T13:39:55.578Z] node: 📦 Exporting table: PurchaseOrderItem
[2026-07-10T13:39:55.616Z] node: 📦 Exporting table: PurchaseOrderReceipt
[2026-07-10T13:39:55.653Z] node: 📦 Exporting table: InputTaxFilingItem
[2026-07-10T13:39:55.689Z] node: 📦 Exporting table: PurchaseOrderReceiptItem
[2026-07-10T13:39:55.726Z] node: 📦 Exporting table: RefreshToken
[2026-07-10T13:39:55.914Z] node: 📦 Exporting table: Sale
[2026-07-10T13:39:55.950Z] node: 📦 Exporting table: CustomerReceiptAllocations
[2026-07-10T13:39:55.987Z] node: 📦 Exporting table: Payment
[2026-07-10T13:39:56.023Z] node: 📦 Exporting table: DepositUsage
[2026-07-10T13:39:56.059Z] node: 📦 Exporting table: PaymentItem
[2026-07-10T13:39:56.096Z] node: 📦 Exporting table: SaleReturn
[2026-07-10T13:39:56.132Z] node: 📦 Exporting table: RefundTransaction
[2026-07-10T13:39:56.168Z] node: 📦 Exporting table: SalesTaxFilingBatch
[2026-07-10T13:39:56.204Z] node: 📦 Exporting table: SalesTaxFilingItem
[2026-07-10T13:39:56.241Z] node: 📦 Exporting table: ServiceOrder
[2026-07-10T13:39:56.277Z] node: 📦 Exporting table: ServiceItem
[2026-07-10T13:39:56.313Z] node: 📦 Exporting table: SimpleLot
[2026-07-10T13:39:56.349Z] node: 📦 Exporting table: SaleItemSimple
[2026-07-10T13:39:56.385Z] node: 📦 Exporting table: SaleReturnItemSimple
[2026-07-10T13:39:56.422Z] node: 📦 Exporting table: StockAuditSession
[2026-07-10T13:39:56.458Z] node: 📦 Exporting table: StockItem
[2026-07-10T13:39:56.523Z] node: 📦 Exporting table: BarcodeReceiptItem
[2026-07-10T13:39:56.559Z] node: 📦 Exporting table: RepairJob
[2026-07-10T13:39:56.595Z] node: 📦 Exporting table: RepairPartItem
[2026-07-10T13:39:56.631Z] node: 📦 Exporting table: SaleItem
[2026-07-10T13:39:56.669Z] node: 📦 Exporting table: SaleReturnItem
[2026-07-10T13:39:56.706Z] node: 📦 Exporting table: StockAuditScanLog
[2026-07-10T13:39:56.742Z] node: 📦 Exporting table: StockAuditSnapshotItem
[2026-07-10T13:39:56.778Z] node: 📦 Exporting table: StockMovement
[2026-07-10T13:39:56.821Z] node: 📦 Exporting table: SupplierPayment
[2026-07-10T13:39:56.857Z] node: 📦 Exporting table: SupplierPaymentReceipt
[2026-07-10T13:39:56.893Z] node: 📦 Exporting table: V2CustomerDeposit
[2026-07-10T13:39:56.929Z] node: 📦 Exporting table: V2StockAudit
[2026-07-10T13:39:56.966Z] node: 📦 Exporting table: V2StockAuditItem
[2026-07-10T13:39:57.002Z] node: 📦 Exporting table: WarrantyClaim
[2026-07-10T13:39:59.625Z] node: 🎉 P1 Hardened Backup v6 Type-aware + generic self-reference FK safe restore completed successfully.
[2026-07-10T13:39:59.626Z] node: 💾 Backup file: D:\alpha-tech\server\backups\alphatech_hardened_backup_v6_2026-07-10_2026-07-10T13-39-53-905Z.sql
[2026-07-10T13:39:59.627Z] node: 🧾 Manifest file: D:\alpha-tech\server\backups\alphatech_hardened_backup_v6_2026-07-10_2026-07-10T13-39-53-905Z.manifest.json
[2026-07-10T13:39:59.627Z] node: 📊 Tables exported: 70
[2026-07-10T13:39:59.627Z] node: 📦 Rows exported: 16266
[2026-07-10T13:39:59.627Z] node: 🔢 Sequences prepared: 67
[2026-07-10T13:39:59.628Z] node: 🔐 SHA256: cfc8226109072a14079547fd6f36412d100fa3712d4cf3d4d6fa3e9545b4383d
[2026-07-10T13:39:59.628Z] node: 📐 File size: 4.92 MB
[2026-07-10T13:39:59.628Z] node: ⏱️ Duration: 7.00 seconds
[2026-07-10T13:39:59.629Z] node: ✅ Verification: PASS (70 tables checked)
[2026-07-10T13:39:59.686Z] ▶️  Run: node recovery/upload/uploadBackup.js --manifest D:\alpha-tech\server\backups\alphatech_hardened_backup_v6_2026-07-10_2026-07-10T13-39-53-905Z.manifest.json
[2026-07-10T13:39:59.766Z] node: [2026-07-10T13:39:59.761Z] ============================================================
[2026-07-10T13:39:59.767Z] node: [2026-07-10T13:39:59.767Z] AlphaTech Recovery Upload ALPHATECH-RECOVERY-UPLOAD-V2-S3-COMPATIBLE
[2026-07-10T13:39:59.768Z] node: [2026-07-10T13:39:59.768Z] ============================================================
[2026-07-10T13:39:59.970Z] node stderr: (node:20792) Warning: NodeVersionSupportWarning: The AWS SDK for JavaScript (v3)
[2026-07-10T13:39:59.970Z] node stderr: versions published after the first week of January 2027
[2026-07-10T13:39:59.971Z] node stderr: will require node >=22. You are running node v20.19.0.
[2026-07-10T13:39:59.972Z] node stderr: To continue receiving updates to AWS services, bug fixes,
[2026-07-10T13:39:59.972Z] node stderr: and security updates please upgrade to node >=22.
[2026-07-10T13:39:59.972Z] node stderr: More information can be found at: https://a.co/c895JFp
[2026-07-10T13:39:59.973Z] node stderr: (Use `node --trace-warnings ...` to show where the warning was created)
[2026-07-10T13:40:02.423Z] node: [2026-07-10T13:40:02.423Z] JSON report: D:\alpha-tech\server\recovery\reports\upload-report-2026-07-10T13-40-02-421Z.json
[2026-07-10T13:40:02.423Z] node: [2026-07-10T13:40:02.423Z] TXT report: D:\alpha-tech\server\recovery\reports\upload-report-2026-07-10T13-40-02-421Z.txt
[2026-07-10T13:40:02.424Z] node: [2026-07-10T13:40:02.423Z] Overall: PASS
[2026-07-10T13:40:02.899Z] ------------------------------------------------------------
[2026-07-10T13:40:02.899Z] Target      : cloudflare-r2
[2026-07-10T13:40:02.900Z] Bucket      : saduaksabuy-recovery
[2026-07-10T13:40:02.900Z] Prefix      : alphatech-production/
[2026-07-10T13:40:02.901Z] Retention   : 7 day(s)
[2026-07-10T13:40:02.901Z] Mode        : APPLY
[2026-07-10T13:40:02.901Z] Scanned     : 58
[2026-07-10T13:40:02.901Z] Candidates  : 0
[2026-07-10T13:40:02.902Z] Deleted     : 0
[2026-07-10T13:40:02.902Z] Remaining   : 58
[2026-07-10T13:40:02.903Z] Failed      : 0
[2026-07-10T13:40:02.903Z] ▶️  Run: node recovery/retention/retentionPolicy.js --apply
[2026-07-10T13:40:02.992Z] node: [2026-07-10T13:40:02.987Z] ============================================================
[2026-07-10T13:40:02.994Z] node: [2026-07-10T13:40:02.994Z] 🧹 AlphaTech Recovery Retention ALPHATECH-RECOVERY-RETENTION-V1
[2026-07-10T13:40:02.994Z] node: [2026-07-10T13:40:02.995Z] ============================================================
[2026-07-10T13:40:02.994Z] node: [2026-07-10T13:40:02.995Z] Mode: APPLY
[2026-07-10T13:40:03.003Z] node: [2026-07-10T13:40:03.004Z] ------------------------------------------------------------
[2026-07-10T13:40:03.004Z] node: [2026-07-10T13:40:03.004Z] Target      : local-backups
[2026-07-10T13:40:03.004Z] node: [2026-07-10T13:40:03.005Z] Directory   : D:\alpha-tech\server\backups
[2026-07-10T13:40:03.005Z] node: [2026-07-10T13:40:03.005Z] Retention   : 3 day(s)
[2026-07-10T13:40:03.005Z] node: [2026-07-10T13:40:03.005Z] Scanned     : 44
[2026-07-10T13:40:03.005Z] node: [2026-07-10T13:40:03.005Z] Candidates  : 2
[2026-07-10T13:40:03.006Z] node: [2026-07-10T13:40:03.006Z] Deleted     : 2
[2026-07-10T13:40:03.006Z] node: [2026-07-10T13:40:03.006Z] Remaining   : 42
[2026-07-10T13:40:03.006Z] node: [2026-07-10T13:40:03.006Z] Failed      : 0
[2026-07-10T13:40:03.007Z] node: [2026-07-10T13:40:03.007Z] ------------------------------------------------------------
[2026-07-10T13:40:03.007Z] node: [2026-07-10T13:40:03.007Z] Target      : offsite-local-mirror
[2026-07-10T13:40:03.007Z] node: [2026-07-10T13:40:03.007Z] Directory   : D:\alpha-tech\server\recovery\offsite
[2026-07-10T13:40:03.008Z] node: [2026-07-10T13:40:03.007Z] Retention   : 7 day(s)
[2026-07-10T13:40:03.008Z] node: [2026-07-10T13:40:03.008Z] Scanned     : 12
[2026-07-10T13:40:03.008Z] node: [2026-07-10T13:40:03.008Z] Candidates  : 0
[2026-07-10T13:40:03.008Z] node: [2026-07-10T13:40:03.008Z] Deleted     : 0
[2026-07-10T13:40:03.009Z] node: [2026-07-10T13:40:03.008Z] Remaining   : 12
[2026-07-10T13:40:03.009Z] node: [2026-07-10T13:40:03.009Z] Failed      : 0
[2026-07-10T13:40:03.010Z] node: [2026-07-10T13:40:03.010Z] 🧾 JSON report: D:\alpha-tech\server\recovery\reports\retention-report-2026-07-10T13-40-03-009Z.json
[2026-07-10T13:40:03.010Z] node: [2026-07-10T13:40:03.010Z] 🧾 TXT report: D:\alpha-tech\server\recovery\reports\retention-report-2026-07-10T13-40-03-009Z.txt
[2026-07-10T13:40:03.010Z] node: [2026-07-10T13:40:03.010Z] ✅ Overall: PASS
[2026-07-10T13:40:03.020Z] ▶️  Run: node qbrs.js --manifest D:\alpha-tech\server\backups\alphatech_hardened_backup_v6_2026-07-10_2026-07-10T13-39-53-905Z.manifest.json --init --yes --reset-schema
[2026-07-10T13:40:03.161Z] node: [2026-07-10T13:40:03.160Z] ============================================================
[2026-07-10T13:40:03.164Z] node: [2026-07-10T13:40:03.164Z] 🚑 AlphaTech Restore Tool P1-HARDENED-RESTORE-V3-NODE-PG
[2026-07-10T13:40:03.164Z] node: [2026-07-10T13:40:03.164Z] ============================================================
[2026-07-10T13:40:03.187Z] node: [2026-07-10T13:40:03.187Z] ✅ Manifest loaded.
[2026-07-10T13:40:03.188Z] node: [2026-07-10T13:40:03.188Z] ✅ SQL file: D:\alpha-tech\server\backups\alphatech_hardened_backup_v6_2026-07-10_2026-07-10T13-39-53-905Z.sql
[2026-07-10T13:40:03.189Z] node: [2026-07-10T13:40:03.188Z] ✅ SHA256 verified: cfc8226109072a14079547fd6f36412d100fa3712d4cf3d4d6fa3e9545b4383d
[2026-07-10T13:40:03.189Z] node: [2026-07-10T13:40:03.189Z] 🎯 Target DB: postgresql://postgres:***@db.engqdeyzbvnmxbnpemau.supabase.co:5432/postgres
[2026-07-10T13:40:03.190Z] node: [2026-07-10T13:40:03.189Z] 🎯 Host: db.engqdeyzbvnmxbnpemau.supabase.co
[2026-07-10T13:40:03.190Z] node: [2026-07-10T13:40:03.190Z] 🎯 Port: 5432
[2026-07-10T13:40:03.191Z] node: [2026-07-10T13:40:03.190Z] 🎯 Database: postgres
[2026-07-10T13:40:03.191Z] node: [2026-07-10T13:40:03.191Z] 🎯 Schema: public
[2026-07-10T13:40:03.543Z] node: [2026-07-10T13:40:03.543Z] 🔌 Connected to target PostgreSQL successfully.
[2026-07-10T13:40:06.726Z] node: [2026-07-10T13:40:06.726Z] 📊 Existing tables: 70
[2026-07-10T13:40:06.726Z] node: [2026-07-10T13:40:06.726Z] 📦 Existing rows: 16109
[2026-07-10T13:40:06.727Z] node: [2026-07-10T13:40:06.727Z] 🔎 Product: 1026
[2026-07-10T13:40:06.728Z] node: [2026-07-10T13:40:06.727Z] 🔎 BranchPrice: 1024
[2026-07-10T13:40:06.728Z] node: [2026-07-10T13:40:06.727Z] 🔎 StockItem: 702
[2026-07-10T13:40:06.728Z] node: [2026-07-10T13:40:06.727Z] 🔎 Sale: 4
[2026-07-10T13:40:06.729Z] node: [2026-07-10T13:40:06.727Z] 🔎 SaleItem: 6
[2026-07-10T13:40:06.729Z] node: [2026-07-10T13:40:06.727Z] 🔎 SaleItemSimple: 0
[2026-07-10T13:40:06.729Z] node: [2026-07-10T13:40:06.728Z] 🔎 Payment: 2
[2026-07-10T13:40:06.730Z] node: [2026-07-10T13:40:06.728Z] 🔎 PaymentItem: 2
[2026-07-10T13:40:06.981Z] node: [2026-07-10T13:40:06.981Z] 🧨 Resetting target schema "public" before restore...
[2026-07-10T13:40:06.981Z] node: [2026-07-10T13:40:06.981Z] 🛡️ This action is intended for Recovery / Standby DB only.
[2026-07-10T13:40:07.474Z] node: [2026-07-10T13:40:07.474Z] ✅ Schema "public" reset completed.
[2026-07-10T13:40:07.509Z] node: [2026-07-10T13:40:07.509Z] 🧱 Running Prisma db push against Recovery DB only...
[2026-07-10T13:40:07.509Z] node: [2026-07-10T13:40:07.509Z] 🛡️ DATABASE_URL is injected from RESTORE_DATABASE_URL/RECOVERY_DATABASE_URL for this process only.
[2026-07-10T13:40:11.129Z] node: [2026-07-10T13:40:11.129Z] npx stderr: Environment variables loaded from .env
[2026-07-10T13:40:11.131Z] node: [2026-07-10T13:40:11.131Z] npx: Prisma schema loaded from prisma\schema.prisma
[2026-07-10T13:40:11.141Z] node: [2026-07-10T13:40:11.141Z] npx: Datasource "db": PostgreSQL database "postgres", schema "public" at "db.engqdeyzbvnmxbnpemau.supabase.co:5432"
[2026-07-10T13:40:28.330Z] node: [2026-07-10T13:40:28.330Z] npx: Your database is now in sync with your Prisma schema. Done in 16.51s
[2026-07-10T13:40:28.332Z] node: [2026-07-10T13:40:28.332Z] npx: Running generate... (Use --skip-generate to skip the generators)
[2026-07-10T13:40:29.733Z] node: [2026-07-10T13:40:29.734Z] npx: [2K[1A[2K[GRunning generate... - Prisma Client
[2026-07-10T13:40:31.355Z] node: [2026-07-10T13:40:31.355Z] npx: [2K[1A[2K[G✔ Generated Prisma Client (v6.16.2) to .\node_modules\.prisma\client in 1.62s
[2026-07-10T13:40:31.409Z] node: [2026-07-10T13:40:31.409Z] ✅ Prisma db push completed for Recovery DB.
[2026-07-10T13:40:34.592Z] node: [2026-07-10T13:40:34.592Z] 📊 Existing tables: 70
[2026-07-10T13:40:34.592Z] node: [2026-07-10T13:40:34.592Z] 📦 Existing rows: 0
[2026-07-10T13:40:34.593Z] node: [2026-07-10T13:40:34.592Z] 🔎 Product: 0
[2026-07-10T13:40:34.594Z] node: [2026-07-10T13:40:34.593Z] 🔎 BranchPrice: 0
[2026-07-10T13:40:34.595Z] node: [2026-07-10T13:40:34.593Z] 🔎 StockItem: 0
[2026-07-10T13:40:34.596Z] node: [2026-07-10T13:40:34.593Z] 🔎 Sale: 0
[2026-07-10T13:40:34.596Z] node: [2026-07-10T13:40:34.593Z] 🔎 SaleItem: 0
[2026-07-10T13:40:34.596Z] node: [2026-07-10T13:40:34.593Z] 🔎 SaleItemSimple: 0
[2026-07-10T13:40:34.597Z] node: [2026-07-10T13:40:34.593Z] 🔎 Payment: 0
[2026-07-10T13:40:34.597Z] node: [2026-07-10T13:40:34.593Z] 🔎 PaymentItem: 0
[2026-07-10T13:40:34.648Z] node: [2026-07-10T13:40:34.648Z] 📖 SQL loaded into memory (4.92 MB).
[2026-07-10T13:40:34.648Z] node: [2026-07-10T13:40:34.648Z] 🚚 Starting SQL restore via Node.js pg client...
[2026-07-10T13:40:37.239Z] node: [2026-07-10T13:40:37.238Z] ✅ SQL restore completed via Node.js pg client.
[2026-07-10T13:40:40.036Z] node: [2026-07-10T13:40:40.036Z] ✅ Restore verification PASS (70 tables checked).
[2026-07-10T13:40:40.037Z] node: [2026-07-10T13:40:40.036Z] 🎉 Restore completed successfully in 36.88 seconds.
[2026-07-10T13:40:40.050Z] ▶️  Run: node recovery/verify/qbv.js
[2026-07-10T13:40:40.402Z] node: [2026-07-10T13:40:40.401Z] ============================================================
[2026-07-10T13:40:40.403Z] node: [2026-07-10T13:40:40.404Z] 🔎 AlphaTech Integrity Verification ALPHATECH-RECOVERY-VERIFY-V1
[2026-07-10T13:40:40.403Z] node: [2026-07-10T13:40:40.404Z] ============================================================
[2026-07-10T13:40:40.404Z] node: [2026-07-10T13:40:40.404Z] Collecting Production snapshot...
[2026-07-10T13:40:51.240Z] node: [2026-07-10T13:40:51.240Z] Collecting Recovery snapshot...
[2026-07-10T13:41:02.924Z] node: [2026-07-10T13:41:02.909Z] Comparing snapshots...
[2026-07-10T13:41:02.930Z] node: [2026-07-10T13:41:02.917Z] 🧾 JSON report: D:\alpha-tech\server\recovery\reports\verification-report_2026-07-10T13-41-02-911Z.json
[2026-07-10T13:41:02.934Z] node: [2026-07-10T13:41:02.917Z] 🧾 TXT report: D:\alpha-tech\server\recovery\reports\verification-report_2026-07-10T13-41-02-911Z.txt
[2026-07-10T13:41:02.934Z] node: [2026-07-10T13:41:02.918Z] ✅ Overall: PASS
[2026-07-10T13:41:02.944Z] 🧾 Job manifest: D:\alpha-tech\server\recovery\jobs\job-2026-07-10T13-39-48-858Z.json
[2026-07-10T13:41:02.945Z] ✅ Job result: PASS exitCode=0
