[2026-07-06T18:53:33.683Z] ============================================================
[2026-07-06T18:53:33.693Z] 🧭 AlphaTech Recovery Retention Workflow ALPHATECH-RECOVERY-JOB-RUNNER-V5-RETENTION
[2026-07-06T18:53:33.693Z] ============================================================
[2026-07-06T18:53:33.694Z] Mode: backup-workflow
[2026-07-06T18:53:33.696Z] ▶️  Run: node recovery/health/healthCheck.js
[2026-07-06T18:53:33.836Z] node: [2026-07-06T18:53:33.834Z] ============================================================
[2026-07-06T18:53:33.837Z] node: [2026-07-06T18:53:33.837Z] 🩺 AlphaTech Recovery Health Check ALPHATECH-RECOVERY-HEALTH-CHECK-V1
[2026-07-06T18:53:33.838Z] node: [2026-07-06T18:53:33.837Z] ============================================================
[2026-07-06T18:53:34.629Z] node: [2026-07-06T18:53:34.629Z] 🧾 JSON report: D:\alpha-tech\server\recovery\reports\health-check-2026-07-06T18-53-34-628Z.json
[2026-07-06T18:53:34.631Z] node: [2026-07-06T18:53:34.631Z] 🧾 TXT report: D:\alpha-tech\server\recovery\reports\health-check-2026-07-06T18-53-34-628Z.txt
[2026-07-06T18:53:34.631Z] node: [2026-07-06T18:53:34.632Z] ✅ Overall: PASS
[2026-07-06T18:53:34.648Z] ▶️  Run: node qb.js
[2026-07-06T18:53:35.074Z] node: 🔌 Connected to PostgreSQL successfully.
[2026-07-06T18:53:35.076Z] node: ⏳ Starting P1 Hardened Backup v6 Type-aware + generic self-reference FK safe restore...
[2026-07-06T18:53:38.465Z] node: 📦 Exporting table: Bank
[2026-07-06T18:53:38.502Z] node: 📦 Exporting table: Brand
[2026-07-06T18:53:38.544Z] node: 📦 Exporting table: Category
[2026-07-06T18:53:38.580Z] node: 📦 Exporting table: GlobalProductType
[2026-07-06T18:53:38.618Z] node: 📦 Exporting table: Position
[2026-07-06T18:53:38.654Z] node: 📦 Exporting table: Province
[2026-07-06T18:53:38.690Z] node: 📦 Exporting table: District
[2026-07-06T18:53:38.748Z] node: 📦 Exporting table: Subdistrict
[2026-07-06T18:53:38.941Z] node: 📦 Exporting table: Branch
[2026-07-06T18:53:38.979Z] node: 📦 Exporting table: BarcodeCounter
[2026-07-06T18:53:39.015Z] node: 📦 Exporting table: PaymentCodeCounter
[2026-07-06T18:53:39.050Z] node: 📦 Exporting table: ProductType
[2026-07-06T18:53:39.087Z] node: 📦 Exporting table: ProductTypeBrand
[2026-07-06T18:53:39.126Z] node: 📦 Exporting table: Supplier
[2026-07-06T18:53:39.161Z] node: 📦 Exporting table: Unit
[2026-07-06T18:53:39.197Z] node: 📦 Exporting table: Product
[2026-07-06T18:53:39.273Z] node: 📦 Exporting table: BranchPrice
[2026-07-06T18:53:39.330Z] node: 📦 Exporting table: ProductImage
[2026-07-06T18:53:39.366Z] node: 📦 Exporting table: StockBalance
[2026-07-06T18:53:39.405Z] node: 📦 Exporting table: User
[2026-07-06T18:53:39.445Z] node: 📦 Exporting table: CustomerProfile
[2026-07-06T18:53:39.488Z] node: 📦 Exporting table: Cart
[2026-07-06T18:53:39.524Z] node: 📦 Exporting table: CartItem
[2026-07-06T18:53:39.560Z] node: 📦 Exporting table: EmployeeProfile
[2026-07-06T18:53:39.596Z] node: 📦 Exporting table: CombinedBillingDocument
[2026-07-06T18:53:39.632Z] node: 📦 Exporting table: CombinedSaleDocument
[2026-07-06T18:53:39.668Z] node: 📦 Exporting table: CustomerDeposit
[2026-07-06T18:53:39.704Z] node: 📦 Exporting table: CustomerReceipts
[2026-07-06T18:53:39.739Z] node: 📦 Exporting table: InputTaxFilingBatch
[2026-07-06T18:53:39.774Z] node: 📦 Exporting table: Order
[2026-07-06T18:53:39.810Z] node: 📦 Exporting table: OrderOnline
[2026-07-06T18:53:39.846Z] node: 📦 Exporting table: OrderOnlineItem
[2026-07-06T18:53:39.882Z] node: 📦 Exporting table: PasswordResetToken
[2026-07-06T18:53:39.918Z] node: 📦 Exporting table: ProductOnOrder
[2026-07-06T18:53:39.953Z] node: 📦 Exporting table: PurchaseOrder
[2026-07-06T18:53:39.989Z] node: 📦 Exporting table: PurchaseOrderItem
[2026-07-06T18:53:40.025Z] node: 📦 Exporting table: PurchaseOrderReceipt
[2026-07-06T18:53:40.060Z] node: 📦 Exporting table: InputTaxFilingItem
[2026-07-06T18:53:40.096Z] node: 📦 Exporting table: PurchaseOrderReceiptItem
[2026-07-06T18:53:40.132Z] node: 📦 Exporting table: RefreshToken
[2026-07-06T18:53:40.306Z] node: 📦 Exporting table: Sale
[2026-07-06T18:53:40.342Z] node: 📦 Exporting table: CustomerReceiptAllocations
[2026-07-06T18:53:40.378Z] node: 📦 Exporting table: Payment
[2026-07-06T18:53:40.414Z] node: 📦 Exporting table: DepositUsage
[2026-07-06T18:53:40.449Z] node: 📦 Exporting table: PaymentItem
[2026-07-06T18:53:40.485Z] node: 📦 Exporting table: SaleReturn
[2026-07-06T18:53:40.520Z] node: 📦 Exporting table: RefundTransaction
[2026-07-06T18:53:40.556Z] node: 📦 Exporting table: SalesTaxFilingBatch
[2026-07-06T18:53:40.592Z] node: 📦 Exporting table: SalesTaxFilingItem
[2026-07-06T18:53:40.627Z] node: 📦 Exporting table: ServiceOrder
[2026-07-06T18:53:40.663Z] node: 📦 Exporting table: ServiceItem
[2026-07-06T18:53:40.698Z] node: 📦 Exporting table: SimpleLot
[2026-07-06T18:53:40.733Z] node: 📦 Exporting table: SaleItemSimple
[2026-07-06T18:53:40.769Z] node: 📦 Exporting table: SaleReturnItemSimple
[2026-07-06T18:53:40.805Z] node: 📦 Exporting table: StockAuditSession
[2026-07-06T18:53:40.841Z] node: 📦 Exporting table: StockItem
[2026-07-06T18:53:40.896Z] node: 📦 Exporting table: BarcodeReceiptItem
[2026-07-06T18:53:40.931Z] node: 📦 Exporting table: RepairJob
[2026-07-06T18:53:40.967Z] node: 📦 Exporting table: RepairPartItem
[2026-07-06T18:53:41.002Z] node: 📦 Exporting table: SaleItem
[2026-07-06T18:53:41.038Z] node: 📦 Exporting table: SaleReturnItem
[2026-07-06T18:53:41.073Z] node: 📦 Exporting table: StockAuditScanLog
[2026-07-06T18:53:41.109Z] node: 📦 Exporting table: StockAuditSnapshotItem
[2026-07-06T18:53:41.144Z] node: 📦 Exporting table: StockMovement
[2026-07-06T18:53:41.182Z] node: 📦 Exporting table: SupplierPayment
[2026-07-06T18:53:41.218Z] node: 📦 Exporting table: SupplierPaymentReceipt
[2026-07-06T18:53:41.253Z] node: 📦 Exporting table: V2CustomerDeposit
[2026-07-06T18:53:41.290Z] node: 📦 Exporting table: V2StockAudit
[2026-07-06T18:53:41.325Z] node: 📦 Exporting table: V2StockAuditItem
[2026-07-06T18:53:41.361Z] node: 📦 Exporting table: WarrantyClaim
[2026-07-06T18:53:43.901Z] node: 🎉 P1 Hardened Backup v6 Type-aware + generic self-reference FK safe restore completed successfully.
[2026-07-06T18:53:43.901Z] node: 💾 Backup file: D:\alpha-tech\server\backups\alphatech_hardened_backup_v6_2026-07-06_2026-07-06T18-53-38-441Z.sql
[2026-07-06T18:53:43.903Z] node: 🧾 Manifest file: D:\alpha-tech\server\backups\alphatech_hardened_backup_v6_2026-07-06_2026-07-06T18-53-38-441Z.manifest.json
[2026-07-06T18:53:43.909Z] node: 📊 Tables exported: 70
[2026-07-06T18:53:43.909Z] node: 📦 Rows exported: 15099
[2026-07-06T18:53:43.909Z] node: 🔢 Sequences prepared: 67
[2026-07-06T18:53:43.910Z] node: 🔐 SHA256: e8979a8b1b3ee5347b401a974d9d4b94e65dcf96176e6464ff3af96c2f1b46e5
[2026-07-06T18:53:43.910Z] node: 📐 File size: 4.40 MB
[2026-07-06T18:53:43.912Z] node: ⏱️ Duration: 6.63 seconds
[2026-07-06T18:53:43.912Z] node: ✅ Verification: PASS (70 tables checked)
[2026-07-06T18:53:43.960Z] ▶️  Run: node recovery/upload/uploadBackup.js --manifest D:\alpha-tech\server\backups\alphatech_hardened_backup_v6_2026-07-06_2026-07-06T18-53-38-441Z.manifest.json
[2026-07-06T18:53:44.036Z] node: [2026-07-06T18:53:44.031Z] ============================================================
[2026-07-06T18:53:44.039Z] node: [2026-07-06T18:53:44.039Z] AlphaTech Recovery Upload ALPHATECH-RECOVERY-UPLOAD-V2-S3-COMPATIBLE
[2026-07-06T18:53:44.040Z] node: [2026-07-06T18:53:44.040Z] ============================================================
[2026-07-06T18:53:44.214Z] node stderr: (node:7052) Warning: NodeVersionSupportWarning: The AWS SDK for JavaScript (v3)
[2026-07-06T18:53:44.214Z] node stderr: versions published after the first week of January 2027
[2026-07-06T18:53:44.216Z] node stderr: will require node >=22. You are running node v20.19.0.
[2026-07-06T18:53:44.221Z] node stderr: To continue receiving updates to AWS services, bug fixes,
[2026-07-06T18:53:44.222Z] node stderr: and security updates please upgrade to node >=22.
[2026-07-06T18:53:44.222Z] node stderr: More information can be found at: https://a.co/c895JFp
[2026-07-06T18:53:44.223Z] node stderr: (Use `node --trace-warnings ...` to show where the warning was created)
[2026-07-06T18:53:45.805Z] node: [2026-07-06T18:53:45.806Z] JSON report: D:\alpha-tech\server\recovery\reports\upload-report-2026-07-06T18-53-45-804Z.json
[2026-07-06T18:53:45.806Z] node: [2026-07-06T18:53:45.806Z] TXT report: D:\alpha-tech\server\recovery\reports\upload-report-2026-07-06T18-53-45-804Z.txt
[2026-07-06T18:53:45.808Z] node: [2026-07-06T18:53:45.806Z] Overall: PASS
[2026-07-06T18:53:45.820Z] ▶️  Run: node recovery/retention/retentionPolicy.js --dry-run
[2026-07-06T18:53:45.909Z] node: [2026-07-06T18:53:45.904Z] ============================================================
[2026-07-06T18:53:45.912Z] node: [2026-07-06T18:53:45.912Z] 🧹 AlphaTech Recovery Retention ALPHATECH-RECOVERY-RETENTION-V1
[2026-07-06T18:53:45.913Z] node: [2026-07-06T18:53:45.913Z] ============================================================
[2026-07-06T18:53:45.917Z] node: [2026-07-06T18:53:45.914Z] Mode: DRY_RUN
[2026-07-06T18:53:45.924Z] node: [2026-07-06T18:53:45.924Z] 🧾 JSON report: D:\alpha-tech\server\recovery\reports\retention-report-2026-07-06T18-53-45-920Z.json
[2026-07-06T18:53:45.925Z] node: [2026-07-06T18:53:45.925Z] 🧾 TXT report: D:\alpha-tech\server\recovery\reports\retention-report-2026-07-06T18-53-45-920Z.txt
[2026-07-06T18:53:45.925Z] node: [2026-07-06T18:53:45.925Z] ✅ Overall: PASS
[2026-07-06T18:53:45.950Z] 🧾 Job manifest: D:\alpha-tech\server\recovery\jobs\job-2026-07-06T18-53-33-681Z.json
[2026-07-06T18:53:45.950Z] ✅ Job result: PASS exitCode=0
