[2026-07-19T19:39:49.249Z] ============================================================
[2026-07-19T19:39:49.257Z] 🧭 AlphaTech Recovery Retention Workflow ALPHATECH-RECOVERY-JOB-RUNNER-V7-R2-RETENTION
[2026-07-19T19:39:49.257Z] ============================================================
[2026-07-19T19:39:49.257Z] Mode: backup-workflow
[2026-07-19T19:39:49.258Z] ▶️  Run: node recovery/health/healthCheck.js
[2026-07-19T19:39:49.433Z] node: [2026-07-19T19:39:49.431Z] ============================================================
[2026-07-19T19:39:49.434Z] node: [2026-07-19T19:39:49.434Z] 🩺 AlphaTech Recovery Health Check ALPHATECH-RECOVERY-HEALTH-CHECK-V1
[2026-07-19T19:39:49.435Z] node: [2026-07-19T19:39:49.435Z] ============================================================
[2026-07-19T19:39:50.337Z] node: [2026-07-19T19:39:50.336Z] 🧾 JSON report: D:\alpha-tech\server\recovery\reports\health-check-2026-07-19T19-39-50-327Z.json
[2026-07-19T19:39:50.337Z] node: [2026-07-19T19:39:50.337Z] 🧾 TXT report: D:\alpha-tech\server\recovery\reports\health-check-2026-07-19T19-39-50-327Z.txt
[2026-07-19T19:39:50.338Z] node: [2026-07-19T19:39:50.337Z] ✅ Overall: PASS
[2026-07-19T19:39:50.360Z] ▶️  Run: node qb.js
[2026-07-19T19:39:50.797Z] node: 🔌 Connected to PostgreSQL successfully.
[2026-07-19T19:39:50.807Z] node: ⏳ Starting P1 Hardened Backup v6 Type-aware + generic self-reference FK safe restore...
[2026-07-19T19:39:54.413Z] node: 📦 Exporting table: Bank
[2026-07-19T19:39:54.451Z] node: 📦 Exporting table: Brand
[2026-07-19T19:39:54.494Z] node: 📦 Exporting table: Category
[2026-07-19T19:39:54.530Z] node: 📦 Exporting table: GlobalProductType
[2026-07-19T19:39:54.566Z] node: 📦 Exporting table: Position
[2026-07-19T19:39:54.602Z] node: 📦 Exporting table: Province
[2026-07-19T19:39:54.638Z] node: 📦 Exporting table: District
[2026-07-19T19:39:54.694Z] node: 📦 Exporting table: Subdistrict
[2026-07-19T19:39:54.885Z] node: 📦 Exporting table: Branch
[2026-07-19T19:39:54.922Z] node: 📦 Exporting table: BarcodeCounter
[2026-07-19T19:39:54.957Z] node: 📦 Exporting table: PaymentCodeCounter
[2026-07-19T19:39:54.993Z] node: 📦 Exporting table: ProductType
[2026-07-19T19:39:55.033Z] node: 📦 Exporting table: ProductTypeBrand
[2026-07-19T19:39:55.076Z] node: 📦 Exporting table: Supplier
[2026-07-19T19:39:55.112Z] node: 📦 Exporting table: Unit
[2026-07-19T19:39:55.148Z] node: 📦 Exporting table: Product
[2026-07-19T19:39:55.290Z] node: 📦 Exporting table: BranchPrice
[2026-07-19T19:39:55.382Z] node: 📦 Exporting table: ProductImage
[2026-07-19T19:39:55.418Z] node: 📦 Exporting table: StockBalance
[2026-07-19T19:39:55.483Z] node: 📦 Exporting table: User
[2026-07-19T19:39:55.525Z] node: 📦 Exporting table: CustomerProfile
[2026-07-19T19:39:55.568Z] node: 📦 Exporting table: Cart
[2026-07-19T19:39:55.870Z] node: 📦 Exporting table: CartItem
[2026-07-19T19:39:55.870Z] node: 📦 Exporting table: EmployeeProfile
[2026-07-19T19:39:55.871Z] node: 📦 Exporting table: CombinedBillingDocument
[2026-07-19T19:39:55.871Z] node: 📦 Exporting table: CombinedSaleDocument
[2026-07-19T19:39:55.871Z] node: 📦 Exporting table: CustomerDeposit
[2026-07-19T19:39:55.872Z] node: 📦 Exporting table: CustomerReceipts
[2026-07-19T19:39:55.872Z] node: 📦 Exporting table: InputTaxFilingBatch
[2026-07-19T19:39:55.872Z] node: 📦 Exporting table: Order
[2026-07-19T19:39:55.889Z] node: 📦 Exporting table: OrderOnline
[2026-07-19T19:39:55.925Z] node: 📦 Exporting table: OrderOnlineItem
[2026-07-19T19:39:55.961Z] node: 📦 Exporting table: PasswordResetToken
[2026-07-19T19:39:55.997Z] node: 📦 Exporting table: ProductOnOrder
[2026-07-19T19:39:56.033Z] node: 📦 Exporting table: PurchaseOrder
[2026-07-19T19:39:56.070Z] node: 📦 Exporting table: PurchaseOrderItem
[2026-07-19T19:39:56.109Z] node: 📦 Exporting table: PurchaseOrderReceipt
[2026-07-19T19:39:56.146Z] node: 📦 Exporting table: InputTaxFilingItem
[2026-07-19T19:39:56.181Z] node: 📦 Exporting table: PurchaseOrderReceiptItem
[2026-07-19T19:39:56.220Z] node: 📦 Exporting table: RefreshToken
[2026-07-19T19:39:56.476Z] node: 📦 Exporting table: Sale
[2026-07-19T19:39:56.515Z] node: 📦 Exporting table: CustomerReceiptAllocations
[2026-07-19T19:39:56.551Z] node: 📦 Exporting table: Payment
[2026-07-19T19:39:56.904Z] node: 📦 Exporting table: DepositUsage
[2026-07-19T19:39:56.905Z] node: 📦 Exporting table: PaymentItem
[2026-07-19T19:39:56.905Z] node: 📦 Exporting table: SaleReturn
[2026-07-19T19:39:56.906Z] node: 📦 Exporting table: RefundTransaction
[2026-07-19T19:39:56.906Z] node: 📦 Exporting table: SalesTaxFilingBatch
[2026-07-19T19:39:56.907Z] node: 📦 Exporting table: SalesTaxFilingItem
[2026-07-19T19:39:56.907Z] node: 📦 Exporting table: ServiceOrder
[2026-07-19T19:39:56.907Z] node: 📦 Exporting table: ServiceItem
[2026-07-19T19:39:56.908Z] node: 📦 Exporting table: SimpleLot
[2026-07-19T19:39:56.909Z] node: 📦 Exporting table: SaleItemSimple
[2026-07-19T19:39:56.943Z] node: 📦 Exporting table: SaleReturnItemSimple
[2026-07-19T19:39:56.979Z] node: 📦 Exporting table: StockAuditSession
[2026-07-19T19:39:57.015Z] node: 📦 Exporting table: StockItem
[2026-07-19T19:39:57.207Z] node: 📦 Exporting table: BarcodeReceiptItem
[2026-07-19T19:39:57.259Z] node: 📦 Exporting table: RepairJob
[2026-07-19T19:39:57.294Z] node: 📦 Exporting table: RepairPartItem
[2026-07-19T19:39:57.330Z] node: 📦 Exporting table: SaleItem
[2026-07-19T19:39:57.369Z] node: 📦 Exporting table: SaleReturnItem
[2026-07-19T19:39:57.411Z] node: 📦 Exporting table: StockAuditScanLog
[2026-07-19T19:39:57.447Z] node: 📦 Exporting table: StockAuditSnapshotItem
[2026-07-19T19:39:57.498Z] node: 📦 Exporting table: StockMovement
[2026-07-19T19:39:57.555Z] node: 📦 Exporting table: SupplierPayment
[2026-07-19T19:39:57.590Z] node: 📦 Exporting table: SupplierPaymentReceipt
[2026-07-19T19:39:57.626Z] node: 📦 Exporting table: V2CustomerDeposit
[2026-07-19T19:39:57.662Z] node: 📦 Exporting table: V2StockAudit
[2026-07-19T19:39:57.698Z] node: 📦 Exporting table: V2StockAuditItem
[2026-07-19T19:39:57.733Z] node: 📦 Exporting table: WarrantyClaim
[2026-07-19T19:40:01.132Z] node: 🎉 P1 Hardened Backup v6 Type-aware + generic self-reference FK safe restore completed successfully.
[2026-07-19T19:40:01.133Z] node: 💾 Backup file: D:\alpha-tech\server\backups\alphatech_hardened_backup_v6_2026-07-19_2026-07-19T19-39-54-379Z.sql
[2026-07-19T19:40:01.133Z] node: 🧾 Manifest file: D:\alpha-tech\server\backups\alphatech_hardened_backup_v6_2026-07-19_2026-07-19T19-39-54-379Z.manifest.json
[2026-07-19T19:40:01.134Z] node: 📊 Tables exported: 70
[2026-07-19T19:40:01.134Z] node: 📦 Rows exported: 24983
[2026-07-19T19:40:01.134Z] node: 🔢 Sequences prepared: 67
[2026-07-19T19:40:01.135Z] node: 🔐 SHA256: b296fad039a5da88e6d68609512956176266f4b4309031b61da47647f60e7021
[2026-07-19T19:40:01.135Z] node: 📐 File size: 8.74 MB
[2026-07-19T19:40:01.136Z] node: ⏱️ Duration: 7.31 seconds
[2026-07-19T19:40:01.136Z] node: ✅ Verification: PASS (70 tables checked)
[2026-07-19T19:40:01.207Z] ▶️  Run: node recovery/upload/uploadBackup.js --manifest D:\alpha-tech\server\backups\alphatech_hardened_backup_v6_2026-07-19_2026-07-19T19-39-54-379Z.manifest.json
[2026-07-19T19:40:01.301Z] node: [2026-07-19T19:40:01.296Z] ============================================================
[2026-07-19T19:40:01.303Z] node: [2026-07-19T19:40:01.303Z] AlphaTech Recovery Upload ALPHATECH-RECOVERY-UPLOAD-V2-S3-COMPATIBLE
[2026-07-19T19:40:01.314Z] node: [2026-07-19T19:40:01.304Z] ============================================================
[2026-07-19T19:40:01.554Z] node stderr: (node:22396) Warning: NodeVersionSupportWarning: The AWS SDK for JavaScript (v3)
[2026-07-19T19:40:01.555Z] node stderr: versions published after the first week of January 2027
[2026-07-19T19:40:01.555Z] node stderr: will require node >=22. You are running node v20.19.0.
[2026-07-19T19:40:01.773Z] node stderr: To continue receiving updates to AWS services, bug fixes,
[2026-07-19T19:40:01.773Z] node stderr: and security updates please upgrade to node >=22.
[2026-07-19T19:40:01.774Z] node stderr: More information can be found at: https://a.co/c895JFp
[2026-07-19T19:40:01.774Z] node stderr: (Use `node --trace-warnings ...` to show where the warning was created)
[2026-07-19T19:40:05.932Z] node: [2026-07-19T19:40:05.932Z] JSON report: D:\alpha-tech\server\recovery\reports\upload-report-2026-07-19T19-40-05-923Z.json
[2026-07-19T19:40:05.932Z] node: [2026-07-19T19:40:05.933Z] TXT report: D:\alpha-tech\server\recovery\reports\upload-report-2026-07-19T19-40-05-923Z.txt
[2026-07-19T19:40:05.933Z] node: [2026-07-19T19:40:05.933Z] Overall: PASS
[2026-07-19T19:40:06.408Z] ------------------------------------------------------------
[2026-07-19T19:40:06.408Z] Target      : cloudflare-r2
[2026-07-19T19:40:06.444Z] Bucket      : saduaksabuy-recovery
[2026-07-19T19:40:06.444Z] Prefix      : alphatech-production/
[2026-07-19T19:40:06.444Z] Retention   : 7 day(s)
[2026-07-19T19:40:06.445Z] Mode        : APPLY
[2026-07-19T19:40:06.445Z] Scanned     : 90
[2026-07-19T19:40:06.446Z] Candidates  : 0
[2026-07-19T19:40:06.446Z] Deleted     : 0
[2026-07-19T19:40:06.447Z] Remaining   : 90
[2026-07-19T19:40:06.447Z] Failed      : 0
[2026-07-19T19:40:06.448Z] ▶️  Run: node recovery/retention/retentionPolicy.js --apply
[2026-07-19T19:40:06.538Z] node: [2026-07-19T19:40:06.533Z] ============================================================
[2026-07-19T19:40:06.540Z] node: [2026-07-19T19:40:06.540Z] 🧹 AlphaTech Recovery Retention ALPHATECH-RECOVERY-RETENTION-V1
[2026-07-19T19:40:06.910Z] node: [2026-07-19T19:40:06.541Z] ============================================================
[2026-07-19T19:40:06.911Z] node: [2026-07-19T19:40:06.541Z] Mode: APPLY
[2026-07-19T19:40:06.911Z] node: [2026-07-19T19:40:06.547Z] ------------------------------------------------------------
[2026-07-19T19:40:06.912Z] node: [2026-07-19T19:40:06.548Z] Target      : local-backups
[2026-07-19T19:40:06.912Z] node: [2026-07-19T19:40:06.549Z] Directory   : D:\alpha-tech\server\backups
[2026-07-19T19:40:06.912Z] node: [2026-07-19T19:40:06.549Z] Retention   : 3 day(s)
[2026-07-19T19:40:06.913Z] node: [2026-07-19T19:40:06.549Z] Scanned     : 44
[2026-07-19T19:40:06.913Z] node: [2026-07-19T19:40:06.549Z] Candidates  : 2
[2026-07-19T19:40:06.913Z] node: [2026-07-19T19:40:06.550Z] Deleted     : 2
[2026-07-19T19:40:06.914Z] node: [2026-07-19T19:40:06.550Z] Remaining   : 42
[2026-07-19T19:40:06.914Z] node: [2026-07-19T19:40:06.550Z] Failed      : 0
[2026-07-19T19:40:06.914Z] node: [2026-07-19T19:40:06.550Z] ------------------------------------------------------------
[2026-07-19T19:40:06.914Z] node: [2026-07-19T19:40:06.551Z] Target      : offsite-local-mirror
[2026-07-19T19:40:06.914Z] node: [2026-07-19T19:40:06.551Z] Directory   : D:\alpha-tech\server\recovery\offsite
[2026-07-19T19:40:06.915Z] node: [2026-07-19T19:40:06.551Z] Retention   : 7 day(s)
[2026-07-19T19:40:06.915Z] node: [2026-07-19T19:40:06.551Z] Scanned     : 0
[2026-07-19T19:40:06.915Z] node: [2026-07-19T19:40:06.551Z] Candidates  : 0
[2026-07-19T19:40:06.915Z] node: [2026-07-19T19:40:06.552Z] Deleted     : 0
[2026-07-19T19:40:06.916Z] node: [2026-07-19T19:40:06.552Z] Remaining   : 0
[2026-07-19T19:40:06.916Z] node: [2026-07-19T19:40:06.552Z] Failed      : 0
[2026-07-19T19:40:06.916Z] node: [2026-07-19T19:40:06.554Z] 🧾 JSON report: D:\alpha-tech\server\recovery\reports\retention-report-2026-07-19T19-40-06-552Z.json
[2026-07-19T19:40:06.916Z] node: [2026-07-19T19:40:06.554Z] 🧾 TXT report: D:\alpha-tech\server\recovery\reports\retention-report-2026-07-19T19-40-06-552Z.txt
[2026-07-19T19:40:06.917Z] node: [2026-07-19T19:40:06.554Z] ✅ Overall: PASS
[2026-07-19T19:40:06.925Z] ▶️  Run: node qbrs.js --manifest D:\alpha-tech\server\backups\alphatech_hardened_backup_v6_2026-07-19_2026-07-19T19-39-54-379Z.manifest.json --init --yes --reset-schema
[2026-07-19T19:40:07.100Z] node: [2026-07-19T19:40:07.098Z] ============================================================
[2026-07-19T19:40:07.102Z] node: [2026-07-19T19:40:07.102Z] 🚑 AlphaTech Restore Tool P1-HARDENED-RESTORE-V3-NODE-PG
[2026-07-19T19:40:07.102Z] node: [2026-07-19T19:40:07.102Z] ============================================================
[2026-07-19T19:40:07.144Z] node: [2026-07-19T19:40:07.144Z] ✅ Manifest loaded.
[2026-07-19T19:40:07.145Z] node: [2026-07-19T19:40:07.145Z] ✅ SQL file: D:\alpha-tech\server\backups\alphatech_hardened_backup_v6_2026-07-19_2026-07-19T19-39-54-379Z.sql
[2026-07-19T19:40:07.146Z] node: [2026-07-19T19:40:07.145Z] ✅ SHA256 verified: b296fad039a5da88e6d68609512956176266f4b4309031b61da47647f60e7021
[2026-07-19T19:40:07.146Z] node: [2026-07-19T19:40:07.147Z] 🎯 Target DB: postgresql://postgres:***@db.engqdeyzbvnmxbnpemau.supabase.co:5432/postgres
[2026-07-19T19:40:07.147Z] node: [2026-07-19T19:40:07.147Z] 🎯 Host: db.engqdeyzbvnmxbnpemau.supabase.co
[2026-07-19T19:40:07.148Z] node: [2026-07-19T19:40:07.148Z] 🎯 Port: 5432
[2026-07-19T19:40:07.149Z] node: [2026-07-19T19:40:07.149Z] 🎯 Database: postgres
[2026-07-19T19:40:07.149Z] node: [2026-07-19T19:40:07.149Z] 🎯 Schema: public
[2026-07-19T19:40:07.514Z] node: [2026-07-19T19:40:07.514Z] 🔌 Connected to target PostgreSQL successfully.
[2026-07-19T19:40:10.777Z] node: [2026-07-19T19:40:10.777Z] 📊 Existing tables: 70
[2026-07-19T19:40:10.778Z] node: [2026-07-19T19:40:10.778Z] 📦 Existing rows: 24983
[2026-07-19T19:40:10.779Z] node: [2026-07-19T19:40:10.778Z] 🔎 Product: 1910
[2026-07-19T19:40:10.779Z] node: [2026-07-19T19:40:10.778Z] 🔎 BranchPrice: 1908
[2026-07-19T19:40:10.779Z] node: [2026-07-19T19:40:10.778Z] 🔎 StockItem: 3101
[2026-07-19T19:40:10.780Z] node: [2026-07-19T19:40:10.779Z] 🔎 Sale: 35
[2026-07-19T19:40:10.781Z] node: [2026-07-19T19:40:10.779Z] 🔎 SaleItem: 107
[2026-07-19T19:40:10.781Z] node: [2026-07-19T19:40:10.779Z] 🔎 SaleItemSimple: 0
[2026-07-19T19:40:10.781Z] node: [2026-07-19T19:40:10.779Z] 🔎 Payment: 21
[2026-07-19T19:40:10.782Z] node: [2026-07-19T19:40:10.780Z] 🔎 PaymentItem: 21
[2026-07-19T19:40:11.032Z] node: [2026-07-19T19:40:11.032Z] 🧨 Resetting target schema "public" before restore...
[2026-07-19T19:40:11.033Z] node: [2026-07-19T19:40:11.033Z] 🛡️ This action is intended for Recovery / Standby DB only.
[2026-07-19T19:40:11.636Z] node: [2026-07-19T19:40:11.636Z] ✅ Schema "public" reset completed.
[2026-07-19T19:40:11.671Z] node: [2026-07-19T19:40:11.671Z] 🧱 Running Prisma db push against Recovery DB only...
[2026-07-19T19:40:11.671Z] node: [2026-07-19T19:40:11.671Z] 🛡️ DATABASE_URL is injected from RESTORE_DATABASE_URL/RECOVERY_DATABASE_URL for this process only.
[2026-07-19T19:40:16.471Z] node: [2026-07-19T19:40:16.472Z] npx stderr: Environment variables loaded from .env
[2026-07-19T19:40:16.473Z] node: [2026-07-19T19:40:16.473Z] npx: Prisma schema loaded from prisma\schema.prisma
[2026-07-19T19:40:16.484Z] node: [2026-07-19T19:40:16.484Z] npx: Datasource "db": PostgreSQL database "postgres", schema "public" at "db.engqdeyzbvnmxbnpemau.supabase.co:5432"
[2026-07-19T19:40:32.736Z] node: [2026-07-19T19:40:32.736Z] npx: Your database is now in sync with your Prisma schema. Done in 15.67s
[2026-07-19T19:40:32.738Z] node: [2026-07-19T19:40:32.739Z] npx: Running generate... (Use --skip-generate to skip the generators)
[2026-07-19T19:40:33.681Z] node: [2026-07-19T19:40:33.682Z] npx: [2K[1A[2K[GRunning generate... - Prisma Client
[2026-07-19T19:40:35.384Z] node: [2026-07-19T19:40:35.384Z] npx: [2K[1A[2K[G✔ Generated Prisma Client (v6.16.2) to .\node_modules\.prisma\client in 1.70s
[2026-07-19T19:40:35.481Z] node: [2026-07-19T19:40:35.481Z] ✅ Prisma db push completed for Recovery DB.
[2026-07-19T19:40:39.731Z] node: [2026-07-19T19:40:39.730Z] 📊 Existing tables: 70
[2026-07-19T19:40:39.733Z] node: [2026-07-19T19:40:39.730Z] 📦 Existing rows: 0
[2026-07-19T19:40:39.956Z] node: [2026-07-19T19:40:39.731Z] 🔎 Product: 0
[2026-07-19T19:40:39.958Z] node: [2026-07-19T19:40:39.731Z] 🔎 BranchPrice: 0
[2026-07-19T19:40:39.962Z] node: [2026-07-19T19:40:39.731Z] 🔎 StockItem: 0
[2026-07-19T19:40:39.967Z] node: [2026-07-19T19:40:39.731Z] 🔎 Sale: 0
[2026-07-19T19:40:39.987Z] node: [2026-07-19T19:40:39.731Z] 🔎 SaleItem: 0
[2026-07-19T19:40:39.988Z] node: [2026-07-19T19:40:39.731Z] 🔎 SaleItemSimple: 0
[2026-07-19T19:40:40.000Z] node: [2026-07-19T19:40:39.732Z] 🔎 Payment: 0
[2026-07-19T19:40:40.001Z] node: [2026-07-19T19:40:39.732Z] 🔎 PaymentItem: 0
[2026-07-19T19:40:40.382Z] node: [2026-07-19T19:40:40.382Z] 📖 SQL loaded into memory (8.74 MB).
[2026-07-19T19:40:40.382Z] node: [2026-07-19T19:40:40.382Z] 🚚 Starting SQL restore via Node.js pg client...
[2026-07-19T19:40:44.477Z] node: [2026-07-19T19:40:44.477Z] ✅ SQL restore completed via Node.js pg client.
[2026-07-19T19:40:47.129Z] node: [2026-07-19T19:40:47.129Z] ✅ Restore verification PASS (70 tables checked).
[2026-07-19T19:40:47.129Z] node: [2026-07-19T19:40:47.129Z] 🎉 Restore completed successfully in 40.03 seconds.
[2026-07-19T19:40:47.217Z] ▶️  Run: node recovery/verify/qbv.js
[2026-07-19T19:40:47.409Z] node: [2026-07-19T19:40:47.407Z] ============================================================
[2026-07-19T19:40:47.411Z] node: [2026-07-19T19:40:47.412Z] 🔎 AlphaTech Integrity Verification ALPHATECH-RECOVERY-VERIFY-V1
[2026-07-19T19:40:47.412Z] node: [2026-07-19T19:40:47.412Z] ============================================================
[2026-07-19T19:40:47.413Z] node: [2026-07-19T19:40:47.413Z] Collecting Production snapshot...
[2026-07-19T19:40:58.575Z] node: [2026-07-19T19:40:58.574Z] Collecting Recovery snapshot...
[2026-07-19T19:41:09.251Z] node: [2026-07-19T19:41:09.250Z] Comparing snapshots...
[2026-07-19T19:41:09.258Z] node: [2026-07-19T19:41:09.258Z] 🧾 JSON report: D:\alpha-tech\server\recovery\reports\verification-report_2026-07-19T19-41-09-255Z.json
[2026-07-19T19:41:09.259Z] node: [2026-07-19T19:41:09.258Z] 🧾 TXT report: D:\alpha-tech\server\recovery\reports\verification-report_2026-07-19T19-41-09-255Z.txt
[2026-07-19T19:41:09.259Z] node: [2026-07-19T19:41:09.259Z] ✅ Overall: PASS
[2026-07-19T19:41:09.276Z] 🧾 Job manifest: D:\alpha-tech\server\recovery\jobs\job-2026-07-19T19-39-49-246Z.json
[2026-07-19T19:41:09.277Z] ✅ Job result: PASS exitCode=0
