[2026-07-19T09:34:22.736Z] ============================================================
[2026-07-19T09:34:22.743Z] 🧭 AlphaTech Recovery Retention Workflow ALPHATECH-RECOVERY-JOB-RUNNER-V7-R2-RETENTION
[2026-07-19T09:34:22.743Z] ============================================================
[2026-07-19T09:34:22.743Z] Mode: backup-workflow
[2026-07-19T09:34:22.744Z] ▶️  Run: node recovery/health/healthCheck.js
[2026-07-19T09:34:22.927Z] node: [2026-07-19T09:34:22.924Z] ============================================================
[2026-07-19T09:34:22.928Z] node: [2026-07-19T09:34:22.927Z] 🩺 AlphaTech Recovery Health Check ALPHATECH-RECOVERY-HEALTH-CHECK-V1
[2026-07-19T09:34:22.928Z] node: [2026-07-19T09:34:22.928Z] ============================================================
[2026-07-19T09:34:23.876Z] node: [2026-07-19T09:34:23.875Z] 🧾 JSON report: D:\alpha-tech\server\recovery\reports\health-check-2026-07-19T09-34-23-874Z.json
[2026-07-19T09:34:23.877Z] node: [2026-07-19T09:34:23.876Z] 🧾 TXT report: D:\alpha-tech\server\recovery\reports\health-check-2026-07-19T09-34-23-874Z.txt
[2026-07-19T09:34:23.877Z] node: [2026-07-19T09:34:23.876Z] ✅ Overall: PASS
[2026-07-19T09:34:23.899Z] ▶️  Run: node qb.js
[2026-07-19T09:34:24.402Z] node: 🔌 Connected to PostgreSQL successfully.
[2026-07-19T09:34:24.409Z] node: ⏳ Starting P1 Hardened Backup v6 Type-aware + generic self-reference FK safe restore...
[2026-07-19T09:34:28.033Z] node: 📦 Exporting table: Bank
[2026-07-19T09:34:28.072Z] node: 📦 Exporting table: Brand
[2026-07-19T09:34:28.116Z] node: 📦 Exporting table: Category
[2026-07-19T09:34:28.153Z] node: 📦 Exporting table: GlobalProductType
[2026-07-19T09:34:28.189Z] node: 📦 Exporting table: Position
[2026-07-19T09:34:28.226Z] node: 📦 Exporting table: Province
[2026-07-19T09:34:28.263Z] node: 📦 Exporting table: District
[2026-07-19T09:34:28.343Z] node: 📦 Exporting table: Subdistrict
[2026-07-19T09:34:28.539Z] node: 📦 Exporting table: Branch
[2026-07-19T09:34:28.578Z] node: 📦 Exporting table: BarcodeCounter
[2026-07-19T09:34:28.615Z] node: 📦 Exporting table: PaymentCodeCounter
[2026-07-19T09:34:28.651Z] node: 📦 Exporting table: ProductType
[2026-07-19T09:34:28.692Z] node: 📦 Exporting table: ProductTypeBrand
[2026-07-19T09:34:28.735Z] node: 📦 Exporting table: Supplier
[2026-07-19T09:34:28.772Z] node: 📦 Exporting table: Unit
[2026-07-19T09:34:28.809Z] node: 📦 Exporting table: Product
[2026-07-19T09:34:28.941Z] node: 📦 Exporting table: BranchPrice
[2026-07-19T09:34:29.029Z] node: 📦 Exporting table: ProductImage
[2026-07-19T09:34:29.066Z] node: 📦 Exporting table: StockBalance
[2026-07-19T09:34:29.132Z] node: 📦 Exporting table: User
[2026-07-19T09:34:29.173Z] node: 📦 Exporting table: CustomerProfile
[2026-07-19T09:34:29.217Z] node: 📦 Exporting table: Cart
[2026-07-19T09:34:29.254Z] node: 📦 Exporting table: CartItem
[2026-07-19T09:34:29.289Z] node: 📦 Exporting table: EmployeeProfile
[2026-07-19T09:34:29.326Z] node: 📦 Exporting table: CombinedBillingDocument
[2026-07-19T09:34:29.362Z] node: 📦 Exporting table: CombinedSaleDocument
[2026-07-19T09:34:29.398Z] node: 📦 Exporting table: CustomerDeposit
[2026-07-19T09:34:29.434Z] node: 📦 Exporting table: CustomerReceipts
[2026-07-19T09:34:29.470Z] node: 📦 Exporting table: InputTaxFilingBatch
[2026-07-19T09:34:29.507Z] node: 📦 Exporting table: Order
[2026-07-19T09:34:29.543Z] node: 📦 Exporting table: OrderOnline
[2026-07-19T09:34:29.579Z] node: 📦 Exporting table: OrderOnlineItem
[2026-07-19T09:34:29.615Z] node: 📦 Exporting table: PasswordResetToken
[2026-07-19T09:34:29.652Z] node: 📦 Exporting table: ProductOnOrder
[2026-07-19T09:34:29.688Z] node: 📦 Exporting table: PurchaseOrder
[2026-07-19T09:34:29.725Z] node: 📦 Exporting table: PurchaseOrderItem
[2026-07-19T09:34:29.765Z] node: 📦 Exporting table: PurchaseOrderReceipt
[2026-07-19T09:34:29.804Z] node: 📦 Exporting table: InputTaxFilingItem
[2026-07-19T09:34:29.843Z] node: 📦 Exporting table: PurchaseOrderReceiptItem
[2026-07-19T09:34:29.883Z] node: 📦 Exporting table: RefreshToken
[2026-07-19T09:34:30.123Z] node: 📦 Exporting table: Sale
[2026-07-19T09:34:30.162Z] node: 📦 Exporting table: CustomerReceiptAllocations
[2026-07-19T09:34:30.199Z] node: 📦 Exporting table: Payment
[2026-07-19T09:34:30.236Z] node: 📦 Exporting table: DepositUsage
[2026-07-19T09:34:30.272Z] node: 📦 Exporting table: PaymentItem
[2026-07-19T09:34:30.309Z] node: 📦 Exporting table: SaleReturn
[2026-07-19T09:34:30.344Z] node: 📦 Exporting table: RefundTransaction
[2026-07-19T09:34:30.380Z] node: 📦 Exporting table: SalesTaxFilingBatch
[2026-07-19T09:34:30.416Z] node: 📦 Exporting table: SalesTaxFilingItem
[2026-07-19T09:34:30.453Z] node: 📦 Exporting table: ServiceOrder
[2026-07-19T09:34:30.489Z] node: 📦 Exporting table: ServiceItem
[2026-07-19T09:34:30.525Z] node: 📦 Exporting table: SimpleLot
[2026-07-19T09:34:30.561Z] node: 📦 Exporting table: SaleItemSimple
[2026-07-19T09:34:30.597Z] node: 📦 Exporting table: SaleReturnItemSimple
[2026-07-19T09:34:30.633Z] node: 📦 Exporting table: StockAuditSession
[2026-07-19T09:34:30.669Z] node: 📦 Exporting table: StockItem
[2026-07-19T09:34:30.832Z] node: 📦 Exporting table: BarcodeReceiptItem
[2026-07-19T09:34:30.885Z] node: 📦 Exporting table: RepairJob
[2026-07-19T09:34:30.921Z] node: 📦 Exporting table: RepairPartItem
[2026-07-19T09:34:30.957Z] node: 📦 Exporting table: SaleItem
[2026-07-19T09:34:30.996Z] node: 📦 Exporting table: SaleReturnItem
[2026-07-19T09:34:31.032Z] node: 📦 Exporting table: StockAuditScanLog
[2026-07-19T09:34:31.068Z] node: 📦 Exporting table: StockAuditSnapshotItem
[2026-07-19T09:34:31.120Z] node: 📦 Exporting table: StockMovement
[2026-07-19T09:34:31.178Z] node: 📦 Exporting table: SupplierPayment
[2026-07-19T09:34:31.214Z] node: 📦 Exporting table: SupplierPaymentReceipt
[2026-07-19T09:34:31.251Z] node: 📦 Exporting table: V2CustomerDeposit
[2026-07-19T09:34:31.287Z] node: 📦 Exporting table: V2StockAudit
[2026-07-19T09:34:31.323Z] node: 📦 Exporting table: V2StockAuditItem
[2026-07-19T09:34:31.359Z] node: 📦 Exporting table: WarrantyClaim
[2026-07-19T09:34:34.022Z] node: 🎉 P1 Hardened Backup v6 Type-aware + generic self-reference FK safe restore completed successfully.
[2026-07-19T09:34:34.027Z] node: 💾 Backup file: D:\alpha-tech\server\backups\alphatech_hardened_backup_v6_2026-07-19_2026-07-19T09-34-27-849Z.sql
[2026-07-19T09:34:34.027Z] node: 🧾 Manifest file: D:\alpha-tech\server\backups\alphatech_hardened_backup_v6_2026-07-19_2026-07-19T09-34-27-849Z.manifest.json
[2026-07-19T09:34:34.027Z] node: 📊 Tables exported: 70
[2026-07-19T09:34:34.028Z] node: 📦 Rows exported: 24970
[2026-07-19T09:34:34.028Z] node: 🔢 Sequences prepared: 67
[2026-07-19T09:34:34.028Z] node: 🔐 SHA256: 5ed6d0a14ebf0196213a7d1ab9265776a379819c8c4c32b824afb5e4d64eec16
[2026-07-19T09:34:34.029Z] node: 📐 File size: 8.73 MB
[2026-07-19T09:34:34.029Z] node: ⏱️ Duration: 7.40 seconds
[2026-07-19T09:34:34.029Z] node: ✅ Verification: PASS (70 tables checked)
[2026-07-19T09:34:34.103Z] ▶️  Run: node recovery/upload/uploadBackup.js --manifest D:\alpha-tech\server\backups\alphatech_hardened_backup_v6_2026-07-19_2026-07-19T09-34-27-849Z.manifest.json
[2026-07-19T09:34:34.201Z] node: [2026-07-19T09:34:34.194Z] ============================================================
[2026-07-19T09:34:34.202Z] node: [2026-07-19T09:34:34.202Z] AlphaTech Recovery Upload ALPHATECH-RECOVERY-UPLOAD-V2-S3-COMPATIBLE
[2026-07-19T09:34:34.203Z] node: [2026-07-19T09:34:34.202Z] ============================================================
[2026-07-19T09:34:34.448Z] node stderr: (node:8944) Warning: NodeVersionSupportWarning: The AWS SDK for JavaScript (v3)
[2026-07-19T09:34:34.448Z] node stderr: versions published after the first week of January 2027
[2026-07-19T09:34:34.449Z] node stderr: will require node >=22. You are running node v20.19.0.
[2026-07-19T09:34:34.450Z] node stderr: To continue receiving updates to AWS services, bug fixes,
[2026-07-19T09:34:34.450Z] node stderr: and security updates please upgrade to node >=22.
[2026-07-19T09:34:34.450Z] node stderr: More information can be found at: https://a.co/c895JFp
[2026-07-19T09:34:34.451Z] node stderr: (Use `node --trace-warnings ...` to show where the warning was created)
[2026-07-19T09:34:36.339Z] node: [2026-07-19T09:34:36.338Z] JSON report: D:\alpha-tech\server\recovery\reports\upload-report-2026-07-19T09-34-36-335Z.json
[2026-07-19T09:34:36.350Z] node: [2026-07-19T09:34:36.339Z] TXT report: D:\alpha-tech\server\recovery\reports\upload-report-2026-07-19T09-34-36-335Z.txt
[2026-07-19T09:34:36.351Z] node: [2026-07-19T09:34:36.339Z] Overall: PASS
[2026-07-19T09:34:37.190Z] ------------------------------------------------------------
[2026-07-19T09:34:37.191Z] Target      : cloudflare-r2
[2026-07-19T09:34:37.193Z] Bucket      : saduaksabuy-recovery
[2026-07-19T09:34:37.197Z] Prefix      : alphatech-production/
[2026-07-19T09:34:37.201Z] Retention   : 7 day(s)
[2026-07-19T09:34:37.204Z] Mode        : APPLY
[2026-07-19T09:34:37.205Z] Scanned     : 84
[2026-07-19T09:34:37.206Z] Candidates  : 0
[2026-07-19T09:34:37.207Z] Deleted     : 0
[2026-07-19T09:34:37.207Z] Remaining   : 84
[2026-07-19T09:34:37.208Z] Failed      : 0
[2026-07-19T09:34:37.209Z] ▶️  Run: node recovery/retention/retentionPolicy.js --apply
[2026-07-19T09:34:37.630Z] node: [2026-07-19T09:34:37.623Z] ============================================================
[2026-07-19T09:34:37.638Z] node: [2026-07-19T09:34:37.638Z] 🧹 AlphaTech Recovery Retention ALPHATECH-RECOVERY-RETENTION-V1
[2026-07-19T09:34:37.639Z] node: [2026-07-19T09:34:37.638Z] ============================================================
[2026-07-19T09:34:37.639Z] node: [2026-07-19T09:34:37.638Z] Mode: APPLY
[2026-07-19T09:34:37.655Z] node: [2026-07-19T09:34:37.655Z] ------------------------------------------------------------
[2026-07-19T09:34:37.655Z] node: [2026-07-19T09:34:37.655Z] Target      : local-backups
[2026-07-19T09:34:37.656Z] node: [2026-07-19T09:34:37.656Z] Directory   : D:\alpha-tech\server\backups
[2026-07-19T09:34:37.658Z] node: [2026-07-19T09:34:37.658Z] Retention   : 3 day(s)
[2026-07-19T09:34:37.659Z] node: [2026-07-19T09:34:37.658Z] Scanned     : 43
[2026-07-19T09:34:37.659Z] node: [2026-07-19T09:34:37.659Z] Candidates  : 1
[2026-07-19T09:34:37.660Z] node: [2026-07-19T09:34:37.659Z] Deleted     : 1
[2026-07-19T09:34:37.661Z] node: [2026-07-19T09:34:37.661Z] Remaining   : 42
[2026-07-19T09:34:37.662Z] node: [2026-07-19T09:34:37.661Z] Failed      : 0
[2026-07-19T09:34:37.662Z] node: [2026-07-19T09:34:37.662Z] ------------------------------------------------------------
[2026-07-19T09:34:37.663Z] node: [2026-07-19T09:34:37.662Z] Target      : offsite-local-mirror
[2026-07-19T09:34:37.663Z] node: [2026-07-19T09:34:37.662Z] Directory   : D:\alpha-tech\server\recovery\offsite
[2026-07-19T09:34:37.663Z] node: [2026-07-19T09:34:37.663Z] Retention   : 7 day(s)
[2026-07-19T09:34:37.664Z] node: [2026-07-19T09:34:37.663Z] Scanned     : 0
[2026-07-19T09:34:37.664Z] node: [2026-07-19T09:34:37.664Z] Candidates  : 0
[2026-07-19T09:34:37.664Z] node: [2026-07-19T09:34:37.664Z] Deleted     : 0
[2026-07-19T09:34:37.665Z] node: [2026-07-19T09:34:37.664Z] Remaining   : 0
[2026-07-19T09:34:37.665Z] node: [2026-07-19T09:34:37.665Z] Failed      : 0
[2026-07-19T09:34:37.733Z] node: [2026-07-19T09:34:37.733Z] 🧾 JSON report: D:\alpha-tech\server\recovery\reports\retention-report-2026-07-19T09-34-37-665Z.json
[2026-07-19T09:34:37.734Z] node: [2026-07-19T09:34:37.733Z] 🧾 TXT report: D:\alpha-tech\server\recovery\reports\retention-report-2026-07-19T09-34-37-665Z.txt
[2026-07-19T09:34:37.735Z] node: [2026-07-19T09:34:37.733Z] ✅ Overall: PASS
[2026-07-19T09:34:37.746Z] ▶️  Run: node qbrs.js --manifest D:\alpha-tech\server\backups\alphatech_hardened_backup_v6_2026-07-19_2026-07-19T09-34-27-849Z.manifest.json --init --yes --reset-schema
[2026-07-19T09:34:38.289Z] node: [2026-07-19T09:34:38.287Z] ============================================================
[2026-07-19T09:34:38.291Z] node: [2026-07-19T09:34:38.290Z] 🚑 AlphaTech Restore Tool P1-HARDENED-RESTORE-V3-NODE-PG
[2026-07-19T09:34:38.291Z] node: [2026-07-19T09:34:38.290Z] ============================================================
[2026-07-19T09:34:38.331Z] node: [2026-07-19T09:34:38.330Z] ✅ Manifest loaded.
[2026-07-19T09:34:38.331Z] node: [2026-07-19T09:34:38.331Z] ✅ SQL file: D:\alpha-tech\server\backups\alphatech_hardened_backup_v6_2026-07-19_2026-07-19T09-34-27-849Z.sql
[2026-07-19T09:34:38.332Z] node: [2026-07-19T09:34:38.331Z] ✅ SHA256 verified: 5ed6d0a14ebf0196213a7d1ab9265776a379819c8c4c32b824afb5e4d64eec16
[2026-07-19T09:34:38.333Z] node: [2026-07-19T09:34:38.332Z] 🎯 Target DB: postgresql://postgres:***@db.engqdeyzbvnmxbnpemau.supabase.co:5432/postgres
[2026-07-19T09:34:38.333Z] node: [2026-07-19T09:34:38.332Z] 🎯 Host: db.engqdeyzbvnmxbnpemau.supabase.co
[2026-07-19T09:34:38.334Z] node: [2026-07-19T09:34:38.332Z] 🎯 Port: 5432
[2026-07-19T09:34:38.334Z] node: [2026-07-19T09:34:38.333Z] 🎯 Database: postgres
[2026-07-19T09:34:38.334Z] node: [2026-07-19T09:34:38.333Z] 🎯 Schema: public
[2026-07-19T09:34:38.706Z] node: [2026-07-19T09:34:38.705Z] 🔌 Connected to target PostgreSQL successfully.
[2026-07-19T09:34:42.022Z] node: [2026-07-19T09:34:42.021Z] 📊 Existing tables: 70
[2026-07-19T09:34:42.022Z] node: [2026-07-19T09:34:42.022Z] 📦 Existing rows: 24970
[2026-07-19T09:34:42.023Z] node: [2026-07-19T09:34:42.022Z] 🔎 Product: 1910
[2026-07-19T09:34:42.024Z] node: [2026-07-19T09:34:42.022Z] 🔎 BranchPrice: 1908
[2026-07-19T09:34:42.024Z] node: [2026-07-19T09:34:42.022Z] 🔎 StockItem: 3101
[2026-07-19T09:34:42.024Z] node: [2026-07-19T09:34:42.022Z] 🔎 Sale: 34
[2026-07-19T09:34:42.025Z] node: [2026-07-19T09:34:42.023Z] 🔎 SaleItem: 106
[2026-07-19T09:34:42.025Z] node: [2026-07-19T09:34:42.023Z] 🔎 SaleItemSimple: 0
[2026-07-19T09:34:42.026Z] node: [2026-07-19T09:34:42.023Z] 🔎 Payment: 20
[2026-07-19T09:34:42.026Z] node: [2026-07-19T09:34:42.024Z] 🔎 PaymentItem: 20
[2026-07-19T09:34:42.272Z] node: [2026-07-19T09:34:42.271Z] 🧨 Resetting target schema "public" before restore...
[2026-07-19T09:34:42.273Z] node: [2026-07-19T09:34:42.272Z] 🛡️ This action is intended for Recovery / Standby DB only.
[2026-07-19T09:34:42.833Z] node: [2026-07-19T09:34:42.833Z] ✅ Schema "public" reset completed.
[2026-07-19T09:34:42.867Z] node: [2026-07-19T09:34:42.867Z] 🧱 Running Prisma db push against Recovery DB only...
[2026-07-19T09:34:42.869Z] node: [2026-07-19T09:34:42.867Z] 🛡️ DATABASE_URL is injected from RESTORE_DATABASE_URL/RECOVERY_DATABASE_URL for this process only.
[2026-07-19T09:34:47.610Z] node: [2026-07-19T09:34:47.610Z] npx stderr: Environment variables loaded from .env
[2026-07-19T09:34:47.611Z] node: [2026-07-19T09:34:47.611Z] npx: Prisma schema loaded from prisma\schema.prisma
[2026-07-19T09:34:47.622Z] node: [2026-07-19T09:34:47.622Z] npx: Datasource "db": PostgreSQL database "postgres", schema "public" at "db.engqdeyzbvnmxbnpemau.supabase.co:5432"
[2026-07-19T09:35:03.226Z] node: [2026-07-19T09:35:03.226Z] npx: Your database is now in sync with your Prisma schema. Done in 14.98s
[2026-07-19T09:35:03.229Z] node: [2026-07-19T09:35:03.229Z] npx: Running generate... (Use --skip-generate to skip the generators)
[2026-07-19T09:35:04.339Z] node: [2026-07-19T09:35:04.338Z] npx: [2K[1A[2K[GRunning generate... - Prisma Client
[2026-07-19T09:35:05.684Z] node: [2026-07-19T09:35:05.684Z] npx: [2K[1A[2K[G✔ Generated Prisma Client (v6.16.2) to .\node_modules\.prisma\client in 1.34s
[2026-07-19T09:35:05.688Z] node: [2026-07-19T09:35:05.688Z] npx stderr: ┌─────────────────────────────────────────────────────────┐
[2026-07-19T09:35:05.689Z] node: [2026-07-19T09:35:05.688Z] npx stderr: │  Update available 6.16.2 -> 7.8.0                       │
[2026-07-19T09:35:05.690Z] node: [2026-07-19T09:35:05.688Z] npx stderr: │                                                         │
[2026-07-19T09:35:05.690Z] node: [2026-07-19T09:35:05.689Z] npx stderr: │  This is a major update - please follow the guide at    │
[2026-07-19T09:35:05.691Z] node: [2026-07-19T09:35:05.689Z] npx stderr: │  https://pris.ly/d/major-version-upgrade                │
[2026-07-19T09:35:05.691Z] node: [2026-07-19T09:35:05.689Z] npx stderr: │                                                         │
[2026-07-19T09:35:05.692Z] node: [2026-07-19T09:35:05.689Z] npx stderr: │  Run the following to update                            │
[2026-07-19T09:35:05.692Z] node: [2026-07-19T09:35:05.689Z] npx stderr: │    npm i --save-dev prisma@latest                       │
[2026-07-19T09:35:05.693Z] node: [2026-07-19T09:35:05.689Z] npx stderr: │    npm i @prisma/client@latest                          │
[2026-07-19T09:35:05.693Z] node: [2026-07-19T09:35:05.690Z] npx stderr: └─────────────────────────────────────────────────────────┘
[2026-07-19T09:35:05.762Z] node: [2026-07-19T09:35:05.762Z] ✅ Prisma db push completed for Recovery DB.
[2026-07-19T09:35:09.833Z] node: [2026-07-19T09:35:09.832Z] 📊 Existing tables: 70
[2026-07-19T09:35:09.837Z] node: [2026-07-19T09:35:09.832Z] 📦 Existing rows: 0
[2026-07-19T09:35:09.839Z] node: [2026-07-19T09:35:09.832Z] 🔎 Product: 0
[2026-07-19T09:35:09.840Z] node: [2026-07-19T09:35:09.832Z] 🔎 BranchPrice: 0
[2026-07-19T09:35:09.840Z] node: [2026-07-19T09:35:09.833Z] 🔎 StockItem: 0
[2026-07-19T09:35:09.842Z] node: [2026-07-19T09:35:09.833Z] 🔎 Sale: 0
[2026-07-19T09:35:09.842Z] node: [2026-07-19T09:35:09.833Z] 🔎 SaleItem: 0
[2026-07-19T09:35:09.844Z] node: [2026-07-19T09:35:09.833Z] 🔎 SaleItemSimple: 0
[2026-07-19T09:35:09.845Z] node: [2026-07-19T09:35:09.833Z] 🔎 Payment: 0
[2026-07-19T09:35:09.845Z] node: [2026-07-19T09:35:09.833Z] 🔎 PaymentItem: 0
[2026-07-19T09:35:10.148Z] node: [2026-07-19T09:35:10.147Z] 📖 SQL loaded into memory (8.73 MB).
[2026-07-19T09:35:10.148Z] node: [2026-07-19T09:35:10.148Z] 🚚 Starting SQL restore via Node.js pg client...
[2026-07-19T09:35:14.134Z] node: [2026-07-19T09:35:14.134Z] ✅ SQL restore completed via Node.js pg client.
[2026-07-19T09:35:16.855Z] node: [2026-07-19T09:35:16.854Z] ✅ Restore verification PASS (70 tables checked).
[2026-07-19T09:35:16.856Z] node: [2026-07-19T09:35:16.855Z] 🎉 Restore completed successfully in 38.57 seconds.
[2026-07-19T09:35:16.874Z] ▶️  Run: node recovery/verify/qbv.js
[2026-07-19T09:35:17.062Z] node: [2026-07-19T09:35:17.060Z] ============================================================
[2026-07-19T09:35:17.063Z] node: [2026-07-19T09:35:17.063Z] 🔎 AlphaTech Integrity Verification ALPHATECH-RECOVERY-VERIFY-V1
[2026-07-19T09:35:17.064Z] node: [2026-07-19T09:35:17.064Z] ============================================================
[2026-07-19T09:35:17.064Z] node: [2026-07-19T09:35:17.064Z] Collecting Production snapshot...
[2026-07-19T09:35:28.865Z] node: [2026-07-19T09:35:28.866Z] Collecting Recovery snapshot...
[2026-07-19T09:35:39.815Z] node: [2026-07-19T09:35:39.815Z] Comparing snapshots...
[2026-07-19T09:35:39.821Z] node: [2026-07-19T09:35:39.822Z] 🧾 JSON report: D:\alpha-tech\server\recovery\reports\verification-report_2026-07-19T09-35-39-818Z.json
[2026-07-19T09:35:39.822Z] node: [2026-07-19T09:35:39.822Z] 🧾 TXT report: D:\alpha-tech\server\recovery\reports\verification-report_2026-07-19T09-35-39-818Z.txt
[2026-07-19T09:35:39.823Z] node: [2026-07-19T09:35:39.823Z] ✅ Overall: PASS
[2026-07-19T09:35:39.837Z] 🧾 Job manifest: D:\alpha-tech\server\recovery\jobs\job-2026-07-19T09-34-22-732Z.json
[2026-07-19T09:35:39.837Z] ✅ Job result: PASS exitCode=0
