[2026-07-12T21:34:22.631Z] ============================================================
[2026-07-12T21:34:22.637Z] 🧭 AlphaTech Recovery Retention Workflow ALPHATECH-RECOVERY-JOB-RUNNER-V7-R2-RETENTION
[2026-07-12T21:34:22.638Z] ============================================================
[2026-07-12T21:34:22.638Z] Mode: backup-workflow
[2026-07-12T21:34:22.639Z] ▶️  Run: node recovery/health/healthCheck.js
[2026-07-12T21:34:22.800Z] node: [2026-07-12T21:34:22.797Z] ============================================================
[2026-07-12T21:34:22.801Z] node: [2026-07-12T21:34:22.800Z] 🩺 AlphaTech Recovery Health Check ALPHATECH-RECOVERY-HEALTH-CHECK-V1
[2026-07-12T21:34:22.801Z] node: [2026-07-12T21:34:22.800Z] ============================================================
[2026-07-12T21:34:23.698Z] node: [2026-07-12T21:34:23.697Z] 🧾 JSON report: D:\alpha-tech\server\recovery\reports\health-check-2026-07-12T21-34-23-696Z.json
[2026-07-12T21:34:23.699Z] node: [2026-07-12T21:34:23.698Z] 🧾 TXT report: D:\alpha-tech\server\recovery\reports\health-check-2026-07-12T21-34-23-696Z.txt
[2026-07-12T21:34:23.699Z] node: [2026-07-12T21:34:23.698Z] ✅ Overall: PASS
[2026-07-12T21:34:23.712Z] ▶️  Run: node qb.js
[2026-07-12T21:34:24.126Z] node: 🔌 Connected to PostgreSQL successfully.
[2026-07-12T21:34:24.135Z] node: ⏳ Starting P1 Hardened Backup v6 Type-aware + generic self-reference FK safe restore...
[2026-07-12T21:34:27.364Z] node: 📦 Exporting table: Bank
[2026-07-12T21:34:27.401Z] node: 📦 Exporting table: Brand
[2026-07-12T21:34:27.442Z] node: 📦 Exporting table: Category
[2026-07-12T21:34:27.477Z] node: 📦 Exporting table: GlobalProductType
[2026-07-12T21:34:27.512Z] node: 📦 Exporting table: Position
[2026-07-12T21:34:27.547Z] node: 📦 Exporting table: Province
[2026-07-12T21:34:27.582Z] node: 📦 Exporting table: District
[2026-07-12T21:34:27.635Z] node: 📦 Exporting table: Subdistrict
[2026-07-12T21:34:27.819Z] node: 📦 Exporting table: Branch
[2026-07-12T21:34:27.855Z] node: 📦 Exporting table: BarcodeCounter
[2026-07-12T21:34:27.921Z] node: 📦 Exporting table: PaymentCodeCounter
[2026-07-12T21:34:27.955Z] node: 📦 Exporting table: ProductType
[2026-07-12T21:34:27.994Z] node: 📦 Exporting table: ProductTypeBrand
[2026-07-12T21:34:28.033Z] node: 📦 Exporting table: Supplier
[2026-07-12T21:34:28.068Z] node: 📦 Exporting table: Unit
[2026-07-12T21:34:28.297Z] node: 📦 Exporting table: Product
[2026-07-12T21:34:28.297Z] node: 📦 Exporting table: BranchPrice
[2026-07-12T21:34:28.297Z] node: 📦 Exporting table: ProductImage
[2026-07-12T21:34:28.300Z] node: 📦 Exporting table: StockBalance
[2026-07-12T21:34:28.349Z] node: 📦 Exporting table: User
[2026-07-12T21:34:28.389Z] node: 📦 Exporting table: CustomerProfile
[2026-07-12T21:34:28.430Z] node: 📦 Exporting table: Cart
[2026-07-12T21:34:28.464Z] node: 📦 Exporting table: CartItem
[2026-07-12T21:34:28.498Z] node: 📦 Exporting table: EmployeeProfile
[2026-07-12T21:34:28.533Z] node: 📦 Exporting table: CombinedBillingDocument
[2026-07-12T21:34:28.568Z] node: 📦 Exporting table: CombinedSaleDocument
[2026-07-12T21:34:28.603Z] node: 📦 Exporting table: CustomerDeposit
[2026-07-12T21:34:28.638Z] node: 📦 Exporting table: CustomerReceipts
[2026-07-12T21:34:28.672Z] node: 📦 Exporting table: InputTaxFilingBatch
[2026-07-12T21:34:28.707Z] node: 📦 Exporting table: Order
[2026-07-12T21:34:28.742Z] node: 📦 Exporting table: OrderOnline
[2026-07-12T21:34:28.776Z] node: 📦 Exporting table: OrderOnlineItem
[2026-07-12T21:34:28.811Z] node: 📦 Exporting table: PasswordResetToken
[2026-07-12T21:34:28.846Z] node: 📦 Exporting table: ProductOnOrder
[2026-07-12T21:34:28.880Z] node: 📦 Exporting table: PurchaseOrder
[2026-07-12T21:34:28.916Z] node: 📦 Exporting table: PurchaseOrderItem
[2026-07-12T21:34:28.951Z] node: 📦 Exporting table: PurchaseOrderReceipt
[2026-07-12T21:34:28.985Z] node: 📦 Exporting table: InputTaxFilingItem
[2026-07-12T21:34:29.020Z] node: 📦 Exporting table: PurchaseOrderReceiptItem
[2026-07-12T21:34:29.057Z] node: 📦 Exporting table: RefreshToken
[2026-07-12T21:34:29.246Z] node: 📦 Exporting table: Sale
[2026-07-12T21:34:29.281Z] node: 📦 Exporting table: CustomerReceiptAllocations
[2026-07-12T21:34:29.316Z] node: 📦 Exporting table: Payment
[2026-07-12T21:34:29.350Z] node: 📦 Exporting table: DepositUsage
[2026-07-12T21:34:29.385Z] node: 📦 Exporting table: PaymentItem
[2026-07-12T21:34:29.419Z] node: 📦 Exporting table: SaleReturn
[2026-07-12T21:34:29.454Z] node: 📦 Exporting table: RefundTransaction
[2026-07-12T21:34:29.488Z] node: 📦 Exporting table: SalesTaxFilingBatch
[2026-07-12T21:34:29.523Z] node: 📦 Exporting table: SalesTaxFilingItem
[2026-07-12T21:34:29.557Z] node: 📦 Exporting table: ServiceOrder
[2026-07-12T21:34:29.591Z] node: 📦 Exporting table: ServiceItem
[2026-07-12T21:34:29.626Z] node: 📦 Exporting table: SimpleLot
[2026-07-12T21:34:29.660Z] node: 📦 Exporting table: SaleItemSimple
[2026-07-12T21:34:29.695Z] node: 📦 Exporting table: SaleReturnItemSimple
[2026-07-12T21:34:29.729Z] node: 📦 Exporting table: StockAuditSession
[2026-07-12T21:34:29.763Z] node: 📦 Exporting table: StockItem
[2026-07-12T21:34:29.858Z] node: 📦 Exporting table: BarcodeReceiptItem
[2026-07-12T21:34:29.892Z] node: 📦 Exporting table: RepairJob
[2026-07-12T21:34:29.927Z] node: 📦 Exporting table: RepairPartItem
[2026-07-12T21:34:30.359Z] node: 📦 Exporting table: SaleItem
[2026-07-12T21:34:30.359Z] node: 📦 Exporting table: SaleReturnItem
[2026-07-12T21:34:30.359Z] node: 📦 Exporting table: StockAuditScanLog
[2026-07-12T21:34:30.360Z] node: 📦 Exporting table: StockAuditSnapshotItem
[2026-07-12T21:34:30.360Z] node: 📦 Exporting table: StockMovement
[2026-07-12T21:34:30.360Z] node: 📦 Exporting table: SupplierPayment
[2026-07-12T21:34:30.361Z] node: 📦 Exporting table: SupplierPaymentReceipt
[2026-07-12T21:34:30.361Z] node: 📦 Exporting table: V2CustomerDeposit
[2026-07-12T21:34:30.361Z] node: 📦 Exporting table: V2StockAudit
[2026-07-12T21:34:30.361Z] node: 📦 Exporting table: V2StockAuditItem
[2026-07-12T21:34:30.362Z] node: 📦 Exporting table: WarrantyClaim
[2026-07-12T21:34:32.805Z] node: 🎉 P1 Hardened Backup v6 Type-aware + generic self-reference FK safe restore completed successfully.
[2026-07-12T21:34:32.806Z] node: 💾 Backup file: D:\alpha-tech\server\backups\alphatech_hardened_backup_v6_2026-07-12_2026-07-12T21-34-27-330Z.sql
[2026-07-12T21:34:32.807Z] node: 🧾 Manifest file: D:\alpha-tech\server\backups\alphatech_hardened_backup_v6_2026-07-12_2026-07-12T21-34-27-330Z.manifest.json
[2026-07-12T21:34:32.807Z] node: 📊 Tables exported: 70
[2026-07-12T21:34:32.807Z] node: 📦 Rows exported: 18821
[2026-07-12T21:34:32.808Z] node: 🔢 Sequences prepared: 67
[2026-07-12T21:34:32.808Z] node: 🔐 SHA256: 7785e19284d07ba19a9746b5c9c05645c9804238f9fbed29395f5e31b9f91717
[2026-07-12T21:34:32.808Z] node: 📐 File size: 6.06 MB
[2026-07-12T21:34:32.808Z] node: ⏱️ Duration: 6.54 seconds
[2026-07-12T21:34:32.809Z] node: ✅ Verification: PASS (70 tables checked)
[2026-07-12T21:34:32.864Z] ▶️  Run: node recovery/upload/uploadBackup.js --manifest D:\alpha-tech\server\backups\alphatech_hardened_backup_v6_2026-07-12_2026-07-12T21-34-27-330Z.manifest.json
[2026-07-12T21:34:32.946Z] node: [2026-07-12T21:34:32.940Z] ============================================================
[2026-07-12T21:34:32.947Z] node: [2026-07-12T21:34:32.947Z] AlphaTech Recovery Upload ALPHATECH-RECOVERY-UPLOAD-V2-S3-COMPATIBLE
[2026-07-12T21:34:32.947Z] node: [2026-07-12T21:34:32.947Z] ============================================================
[2026-07-12T21:34:33.157Z] node stderr: (node:15108) Warning: NodeVersionSupportWarning: The AWS SDK for JavaScript (v3)
[2026-07-12T21:34:33.158Z] node stderr: versions published after the first week of January 2027
[2026-07-12T21:34:33.159Z] node stderr: will require node >=22. You are running node v20.19.0.
[2026-07-12T21:34:33.426Z] node stderr: To continue receiving updates to AWS services, bug fixes,
[2026-07-12T21:34:33.426Z] node stderr: and security updates please upgrade to node >=22.
[2026-07-12T21:34:33.426Z] node stderr: More information can be found at: https://a.co/c895JFp
[2026-07-12T21:34:33.427Z] node stderr: (Use `node --trace-warnings ...` to show where the warning was created)
[2026-07-12T21:34:35.524Z] node: [2026-07-12T21:34:35.523Z] JSON report: D:\alpha-tech\server\recovery\reports\upload-report-2026-07-12T21-34-35-522Z.json
[2026-07-12T21:34:35.525Z] node: [2026-07-12T21:34:35.524Z] TXT report: D:\alpha-tech\server\recovery\reports\upload-report-2026-07-12T21-34-35-522Z.txt
[2026-07-12T21:34:35.526Z] node: [2026-07-12T21:34:35.524Z] Overall: PASS
[2026-07-12T21:34:35.976Z] ------------------------------------------------------------
[2026-07-12T21:34:35.976Z] Target      : cloudflare-r2
[2026-07-12T21:34:35.977Z] Bucket      : saduaksabuy-recovery
[2026-07-12T21:34:35.977Z] Prefix      : alphatech-production/
[2026-07-12T21:34:35.978Z] Retention   : 7 day(s)
[2026-07-12T21:34:35.978Z] Mode        : APPLY
[2026-07-12T21:34:35.978Z] Scanned     : 68
[2026-07-12T21:34:35.979Z] Candidates  : 0
[2026-07-12T21:34:35.979Z] Deleted     : 0
[2026-07-12T21:34:35.979Z] Remaining   : 68
[2026-07-12T21:34:35.979Z] Failed      : 0
[2026-07-12T21:34:35.980Z] ▶️  Run: node recovery/retention/retentionPolicy.js --apply
[2026-07-12T21:34:36.068Z] node: [2026-07-12T21:34:36.062Z] ============================================================
[2026-07-12T21:34:36.070Z] node: [2026-07-12T21:34:36.069Z] 🧹 AlphaTech Recovery Retention ALPHATECH-RECOVERY-RETENTION-V1
[2026-07-12T21:34:36.070Z] node: [2026-07-12T21:34:36.070Z] ============================================================
[2026-07-12T21:34:36.071Z] node: [2026-07-12T21:34:36.070Z] Mode: APPLY
[2026-07-12T21:34:36.080Z] node: [2026-07-12T21:34:36.079Z] ------------------------------------------------------------
[2026-07-12T21:34:36.080Z] node: [2026-07-12T21:34:36.080Z] Target      : local-backups
[2026-07-12T21:34:36.081Z] node: [2026-07-12T21:34:36.080Z] Directory   : D:\alpha-tech\server\backups
[2026-07-12T21:34:36.081Z] node: [2026-07-12T21:34:36.080Z] Retention   : 3 day(s)
[2026-07-12T21:34:36.081Z] node: [2026-07-12T21:34:36.081Z] Scanned     : 46
[2026-07-12T21:34:36.081Z] node: [2026-07-12T21:34:36.081Z] Candidates  : 6
[2026-07-12T21:34:36.082Z] node: [2026-07-12T21:34:36.081Z] Deleted     : 6
[2026-07-12T21:34:36.082Z] node: [2026-07-12T21:34:36.082Z] Remaining   : 40
[2026-07-12T21:34:36.082Z] node: [2026-07-12T21:34:36.082Z] Failed      : 0
[2026-07-12T21:34:36.083Z] node: [2026-07-12T21:34:36.082Z] ------------------------------------------------------------
[2026-07-12T21:34:36.083Z] node: [2026-07-12T21:34:36.083Z] Target      : offsite-local-mirror
[2026-07-12T21:34:36.083Z] node: [2026-07-12T21:34:36.083Z] Directory   : D:\alpha-tech\server\recovery\offsite
[2026-07-12T21:34:36.084Z] node: [2026-07-12T21:34:36.083Z] Retention   : 7 day(s)
[2026-07-12T21:34:36.084Z] node: [2026-07-12T21:34:36.084Z] Scanned     : 12
[2026-07-12T21:34:36.084Z] node: [2026-07-12T21:34:36.084Z] Candidates  : 0
[2026-07-12T21:34:36.084Z] node: [2026-07-12T21:34:36.084Z] Deleted     : 0
[2026-07-12T21:34:36.085Z] node: [2026-07-12T21:34:36.084Z] Remaining   : 12
[2026-07-12T21:34:36.085Z] node: [2026-07-12T21:34:36.085Z] Failed      : 0
[2026-07-12T21:34:36.087Z] node: [2026-07-12T21:34:36.086Z] 🧾 JSON report: D:\alpha-tech\server\recovery\reports\retention-report-2026-07-12T21-34-36-085Z.json
[2026-07-12T21:34:36.087Z] node: [2026-07-12T21:34:36.086Z] 🧾 TXT report: D:\alpha-tech\server\recovery\reports\retention-report-2026-07-12T21-34-36-085Z.txt
[2026-07-12T21:34:36.090Z] node: [2026-07-12T21:34:36.087Z] ✅ Overall: PASS
[2026-07-12T21:34:36.098Z] ▶️  Run: node qbrs.js --manifest D:\alpha-tech\server\backups\alphatech_hardened_backup_v6_2026-07-12_2026-07-12T21-34-27-330Z.manifest.json --init --yes --reset-schema
[2026-07-12T21:34:36.241Z] node: [2026-07-12T21:34:36.239Z] ============================================================
[2026-07-12T21:34:36.243Z] node: [2026-07-12T21:34:36.242Z] 🚑 AlphaTech Restore Tool P1-HARDENED-RESTORE-V3-NODE-PG
[2026-07-12T21:34:36.243Z] node: [2026-07-12T21:34:36.243Z] ============================================================
[2026-07-12T21:34:36.270Z] node: [2026-07-12T21:34:36.270Z] ✅ Manifest loaded.
[2026-07-12T21:34:36.271Z] node: [2026-07-12T21:34:36.270Z] ✅ SQL file: D:\alpha-tech\server\backups\alphatech_hardened_backup_v6_2026-07-12_2026-07-12T21-34-27-330Z.sql
[2026-07-12T21:34:36.271Z] node: [2026-07-12T21:34:36.270Z] ✅ SHA256 verified: 7785e19284d07ba19a9746b5c9c05645c9804238f9fbed29395f5e31b9f91717
[2026-07-12T21:34:36.272Z] node: [2026-07-12T21:34:36.271Z] 🎯 Target DB: postgresql://postgres:***@db.engqdeyzbvnmxbnpemau.supabase.co:5432/postgres
[2026-07-12T21:34:36.272Z] node: [2026-07-12T21:34:36.271Z] 🎯 Host: db.engqdeyzbvnmxbnpemau.supabase.co
[2026-07-12T21:34:36.272Z] node: [2026-07-12T21:34:36.272Z] 🎯 Port: 5432
[2026-07-12T21:34:36.273Z] node: [2026-07-12T21:34:36.272Z] 🎯 Database: postgres
[2026-07-12T21:34:36.273Z] node: [2026-07-12T21:34:36.273Z] 🎯 Schema: public
[2026-07-12T21:34:36.629Z] node: [2026-07-12T21:34:36.628Z] 🔌 Connected to target PostgreSQL successfully.
[2026-07-12T21:34:39.930Z] node: [2026-07-12T21:34:39.929Z] 📊 Existing tables: 70
[2026-07-12T21:34:39.931Z] node: [2026-07-12T21:34:39.930Z] 📦 Existing rows: 18821
[2026-07-12T21:34:39.932Z] node: [2026-07-12T21:34:39.930Z] 🔎 Product: 1417
[2026-07-12T21:34:39.932Z] node: [2026-07-12T21:34:39.931Z] 🔎 BranchPrice: 1415
[2026-07-12T21:34:39.933Z] node: [2026-07-12T21:34:39.931Z] 🔎 StockItem: 1562
[2026-07-12T21:34:39.933Z] node: [2026-07-12T21:34:39.931Z] 🔎 Sale: 6
[2026-07-12T21:34:39.933Z] node: [2026-07-12T21:34:39.931Z] 🔎 SaleItem: 8
[2026-07-12T21:34:39.934Z] node: [2026-07-12T21:34:39.931Z] 🔎 SaleItemSimple: 0
[2026-07-12T21:34:39.934Z] node: [2026-07-12T21:34:39.932Z] 🔎 Payment: 4
[2026-07-12T21:34:39.935Z] node: [2026-07-12T21:34:39.932Z] 🔎 PaymentItem: 4
[2026-07-12T21:34:40.197Z] node: [2026-07-12T21:34:40.197Z] 🧨 Resetting target schema "public" before restore...
[2026-07-12T21:34:40.198Z] node: [2026-07-12T21:34:40.197Z] 🛡️ This action is intended for Recovery / Standby DB only.
[2026-07-12T21:34:40.739Z] node: [2026-07-12T21:34:40.739Z] ✅ Schema "public" reset completed.
[2026-07-12T21:34:40.776Z] node: [2026-07-12T21:34:40.775Z] 🧱 Running Prisma db push against Recovery DB only...
[2026-07-12T21:34:40.776Z] node: [2026-07-12T21:34:40.775Z] 🛡️ DATABASE_URL is injected from RESTORE_DATABASE_URL/RECOVERY_DATABASE_URL for this process only.
[2026-07-12T21:34:44.386Z] node: [2026-07-12T21:34:44.385Z] npx stderr: Environment variables loaded from .env
[2026-07-12T21:34:44.394Z] node: [2026-07-12T21:34:44.394Z] npx: Prisma schema loaded from prisma\schema.prisma
[2026-07-12T21:34:44.406Z] node: [2026-07-12T21:34:44.405Z] npx: Datasource "db": PostgreSQL database "postgres", schema "public" at "db.engqdeyzbvnmxbnpemau.supabase.co:5432"
[2026-07-12T21:35:00.191Z] node: [2026-07-12T21:35:00.190Z] npx: Your database is now in sync with your Prisma schema. Done in 15.19s
[2026-07-12T21:35:00.193Z] node: [2026-07-12T21:35:00.192Z] npx: Running generate... (Use --skip-generate to skip the generators)
[2026-07-12T21:35:01.065Z] node: [2026-07-12T21:35:01.064Z] npx: [2K[1A[2K[GRunning generate... - Prisma Client
[2026-07-12T21:35:02.255Z] node: [2026-07-12T21:35:02.255Z] npx: [2K[1A[2K[G✔ Generated Prisma Client (v6.16.2) to .\node_modules\.prisma\client in 1.19s
[2026-07-12T21:35:02.258Z] node: [2026-07-12T21:35:02.257Z] npx stderr: ┌─────────────────────────────────────────────────────────┐
[2026-07-12T21:35:02.258Z] node: [2026-07-12T21:35:02.257Z] npx stderr: │  Update available 6.16.2 -> 7.8.0                       │
[2026-07-12T21:35:02.259Z] node: [2026-07-12T21:35:02.257Z] npx stderr: │                                                         │
[2026-07-12T21:35:02.259Z] node: [2026-07-12T21:35:02.257Z] npx stderr: │  This is a major update - please follow the guide at    │
[2026-07-12T21:35:02.260Z] node: [2026-07-12T21:35:02.258Z] npx stderr: │  https://pris.ly/d/major-version-upgrade                │
[2026-07-12T21:35:02.260Z] node: [2026-07-12T21:35:02.258Z] npx stderr: │                                                         │
[2026-07-12T21:35:02.261Z] node: [2026-07-12T21:35:02.258Z] npx stderr: │  Run the following to update                            │
[2026-07-12T21:35:02.261Z] node: [2026-07-12T21:35:02.258Z] npx stderr: │    npm i --save-dev prisma@latest                       │
[2026-07-12T21:35:02.261Z] node: [2026-07-12T21:35:02.258Z] npx stderr: │    npm i @prisma/client@latest                          │
[2026-07-12T21:35:02.261Z] node: [2026-07-12T21:35:02.258Z] npx stderr: └─────────────────────────────────────────────────────────┘
[2026-07-12T21:35:02.313Z] node: [2026-07-12T21:35:02.313Z] ✅ Prisma db push completed for Recovery DB.
[2026-07-12T21:35:05.445Z] node: [2026-07-12T21:35:05.444Z] 📊 Existing tables: 70
[2026-07-12T21:35:05.445Z] node: [2026-07-12T21:35:05.444Z] 📦 Existing rows: 0
[2026-07-12T21:35:05.452Z] node: [2026-07-12T21:35:05.445Z] 🔎 Product: 0
[2026-07-12T21:35:05.453Z] node: [2026-07-12T21:35:05.445Z] 🔎 BranchPrice: 0
[2026-07-12T21:35:05.453Z] node: [2026-07-12T21:35:05.445Z] 🔎 StockItem: 0
[2026-07-12T21:35:05.453Z] node: [2026-07-12T21:35:05.445Z] 🔎 Sale: 0
[2026-07-12T21:35:05.453Z] node: [2026-07-12T21:35:05.445Z] 🔎 SaleItem: 0
[2026-07-12T21:35:05.454Z] node: [2026-07-12T21:35:05.445Z] 🔎 SaleItemSimple: 0
[2026-07-12T21:35:05.454Z] node: [2026-07-12T21:35:05.445Z] 🔎 Payment: 0
[2026-07-12T21:35:05.454Z] node: [2026-07-12T21:35:05.446Z] 🔎 PaymentItem: 0
[2026-07-12T21:35:05.505Z] node: [2026-07-12T21:35:05.505Z] 📖 SQL loaded into memory (6.06 MB).
[2026-07-12T21:35:05.506Z] node: [2026-07-12T21:35:05.505Z] 🚚 Starting SQL restore via Node.js pg client...
[2026-07-12T21:35:08.510Z] node: [2026-07-12T21:35:08.509Z] ✅ SQL restore completed via Node.js pg client.
[2026-07-12T21:35:11.468Z] node: [2026-07-12T21:35:11.468Z] ✅ Restore verification PASS (70 tables checked).
[2026-07-12T21:35:11.469Z] node: [2026-07-12T21:35:11.468Z] 🎉 Restore completed successfully in 35.23 seconds.
[2026-07-12T21:35:11.721Z] ▶️  Run: node recovery/verify/qbv.js
[2026-07-12T21:35:11.871Z] node: [2026-07-12T21:35:11.869Z] ============================================================
[2026-07-12T21:35:11.873Z] node: [2026-07-12T21:35:11.872Z] 🔎 AlphaTech Integrity Verification ALPHATECH-RECOVERY-VERIFY-V1
[2026-07-12T21:35:11.873Z] node: [2026-07-12T21:35:11.872Z] ============================================================
[2026-07-12T21:35:11.873Z] node: [2026-07-12T21:35:11.873Z] Collecting Production snapshot...
[2026-07-12T21:35:22.485Z] node: [2026-07-12T21:35:22.484Z] Collecting Recovery snapshot...
[2026-07-12T21:35:33.565Z] node: [2026-07-12T21:35:33.565Z] Comparing snapshots...
[2026-07-12T21:35:33.572Z] node: [2026-07-12T21:35:33.572Z] 🧾 JSON report: D:\alpha-tech\server\recovery\reports\verification-report_2026-07-12T21-35-33-569Z.json
[2026-07-12T21:35:33.572Z] node: [2026-07-12T21:35:33.572Z] 🧾 TXT report: D:\alpha-tech\server\recovery\reports\verification-report_2026-07-12T21-35-33-569Z.txt
[2026-07-12T21:35:33.572Z] node: [2026-07-12T21:35:33.572Z] ✅ Overall: PASS
[2026-07-12T21:35:33.587Z] 🧾 Job manifest: D:\alpha-tech\server\recovery\jobs\job-2026-07-12T21-34-22-629Z.json
[2026-07-12T21:35:33.587Z] ✅ Job result: PASS exitCode=0
