[2026-07-09T07:39:48.939Z] ============================================================
[2026-07-09T07:39:48.947Z] 🧭 AlphaTech Recovery Retention Workflow ALPHATECH-RECOVERY-JOB-RUNNER-V7-R2-RETENTION
[2026-07-09T07:39:48.948Z] ============================================================
[2026-07-09T07:39:48.948Z] Mode: backup-workflow
[2026-07-09T07:39:48.949Z] ▶️  Run: node recovery/health/healthCheck.js
[2026-07-09T07:39:50.169Z] node: [2026-07-09T07:39:50.167Z] ============================================================
[2026-07-09T07:39:50.170Z] node: [2026-07-09T07:39:50.170Z] 🩺 AlphaTech Recovery Health Check ALPHATECH-RECOVERY-HEALTH-CHECK-V1
[2026-07-09T07:39:50.171Z] node: [2026-07-09T07:39:50.170Z] ============================================================
[2026-07-09T07:39:50.951Z] node: [2026-07-09T07:39:50.951Z] 🧾 JSON report: D:\alpha-tech\server\recovery\reports\health-check-2026-07-09T07-39-50-950Z.json
[2026-07-09T07:39:50.952Z] node: [2026-07-09T07:39:50.952Z] 🧾 TXT report: D:\alpha-tech\server\recovery\reports\health-check-2026-07-09T07-39-50-950Z.txt
[2026-07-09T07:39:50.952Z] node: [2026-07-09T07:39:50.952Z] ✅ Overall: PASS
[2026-07-09T07:39:50.964Z] ▶️  Run: node qb.js
[2026-07-09T07:39:51.418Z] node: 🔌 Connected to PostgreSQL successfully.
[2026-07-09T07:39:51.427Z] node: ⏳ Starting P1 Hardened Backup v6 Type-aware + generic self-reference FK safe restore...
[2026-07-09T07:39:55.305Z] node: 📦 Exporting table: Bank
[2026-07-09T07:39:55.344Z] node: 📦 Exporting table: Brand
[2026-07-09T07:39:55.387Z] node: 📦 Exporting table: Category
[2026-07-09T07:39:55.424Z] node: 📦 Exporting table: GlobalProductType
[2026-07-09T07:39:55.461Z] node: 📦 Exporting table: Position
[2026-07-09T07:39:55.498Z] node: 📦 Exporting table: Province
[2026-07-09T07:39:55.536Z] node: 📦 Exporting table: District
[2026-07-09T07:39:55.594Z] node: 📦 Exporting table: Subdistrict
[2026-07-09T07:39:55.795Z] node: 📦 Exporting table: Branch
[2026-07-09T07:39:55.838Z] node: 📦 Exporting table: BarcodeCounter
[2026-07-09T07:39:55.874Z] node: 📦 Exporting table: PaymentCodeCounter
[2026-07-09T07:39:55.911Z] node: 📦 Exporting table: ProductType
[2026-07-09T07:39:55.952Z] node: 📦 Exporting table: ProductTypeBrand
[2026-07-09T07:39:55.992Z] node: 📦 Exporting table: Supplier
[2026-07-09T07:39:56.029Z] node: 📦 Exporting table: Unit
[2026-07-09T07:39:56.066Z] node: 📦 Exporting table: Product
[2026-07-09T07:39:56.145Z] node: 📦 Exporting table: BranchPrice
[2026-07-09T07:39:56.207Z] node: 📦 Exporting table: ProductImage
[2026-07-09T07:39:56.244Z] node: 📦 Exporting table: StockBalance
[2026-07-09T07:39:56.284Z] node: 📦 Exporting table: User
[2026-07-09T07:39:56.328Z] node: 📦 Exporting table: CustomerProfile
[2026-07-09T07:39:56.373Z] node: 📦 Exporting table: Cart
[2026-07-09T07:39:56.410Z] node: 📦 Exporting table: CartItem
[2026-07-09T07:39:56.446Z] node: 📦 Exporting table: EmployeeProfile
[2026-07-09T07:39:56.483Z] node: 📦 Exporting table: CombinedBillingDocument
[2026-07-09T07:39:56.521Z] node: 📦 Exporting table: CombinedSaleDocument
[2026-07-09T07:39:56.557Z] node: 📦 Exporting table: CustomerDeposit
[2026-07-09T07:39:56.594Z] node: 📦 Exporting table: CustomerReceipts
[2026-07-09T07:39:56.631Z] node: 📦 Exporting table: InputTaxFilingBatch
[2026-07-09T07:39:56.668Z] node: 📦 Exporting table: Order
[2026-07-09T07:39:56.705Z] node: 📦 Exporting table: OrderOnline
[2026-07-09T07:39:56.742Z] node: 📦 Exporting table: OrderOnlineItem
[2026-07-09T07:39:56.780Z] node: 📦 Exporting table: PasswordResetToken
[2026-07-09T07:39:56.816Z] node: 📦 Exporting table: ProductOnOrder
[2026-07-09T07:39:56.853Z] node: 📦 Exporting table: PurchaseOrder
[2026-07-09T07:39:56.889Z] node: 📦 Exporting table: PurchaseOrderItem
[2026-07-09T07:39:56.927Z] node: 📦 Exporting table: PurchaseOrderReceipt
[2026-07-09T07:39:56.964Z] node: 📦 Exporting table: InputTaxFilingItem
[2026-07-09T07:39:57.000Z] node: 📦 Exporting table: PurchaseOrderReceiptItem
[2026-07-09T07:39:57.037Z] node: 📦 Exporting table: RefreshToken
[2026-07-09T07:39:57.256Z] node: 📦 Exporting table: Sale
[2026-07-09T07:39:57.296Z] node: 📦 Exporting table: CustomerReceiptAllocations
[2026-07-09T07:39:57.332Z] node: 📦 Exporting table: Payment
[2026-07-09T07:39:57.370Z] node: 📦 Exporting table: DepositUsage
[2026-07-09T07:39:57.408Z] node: 📦 Exporting table: PaymentItem
[2026-07-09T07:39:57.446Z] node: 📦 Exporting table: SaleReturn
[2026-07-09T07:39:57.486Z] node: 📦 Exporting table: RefundTransaction
[2026-07-09T07:39:57.523Z] node: 📦 Exporting table: SalesTaxFilingBatch
[2026-07-09T07:39:57.561Z] node: 📦 Exporting table: SalesTaxFilingItem
[2026-07-09T07:39:57.598Z] node: 📦 Exporting table: ServiceOrder
[2026-07-09T07:39:57.634Z] node: 📦 Exporting table: ServiceItem
[2026-07-09T07:39:57.671Z] node: 📦 Exporting table: SimpleLot
[2026-07-09T07:39:57.708Z] node: 📦 Exporting table: SaleItemSimple
[2026-07-09T07:39:57.745Z] node: 📦 Exporting table: SaleReturnItemSimple
[2026-07-09T07:39:57.782Z] node: 📦 Exporting table: StockAuditSession
[2026-07-09T07:39:57.819Z] node: 📦 Exporting table: StockItem
[2026-07-09T07:39:57.888Z] node: 📦 Exporting table: BarcodeReceiptItem
[2026-07-09T07:39:57.924Z] node: 📦 Exporting table: RepairJob
[2026-07-09T07:39:57.961Z] node: 📦 Exporting table: RepairPartItem
[2026-07-09T07:39:57.997Z] node: 📦 Exporting table: SaleItem
[2026-07-09T07:39:58.035Z] node: 📦 Exporting table: SaleReturnItem
[2026-07-09T07:39:58.072Z] node: 📦 Exporting table: StockAuditScanLog
[2026-07-09T07:39:58.109Z] node: 📦 Exporting table: StockAuditSnapshotItem
[2026-07-09T07:39:58.145Z] node: 📦 Exporting table: StockMovement
[2026-07-09T07:39:58.185Z] node: 📦 Exporting table: SupplierPayment
[2026-07-09T07:39:58.222Z] node: 📦 Exporting table: SupplierPaymentReceipt
[2026-07-09T07:39:58.259Z] node: 📦 Exporting table: V2CustomerDeposit
[2026-07-09T07:39:58.295Z] node: 📦 Exporting table: V2StockAudit
[2026-07-09T07:39:58.332Z] node: 📦 Exporting table: V2StockAuditItem
[2026-07-09T07:39:58.369Z] node: 📦 Exporting table: WarrantyClaim
[2026-07-09T07:40:01.014Z] node: 🎉 P1 Hardened Backup v6 Type-aware + generic self-reference FK safe restore completed successfully.
[2026-07-09T07:40:01.022Z] node: 💾 Backup file: D:\alpha-tech\server\backups\alphatech_hardened_backup_v6_2026-07-09_2026-07-09T07-39-55-264Z.sql
[2026-07-09T07:40:01.023Z] node: 🧾 Manifest file: D:\alpha-tech\server\backups\alphatech_hardened_backup_v6_2026-07-09_2026-07-09T07-39-55-264Z.manifest.json
[2026-07-09T07:40:01.023Z] node: 📊 Tables exported: 70
[2026-07-09T07:40:01.023Z] node: 📦 Rows exported: 15511
[2026-07-09T07:40:01.024Z] node: 🔢 Sequences prepared: 67
[2026-07-09T07:40:01.024Z] node: 🔐 SHA256: f5482fef1001cf11d0d77d808549c1a01546f212a86049d12d441bec193092bd
[2026-07-09T07:40:01.024Z] node: 📐 File size: 4.59 MB
[2026-07-09T07:40:01.025Z] node: ⏱️ Duration: 7.35 seconds
[2026-07-09T07:40:01.025Z] node: ✅ Verification: PASS (70 tables checked)
[2026-07-09T07:40:01.088Z] ▶️  Run: node recovery/upload/uploadBackup.js --manifest D:\alpha-tech\server\backups\alphatech_hardened_backup_v6_2026-07-09_2026-07-09T07-39-55-264Z.manifest.json
[2026-07-09T07:40:01.171Z] node: [2026-07-09T07:40:01.166Z] ============================================================
[2026-07-09T07:40:01.173Z] node: [2026-07-09T07:40:01.173Z] AlphaTech Recovery Upload ALPHATECH-RECOVERY-UPLOAD-V2-S3-COMPATIBLE
[2026-07-09T07:40:01.173Z] node: [2026-07-09T07:40:01.173Z] ============================================================
[2026-07-09T07:40:01.376Z] node stderr: (node:11212) Warning: NodeVersionSupportWarning: The AWS SDK for JavaScript (v3)
[2026-07-09T07:40:01.377Z] node stderr: versions published after the first week of January 2027
[2026-07-09T07:40:01.377Z] node stderr: will require node >=22. You are running node v20.19.0.
[2026-07-09T07:40:01.378Z] node stderr: To continue receiving updates to AWS services, bug fixes,
[2026-07-09T07:40:01.378Z] node stderr: and security updates please upgrade to node >=22.
[2026-07-09T07:40:01.378Z] node stderr: More information can be found at: https://a.co/c895JFp
[2026-07-09T07:40:01.379Z] node stderr: (Use `node --trace-warnings ...` to show where the warning was created)
[2026-07-09T07:40:03.116Z] node: [2026-07-09T07:40:03.116Z] JSON report: D:\alpha-tech\server\recovery\reports\upload-report-2026-07-09T07-40-03-115Z.json
[2026-07-09T07:40:03.116Z] node: [2026-07-09T07:40:03.116Z] TXT report: D:\alpha-tech\server\recovery\reports\upload-report-2026-07-09T07-40-03-115Z.txt
[2026-07-09T07:40:03.118Z] node: [2026-07-09T07:40:03.117Z] Overall: PASS
[2026-07-09T07:40:03.611Z] ------------------------------------------------------------
[2026-07-09T07:40:03.612Z] Target      : cloudflare-r2
[2026-07-09T07:40:03.613Z] Bucket      : saduaksabuy-recovery
[2026-07-09T07:40:03.613Z] Prefix      : alphatech-production/
[2026-07-09T07:40:03.613Z] Retention   : 7 day(s)
[2026-07-09T07:40:03.613Z] Mode        : APPLY
[2026-07-09T07:40:03.614Z] Scanned     : 40
[2026-07-09T07:40:03.614Z] Candidates  : 0
[2026-07-09T07:40:03.614Z] Deleted     : 0
[2026-07-09T07:40:03.615Z] Remaining   : 40
[2026-07-09T07:40:03.615Z] Failed      : 0
[2026-07-09T07:40:03.615Z] ▶️  Run: node recovery/retention/retentionPolicy.js --apply
[2026-07-09T07:40:03.697Z] node: [2026-07-09T07:40:03.693Z] ============================================================
[2026-07-09T07:40:03.700Z] node: [2026-07-09T07:40:03.700Z] 🧹 AlphaTech Recovery Retention ALPHATECH-RECOVERY-RETENTION-V1
[2026-07-09T07:40:03.700Z] node: [2026-07-09T07:40:03.700Z] ============================================================
[2026-07-09T07:40:03.701Z] node: [2026-07-09T07:40:03.701Z] Mode: APPLY
[2026-07-09T07:40:03.710Z] node: [2026-07-09T07:40:03.710Z] ------------------------------------------------------------
[2026-07-09T07:40:03.710Z] node: [2026-07-09T07:40:03.710Z] Target      : local-backups
[2026-07-09T07:40:03.710Z] node: [2026-07-09T07:40:03.711Z] Directory   : D:\alpha-tech\server\backups
[2026-07-09T07:40:03.711Z] node: [2026-07-09T07:40:03.711Z] Retention   : 3 day(s)
[2026-07-09T07:40:03.711Z] node: [2026-07-09T07:40:03.712Z] Scanned     : 56
[2026-07-09T07:40:03.712Z] node: [2026-07-09T07:40:03.712Z] Candidates  : 0
[2026-07-09T07:40:03.712Z] node: [2026-07-09T07:40:03.712Z] Deleted     : 0
[2026-07-09T07:40:03.713Z] node: [2026-07-09T07:40:03.713Z] Remaining   : 56
[2026-07-09T07:40:03.713Z] node: [2026-07-09T07:40:03.713Z] Failed      : 0
[2026-07-09T07:40:03.713Z] node: [2026-07-09T07:40:03.714Z] ------------------------------------------------------------
[2026-07-09T07:40:03.715Z] node: [2026-07-09T07:40:03.714Z] Target      : offsite-local-mirror
[2026-07-09T07:40:03.715Z] node: [2026-07-09T07:40:03.714Z] Directory   : D:\alpha-tech\server\recovery\offsite
[2026-07-09T07:40:03.715Z] node: [2026-07-09T07:40:03.714Z] Retention   : 7 day(s)
[2026-07-09T07:40:03.716Z] node: [2026-07-09T07:40:03.715Z] Scanned     : 12
[2026-07-09T07:40:03.716Z] node: [2026-07-09T07:40:03.715Z] Candidates  : 0
[2026-07-09T07:40:03.716Z] node: [2026-07-09T07:40:03.716Z] Deleted     : 0
[2026-07-09T07:40:03.717Z] node: [2026-07-09T07:40:03.716Z] Remaining   : 12
[2026-07-09T07:40:03.717Z] node: [2026-07-09T07:40:03.716Z] Failed      : 0
[2026-07-09T07:40:03.718Z] node: [2026-07-09T07:40:03.718Z] 🧾 JSON report: D:\alpha-tech\server\recovery\reports\retention-report-2026-07-09T07-40-03-717Z.json
[2026-07-09T07:40:03.718Z] node: [2026-07-09T07:40:03.719Z] 🧾 TXT report: D:\alpha-tech\server\recovery\reports\retention-report-2026-07-09T07-40-03-717Z.txt
[2026-07-09T07:40:03.719Z] node: [2026-07-09T07:40:03.719Z] ✅ Overall: PASS
[2026-07-09T07:40:03.729Z] ▶️  Run: node qbrs.js --manifest D:\alpha-tech\server\backups\alphatech_hardened_backup_v6_2026-07-09_2026-07-09T07-39-55-264Z.manifest.json --init --yes --reset-schema
[2026-07-09T07:40:03.888Z] node: [2026-07-09T07:40:03.886Z] ============================================================
[2026-07-09T07:40:03.890Z] node: [2026-07-09T07:40:03.890Z] 🚑 AlphaTech Restore Tool P1-HARDENED-RESTORE-V3-NODE-PG
[2026-07-09T07:40:03.890Z] node: [2026-07-09T07:40:03.890Z] ============================================================
[2026-07-09T07:40:03.912Z] node: [2026-07-09T07:40:03.913Z] ✅ Manifest loaded.
[2026-07-09T07:40:03.913Z] node: [2026-07-09T07:40:03.913Z] ✅ SQL file: D:\alpha-tech\server\backups\alphatech_hardened_backup_v6_2026-07-09_2026-07-09T07-39-55-264Z.sql
[2026-07-09T07:40:03.913Z] node: [2026-07-09T07:40:03.913Z] ✅ SHA256 verified: f5482fef1001cf11d0d77d808549c1a01546f212a86049d12d441bec193092bd
[2026-07-09T07:40:03.914Z] node: [2026-07-09T07:40:03.915Z] 🎯 Target DB: postgresql://postgres:***@db.engqdeyzbvnmxbnpemau.supabase.co:5432/postgres
[2026-07-09T07:40:03.915Z] node: [2026-07-09T07:40:03.915Z] 🎯 Host: db.engqdeyzbvnmxbnpemau.supabase.co
[2026-07-09T07:40:03.915Z] node: [2026-07-09T07:40:03.916Z] 🎯 Port: 5432
[2026-07-09T07:40:03.916Z] node: [2026-07-09T07:40:03.916Z] 🎯 Database: postgres
[2026-07-09T07:40:03.916Z] node: [2026-07-09T07:40:03.916Z] 🎯 Schema: public
[2026-07-09T07:40:04.275Z] node: [2026-07-09T07:40:04.276Z] 🔌 Connected to target PostgreSQL successfully.
[2026-07-09T07:40:07.483Z] node: [2026-07-09T07:40:07.483Z] 📊 Existing tables: 70
[2026-07-09T07:40:07.483Z] node: [2026-07-09T07:40:07.483Z] 📦 Existing rows: 15423
[2026-07-09T07:40:07.484Z] node: [2026-07-09T07:40:07.484Z] 🔎 Product: 932
[2026-07-09T07:40:07.484Z] node: [2026-07-09T07:40:07.484Z] 🔎 BranchPrice: 930
[2026-07-09T07:40:07.485Z] node: [2026-07-09T07:40:07.484Z] 🔎 StockItem: 532
[2026-07-09T07:40:07.485Z] node: [2026-07-09T07:40:07.484Z] 🔎 Sale: 1
[2026-07-09T07:40:07.485Z] node: [2026-07-09T07:40:07.484Z] 🔎 SaleItem: 1
[2026-07-09T07:40:07.486Z] node: [2026-07-09T07:40:07.484Z] 🔎 SaleItemSimple: 0
[2026-07-09T07:40:07.486Z] node: [2026-07-09T07:40:07.485Z] 🔎 Payment: 1
[2026-07-09T07:40:07.486Z] node: [2026-07-09T07:40:07.485Z] 🔎 PaymentItem: 1
[2026-07-09T07:40:07.734Z] node: [2026-07-09T07:40:07.734Z] 🧨 Resetting target schema "public" before restore...
[2026-07-09T07:40:07.734Z] node: [2026-07-09T07:40:07.735Z] 🛡️ This action is intended for Recovery / Standby DB only.
[2026-07-09T07:40:08.259Z] node: [2026-07-09T07:40:08.259Z] ✅ Schema "public" reset completed.
[2026-07-09T07:40:08.293Z] node: [2026-07-09T07:40:08.294Z] 🧱 Running Prisma db push against Recovery DB only...
[2026-07-09T07:40:08.294Z] node: [2026-07-09T07:40:08.294Z] 🛡️ DATABASE_URL is injected from RESTORE_DATABASE_URL/RECOVERY_DATABASE_URL for this process only.
[2026-07-09T07:40:11.930Z] node: [2026-07-09T07:40:11.931Z] npx stderr: Environment variables loaded from .env
[2026-07-09T07:40:11.932Z] node: [2026-07-09T07:40:11.932Z] npx: Prisma schema loaded from prisma\schema.prisma
[2026-07-09T07:40:11.943Z] node: [2026-07-09T07:40:11.943Z] npx: Datasource "db": PostgreSQL database "postgres", schema "public" at "db.engqdeyzbvnmxbnpemau.supabase.co:5432"
[2026-07-09T07:40:28.526Z] node: [2026-07-09T07:40:28.526Z] npx: Your database is now in sync with your Prisma schema. Done in 15.97s
[2026-07-09T07:40:28.535Z] node: [2026-07-09T07:40:28.528Z] npx: Running generate... (Use --skip-generate to skip the generators)
[2026-07-09T07:40:29.857Z] node: [2026-07-09T07:40:29.857Z] npx: [2K[1A[2K[GRunning generate... - Prisma Client
[2026-07-09T07:40:31.081Z] node: [2026-07-09T07:40:31.082Z] npx: [2K[1A[2K[G✔ Generated Prisma Client (v6.16.2) to .\node_modules\.prisma\client in 1.22s
[2026-07-09T07:40:31.137Z] node: [2026-07-09T07:40:31.137Z] ✅ Prisma db push completed for Recovery DB.
[2026-07-09T07:40:34.642Z] node: [2026-07-09T07:40:34.642Z] 📊 Existing tables: 70
[2026-07-09T07:40:34.644Z] node: [2026-07-09T07:40:34.643Z] 📦 Existing rows: 0
[2026-07-09T07:40:34.644Z] node: [2026-07-09T07:40:34.643Z] 🔎 Product: 0
[2026-07-09T07:40:34.645Z] node: [2026-07-09T07:40:34.643Z] 🔎 BranchPrice: 0
[2026-07-09T07:40:34.645Z] node: [2026-07-09T07:40:34.644Z] 🔎 StockItem: 0
[2026-07-09T07:40:34.646Z] node: [2026-07-09T07:40:34.644Z] 🔎 Sale: 0
[2026-07-09T07:40:34.647Z] node: [2026-07-09T07:40:34.644Z] 🔎 SaleItem: 0
[2026-07-09T07:40:34.647Z] node: [2026-07-09T07:40:34.645Z] 🔎 SaleItemSimple: 0
[2026-07-09T07:40:34.647Z] node: [2026-07-09T07:40:34.645Z] 🔎 Payment: 0
[2026-07-09T07:40:34.647Z] node: [2026-07-09T07:40:34.645Z] 🔎 PaymentItem: 0
[2026-07-09T07:40:34.770Z] node: [2026-07-09T07:40:34.771Z] 📖 SQL loaded into memory (4.59 MB).
[2026-07-09T07:40:34.772Z] node: [2026-07-09T07:40:34.772Z] 🚚 Starting SQL restore via Node.js pg client...
[2026-07-09T07:40:37.196Z] node: [2026-07-09T07:40:37.195Z] ✅ SQL restore completed via Node.js pg client.
[2026-07-09T07:40:40.096Z] node: [2026-07-09T07:40:40.094Z] ✅ Restore verification PASS (70 tables checked).
[2026-07-09T07:40:40.099Z] node: [2026-07-09T07:40:40.094Z] 🎉 Restore completed successfully in 36.21 seconds.
[2026-07-09T07:40:40.120Z] ▶️  Run: node recovery/verify/qbv.js
[2026-07-09T07:40:40.284Z] node: [2026-07-09T07:40:40.282Z] ============================================================
[2026-07-09T07:40:40.286Z] node: [2026-07-09T07:40:40.285Z] 🔎 AlphaTech Integrity Verification ALPHATECH-RECOVERY-VERIFY-V1
[2026-07-09T07:40:40.286Z] node: [2026-07-09T07:40:40.286Z] ============================================================
[2026-07-09T07:40:40.287Z] node: [2026-07-09T07:40:40.286Z] Collecting Production snapshot...
[2026-07-09T07:40:51.758Z] node: [2026-07-09T07:40:51.757Z] Collecting Recovery snapshot...
[2026-07-09T07:41:02.355Z] node: [2026-07-09T07:41:02.354Z] Comparing snapshots...
[2026-07-09T07:41:02.361Z] node: [2026-07-09T07:41:02.360Z] 🧾 JSON report: D:\alpha-tech\server\recovery\reports\verification-report_2026-07-09T07-41-02-358Z.json
[2026-07-09T07:41:02.362Z] node: [2026-07-09T07:41:02.361Z] 🧾 TXT report: D:\alpha-tech\server\recovery\reports\verification-report_2026-07-09T07-41-02-358Z.txt
[2026-07-09T07:41:02.362Z] node: [2026-07-09T07:41:02.361Z] ✅ Overall: PASS
[2026-07-09T07:41:02.376Z] 🧾 Job manifest: D:\alpha-tech\server\recovery\jobs\job-2026-07-09T07-39-48-934Z.json
[2026-07-09T07:41:02.377Z] ✅ Job result: PASS exitCode=0
