[2026-07-09T15:34:22.592Z] ============================================================
[2026-07-09T15:34:22.598Z] 🧭 AlphaTech Recovery Retention Workflow ALPHATECH-RECOVERY-JOB-RUNNER-V7-R2-RETENTION
[2026-07-09T15:34:22.599Z] ============================================================
[2026-07-09T15:34:22.600Z] Mode: backup-workflow
[2026-07-09T15:34:22.603Z] ▶️  Run: node recovery/health/healthCheck.js
[2026-07-09T15:34:22.799Z] node: [2026-07-09T15:34:22.797Z] ============================================================
[2026-07-09T15:34:22.801Z] node: [2026-07-09T15:34:22.801Z] 🩺 AlphaTech Recovery Health Check ALPHATECH-RECOVERY-HEALTH-CHECK-V1
[2026-07-09T15:34:22.801Z] node: [2026-07-09T15:34:22.801Z] ============================================================
[2026-07-09T15:34:23.672Z] node: [2026-07-09T15:34:23.672Z] 🧾 JSON report: D:\alpha-tech\server\recovery\reports\health-check-2026-07-09T15-34-23-662Z.json
[2026-07-09T15:34:23.673Z] node: [2026-07-09T15:34:23.673Z] 🧾 TXT report: D:\alpha-tech\server\recovery\reports\health-check-2026-07-09T15-34-23-662Z.txt
[2026-07-09T15:34:23.673Z] node: [2026-07-09T15:34:23.673Z] ✅ Overall: PASS
[2026-07-09T15:34:23.688Z] ▶️  Run: node qb.js
[2026-07-09T15:34:24.113Z] node: 🔌 Connected to PostgreSQL successfully.
[2026-07-09T15:34:24.115Z] node: ⏳ Starting P1 Hardened Backup v6 Type-aware + generic self-reference FK safe restore...
[2026-07-09T15:34:27.673Z] node: 📦 Exporting table: Bank
[2026-07-09T15:34:27.710Z] node: 📦 Exporting table: Brand
[2026-07-09T15:34:27.751Z] node: 📦 Exporting table: Category
[2026-07-09T15:34:27.784Z] node: 📦 Exporting table: GlobalProductType
[2026-07-09T15:34:27.818Z] node: 📦 Exporting table: Position
[2026-07-09T15:34:27.852Z] node: 📦 Exporting table: Province
[2026-07-09T15:34:27.886Z] node: 📦 Exporting table: District
[2026-07-09T15:34:27.966Z] node: 📦 Exporting table: Subdistrict
[2026-07-09T15:34:28.159Z] node: 📦 Exporting table: Branch
[2026-07-09T15:34:28.196Z] node: 📦 Exporting table: BarcodeCounter
[2026-07-09T15:34:28.253Z] node: 📦 Exporting table: PaymentCodeCounter
[2026-07-09T15:34:28.288Z] node: 📦 Exporting table: ProductType
[2026-07-09T15:34:28.324Z] node: 📦 Exporting table: ProductTypeBrand
[2026-07-09T15:34:28.363Z] node: 📦 Exporting table: Supplier
[2026-07-09T15:34:28.397Z] node: 📦 Exporting table: Unit
[2026-07-09T15:34:28.431Z] node: 📦 Exporting table: Product
[2026-07-09T15:34:28.541Z] node: 📦 Exporting table: BranchPrice
[2026-07-09T15:34:28.617Z] node: 📦 Exporting table: ProductImage
[2026-07-09T15:34:28.650Z] node: 📦 Exporting table: StockBalance
[2026-07-09T15:34:28.687Z] node: 📦 Exporting table: User
[2026-07-09T15:34:28.730Z] node: 📦 Exporting table: CustomerProfile
[2026-07-09T15:34:28.771Z] node: 📦 Exporting table: Cart
[2026-07-09T15:34:28.805Z] node: 📦 Exporting table: CartItem
[2026-07-09T15:34:28.839Z] node: 📦 Exporting table: EmployeeProfile
[2026-07-09T15:34:28.873Z] node: 📦 Exporting table: CombinedBillingDocument
[2026-07-09T15:34:28.907Z] node: 📦 Exporting table: CombinedSaleDocument
[2026-07-09T15:34:28.940Z] node: 📦 Exporting table: CustomerDeposit
[2026-07-09T15:34:28.975Z] node: 📦 Exporting table: CustomerReceipts
[2026-07-09T15:34:29.008Z] node: 📦 Exporting table: InputTaxFilingBatch
[2026-07-09T15:34:29.042Z] node: 📦 Exporting table: Order
[2026-07-09T15:34:29.076Z] node: 📦 Exporting table: OrderOnline
[2026-07-09T15:34:29.110Z] node: 📦 Exporting table: OrderOnlineItem
[2026-07-09T15:34:29.143Z] node: 📦 Exporting table: PasswordResetToken
[2026-07-09T15:34:29.177Z] node: 📦 Exporting table: ProductOnOrder
[2026-07-09T15:34:29.210Z] node: 📦 Exporting table: PurchaseOrder
[2026-07-09T15:34:29.246Z] node: 📦 Exporting table: PurchaseOrderItem
[2026-07-09T15:34:29.280Z] node: 📦 Exporting table: PurchaseOrderReceipt
[2026-07-09T15:34:29.316Z] node: 📦 Exporting table: InputTaxFilingItem
[2026-07-09T15:34:29.350Z] node: 📦 Exporting table: PurchaseOrderReceiptItem
[2026-07-09T15:34:29.383Z] node: 📦 Exporting table: RefreshToken
[2026-07-09T15:34:29.606Z] node: 📦 Exporting table: Sale
[2026-07-09T15:34:29.640Z] node: 📦 Exporting table: CustomerReceiptAllocations
[2026-07-09T15:34:29.673Z] node: 📦 Exporting table: Payment
[2026-07-09T15:34:29.707Z] node: 📦 Exporting table: DepositUsage
[2026-07-09T15:34:29.740Z] node: 📦 Exporting table: PaymentItem
[2026-07-09T15:34:29.774Z] node: 📦 Exporting table: SaleReturn
[2026-07-09T15:34:29.807Z] node: 📦 Exporting table: RefundTransaction
[2026-07-09T15:34:29.841Z] node: 📦 Exporting table: SalesTaxFilingBatch
[2026-07-09T15:34:29.874Z] node: 📦 Exporting table: SalesTaxFilingItem
[2026-07-09T15:34:29.908Z] node: 📦 Exporting table: ServiceOrder
[2026-07-09T15:34:29.941Z] node: 📦 Exporting table: ServiceItem
[2026-07-09T15:34:29.975Z] node: 📦 Exporting table: SimpleLot
[2026-07-09T15:34:30.009Z] node: 📦 Exporting table: SaleItemSimple
[2026-07-09T15:34:30.042Z] node: 📦 Exporting table: SaleReturnItemSimple
[2026-07-09T15:34:30.076Z] node: 📦 Exporting table: StockAuditSession
[2026-07-09T15:34:30.112Z] node: 📦 Exporting table: StockItem
[2026-07-09T15:34:30.172Z] node: 📦 Exporting table: BarcodeReceiptItem
[2026-07-09T15:34:30.205Z] node: 📦 Exporting table: RepairJob
[2026-07-09T15:34:30.239Z] node: 📦 Exporting table: RepairPartItem
[2026-07-09T15:34:30.272Z] node: 📦 Exporting table: SaleItem
[2026-07-09T15:34:30.305Z] node: 📦 Exporting table: SaleReturnItem
[2026-07-09T15:34:30.339Z] node: 📦 Exporting table: StockAuditScanLog
[2026-07-09T15:34:30.372Z] node: 📦 Exporting table: StockAuditSnapshotItem
[2026-07-09T15:34:30.406Z] node: 📦 Exporting table: StockMovement
[2026-07-09T15:34:30.442Z] node: 📦 Exporting table: SupplierPayment
[2026-07-09T15:34:30.476Z] node: 📦 Exporting table: SupplierPaymentReceipt
[2026-07-09T15:34:30.509Z] node: 📦 Exporting table: V2CustomerDeposit
[2026-07-09T15:34:30.543Z] node: 📦 Exporting table: V2StockAudit
[2026-07-09T15:34:30.576Z] node: 📦 Exporting table: V2StockAuditItem
[2026-07-09T15:34:30.609Z] node: 📦 Exporting table: WarrantyClaim
[2026-07-09T15:34:33.097Z] node: 🎉 P1 Hardened Backup v6 Type-aware + generic self-reference FK safe restore completed successfully.
[2026-07-09T15:34:33.098Z] node: 💾 Backup file: D:\alpha-tech\server\backups\alphatech_hardened_backup_v6_2026-07-09_2026-07-09T15-34-27-634Z.sql
[2026-07-09T15:34:33.099Z] node: 🧾 Manifest file: D:\alpha-tech\server\backups\alphatech_hardened_backup_v6_2026-07-09_2026-07-09T15-34-27-634Z.manifest.json
[2026-07-09T15:34:33.099Z] node: 📊 Tables exported: 70
[2026-07-09T15:34:33.100Z] node: 📦 Rows exported: 15597
[2026-07-09T15:34:33.101Z] node: 🔢 Sequences prepared: 67
[2026-07-09T15:34:33.101Z] node: 🔐 SHA256: 84dd637baf6a3e6b964f0d307fc5642fc3156ddd63b57cc57ab0dde933acbd45
[2026-07-09T15:34:33.102Z] node: 📐 File size: 4.63 MB
[2026-07-09T15:34:33.102Z] node: ⏱️ Duration: 6.84 seconds
[2026-07-09T15:34:33.103Z] node: ✅ Verification: PASS (70 tables checked)
[2026-07-09T15:34:33.156Z] ▶️  Run: node recovery/upload/uploadBackup.js --manifest D:\alpha-tech\server\backups\alphatech_hardened_backup_v6_2026-07-09_2026-07-09T15-34-27-634Z.manifest.json
[2026-07-09T15:34:33.233Z] node: [2026-07-09T15:34:33.228Z] ============================================================
[2026-07-09T15:34:33.235Z] node: [2026-07-09T15:34:33.235Z] AlphaTech Recovery Upload ALPHATECH-RECOVERY-UPLOAD-V2-S3-COMPATIBLE
[2026-07-09T15:34:33.237Z] node: [2026-07-09T15:34:33.235Z] ============================================================
[2026-07-09T15:34:33.485Z] node stderr: (node:16416) Warning: NodeVersionSupportWarning: The AWS SDK for JavaScript (v3)
[2026-07-09T15:34:33.486Z] node stderr: versions published after the first week of January 2027
[2026-07-09T15:34:33.487Z] node stderr: will require node >=22. You are running node v20.19.0.
[2026-07-09T15:34:33.487Z] node stderr: To continue receiving updates to AWS services, bug fixes,
[2026-07-09T15:34:33.487Z] node stderr: and security updates please upgrade to node >=22.
[2026-07-09T15:34:33.487Z] node stderr: More information can be found at: https://a.co/c895JFp
[2026-07-09T15:34:33.488Z] node stderr: (Use `node --trace-warnings ...` to show where the warning was created)
[2026-07-09T15:34:37.089Z] node: [2026-07-09T15:34:37.088Z] JSON report: D:\alpha-tech\server\recovery\reports\upload-report-2026-07-09T15-34-37-079Z.json
[2026-07-09T15:34:37.089Z] node: [2026-07-09T15:34:37.088Z] TXT report: D:\alpha-tech\server\recovery\reports\upload-report-2026-07-09T15-34-37-079Z.txt
[2026-07-09T15:34:37.091Z] node: [2026-07-09T15:34:37.089Z] Overall: PASS
[2026-07-09T15:34:38.036Z] ------------------------------------------------------------
[2026-07-09T15:34:38.037Z] Target      : cloudflare-r2
[2026-07-09T15:34:38.038Z] Bucket      : saduaksabuy-recovery
[2026-07-09T15:34:38.038Z] Prefix      : alphatech-production/
[2026-07-09T15:34:38.038Z] Retention   : 7 day(s)
[2026-07-09T15:34:38.038Z] Mode        : APPLY
[2026-07-09T15:34:38.039Z] Scanned     : 46
[2026-07-09T15:34:38.039Z] Candidates  : 0
[2026-07-09T15:34:38.039Z] Deleted     : 0
[2026-07-09T15:34:38.040Z] Remaining   : 46
[2026-07-09T15:34:38.040Z] Failed      : 0
[2026-07-09T15:34:38.041Z] ▶️  Run: node recovery/retention/retentionPolicy.js --apply
[2026-07-09T15:34:38.139Z] node: [2026-07-09T15:34:38.133Z] ============================================================
[2026-07-09T15:34:38.141Z] node: [2026-07-09T15:34:38.140Z] 🧹 AlphaTech Recovery Retention ALPHATECH-RECOVERY-RETENTION-V1
[2026-07-09T15:34:38.141Z] node: [2026-07-09T15:34:38.141Z] ============================================================
[2026-07-09T15:34:38.142Z] node: [2026-07-09T15:34:38.141Z] Mode: APPLY
[2026-07-09T15:34:38.155Z] node: [2026-07-09T15:34:38.154Z] ------------------------------------------------------------
[2026-07-09T15:34:38.155Z] node: [2026-07-09T15:34:38.154Z] Target      : local-backups
[2026-07-09T15:34:38.155Z] node: [2026-07-09T15:34:38.155Z] Directory   : D:\alpha-tech\server\backups
[2026-07-09T15:34:38.156Z] node: [2026-07-09T15:34:38.155Z] Retention   : 3 day(s)
[2026-07-09T15:34:38.157Z] node: [2026-07-09T15:34:38.156Z] Scanned     : 62
[2026-07-09T15:34:38.157Z] node: [2026-07-09T15:34:38.156Z] Candidates  : 10
[2026-07-09T15:34:38.158Z] node: [2026-07-09T15:34:38.156Z] Deleted     : 10
[2026-07-09T15:34:38.158Z] node: [2026-07-09T15:34:38.157Z] Remaining   : 52
[2026-07-09T15:34:38.159Z] node: [2026-07-09T15:34:38.157Z] Failed      : 0
[2026-07-09T15:34:38.160Z] node: [2026-07-09T15:34:38.158Z] ------------------------------------------------------------
[2026-07-09T15:34:38.160Z] node: [2026-07-09T15:34:38.159Z] Target      : offsite-local-mirror
[2026-07-09T15:34:38.160Z] node: [2026-07-09T15:34:38.159Z] Directory   : D:\alpha-tech\server\recovery\offsite
[2026-07-09T15:34:38.161Z] node: [2026-07-09T15:34:38.159Z] Retention   : 7 day(s)
[2026-07-09T15:34:38.161Z] node: [2026-07-09T15:34:38.160Z] Scanned     : 12
[2026-07-09T15:34:38.162Z] node: [2026-07-09T15:34:38.160Z] Candidates  : 0
[2026-07-09T15:34:38.162Z] node: [2026-07-09T15:34:38.160Z] Deleted     : 0
[2026-07-09T15:34:38.163Z] node: [2026-07-09T15:34:38.160Z] Remaining   : 12
[2026-07-09T15:34:38.169Z] node: [2026-07-09T15:34:38.161Z] Failed      : 0
[2026-07-09T15:34:38.170Z] node: [2026-07-09T15:34:38.169Z] 🧾 JSON report: D:\alpha-tech\server\recovery\reports\retention-report-2026-07-09T15-34-38-161Z.json
[2026-07-09T15:34:38.170Z] node: [2026-07-09T15:34:38.169Z] 🧾 TXT report: D:\alpha-tech\server\recovery\reports\retention-report-2026-07-09T15-34-38-161Z.txt
[2026-07-09T15:34:38.170Z] node: [2026-07-09T15:34:38.170Z] ✅ Overall: PASS
[2026-07-09T15:34:38.182Z] ▶️  Run: node qbrs.js --manifest D:\alpha-tech\server\backups\alphatech_hardened_backup_v6_2026-07-09_2026-07-09T15-34-27-634Z.manifest.json --init --yes --reset-schema
[2026-07-09T15:34:38.328Z] node: [2026-07-09T15:34:38.326Z] ============================================================
[2026-07-09T15:34:38.330Z] node: [2026-07-09T15:34:38.330Z] 🚑 AlphaTech Restore Tool P1-HARDENED-RESTORE-V3-NODE-PG
[2026-07-09T15:34:38.331Z] node: [2026-07-09T15:34:38.330Z] ============================================================
[2026-07-09T15:34:38.353Z] node: [2026-07-09T15:34:38.352Z] ✅ Manifest loaded.
[2026-07-09T15:34:38.353Z] node: [2026-07-09T15:34:38.353Z] ✅ SQL file: D:\alpha-tech\server\backups\alphatech_hardened_backup_v6_2026-07-09_2026-07-09T15-34-27-634Z.sql
[2026-07-09T15:34:38.354Z] node: [2026-07-09T15:34:38.353Z] ✅ SHA256 verified: 84dd637baf6a3e6b964f0d307fc5642fc3156ddd63b57cc57ab0dde933acbd45
[2026-07-09T15:34:38.355Z] node: [2026-07-09T15:34:38.354Z] 🎯 Target DB: postgresql://postgres:***@db.engqdeyzbvnmxbnpemau.supabase.co:5432/postgres
[2026-07-09T15:34:38.355Z] node: [2026-07-09T15:34:38.354Z] 🎯 Host: db.engqdeyzbvnmxbnpemau.supabase.co
[2026-07-09T15:34:38.355Z] node: [2026-07-09T15:34:38.355Z] 🎯 Port: 5432
[2026-07-09T15:34:38.356Z] node: [2026-07-09T15:34:38.356Z] 🎯 Database: postgres
[2026-07-09T15:34:38.356Z] node: [2026-07-09T15:34:38.356Z] 🎯 Schema: public
[2026-07-09T15:34:38.747Z] node: [2026-07-09T15:34:38.747Z] 🔌 Connected to target PostgreSQL successfully.
[2026-07-09T15:34:42.153Z] node: [2026-07-09T15:34:42.152Z] 📊 Existing tables: 70
[2026-07-09T15:34:42.153Z] node: [2026-07-09T15:34:42.153Z] 📦 Existing rows: 15574
[2026-07-09T15:34:42.154Z] node: [2026-07-09T15:34:42.153Z] 🔎 Product: 954
[2026-07-09T15:34:42.155Z] node: [2026-07-09T15:34:42.153Z] 🔎 BranchPrice: 952
[2026-07-09T15:34:42.155Z] node: [2026-07-09T15:34:42.154Z] 🔎 StockItem: 560
[2026-07-09T15:34:42.155Z] node: [2026-07-09T15:34:42.154Z] 🔎 Sale: 2
[2026-07-09T15:34:42.156Z] node: [2026-07-09T15:34:42.154Z] 🔎 SaleItem: 3
[2026-07-09T15:34:42.156Z] node: [2026-07-09T15:34:42.155Z] 🔎 SaleItemSimple: 0
[2026-07-09T15:34:42.156Z] node: [2026-07-09T15:34:42.155Z] 🔎 Payment: 2
[2026-07-09T15:34:42.157Z] node: [2026-07-09T15:34:42.155Z] 🔎 PaymentItem: 2
[2026-07-09T15:34:42.413Z] node: [2026-07-09T15:34:42.413Z] 🧨 Resetting target schema "public" before restore...
[2026-07-09T15:34:42.414Z] node: [2026-07-09T15:34:42.413Z] 🛡️ This action is intended for Recovery / Standby DB only.
[2026-07-09T15:34:42.966Z] node: [2026-07-09T15:34:42.965Z] ✅ Schema "public" reset completed.
[2026-07-09T15:34:43.001Z] node: [2026-07-09T15:34:43.000Z] 🧱 Running Prisma db push against Recovery DB only...
[2026-07-09T15:34:43.001Z] node: [2026-07-09T15:34:43.001Z] 🛡️ DATABASE_URL is injected from RESTORE_DATABASE_URL/RECOVERY_DATABASE_URL for this process only.
[2026-07-09T15:34:46.994Z] node: [2026-07-09T15:34:46.994Z] npx stderr: Environment variables loaded from .env
[2026-07-09T15:34:46.996Z] node: [2026-07-09T15:34:46.995Z] npx: Prisma schema loaded from prisma\schema.prisma
[2026-07-09T15:34:47.008Z] node: [2026-07-09T15:34:47.007Z] npx: Datasource "db": PostgreSQL database "postgres", schema "public" at "db.engqdeyzbvnmxbnpemau.supabase.co:5432"
[2026-07-09T15:35:03.780Z] node: [2026-07-09T15:35:03.779Z] npx: Your database is now in sync with your Prisma schema. Done in 16.16s
[2026-07-09T15:35:03.782Z] node: [2026-07-09T15:35:03.781Z] npx: Running generate... (Use --skip-generate to skip the generators)
[2026-07-09T15:35:04.881Z] node: [2026-07-09T15:35:04.880Z] npx: [2K[1A[2K[GRunning generate... - Prisma Client
[2026-07-09T15:35:06.205Z] node: [2026-07-09T15:35:06.204Z] npx: [2K[1A[2K[G✔ Generated Prisma Client (v6.16.2) to .\node_modules\.prisma\client in 1.32s
[2026-07-09T15:35:06.261Z] node: [2026-07-09T15:35:06.261Z] ✅ Prisma db push completed for Recovery DB.
[2026-07-09T15:35:09.835Z] node: [2026-07-09T15:35:09.834Z] 📊 Existing tables: 70
[2026-07-09T15:35:09.838Z] node: [2026-07-09T15:35:09.834Z] 📦 Existing rows: 0
[2026-07-09T15:35:09.847Z] node: [2026-07-09T15:35:09.836Z] 🔎 Product: 0
[2026-07-09T15:35:09.848Z] node: [2026-07-09T15:35:09.836Z] 🔎 BranchPrice: 0
[2026-07-09T15:35:09.882Z] node: [2026-07-09T15:35:09.837Z] 🔎 StockItem: 0
[2026-07-09T15:35:09.887Z] node: [2026-07-09T15:35:09.844Z] 🔎 Sale: 0
[2026-07-09T15:35:09.899Z] node: [2026-07-09T15:35:09.844Z] 🔎 SaleItem: 0
[2026-07-09T15:35:09.914Z] node: [2026-07-09T15:35:09.845Z] 🔎 SaleItemSimple: 0
[2026-07-09T15:35:09.915Z] node: [2026-07-09T15:35:09.845Z] 🔎 Payment: 0
[2026-07-09T15:35:09.915Z] node: [2026-07-09T15:35:09.845Z] 🔎 PaymentItem: 0
[2026-07-09T15:35:10.047Z] node: [2026-07-09T15:35:10.047Z] 📖 SQL loaded into memory (4.63 MB).
[2026-07-09T15:35:10.065Z] node: [2026-07-09T15:35:10.048Z] 🚚 Starting SQL restore via Node.js pg client...
[2026-07-09T15:35:12.606Z] node: [2026-07-09T15:35:12.605Z] ✅ SQL restore completed via Node.js pg client.
[2026-07-09T15:35:15.428Z] node: [2026-07-09T15:35:15.427Z] ✅ Restore verification PASS (70 tables checked).
[2026-07-09T15:35:15.429Z] node: [2026-07-09T15:35:15.428Z] 🎉 Restore completed successfully in 37.10 seconds.
[2026-07-09T15:35:15.445Z] ▶️  Run: node recovery/verify/qbv.js
[2026-07-09T15:35:15.608Z] node: [2026-07-09T15:35:15.606Z] ============================================================
[2026-07-09T15:35:15.610Z] node: [2026-07-09T15:35:15.610Z] 🔎 AlphaTech Integrity Verification ALPHATECH-RECOVERY-VERIFY-V1
[2026-07-09T15:35:15.611Z] node: [2026-07-09T15:35:15.610Z] ============================================================
[2026-07-09T15:35:15.611Z] node: [2026-07-09T15:35:15.611Z] Collecting Production snapshot...
[2026-07-09T15:35:26.990Z] node: [2026-07-09T15:35:26.990Z] Collecting Recovery snapshot...
[2026-07-09T15:35:39.180Z] node: [2026-07-09T15:35:39.180Z] Comparing snapshots...
[2026-07-09T15:35:39.259Z] node: [2026-07-09T15:35:39.259Z] 🧾 JSON report: D:\alpha-tech\server\recovery\reports\verification-report_2026-07-09T15-35-39-183Z.json
[2026-07-09T15:35:39.260Z] node: [2026-07-09T15:35:39.259Z] 🧾 TXT report: D:\alpha-tech\server\recovery\reports\verification-report_2026-07-09T15-35-39-183Z.txt
[2026-07-09T15:35:39.261Z] node: [2026-07-09T15:35:39.260Z] ✅ Overall: PASS
[2026-07-09T15:35:39.277Z] 🧾 Job manifest: D:\alpha-tech\server\recovery\jobs\job-2026-07-09T15-34-22-588Z.json
[2026-07-09T15:35:39.278Z] ✅ Job result: PASS exitCode=0
