[2026-07-20T15:34:22.592Z] ============================================================
[2026-07-20T15:34:22.602Z] 🧭 AlphaTech Recovery Retention Workflow ALPHATECH-RECOVERY-JOB-RUNNER-V7-R2-RETENTION
[2026-07-20T15:34:22.603Z] ============================================================
[2026-07-20T15:34:22.603Z] Mode: backup-workflow
[2026-07-20T15:34:22.603Z] ▶️  Run: node recovery/health/healthCheck.js
[2026-07-20T15:34:22.831Z] node: [2026-07-20T15:34:22.828Z] ============================================================
[2026-07-20T15:34:22.833Z] node: [2026-07-20T15:34:22.832Z] 🩺 AlphaTech Recovery Health Check ALPHATECH-RECOVERY-HEALTH-CHECK-V1
[2026-07-20T15:34:22.833Z] node: [2026-07-20T15:34:22.832Z] ============================================================
[2026-07-20T15:34:23.651Z] node: [2026-07-20T15:34:23.650Z] 🧾 JSON report: D:\alpha-tech\server\recovery\reports\health-check-2026-07-20T15-34-23-649Z.json
[2026-07-20T15:34:23.652Z] node: [2026-07-20T15:34:23.651Z] 🧾 TXT report: D:\alpha-tech\server\recovery\reports\health-check-2026-07-20T15-34-23-649Z.txt
[2026-07-20T15:34:23.652Z] node: [2026-07-20T15:34:23.651Z] ✅ Overall: PASS
[2026-07-20T15:34:23.676Z] ▶️  Run: node qb.js
[2026-07-20T15:34:24.167Z] node: 🔌 Connected to PostgreSQL successfully.
[2026-07-20T15:34:24.177Z] node: ⏳ Starting P1 Hardened Backup v6 Type-aware + generic self-reference FK safe restore...
[2026-07-20T15:34:27.753Z] node: 📦 Exporting table: Bank
[2026-07-20T15:34:27.791Z] node: 📦 Exporting table: Brand
[2026-07-20T15:34:27.838Z] node: 📦 Exporting table: Category
[2026-07-20T15:34:27.873Z] node: 📦 Exporting table: GlobalProductType
[2026-07-20T15:34:27.907Z] node: 📦 Exporting table: Position
[2026-07-20T15:34:27.943Z] node: 📦 Exporting table: Province
[2026-07-20T15:34:27.978Z] node: 📦 Exporting table: District
[2026-07-20T15:34:28.036Z] node: 📦 Exporting table: Subdistrict
[2026-07-20T15:34:28.246Z] node: 📦 Exporting table: Branch
[2026-07-20T15:34:28.284Z] node: 📦 Exporting table: BarcodeCounter
[2026-07-20T15:34:28.319Z] node: 📦 Exporting table: PaymentCodeCounter
[2026-07-20T15:34:28.354Z] node: 📦 Exporting table: ProductType
[2026-07-20T15:34:28.394Z] node: 📦 Exporting table: ProductTypeBrand
[2026-07-20T15:34:28.440Z] node: 📦 Exporting table: Supplier
[2026-07-20T15:34:28.478Z] node: 📦 Exporting table: Unit
[2026-07-20T15:34:28.513Z] node: 📦 Exporting table: Product
[2026-07-20T15:34:28.706Z] node: 📦 Exporting table: BranchPrice
[2026-07-20T15:34:28.814Z] node: 📦 Exporting table: ProductImage
[2026-07-20T15:34:28.851Z] node: 📦 Exporting table: StockBalance
[2026-07-20T15:34:28.920Z] node: 📦 Exporting table: User
[2026-07-20T15:34:28.962Z] node: 📦 Exporting table: CustomerProfile
[2026-07-20T15:34:29.009Z] node: 📦 Exporting table: Cart
[2026-07-20T15:34:29.044Z] node: 📦 Exporting table: CartItem
[2026-07-20T15:34:29.078Z] node: 📦 Exporting table: EmployeeProfile
[2026-07-20T15:34:29.113Z] node: 📦 Exporting table: CombinedBillingDocument
[2026-07-20T15:34:29.148Z] node: 📦 Exporting table: CombinedSaleDocument
[2026-07-20T15:34:29.186Z] node: 📦 Exporting table: CustomerDeposit
[2026-07-20T15:34:29.220Z] node: 📦 Exporting table: CustomerReceipts
[2026-07-20T15:34:29.256Z] node: 📦 Exporting table: InputTaxFilingBatch
[2026-07-20T15:34:29.291Z] node: 📦 Exporting table: Order
[2026-07-20T15:34:29.326Z] node: 📦 Exporting table: OrderOnline
[2026-07-20T15:34:29.361Z] node: 📦 Exporting table: OrderOnlineItem
[2026-07-20T15:34:29.396Z] node: 📦 Exporting table: PasswordResetToken
[2026-07-20T15:34:29.431Z] node: 📦 Exporting table: ProductOnOrder
[2026-07-20T15:34:29.466Z] node: 📦 Exporting table: PurchaseOrder
[2026-07-20T15:34:29.504Z] node: 📦 Exporting table: PurchaseOrderItem
[2026-07-20T15:34:29.543Z] node: 📦 Exporting table: PurchaseOrderReceipt
[2026-07-20T15:34:29.581Z] node: 📦 Exporting table: InputTaxFilingItem
[2026-07-20T15:34:29.616Z] node: 📦 Exporting table: PurchaseOrderReceiptItem
[2026-07-20T15:34:29.656Z] node: 📦 Exporting table: RefreshToken
[2026-07-20T15:34:29.911Z] node: 📦 Exporting table: Sale
[2026-07-20T15:34:29.953Z] node: 📦 Exporting table: CustomerReceiptAllocations
[2026-07-20T15:34:29.989Z] node: 📦 Exporting table: Payment
[2026-07-20T15:34:30.026Z] node: 📦 Exporting table: DepositUsage
[2026-07-20T15:34:30.061Z] node: 📦 Exporting table: PaymentItem
[2026-07-20T15:34:30.098Z] node: 📦 Exporting table: SaleReturn
[2026-07-20T15:34:30.133Z] node: 📦 Exporting table: RefundTransaction
[2026-07-20T15:34:30.170Z] node: 📦 Exporting table: SalesTaxFilingBatch
[2026-07-20T15:34:30.204Z] node: 📦 Exporting table: SalesTaxFilingItem
[2026-07-20T15:34:30.239Z] node: 📦 Exporting table: ServiceOrder
[2026-07-20T15:34:30.275Z] node: 📦 Exporting table: ServiceItem
[2026-07-20T15:34:30.310Z] node: 📦 Exporting table: SimpleLot
[2026-07-20T15:34:30.345Z] node: 📦 Exporting table: SaleItemSimple
[2026-07-20T15:34:30.380Z] node: 📦 Exporting table: SaleReturnItemSimple
[2026-07-20T15:34:30.414Z] node: 📦 Exporting table: StockAuditSession
[2026-07-20T15:34:30.449Z] node: 📦 Exporting table: StockItem
[2026-07-20T15:34:30.682Z] node: 📦 Exporting table: BarcodeReceiptItem
[2026-07-20T15:34:30.739Z] node: 📦 Exporting table: RepairJob
[2026-07-20T15:34:30.775Z] node: 📦 Exporting table: RepairPartItem
[2026-07-20T15:34:30.809Z] node: 📦 Exporting table: SaleItem
[2026-07-20T15:34:30.849Z] node: 📦 Exporting table: SaleReturnItem
[2026-07-20T15:34:30.885Z] node: 📦 Exporting table: StockAuditScanLog
[2026-07-20T15:34:30.921Z] node: 📦 Exporting table: StockAuditSnapshotItem
[2026-07-20T15:34:30.976Z] node: 📦 Exporting table: StockMovement
[2026-07-20T15:34:31.038Z] node: 📦 Exporting table: SupplierPayment
[2026-07-20T15:34:31.073Z] node: 📦 Exporting table: SupplierPaymentReceipt
[2026-07-20T15:34:31.108Z] node: 📦 Exporting table: V2CustomerDeposit
[2026-07-20T15:34:31.143Z] node: 📦 Exporting table: V2StockAudit
[2026-07-20T15:34:31.178Z] node: 📦 Exporting table: V2StockAuditItem
[2026-07-20T15:34:31.213Z] node: 📦 Exporting table: WarrantyClaim
[2026-07-20T15:34:33.789Z] node: 🎉 P1 Hardened Backup v6 Type-aware + generic self-reference FK safe restore completed successfully.
[2026-07-20T15:34:33.800Z] node: 💾 Backup file: D:\alpha-tech\server\backups\alphatech_hardened_backup_v6_2026-07-20_2026-07-20T15-34-27-652Z.sql
[2026-07-20T15:34:33.801Z] node: 🧾 Manifest file: D:\alpha-tech\server\backups\alphatech_hardened_backup_v6_2026-07-20_2026-07-20T15-34-27-652Z.manifest.json
[2026-07-20T15:34:33.801Z] node: 📊 Tables exported: 70
[2026-07-20T15:34:33.801Z] node: 📦 Rows exported: 25382
[2026-07-20T15:34:33.801Z] node: 🔢 Sequences prepared: 67
[2026-07-20T15:34:33.801Z] node: 🔐 SHA256: 63cd522ce4f7c9daf62202498bc1380154ca70b06b1b6dca41c47821d79f4855
[2026-07-20T15:34:33.802Z] node: 📐 File size: 8.92 MB
[2026-07-20T15:34:33.802Z] node: ⏱️ Duration: 7.46 seconds
[2026-07-20T15:34:33.802Z] node: ✅ Verification: PASS (70 tables checked)
[2026-07-20T15:34:33.861Z] ▶️  Run: node recovery/upload/uploadBackup.js --manifest D:\alpha-tech\server\backups\alphatech_hardened_backup_v6_2026-07-20_2026-07-20T15-34-27-652Z.manifest.json
[2026-07-20T15:34:33.961Z] node: [2026-07-20T15:34:33.953Z] ============================================================
[2026-07-20T15:34:33.963Z] node: [2026-07-20T15:34:33.963Z] AlphaTech Recovery Upload ALPHATECH-RECOVERY-UPLOAD-V2-S3-COMPATIBLE
[2026-07-20T15:34:33.964Z] node: [2026-07-20T15:34:33.963Z] ============================================================
[2026-07-20T15:34:34.264Z] node stderr: (node:17700) Warning: NodeVersionSupportWarning: The AWS SDK for JavaScript (v3)
[2026-07-20T15:34:34.264Z] node stderr: versions published after the first week of January 2027
[2026-07-20T15:34:34.265Z] node stderr: will require node >=22. You are running node v20.19.0.
[2026-07-20T15:34:34.265Z] node stderr: To continue receiving updates to AWS services, bug fixes,
[2026-07-20T15:34:34.265Z] node stderr: and security updates please upgrade to node >=22.
[2026-07-20T15:34:34.266Z] node stderr: More information can be found at: https://a.co/c895JFp
[2026-07-20T15:34:34.266Z] node stderr: (Use `node --trace-warnings ...` to show where the warning was created)
[2026-07-20T15:34:37.650Z] node: [2026-07-20T15:34:37.650Z] JSON report: D:\alpha-tech\server\recovery\reports\upload-report-2026-07-20T15-34-37-648Z.json
[2026-07-20T15:34:37.652Z] node: [2026-07-20T15:34:37.651Z] TXT report: D:\alpha-tech\server\recovery\reports\upload-report-2026-07-20T15-34-37-648Z.txt
[2026-07-20T15:34:37.653Z] node: [2026-07-20T15:34:37.652Z] Overall: PASS
[2026-07-20T15:34:38.340Z] ------------------------------------------------------------
[2026-07-20T15:34:38.340Z] Target      : cloudflare-r2
[2026-07-20T15:34:38.340Z] Bucket      : saduaksabuy-recovery
[2026-07-20T15:34:38.341Z] Prefix      : alphatech-production/
[2026-07-20T15:34:38.341Z] Retention   : 7 day(s)
[2026-07-20T15:34:38.341Z] Mode        : APPLY
[2026-07-20T15:34:38.341Z] Scanned     : 92
[2026-07-20T15:34:38.342Z] Candidates  : 0
[2026-07-20T15:34:38.342Z] Deleted     : 0
[2026-07-20T15:34:38.342Z] Remaining   : 92
[2026-07-20T15:34:38.342Z] Failed      : 0
[2026-07-20T15:34:38.343Z] ▶️  Run: node recovery/retention/retentionPolicy.js --apply
[2026-07-20T15:34:38.459Z] node: [2026-07-20T15:34:38.451Z] ============================================================
[2026-07-20T15:34:38.460Z] node: [2026-07-20T15:34:38.460Z] 🧹 AlphaTech Recovery Retention ALPHATECH-RECOVERY-RETENTION-V1
[2026-07-20T15:34:38.461Z] node: [2026-07-20T15:34:38.460Z] ============================================================
[2026-07-20T15:34:38.461Z] node: [2026-07-20T15:34:38.461Z] Mode: APPLY
[2026-07-20T15:34:38.474Z] node: [2026-07-20T15:34:38.474Z] ------------------------------------------------------------
[2026-07-20T15:34:38.474Z] node: [2026-07-20T15:34:38.474Z] Target      : local-backups
[2026-07-20T15:34:38.475Z] node: [2026-07-20T15:34:38.474Z] Directory   : D:\alpha-tech\server\backups
[2026-07-20T15:34:38.475Z] node: [2026-07-20T15:34:38.475Z] Retention   : 3 day(s)
[2026-07-20T15:34:38.475Z] node: [2026-07-20T15:34:38.475Z] Scanned     : 50
[2026-07-20T15:34:38.476Z] node: [2026-07-20T15:34:38.475Z] Candidates  : 1
[2026-07-20T15:34:38.476Z] node: [2026-07-20T15:34:38.476Z] Deleted     : 1
[2026-07-20T15:34:38.476Z] node: [2026-07-20T15:34:38.476Z] Remaining   : 49
[2026-07-20T15:34:38.476Z] node: [2026-07-20T15:34:38.476Z] Failed      : 0
[2026-07-20T15:34:38.477Z] node: [2026-07-20T15:34:38.477Z] ------------------------------------------------------------
[2026-07-20T15:34:38.477Z] node: [2026-07-20T15:34:38.477Z] Target      : offsite-local-mirror
[2026-07-20T15:34:38.477Z] node: [2026-07-20T15:34:38.477Z] Directory   : D:\alpha-tech\server\recovery\offsite
[2026-07-20T15:34:38.478Z] node: [2026-07-20T15:34:38.477Z] Retention   : 7 day(s)
[2026-07-20T15:34:38.478Z] node: [2026-07-20T15:34:38.478Z] Scanned     : 0
[2026-07-20T15:34:38.478Z] node: [2026-07-20T15:34:38.478Z] Candidates  : 0
[2026-07-20T15:34:38.478Z] node: [2026-07-20T15:34:38.478Z] Deleted     : 0
[2026-07-20T15:34:38.479Z] node: [2026-07-20T15:34:38.479Z] Remaining   : 0
[2026-07-20T15:34:38.479Z] node: [2026-07-20T15:34:38.479Z] Failed      : 0
[2026-07-20T15:34:38.483Z] node: [2026-07-20T15:34:38.483Z] 🧾 JSON report: D:\alpha-tech\server\recovery\reports\retention-report-2026-07-20T15-34-38-479Z.json
[2026-07-20T15:34:38.484Z] node: [2026-07-20T15:34:38.484Z] 🧾 TXT report: D:\alpha-tech\server\recovery\reports\retention-report-2026-07-20T15-34-38-479Z.txt
[2026-07-20T15:34:38.485Z] node: [2026-07-20T15:34:38.484Z] ✅ Overall: PASS
[2026-07-20T15:34:38.496Z] ▶️  Run: node qbrs.js --manifest D:\alpha-tech\server\backups\alphatech_hardened_backup_v6_2026-07-20_2026-07-20T15-34-27-652Z.manifest.json --init --yes --reset-schema
[2026-07-20T15:34:38.693Z] node: [2026-07-20T15:34:38.691Z] ============================================================
[2026-07-20T15:34:38.695Z] node: [2026-07-20T15:34:38.694Z] 🚑 AlphaTech Restore Tool P1-HARDENED-RESTORE-V3-NODE-PG
[2026-07-20T15:34:38.695Z] node: [2026-07-20T15:34:38.695Z] ============================================================
[2026-07-20T15:34:38.742Z] node: [2026-07-20T15:34:38.742Z] ✅ Manifest loaded.
[2026-07-20T15:34:38.742Z] node: [2026-07-20T15:34:38.742Z] ✅ SQL file: D:\alpha-tech\server\backups\alphatech_hardened_backup_v6_2026-07-20_2026-07-20T15-34-27-652Z.sql
[2026-07-20T15:34:38.743Z] node: [2026-07-20T15:34:38.742Z] ✅ SHA256 verified: 63cd522ce4f7c9daf62202498bc1380154ca70b06b1b6dca41c47821d79f4855
[2026-07-20T15:34:38.743Z] node: [2026-07-20T15:34:38.743Z] 🎯 Target DB: postgresql://postgres:***@db.engqdeyzbvnmxbnpemau.supabase.co:5432/postgres
[2026-07-20T15:34:38.744Z] node: [2026-07-20T15:34:38.743Z] 🎯 Host: db.engqdeyzbvnmxbnpemau.supabase.co
[2026-07-20T15:34:38.744Z] node: [2026-07-20T15:34:38.744Z] 🎯 Port: 5432
[2026-07-20T15:34:38.744Z] node: [2026-07-20T15:34:38.744Z] 🎯 Database: postgres
[2026-07-20T15:34:38.745Z] node: [2026-07-20T15:34:38.744Z] 🎯 Schema: public
[2026-07-20T15:34:39.134Z] node: [2026-07-20T15:34:39.133Z] 🔌 Connected to target PostgreSQL successfully.
[2026-07-20T15:34:42.313Z] node: [2026-07-20T15:34:42.313Z] 📊 Existing tables: 70
[2026-07-20T15:34:42.314Z] node: [2026-07-20T15:34:42.314Z] 📦 Existing rows: 25382
[2026-07-20T15:34:42.314Z] node: [2026-07-20T15:34:42.314Z] 🔎 Product: 1913
[2026-07-20T15:34:42.314Z] node: [2026-07-20T15:34:42.314Z] 🔎 BranchPrice: 1911
[2026-07-20T15:34:42.315Z] node: [2026-07-20T15:34:42.315Z] 🔎 StockItem: 3150
[2026-07-20T15:34:42.315Z] node: [2026-07-20T15:34:42.315Z] 🔎 Sale: 63
[2026-07-20T15:34:42.315Z] node: [2026-07-20T15:34:42.315Z] 🔎 SaleItem: 153
[2026-07-20T15:34:42.316Z] node: [2026-07-20T15:34:42.315Z] 🔎 SaleItemSimple: 0
[2026-07-20T15:34:42.316Z] node: [2026-07-20T15:34:42.316Z] 🔎 Payment: 46
[2026-07-20T15:34:42.316Z] node: [2026-07-20T15:34:42.316Z] 🔎 PaymentItem: 46
[2026-07-20T15:34:42.568Z] node: [2026-07-20T15:34:42.568Z] 🧨 Resetting target schema "public" before restore...
[2026-07-20T15:34:42.569Z] node: [2026-07-20T15:34:42.569Z] 🛡️ This action is intended for Recovery / Standby DB only.
[2026-07-20T15:34:43.107Z] node: [2026-07-20T15:34:43.106Z] ✅ Schema "public" reset completed.
[2026-07-20T15:34:43.142Z] node: [2026-07-20T15:34:43.142Z] 🧱 Running Prisma db push against Recovery DB only...
[2026-07-20T15:34:43.144Z] node: [2026-07-20T15:34:43.142Z] 🛡️ DATABASE_URL is injected from RESTORE_DATABASE_URL/RECOVERY_DATABASE_URL for this process only.
[2026-07-20T15:34:48.947Z] node: [2026-07-20T15:34:48.947Z] npx stderr: Environment variables loaded from .env
[2026-07-20T15:34:48.951Z] node: [2026-07-20T15:34:48.950Z] npx: Prisma schema loaded from prisma\schema.prisma
[2026-07-20T15:34:48.965Z] node: [2026-07-20T15:34:48.965Z] npx: Datasource "db": PostgreSQL database "postgres", schema "public" at "db.engqdeyzbvnmxbnpemau.supabase.co:5432"
[2026-07-20T15:35:04.142Z] node: [2026-07-20T15:35:04.142Z] npx: Your database is now in sync with your Prisma schema. Done in 14.38s
[2026-07-20T15:35:04.145Z] node: [2026-07-20T15:35:04.145Z] npx: Running generate... (Use --skip-generate to skip the generators)
[2026-07-20T15:35:05.919Z] node: [2026-07-20T15:35:05.919Z] npx: [2K[1A[2K[GRunning generate... - Prisma Client
[2026-07-20T15:35:08.005Z] node: [2026-07-20T15:35:08.005Z] npx: [2K[1A[2K[G✔ Generated Prisma Client (v6.16.2) to .\node_modules\.prisma\client in 2.08s
[2026-07-20T15:35:08.079Z] node: [2026-07-20T15:35:08.079Z] ✅ Prisma db push completed for Recovery DB.
[2026-07-20T15:35:11.465Z] node: [2026-07-20T15:35:11.464Z] 📊 Existing tables: 70
[2026-07-20T15:35:11.478Z] node: [2026-07-20T15:35:11.465Z] 📦 Existing rows: 0
[2026-07-20T15:35:11.480Z] node: [2026-07-20T15:35:11.473Z] 🔎 Product: 0
[2026-07-20T15:35:11.481Z] node: [2026-07-20T15:35:11.474Z] 🔎 BranchPrice: 0
[2026-07-20T15:35:11.492Z] node: [2026-07-20T15:35:11.474Z] 🔎 StockItem: 0
[2026-07-20T15:35:11.492Z] node: [2026-07-20T15:35:11.475Z] 🔎 Sale: 0
[2026-07-20T15:35:11.493Z] node: [2026-07-20T15:35:11.475Z] 🔎 SaleItem: 0
[2026-07-20T15:35:11.497Z] node: [2026-07-20T15:35:11.476Z] 🔎 SaleItemSimple: 0
[2026-07-20T15:35:11.508Z] node: [2026-07-20T15:35:11.476Z] 🔎 Payment: 0
[2026-07-20T15:35:11.509Z] node: [2026-07-20T15:35:11.476Z] 🔎 PaymentItem: 0
[2026-07-20T15:35:11.743Z] node: [2026-07-20T15:35:11.743Z] 📖 SQL loaded into memory (8.92 MB).
[2026-07-20T15:35:11.744Z] node: [2026-07-20T15:35:11.743Z] 🚚 Starting SQL restore via Node.js pg client...
[2026-07-20T15:35:15.684Z] node: [2026-07-20T15:35:15.684Z] ✅ SQL restore completed via Node.js pg client.
[2026-07-20T15:35:18.513Z] node: [2026-07-20T15:35:18.513Z] ✅ Restore verification PASS (70 tables checked).
[2026-07-20T15:35:18.516Z] node: [2026-07-20T15:35:18.513Z] 🎉 Restore completed successfully in 39.82 seconds.
[2026-07-20T15:35:18.531Z] ▶️  Run: node recovery/verify/qbv.js
[2026-07-20T15:35:18.741Z] node: [2026-07-20T15:35:18.738Z] ============================================================
[2026-07-20T15:35:18.742Z] node: [2026-07-20T15:35:18.741Z] 🔎 AlphaTech Integrity Verification ALPHATECH-RECOVERY-VERIFY-V1
[2026-07-20T15:35:18.743Z] node: [2026-07-20T15:35:18.742Z] ============================================================
[2026-07-20T15:35:18.747Z] node: [2026-07-20T15:35:18.745Z] Collecting Production snapshot...
[2026-07-20T15:35:30.769Z] node: [2026-07-20T15:35:30.766Z] Collecting Recovery snapshot...
[2026-07-20T15:35:41.342Z] node: [2026-07-20T15:35:41.341Z] Comparing snapshots...
[2026-07-20T15:35:41.352Z] node: [2026-07-20T15:35:41.351Z] 🧾 JSON report: D:\alpha-tech\server\recovery\reports\verification-report_2026-07-20T15-35-41-344Z.json
[2026-07-20T15:35:41.352Z] node: [2026-07-20T15:35:41.351Z] 🧾 TXT report: D:\alpha-tech\server\recovery\reports\verification-report_2026-07-20T15-35-41-344Z.txt
[2026-07-20T15:35:41.353Z] node: [2026-07-20T15:35:41.352Z] ✅ Overall: PASS
[2026-07-20T15:35:41.382Z] 🧾 Job manifest: D:\alpha-tech\server\recovery\jobs\job-2026-07-20T15-34-22-587Z.json
[2026-07-20T15:35:41.386Z] ✅ Job result: PASS exitCode=0
