[2026-07-19T21:34:22.451Z] ============================================================
[2026-07-19T21:34:22.458Z] 🧭 AlphaTech Recovery Retention Workflow ALPHATECH-RECOVERY-JOB-RUNNER-V7-R2-RETENTION
[2026-07-19T21:34:22.459Z] ============================================================
[2026-07-19T21:34:22.459Z] Mode: backup-workflow
[2026-07-19T21:34:22.460Z] ▶️  Run: node recovery/health/healthCheck.js
[2026-07-19T21:34:22.635Z] node: [2026-07-19T21:34:22.632Z] ============================================================
[2026-07-19T21:34:22.636Z] node: [2026-07-19T21:34:22.635Z] 🩺 AlphaTech Recovery Health Check ALPHATECH-RECOVERY-HEALTH-CHECK-V1
[2026-07-19T21:34:22.636Z] node: [2026-07-19T21:34:22.636Z] ============================================================
[2026-07-19T21:34:23.511Z] node: [2026-07-19T21:34:23.510Z] 🧾 JSON report: D:\alpha-tech\server\recovery\reports\health-check-2026-07-19T21-34-23-509Z.json
[2026-07-19T21:34:23.511Z] node: [2026-07-19T21:34:23.511Z] 🧾 TXT report: D:\alpha-tech\server\recovery\reports\health-check-2026-07-19T21-34-23-509Z.txt
[2026-07-19T21:34:23.512Z] node: [2026-07-19T21:34:23.511Z] ✅ Overall: PASS
[2026-07-19T21:34:23.542Z] ▶️  Run: node qb.js
[2026-07-19T21:34:23.971Z] node: 🔌 Connected to PostgreSQL successfully.
[2026-07-19T21:34:23.980Z] node: ⏳ Starting P1 Hardened Backup v6 Type-aware + generic self-reference FK safe restore...
[2026-07-19T21:34:27.271Z] node: 📦 Exporting table: Bank
[2026-07-19T21:34:27.308Z] node: 📦 Exporting table: Brand
[2026-07-19T21:34:27.351Z] node: 📦 Exporting table: Category
[2026-07-19T21:34:27.386Z] node: 📦 Exporting table: GlobalProductType
[2026-07-19T21:34:27.420Z] node: 📦 Exporting table: Position
[2026-07-19T21:34:27.454Z] node: 📦 Exporting table: Province
[2026-07-19T21:34:27.489Z] node: 📦 Exporting table: District
[2026-07-19T21:34:27.541Z] node: 📦 Exporting table: Subdistrict
[2026-07-19T21:34:27.730Z] node: 📦 Exporting table: Branch
[2026-07-19T21:34:27.766Z] node: 📦 Exporting table: BarcodeCounter
[2026-07-19T21:34:27.800Z] node: 📦 Exporting table: PaymentCodeCounter
[2026-07-19T21:34:27.834Z] node: 📦 Exporting table: ProductType
[2026-07-19T21:34:27.872Z] node: 📦 Exporting table: ProductTypeBrand
[2026-07-19T21:34:27.914Z] node: 📦 Exporting table: Supplier
[2026-07-19T21:34:27.950Z] node: 📦 Exporting table: Unit
[2026-07-19T21:34:27.984Z] node: 📦 Exporting table: Product
[2026-07-19T21:34:28.111Z] node: 📦 Exporting table: BranchPrice
[2026-07-19T21:34:28.196Z] node: 📦 Exporting table: ProductImage
[2026-07-19T21:34:28.231Z] node: 📦 Exporting table: StockBalance
[2026-07-19T21:34:28.289Z] node: 📦 Exporting table: User
[2026-07-19T21:34:28.333Z] node: 📦 Exporting table: CustomerProfile
[2026-07-19T21:34:28.375Z] node: 📦 Exporting table: Cart
[2026-07-19T21:34:28.409Z] node: 📦 Exporting table: CartItem
[2026-07-19T21:34:28.443Z] node: 📦 Exporting table: EmployeeProfile
[2026-07-19T21:34:28.478Z] node: 📦 Exporting table: CombinedBillingDocument
[2026-07-19T21:34:28.512Z] node: 📦 Exporting table: CombinedSaleDocument
[2026-07-19T21:34:28.545Z] node: 📦 Exporting table: CustomerDeposit
[2026-07-19T21:34:28.579Z] node: 📦 Exporting table: CustomerReceipts
[2026-07-19T21:34:28.614Z] node: 📦 Exporting table: InputTaxFilingBatch
[2026-07-19T21:34:28.648Z] node: 📦 Exporting table: Order
[2026-07-19T21:34:28.682Z] node: 📦 Exporting table: OrderOnline
[2026-07-19T21:34:28.716Z] node: 📦 Exporting table: OrderOnlineItem
[2026-07-19T21:34:28.751Z] node: 📦 Exporting table: PasswordResetToken
[2026-07-19T21:34:28.785Z] node: 📦 Exporting table: ProductOnOrder
[2026-07-19T21:34:28.819Z] node: 📦 Exporting table: PurchaseOrder
[2026-07-19T21:34:28.855Z] node: 📦 Exporting table: PurchaseOrderItem
[2026-07-19T21:34:28.892Z] node: 📦 Exporting table: PurchaseOrderReceipt
[2026-07-19T21:34:28.928Z] node: 📦 Exporting table: InputTaxFilingItem
[2026-07-19T21:34:28.962Z] node: 📦 Exporting table: PurchaseOrderReceiptItem
[2026-07-19T21:34:28.998Z] node: 📦 Exporting table: RefreshToken
[2026-07-19T21:34:29.226Z] node: 📦 Exporting table: Sale
[2026-07-19T21:34:29.264Z] node: 📦 Exporting table: CustomerReceiptAllocations
[2026-07-19T21:34:29.298Z] node: 📦 Exporting table: Payment
[2026-07-19T21:34:29.333Z] node: 📦 Exporting table: DepositUsage
[2026-07-19T21:34:29.367Z] node: 📦 Exporting table: PaymentItem
[2026-07-19T21:34:29.402Z] node: 📦 Exporting table: SaleReturn
[2026-07-19T21:34:29.437Z] node: 📦 Exporting table: RefundTransaction
[2026-07-19T21:34:29.471Z] node: 📦 Exporting table: SalesTaxFilingBatch
[2026-07-19T21:34:29.505Z] node: 📦 Exporting table: SalesTaxFilingItem
[2026-07-19T21:34:29.539Z] node: 📦 Exporting table: ServiceOrder
[2026-07-19T21:34:29.573Z] node: 📦 Exporting table: ServiceItem
[2026-07-19T21:34:29.607Z] node: 📦 Exporting table: SimpleLot
[2026-07-19T21:34:29.640Z] node: 📦 Exporting table: SaleItemSimple
[2026-07-19T21:34:29.675Z] node: 📦 Exporting table: SaleReturnItemSimple
[2026-07-19T21:34:29.709Z] node: 📦 Exporting table: StockAuditSession
[2026-07-19T21:34:29.743Z] node: 📦 Exporting table: StockItem
[2026-07-19T21:34:29.900Z] node: 📦 Exporting table: BarcodeReceiptItem
[2026-07-19T21:34:29.951Z] node: 📦 Exporting table: RepairJob
[2026-07-19T21:34:29.985Z] node: 📦 Exporting table: RepairPartItem
[2026-07-19T21:34:30.374Z] node: 📦 Exporting table: SaleItem
[2026-07-19T21:34:30.375Z] node: 📦 Exporting table: SaleReturnItem
[2026-07-19T21:34:30.375Z] node: 📦 Exporting table: StockAuditScanLog
[2026-07-19T21:34:30.376Z] node: 📦 Exporting table: StockAuditSnapshotItem
[2026-07-19T21:34:30.376Z] node: 📦 Exporting table: StockMovement
[2026-07-19T21:34:30.376Z] node: 📦 Exporting table: SupplierPayment
[2026-07-19T21:34:30.377Z] node: 📦 Exporting table: SupplierPaymentReceipt
[2026-07-19T21:34:30.377Z] node: 📦 Exporting table: V2CustomerDeposit
[2026-07-19T21:34:30.377Z] node: 📦 Exporting table: V2StockAudit
[2026-07-19T21:34:30.378Z] node: 📦 Exporting table: V2StockAuditItem
[2026-07-19T21:34:30.396Z] node: 📦 Exporting table: WarrantyClaim
[2026-07-19T21:34:32.881Z] node: 🎉 P1 Hardened Backup v6 Type-aware + generic self-reference FK safe restore completed successfully.
[2026-07-19T21:34:32.882Z] node: 💾 Backup file: D:\alpha-tech\server\backups\alphatech_hardened_backup_v6_2026-07-19_2026-07-19T21-34-27-240Z.sql
[2026-07-19T21:34:32.882Z] node: 🧾 Manifest file: D:\alpha-tech\server\backups\alphatech_hardened_backup_v6_2026-07-19_2026-07-19T21-34-27-240Z.manifest.json
[2026-07-19T21:34:32.931Z] node: 📊 Tables exported: 70
[2026-07-19T21:34:32.932Z] node: 📦 Rows exported: 24983
[2026-07-19T21:34:32.932Z] node: 🔢 Sequences prepared: 67
[2026-07-19T21:34:32.932Z] node: 🔐 SHA256: ec2c61f074601b1a9f16bc43a0906916b36c578d5b80185de2500476680e0e08
[2026-07-19T21:34:32.933Z] node: 📐 File size: 8.74 MB
[2026-07-19T21:34:32.933Z] node: ⏱️ Duration: 6.79 seconds
[2026-07-19T21:34:32.933Z] node: ✅ Verification: PASS (70 tables checked)
[2026-07-19T21:34:32.952Z] ▶️  Run: node recovery/upload/uploadBackup.js --manifest D:\alpha-tech\server\backups\alphatech_hardened_backup_v6_2026-07-19_2026-07-19T21-34-27-240Z.manifest.json
[2026-07-19T21:34:33.045Z] node: [2026-07-19T21:34:33.039Z] ============================================================
[2026-07-19T21:34:33.046Z] node: [2026-07-19T21:34:33.046Z] AlphaTech Recovery Upload ALPHATECH-RECOVERY-UPLOAD-V2-S3-COMPATIBLE
[2026-07-19T21:34:33.047Z] node: [2026-07-19T21:34:33.046Z] ============================================================
[2026-07-19T21:34:33.291Z] node stderr: (node:10072) Warning: NodeVersionSupportWarning: The AWS SDK for JavaScript (v3)
[2026-07-19T21:34:33.291Z] node stderr: versions published after the first week of January 2027
[2026-07-19T21:34:33.293Z] node stderr: will require node >=22. You are running node v20.19.0.
[2026-07-19T21:34:33.295Z] node stderr: To continue receiving updates to AWS services, bug fixes,
[2026-07-19T21:34:33.296Z] node stderr: and security updates please upgrade to node >=22.
[2026-07-19T21:34:33.296Z] node stderr: More information can be found at: https://a.co/c895JFp
[2026-07-19T21:34:33.296Z] node stderr: (Use `node --trace-warnings ...` to show where the warning was created)
[2026-07-19T21:34:36.206Z] node: [2026-07-19T21:34:36.205Z] JSON report: D:\alpha-tech\server\recovery\reports\upload-report-2026-07-19T21-34-36-203Z.json
[2026-07-19T21:34:36.206Z] node: [2026-07-19T21:34:36.206Z] TXT report: D:\alpha-tech\server\recovery\reports\upload-report-2026-07-19T21-34-36-203Z.txt
[2026-07-19T21:34:36.207Z] node: [2026-07-19T21:34:36.206Z] Overall: PASS
[2026-07-19T21:34:37.132Z] ------------------------------------------------------------
[2026-07-19T21:34:37.132Z] Target      : cloudflare-r2
[2026-07-19T21:34:37.133Z] Bucket      : saduaksabuy-recovery
[2026-07-19T21:34:37.134Z] Prefix      : alphatech-production/
[2026-07-19T21:34:37.134Z] Retention   : 7 day(s)
[2026-07-19T21:34:37.134Z] Mode        : APPLY
[2026-07-19T21:34:37.134Z] Scanned     : 92
[2026-07-19T21:34:37.135Z] Candidates  : 0
[2026-07-19T21:34:37.135Z] Deleted     : 0
[2026-07-19T21:34:37.135Z] Remaining   : 92
[2026-07-19T21:34:37.136Z] Failed      : 0
[2026-07-19T21:34:37.136Z] ▶️  Run: node recovery/retention/retentionPolicy.js --apply
[2026-07-19T21:34:37.242Z] node: [2026-07-19T21:34:37.234Z] ============================================================
[2026-07-19T21:34:37.244Z] node: [2026-07-19T21:34:37.243Z] 🧹 AlphaTech Recovery Retention ALPHATECH-RECOVERY-RETENTION-V1
[2026-07-19T21:34:37.650Z] node: [2026-07-19T21:34:37.243Z] ============================================================
[2026-07-19T21:34:37.651Z] node: [2026-07-19T21:34:37.244Z] Mode: APPLY
[2026-07-19T21:34:37.651Z] node: [2026-07-19T21:34:37.251Z] ------------------------------------------------------------
[2026-07-19T21:34:37.652Z] node: [2026-07-19T21:34:37.251Z] Target      : local-backups
[2026-07-19T21:34:37.652Z] node: [2026-07-19T21:34:37.253Z] Directory   : D:\alpha-tech\server\backups
[2026-07-19T21:34:37.652Z] node: [2026-07-19T21:34:37.253Z] Retention   : 3 day(s)
[2026-07-19T21:34:37.652Z] node: [2026-07-19T21:34:37.253Z] Scanned     : 44
[2026-07-19T21:34:37.653Z] node: [2026-07-19T21:34:37.254Z] Candidates  : 2
[2026-07-19T21:34:37.653Z] node: [2026-07-19T21:34:37.254Z] Deleted     : 2
[2026-07-19T21:34:37.653Z] node: [2026-07-19T21:34:37.254Z] Remaining   : 42
[2026-07-19T21:34:37.654Z] node: [2026-07-19T21:34:37.255Z] Failed      : 0
[2026-07-19T21:34:37.654Z] node: [2026-07-19T21:34:37.255Z] ------------------------------------------------------------
[2026-07-19T21:34:37.655Z] node: [2026-07-19T21:34:37.255Z] Target      : offsite-local-mirror
[2026-07-19T21:34:37.655Z] node: [2026-07-19T21:34:37.255Z] Directory   : D:\alpha-tech\server\recovery\offsite
[2026-07-19T21:34:37.655Z] node: [2026-07-19T21:34:37.255Z] Retention   : 7 day(s)
[2026-07-19T21:34:37.656Z] node: [2026-07-19T21:34:37.256Z] Scanned     : 0
[2026-07-19T21:34:37.656Z] node: [2026-07-19T21:34:37.256Z] Candidates  : 0
[2026-07-19T21:34:37.656Z] node: [2026-07-19T21:34:37.256Z] Deleted     : 0
[2026-07-19T21:34:37.657Z] node: [2026-07-19T21:34:37.256Z] Remaining   : 0
[2026-07-19T21:34:37.657Z] node: [2026-07-19T21:34:37.256Z] Failed      : 0
[2026-07-19T21:34:37.657Z] node: [2026-07-19T21:34:37.258Z] 🧾 JSON report: D:\alpha-tech\server\recovery\reports\retention-report-2026-07-19T21-34-37-257Z.json
[2026-07-19T21:34:37.658Z] node: [2026-07-19T21:34:37.258Z] 🧾 TXT report: D:\alpha-tech\server\recovery\reports\retention-report-2026-07-19T21-34-37-257Z.txt
[2026-07-19T21:34:37.658Z] node: [2026-07-19T21:34:37.258Z] ✅ Overall: PASS
[2026-07-19T21:34:37.659Z] ▶️  Run: node qbrs.js --manifest D:\alpha-tech\server\backups\alphatech_hardened_backup_v6_2026-07-19_2026-07-19T21-34-27-240Z.manifest.json --init --yes --reset-schema
[2026-07-19T21:34:37.830Z] node: [2026-07-19T21:34:37.828Z] ============================================================
[2026-07-19T21:34:37.832Z] node: [2026-07-19T21:34:37.831Z] 🚑 AlphaTech Restore Tool P1-HARDENED-RESTORE-V3-NODE-PG
[2026-07-19T21:34:37.833Z] node: [2026-07-19T21:34:37.832Z] ============================================================
[2026-07-19T21:34:37.872Z] node: [2026-07-19T21:34:37.871Z] ✅ Manifest loaded.
[2026-07-19T21:34:37.872Z] node: [2026-07-19T21:34:37.871Z] ✅ SQL file: D:\alpha-tech\server\backups\alphatech_hardened_backup_v6_2026-07-19_2026-07-19T21-34-27-240Z.sql
[2026-07-19T21:34:37.873Z] node: [2026-07-19T21:34:37.871Z] ✅ SHA256 verified: ec2c61f074601b1a9f16bc43a0906916b36c578d5b80185de2500476680e0e08
[2026-07-19T21:34:37.873Z] node: [2026-07-19T21:34:37.872Z] 🎯 Target DB: postgresql://postgres:***@db.engqdeyzbvnmxbnpemau.supabase.co:5432/postgres
[2026-07-19T21:34:37.874Z] node: [2026-07-19T21:34:37.873Z] 🎯 Host: db.engqdeyzbvnmxbnpemau.supabase.co
[2026-07-19T21:34:37.874Z] node: [2026-07-19T21:34:37.873Z] 🎯 Port: 5432
[2026-07-19T21:34:37.874Z] node: [2026-07-19T21:34:37.873Z] 🎯 Database: postgres
[2026-07-19T21:34:37.875Z] node: [2026-07-19T21:34:37.873Z] 🎯 Schema: public
[2026-07-19T21:34:38.260Z] node: [2026-07-19T21:34:38.259Z] 🔌 Connected to target PostgreSQL successfully.
[2026-07-19T21:34:41.769Z] node: [2026-07-19T21:34:41.769Z] 📊 Existing tables: 70
[2026-07-19T21:34:41.770Z] node: [2026-07-19T21:34:41.769Z] 📦 Existing rows: 24983
[2026-07-19T21:34:41.771Z] node: [2026-07-19T21:34:41.769Z] 🔎 Product: 1910
[2026-07-19T21:34:41.772Z] node: [2026-07-19T21:34:41.770Z] 🔎 BranchPrice: 1908
[2026-07-19T21:34:41.772Z] node: [2026-07-19T21:34:41.770Z] 🔎 StockItem: 3101
[2026-07-19T21:34:41.773Z] node: [2026-07-19T21:34:41.770Z] 🔎 Sale: 35
[2026-07-19T21:34:41.773Z] node: [2026-07-19T21:34:41.770Z] 🔎 SaleItem: 107
[2026-07-19T21:34:41.774Z] node: [2026-07-19T21:34:41.770Z] 🔎 SaleItemSimple: 0
[2026-07-19T21:34:41.774Z] node: [2026-07-19T21:34:41.771Z] 🔎 Payment: 21
[2026-07-19T21:34:41.775Z] node: [2026-07-19T21:34:41.771Z] 🔎 PaymentItem: 21
[2026-07-19T21:34:42.033Z] node: [2026-07-19T21:34:42.033Z] 🧨 Resetting target schema "public" before restore...
[2026-07-19T21:34:42.034Z] node: [2026-07-19T21:34:42.033Z] 🛡️ This action is intended for Recovery / Standby DB only.
[2026-07-19T21:34:42.579Z] node: [2026-07-19T21:34:42.578Z] ✅ Schema "public" reset completed.
[2026-07-19T21:34:42.615Z] node: [2026-07-19T21:34:42.614Z] 🧱 Running Prisma db push against Recovery DB only...
[2026-07-19T21:34:42.616Z] node: [2026-07-19T21:34:42.615Z] 🛡️ DATABASE_URL is injected from RESTORE_DATABASE_URL/RECOVERY_DATABASE_URL for this process only.
[2026-07-19T21:34:46.878Z] node: [2026-07-19T21:34:46.877Z] npx stderr: Environment variables loaded from .env
[2026-07-19T21:34:46.879Z] node: [2026-07-19T21:34:46.879Z] npx: Prisma schema loaded from prisma\schema.prisma
[2026-07-19T21:34:46.891Z] node: [2026-07-19T21:34:46.890Z] npx: Datasource "db": PostgreSQL database "postgres", schema "public" at "db.engqdeyzbvnmxbnpemau.supabase.co:5432"
[2026-07-19T21:35:03.940Z] node: [2026-07-19T21:35:03.940Z] npx: Your database is now in sync with your Prisma schema. Done in 16.22s
[2026-07-19T21:35:03.943Z] node: [2026-07-19T21:35:03.942Z] npx: Running generate... (Use --skip-generate to skip the generators)
[2026-07-19T21:35:04.920Z] node: [2026-07-19T21:35:04.919Z] npx: [2K[1A[2K[GRunning generate... - Prisma Client
[2026-07-19T21:35:06.556Z] node: [2026-07-19T21:35:06.556Z] npx: [2K[1A[2K[G✔ Generated Prisma Client (v6.16.2) to .\node_modules\.prisma\client in 1.63s
[2026-07-19T21:35:06.561Z] node: [2026-07-19T21:35:06.560Z] npx stderr: ┌─────────────────────────────────────────────────────────┐
[2026-07-19T21:35:06.562Z] node: [2026-07-19T21:35:06.561Z] npx stderr: │  Update available 6.16.2 -> 7.8.0                       │
[2026-07-19T21:35:06.562Z] node: [2026-07-19T21:35:06.561Z] npx stderr: │                                                         │
[2026-07-19T21:35:06.562Z] node: [2026-07-19T21:35:06.561Z] npx stderr: │  This is a major update - please follow the guide at    │
[2026-07-19T21:35:06.563Z] node: [2026-07-19T21:35:06.561Z] npx stderr: │  https://pris.ly/d/major-version-upgrade                │
[2026-07-19T21:35:06.563Z] node: [2026-07-19T21:35:06.561Z] npx stderr: │                                                         │
[2026-07-19T21:35:06.564Z] node: [2026-07-19T21:35:06.562Z] npx stderr: │  Run the following to update                            │
[2026-07-19T21:35:06.564Z] node: [2026-07-19T21:35:06.562Z] npx stderr: │    npm i --save-dev prisma@latest                       │
[2026-07-19T21:35:06.564Z] node: [2026-07-19T21:35:06.562Z] npx stderr: │    npm i @prisma/client@latest                          │
[2026-07-19T21:35:06.565Z] node: [2026-07-19T21:35:06.562Z] npx stderr: └─────────────────────────────────────────────────────────┘
[2026-07-19T21:35:06.658Z] node: [2026-07-19T21:35:06.657Z] ✅ Prisma db push completed for Recovery DB.
[2026-07-19T21:35:10.705Z] node: [2026-07-19T21:35:10.704Z] 📊 Existing tables: 70
[2026-07-19T21:35:10.708Z] node: [2026-07-19T21:35:10.704Z] 📦 Existing rows: 0
[2026-07-19T21:35:10.751Z] node: [2026-07-19T21:35:10.704Z] 🔎 Product: 0
[2026-07-19T21:35:10.752Z] node: [2026-07-19T21:35:10.704Z] 🔎 BranchPrice: 0
[2026-07-19T21:35:10.753Z] node: [2026-07-19T21:35:10.705Z] 🔎 StockItem: 0
[2026-07-19T21:35:10.753Z] node: [2026-07-19T21:35:10.705Z] 🔎 Sale: 0
[2026-07-19T21:35:10.754Z] node: [2026-07-19T21:35:10.705Z] 🔎 SaleItem: 0
[2026-07-19T21:35:10.755Z] node: [2026-07-19T21:35:10.706Z] 🔎 SaleItemSimple: 0
[2026-07-19T21:35:10.756Z] node: [2026-07-19T21:35:10.706Z] 🔎 Payment: 0
[2026-07-19T21:35:10.756Z] node: [2026-07-19T21:35:10.706Z] 🔎 PaymentItem: 0
[2026-07-19T21:35:11.436Z] node: [2026-07-19T21:35:11.435Z] 📖 SQL loaded into memory (8.74 MB).
[2026-07-19T21:35:11.436Z] node: [2026-07-19T21:35:11.435Z] 🚚 Starting SQL restore via Node.js pg client...
[2026-07-19T21:35:15.604Z] node: [2026-07-19T21:35:15.603Z] ✅ SQL restore completed via Node.js pg client.
[2026-07-19T21:35:18.483Z] node: [2026-07-19T21:35:18.482Z] ✅ Restore verification PASS (70 tables checked).
[2026-07-19T21:35:18.483Z] node: [2026-07-19T21:35:18.483Z] 🎉 Restore completed successfully in 40.66 seconds.
[2026-07-19T21:35:18.505Z] ▶️  Run: node recovery/verify/qbv.js
[2026-07-19T21:35:18.671Z] node: [2026-07-19T21:35:18.668Z] ============================================================
[2026-07-19T21:35:18.672Z] node: [2026-07-19T21:35:18.672Z] 🔎 AlphaTech Integrity Verification ALPHATECH-RECOVERY-VERIFY-V1
[2026-07-19T21:35:18.673Z] node: [2026-07-19T21:35:18.672Z] ============================================================
[2026-07-19T21:35:18.673Z] node: [2026-07-19T21:35:18.673Z] Collecting Production snapshot...
[2026-07-19T21:35:31.866Z] node: [2026-07-19T21:35:31.866Z] Collecting Recovery snapshot...
[2026-07-19T21:35:41.818Z] node: [2026-07-19T21:35:41.817Z] Comparing snapshots...
[2026-07-19T21:35:41.832Z] node: [2026-07-19T21:35:41.831Z] 🧾 JSON report: D:\alpha-tech\server\recovery\reports\verification-report_2026-07-19T21-35-41-821Z.json
[2026-07-19T21:35:41.832Z] node: [2026-07-19T21:35:41.832Z] 🧾 TXT report: D:\alpha-tech\server\recovery\reports\verification-report_2026-07-19T21-35-41-821Z.txt
[2026-07-19T21:35:41.833Z] node: [2026-07-19T21:35:41.832Z] ✅ Overall: PASS
[2026-07-19T21:35:41.848Z] 🧾 Job manifest: D:\alpha-tech\server\recovery\jobs\job-2026-07-19T21-34-22-448Z.json
[2026-07-19T21:35:41.848Z] ✅ Job result: PASS exitCode=0
