[2026-07-14T16:24:32.731Z] ============================================================
[2026-07-14T16:24:32.746Z] 🧭 AlphaTech Recovery Retention Workflow ALPHATECH-RECOVERY-JOB-RUNNER-V7-R2-RETENTION
[2026-07-14T16:24:32.747Z] ============================================================
[2026-07-14T16:24:32.747Z] Mode: backup-workflow
[2026-07-14T16:24:32.749Z] ▶️  Run: node recovery/health/healthCheck.js
[2026-07-14T16:24:32.975Z] node: [2026-07-14T16:24:32.962Z] ============================================================
[2026-07-14T16:24:32.976Z] node: [2026-07-14T16:24:32.966Z] 🩺 AlphaTech Recovery Health Check ALPHATECH-RECOVERY-HEALTH-CHECK-V1
[2026-07-14T16:24:32.976Z] node: [2026-07-14T16:24:32.966Z] ============================================================
[2026-07-14T16:24:33.839Z] node: [2026-07-14T16:24:33.829Z] 🧾 JSON report: D:\alpha-tech\server\recovery\reports\health-check-2026-07-14T16-24-33-819Z.json
[2026-07-14T16:24:33.839Z] node: [2026-07-14T16:24:33.829Z] 🧾 TXT report: D:\alpha-tech\server\recovery\reports\health-check-2026-07-14T16-24-33-819Z.txt
[2026-07-14T16:24:33.840Z] node: [2026-07-14T16:24:33.830Z] ✅ Overall: PASS
[2026-07-14T16:24:33.854Z] ▶️  Run: node qb.js
[2026-07-14T16:24:34.290Z] node: 🔌 Connected to PostgreSQL successfully.
[2026-07-14T16:24:34.300Z] node: ⏳ Starting P1 Hardened Backup v6 Type-aware + generic self-reference FK safe restore...
[2026-07-14T16:24:37.928Z] node: 📦 Exporting table: Bank
[2026-07-14T16:24:37.965Z] node: 📦 Exporting table: Brand
[2026-07-14T16:24:38.008Z] node: 📦 Exporting table: Category
[2026-07-14T16:24:38.043Z] node: 📦 Exporting table: GlobalProductType
[2026-07-14T16:24:38.078Z] node: 📦 Exporting table: Position
[2026-07-14T16:24:38.114Z] node: 📦 Exporting table: Province
[2026-07-14T16:24:38.150Z] node: 📦 Exporting table: District
[2026-07-14T16:24:38.229Z] node: 📦 Exporting table: Subdistrict
[2026-07-14T16:24:38.418Z] node: 📦 Exporting table: Branch
[2026-07-14T16:24:38.456Z] node: 📦 Exporting table: BarcodeCounter
[2026-07-14T16:24:38.492Z] node: 📦 Exporting table: PaymentCodeCounter
[2026-07-14T16:24:38.527Z] node: 📦 Exporting table: ProductType
[2026-07-14T16:24:38.566Z] node: 📦 Exporting table: ProductTypeBrand
[2026-07-14T16:24:38.607Z] node: 📦 Exporting table: Supplier
[2026-07-14T16:24:38.644Z] node: 📦 Exporting table: Unit
[2026-07-14T16:24:38.679Z] node: 📦 Exporting table: Product
[2026-07-14T16:24:38.791Z] node: 📦 Exporting table: BranchPrice
[2026-07-14T16:24:38.878Z] node: 📦 Exporting table: ProductImage
[2026-07-14T16:24:38.912Z] node: 📦 Exporting table: StockBalance
[2026-07-14T16:24:38.966Z] node: 📦 Exporting table: User
[2026-07-14T16:24:39.008Z] node: 📦 Exporting table: CustomerProfile
[2026-07-14T16:24:39.051Z] node: 📦 Exporting table: Cart
[2026-07-14T16:24:39.086Z] node: 📦 Exporting table: CartItem
[2026-07-14T16:24:39.121Z] node: 📦 Exporting table: EmployeeProfile
[2026-07-14T16:24:39.156Z] node: 📦 Exporting table: CombinedBillingDocument
[2026-07-14T16:24:39.191Z] node: 📦 Exporting table: CombinedSaleDocument
[2026-07-14T16:24:39.226Z] node: 📦 Exporting table: CustomerDeposit
[2026-07-14T16:24:39.261Z] node: 📦 Exporting table: CustomerReceipts
[2026-07-14T16:24:39.410Z] node: 📦 Exporting table: InputTaxFilingBatch
[2026-07-14T16:24:39.445Z] node: 📦 Exporting table: Order
[2026-07-14T16:24:39.585Z] node: 📦 Exporting table: OrderOnline
[2026-07-14T16:24:39.649Z] node: 📦 Exporting table: OrderOnlineItem
[2026-07-14T16:24:39.696Z] node: 📦 Exporting table: PasswordResetToken
[2026-07-14T16:24:39.839Z] node: 📦 Exporting table: ProductOnOrder
[2026-07-14T16:24:39.875Z] node: 📦 Exporting table: PurchaseOrder
[2026-07-14T16:24:40.027Z] node: 📦 Exporting table: PurchaseOrderItem
[2026-07-14T16:24:40.064Z] node: 📦 Exporting table: PurchaseOrderReceipt
[2026-07-14T16:24:40.198Z] node: 📦 Exporting table: InputTaxFilingItem
[2026-07-14T16:24:40.233Z] node: 📦 Exporting table: PurchaseOrderReceiptItem
[2026-07-14T16:24:40.269Z] node: 📦 Exporting table: RefreshToken
[2026-07-14T16:24:40.589Z] node: 📦 Exporting table: Sale
[2026-07-14T16:24:40.629Z] node: 📦 Exporting table: CustomerReceiptAllocations
[2026-07-14T16:24:40.664Z] node: 📦 Exporting table: Payment
[2026-07-14T16:24:40.813Z] node: 📦 Exporting table: DepositUsage
[2026-07-14T16:24:40.848Z] node: 📦 Exporting table: PaymentItem
[2026-07-14T16:24:40.884Z] node: 📦 Exporting table: SaleReturn
[2026-07-14T16:24:41.017Z] node: 📦 Exporting table: RefundTransaction
[2026-07-14T16:24:41.052Z] node: 📦 Exporting table: SalesTaxFilingBatch
[2026-07-14T16:24:41.087Z] node: 📦 Exporting table: SalesTaxFilingItem
[2026-07-14T16:24:41.221Z] node: 📦 Exporting table: ServiceOrder
[2026-07-14T16:24:41.256Z] node: 📦 Exporting table: ServiceItem
[2026-07-14T16:24:41.292Z] node: 📦 Exporting table: SimpleLot
[2026-07-14T16:24:41.426Z] node: 📦 Exporting table: SaleItemSimple
[2026-07-14T16:24:41.461Z] node: 📦 Exporting table: SaleReturnItemSimple
[2026-07-14T16:24:41.496Z] node: 📦 Exporting table: StockAuditSession
[2026-07-14T16:24:41.631Z] node: 📦 Exporting table: StockItem
[2026-07-14T16:24:41.773Z] node: 📦 Exporting table: BarcodeReceiptItem
[2026-07-14T16:24:41.876Z] node: 📦 Exporting table: RepairJob
[2026-07-14T16:24:41.911Z] node: 📦 Exporting table: RepairPartItem
[2026-07-14T16:24:42.041Z] node: 📦 Exporting table: SaleItem
[2026-07-14T16:24:42.077Z] node: 📦 Exporting table: SaleReturnItem
[2026-07-14T16:24:42.114Z] node: 📦 Exporting table: StockAuditScanLog
[2026-07-14T16:24:42.245Z] node: 📦 Exporting table: StockAuditSnapshotItem
[2026-07-14T16:24:42.297Z] node: 📦 Exporting table: StockMovement
[2026-07-14T16:24:42.471Z] node: 📦 Exporting table: SupplierPayment
[2026-07-14T16:24:42.506Z] node: 📦 Exporting table: SupplierPaymentReceipt
[2026-07-14T16:24:42.655Z] node: 📦 Exporting table: V2CustomerDeposit
[2026-07-14T16:24:42.690Z] node: 📦 Exporting table: V2StockAudit
[2026-07-14T16:24:42.725Z] node: 📦 Exporting table: V2StockAuditItem
[2026-07-14T16:24:42.860Z] node: 📦 Exporting table: WarrantyClaim
[2026-07-14T16:24:45.800Z] node: 🎉 P1 Hardened Backup v6 Type-aware + generic self-reference FK safe restore completed successfully.
[2026-07-14T16:24:45.801Z] node: 💾 Backup file: D:\alpha-tech\server\backups\alphatech_hardened_backup_v6_2026-07-14_2026-07-14T16-24-37-827Z.sql
[2026-07-14T16:24:45.802Z] node: 🧾 Manifest file: D:\alpha-tech\server\backups\alphatech_hardened_backup_v6_2026-07-14_2026-07-14T16-24-37-827Z.manifest.json
[2026-07-14T16:24:45.802Z] node: 📊 Tables exported: 70
[2026-07-14T16:24:45.803Z] node: 📦 Rows exported: 22283
[2026-07-14T16:24:45.803Z] node: 🔢 Sequences prepared: 67
[2026-07-14T16:24:45.803Z] node: 🔐 SHA256: 509285a62f6743b95e03f29f4828a458a86c90d093262418ff0dfe38743531a3
[2026-07-14T16:24:45.803Z] node: 📐 File size: 7.53 MB
[2026-07-14T16:24:45.803Z] node: ⏱️ Duration: 8.95 seconds
[2026-07-14T16:24:45.804Z] node: ✅ Verification: PASS (70 tables checked)
[2026-07-14T16:24:45.863Z] ▶️  Run: node recovery/upload/uploadBackup.js --manifest D:\alpha-tech\server\backups\alphatech_hardened_backup_v6_2026-07-14_2026-07-14T16-24-37-827Z.manifest.json
[2026-07-14T16:24:45.954Z] node: [2026-07-14T16:24:45.948Z] ============================================================
[2026-07-14T16:24:45.956Z] node: [2026-07-14T16:24:45.955Z] AlphaTech Recovery Upload ALPHATECH-RECOVERY-UPLOAD-V2-S3-COMPATIBLE
[2026-07-14T16:24:45.956Z] node: [2026-07-14T16:24:45.956Z] ============================================================
[2026-07-14T16:24:46.209Z] node stderr: (node:1432) Warning: NodeVersionSupportWarning: The AWS SDK for JavaScript (v3)
[2026-07-14T16:24:46.210Z] node stderr: versions published after the first week of January 2027
[2026-07-14T16:24:46.210Z] node stderr: will require node >=22. You are running node v20.19.0.
[2026-07-14T16:24:46.210Z] node stderr: To continue receiving updates to AWS services, bug fixes,
[2026-07-14T16:24:46.210Z] node stderr: and security updates please upgrade to node >=22.
[2026-07-14T16:24:46.210Z] node stderr: More information can be found at: https://a.co/c895JFp
[2026-07-14T16:24:46.211Z] node stderr: (Use `node --trace-warnings ...` to show where the warning was created)
[2026-07-14T16:24:49.009Z] node: [2026-07-14T16:24:49.008Z] JSON report: D:\alpha-tech\server\recovery\reports\upload-report-2026-07-14T16-24-48-996Z.json
[2026-07-14T16:24:49.009Z] node: [2026-07-14T16:24:49.008Z] TXT report: D:\alpha-tech\server\recovery\reports\upload-report-2026-07-14T16-24-48-996Z.txt
[2026-07-14T16:24:49.009Z] node: [2026-07-14T16:24:49.009Z] Overall: PASS
[2026-07-14T16:24:49.741Z] ------------------------------------------------------------
[2026-07-14T16:24:49.753Z] Target      : cloudflare-r2
[2026-07-14T16:24:49.755Z] Bucket      : saduaksabuy-recovery
[2026-07-14T16:24:49.758Z] Prefix      : alphatech-production/
[2026-07-14T16:24:49.758Z] Retention   : 7 day(s)
[2026-07-14T16:24:49.759Z] Mode        : APPLY
[2026-07-14T16:24:49.759Z] Scanned     : 90
[2026-07-14T16:24:49.759Z] Candidates  : 0
[2026-07-14T16:24:49.760Z] Deleted     : 0
[2026-07-14T16:24:49.760Z] Remaining   : 90
[2026-07-14T16:24:49.760Z] Failed      : 0
[2026-07-14T16:24:49.760Z] ▶️  Run: node recovery/retention/retentionPolicy.js --apply
[2026-07-14T16:24:49.851Z] node: [2026-07-14T16:24:49.845Z] ============================================================
[2026-07-14T16:24:49.854Z] node: [2026-07-14T16:24:49.853Z] 🧹 AlphaTech Recovery Retention ALPHATECH-RECOVERY-RETENTION-V1
[2026-07-14T16:24:49.854Z] node: [2026-07-14T16:24:49.854Z] ============================================================
[2026-07-14T16:24:49.854Z] node: [2026-07-14T16:24:49.854Z] Mode: APPLY
[2026-07-14T16:24:49.861Z] node: [2026-07-14T16:24:49.861Z] ------------------------------------------------------------
[2026-07-14T16:24:49.862Z] node: [2026-07-14T16:24:49.862Z] Target      : local-backups
[2026-07-14T16:24:49.862Z] node: [2026-07-14T16:24:49.862Z] Directory   : D:\alpha-tech\server\backups
[2026-07-14T16:24:49.863Z] node: [2026-07-14T16:24:49.862Z] Retention   : 3 day(s)
[2026-07-14T16:24:49.863Z] node: [2026-07-14T16:24:49.863Z] Scanned     : 36
[2026-07-14T16:24:49.864Z] node: [2026-07-14T16:24:49.863Z] Candidates  : 0
[2026-07-14T16:24:49.864Z] node: [2026-07-14T16:24:49.864Z] Deleted     : 0
[2026-07-14T16:24:49.864Z] node: [2026-07-14T16:24:49.864Z] Remaining   : 36
[2026-07-14T16:24:49.865Z] node: [2026-07-14T16:24:49.865Z] Failed      : 0
[2026-07-14T16:24:49.865Z] node: [2026-07-14T16:24:49.865Z] ------------------------------------------------------------
[2026-07-14T16:24:49.867Z] node: [2026-07-14T16:24:49.867Z] Target      : offsite-local-mirror
[2026-07-14T16:24:49.867Z] node: [2026-07-14T16:24:49.867Z] Directory   : D:\alpha-tech\server\recovery\offsite
[2026-07-14T16:24:49.868Z] node: [2026-07-14T16:24:49.867Z] Retention   : 7 day(s)
[2026-07-14T16:24:49.868Z] node: [2026-07-14T16:24:49.868Z] Scanned     : 0
[2026-07-14T16:24:49.869Z] node: [2026-07-14T16:24:49.868Z] Candidates  : 0
[2026-07-14T16:24:49.869Z] node: [2026-07-14T16:24:49.869Z] Deleted     : 0
[2026-07-14T16:24:49.870Z] node: [2026-07-14T16:24:49.869Z] Remaining   : 0
[2026-07-14T16:24:49.870Z] node: [2026-07-14T16:24:49.869Z] Failed      : 0
[2026-07-14T16:24:49.872Z] node: [2026-07-14T16:24:49.871Z] 🧾 JSON report: D:\alpha-tech\server\recovery\reports\retention-report-2026-07-14T16-24-49-869Z.json
[2026-07-14T16:24:49.873Z] node: [2026-07-14T16:24:49.872Z] 🧾 TXT report: D:\alpha-tech\server\recovery\reports\retention-report-2026-07-14T16-24-49-869Z.txt
[2026-07-14T16:24:49.875Z] node: [2026-07-14T16:24:49.872Z] ✅ Overall: PASS
[2026-07-14T16:24:49.884Z] ▶️  Run: node qbrs.js --manifest D:\alpha-tech\server\backups\alphatech_hardened_backup_v6_2026-07-14_2026-07-14T16-24-37-827Z.manifest.json --init --yes --reset-schema
[2026-07-14T16:24:50.053Z] node: [2026-07-14T16:24:50.050Z] ============================================================
[2026-07-14T16:24:50.055Z] node: [2026-07-14T16:24:50.054Z] 🚑 AlphaTech Restore Tool P1-HARDENED-RESTORE-V3-NODE-PG
[2026-07-14T16:24:50.055Z] node: [2026-07-14T16:24:50.054Z] ============================================================
[2026-07-14T16:24:50.090Z] node: [2026-07-14T16:24:50.089Z] ✅ Manifest loaded.
[2026-07-14T16:24:50.091Z] node: [2026-07-14T16:24:50.090Z] ✅ SQL file: D:\alpha-tech\server\backups\alphatech_hardened_backup_v6_2026-07-14_2026-07-14T16-24-37-827Z.sql
[2026-07-14T16:24:50.091Z] node: [2026-07-14T16:24:50.090Z] ✅ SHA256 verified: 509285a62f6743b95e03f29f4828a458a86c90d093262418ff0dfe38743531a3
[2026-07-14T16:24:50.092Z] node: [2026-07-14T16:24:50.091Z] 🎯 Target DB: postgresql://postgres:***@db.engqdeyzbvnmxbnpemau.supabase.co:5432/postgres
[2026-07-14T16:24:50.093Z] node: [2026-07-14T16:24:50.091Z] 🎯 Host: db.engqdeyzbvnmxbnpemau.supabase.co
[2026-07-14T16:24:50.093Z] node: [2026-07-14T16:24:50.092Z] 🎯 Port: 5432
[2026-07-14T16:24:50.094Z] node: [2026-07-14T16:24:50.092Z] 🎯 Database: postgres
[2026-07-14T16:24:50.094Z] node: [2026-07-14T16:24:50.093Z] 🎯 Schema: public
[2026-07-14T16:24:50.471Z] node: [2026-07-14T16:24:50.470Z] 🔌 Connected to target PostgreSQL successfully.
[2026-07-14T16:24:53.674Z] node: [2026-07-14T16:24:53.673Z] 📊 Existing tables: 70
[2026-07-14T16:24:53.675Z] node: [2026-07-14T16:24:53.673Z] 📦 Existing rows: 22280
[2026-07-14T16:24:53.675Z] node: [2026-07-14T16:24:53.674Z] 🔎 Product: 1709
[2026-07-14T16:24:53.675Z] node: [2026-07-14T16:24:53.674Z] 🔎 BranchPrice: 1707
[2026-07-14T16:24:53.675Z] node: [2026-07-14T16:24:53.674Z] 🔎 StockItem: 2445
[2026-07-14T16:24:53.676Z] node: [2026-07-14T16:24:53.674Z] 🔎 Sale: 12
[2026-07-14T16:24:53.676Z] node: [2026-07-14T16:24:53.674Z] 🔎 SaleItem: 27
[2026-07-14T16:24:53.676Z] node: [2026-07-14T16:24:53.674Z] 🔎 SaleItemSimple: 0
[2026-07-14T16:24:53.677Z] node: [2026-07-14T16:24:53.675Z] 🔎 Payment: 6
[2026-07-14T16:24:53.677Z] node: [2026-07-14T16:24:53.675Z] 🔎 PaymentItem: 6
[2026-07-14T16:24:53.934Z] node: [2026-07-14T16:24:53.933Z] 🧨 Resetting target schema "public" before restore...
[2026-07-14T16:24:53.934Z] node: [2026-07-14T16:24:53.933Z] 🛡️ This action is intended for Recovery / Standby DB only.
[2026-07-14T16:24:54.467Z] node: [2026-07-14T16:24:54.466Z] ✅ Schema "public" reset completed.
[2026-07-14T16:24:54.501Z] node: [2026-07-14T16:24:54.500Z] 🧱 Running Prisma db push against Recovery DB only...
[2026-07-14T16:24:54.501Z] node: [2026-07-14T16:24:54.500Z] 🛡️ DATABASE_URL is injected from RESTORE_DATABASE_URL/RECOVERY_DATABASE_URL for this process only.
[2026-07-14T16:24:58.674Z] node: [2026-07-14T16:24:58.673Z] npx stderr: Environment variables loaded from .env
[2026-07-14T16:24:58.675Z] node: [2026-07-14T16:24:58.674Z] npx: Prisma schema loaded from prisma\schema.prisma
[2026-07-14T16:24:58.686Z] node: [2026-07-14T16:24:58.684Z] npx: Datasource "db": PostgreSQL database "postgres", schema "public" at "db.engqdeyzbvnmxbnpemau.supabase.co:5432"
[2026-07-14T16:25:14.511Z] node: [2026-07-14T16:25:14.510Z] npx: Your database is now in sync with your Prisma schema. Done in 15.23s
[2026-07-14T16:25:14.513Z] node: [2026-07-14T16:25:14.512Z] npx: Running generate... (Use --skip-generate to skip the generators)
[2026-07-14T16:25:15.473Z] node: [2026-07-14T16:25:15.472Z] npx: [2K[1A[2K[GRunning generate... - Prisma Client
[2026-07-14T16:25:16.768Z] node: [2026-07-14T16:25:16.767Z] npx: [2K[1A[2K[G✔ Generated Prisma Client (v6.16.2) to .\node_modules\.prisma\client in 1.29s
[2026-07-14T16:25:16.824Z] node: [2026-07-14T16:25:16.823Z] ✅ Prisma db push completed for Recovery DB.
[2026-07-14T16:25:20.066Z] node: [2026-07-14T16:25:20.065Z] 📊 Existing tables: 70
[2026-07-14T16:25:20.067Z] node: [2026-07-14T16:25:20.066Z] 📦 Existing rows: 0
[2026-07-14T16:25:20.067Z] node: [2026-07-14T16:25:20.066Z] 🔎 Product: 0
[2026-07-14T16:25:20.067Z] node: [2026-07-14T16:25:20.066Z] 🔎 BranchPrice: 0
[2026-07-14T16:25:20.068Z] node: [2026-07-14T16:25:20.066Z] 🔎 StockItem: 0
[2026-07-14T16:25:20.068Z] node: [2026-07-14T16:25:20.066Z] 🔎 Sale: 0
[2026-07-14T16:25:20.068Z] node: [2026-07-14T16:25:20.066Z] 🔎 SaleItem: 0
[2026-07-14T16:25:20.068Z] node: [2026-07-14T16:25:20.067Z] 🔎 SaleItemSimple: 0
[2026-07-14T16:25:20.069Z] node: [2026-07-14T16:25:20.067Z] 🔎 Payment: 0
[2026-07-14T16:25:20.069Z] node: [2026-07-14T16:25:20.067Z] 🔎 PaymentItem: 0
[2026-07-14T16:25:20.166Z] node: [2026-07-14T16:25:20.165Z] 📖 SQL loaded into memory (7.53 MB).
[2026-07-14T16:25:20.166Z] node: [2026-07-14T16:25:20.165Z] 🚚 Starting SQL restore via Node.js pg client...
[2026-07-14T16:25:23.773Z] node: [2026-07-14T16:25:23.771Z] ✅ SQL restore completed via Node.js pg client.
[2026-07-14T16:25:26.703Z] node: [2026-07-14T16:25:26.701Z] ✅ Restore verification PASS (70 tables checked).
[2026-07-14T16:25:26.703Z] node: [2026-07-14T16:25:26.702Z] 🎉 Restore completed successfully in 36.65 seconds.
[2026-07-14T16:25:26.717Z] ▶️  Run: node recovery/verify/qbv.js
[2026-07-14T16:25:26.869Z] node: [2026-07-14T16:25:26.862Z] ============================================================
[2026-07-14T16:25:26.871Z] node: [2026-07-14T16:25:26.865Z] 🔎 AlphaTech Integrity Verification ALPHATECH-RECOVERY-VERIFY-V1
[2026-07-14T16:25:26.872Z] node: [2026-07-14T16:25:26.866Z] ============================================================
[2026-07-14T16:25:26.872Z] node: [2026-07-14T16:25:26.866Z] Collecting Production snapshot...
[2026-07-14T16:25:38.580Z] node: [2026-07-14T16:25:38.574Z] Collecting Recovery snapshot...
[2026-07-14T16:25:49.906Z] node: [2026-07-14T16:25:49.901Z] Comparing snapshots...
[2026-07-14T16:25:49.921Z] node: [2026-07-14T16:25:49.916Z] 🧾 JSON report: D:\alpha-tech\server\recovery\reports\verification-report_2026-07-14T16-25-49-905Z.json
[2026-07-14T16:25:49.921Z] node: [2026-07-14T16:25:49.916Z] 🧾 TXT report: D:\alpha-tech\server\recovery\reports\verification-report_2026-07-14T16-25-49-905Z.txt
[2026-07-14T16:25:49.922Z] node: [2026-07-14T16:25:49.916Z] ✅ Overall: PASS
[2026-07-14T16:25:49.938Z] 🧾 Job manifest: D:\alpha-tech\server\recovery\jobs\job-2026-07-14T16-24-32-720Z.json
[2026-07-14T16:25:49.938Z] ✅ Job result: PASS exitCode=0
