[2026-07-07T19:39:48.291Z] ============================================================
[2026-07-07T19:39:48.299Z] 🧭 AlphaTech Recovery Retention Workflow ALPHATECH-RECOVERY-JOB-RUNNER-V7-R2-RETENTION
[2026-07-07T19:39:48.299Z] ============================================================
[2026-07-07T19:39:48.300Z] Mode: backup-workflow
[2026-07-07T19:39:48.302Z] ▶️  Run: node recovery/health/healthCheck.js
[2026-07-07T19:39:48.527Z] node: [2026-07-07T19:39:48.525Z] ============================================================
[2026-07-07T19:39:48.529Z] node: [2026-07-07T19:39:48.529Z] 🩺 AlphaTech Recovery Health Check ALPHATECH-RECOVERY-HEALTH-CHECK-V1
[2026-07-07T19:39:48.531Z] node: [2026-07-07T19:39:48.531Z] ============================================================
[2026-07-07T19:39:49.425Z] node: [2026-07-07T19:39:49.425Z] 🧾 JSON report: D:\alpha-tech\server\recovery\reports\health-check-2026-07-07T19-39-49-424Z.json
[2026-07-07T19:39:49.426Z] node: [2026-07-07T19:39:49.426Z] 🧾 TXT report: D:\alpha-tech\server\recovery\reports\health-check-2026-07-07T19-39-49-424Z.txt
[2026-07-07T19:39:49.426Z] node: [2026-07-07T19:39:49.426Z] ✅ Overall: PASS
[2026-07-07T19:39:49.440Z] ▶️  Run: node qb.js
[2026-07-07T19:39:49.913Z] node: 🔌 Connected to PostgreSQL successfully.
[2026-07-07T19:39:49.922Z] node: ⏳ Starting P1 Hardened Backup v6 Type-aware + generic self-reference FK safe restore...
[2026-07-07T19:39:53.561Z] node: 📦 Exporting table: Bank
[2026-07-07T19:39:53.601Z] node: 📦 Exporting table: Brand
[2026-07-07T19:39:53.647Z] node: 📦 Exporting table: Category
[2026-07-07T19:39:53.685Z] node: 📦 Exporting table: GlobalProductType
[2026-07-07T19:39:53.723Z] node: 📦 Exporting table: Position
[2026-07-07T19:39:53.762Z] node: 📦 Exporting table: Province
[2026-07-07T19:39:53.801Z] node: 📦 Exporting table: District
[2026-07-07T19:39:53.856Z] node: 📦 Exporting table: Subdistrict
[2026-07-07T19:39:54.057Z] node: 📦 Exporting table: Branch
[2026-07-07T19:39:54.097Z] node: 📦 Exporting table: BarcodeCounter
[2026-07-07T19:39:54.135Z] node: 📦 Exporting table: PaymentCodeCounter
[2026-07-07T19:39:54.173Z] node: 📦 Exporting table: ProductType
[2026-07-07T19:39:54.214Z] node: 📦 Exporting table: ProductTypeBrand
[2026-07-07T19:39:54.254Z] node: 📦 Exporting table: Supplier
[2026-07-07T19:39:54.293Z] node: 📦 Exporting table: Unit
[2026-07-07T19:39:54.330Z] node: 📦 Exporting table: Product
[2026-07-07T19:39:54.408Z] node: 📦 Exporting table: BranchPrice
[2026-07-07T19:39:54.469Z] node: 📦 Exporting table: ProductImage
[2026-07-07T19:39:54.506Z] node: 📦 Exporting table: StockBalance
[2026-07-07T19:39:54.547Z] node: 📦 Exporting table: User
[2026-07-07T19:39:54.591Z] node: 📦 Exporting table: CustomerProfile
[2026-07-07T19:39:54.636Z] node: 📦 Exporting table: Cart
[2026-07-07T19:39:54.675Z] node: 📦 Exporting table: CartItem
[2026-07-07T19:39:54.713Z] node: 📦 Exporting table: EmployeeProfile
[2026-07-07T19:39:54.752Z] node: 📦 Exporting table: CombinedBillingDocument
[2026-07-07T19:39:54.789Z] node: 📦 Exporting table: CombinedSaleDocument
[2026-07-07T19:39:54.827Z] node: 📦 Exporting table: CustomerDeposit
[2026-07-07T19:39:54.865Z] node: 📦 Exporting table: CustomerReceipts
[2026-07-07T19:39:54.903Z] node: 📦 Exporting table: InputTaxFilingBatch
[2026-07-07T19:39:54.941Z] node: 📦 Exporting table: Order
[2026-07-07T19:39:54.978Z] node: 📦 Exporting table: OrderOnline
[2026-07-07T19:39:55.016Z] node: 📦 Exporting table: OrderOnlineItem
[2026-07-07T19:39:55.054Z] node: 📦 Exporting table: PasswordResetToken
[2026-07-07T19:39:55.092Z] node: 📦 Exporting table: ProductOnOrder
[2026-07-07T19:39:55.130Z] node: 📦 Exporting table: PurchaseOrder
[2026-07-07T19:39:55.167Z] node: 📦 Exporting table: PurchaseOrderItem
[2026-07-07T19:39:55.205Z] node: 📦 Exporting table: PurchaseOrderReceipt
[2026-07-07T19:39:55.243Z] node: 📦 Exporting table: InputTaxFilingItem
[2026-07-07T19:39:55.281Z] node: 📦 Exporting table: PurchaseOrderReceiptItem
[2026-07-07T19:39:55.318Z] node: 📦 Exporting table: RefreshToken
[2026-07-07T19:39:55.523Z] node: 📦 Exporting table: Sale
[2026-07-07T19:39:55.562Z] node: 📦 Exporting table: CustomerReceiptAllocations
[2026-07-07T19:39:55.600Z] node: 📦 Exporting table: Payment
[2026-07-07T19:39:55.637Z] node: 📦 Exporting table: DepositUsage
[2026-07-07T19:39:55.675Z] node: 📦 Exporting table: PaymentItem
[2026-07-07T19:39:55.713Z] node: 📦 Exporting table: SaleReturn
[2026-07-07T19:39:55.751Z] node: 📦 Exporting table: RefundTransaction
[2026-07-07T19:39:55.789Z] node: 📦 Exporting table: SalesTaxFilingBatch
[2026-07-07T19:39:55.827Z] node: 📦 Exporting table: SalesTaxFilingItem
[2026-07-07T19:39:55.864Z] node: 📦 Exporting table: ServiceOrder
[2026-07-07T19:39:55.902Z] node: 📦 Exporting table: ServiceItem
[2026-07-07T19:39:55.940Z] node: 📦 Exporting table: SimpleLot
[2026-07-07T19:39:55.978Z] node: 📦 Exporting table: SaleItemSimple
[2026-07-07T19:39:56.016Z] node: 📦 Exporting table: SaleReturnItemSimple
[2026-07-07T19:39:56.054Z] node: 📦 Exporting table: StockAuditSession
[2026-07-07T19:39:56.091Z] node: 📦 Exporting table: StockItem
[2026-07-07T19:39:56.154Z] node: 📦 Exporting table: BarcodeReceiptItem
[2026-07-07T19:39:56.191Z] node: 📦 Exporting table: RepairJob
[2026-07-07T19:39:56.229Z] node: 📦 Exporting table: RepairPartItem
[2026-07-07T19:39:56.267Z] node: 📦 Exporting table: SaleItem
[2026-07-07T19:39:56.304Z] node: 📦 Exporting table: SaleReturnItem
[2026-07-07T19:39:56.342Z] node: 📦 Exporting table: StockAuditScanLog
[2026-07-07T19:39:56.379Z] node: 📦 Exporting table: StockAuditSnapshotItem
[2026-07-07T19:39:56.417Z] node: 📦 Exporting table: StockMovement
[2026-07-07T19:39:56.457Z] node: 📦 Exporting table: SupplierPayment
[2026-07-07T19:39:56.495Z] node: 📦 Exporting table: SupplierPaymentReceipt
[2026-07-07T19:39:56.532Z] node: 📦 Exporting table: V2CustomerDeposit
[2026-07-07T19:39:56.570Z] node: 📦 Exporting table: V2StockAudit
[2026-07-07T19:39:56.607Z] node: 📦 Exporting table: V2StockAuditItem
[2026-07-07T19:39:56.645Z] node: 📦 Exporting table: WarrantyClaim
[2026-07-07T19:39:59.351Z] node: 🎉 P1 Hardened Backup v6 Type-aware + generic self-reference FK safe restore completed successfully.
[2026-07-07T19:39:59.352Z] node: 💾 Backup file: D:\alpha-tech\server\backups\alphatech_hardened_backup_v6_2026-07-07_2026-07-07T19-39-53-481Z.sql
[2026-07-07T19:39:59.353Z] node: 🧾 Manifest file: D:\alpha-tech\server\backups\alphatech_hardened_backup_v6_2026-07-07_2026-07-07T19-39-53-481Z.manifest.json
[2026-07-07T19:39:59.353Z] node: 📊 Tables exported: 70
[2026-07-07T19:39:59.353Z] node: 📦 Rows exported: 15356
[2026-07-07T19:39:59.354Z] node: 🔢 Sequences prepared: 67
[2026-07-07T19:39:59.354Z] node: 🔐 SHA256: e68ec3d0f4f697986d25911bdfbf7a6ddeb3bdacb9c3545a886ac9c7abb7b4f8
[2026-07-07T19:39:59.354Z] node: 📐 File size: 4.52 MB
[2026-07-07T19:39:59.355Z] node: ⏱️ Duration: 7.11 seconds
[2026-07-07T19:39:59.355Z] node: ✅ Verification: PASS (70 tables checked)
[2026-07-07T19:39:59.415Z] ▶️  Run: node recovery/upload/uploadBackup.js --manifest D:\alpha-tech\server\backups\alphatech_hardened_backup_v6_2026-07-07_2026-07-07T19-39-53-481Z.manifest.json
[2026-07-07T19:39:59.506Z] node: [2026-07-07T19:39:59.501Z] ============================================================
[2026-07-07T19:39:59.508Z] node: [2026-07-07T19:39:59.508Z] AlphaTech Recovery Upload ALPHATECH-RECOVERY-UPLOAD-V2-S3-COMPATIBLE
[2026-07-07T19:39:59.508Z] node: [2026-07-07T19:39:59.508Z] ============================================================
[2026-07-07T19:39:59.727Z] node stderr: (node:4740) Warning: NodeVersionSupportWarning: The AWS SDK for JavaScript (v3)
[2026-07-07T19:39:59.728Z] node stderr: versions published after the first week of January 2027
[2026-07-07T19:39:59.729Z] node stderr: will require node >=22. You are running node v20.19.0.
[2026-07-07T19:39:59.729Z] node stderr: To continue receiving updates to AWS services, bug fixes,
[2026-07-07T19:39:59.729Z] node stderr: and security updates please upgrade to node >=22.
[2026-07-07T19:39:59.729Z] node stderr: More information can be found at: https://a.co/c895JFp
[2026-07-07T19:39:59.730Z] node stderr: (Use `node --trace-warnings ...` to show where the warning was created)
[2026-07-07T19:40:01.421Z] node: [2026-07-07T19:40:01.421Z] JSON report: D:\alpha-tech\server\recovery\reports\upload-report-2026-07-07T19-40-01-419Z.json
[2026-07-07T19:40:01.422Z] node: [2026-07-07T19:40:01.422Z] TXT report: D:\alpha-tech\server\recovery\reports\upload-report-2026-07-07T19-40-01-419Z.txt
[2026-07-07T19:40:01.423Z] node: [2026-07-07T19:40:01.422Z] Overall: PASS
[2026-07-07T19:40:01.885Z] ------------------------------------------------------------
[2026-07-07T19:40:01.885Z] Target      : cloudflare-r2
[2026-07-07T19:40:01.889Z] Bucket      : saduaksabuy-recovery
[2026-07-07T19:40:01.891Z] Prefix      : alphatech-production/
[2026-07-07T19:40:01.891Z] Retention   : 7 day(s)
[2026-07-07T19:40:01.892Z] Mode        : APPLY
[2026-07-07T19:40:01.892Z] Scanned     : 20
[2026-07-07T19:40:01.893Z] Candidates  : 0
[2026-07-07T19:40:01.893Z] Deleted     : 0
[2026-07-07T19:40:01.894Z] Remaining   : 20
[2026-07-07T19:40:01.894Z] Failed      : 0
[2026-07-07T19:40:01.894Z] ▶️  Run: node recovery/retention/retentionPolicy.js --apply
[2026-07-07T19:40:01.992Z] node: [2026-07-07T19:40:01.986Z] ============================================================
[2026-07-07T19:40:01.995Z] node: [2026-07-07T19:40:01.995Z] 🧹 AlphaTech Recovery Retention ALPHATECH-RECOVERY-RETENTION-V1
[2026-07-07T19:40:01.996Z] node: [2026-07-07T19:40:01.996Z] ============================================================
[2026-07-07T19:40:01.996Z] node: [2026-07-07T19:40:01.997Z] Mode: APPLY
[2026-07-07T19:40:02.008Z] node: [2026-07-07T19:40:02.009Z] ------------------------------------------------------------
[2026-07-07T19:40:02.008Z] node: [2026-07-07T19:40:02.009Z] Target      : local-backups
[2026-07-07T19:40:02.009Z] node: [2026-07-07T19:40:02.009Z] Directory   : D:\alpha-tech\server\backups
[2026-07-07T19:40:02.009Z] node: [2026-07-07T19:40:02.010Z] Retention   : 3 day(s)
[2026-07-07T19:40:02.010Z] node: [2026-07-07T19:40:02.010Z] Scanned     : 36
[2026-07-07T19:40:02.012Z] node: [2026-07-07T19:40:02.012Z] Candidates  : 0
[2026-07-07T19:40:02.012Z] node: [2026-07-07T19:40:02.012Z] Deleted     : 0
[2026-07-07T19:40:02.013Z] node: [2026-07-07T19:40:02.012Z] Remaining   : 36
[2026-07-07T19:40:02.013Z] node: [2026-07-07T19:40:02.012Z] Failed      : 0
[2026-07-07T19:40:02.014Z] node: [2026-07-07T19:40:02.013Z] ------------------------------------------------------------
[2026-07-07T19:40:02.015Z] node: [2026-07-07T19:40:02.015Z] Target      : offsite-local-mirror
[2026-07-07T19:40:02.015Z] node: [2026-07-07T19:40:02.016Z] Directory   : D:\alpha-tech\server\recovery\offsite
[2026-07-07T19:40:02.016Z] node: [2026-07-07T19:40:02.017Z] Retention   : 7 day(s)
[2026-07-07T19:40:02.016Z] node: [2026-07-07T19:40:02.017Z] Scanned     : 12
[2026-07-07T19:40:02.017Z] node: [2026-07-07T19:40:02.018Z] Candidates  : 0
[2026-07-07T19:40:02.017Z] node: [2026-07-07T19:40:02.018Z] Deleted     : 0
[2026-07-07T19:40:02.017Z] node: [2026-07-07T19:40:02.018Z] Remaining   : 12
[2026-07-07T19:40:02.018Z] node: [2026-07-07T19:40:02.019Z] Failed      : 0
[2026-07-07T19:40:02.020Z] node: [2026-07-07T19:40:02.020Z] 🧾 JSON report: D:\alpha-tech\server\recovery\reports\retention-report-2026-07-07T19-40-02-019Z.json
[2026-07-07T19:40:02.021Z] node: [2026-07-07T19:40:02.021Z] 🧾 TXT report: D:\alpha-tech\server\recovery\reports\retention-report-2026-07-07T19-40-02-019Z.txt
[2026-07-07T19:40:02.022Z] node: [2026-07-07T19:40:02.021Z] ✅ Overall: PASS
[2026-07-07T19:40:02.032Z] ▶️  Run: node qbrs.js --manifest D:\alpha-tech\server\backups\alphatech_hardened_backup_v6_2026-07-07_2026-07-07T19-39-53-481Z.manifest.json --init --yes --reset-schema
[2026-07-07T19:40:02.243Z] node: [2026-07-07T19:40:02.241Z] ============================================================
[2026-07-07T19:40:02.258Z] node: [2026-07-07T19:40:02.258Z] 🚑 AlphaTech Restore Tool P1-HARDENED-RESTORE-V3-NODE-PG
[2026-07-07T19:40:02.260Z] node: [2026-07-07T19:40:02.259Z] ============================================================
[2026-07-07T19:40:02.283Z] node: [2026-07-07T19:40:02.283Z] ✅ Manifest loaded.
[2026-07-07T19:40:02.284Z] node: [2026-07-07T19:40:02.283Z] ✅ SQL file: D:\alpha-tech\server\backups\alphatech_hardened_backup_v6_2026-07-07_2026-07-07T19-39-53-481Z.sql
[2026-07-07T19:40:02.284Z] node: [2026-07-07T19:40:02.284Z] ✅ SHA256 verified: e68ec3d0f4f697986d25911bdfbf7a6ddeb3bdacb9c3545a886ac9c7abb7b4f8
[2026-07-07T19:40:02.286Z] node: [2026-07-07T19:40:02.286Z] 🎯 Target DB: postgresql://postgres:***@db.engqdeyzbvnmxbnpemau.supabase.co:5432/postgres
[2026-07-07T19:40:02.287Z] node: [2026-07-07T19:40:02.286Z] 🎯 Host: db.engqdeyzbvnmxbnpemau.supabase.co
[2026-07-07T19:40:02.288Z] node: [2026-07-07T19:40:02.288Z] 🎯 Port: 5432
[2026-07-07T19:40:02.288Z] node: [2026-07-07T19:40:02.288Z] 🎯 Database: postgres
[2026-07-07T19:40:02.289Z] node: [2026-07-07T19:40:02.289Z] 🎯 Schema: public
[2026-07-07T19:40:02.659Z] node: [2026-07-07T19:40:02.659Z] 🔌 Connected to target PostgreSQL successfully.
[2026-07-07T19:40:05.836Z] node: [2026-07-07T19:40:05.836Z] 📊 Existing tables: 70
[2026-07-07T19:40:05.837Z] node: [2026-07-07T19:40:05.837Z] 📦 Existing rows: 15356
[2026-07-07T19:40:05.838Z] node: [2026-07-07T19:40:05.837Z] 🔎 Product: 927
[2026-07-07T19:40:05.838Z] node: [2026-07-07T19:40:05.837Z] 🔎 BranchPrice: 925
[2026-07-07T19:40:05.839Z] node: [2026-07-07T19:40:05.838Z] 🔎 StockItem: 528
[2026-07-07T19:40:05.839Z] node: [2026-07-07T19:40:05.838Z] 🔎 Sale: 1
[2026-07-07T19:40:05.840Z] node: [2026-07-07T19:40:05.838Z] 🔎 SaleItem: 1
[2026-07-07T19:40:05.840Z] node: [2026-07-07T19:40:05.838Z] 🔎 SaleItemSimple: 0
[2026-07-07T19:40:05.841Z] node: [2026-07-07T19:40:05.838Z] 🔎 Payment: 1
[2026-07-07T19:40:05.841Z] node: [2026-07-07T19:40:05.839Z] 🔎 PaymentItem: 1
[2026-07-07T19:40:06.095Z] node: [2026-07-07T19:40:06.095Z] 🧨 Resetting target schema "public" before restore...
[2026-07-07T19:40:06.095Z] node: [2026-07-07T19:40:06.095Z] 🛡️ This action is intended for Recovery / Standby DB only.
[2026-07-07T19:40:06.590Z] node: [2026-07-07T19:40:06.590Z] ✅ Schema "public" reset completed.
[2026-07-07T19:40:06.626Z] node: [2026-07-07T19:40:06.626Z] 🧱 Running Prisma db push against Recovery DB only...
[2026-07-07T19:40:06.626Z] node: [2026-07-07T19:40:06.626Z] 🛡️ DATABASE_URL is injected from RESTORE_DATABASE_URL/RECOVERY_DATABASE_URL for this process only.
[2026-07-07T19:40:10.517Z] node: [2026-07-07T19:40:10.517Z] npx stderr: Environment variables loaded from .env
[2026-07-07T19:40:10.519Z] node: [2026-07-07T19:40:10.519Z] npx: Prisma schema loaded from prisma\schema.prisma
[2026-07-07T19:40:10.529Z] node: [2026-07-07T19:40:10.529Z] npx: Datasource "db": PostgreSQL database "postgres", schema "public" at "db.engqdeyzbvnmxbnpemau.supabase.co:5432"
[2026-07-07T19:40:26.167Z] node: [2026-07-07T19:40:26.168Z] npx: Your database is now in sync with your Prisma schema. Done in 15.06s
[2026-07-07T19:40:26.170Z] node: [2026-07-07T19:40:26.170Z] npx: Running generate... (Use --skip-generate to skip the generators)
[2026-07-07T19:40:27.066Z] node: [2026-07-07T19:40:27.066Z] npx: [2K[1A[2K[GRunning generate... - Prisma Client
[2026-07-07T19:40:28.260Z] node: [2026-07-07T19:40:28.260Z] npx: [2K[1A[2K[G✔ Generated Prisma Client (v6.16.2) to .\node_modules\.prisma\client in 1.19s
[2026-07-07T19:40:28.315Z] node: [2026-07-07T19:40:28.316Z] ✅ Prisma db push completed for Recovery DB.
[2026-07-07T19:40:31.508Z] node: [2026-07-07T19:40:31.508Z] 📊 Existing tables: 70
[2026-07-07T19:40:31.508Z] node: [2026-07-07T19:40:31.508Z] 📦 Existing rows: 0
[2026-07-07T19:40:31.509Z] node: [2026-07-07T19:40:31.508Z] 🔎 Product: 0
[2026-07-07T19:40:31.509Z] node: [2026-07-07T19:40:31.508Z] 🔎 BranchPrice: 0
[2026-07-07T19:40:31.510Z] node: [2026-07-07T19:40:31.508Z] 🔎 StockItem: 0
[2026-07-07T19:40:31.510Z] node: [2026-07-07T19:40:31.509Z] 🔎 Sale: 0
[2026-07-07T19:40:31.510Z] node: [2026-07-07T19:40:31.509Z] 🔎 SaleItem: 0
[2026-07-07T19:40:31.511Z] node: [2026-07-07T19:40:31.509Z] 🔎 SaleItemSimple: 0
[2026-07-07T19:40:31.511Z] node: [2026-07-07T19:40:31.509Z] 🔎 Payment: 0
[2026-07-07T19:40:31.511Z] node: [2026-07-07T19:40:31.509Z] 🔎 PaymentItem: 0
[2026-07-07T19:40:31.558Z] node: [2026-07-07T19:40:31.558Z] 📖 SQL loaded into memory (4.52 MB).
[2026-07-07T19:40:31.559Z] node: [2026-07-07T19:40:31.559Z] 🚚 Starting SQL restore via Node.js pg client...
[2026-07-07T19:40:33.950Z] node: [2026-07-07T19:40:33.950Z] ✅ SQL restore completed via Node.js pg client.
[2026-07-07T19:40:36.908Z] node: [2026-07-07T19:40:36.908Z] ✅ Restore verification PASS (70 tables checked).
[2026-07-07T19:40:36.908Z] node: [2026-07-07T19:40:36.908Z] 🎉 Restore completed successfully in 34.67 seconds.
[2026-07-07T19:40:36.921Z] ▶️  Run: node recovery/verify/qbv.js
[2026-07-07T19:40:37.080Z] node: [2026-07-07T19:40:37.079Z] ============================================================
[2026-07-07T19:40:37.082Z] node: [2026-07-07T19:40:37.082Z] 🔎 AlphaTech Integrity Verification ALPHATECH-RECOVERY-VERIFY-V1
[2026-07-07T19:40:37.083Z] node: [2026-07-07T19:40:37.083Z] ============================================================
[2026-07-07T19:40:37.083Z] node: [2026-07-07T19:40:37.083Z] Collecting Production snapshot...
[2026-07-07T19:40:48.439Z] node: [2026-07-07T19:40:48.438Z] Collecting Recovery snapshot...
[2026-07-07T19:41:00.130Z] node: [2026-07-07T19:41:00.129Z] Comparing snapshots...
[2026-07-07T19:41:00.144Z] node: [2026-07-07T19:41:00.143Z] 🧾 JSON report: D:\alpha-tech\server\recovery\reports\verification-report_2026-07-07T19-41-00-132Z.json
[2026-07-07T19:41:00.145Z] node: [2026-07-07T19:41:00.144Z] 🧾 TXT report: D:\alpha-tech\server\recovery\reports\verification-report_2026-07-07T19-41-00-132Z.txt
[2026-07-07T19:41:00.145Z] node: [2026-07-07T19:41:00.144Z] ✅ Overall: PASS
[2026-07-07T19:41:00.159Z] 🧾 Job manifest: D:\alpha-tech\server\recovery\jobs\job-2026-07-07T19-39-48-287Z.json
[2026-07-07T19:41:00.159Z] ✅ Job result: PASS exitCode=0
