[2026-07-17T19:39:48.696Z] ============================================================
[2026-07-17T19:39:48.705Z] 🧭 AlphaTech Recovery Retention Workflow ALPHATECH-RECOVERY-JOB-RUNNER-V7-R2-RETENTION
[2026-07-17T19:39:48.705Z] ============================================================
[2026-07-17T19:39:48.705Z] Mode: backup-workflow
[2026-07-17T19:39:48.706Z] ▶️  Run: node recovery/health/healthCheck.js
[2026-07-17T19:39:48.906Z] node: [2026-07-17T19:39:48.903Z] ============================================================
[2026-07-17T19:39:48.907Z] node: [2026-07-17T19:39:48.907Z] 🩺 AlphaTech Recovery Health Check ALPHATECH-RECOVERY-HEALTH-CHECK-V1
[2026-07-17T19:39:48.908Z] node: [2026-07-17T19:39:48.907Z] ============================================================
[2026-07-17T19:39:49.785Z] node: [2026-07-17T19:39:49.784Z] 🧾 JSON report: D:\alpha-tech\server\recovery\reports\health-check-2026-07-17T19-39-49-781Z.json
[2026-07-17T19:39:49.786Z] node: [2026-07-17T19:39:49.785Z] 🧾 TXT report: D:\alpha-tech\server\recovery\reports\health-check-2026-07-17T19-39-49-781Z.txt
[2026-07-17T19:39:49.786Z] node: [2026-07-17T19:39:49.785Z] ✅ Overall: PASS
[2026-07-17T19:39:49.799Z] ▶️  Run: node qb.js
[2026-07-17T19:39:50.272Z] node: 🔌 Connected to PostgreSQL successfully.
[2026-07-17T19:39:50.282Z] node: ⏳ Starting P1 Hardened Backup v6 Type-aware + generic self-reference FK safe restore...
[2026-07-17T19:39:53.646Z] node: 📦 Exporting table: Bank
[2026-07-17T19:39:53.684Z] node: 📦 Exporting table: Brand
[2026-07-17T19:39:53.728Z] node: 📦 Exporting table: Category
[2026-07-17T19:39:53.764Z] node: 📦 Exporting table: GlobalProductType
[2026-07-17T19:39:53.800Z] node: 📦 Exporting table: Position
[2026-07-17T19:39:53.836Z] node: 📦 Exporting table: Province
[2026-07-17T19:39:53.873Z] node: 📦 Exporting table: District
[2026-07-17T19:39:53.930Z] node: 📦 Exporting table: Subdistrict
[2026-07-17T19:39:54.125Z] node: 📦 Exporting table: Branch
[2026-07-17T19:39:54.161Z] node: 📦 Exporting table: BarcodeCounter
[2026-07-17T19:39:54.197Z] node: 📦 Exporting table: PaymentCodeCounter
[2026-07-17T19:39:54.233Z] node: 📦 Exporting table: ProductType
[2026-07-17T19:39:54.274Z] node: 📦 Exporting table: ProductTypeBrand
[2026-07-17T19:39:54.317Z] node: 📦 Exporting table: Supplier
[2026-07-17T19:39:54.354Z] node: 📦 Exporting table: Unit
[2026-07-17T19:39:54.391Z] node: 📦 Exporting table: Product
[2026-07-17T19:39:54.524Z] node: 📦 Exporting table: BranchPrice
[2026-07-17T19:39:54.617Z] node: 📦 Exporting table: ProductImage
[2026-07-17T19:39:54.653Z] node: 📦 Exporting table: StockBalance
[2026-07-17T19:39:54.725Z] node: 📦 Exporting table: User
[2026-07-17T19:39:54.767Z] node: 📦 Exporting table: CustomerProfile
[2026-07-17T19:39:54.810Z] node: 📦 Exporting table: Cart
[2026-07-17T19:39:54.846Z] node: 📦 Exporting table: CartItem
[2026-07-17T19:39:54.882Z] node: 📦 Exporting table: EmployeeProfile
[2026-07-17T19:39:54.918Z] node: 📦 Exporting table: CombinedBillingDocument
[2026-07-17T19:39:54.954Z] node: 📦 Exporting table: CombinedSaleDocument
[2026-07-17T19:39:54.989Z] node: 📦 Exporting table: CustomerDeposit
[2026-07-17T19:39:55.025Z] node: 📦 Exporting table: CustomerReceipts
[2026-07-17T19:39:55.061Z] node: 📦 Exporting table: InputTaxFilingBatch
[2026-07-17T19:39:55.096Z] node: 📦 Exporting table: Order
[2026-07-17T19:39:55.132Z] node: 📦 Exporting table: OrderOnline
[2026-07-17T19:39:55.168Z] node: 📦 Exporting table: OrderOnlineItem
[2026-07-17T19:39:55.204Z] node: 📦 Exporting table: PasswordResetToken
[2026-07-17T19:39:55.240Z] node: 📦 Exporting table: ProductOnOrder
[2026-07-17T19:39:55.276Z] node: 📦 Exporting table: PurchaseOrder
[2026-07-17T19:39:55.313Z] node: 📦 Exporting table: PurchaseOrderItem
[2026-07-17T19:39:55.352Z] node: 📦 Exporting table: PurchaseOrderReceipt
[2026-07-17T19:39:55.391Z] node: 📦 Exporting table: InputTaxFilingItem
[2026-07-17T19:39:55.426Z] node: 📦 Exporting table: PurchaseOrderReceiptItem
[2026-07-17T19:39:55.464Z] node: 📦 Exporting table: RefreshToken
[2026-07-17T19:39:55.664Z] node: 📦 Exporting table: Sale
[2026-07-17T19:39:55.702Z] node: 📦 Exporting table: CustomerReceiptAllocations
[2026-07-17T19:39:55.738Z] node: 📦 Exporting table: Payment
[2026-07-17T19:39:55.774Z] node: 📦 Exporting table: DepositUsage
[2026-07-17T19:39:55.810Z] node: 📦 Exporting table: PaymentItem
[2026-07-17T19:39:55.845Z] node: 📦 Exporting table: SaleReturn
[2026-07-17T19:39:55.881Z] node: 📦 Exporting table: RefundTransaction
[2026-07-17T19:39:55.917Z] node: 📦 Exporting table: SalesTaxFilingBatch
[2026-07-17T19:39:55.953Z] node: 📦 Exporting table: SalesTaxFilingItem
[2026-07-17T19:39:55.989Z] node: 📦 Exporting table: ServiceOrder
[2026-07-17T19:39:56.025Z] node: 📦 Exporting table: ServiceItem
[2026-07-17T19:39:56.060Z] node: 📦 Exporting table: SimpleLot
[2026-07-17T19:39:56.096Z] node: 📦 Exporting table: SaleItemSimple
[2026-07-17T19:39:56.132Z] node: 📦 Exporting table: SaleReturnItemSimple
[2026-07-17T19:39:56.167Z] node: 📦 Exporting table: StockAuditSession
[2026-07-17T19:39:56.203Z] node: 📦 Exporting table: StockItem
[2026-07-17T19:39:56.403Z] node: 📦 Exporting table: BarcodeReceiptItem
[2026-07-17T19:39:56.459Z] node: 📦 Exporting table: RepairJob
[2026-07-17T19:39:56.496Z] node: 📦 Exporting table: RepairPartItem
[2026-07-17T19:39:56.531Z] node: 📦 Exporting table: SaleItem
[2026-07-17T19:39:56.570Z] node: 📦 Exporting table: SaleReturnItem
[2026-07-17T19:39:56.605Z] node: 📦 Exporting table: StockAuditScanLog
[2026-07-17T19:39:56.641Z] node: 📦 Exporting table: StockAuditSnapshotItem
[2026-07-17T19:39:56.693Z] node: 📦 Exporting table: StockMovement
[2026-07-17T19:39:56.753Z] node: 📦 Exporting table: SupplierPayment
[2026-07-17T19:39:56.789Z] node: 📦 Exporting table: SupplierPaymentReceipt
[2026-07-17T19:39:56.825Z] node: 📦 Exporting table: V2CustomerDeposit
[2026-07-17T19:39:56.861Z] node: 📦 Exporting table: V2StockAudit
[2026-07-17T19:39:56.897Z] node: 📦 Exporting table: V2StockAuditItem
[2026-07-17T19:39:56.933Z] node: 📦 Exporting table: WarrantyClaim
[2026-07-17T19:39:59.551Z] node: 🎉 P1 Hardened Backup v6 Type-aware + generic self-reference FK safe restore completed successfully.
[2026-07-17T19:39:59.559Z] node: 💾 Backup file: D:\alpha-tech\server\backups\alphatech_hardened_backup_v6_2026-07-17_2026-07-17T19-39-53-561Z.sql
[2026-07-17T19:39:59.560Z] node: 🧾 Manifest file: D:\alpha-tech\server\backups\alphatech_hardened_backup_v6_2026-07-17_2026-07-17T19-39-53-561Z.manifest.json
[2026-07-17T19:39:59.561Z] node: 📊 Tables exported: 70
[2026-07-17T19:39:59.570Z] node: 📦 Rows exported: 24709
[2026-07-17T19:39:59.572Z] node: 🔢 Sequences prepared: 67
[2026-07-17T19:39:59.573Z] node: 🔐 SHA256: f54d767f96da29e1de986a10947f0e0ab02337b952433209622ecbb3377e3f8e
[2026-07-17T19:39:59.573Z] node: 📐 File size: 8.61 MB
[2026-07-17T19:39:59.574Z] node: ⏱️ Duration: 7.05 seconds
[2026-07-17T19:39:59.574Z] node: ✅ Verification: PASS (70 tables checked)
[2026-07-17T19:39:59.618Z] ▶️  Run: node recovery/upload/uploadBackup.js --manifest D:\alpha-tech\server\backups\alphatech_hardened_backup_v6_2026-07-17_2026-07-17T19-39-53-561Z.manifest.json
[2026-07-17T19:39:59.718Z] node: [2026-07-17T19:39:59.710Z] ============================================================
[2026-07-17T19:39:59.720Z] node: [2026-07-17T19:39:59.720Z] AlphaTech Recovery Upload ALPHATECH-RECOVERY-UPLOAD-V2-S3-COMPATIBLE
[2026-07-17T19:39:59.721Z] node: [2026-07-17T19:39:59.720Z] ============================================================
[2026-07-17T19:40:00.071Z] node stderr: (node:26356) Warning: NodeVersionSupportWarning: The AWS SDK for JavaScript (v3)
[2026-07-17T19:40:00.073Z] node stderr: versions published after the first week of January 2027
[2026-07-17T19:40:00.075Z] node stderr: will require node >=22. You are running node v20.19.0.
[2026-07-17T19:40:00.075Z] node stderr: To continue receiving updates to AWS services, bug fixes,
[2026-07-17T19:40:00.076Z] node stderr: and security updates please upgrade to node >=22.
[2026-07-17T19:40:00.077Z] node stderr: More information can be found at: https://a.co/c895JFp
[2026-07-17T19:40:00.078Z] node stderr: (Use `node --trace-warnings ...` to show where the warning was created)
[2026-07-17T19:40:02.151Z] node: [2026-07-17T19:40:02.150Z] JSON report: D:\alpha-tech\server\recovery\reports\upload-report-2026-07-17T19-40-02-147Z.json
[2026-07-17T19:40:02.151Z] node: [2026-07-17T19:40:02.151Z] TXT report: D:\alpha-tech\server\recovery\reports\upload-report-2026-07-17T19-40-02-147Z.txt
[2026-07-17T19:40:02.152Z] node: [2026-07-17T19:40:02.151Z] Overall: PASS
[2026-07-17T19:40:03.067Z] ------------------------------------------------------------
[2026-07-17T19:40:03.067Z] Target      : cloudflare-r2
[2026-07-17T19:40:03.068Z] Bucket      : saduaksabuy-recovery
[2026-07-17T19:40:03.069Z] Prefix      : alphatech-production/
[2026-07-17T19:40:03.070Z] Retention   : 7 day(s)
[2026-07-17T19:40:03.071Z] Mode        : APPLY
[2026-07-17T19:40:03.071Z] Scanned     : 84
[2026-07-17T19:40:03.072Z] Candidates  : 0
[2026-07-17T19:40:03.072Z] Deleted     : 0
[2026-07-17T19:40:03.072Z] Remaining   : 84
[2026-07-17T19:40:03.073Z] Failed      : 0
[2026-07-17T19:40:03.073Z] ▶️  Run: node recovery/retention/retentionPolicy.js --apply
[2026-07-17T19:40:03.168Z] node: [2026-07-17T19:40:03.161Z] ============================================================
[2026-07-17T19:40:03.170Z] node: [2026-07-17T19:40:03.169Z] 🧹 AlphaTech Recovery Retention ALPHATECH-RECOVERY-RETENTION-V1
[2026-07-17T19:40:03.170Z] node: [2026-07-17T19:40:03.169Z] ============================================================
[2026-07-17T19:40:03.171Z] node: [2026-07-17T19:40:03.170Z] Mode: APPLY
[2026-07-17T19:40:03.178Z] node: [2026-07-17T19:40:03.178Z] ------------------------------------------------------------
[2026-07-17T19:40:03.179Z] node: [2026-07-17T19:40:03.178Z] Target      : local-backups
[2026-07-17T19:40:03.179Z] node: [2026-07-17T19:40:03.178Z] Directory   : D:\alpha-tech\server\backups
[2026-07-17T19:40:03.179Z] node: [2026-07-17T19:40:03.179Z] Retention   : 3 day(s)
[2026-07-17T19:40:03.180Z] node: [2026-07-17T19:40:03.179Z] Scanned     : 40
[2026-07-17T19:40:03.180Z] node: [2026-07-17T19:40:03.180Z] Candidates  : 2
[2026-07-17T19:40:03.182Z] node: [2026-07-17T19:40:03.181Z] Deleted     : 2
[2026-07-17T19:40:03.182Z] node: [2026-07-17T19:40:03.181Z] Remaining   : 38
[2026-07-17T19:40:03.183Z] node: [2026-07-17T19:40:03.182Z] Failed      : 0
[2026-07-17T19:40:03.183Z] node: [2026-07-17T19:40:03.182Z] ------------------------------------------------------------
[2026-07-17T19:40:03.183Z] node: [2026-07-17T19:40:03.182Z] Target      : offsite-local-mirror
[2026-07-17T19:40:03.183Z] node: [2026-07-17T19:40:03.182Z] Directory   : D:\alpha-tech\server\recovery\offsite
[2026-07-17T19:40:03.184Z] node: [2026-07-17T19:40:03.183Z] Retention   : 7 day(s)
[2026-07-17T19:40:03.184Z] node: [2026-07-17T19:40:03.183Z] Scanned     : 0
[2026-07-17T19:40:03.184Z] node: [2026-07-17T19:40:03.183Z] Candidates  : 0
[2026-07-17T19:40:03.185Z] node: [2026-07-17T19:40:03.183Z] Deleted     : 0
[2026-07-17T19:40:03.185Z] node: [2026-07-17T19:40:03.184Z] Remaining   : 0
[2026-07-17T19:40:03.185Z] node: [2026-07-17T19:40:03.184Z] Failed      : 0
[2026-07-17T19:40:03.187Z] node: [2026-07-17T19:40:03.186Z] 🧾 JSON report: D:\alpha-tech\server\recovery\reports\retention-report-2026-07-17T19-40-03-184Z.json
[2026-07-17T19:40:03.188Z] node: [2026-07-17T19:40:03.187Z] 🧾 TXT report: D:\alpha-tech\server\recovery\reports\retention-report-2026-07-17T19-40-03-184Z.txt
[2026-07-17T19:40:03.189Z] node: [2026-07-17T19:40:03.188Z] ✅ Overall: PASS
[2026-07-17T19:40:03.199Z] ▶️  Run: node qbrs.js --manifest D:\alpha-tech\server\backups\alphatech_hardened_backup_v6_2026-07-17_2026-07-17T19-39-53-561Z.manifest.json --init --yes --reset-schema
[2026-07-17T19:40:03.359Z] node: [2026-07-17T19:40:03.356Z] ============================================================
[2026-07-17T19:40:03.361Z] node: [2026-07-17T19:40:03.360Z] 🚑 AlphaTech Restore Tool P1-HARDENED-RESTORE-V3-NODE-PG
[2026-07-17T19:40:03.361Z] node: [2026-07-17T19:40:03.360Z] ============================================================
[2026-07-17T19:40:03.402Z] node: [2026-07-17T19:40:03.401Z] ✅ Manifest loaded.
[2026-07-17T19:40:03.402Z] node: [2026-07-17T19:40:03.401Z] ✅ SQL file: D:\alpha-tech\server\backups\alphatech_hardened_backup_v6_2026-07-17_2026-07-17T19-39-53-561Z.sql
[2026-07-17T19:40:03.404Z] node: [2026-07-17T19:40:03.402Z] ✅ SHA256 verified: f54d767f96da29e1de986a10947f0e0ab02337b952433209622ecbb3377e3f8e
[2026-07-17T19:40:03.405Z] node: [2026-07-17T19:40:03.402Z] 🎯 Target DB: postgresql://postgres:***@db.engqdeyzbvnmxbnpemau.supabase.co:5432/postgres
[2026-07-17T19:40:03.406Z] node: [2026-07-17T19:40:03.403Z] 🎯 Host: db.engqdeyzbvnmxbnpemau.supabase.co
[2026-07-17T19:40:03.406Z] node: [2026-07-17T19:40:03.403Z] 🎯 Port: 5432
[2026-07-17T19:40:03.406Z] node: [2026-07-17T19:40:03.405Z] 🎯 Database: postgres
[2026-07-17T19:40:03.407Z] node: [2026-07-17T19:40:03.406Z] 🎯 Schema: public
[2026-07-17T19:40:03.759Z] node: [2026-07-17T19:40:03.758Z] 🔌 Connected to target PostgreSQL successfully.
[2026-07-17T19:40:07.508Z] node: [2026-07-17T19:40:07.507Z] 📊 Existing tables: 70
[2026-07-17T19:40:07.510Z] node: [2026-07-17T19:40:07.508Z] 📦 Existing rows: 24709
[2026-07-17T19:40:07.510Z] node: [2026-07-17T19:40:07.508Z] 🔎 Product: 1900
[2026-07-17T19:40:07.511Z] node: [2026-07-17T19:40:07.508Z] 🔎 BranchPrice: 1898
[2026-07-17T19:40:07.512Z] node: [2026-07-17T19:40:07.508Z] 🔎 StockItem: 3034
[2026-07-17T19:40:07.513Z] node: [2026-07-17T19:40:07.509Z] 🔎 Sale: 27
[2026-07-17T19:40:07.514Z] node: [2026-07-17T19:40:07.509Z] 🔎 SaleItem: 91
[2026-07-17T19:40:07.514Z] node: [2026-07-17T19:40:07.509Z] 🔎 SaleItemSimple: 0
[2026-07-17T19:40:07.514Z] node: [2026-07-17T19:40:07.510Z] 🔎 Payment: 13
[2026-07-17T19:40:07.516Z] node: [2026-07-17T19:40:07.511Z] 🔎 PaymentItem: 13
[2026-07-17T19:40:07.771Z] node: [2026-07-17T19:40:07.771Z] 🧨 Resetting target schema "public" before restore...
[2026-07-17T19:40:07.772Z] node: [2026-07-17T19:40:07.771Z] 🛡️ This action is intended for Recovery / Standby DB only.
[2026-07-17T19:40:08.319Z] node: [2026-07-17T19:40:08.316Z] ✅ Schema "public" reset completed.
[2026-07-17T19:40:08.380Z] node: [2026-07-17T19:40:08.377Z] 🧱 Running Prisma db push against Recovery DB only...
[2026-07-17T19:40:08.381Z] node: [2026-07-17T19:40:08.378Z] 🛡️ DATABASE_URL is injected from RESTORE_DATABASE_URL/RECOVERY_DATABASE_URL for this process only.
[2026-07-17T19:40:14.803Z] node: [2026-07-17T19:40:14.802Z] npx stderr: Environment variables loaded from .env
[2026-07-17T19:40:14.807Z] node: [2026-07-17T19:40:14.806Z] npx: Prisma schema loaded from prisma\schema.prisma
[2026-07-17T19:40:14.817Z] node: [2026-07-17T19:40:14.816Z] npx: Datasource "db": PostgreSQL database "postgres", schema "public" at "db.engqdeyzbvnmxbnpemau.supabase.co:5432"
[2026-07-17T19:40:32.327Z] node: [2026-07-17T19:40:32.293Z] npx: Your database is now in sync with your Prisma schema. Done in 16.18s
[2026-07-17T19:40:32.895Z] node: [2026-07-17T19:40:32.404Z] npx: Running generate... (Use --skip-generate to skip the generators)
[2026-07-17T19:40:34.876Z] node: [2026-07-17T19:40:34.875Z] npx: [2K[1A[2K[GRunning generate... - Prisma Client
[2026-07-17T19:40:36.780Z] node: [2026-07-17T19:40:36.780Z] npx: [2K[1A[2K[G✔ Generated Prisma Client (v6.16.2) to .\node_modules\.prisma\client in 1.89s
[2026-07-17T19:40:36.783Z] node: [2026-07-17T19:40:36.782Z] npx stderr: ┌─────────────────────────────────────────────────────────┐
[2026-07-17T19:40:36.783Z] node: [2026-07-17T19:40:36.782Z] npx stderr: │  Update available 6.16.2 -> 7.8.0                       │
[2026-07-17T19:40:36.784Z] node: [2026-07-17T19:40:36.782Z] npx stderr: │                                                         │
[2026-07-17T19:40:36.784Z] node: [2026-07-17T19:40:36.782Z] npx stderr: │  This is a major update - please follow the guide at    │
[2026-07-17T19:40:36.784Z] node: [2026-07-17T19:40:36.783Z] npx stderr: │  https://pris.ly/d/major-version-upgrade                │
[2026-07-17T19:40:36.785Z] node: [2026-07-17T19:40:36.783Z] npx stderr: │                                                         │
[2026-07-17T19:40:36.785Z] node: [2026-07-17T19:40:36.783Z] npx stderr: │  Run the following to update                            │
[2026-07-17T19:40:36.786Z] node: [2026-07-17T19:40:36.783Z] npx stderr: │    npm i --save-dev prisma@latest                       │
[2026-07-17T19:40:36.786Z] node: [2026-07-17T19:40:36.783Z] npx stderr: │    npm i @prisma/client@latest                          │
[2026-07-17T19:40:36.786Z] node: [2026-07-17T19:40:36.784Z] npx stderr: └─────────────────────────────────────────────────────────┘
[2026-07-17T19:40:36.835Z] node: [2026-07-17T19:40:36.834Z] ✅ Prisma db push completed for Recovery DB.
[2026-07-17T19:40:40.701Z] node: [2026-07-17T19:40:40.694Z] 📊 Existing tables: 70
[2026-07-17T19:40:40.839Z] node: [2026-07-17T19:40:40.694Z] 📦 Existing rows: 0
[2026-07-17T19:40:40.875Z] node: [2026-07-17T19:40:40.694Z] 🔎 Product: 0
[2026-07-17T19:40:40.899Z] node: [2026-07-17T19:40:40.694Z] 🔎 BranchPrice: 0
[2026-07-17T19:40:40.907Z] node: [2026-07-17T19:40:40.694Z] 🔎 StockItem: 0
[2026-07-17T19:40:40.909Z] node: [2026-07-17T19:40:40.695Z] 🔎 Sale: 0
[2026-07-17T19:40:40.912Z] node: [2026-07-17T19:40:40.696Z] 🔎 SaleItem: 0
[2026-07-17T19:40:40.918Z] node: [2026-07-17T19:40:40.696Z] 🔎 SaleItemSimple: 0
[2026-07-17T19:40:40.921Z] node: [2026-07-17T19:40:40.696Z] 🔎 Payment: 0
[2026-07-17T19:40:40.936Z] node: [2026-07-17T19:40:40.697Z] 🔎 PaymentItem: 0
[2026-07-17T19:40:42.053Z] node: [2026-07-17T19:40:42.052Z] 📖 SQL loaded into memory (8.61 MB).
[2026-07-17T19:40:42.053Z] node: [2026-07-17T19:40:42.052Z] 🚚 Starting SQL restore via Node.js pg client...
[2026-07-17T19:40:46.222Z] node: [2026-07-17T19:40:46.221Z] ✅ SQL restore completed via Node.js pg client.
[2026-07-17T19:40:49.503Z] node: [2026-07-17T19:40:49.488Z] ✅ Restore verification PASS (70 tables checked).
[2026-07-17T19:40:49.506Z] node: [2026-07-17T19:40:49.488Z] 🎉 Restore completed successfully in 46.13 seconds.
[2026-07-17T19:40:49.519Z] ▶️  Run: node recovery/verify/qbv.js
[2026-07-17T19:40:50.290Z] node: [2026-07-17T19:40:50.287Z] ============================================================
[2026-07-17T19:40:50.295Z] node: [2026-07-17T19:40:50.294Z] 🔎 AlphaTech Integrity Verification ALPHATECH-RECOVERY-VERIFY-V1
[2026-07-17T19:40:50.299Z] node: [2026-07-17T19:40:50.295Z] ============================================================
[2026-07-17T19:40:50.300Z] node: [2026-07-17T19:40:50.295Z] Collecting Production snapshot...
[2026-07-17T19:41:02.570Z] node: [2026-07-17T19:41:02.570Z] Collecting Recovery snapshot...
[2026-07-17T19:41:14.172Z] node: [2026-07-17T19:41:14.067Z] Comparing snapshots...
[2026-07-17T19:41:14.538Z] node: [2026-07-17T19:41:14.534Z] 🧾 JSON report: D:\alpha-tech\server\recovery\reports\verification-report_2026-07-17T19-41-14-069Z.json
[2026-07-17T19:41:14.541Z] node: [2026-07-17T19:41:14.535Z] 🧾 TXT report: D:\alpha-tech\server\recovery\reports\verification-report_2026-07-17T19-41-14-069Z.txt
[2026-07-17T19:41:14.541Z] node: [2026-07-17T19:41:14.535Z] ✅ Overall: PASS
[2026-07-17T19:41:14.553Z] 🧾 Job manifest: D:\alpha-tech\server\recovery\jobs\job-2026-07-17T19-39-48-693Z.json
[2026-07-17T19:41:14.555Z] ✅ Job result: PASS exitCode=0
