[2026-07-22T07:39:48.752Z] ============================================================
[2026-07-22T07:39:48.761Z] 🧭 AlphaTech Recovery Retention Workflow ALPHATECH-RECOVERY-JOB-RUNNER-V7-R2-RETENTION
[2026-07-22T07:39:48.761Z] ============================================================
[2026-07-22T07:39:48.762Z] Mode: backup-workflow
[2026-07-22T07:39:48.762Z] ▶️  Run: node recovery/health/healthCheck.js
[2026-07-22T07:39:48.978Z] node: [2026-07-22T07:39:48.976Z] ============================================================
[2026-07-22T07:39:48.979Z] node: [2026-07-22T07:39:48.979Z] 🩺 AlphaTech Recovery Health Check ALPHATECH-RECOVERY-HEALTH-CHECK-V1
[2026-07-22T07:39:48.979Z] node: [2026-07-22T07:39:48.979Z] ============================================================
[2026-07-22T07:39:49.835Z] node: [2026-07-22T07:39:49.835Z] 🧾 JSON report: D:\alpha-tech\server\recovery\reports\health-check-2026-07-22T07-39-49-833Z.json
[2026-07-22T07:39:49.836Z] node: [2026-07-22T07:39:49.835Z] 🧾 TXT report: D:\alpha-tech\server\recovery\reports\health-check-2026-07-22T07-39-49-833Z.txt
[2026-07-22T07:39:49.836Z] node: [2026-07-22T07:39:49.836Z] ✅ Overall: PASS
[2026-07-22T07:39:49.851Z] ▶️  Run: node qb.js
[2026-07-22T07:39:50.308Z] node: 🔌 Connected to PostgreSQL successfully.
[2026-07-22T07:39:50.310Z] node: ⏳ Starting P1 Hardened Backup v6 Type-aware + generic self-reference FK safe restore...
[2026-07-22T07:39:54.034Z] node: 📦 Exporting table: Bank
[2026-07-22T07:39:54.073Z] node: 📦 Exporting table: Brand
[2026-07-22T07:39:54.119Z] node: 📦 Exporting table: Category
[2026-07-22T07:39:54.156Z] node: 📦 Exporting table: GlobalProductType
[2026-07-22T07:39:54.192Z] node: 📦 Exporting table: Position
[2026-07-22T07:39:54.229Z] node: 📦 Exporting table: Province
[2026-07-22T07:39:54.267Z] node: 📦 Exporting table: District
[2026-07-22T07:39:54.352Z] node: 📦 Exporting table: Subdistrict
[2026-07-22T07:39:54.555Z] node: 📦 Exporting table: Branch
[2026-07-22T07:39:54.596Z] node: 📦 Exporting table: BarcodeCounter
[2026-07-22T07:39:54.632Z] node: 📦 Exporting table: PaymentCodeCounter
[2026-07-22T07:39:54.668Z] node: 📦 Exporting table: ProductType
[2026-07-22T07:39:54.709Z] node: 📦 Exporting table: ProductTypeBrand
[2026-07-22T07:39:54.753Z] node: 📦 Exporting table: Supplier
[2026-07-22T07:39:54.790Z] node: 📦 Exporting table: Unit
[2026-07-22T07:39:54.827Z] node: 📦 Exporting table: Product
[2026-07-22T07:39:54.967Z] node: 📦 Exporting table: BranchPrice
[2026-07-22T07:39:55.064Z] node: 📦 Exporting table: ProductImage
[2026-07-22T07:39:55.100Z] node: 📦 Exporting table: StockBalance
[2026-07-22T07:39:55.165Z] node: 📦 Exporting table: User
[2026-07-22T07:39:55.216Z] node: 📦 Exporting table: CustomerProfile
[2026-07-22T07:39:55.259Z] node: 📦 Exporting table: Cart
[2026-07-22T07:39:55.297Z] node: 📦 Exporting table: CartItem
[2026-07-22T07:39:55.334Z] node: 📦 Exporting table: EmployeeProfile
[2026-07-22T07:39:55.370Z] node: 📦 Exporting table: CombinedBillingDocument
[2026-07-22T07:39:55.407Z] node: 📦 Exporting table: CombinedSaleDocument
[2026-07-22T07:39:55.445Z] node: 📦 Exporting table: CustomerDeposit
[2026-07-22T07:39:55.481Z] node: 📦 Exporting table: CustomerReceipts
[2026-07-22T07:39:55.518Z] node: 📦 Exporting table: InputTaxFilingBatch
[2026-07-22T07:39:55.555Z] node: 📦 Exporting table: Order
[2026-07-22T07:39:55.591Z] node: 📦 Exporting table: OrderOnline
[2026-07-22T07:39:55.627Z] node: 📦 Exporting table: OrderOnlineItem
[2026-07-22T07:39:55.663Z] node: 📦 Exporting table: PasswordResetToken
[2026-07-22T07:39:55.703Z] node: 📦 Exporting table: ProductOnOrder
[2026-07-22T07:39:55.740Z] node: 📦 Exporting table: PurchaseOrder
[2026-07-22T07:39:55.825Z] node: 📦 Exporting table: PurchaseOrderItem
[2026-07-22T07:39:55.976Z] node: 📦 Exporting table: PurchaseOrderReceipt
[2026-07-22T07:39:56.016Z] node: 📦 Exporting table: InputTaxFilingItem
[2026-07-22T07:39:56.058Z] node: 📦 Exporting table: PurchaseOrderReceiptItem
[2026-07-22T07:39:56.169Z] node: 📦 Exporting table: RefreshToken
[2026-07-22T07:39:56.519Z] node: 📦 Exporting table: Sale
[2026-07-22T07:39:56.566Z] node: 📦 Exporting table: CustomerReceiptAllocations
[2026-07-22T07:39:56.602Z] node: 📦 Exporting table: Payment
[2026-07-22T07:39:56.641Z] node: 📦 Exporting table: DepositUsage
[2026-07-22T07:39:56.677Z] node: 📦 Exporting table: PaymentItem
[2026-07-22T07:39:56.714Z] node: 📦 Exporting table: SaleReturn
[2026-07-22T07:39:56.752Z] node: 📦 Exporting table: RefundTransaction
[2026-07-22T07:39:56.788Z] node: 📦 Exporting table: SalesTaxFilingBatch
[2026-07-22T07:39:56.824Z] node: 📦 Exporting table: SalesTaxFilingItem
[2026-07-22T07:39:56.860Z] node: 📦 Exporting table: ServiceOrder
[2026-07-22T07:39:56.895Z] node: 📦 Exporting table: ServiceItem
[2026-07-22T07:39:56.932Z] node: 📦 Exporting table: SimpleLot
[2026-07-22T07:39:56.968Z] node: 📦 Exporting table: SaleItemSimple
[2026-07-22T07:39:57.004Z] node: 📦 Exporting table: SaleReturnItemSimple
[2026-07-22T07:39:57.040Z] node: 📦 Exporting table: StockAuditSession
[2026-07-22T07:39:57.076Z] node: 📦 Exporting table: StockItem
[2026-07-22T07:39:57.305Z] node: 📦 Exporting table: BarcodeReceiptItem
[2026-07-22T07:39:57.386Z] node: 📦 Exporting table: RepairJob
[2026-07-22T07:39:57.422Z] node: 📦 Exporting table: RepairPartItem
[2026-07-22T07:39:57.457Z] node: 📦 Exporting table: SaleItem
[2026-07-22T07:39:57.505Z] node: 📦 Exporting table: SaleReturnItem
[2026-07-22T07:39:57.534Z] node: 📦 Exporting table: StockAuditScanLog
[2026-07-22T07:39:57.571Z] node: 📦 Exporting table: StockAuditSnapshotItem
[2026-07-22T07:39:57.623Z] node: 📦 Exporting table: StockMovement
[2026-07-22T07:39:57.695Z] node: 📦 Exporting table: SupplierPayment
[2026-07-22T07:39:57.736Z] node: 📦 Exporting table: SupplierPaymentReceipt
[2026-07-22T07:39:57.771Z] node: 📦 Exporting table: V2CustomerDeposit
[2026-07-22T07:39:57.808Z] node: 📦 Exporting table: V2StockAudit
[2026-07-22T07:39:57.845Z] node: 📦 Exporting table: V2StockAuditItem
[2026-07-22T07:39:57.881Z] node: 📦 Exporting table: WarrantyClaim
[2026-07-22T07:40:00.618Z] node: 🎉 P1 Hardened Backup v6 Type-aware + generic self-reference FK safe restore completed successfully.
[2026-07-22T07:40:00.625Z] node: 💾 Backup file: D:\alpha-tech\server\backups\alphatech_hardened_backup_v6_2026-07-22_2026-07-22T07-39-54-003Z.sql
[2026-07-22T07:40:00.627Z] node: 🧾 Manifest file: D:\alpha-tech\server\backups\alphatech_hardened_backup_v6_2026-07-22_2026-07-22T07-39-54-003Z.manifest.json
[2026-07-22T07:40:00.629Z] node: 📊 Tables exported: 70
[2026-07-22T07:40:00.630Z] node: 📦 Rows exported: 27250
[2026-07-22T07:40:00.630Z] node: 🔢 Sequences prepared: 67
[2026-07-22T07:40:00.631Z] node: 🔐 SHA256: 6864906c81eeb0b4a333418fa27ac08a2eab7ce5516d0081287bf9ae2d83fd7d
[2026-07-22T07:40:00.632Z] node: 📐 File size: 9.76 MB
[2026-07-22T07:40:00.632Z] node: ⏱️ Duration: 7.97 seconds
[2026-07-22T07:40:00.633Z] node: ✅ Verification: PASS (70 tables checked)
[2026-07-22T07:40:00.692Z] ▶️  Run: node recovery/upload/uploadBackup.js --manifest D:\alpha-tech\server\backups\alphatech_hardened_backup_v6_2026-07-22_2026-07-22T07-39-54-003Z.manifest.json
[2026-07-22T07:40:00.780Z] node: [2026-07-22T07:40:00.776Z] ============================================================
[2026-07-22T07:40:00.783Z] node: [2026-07-22T07:40:00.783Z] AlphaTech Recovery Upload ALPHATECH-RECOVERY-UPLOAD-V2-S3-COMPATIBLE
[2026-07-22T07:40:00.784Z] node: [2026-07-22T07:40:00.783Z] ============================================================
[2026-07-22T07:40:01.053Z] node stderr: (node:13880) Warning: NodeVersionSupportWarning: The AWS SDK for JavaScript (v3)
[2026-07-22T07:40:01.054Z] node stderr: versions published after the first week of January 2027
[2026-07-22T07:40:01.055Z] node stderr: will require node >=22. You are running node v20.19.0.
[2026-07-22T07:40:01.057Z] node stderr: To continue receiving updates to AWS services, bug fixes,
[2026-07-22T07:40:01.058Z] node stderr: and security updates please upgrade to node >=22.
[2026-07-22T07:40:01.058Z] node stderr: More information can be found at: https://a.co/c895JFp
[2026-07-22T07:40:01.059Z] node stderr: (Use `node --trace-warnings ...` to show where the warning was created)
[2026-07-22T07:40:03.134Z] node: [2026-07-22T07:40:03.134Z] JSON report: D:\alpha-tech\server\recovery\reports\upload-report-2026-07-22T07-40-03-132Z.json
[2026-07-22T07:40:03.134Z] node: [2026-07-22T07:40:03.134Z] TXT report: D:\alpha-tech\server\recovery\reports\upload-report-2026-07-22T07-40-03-132Z.txt
[2026-07-22T07:40:03.137Z] node: [2026-07-22T07:40:03.135Z] Overall: PASS
[2026-07-22T07:40:03.621Z] ------------------------------------------------------------
[2026-07-22T07:40:03.621Z] Target      : cloudflare-r2
[2026-07-22T07:40:03.622Z] Bucket      : saduaksabuy-recovery
[2026-07-22T07:40:03.622Z] Prefix      : alphatech-production/
[2026-07-22T07:40:03.623Z] Retention   : 7 day(s)
[2026-07-22T07:40:03.623Z] Mode        : APPLY
[2026-07-22T07:40:03.624Z] Scanned     : 88
[2026-07-22T07:40:03.624Z] Candidates  : 0
[2026-07-22T07:40:03.624Z] Deleted     : 0
[2026-07-22T07:40:03.625Z] Remaining   : 88
[2026-07-22T07:40:03.625Z] Failed      : 0
[2026-07-22T07:40:03.626Z] ▶️  Run: node recovery/retention/retentionPolicy.js --apply
[2026-07-22T07:40:03.723Z] node: [2026-07-22T07:40:03.717Z] ============================================================
[2026-07-22T07:40:03.725Z] node: [2026-07-22T07:40:03.725Z] 🧹 AlphaTech Recovery Retention ALPHATECH-RECOVERY-RETENTION-V1
[2026-07-22T07:40:03.727Z] node: [2026-07-22T07:40:03.725Z] ============================================================
[2026-07-22T07:40:03.728Z] node: [2026-07-22T07:40:03.727Z] Mode: APPLY
[2026-07-22T07:40:03.735Z] node: [2026-07-22T07:40:03.735Z] ------------------------------------------------------------
[2026-07-22T07:40:03.736Z] node: [2026-07-22T07:40:03.735Z] Target      : local-backups
[2026-07-22T07:40:03.737Z] node: [2026-07-22T07:40:03.736Z] Directory   : D:\alpha-tech\server\backups
[2026-07-22T07:40:03.737Z] node: [2026-07-22T07:40:03.737Z] Retention   : 3 day(s)
[2026-07-22T07:40:03.738Z] node: [2026-07-22T07:40:03.737Z] Scanned     : 46
[2026-07-22T07:40:03.739Z] node: [2026-07-22T07:40:03.739Z] Candidates  : 2
[2026-07-22T07:40:03.741Z] node: [2026-07-22T07:40:03.739Z] Deleted     : 2
[2026-07-22T07:40:03.741Z] node: [2026-07-22T07:40:03.740Z] Remaining   : 44
[2026-07-22T07:40:03.742Z] node: [2026-07-22T07:40:03.740Z] Failed      : 0
[2026-07-22T07:40:03.742Z] node: [2026-07-22T07:40:03.740Z] ------------------------------------------------------------
[2026-07-22T07:40:03.744Z] node: [2026-07-22T07:40:03.741Z] Target      : offsite-local-mirror
[2026-07-22T07:40:03.744Z] node: [2026-07-22T07:40:03.742Z] Directory   : D:\alpha-tech\server\recovery\offsite
[2026-07-22T07:40:03.745Z] node: [2026-07-22T07:40:03.744Z] Retention   : 7 day(s)
[2026-07-22T07:40:03.746Z] node: [2026-07-22T07:40:03.746Z] Scanned     : 0
[2026-07-22T07:40:03.746Z] node: [2026-07-22T07:40:03.746Z] Candidates  : 0
[2026-07-22T07:40:03.747Z] node: [2026-07-22T07:40:03.747Z] Deleted     : 0
[2026-07-22T07:40:03.748Z] node: [2026-07-22T07:40:03.748Z] Remaining   : 0
[2026-07-22T07:40:03.748Z] node: [2026-07-22T07:40:03.748Z] Failed      : 0
[2026-07-22T07:40:03.751Z] node: [2026-07-22T07:40:03.751Z] 🧾 JSON report: D:\alpha-tech\server\recovery\reports\retention-report-2026-07-22T07-40-03-749Z.json
[2026-07-22T07:40:03.752Z] node: [2026-07-22T07:40:03.751Z] 🧾 TXT report: D:\alpha-tech\server\recovery\reports\retention-report-2026-07-22T07-40-03-749Z.txt
[2026-07-22T07:40:03.752Z] node: [2026-07-22T07:40:03.752Z] ✅ Overall: PASS
[2026-07-22T07:40:03.765Z] ▶️  Run: node qbrs.js --manifest D:\alpha-tech\server\backups\alphatech_hardened_backup_v6_2026-07-22_2026-07-22T07-39-54-003Z.manifest.json --init --yes --reset-schema
[2026-07-22T07:40:03.927Z] node: [2026-07-22T07:40:03.924Z] ============================================================
[2026-07-22T07:40:03.929Z] node: [2026-07-22T07:40:03.928Z] 🚑 AlphaTech Restore Tool P1-HARDENED-RESTORE-V3-NODE-PG
[2026-07-22T07:40:03.930Z] node: [2026-07-22T07:40:03.929Z] ============================================================
[2026-07-22T07:40:03.973Z] node: [2026-07-22T07:40:03.973Z] ✅ Manifest loaded.
[2026-07-22T07:40:03.974Z] node: [2026-07-22T07:40:03.973Z] ✅ SQL file: D:\alpha-tech\server\backups\alphatech_hardened_backup_v6_2026-07-22_2026-07-22T07-39-54-003Z.sql
[2026-07-22T07:40:03.975Z] node: [2026-07-22T07:40:03.974Z] ✅ SHA256 verified: 6864906c81eeb0b4a333418fa27ac08a2eab7ce5516d0081287bf9ae2d83fd7d
[2026-07-22T07:40:03.978Z] node: [2026-07-22T07:40:03.975Z] 🎯 Target DB: postgresql://postgres:***@db.engqdeyzbvnmxbnpemau.supabase.co:5432/postgres
[2026-07-22T07:40:03.978Z] node: [2026-07-22T07:40:03.977Z] 🎯 Host: db.engqdeyzbvnmxbnpemau.supabase.co
[2026-07-22T07:40:03.979Z] node: [2026-07-22T07:40:03.978Z] 🎯 Port: 5432
[2026-07-22T07:40:03.980Z] node: [2026-07-22T07:40:03.979Z] 🎯 Database: postgres
[2026-07-22T07:40:03.980Z] node: [2026-07-22T07:40:03.980Z] 🎯 Schema: public
[2026-07-22T07:40:04.334Z] node: [2026-07-22T07:40:04.333Z] 🔌 Connected to target PostgreSQL successfully.
[2026-07-22T07:40:07.535Z] node: [2026-07-22T07:40:07.534Z] 📊 Existing tables: 70
[2026-07-22T07:40:07.535Z] node: [2026-07-22T07:40:07.534Z] 📦 Existing rows: 26936
[2026-07-22T07:40:07.537Z] node: [2026-07-22T07:40:07.535Z] 🔎 Product: 1981
[2026-07-22T07:40:07.538Z] node: [2026-07-22T07:40:07.535Z] 🔎 BranchPrice: 1979
[2026-07-22T07:40:07.539Z] node: [2026-07-22T07:40:07.535Z] 🔎 StockItem: 3630
[2026-07-22T07:40:07.539Z] node: [2026-07-22T07:40:07.535Z] 🔎 Sale: 85
[2026-07-22T07:40:07.540Z] node: [2026-07-22T07:40:07.536Z] 🔎 SaleItem: 192
[2026-07-22T07:40:07.540Z] node: [2026-07-22T07:40:07.536Z] 🔎 SaleItemSimple: 0
[2026-07-22T07:40:07.541Z] node: [2026-07-22T07:40:07.536Z] 🔎 Payment: 63
[2026-07-22T07:40:07.541Z] node: [2026-07-22T07:40:07.537Z] 🔎 PaymentItem: 63
[2026-07-22T07:40:07.791Z] node: [2026-07-22T07:40:07.790Z] 🧨 Resetting target schema "public" before restore...
[2026-07-22T07:40:07.791Z] node: [2026-07-22T07:40:07.790Z] 🛡️ This action is intended for Recovery / Standby DB only.
[2026-07-22T07:40:08.320Z] node: [2026-07-22T07:40:08.319Z] ✅ Schema "public" reset completed.
[2026-07-22T07:40:08.354Z] node: [2026-07-22T07:40:08.354Z] 🧱 Running Prisma db push against Recovery DB only...
[2026-07-22T07:40:08.355Z] node: [2026-07-22T07:40:08.354Z] 🛡️ DATABASE_URL is injected from RESTORE_DATABASE_URL/RECOVERY_DATABASE_URL for this process only.
[2026-07-22T07:40:12.509Z] node: [2026-07-22T07:40:12.509Z] npx stderr: Environment variables loaded from .env
[2026-07-22T07:40:12.511Z] node: [2026-07-22T07:40:12.511Z] npx: Prisma schema loaded from prisma\schema.prisma
[2026-07-22T07:40:12.523Z] node: [2026-07-22T07:40:12.522Z] npx: Datasource "db": PostgreSQL database "postgres", schema "public" at "db.engqdeyzbvnmxbnpemau.supabase.co:5432"
[2026-07-22T07:40:28.444Z] node: [2026-07-22T07:40:28.444Z] npx: Your database is now in sync with your Prisma schema. Done in 15.33s
[2026-07-22T07:40:28.446Z] node: [2026-07-22T07:40:28.446Z] npx: Running generate... (Use --skip-generate to skip the generators)
[2026-07-22T07:40:29.495Z] node: [2026-07-22T07:40:29.494Z] npx: [2K[1A[2K[GRunning generate... - Prisma Client
[2026-07-22T07:40:30.895Z] node: [2026-07-22T07:40:30.895Z] npx: [2K[1A[2K[G✔ Generated Prisma Client (v6.16.2) to .\node_modules\.prisma\client in 1.40s
[2026-07-22T07:40:30.956Z] node: [2026-07-22T07:40:30.955Z] ✅ Prisma db push completed for Recovery DB.
[2026-07-22T07:40:34.439Z] node: [2026-07-22T07:40:34.438Z] 📊 Existing tables: 70
[2026-07-22T07:40:34.442Z] node: [2026-07-22T07:40:34.439Z] 📦 Existing rows: 0
[2026-07-22T07:40:34.444Z] node: [2026-07-22T07:40:34.439Z] 🔎 Product: 0
[2026-07-22T07:40:34.445Z] node: [2026-07-22T07:40:34.439Z] 🔎 BranchPrice: 0
[2026-07-22T07:40:34.445Z] node: [2026-07-22T07:40:34.440Z] 🔎 StockItem: 0
[2026-07-22T07:40:34.446Z] node: [2026-07-22T07:40:34.442Z] 🔎 Sale: 0
[2026-07-22T07:40:34.446Z] node: [2026-07-22T07:40:34.442Z] 🔎 SaleItem: 0
[2026-07-22T07:40:34.447Z] node: [2026-07-22T07:40:34.442Z] 🔎 SaleItemSimple: 0
[2026-07-22T07:40:34.447Z] node: [2026-07-22T07:40:34.443Z] 🔎 Payment: 0
[2026-07-22T07:40:34.447Z] node: [2026-07-22T07:40:34.443Z] 🔎 PaymentItem: 0
[2026-07-22T07:40:34.666Z] node: [2026-07-22T07:40:34.666Z] 📖 SQL loaded into memory (9.76 MB).
[2026-07-22T07:40:34.667Z] node: [2026-07-22T07:40:34.666Z] 🚚 Starting SQL restore via Node.js pg client...
[2026-07-22T07:40:39.268Z] node: [2026-07-22T07:40:39.268Z] ✅ SQL restore completed via Node.js pg client.
[2026-07-22T07:40:42.056Z] node: [2026-07-22T07:40:42.056Z] ✅ Restore verification PASS (70 tables checked).
[2026-07-22T07:40:42.057Z] node: [2026-07-22T07:40:42.056Z] 🎉 Restore completed successfully in 38.13 seconds.
[2026-07-22T07:40:42.081Z] ▶️  Run: node recovery/verify/qbv.js
[2026-07-22T07:40:42.264Z] node: [2026-07-22T07:40:42.262Z] ============================================================
[2026-07-22T07:40:42.266Z] node: [2026-07-22T07:40:42.265Z] 🔎 AlphaTech Integrity Verification ALPHATECH-RECOVERY-VERIFY-V1
[2026-07-22T07:40:42.266Z] node: [2026-07-22T07:40:42.266Z] ============================================================
[2026-07-22T07:40:42.267Z] node: [2026-07-22T07:40:42.266Z] Collecting Production snapshot...
[2026-07-22T07:40:53.325Z] node: [2026-07-22T07:40:53.325Z] Collecting Recovery snapshot...
[2026-07-22T07:41:04.221Z] node: [2026-07-22T07:41:04.221Z] Comparing snapshots...
[2026-07-22T07:41:04.228Z] node: [2026-07-22T07:41:04.228Z] 🧾 JSON report: D:\alpha-tech\server\recovery\reports\verification-report_2026-07-22T07-41-04-225Z.json
[2026-07-22T07:41:04.229Z] node: [2026-07-22T07:41:04.228Z] 🧾 TXT report: D:\alpha-tech\server\recovery\reports\verification-report_2026-07-22T07-41-04-225Z.txt
[2026-07-22T07:41:04.230Z] node: [2026-07-22T07:41:04.229Z] ✅ Overall: PASS
[2026-07-22T07:41:04.247Z] 🧾 Job manifest: D:\alpha-tech\server\recovery\jobs\job-2026-07-22T07-39-48-749Z.json
[2026-07-22T07:41:04.247Z] ✅ Job result: PASS exitCode=0
