[2026-07-12T09:34:22.647Z] ============================================================
[2026-07-12T09:34:22.655Z] 🧭 AlphaTech Recovery Retention Workflow ALPHATECH-RECOVERY-JOB-RUNNER-V7-R2-RETENTION
[2026-07-12T09:34:22.655Z] ============================================================
[2026-07-12T09:34:22.655Z] Mode: backup-workflow
[2026-07-12T09:34:22.656Z] ▶️  Run: node recovery/health/healthCheck.js
[2026-07-12T09:34:22.853Z] node: [2026-07-12T09:34:22.851Z] ============================================================
[2026-07-12T09:34:22.855Z] node: [2026-07-12T09:34:22.854Z] 🩺 AlphaTech Recovery Health Check ALPHATECH-RECOVERY-HEALTH-CHECK-V1
[2026-07-12T09:34:22.855Z] node: [2026-07-12T09:34:22.855Z] ============================================================
[2026-07-12T09:34:23.679Z] node: [2026-07-12T09:34:23.679Z] 🧾 JSON report: D:\alpha-tech\server\recovery\reports\health-check-2026-07-12T09-34-23-670Z.json
[2026-07-12T09:34:23.680Z] node: [2026-07-12T09:34:23.680Z] 🧾 TXT report: D:\alpha-tech\server\recovery\reports\health-check-2026-07-12T09-34-23-670Z.txt
[2026-07-12T09:34:23.681Z] node: [2026-07-12T09:34:23.680Z] ✅ Overall: PASS
[2026-07-12T09:34:23.693Z] ▶️  Run: node qb.js
[2026-07-12T09:34:24.108Z] node: 🔌 Connected to PostgreSQL successfully.
[2026-07-12T09:34:24.111Z] node: ⏳ Starting P1 Hardened Backup v6 Type-aware + generic self-reference FK safe restore...
[2026-07-12T09:34:27.629Z] node: 📦 Exporting table: Bank
[2026-07-12T09:34:27.666Z] node: 📦 Exporting table: Brand
[2026-07-12T09:34:27.708Z] node: 📦 Exporting table: Category
[2026-07-12T09:34:27.743Z] node: 📦 Exporting table: GlobalProductType
[2026-07-12T09:34:27.779Z] node: 📦 Exporting table: Position
[2026-07-12T09:34:27.815Z] node: 📦 Exporting table: Province
[2026-07-12T09:34:27.851Z] node: 📦 Exporting table: District
[2026-07-12T09:34:27.904Z] node: 📦 Exporting table: Subdistrict
[2026-07-12T09:34:28.093Z] node: 📦 Exporting table: Branch
[2026-07-12T09:34:28.129Z] node: 📦 Exporting table: BarcodeCounter
[2026-07-12T09:34:28.164Z] node: 📦 Exporting table: PaymentCodeCounter
[2026-07-12T09:34:28.199Z] node: 📦 Exporting table: ProductType
[2026-07-12T09:34:28.239Z] node: 📦 Exporting table: ProductTypeBrand
[2026-07-12T09:34:28.278Z] node: 📦 Exporting table: Supplier
[2026-07-12T09:34:28.313Z] node: 📦 Exporting table: Unit
[2026-07-12T09:34:28.348Z] node: 📦 Exporting table: Product
[2026-07-12T09:34:28.444Z] node: 📦 Exporting table: BranchPrice
[2026-07-12T09:34:28.520Z] node: 📦 Exporting table: ProductImage
[2026-07-12T09:34:28.555Z] node: 📦 Exporting table: StockBalance
[2026-07-12T09:34:28.602Z] node: 📦 Exporting table: User
[2026-07-12T09:34:28.643Z] node: 📦 Exporting table: CustomerProfile
[2026-07-12T09:34:28.684Z] node: 📦 Exporting table: Cart
[2026-07-12T09:34:28.719Z] node: 📦 Exporting table: CartItem
[2026-07-12T09:34:28.754Z] node: 📦 Exporting table: EmployeeProfile
[2026-07-12T09:34:28.788Z] node: 📦 Exporting table: CombinedBillingDocument
[2026-07-12T09:34:28.823Z] node: 📦 Exporting table: CombinedSaleDocument
[2026-07-12T09:34:28.858Z] node: 📦 Exporting table: CustomerDeposit
[2026-07-12T09:34:28.893Z] node: 📦 Exporting table: CustomerReceipts
[2026-07-12T09:34:28.928Z] node: 📦 Exporting table: InputTaxFilingBatch
[2026-07-12T09:34:28.963Z] node: 📦 Exporting table: Order
[2026-07-12T09:34:28.998Z] node: 📦 Exporting table: OrderOnline
[2026-07-12T09:34:29.033Z] node: 📦 Exporting table: OrderOnlineItem
[2026-07-12T09:34:29.068Z] node: 📦 Exporting table: PasswordResetToken
[2026-07-12T09:34:29.104Z] node: 📦 Exporting table: ProductOnOrder
[2026-07-12T09:34:29.139Z] node: 📦 Exporting table: PurchaseOrder
[2026-07-12T09:34:29.174Z] node: 📦 Exporting table: PurchaseOrderItem
[2026-07-12T09:34:29.208Z] node: 📦 Exporting table: PurchaseOrderReceipt
[2026-07-12T09:34:29.244Z] node: 📦 Exporting table: InputTaxFilingItem
[2026-07-12T09:34:29.279Z] node: 📦 Exporting table: PurchaseOrderReceiptItem
[2026-07-12T09:34:29.314Z] node: 📦 Exporting table: RefreshToken
[2026-07-12T09:34:29.514Z] node: 📦 Exporting table: Sale
[2026-07-12T09:34:29.550Z] node: 📦 Exporting table: CustomerReceiptAllocations
[2026-07-12T09:34:29.585Z] node: 📦 Exporting table: Payment
[2026-07-12T09:34:29.622Z] node: 📦 Exporting table: DepositUsage
[2026-07-12T09:34:29.657Z] node: 📦 Exporting table: PaymentItem
[2026-07-12T09:34:29.693Z] node: 📦 Exporting table: SaleReturn
[2026-07-12T09:34:29.728Z] node: 📦 Exporting table: RefundTransaction
[2026-07-12T09:34:29.763Z] node: 📦 Exporting table: SalesTaxFilingBatch
[2026-07-12T09:34:29.797Z] node: 📦 Exporting table: SalesTaxFilingItem
[2026-07-12T09:34:29.833Z] node: 📦 Exporting table: ServiceOrder
[2026-07-12T09:34:29.867Z] node: 📦 Exporting table: ServiceItem
[2026-07-12T09:34:29.902Z] node: 📦 Exporting table: SimpleLot
[2026-07-12T09:34:29.937Z] node: 📦 Exporting table: SaleItemSimple
[2026-07-12T09:34:29.972Z] node: 📦 Exporting table: SaleReturnItemSimple
[2026-07-12T09:34:30.008Z] node: 📦 Exporting table: StockAuditSession
[2026-07-12T09:34:30.043Z] node: 📦 Exporting table: StockItem
[2026-07-12T09:34:30.140Z] node: 📦 Exporting table: BarcodeReceiptItem
[2026-07-12T09:34:30.175Z] node: 📦 Exporting table: RepairJob
[2026-07-12T09:34:30.210Z] node: 📦 Exporting table: RepairPartItem
[2026-07-12T09:34:30.245Z] node: 📦 Exporting table: SaleItem
[2026-07-12T09:34:30.280Z] node: 📦 Exporting table: SaleReturnItem
[2026-07-12T09:34:30.315Z] node: 📦 Exporting table: StockAuditScanLog
[2026-07-12T09:34:30.350Z] node: 📦 Exporting table: StockAuditSnapshotItem
[2026-07-12T09:34:30.384Z] node: 📦 Exporting table: StockMovement
[2026-07-12T09:34:30.432Z] node: 📦 Exporting table: SupplierPayment
[2026-07-12T09:34:30.467Z] node: 📦 Exporting table: SupplierPaymentReceipt
[2026-07-12T09:34:30.502Z] node: 📦 Exporting table: V2CustomerDeposit
[2026-07-12T09:34:30.536Z] node: 📦 Exporting table: V2StockAudit
[2026-07-12T09:34:30.571Z] node: 📦 Exporting table: V2StockAuditItem
[2026-07-12T09:34:30.606Z] node: 📦 Exporting table: WarrantyClaim
[2026-07-12T09:34:33.126Z] node: 🎉 P1 Hardened Backup v6 Type-aware + generic self-reference FK safe restore completed successfully.
[2026-07-12T09:34:33.126Z] node: 💾 Backup file: D:\alpha-tech\server\backups\alphatech_hardened_backup_v6_2026-07-12_2026-07-12T09-34-27-593Z.sql
[2026-07-12T09:34:33.127Z] node: 🧾 Manifest file: D:\alpha-tech\server\backups\alphatech_hardened_backup_v6_2026-07-12_2026-07-12T09-34-27-593Z.manifest.json
[2026-07-12T09:34:33.128Z] node: 📊 Tables exported: 70
[2026-07-12T09:34:33.128Z] node: 📦 Rows exported: 18611
[2026-07-12T09:34:33.128Z] node: 🔢 Sequences prepared: 67
[2026-07-12T09:34:33.129Z] node: 🔐 SHA256: f20a508606afb329e0f6aa43e7d0b1743e98d40a5face9d63572f44cd9855c4c
[2026-07-12T09:34:33.129Z] node: 📐 File size: 5.97 MB
[2026-07-12T09:34:33.129Z] node: ⏱️ Duration: 6.85 seconds
[2026-07-12T09:34:33.130Z] node: ✅ Verification: PASS (70 tables checked)
[2026-07-12T09:34:33.186Z] ▶️  Run: node recovery/upload/uploadBackup.js --manifest D:\alpha-tech\server\backups\alphatech_hardened_backup_v6_2026-07-12_2026-07-12T09-34-27-593Z.manifest.json
[2026-07-12T09:34:33.268Z] node: [2026-07-12T09:34:33.263Z] ============================================================
[2026-07-12T09:34:33.270Z] node: [2026-07-12T09:34:33.269Z] AlphaTech Recovery Upload ALPHATECH-RECOVERY-UPLOAD-V2-S3-COMPATIBLE
[2026-07-12T09:34:33.270Z] node: [2026-07-12T09:34:33.270Z] ============================================================
[2026-07-12T09:34:33.490Z] node stderr: (node:28484) Warning: NodeVersionSupportWarning: The AWS SDK for JavaScript (v3)
[2026-07-12T09:34:33.490Z] node stderr: versions published after the first week of January 2027
[2026-07-12T09:34:33.491Z] node stderr: will require node >=22. You are running node v20.19.0.
[2026-07-12T09:34:33.492Z] node stderr: To continue receiving updates to AWS services, bug fixes,
[2026-07-12T09:34:33.492Z] node stderr: and security updates please upgrade to node >=22.
[2026-07-12T09:34:33.492Z] node stderr: More information can be found at: https://a.co/c895JFp
[2026-07-12T09:34:33.493Z] node stderr: (Use `node --trace-warnings ...` to show where the warning was created)
[2026-07-12T09:34:35.059Z] node: [2026-07-12T09:34:35.058Z] JSON report: D:\alpha-tech\server\recovery\reports\upload-report-2026-07-12T09-34-35-049Z.json
[2026-07-12T09:34:35.060Z] node: [2026-07-12T09:34:35.059Z] TXT report: D:\alpha-tech\server\recovery\reports\upload-report-2026-07-12T09-34-35-049Z.txt
[2026-07-12T09:34:35.061Z] node: [2026-07-12T09:34:35.059Z] Overall: PASS
[2026-07-12T09:34:35.515Z] ------------------------------------------------------------
[2026-07-12T09:34:35.516Z] Target      : cloudflare-r2
[2026-07-12T09:34:35.517Z] Bucket      : saduaksabuy-recovery
[2026-07-12T09:34:35.517Z] Prefix      : alphatech-production/
[2026-07-12T09:34:35.517Z] Retention   : 7 day(s)
[2026-07-12T09:34:35.517Z] Mode        : APPLY
[2026-07-12T09:34:35.518Z] Scanned     : 86
[2026-07-12T09:34:35.518Z] Candidates  : 0
[2026-07-12T09:34:35.518Z] Deleted     : 0
[2026-07-12T09:34:35.518Z] Remaining   : 86
[2026-07-12T09:34:35.519Z] Failed      : 0
[2026-07-12T09:34:35.519Z] ▶️  Run: node recovery/retention/retentionPolicy.js --apply
[2026-07-12T09:34:35.607Z] node: [2026-07-12T09:34:35.601Z] ============================================================
[2026-07-12T09:34:35.609Z] node: [2026-07-12T09:34:35.608Z] 🧹 AlphaTech Recovery Retention ALPHATECH-RECOVERY-RETENTION-V1
[2026-07-12T09:34:35.609Z] node: [2026-07-12T09:34:35.609Z] ============================================================
[2026-07-12T09:34:35.609Z] node: [2026-07-12T09:34:35.609Z] Mode: APPLY
[2026-07-12T09:34:35.620Z] node: [2026-07-12T09:34:35.620Z] ------------------------------------------------------------
[2026-07-12T09:34:35.620Z] node: [2026-07-12T09:34:35.620Z] Target      : local-backups
[2026-07-12T09:34:35.621Z] node: [2026-07-12T09:34:35.621Z] Directory   : D:\alpha-tech\server\backups
[2026-07-12T09:34:35.622Z] node: [2026-07-12T09:34:35.621Z] Retention   : 3 day(s)
[2026-07-12T09:34:35.622Z] node: [2026-07-12T09:34:35.622Z] Scanned     : 46
[2026-07-12T09:34:35.622Z] node: [2026-07-12T09:34:35.622Z] Candidates  : 2
[2026-07-12T09:34:35.623Z] node: [2026-07-12T09:34:35.622Z] Deleted     : 2
[2026-07-12T09:34:35.623Z] node: [2026-07-12T09:34:35.623Z] Remaining   : 44
[2026-07-12T09:34:35.623Z] node: [2026-07-12T09:34:35.623Z] Failed      : 0
[2026-07-12T09:34:35.624Z] node: [2026-07-12T09:34:35.623Z] ------------------------------------------------------------
[2026-07-12T09:34:35.624Z] node: [2026-07-12T09:34:35.624Z] Target      : offsite-local-mirror
[2026-07-12T09:34:35.624Z] node: [2026-07-12T09:34:35.624Z] Directory   : D:\alpha-tech\server\recovery\offsite
[2026-07-12T09:34:35.624Z] node: [2026-07-12T09:34:35.624Z] Retention   : 7 day(s)
[2026-07-12T09:34:35.625Z] node: [2026-07-12T09:34:35.625Z] Scanned     : 12
[2026-07-12T09:34:35.625Z] node: [2026-07-12T09:34:35.625Z] Candidates  : 0
[2026-07-12T09:34:35.625Z] node: [2026-07-12T09:34:35.625Z] Deleted     : 0
[2026-07-12T09:34:35.626Z] node: [2026-07-12T09:34:35.625Z] Remaining   : 12
[2026-07-12T09:34:35.626Z] node: [2026-07-12T09:34:35.626Z] Failed      : 0
[2026-07-12T09:34:35.628Z] node: [2026-07-12T09:34:35.628Z] 🧾 JSON report: D:\alpha-tech\server\recovery\reports\retention-report-2026-07-12T09-34-35-626Z.json
[2026-07-12T09:34:35.628Z] node: [2026-07-12T09:34:35.628Z] 🧾 TXT report: D:\alpha-tech\server\recovery\reports\retention-report-2026-07-12T09-34-35-626Z.txt
[2026-07-12T09:34:35.629Z] node: [2026-07-12T09:34:35.628Z] ✅ Overall: PASS
[2026-07-12T09:34:35.639Z] ▶️  Run: node qbrs.js --manifest D:\alpha-tech\server\backups\alphatech_hardened_backup_v6_2026-07-12_2026-07-12T09-34-27-593Z.manifest.json --init --yes --reset-schema
[2026-07-12T09:34:35.787Z] node: [2026-07-12T09:34:35.785Z] ============================================================
[2026-07-12T09:34:35.788Z] node: [2026-07-12T09:34:35.788Z] 🚑 AlphaTech Restore Tool P1-HARDENED-RESTORE-V3-NODE-PG
[2026-07-12T09:34:35.789Z] node: [2026-07-12T09:34:35.788Z] ============================================================
[2026-07-12T09:34:35.816Z] node: [2026-07-12T09:34:35.815Z] ✅ Manifest loaded.
[2026-07-12T09:34:35.817Z] node: [2026-07-12T09:34:35.816Z] ✅ SQL file: D:\alpha-tech\server\backups\alphatech_hardened_backup_v6_2026-07-12_2026-07-12T09-34-27-593Z.sql
[2026-07-12T09:34:35.817Z] node: [2026-07-12T09:34:35.817Z] ✅ SHA256 verified: f20a508606afb329e0f6aa43e7d0b1743e98d40a5face9d63572f44cd9855c4c
[2026-07-12T09:34:35.819Z] node: [2026-07-12T09:34:35.818Z] 🎯 Target DB: postgresql://postgres:***@db.engqdeyzbvnmxbnpemau.supabase.co:5432/postgres
[2026-07-12T09:34:35.819Z] node: [2026-07-12T09:34:35.819Z] 🎯 Host: db.engqdeyzbvnmxbnpemau.supabase.co
[2026-07-12T09:34:35.820Z] node: [2026-07-12T09:34:35.820Z] 🎯 Port: 5432
[2026-07-12T09:34:35.821Z] node: [2026-07-12T09:34:35.821Z] 🎯 Database: postgres
[2026-07-12T09:34:35.822Z] node: [2026-07-12T09:34:35.821Z] 🎯 Schema: public
[2026-07-12T09:34:36.183Z] node: [2026-07-12T09:34:36.183Z] 🔌 Connected to target PostgreSQL successfully.
[2026-07-12T09:34:39.470Z] node: [2026-07-12T09:34:39.469Z] 📊 Existing tables: 70
[2026-07-12T09:34:39.470Z] node: [2026-07-12T09:34:39.470Z] 📦 Existing rows: 18280
[2026-07-12T09:34:39.478Z] node: [2026-07-12T09:34:39.470Z] 🔎 Product: 1332
[2026-07-12T09:34:39.479Z] node: [2026-07-12T09:34:39.470Z] 🔎 BranchPrice: 1330
[2026-07-12T09:34:39.481Z] node: [2026-07-12T09:34:39.470Z] 🔎 StockItem: 1390
[2026-07-12T09:34:39.481Z] node: [2026-07-12T09:34:39.471Z] 🔎 Sale: 5
[2026-07-12T09:34:39.482Z] node: [2026-07-12T09:34:39.471Z] 🔎 SaleItem: 7
[2026-07-12T09:34:39.482Z] node: [2026-07-12T09:34:39.471Z] 🔎 SaleItemSimple: 0
[2026-07-12T09:34:39.482Z] node: [2026-07-12T09:34:39.472Z] 🔎 Payment: 3
[2026-07-12T09:34:39.483Z] node: [2026-07-12T09:34:39.472Z] 🔎 PaymentItem: 3
[2026-07-12T09:34:39.737Z] node: [2026-07-12T09:34:39.736Z] 🧨 Resetting target schema "public" before restore...
[2026-07-12T09:34:39.737Z] node: [2026-07-12T09:34:39.736Z] 🛡️ This action is intended for Recovery / Standby DB only.
[2026-07-12T09:34:40.283Z] node: [2026-07-12T09:34:40.282Z] ✅ Schema "public" reset completed.
[2026-07-12T09:34:40.318Z] node: [2026-07-12T09:34:40.318Z] 🧱 Running Prisma db push against Recovery DB only...
[2026-07-12T09:34:40.319Z] node: [2026-07-12T09:34:40.318Z] 🛡️ DATABASE_URL is injected from RESTORE_DATABASE_URL/RECOVERY_DATABASE_URL for this process only.
[2026-07-12T09:34:45.312Z] node: [2026-07-12T09:34:45.311Z] npx stderr: Environment variables loaded from .env
[2026-07-12T09:34:45.313Z] node: [2026-07-12T09:34:45.312Z] npx: Prisma schema loaded from prisma\schema.prisma
[2026-07-12T09:34:45.324Z] node: [2026-07-12T09:34:45.324Z] npx: Datasource "db": PostgreSQL database "postgres", schema "public" at "db.engqdeyzbvnmxbnpemau.supabase.co:5432"
[2026-07-12T09:35:01.206Z] node: [2026-07-12T09:35:01.205Z] npx: Your database is now in sync with your Prisma schema. Done in 15.29s
[2026-07-12T09:35:01.209Z] node: [2026-07-12T09:35:01.208Z] npx: Running generate... (Use --skip-generate to skip the generators)
[2026-07-12T09:35:02.822Z] node: [2026-07-12T09:35:02.821Z] npx: [2K[1A[2K[GRunning generate... - Prisma Client
[2026-07-12T09:35:04.310Z] node: [2026-07-12T09:35:04.309Z] npx: [2K[1A[2K[G✔ Generated Prisma Client (v6.16.2) to .\node_modules\.prisma\client in 1.49s
[2026-07-12T09:35:04.371Z] node: [2026-07-12T09:35:04.370Z] ✅ Prisma db push completed for Recovery DB.
[2026-07-12T09:35:07.620Z] node: [2026-07-12T09:35:07.619Z] 📊 Existing tables: 70
[2026-07-12T09:35:07.620Z] node: [2026-07-12T09:35:07.620Z] 📦 Existing rows: 0
[2026-07-12T09:35:07.622Z] node: [2026-07-12T09:35:07.620Z] 🔎 Product: 0
[2026-07-12T09:35:07.622Z] node: [2026-07-12T09:35:07.620Z] 🔎 BranchPrice: 0
[2026-07-12T09:35:07.622Z] node: [2026-07-12T09:35:07.620Z] 🔎 StockItem: 0
[2026-07-12T09:35:07.623Z] node: [2026-07-12T09:35:07.621Z] 🔎 Sale: 0
[2026-07-12T09:35:07.623Z] node: [2026-07-12T09:35:07.621Z] 🔎 SaleItem: 0
[2026-07-12T09:35:07.623Z] node: [2026-07-12T09:35:07.621Z] 🔎 SaleItemSimple: 0
[2026-07-12T09:35:07.623Z] node: [2026-07-12T09:35:07.621Z] 🔎 Payment: 0
[2026-07-12T09:35:07.624Z] node: [2026-07-12T09:35:07.621Z] 🔎 PaymentItem: 0
[2026-07-12T09:35:07.754Z] node: [2026-07-12T09:35:07.754Z] 📖 SQL loaded into memory (5.97 MB).
[2026-07-12T09:35:07.755Z] node: [2026-07-12T09:35:07.754Z] 🚚 Starting SQL restore via Node.js pg client...
[2026-07-12T09:35:10.892Z] node: [2026-07-12T09:35:10.866Z] ✅ SQL restore completed via Node.js pg client.
[2026-07-12T09:35:13.936Z] node: [2026-07-12T09:35:13.936Z] ✅ Restore verification PASS (70 tables checked).
[2026-07-12T09:35:13.937Z] node: [2026-07-12T09:35:13.936Z] 🎉 Restore completed successfully in 38.15 seconds.
[2026-07-12T09:35:13.952Z] ▶️  Run: node recovery/verify/qbv.js
[2026-07-12T09:35:14.131Z] node: [2026-07-12T09:35:14.129Z] ============================================================
[2026-07-12T09:35:14.133Z] node: [2026-07-12T09:35:14.133Z] 🔎 AlphaTech Integrity Verification ALPHATECH-RECOVERY-VERIFY-V1
[2026-07-12T09:35:14.134Z] node: [2026-07-12T09:35:14.133Z] ============================================================
[2026-07-12T09:35:14.135Z] node: [2026-07-12T09:35:14.134Z] Collecting Production snapshot...
[2026-07-12T09:35:24.702Z] node: [2026-07-12T09:35:24.702Z] Collecting Recovery snapshot...
[2026-07-12T09:35:34.617Z] node: [2026-07-12T09:35:34.618Z] Comparing snapshots...
[2026-07-12T09:35:34.632Z] node: [2026-07-12T09:35:34.632Z] 🧾 JSON report: D:\alpha-tech\server\recovery\reports\verification-report_2026-07-12T09-35-34-622Z.json
[2026-07-12T09:35:34.633Z] node: [2026-07-12T09:35:34.633Z] 🧾 TXT report: D:\alpha-tech\server\recovery\reports\verification-report_2026-07-12T09-35-34-622Z.txt
[2026-07-12T09:35:34.634Z] node: [2026-07-12T09:35:34.633Z] ✅ Overall: FAIL
[2026-07-12T09:35:34.650Z] 🧾 Job manifest: D:\alpha-tech\server\recovery\jobs\job-2026-07-12T09-34-22-645Z.json
[2026-07-12T09:35:34.650Z] ❌ Job result: FAIL exitCode=40
