[2026-07-11T15:34:22.629Z] ============================================================
[2026-07-11T15:34:22.636Z] 🧭 AlphaTech Recovery Retention Workflow ALPHATECH-RECOVERY-JOB-RUNNER-V7-R2-RETENTION
[2026-07-11T15:34:22.636Z] ============================================================
[2026-07-11T15:34:22.637Z] Mode: backup-workflow
[2026-07-11T15:34:22.637Z] ▶️  Run: node recovery/health/healthCheck.js
[2026-07-11T15:34:22.820Z] node: [2026-07-11T15:34:22.817Z] ============================================================
[2026-07-11T15:34:22.821Z] node: [2026-07-11T15:34:22.821Z] 🩺 AlphaTech Recovery Health Check ALPHATECH-RECOVERY-HEALTH-CHECK-V1
[2026-07-11T15:34:22.822Z] node: [2026-07-11T15:34:22.821Z] ============================================================
[2026-07-11T15:34:23.700Z] node: [2026-07-11T15:34:23.700Z] 🧾 JSON report: D:\alpha-tech\server\recovery\reports\health-check-2026-07-11T15-34-23-698Z.json
[2026-07-11T15:34:23.701Z] node: [2026-07-11T15:34:23.700Z] 🧾 TXT report: D:\alpha-tech\server\recovery\reports\health-check-2026-07-11T15-34-23-698Z.txt
[2026-07-11T15:34:23.702Z] node: [2026-07-11T15:34:23.701Z] ✅ Overall: PASS
[2026-07-11T15:34:23.714Z] ▶️  Run: node qb.js
[2026-07-11T15:34:24.135Z] node: 🔌 Connected to PostgreSQL successfully.
[2026-07-11T15:34:24.137Z] node: ⏳ Starting P1 Hardened Backup v6 Type-aware + generic self-reference FK safe restore...
[2026-07-11T15:34:27.788Z] node: 📦 Exporting table: Bank
[2026-07-11T15:34:27.825Z] node: 📦 Exporting table: Brand
[2026-07-11T15:34:27.866Z] node: 📦 Exporting table: Category
[2026-07-11T15:34:27.900Z] node: 📦 Exporting table: GlobalProductType
[2026-07-11T15:34:27.934Z] node: 📦 Exporting table: Position
[2026-07-11T15:34:27.968Z] node: 📦 Exporting table: Province
[2026-07-11T15:34:28.003Z] node: 📦 Exporting table: District
[2026-07-11T15:34:28.058Z] node: 📦 Exporting table: Subdistrict
[2026-07-11T15:34:28.244Z] node: 📦 Exporting table: Branch
[2026-07-11T15:34:28.282Z] node: 📦 Exporting table: BarcodeCounter
[2026-07-11T15:34:28.316Z] node: 📦 Exporting table: PaymentCodeCounter
[2026-07-11T15:34:28.350Z] node: 📦 Exporting table: ProductType
[2026-07-11T15:34:28.387Z] node: 📦 Exporting table: ProductTypeBrand
[2026-07-11T15:34:28.426Z] node: 📦 Exporting table: Supplier
[2026-07-11T15:34:28.459Z] node: 📦 Exporting table: Unit
[2026-07-11T15:34:28.493Z] node: 📦 Exporting table: Product
[2026-07-11T15:34:28.602Z] node: 📦 Exporting table: BranchPrice
[2026-07-11T15:34:28.668Z] node: 📦 Exporting table: ProductImage
[2026-07-11T15:34:28.702Z] node: 📦 Exporting table: StockBalance
[2026-07-11T15:34:28.747Z] node: 📦 Exporting table: User
[2026-07-11T15:34:28.788Z] node: 📦 Exporting table: CustomerProfile
[2026-07-11T15:34:28.829Z] node: 📦 Exporting table: Cart
[2026-07-11T15:34:28.863Z] node: 📦 Exporting table: CartItem
[2026-07-11T15:34:28.897Z] node: 📦 Exporting table: EmployeeProfile
[2026-07-11T15:34:28.931Z] node: 📦 Exporting table: CombinedBillingDocument
[2026-07-11T15:34:28.965Z] node: 📦 Exporting table: CombinedSaleDocument
[2026-07-11T15:34:28.998Z] node: 📦 Exporting table: CustomerDeposit
[2026-07-11T15:34:29.033Z] node: 📦 Exporting table: CustomerReceipts
[2026-07-11T15:34:29.066Z] node: 📦 Exporting table: InputTaxFilingBatch
[2026-07-11T15:34:29.100Z] node: 📦 Exporting table: Order
[2026-07-11T15:34:29.134Z] node: 📦 Exporting table: OrderOnline
[2026-07-11T15:34:29.167Z] node: 📦 Exporting table: OrderOnlineItem
[2026-07-11T15:34:29.201Z] node: 📦 Exporting table: PasswordResetToken
[2026-07-11T15:34:29.235Z] node: 📦 Exporting table: ProductOnOrder
[2026-07-11T15:34:29.269Z] node: 📦 Exporting table: PurchaseOrder
[2026-07-11T15:34:29.305Z] node: 📦 Exporting table: PurchaseOrderItem
[2026-07-11T15:34:29.339Z] node: 📦 Exporting table: PurchaseOrderReceipt
[2026-07-11T15:34:29.374Z] node: 📦 Exporting table: InputTaxFilingItem
[2026-07-11T15:34:29.408Z] node: 📦 Exporting table: PurchaseOrderReceiptItem
[2026-07-11T15:34:29.441Z] node: 📦 Exporting table: RefreshToken
[2026-07-11T15:34:29.648Z] node: 📦 Exporting table: Sale
[2026-07-11T15:34:29.685Z] node: 📦 Exporting table: CustomerReceiptAllocations
[2026-07-11T15:34:29.725Z] node: 📦 Exporting table: Payment
[2026-07-11T15:34:29.763Z] node: 📦 Exporting table: DepositUsage
[2026-07-11T15:34:29.804Z] node: 📦 Exporting table: PaymentItem
[2026-07-11T15:34:29.839Z] node: 📦 Exporting table: SaleReturn
[2026-07-11T15:34:29.873Z] node: 📦 Exporting table: RefundTransaction
[2026-07-11T15:34:29.907Z] node: 📦 Exporting table: SalesTaxFilingBatch
[2026-07-11T15:34:29.940Z] node: 📦 Exporting table: SalesTaxFilingItem
[2026-07-11T15:34:29.975Z] node: 📦 Exporting table: ServiceOrder
[2026-07-11T15:34:30.009Z] node: 📦 Exporting table: ServiceItem
[2026-07-11T15:34:30.043Z] node: 📦 Exporting table: SimpleLot
[2026-07-11T15:34:30.076Z] node: 📦 Exporting table: SaleItemSimple
[2026-07-11T15:34:30.110Z] node: 📦 Exporting table: SaleReturnItemSimple
[2026-07-11T15:34:30.144Z] node: 📦 Exporting table: StockAuditSession
[2026-07-11T15:34:30.178Z] node: 📦 Exporting table: StockItem
[2026-07-11T15:34:30.257Z] node: 📦 Exporting table: BarcodeReceiptItem
[2026-07-11T15:34:30.291Z] node: 📦 Exporting table: RepairJob
[2026-07-11T15:34:30.325Z] node: 📦 Exporting table: RepairPartItem
[2026-07-11T15:34:30.359Z] node: 📦 Exporting table: SaleItem
[2026-07-11T15:34:30.393Z] node: 📦 Exporting table: SaleReturnItem
[2026-07-11T15:34:30.428Z] node: 📦 Exporting table: StockAuditScanLog
[2026-07-11T15:34:30.462Z] node: 📦 Exporting table: StockAuditSnapshotItem
[2026-07-11T15:34:30.496Z] node: 📦 Exporting table: StockMovement
[2026-07-11T15:34:30.538Z] node: 📦 Exporting table: SupplierPayment
[2026-07-11T15:34:30.577Z] node: 📦 Exporting table: SupplierPaymentReceipt
[2026-07-11T15:34:30.611Z] node: 📦 Exporting table: V2CustomerDeposit
[2026-07-11T15:34:30.645Z] node: 📦 Exporting table: V2StockAudit
[2026-07-11T15:34:30.679Z] node: 📦 Exporting table: V2StockAuditItem
[2026-07-11T15:34:30.712Z] node: 📦 Exporting table: WarrantyClaim
[2026-07-11T15:34:33.220Z] node: 🎉 P1 Hardened Backup v6 Type-aware + generic self-reference FK safe restore completed successfully.
[2026-07-11T15:34:33.221Z] node: 💾 Backup file: D:\alpha-tech\server\backups\alphatech_hardened_backup_v6_2026-07-11_2026-07-11T15-34-27-755Z.sql
[2026-07-11T15:34:33.222Z] node: 🧾 Manifest file: D:\alpha-tech\server\backups\alphatech_hardened_backup_v6_2026-07-11_2026-07-11T15-34-27-755Z.manifest.json
[2026-07-11T15:34:33.222Z] node: 📊 Tables exported: 70
[2026-07-11T15:34:33.223Z] node: 📦 Rows exported: 17388
[2026-07-11T15:34:33.223Z] node: 🔢 Sequences prepared: 67
[2026-07-11T15:34:33.223Z] node: 🔐 SHA256: fc86c3855c9407a6a0750588bf22903e153b73052f0b9cfe6faf9ed8008b3cba
[2026-07-11T15:34:33.224Z] node: 📐 File size: 5.41 MB
[2026-07-11T15:34:33.224Z] node: ⏱️ Duration: 6.92 seconds
[2026-07-11T15:34:33.224Z] node: ✅ Verification: PASS (70 tables checked)
[2026-07-11T15:34:33.279Z] ▶️  Run: node recovery/upload/uploadBackup.js --manifest D:\alpha-tech\server\backups\alphatech_hardened_backup_v6_2026-07-11_2026-07-11T15-34-27-755Z.manifest.json
[2026-07-11T15:34:33.365Z] node: [2026-07-11T15:34:33.360Z] ============================================================
[2026-07-11T15:34:33.366Z] node: [2026-07-11T15:34:33.367Z] AlphaTech Recovery Upload ALPHATECH-RECOVERY-UPLOAD-V2-S3-COMPATIBLE
[2026-07-11T15:34:33.367Z] node: [2026-07-11T15:34:33.367Z] ============================================================
[2026-07-11T15:34:33.577Z] node stderr: (node:9716) Warning: NodeVersionSupportWarning: The AWS SDK for JavaScript (v3)
[2026-07-11T15:34:33.577Z] node stderr: versions published after the first week of January 2027
[2026-07-11T15:34:33.578Z] node stderr: will require node >=22. You are running node v20.19.0.
[2026-07-11T15:34:33.581Z] node stderr: To continue receiving updates to AWS services, bug fixes,
[2026-07-11T15:34:33.581Z] node stderr: and security updates please upgrade to node >=22.
[2026-07-11T15:34:33.581Z] node stderr: More information can be found at: https://a.co/c895JFp
[2026-07-11T15:34:33.582Z] node stderr: (Use `node --trace-warnings ...` to show where the warning was created)
[2026-07-11T15:34:37.445Z] node: [2026-07-11T15:34:37.445Z] JSON report: D:\alpha-tech\server\recovery\reports\upload-report-2026-07-11T15-34-37-444Z.json
[2026-07-11T15:34:37.445Z] node: [2026-07-11T15:34:37.446Z] TXT report: D:\alpha-tech\server\recovery\reports\upload-report-2026-07-11T15-34-37-444Z.txt
[2026-07-11T15:34:37.447Z] node: [2026-07-11T15:34:37.446Z] Overall: PASS
[2026-07-11T15:34:38.064Z] ------------------------------------------------------------
[2026-07-11T15:34:38.065Z] Target      : cloudflare-r2
[2026-07-11T15:34:38.066Z] Bucket      : saduaksabuy-recovery
[2026-07-11T15:34:38.066Z] Prefix      : alphatech-production/
[2026-07-11T15:34:38.066Z] Retention   : 7 day(s)
[2026-07-11T15:34:38.066Z] Mode        : APPLY
[2026-07-11T15:34:38.066Z] Scanned     : 76
[2026-07-11T15:34:38.067Z] Candidates  : 0
[2026-07-11T15:34:38.067Z] Deleted     : 0
[2026-07-11T15:34:38.067Z] Remaining   : 76
[2026-07-11T15:34:38.067Z] Failed      : 0
[2026-07-11T15:34:38.068Z] ▶️  Run: node recovery/retention/retentionPolicy.js --apply
[2026-07-11T15:34:38.155Z] node: [2026-07-11T15:34:38.149Z] ============================================================
[2026-07-11T15:34:38.156Z] node: [2026-07-11T15:34:38.156Z] 🧹 AlphaTech Recovery Retention ALPHATECH-RECOVERY-RETENTION-V1
[2026-07-11T15:34:38.157Z] node: [2026-07-11T15:34:38.157Z] ============================================================
[2026-07-11T15:34:38.157Z] node: [2026-07-11T15:34:38.157Z] Mode: APPLY
[2026-07-11T15:34:38.165Z] node: [2026-07-11T15:34:38.166Z] ------------------------------------------------------------
[2026-07-11T15:34:38.166Z] node: [2026-07-11T15:34:38.166Z] Target      : local-backups
[2026-07-11T15:34:38.166Z] node: [2026-07-11T15:34:38.166Z] Directory   : D:\alpha-tech\server\backups
[2026-07-11T15:34:38.166Z] node: [2026-07-11T15:34:38.166Z] Retention   : 3 day(s)
[2026-07-11T15:34:38.167Z] node: [2026-07-11T15:34:38.167Z] Scanned     : 46
[2026-07-11T15:34:38.167Z] node: [2026-07-11T15:34:38.167Z] Candidates  : 2
[2026-07-11T15:34:38.168Z] node: [2026-07-11T15:34:38.168Z] Deleted     : 2
[2026-07-11T15:34:38.169Z] node: [2026-07-11T15:34:38.168Z] Remaining   : 44
[2026-07-11T15:34:38.169Z] node: [2026-07-11T15:34:38.168Z] Failed      : 0
[2026-07-11T15:34:38.169Z] node: [2026-07-11T15:34:38.169Z] ------------------------------------------------------------
[2026-07-11T15:34:38.170Z] node: [2026-07-11T15:34:38.169Z] Target      : offsite-local-mirror
[2026-07-11T15:34:38.170Z] node: [2026-07-11T15:34:38.169Z] Directory   : D:\alpha-tech\server\recovery\offsite
[2026-07-11T15:34:38.170Z] node: [2026-07-11T15:34:38.169Z] Retention   : 7 day(s)
[2026-07-11T15:34:38.171Z] node: [2026-07-11T15:34:38.170Z] Scanned     : 12
[2026-07-11T15:34:38.171Z] node: [2026-07-11T15:34:38.170Z] Candidates  : 0
[2026-07-11T15:34:38.172Z] node: [2026-07-11T15:34:38.170Z] Deleted     : 0
[2026-07-11T15:34:38.172Z] node: [2026-07-11T15:34:38.170Z] Remaining   : 12
[2026-07-11T15:34:38.173Z] node: [2026-07-11T15:34:38.171Z] Failed      : 0
[2026-07-11T15:34:38.174Z] node: [2026-07-11T15:34:38.174Z] 🧾 JSON report: D:\alpha-tech\server\recovery\reports\retention-report-2026-07-11T15-34-38-171Z.json
[2026-07-11T15:34:38.174Z] node: [2026-07-11T15:34:38.174Z] 🧾 TXT report: D:\alpha-tech\server\recovery\reports\retention-report-2026-07-11T15-34-38-171Z.txt
[2026-07-11T15:34:38.174Z] node: [2026-07-11T15:34:38.174Z] ✅ Overall: PASS
[2026-07-11T15:34:38.186Z] ▶️  Run: node qbrs.js --manifest D:\alpha-tech\server\backups\alphatech_hardened_backup_v6_2026-07-11_2026-07-11T15-34-27-755Z.manifest.json --init --yes --reset-schema
[2026-07-11T15:34:38.337Z] node: [2026-07-11T15:34:38.335Z] ============================================================
[2026-07-11T15:34:38.339Z] node: [2026-07-11T15:34:38.339Z] 🚑 AlphaTech Restore Tool P1-HARDENED-RESTORE-V3-NODE-PG
[2026-07-11T15:34:38.340Z] node: [2026-07-11T15:34:38.340Z] ============================================================
[2026-07-11T15:34:38.366Z] node: [2026-07-11T15:34:38.366Z] ✅ Manifest loaded.
[2026-07-11T15:34:38.366Z] node: [2026-07-11T15:34:38.366Z] ✅ SQL file: D:\alpha-tech\server\backups\alphatech_hardened_backup_v6_2026-07-11_2026-07-11T15-34-27-755Z.sql
[2026-07-11T15:34:38.367Z] node: [2026-07-11T15:34:38.366Z] ✅ SHA256 verified: fc86c3855c9407a6a0750588bf22903e153b73052f0b9cfe6faf9ed8008b3cba
[2026-07-11T15:34:38.368Z] node: [2026-07-11T15:34:38.368Z] 🎯 Target DB: postgresql://postgres:***@db.engqdeyzbvnmxbnpemau.supabase.co:5432/postgres
[2026-07-11T15:34:38.368Z] node: [2026-07-11T15:34:38.368Z] 🎯 Host: db.engqdeyzbvnmxbnpemau.supabase.co
[2026-07-11T15:34:38.369Z] node: [2026-07-11T15:34:38.368Z] 🎯 Port: 5432
[2026-07-11T15:34:38.369Z] node: [2026-07-11T15:34:38.369Z] 🎯 Database: postgres
[2026-07-11T15:34:38.370Z] node: [2026-07-11T15:34:38.369Z] 🎯 Schema: public
[2026-07-11T15:34:38.739Z] node: [2026-07-11T15:34:38.739Z] 🔌 Connected to target PostgreSQL successfully.
[2026-07-11T15:34:42.012Z] node: [2026-07-11T15:34:42.012Z] 📊 Existing tables: 70
[2026-07-11T15:34:42.013Z] node: [2026-07-11T15:34:42.012Z] 📦 Existing rows: 17279
[2026-07-11T15:34:42.014Z] node: [2026-07-11T15:34:42.013Z] 🔎 Product: 1187
[2026-07-11T15:34:42.015Z] node: [2026-07-11T15:34:42.013Z] 🔎 BranchPrice: 1185
[2026-07-11T15:34:42.015Z] node: [2026-07-11T15:34:42.013Z] 🔎 StockItem: 1040
[2026-07-11T15:34:42.016Z] node: [2026-07-11T15:34:42.013Z] 🔎 Sale: 4
[2026-07-11T15:34:42.016Z] node: [2026-07-11T15:34:42.013Z] 🔎 SaleItem: 6
[2026-07-11T15:34:42.016Z] node: [2026-07-11T15:34:42.014Z] 🔎 SaleItemSimple: 0
[2026-07-11T15:34:42.017Z] node: [2026-07-11T15:34:42.014Z] 🔎 Payment: 2
[2026-07-11T15:34:42.017Z] node: [2026-07-11T15:34:42.014Z] 🔎 PaymentItem: 2
[2026-07-11T15:34:42.262Z] node: [2026-07-11T15:34:42.261Z] 🧨 Resetting target schema "public" before restore...
[2026-07-11T15:34:42.262Z] node: [2026-07-11T15:34:42.262Z] 🛡️ This action is intended for Recovery / Standby DB only.
[2026-07-11T15:34:42.861Z] node: [2026-07-11T15:34:42.861Z] ✅ Schema "public" reset completed.
[2026-07-11T15:34:42.896Z] node: [2026-07-11T15:34:42.896Z] 🧱 Running Prisma db push against Recovery DB only...
[2026-07-11T15:34:42.897Z] node: [2026-07-11T15:34:42.896Z] 🛡️ DATABASE_URL is injected from RESTORE_DATABASE_URL/RECOVERY_DATABASE_URL for this process only.
[2026-07-11T15:34:46.344Z] node: [2026-07-11T15:34:46.344Z] npx stderr: Environment variables loaded from .env
[2026-07-11T15:34:46.345Z] node: [2026-07-11T15:34:46.345Z] npx: Prisma schema loaded from prisma\schema.prisma
[2026-07-11T15:34:46.357Z] node: [2026-07-11T15:34:46.357Z] npx: Datasource "db": PostgreSQL database "postgres", schema "public" at "db.engqdeyzbvnmxbnpemau.supabase.co:5432"
[2026-07-11T15:35:03.554Z] node: [2026-07-11T15:35:03.554Z] npx: Your database is now in sync with your Prisma schema. Done in 16.64s
[2026-07-11T15:35:03.557Z] node: [2026-07-11T15:35:03.556Z] npx: Running generate... (Use --skip-generate to skip the generators)
[2026-07-11T15:35:04.706Z] node: [2026-07-11T15:35:04.706Z] npx: [2K[1A[2K[GRunning generate... - Prisma Client
[2026-07-11T15:35:06.022Z] node: [2026-07-11T15:35:06.022Z] npx: [2K[1A[2K[G✔ Generated Prisma Client (v6.16.2) to .\node_modules\.prisma\client in 1.31s
[2026-07-11T15:35:06.079Z] node: [2026-07-11T15:35:06.078Z] ✅ Prisma db push completed for Recovery DB.
[2026-07-11T15:35:08.925Z] node: [2026-07-11T15:35:08.925Z] 📊 Existing tables: 70
[2026-07-11T15:35:08.926Z] node: [2026-07-11T15:35:08.925Z] 📦 Existing rows: 0
[2026-07-11T15:35:08.931Z] node: [2026-07-11T15:35:08.926Z] 🔎 Product: 0
[2026-07-11T15:35:08.933Z] node: [2026-07-11T15:35:08.926Z] 🔎 BranchPrice: 0
[2026-07-11T15:35:08.936Z] node: [2026-07-11T15:35:08.926Z] 🔎 StockItem: 0
[2026-07-11T15:35:08.939Z] node: [2026-07-11T15:35:08.926Z] 🔎 Sale: 0
[2026-07-11T15:35:08.941Z] node: [2026-07-11T15:35:08.926Z] 🔎 SaleItem: 0
[2026-07-11T15:35:08.942Z] node: [2026-07-11T15:35:08.926Z] 🔎 SaleItemSimple: 0
[2026-07-11T15:35:08.943Z] node: [2026-07-11T15:35:08.927Z] 🔎 Payment: 0
[2026-07-11T15:35:08.944Z] node: [2026-07-11T15:35:08.927Z] 🔎 PaymentItem: 0
[2026-07-11T15:35:08.999Z] node: [2026-07-11T15:35:08.999Z] 📖 SQL loaded into memory (5.41 MB).
[2026-07-11T15:35:09.002Z] node: [2026-07-11T15:35:08.999Z] 🚚 Starting SQL restore via Node.js pg client...
[2026-07-11T15:35:11.729Z] node: [2026-07-11T15:35:11.729Z] ✅ SQL restore completed via Node.js pg client.
[2026-07-11T15:35:14.594Z] node: [2026-07-11T15:35:14.594Z] ✅ Restore verification PASS (70 tables checked).
[2026-07-11T15:35:14.597Z] node: [2026-07-11T15:35:14.594Z] 🎉 Restore completed successfully in 36.26 seconds.
[2026-07-11T15:35:14.608Z] ▶️  Run: node recovery/verify/qbv.js
[2026-07-11T15:35:14.772Z] node: [2026-07-11T15:35:14.770Z] ============================================================
[2026-07-11T15:35:14.774Z] node: [2026-07-11T15:35:14.774Z] 🔎 AlphaTech Integrity Verification ALPHATECH-RECOVERY-VERIFY-V1
[2026-07-11T15:35:14.775Z] node: [2026-07-11T15:35:14.774Z] ============================================================
[2026-07-11T15:35:14.775Z] node: [2026-07-11T15:35:14.775Z] Collecting Production snapshot...
[2026-07-11T15:35:25.773Z] node: [2026-07-11T15:35:25.773Z] Collecting Recovery snapshot...
[2026-07-11T15:35:36.643Z] node: [2026-07-11T15:35:36.642Z] Comparing snapshots...
[2026-07-11T15:35:36.650Z] node: [2026-07-11T15:35:36.650Z] 🧾 JSON report: D:\alpha-tech\server\recovery\reports\verification-report_2026-07-11T15-35-36-647Z.json
[2026-07-11T15:35:36.651Z] node: [2026-07-11T15:35:36.650Z] 🧾 TXT report: D:\alpha-tech\server\recovery\reports\verification-report_2026-07-11T15-35-36-647Z.txt
[2026-07-11T15:35:36.651Z] node: [2026-07-11T15:35:36.650Z] ✅ Overall: PASS
[2026-07-11T15:35:36.666Z] 🧾 Job manifest: D:\alpha-tech\server\recovery\jobs\job-2026-07-11T15-34-22-627Z.json
[2026-07-11T15:35:36.666Z] ✅ Job result: PASS exitCode=0
