[2026-07-17T15:34:22.901Z] ============================================================
[2026-07-17T15:34:22.908Z] 🧭 AlphaTech Recovery Retention Workflow ALPHATECH-RECOVERY-JOB-RUNNER-V7-R2-RETENTION
[2026-07-17T15:34:22.908Z] ============================================================
[2026-07-17T15:34:22.908Z] Mode: backup-workflow
[2026-07-17T15:34:22.909Z] ▶️  Run: node recovery/health/healthCheck.js
[2026-07-17T15:34:23.140Z] node: [2026-07-17T15:34:23.137Z] ============================================================
[2026-07-17T15:34:23.141Z] node: [2026-07-17T15:34:23.141Z] 🩺 AlphaTech Recovery Health Check ALPHATECH-RECOVERY-HEALTH-CHECK-V1
[2026-07-17T15:34:23.142Z] node: [2026-07-17T15:34:23.141Z] ============================================================
[2026-07-17T15:34:24.054Z] node: [2026-07-17T15:34:24.053Z] 🧾 JSON report: D:\alpha-tech\server\recovery\reports\health-check-2026-07-17T15-34-24-051Z.json
[2026-07-17T15:34:24.055Z] node: [2026-07-17T15:34:24.054Z] 🧾 TXT report: D:\alpha-tech\server\recovery\reports\health-check-2026-07-17T15-34-24-051Z.txt
[2026-07-17T15:34:24.055Z] node: [2026-07-17T15:34:24.054Z] ✅ Overall: PASS
[2026-07-17T15:34:24.069Z] ▶️  Run: node qb.js
[2026-07-17T15:34:24.520Z] node: 🔌 Connected to PostgreSQL successfully.
[2026-07-17T15:34:24.530Z] node: ⏳ Starting P1 Hardened Backup v6 Type-aware + generic self-reference FK safe restore...
[2026-07-17T15:34:29.913Z] node: 📦 Exporting table: Bank
[2026-07-17T15:34:29.995Z] node: 📦 Exporting table: Brand
[2026-07-17T15:34:30.092Z] node: 📦 Exporting table: Category
[2026-07-17T15:34:30.189Z] node: 📦 Exporting table: GlobalProductType
[2026-07-17T15:34:30.226Z] node: 📦 Exporting table: Position
[2026-07-17T15:34:30.259Z] node: 📦 Exporting table: Province
[2026-07-17T15:34:30.294Z] node: 📦 Exporting table: District
[2026-07-17T15:34:30.386Z] node: 📦 Exporting table: Subdistrict
[2026-07-17T15:34:31.381Z] node: 📦 Exporting table: Branch
[2026-07-17T15:34:31.431Z] node: 📦 Exporting table: BarcodeCounter
[2026-07-17T15:34:31.485Z] node: 📦 Exporting table: PaymentCodeCounter
[2026-07-17T15:34:31.534Z] node: 📦 Exporting table: ProductType
[2026-07-17T15:34:31.682Z] node: 📦 Exporting table: ProductTypeBrand
[2026-07-17T15:34:31.684Z] node: 📦 Exporting table: Supplier
[2026-07-17T15:34:31.685Z] node: 📦 Exporting table: Unit
[2026-07-17T15:34:31.685Z] node: 📦 Exporting table: Product
[2026-07-17T15:34:32.676Z] node: 📦 Exporting table: BranchPrice
[2026-07-17T15:34:32.822Z] node: 📦 Exporting table: ProductImage
[2026-07-17T15:34:32.857Z] node: 📦 Exporting table: StockBalance
[2026-07-17T15:34:32.919Z] node: 📦 Exporting table: User
[2026-07-17T15:34:32.958Z] node: 📦 Exporting table: CustomerProfile
[2026-07-17T15:34:33.000Z] node: 📦 Exporting table: Cart
[2026-07-17T15:34:33.030Z] node: 📦 Exporting table: CartItem
[2026-07-17T15:34:33.064Z] node: 📦 Exporting table: EmployeeProfile
[2026-07-17T15:34:33.098Z] node: 📦 Exporting table: CombinedBillingDocument
[2026-07-17T15:34:33.130Z] node: 📦 Exporting table: CombinedSaleDocument
[2026-07-17T15:34:33.175Z] node: 📦 Exporting table: CustomerDeposit
[2026-07-17T15:34:33.207Z] node: 📦 Exporting table: CustomerReceipts
[2026-07-17T15:34:33.240Z] node: 📦 Exporting table: InputTaxFilingBatch
[2026-07-17T15:34:33.273Z] node: 📦 Exporting table: Order
[2026-07-17T15:34:33.306Z] node: 📦 Exporting table: OrderOnline
[2026-07-17T15:34:33.341Z] node: 📦 Exporting table: OrderOnlineItem
[2026-07-17T15:34:33.374Z] node: 📦 Exporting table: PasswordResetToken
[2026-07-17T15:34:33.411Z] node: 📦 Exporting table: ProductOnOrder
[2026-07-17T15:34:33.448Z] node: 📦 Exporting table: PurchaseOrder
[2026-07-17T15:34:33.494Z] node: 📦 Exporting table: PurchaseOrderItem
[2026-07-17T15:34:33.522Z] node: 📦 Exporting table: PurchaseOrderReceipt
[2026-07-17T15:34:33.559Z] node: 📦 Exporting table: InputTaxFilingItem
[2026-07-17T15:34:33.592Z] node: 📦 Exporting table: PurchaseOrderReceiptItem
[2026-07-17T15:34:33.627Z] node: 📦 Exporting table: RefreshToken
[2026-07-17T15:34:33.985Z] node: 📦 Exporting table: Sale
[2026-07-17T15:34:34.021Z] node: 📦 Exporting table: CustomerReceiptAllocations
[2026-07-17T15:34:34.053Z] node: 📦 Exporting table: Payment
[2026-07-17T15:34:34.093Z] node: 📦 Exporting table: DepositUsage
[2026-07-17T15:34:34.125Z] node: 📦 Exporting table: PaymentItem
[2026-07-17T15:34:34.158Z] node: 📦 Exporting table: SaleReturn
[2026-07-17T15:34:34.192Z] node: 📦 Exporting table: RefundTransaction
[2026-07-17T15:34:34.225Z] node: 📦 Exporting table: SalesTaxFilingBatch
[2026-07-17T15:34:34.258Z] node: 📦 Exporting table: SalesTaxFilingItem
[2026-07-17T15:34:34.290Z] node: 📦 Exporting table: ServiceOrder
[2026-07-17T15:34:34.323Z] node: 📦 Exporting table: ServiceItem
[2026-07-17T15:34:34.355Z] node: 📦 Exporting table: SimpleLot
[2026-07-17T15:34:34.401Z] node: 📦 Exporting table: SaleItemSimple
[2026-07-17T15:34:34.427Z] node: 📦 Exporting table: SaleReturnItemSimple
[2026-07-17T15:34:34.460Z] node: 📦 Exporting table: StockAuditSession
[2026-07-17T15:34:34.493Z] node: 📦 Exporting table: StockItem
[2026-07-17T15:34:34.672Z] node: 📦 Exporting table: BarcodeReceiptItem
[2026-07-17T15:34:34.727Z] node: 📦 Exporting table: RepairJob
[2026-07-17T15:34:34.760Z] node: 📦 Exporting table: RepairPartItem
[2026-07-17T15:34:34.792Z] node: 📦 Exporting table: SaleItem
[2026-07-17T15:34:34.829Z] node: 📦 Exporting table: SaleReturnItem
[2026-07-17T15:34:34.861Z] node: 📦 Exporting table: StockAuditScanLog
[2026-07-17T15:34:34.893Z] node: 📦 Exporting table: StockAuditSnapshotItem
[2026-07-17T15:34:34.942Z] node: 📦 Exporting table: StockMovement
[2026-07-17T15:34:35.005Z] node: 📦 Exporting table: SupplierPayment
[2026-07-17T15:34:35.037Z] node: 📦 Exporting table: SupplierPaymentReceipt
[2026-07-17T15:34:35.069Z] node: 📦 Exporting table: V2CustomerDeposit
[2026-07-17T15:34:35.102Z] node: 📦 Exporting table: V2StockAudit
[2026-07-17T15:34:35.135Z] node: 📦 Exporting table: V2StockAuditItem
[2026-07-17T15:34:35.167Z] node: 📦 Exporting table: WarrantyClaim
[2026-07-17T15:34:39.246Z] node: 🎉 P1 Hardened Backup v6 Type-aware + generic self-reference FK safe restore completed successfully.
[2026-07-17T15:34:41.282Z] node: 💾 Backup file: D:\alpha-tech\server\backups\alphatech_hardened_backup_v6_2026-07-17_2026-07-17T15-34-28-679Z.sql
[2026-07-17T15:34:41.284Z] node: 🧾 Manifest file: D:\alpha-tech\server\backups\alphatech_hardened_backup_v6_2026-07-17_2026-07-17T15-34-28-679Z.manifest.json
[2026-07-17T15:34:41.287Z] node: 📊 Tables exported: 70
[2026-07-17T15:34:41.290Z] node: 📦 Rows exported: 24709
[2026-07-17T15:34:41.291Z] node: 🔢 Sequences prepared: 67
[2026-07-17T15:34:41.294Z] node: 🔐 SHA256: 64d0b1919e142e90e6d32de98592016a9a583b57f2beea90ac8d94941e363eeb
[2026-07-17T15:34:41.296Z] node: 📐 File size: 8.61 MB
[2026-07-17T15:34:41.300Z] node: ⏱️ Duration: 11.14 seconds
[2026-07-17T15:34:41.301Z] node: ✅ Verification: PASS (70 tables checked)
[2026-07-17T15:34:41.400Z] ▶️  Run: node recovery/upload/uploadBackup.js --manifest D:\alpha-tech\server\backups\alphatech_hardened_backup_v6_2026-07-17_2026-07-17T15-34-28-679Z.manifest.json
[2026-07-17T15:34:41.573Z] node: [2026-07-17T15:34:41.565Z] ============================================================
[2026-07-17T15:34:41.578Z] node: [2026-07-17T15:34:41.579Z] AlphaTech Recovery Upload ALPHATECH-RECOVERY-UPLOAD-V2-S3-COMPATIBLE
[2026-07-17T15:34:41.582Z] node: [2026-07-17T15:34:41.579Z] ============================================================
[2026-07-17T15:34:41.949Z] node stderr: (node:17712) Warning: NodeVersionSupportWarning: The AWS SDK for JavaScript (v3)
[2026-07-17T15:34:41.977Z] node stderr: versions published after the first week of January 2027
[2026-07-17T15:34:41.979Z] node stderr: will require node >=22. You are running node v20.19.0.
[2026-07-17T15:34:41.980Z] node stderr: To continue receiving updates to AWS services, bug fixes,
[2026-07-17T15:34:41.980Z] node stderr: and security updates please upgrade to node >=22.
[2026-07-17T15:34:41.981Z] node stderr: More information can be found at: https://a.co/c895JFp
[2026-07-17T15:34:41.982Z] node stderr: (Use `node --trace-warnings ...` to show where the warning was created)
[2026-07-17T15:34:45.375Z] node: [2026-07-17T15:34:45.375Z] JSON report: D:\alpha-tech\server\recovery\reports\upload-report-2026-07-17T15-34-45-373Z.json
[2026-07-17T15:34:45.514Z] node: [2026-07-17T15:34:45.376Z] TXT report: D:\alpha-tech\server\recovery\reports\upload-report-2026-07-17T15-34-45-373Z.txt
[2026-07-17T15:34:45.516Z] node: [2026-07-17T15:34:45.504Z] Overall: PASS
[2026-07-17T15:34:51.422Z] ------------------------------------------------------------
[2026-07-17T15:35:17.529Z] Target      : cloudflare-r2
[2026-07-17T15:35:25.911Z] Bucket      : saduaksabuy-recovery
[2026-07-17T15:35:25.912Z] Prefix      : alphatech-production/
[2026-07-17T15:35:25.912Z] Retention   : 7 day(s)
[2026-07-17T15:35:25.913Z] Mode        : APPLY
[2026-07-17T15:35:25.913Z] Scanned     : 82
[2026-07-17T15:35:25.913Z] Candidates  : 0
[2026-07-17T15:35:25.913Z] Deleted     : 0
[2026-07-17T15:35:25.914Z] Remaining   : 82
[2026-07-17T15:35:25.914Z] Failed      : 0
[2026-07-17T15:35:25.914Z] ▶️  Run: node recovery/retention/retentionPolicy.js --apply
[2026-07-17T15:35:26.244Z] node: [2026-07-17T15:35:26.224Z] ============================================================
[2026-07-17T15:35:26.255Z] node: [2026-07-17T15:35:26.255Z] 🧹 AlphaTech Recovery Retention ALPHATECH-RECOVERY-RETENTION-V1
[2026-07-17T15:35:26.259Z] node: [2026-07-17T15:35:26.257Z] ============================================================
[2026-07-17T15:35:26.288Z] node: [2026-07-17T15:35:26.260Z] Mode: APPLY
[2026-07-17T15:35:26.294Z] node: [2026-07-17T15:35:26.294Z] ------------------------------------------------------------
[2026-07-17T15:35:26.295Z] node: [2026-07-17T15:35:26.295Z] Target      : local-backups
[2026-07-17T15:35:26.297Z] node: [2026-07-17T15:35:26.297Z] Directory   : D:\alpha-tech\server\backups
[2026-07-17T15:35:26.298Z] node: [2026-07-17T15:35:26.298Z] Retention   : 3 day(s)
[2026-07-17T15:35:26.299Z] node: [2026-07-17T15:35:26.299Z] Scanned     : 46
[2026-07-17T15:35:26.300Z] node: [2026-07-17T15:35:26.300Z] Candidates  : 8
[2026-07-17T15:35:26.301Z] node: [2026-07-17T15:35:26.301Z] Deleted     : 8
[2026-07-17T15:35:26.302Z] node: [2026-07-17T15:35:26.302Z] Remaining   : 38
[2026-07-17T15:35:26.302Z] node: [2026-07-17T15:35:26.302Z] Failed      : 0
[2026-07-17T15:35:26.303Z] node: [2026-07-17T15:35:26.303Z] ------------------------------------------------------------
[2026-07-17T15:35:26.304Z] node: [2026-07-17T15:35:26.304Z] Target      : offsite-local-mirror
[2026-07-17T15:35:26.305Z] node: [2026-07-17T15:35:26.305Z] Directory   : D:\alpha-tech\server\recovery\offsite
[2026-07-17T15:35:26.305Z] node: [2026-07-17T15:35:26.305Z] Retention   : 7 day(s)
[2026-07-17T15:35:26.306Z] node: [2026-07-17T15:35:26.306Z] Scanned     : 0
[2026-07-17T15:35:26.308Z] node: [2026-07-17T15:35:26.308Z] Candidates  : 0
[2026-07-17T15:35:26.308Z] node: [2026-07-17T15:35:26.308Z] Deleted     : 0
[2026-07-17T15:35:26.309Z] node: [2026-07-17T15:35:26.309Z] Remaining   : 0
[2026-07-17T15:35:26.310Z] node: [2026-07-17T15:35:26.310Z] Failed      : 0
[2026-07-17T15:35:26.314Z] node: [2026-07-17T15:35:26.314Z] 🧾 JSON report: D:\alpha-tech\server\recovery\reports\retention-report-2026-07-17T15-35-26-310Z.json
[2026-07-17T15:35:26.318Z] node: [2026-07-17T15:35:26.315Z] 🧾 TXT report: D:\alpha-tech\server\recovery\reports\retention-report-2026-07-17T15-35-26-310Z.txt
[2026-07-17T15:35:26.319Z] node: [2026-07-17T15:35:26.315Z] ✅ Overall: PASS
[2026-07-17T15:35:26.327Z] ▶️  Run: node qbrs.js --manifest D:\alpha-tech\server\backups\alphatech_hardened_backup_v6_2026-07-17_2026-07-17T15-34-28-679Z.manifest.json --init --yes --reset-schema
[2026-07-17T15:35:26.537Z] node: [2026-07-17T15:35:26.535Z] ============================================================
[2026-07-17T15:35:26.539Z] node: [2026-07-17T15:35:26.539Z] 🚑 AlphaTech Restore Tool P1-HARDENED-RESTORE-V3-NODE-PG
[2026-07-17T15:35:26.540Z] node: [2026-07-17T15:35:26.540Z] ============================================================
[2026-07-17T15:35:26.582Z] node: [2026-07-17T15:35:26.582Z] ✅ Manifest loaded.
[2026-07-17T15:35:26.583Z] node: [2026-07-17T15:35:26.583Z] ✅ SQL file: D:\alpha-tech\server\backups\alphatech_hardened_backup_v6_2026-07-17_2026-07-17T15-34-28-679Z.sql
[2026-07-17T15:35:26.584Z] node: [2026-07-17T15:35:26.584Z] ✅ SHA256 verified: 64d0b1919e142e90e6d32de98592016a9a583b57f2beea90ac8d94941e363eeb
[2026-07-17T15:35:26.586Z] node: [2026-07-17T15:35:26.585Z] 🎯 Target DB: postgresql://postgres:***@db.engqdeyzbvnmxbnpemau.supabase.co:5432/postgres
[2026-07-17T15:35:26.587Z] node: [2026-07-17T15:35:26.586Z] 🎯 Host: db.engqdeyzbvnmxbnpemau.supabase.co
[2026-07-17T15:35:26.587Z] node: [2026-07-17T15:35:26.586Z] 🎯 Port: 5432
[2026-07-17T15:35:26.588Z] node: [2026-07-17T15:35:26.588Z] 🎯 Database: postgres
[2026-07-17T15:35:26.589Z] node: [2026-07-17T15:35:26.588Z] 🎯 Schema: public
[2026-07-17T15:35:26.982Z] node: [2026-07-17T15:35:26.982Z] 🔌 Connected to target PostgreSQL successfully.
[2026-07-17T15:35:30.233Z] node: [2026-07-17T15:35:30.233Z] 📊 Existing tables: 70
[2026-07-17T15:35:30.241Z] node: [2026-07-17T15:35:30.233Z] 📦 Existing rows: 24284
[2026-07-17T15:35:30.243Z] node: [2026-07-17T15:35:30.234Z] 🔎 Product: 1859
[2026-07-17T15:35:30.243Z] node: [2026-07-17T15:35:30.234Z] 🔎 BranchPrice: 1857
[2026-07-17T15:35:30.244Z] node: [2026-07-17T15:35:30.236Z] 🔎 StockItem: 2956
[2026-07-17T15:35:30.244Z] node: [2026-07-17T15:35:30.237Z] 🔎 Sale: 25
[2026-07-17T15:35:30.245Z] node: [2026-07-17T15:35:30.237Z] 🔎 SaleItem: 86
[2026-07-17T15:35:30.245Z] node: [2026-07-17T15:35:30.237Z] 🔎 SaleItemSimple: 0
[2026-07-17T15:35:30.246Z] node: [2026-07-17T15:35:30.238Z] 🔎 Payment: 12
[2026-07-17T15:35:30.246Z] node: [2026-07-17T15:35:30.239Z] 🔎 PaymentItem: 12
[2026-07-17T15:35:30.496Z] node: [2026-07-17T15:35:30.495Z] 🧨 Resetting target schema "public" before restore...
[2026-07-17T15:35:30.497Z] node: [2026-07-17T15:35:30.496Z] 🛡️ This action is intended for Recovery / Standby DB only.
[2026-07-17T15:35:31.194Z] node: [2026-07-17T15:35:31.114Z] ✅ Schema "public" reset completed.
[2026-07-17T15:35:32.196Z] node: [2026-07-17T15:35:31.278Z] 🧱 Running Prisma db push against Recovery DB only...
[2026-07-17T15:35:32.197Z] node: [2026-07-17T15:35:31.278Z] 🛡️ DATABASE_URL is injected from RESTORE_DATABASE_URL/RECOVERY_DATABASE_URL for this process only.
[2026-07-17T15:35:36.844Z] node: [2026-07-17T15:35:36.844Z] npx stderr: Environment variables loaded from .env
[2026-07-17T15:35:36.846Z] node: [2026-07-17T15:35:36.846Z] npx: Prisma schema loaded from prisma\schema.prisma
[2026-07-17T15:35:36.858Z] node: [2026-07-17T15:35:36.857Z] npx: Datasource "db": PostgreSQL database "postgres", schema "public" at "db.engqdeyzbvnmxbnpemau.supabase.co:5432"
[2026-07-17T15:35:53.586Z] node: [2026-07-17T15:35:53.585Z] npx: Your database is now in sync with your Prisma schema. Done in 16.16s
[2026-07-17T15:35:53.596Z] node: [2026-07-17T15:35:53.587Z] npx: Running generate... (Use --skip-generate to skip the generators)
[2026-07-17T15:35:55.507Z] node: [2026-07-17T15:35:55.507Z] npx: [2K[1A[2K[GRunning generate... - Prisma Client
[2026-07-17T15:35:57.610Z] node: [2026-07-17T15:35:57.610Z] npx: [2K[1A[2K[G✔ Generated Prisma Client (v6.16.2) to .\node_modules\.prisma\client in 2.10s
[2026-07-17T15:35:57.697Z] node: [2026-07-17T15:35:57.694Z] ✅ Prisma db push completed for Recovery DB.
[2026-07-17T15:36:00.917Z] node: [2026-07-17T15:36:00.915Z] 📊 Existing tables: 70
[2026-07-17T15:36:00.920Z] node: [2026-07-17T15:36:00.917Z] 📦 Existing rows: 0
[2026-07-17T15:36:00.923Z] node: [2026-07-17T15:36:00.918Z] 🔎 Product: 0
[2026-07-17T15:36:00.924Z] node: [2026-07-17T15:36:00.918Z] 🔎 BranchPrice: 0
[2026-07-17T15:36:00.925Z] node: [2026-07-17T15:36:00.918Z] 🔎 StockItem: 0
[2026-07-17T15:36:00.926Z] node: [2026-07-17T15:36:00.919Z] 🔎 Sale: 0
[2026-07-17T15:36:00.927Z] node: [2026-07-17T15:36:00.919Z] 🔎 SaleItem: 0
[2026-07-17T15:36:00.927Z] node: [2026-07-17T15:36:00.919Z] 🔎 SaleItemSimple: 0
[2026-07-17T15:36:00.928Z] node: [2026-07-17T15:36:00.919Z] 🔎 Payment: 0
[2026-07-17T15:36:00.928Z] node: [2026-07-17T15:36:00.919Z] 🔎 PaymentItem: 0
[2026-07-17T15:36:01.047Z] node: [2026-07-17T15:36:01.046Z] 📖 SQL loaded into memory (8.61 MB).
[2026-07-17T15:36:01.047Z] node: [2026-07-17T15:36:01.047Z] 🚚 Starting SQL restore via Node.js pg client...
[2026-07-17T15:36:05.543Z] node: [2026-07-17T15:36:05.543Z] ✅ SQL restore completed via Node.js pg client.
[2026-07-17T15:36:08.448Z] node: [2026-07-17T15:36:08.448Z] ✅ Restore verification PASS (70 tables checked).
[2026-07-17T15:36:08.450Z] node: [2026-07-17T15:36:08.448Z] 🎉 Restore completed successfully in 41.91 seconds.
[2026-07-17T15:36:08.467Z] ▶️  Run: node recovery/verify/qbv.js
[2026-07-17T15:36:08.689Z] node: [2026-07-17T15:36:08.686Z] ============================================================
[2026-07-17T15:36:08.692Z] node: [2026-07-17T15:36:08.691Z] 🔎 AlphaTech Integrity Verification ALPHATECH-RECOVERY-VERIFY-V1
[2026-07-17T15:36:08.692Z] node: [2026-07-17T15:36:08.692Z] ============================================================
[2026-07-17T15:36:08.693Z] node: [2026-07-17T15:36:08.692Z] Collecting Production snapshot...
[2026-07-17T15:36:22.688Z] node: [2026-07-17T15:36:22.688Z] Collecting Recovery snapshot...
[2026-07-17T15:36:37.741Z] node: [2026-07-17T15:36:37.736Z] Comparing snapshots...
[2026-07-17T15:36:38.803Z] node: [2026-07-17T15:36:37.754Z] 🧾 JSON report: D:\alpha-tech\server\recovery\reports\verification-report_2026-07-17T15-36-37-740Z.json
[2026-07-17T15:36:38.805Z] node: [2026-07-17T15:36:37.754Z] 🧾 TXT report: D:\alpha-tech\server\recovery\reports\verification-report_2026-07-17T15-36-37-740Z.txt
[2026-07-17T15:36:38.806Z] node: [2026-07-17T15:36:37.755Z] ✅ Overall: PASS
[2026-07-17T15:36:38.832Z] 🧾 Job manifest: D:\alpha-tech\server\recovery\jobs\job-2026-07-17T15-34-22-894Z.json
[2026-07-17T15:36:38.832Z] ✅ Job result: PASS exitCode=0
