[2026-07-10T03:34:22.560Z] ============================================================
[2026-07-10T03:34:22.567Z] 🧭 AlphaTech Recovery Retention Workflow ALPHATECH-RECOVERY-JOB-RUNNER-V7-R2-RETENTION
[2026-07-10T03:34:22.568Z] ============================================================
[2026-07-10T03:34:22.568Z] Mode: backup-workflow
[2026-07-10T03:34:22.570Z] ▶️  Run: node recovery/health/healthCheck.js
[2026-07-10T03:34:22.761Z] node: [2026-07-10T03:34:22.758Z] ============================================================
[2026-07-10T03:34:22.762Z] node: [2026-07-10T03:34:22.762Z] 🩺 AlphaTech Recovery Health Check ALPHATECH-RECOVERY-HEALTH-CHECK-V1
[2026-07-10T03:34:22.763Z] node: [2026-07-10T03:34:22.762Z] ============================================================
[2026-07-10T03:34:23.567Z] node: [2026-07-10T03:34:23.566Z] 🧾 JSON report: D:\alpha-tech\server\recovery\reports\health-check-2026-07-10T03-34-23-565Z.json
[2026-07-10T03:34:23.568Z] node: [2026-07-10T03:34:23.567Z] 🧾 TXT report: D:\alpha-tech\server\recovery\reports\health-check-2026-07-10T03-34-23-565Z.txt
[2026-07-10T03:34:23.568Z] node: [2026-07-10T03:34:23.567Z] ✅ Overall: PASS
[2026-07-10T03:34:23.581Z] ▶️  Run: node qb.js
[2026-07-10T03:34:24.005Z] node: 🔌 Connected to PostgreSQL successfully.
[2026-07-10T03:34:24.007Z] node: ⏳ Starting P1 Hardened Backup v6 Type-aware + generic self-reference FK safe restore...
[2026-07-10T03:34:27.282Z] node: 📦 Exporting table: Bank
[2026-07-10T03:34:27.319Z] node: 📦 Exporting table: Brand
[2026-07-10T03:34:27.360Z] node: 📦 Exporting table: Category
[2026-07-10T03:34:27.395Z] node: 📦 Exporting table: GlobalProductType
[2026-07-10T03:34:27.430Z] node: 📦 Exporting table: Position
[2026-07-10T03:34:27.468Z] node: 📦 Exporting table: Province
[2026-07-10T03:34:27.506Z] node: 📦 Exporting table: District
[2026-07-10T03:34:27.568Z] node: 📦 Exporting table: Subdistrict
[2026-07-10T03:34:27.761Z] node: 📦 Exporting table: Branch
[2026-07-10T03:34:27.801Z] node: 📦 Exporting table: BarcodeCounter
[2026-07-10T03:34:27.838Z] node: 📦 Exporting table: PaymentCodeCounter
[2026-07-10T03:34:27.877Z] node: 📦 Exporting table: ProductType
[2026-07-10T03:34:27.921Z] node: 📦 Exporting table: ProductTypeBrand
[2026-07-10T03:34:27.958Z] node: 📦 Exporting table: Supplier
[2026-07-10T03:34:27.993Z] node: 📦 Exporting table: Unit
[2026-07-10T03:34:28.029Z] node: 📦 Exporting table: Product
[2026-07-10T03:34:28.109Z] node: 📦 Exporting table: BranchPrice
[2026-07-10T03:34:28.168Z] node: 📦 Exporting table: ProductImage
[2026-07-10T03:34:28.203Z] node: 📦 Exporting table: StockBalance
[2026-07-10T03:34:28.241Z] node: 📦 Exporting table: User
[2026-07-10T03:34:28.284Z] node: 📦 Exporting table: CustomerProfile
[2026-07-10T03:34:28.326Z] node: 📦 Exporting table: Cart
[2026-07-10T03:34:28.361Z] node: 📦 Exporting table: CartItem
[2026-07-10T03:34:28.396Z] node: 📦 Exporting table: EmployeeProfile
[2026-07-10T03:34:28.431Z] node: 📦 Exporting table: CombinedBillingDocument
[2026-07-10T03:34:28.465Z] node: 📦 Exporting table: CombinedSaleDocument
[2026-07-10T03:34:28.500Z] node: 📦 Exporting table: CustomerDeposit
[2026-07-10T03:34:28.535Z] node: 📦 Exporting table: CustomerReceipts
[2026-07-10T03:34:28.570Z] node: 📦 Exporting table: InputTaxFilingBatch
[2026-07-10T03:34:28.604Z] node: 📦 Exporting table: Order
[2026-07-10T03:34:28.639Z] node: 📦 Exporting table: OrderOnline
[2026-07-10T03:34:28.674Z] node: 📦 Exporting table: OrderOnlineItem
[2026-07-10T03:34:28.708Z] node: 📦 Exporting table: PasswordResetToken
[2026-07-10T03:34:28.744Z] node: 📦 Exporting table: ProductOnOrder
[2026-07-10T03:34:28.779Z] node: 📦 Exporting table: PurchaseOrder
[2026-07-10T03:34:28.814Z] node: 📦 Exporting table: PurchaseOrderItem
[2026-07-10T03:34:28.849Z] node: 📦 Exporting table: PurchaseOrderReceipt
[2026-07-10T03:34:28.885Z] node: 📦 Exporting table: InputTaxFilingItem
[2026-07-10T03:34:28.920Z] node: 📦 Exporting table: PurchaseOrderReceiptItem
[2026-07-10T03:34:28.954Z] node: 📦 Exporting table: RefreshToken
[2026-07-10T03:34:29.169Z] node: 📦 Exporting table: Sale
[2026-07-10T03:34:29.204Z] node: 📦 Exporting table: CustomerReceiptAllocations
[2026-07-10T03:34:29.240Z] node: 📦 Exporting table: Payment
[2026-07-10T03:34:29.275Z] node: 📦 Exporting table: DepositUsage
[2026-07-10T03:34:29.309Z] node: 📦 Exporting table: PaymentItem
[2026-07-10T03:34:29.345Z] node: 📦 Exporting table: SaleReturn
[2026-07-10T03:34:29.380Z] node: 📦 Exporting table: RefundTransaction
[2026-07-10T03:34:29.415Z] node: 📦 Exporting table: SalesTaxFilingBatch
[2026-07-10T03:34:29.449Z] node: 📦 Exporting table: SalesTaxFilingItem
[2026-07-10T03:34:29.484Z] node: 📦 Exporting table: ServiceOrder
[2026-07-10T03:34:29.519Z] node: 📦 Exporting table: ServiceItem
[2026-07-10T03:34:29.554Z] node: 📦 Exporting table: SimpleLot
[2026-07-10T03:34:29.589Z] node: 📦 Exporting table: SaleItemSimple
[2026-07-10T03:34:29.623Z] node: 📦 Exporting table: SaleReturnItemSimple
[2026-07-10T03:34:29.658Z] node: 📦 Exporting table: StockAuditSession
[2026-07-10T03:34:29.693Z] node: 📦 Exporting table: StockItem
[2026-07-10T03:34:29.755Z] node: 📦 Exporting table: BarcodeReceiptItem
[2026-07-10T03:34:29.790Z] node: 📦 Exporting table: RepairJob
[2026-07-10T03:34:29.825Z] node: 📦 Exporting table: RepairPartItem
[2026-07-10T03:34:29.860Z] node: 📦 Exporting table: SaleItem
[2026-07-10T03:34:29.895Z] node: 📦 Exporting table: SaleReturnItem
[2026-07-10T03:34:29.930Z] node: 📦 Exporting table: StockAuditScanLog
[2026-07-10T03:34:29.965Z] node: 📦 Exporting table: StockAuditSnapshotItem
[2026-07-10T03:34:29.999Z] node: 📦 Exporting table: StockMovement
[2026-07-10T03:34:30.037Z] node: 📦 Exporting table: SupplierPayment
[2026-07-10T03:34:30.072Z] node: 📦 Exporting table: SupplierPaymentReceipt
[2026-07-10T03:34:30.107Z] node: 📦 Exporting table: V2CustomerDeposit
[2026-07-10T03:34:30.142Z] node: 📦 Exporting table: V2StockAudit
[2026-07-10T03:34:30.176Z] node: 📦 Exporting table: V2StockAuditItem
[2026-07-10T03:34:30.212Z] node: 📦 Exporting table: WarrantyClaim
[2026-07-10T03:34:32.707Z] node: 🎉 P1 Hardened Backup v6 Type-aware + generic self-reference FK safe restore completed successfully.
[2026-07-10T03:34:32.708Z] node: 💾 Backup file: D:\alpha-tech\server\backups\alphatech_hardened_backup_v6_2026-07-10_2026-07-10T03-34-27-256Z.sql
[2026-07-10T03:34:32.709Z] node: 🧾 Manifest file: D:\alpha-tech\server\backups\alphatech_hardened_backup_v6_2026-07-10_2026-07-10T03-34-27-256Z.manifest.json
[2026-07-10T03:34:32.709Z] node: 📊 Tables exported: 70
[2026-07-10T03:34:32.710Z] node: 📦 Rows exported: 15690
[2026-07-10T03:34:32.710Z] node: 🔢 Sequences prepared: 67
[2026-07-10T03:34:32.710Z] node: 🔐 SHA256: 48829a26f9ffc35b49b064017870585c1d3170d913e5c8a4891d0911a0216efe
[2026-07-10T03:34:32.711Z] node: 📐 File size: 4.67 MB
[2026-07-10T03:34:32.711Z] node: ⏱️ Duration: 6.56 seconds
[2026-07-10T03:34:32.712Z] node: ✅ Verification: PASS (70 tables checked)
[2026-07-10T03:34:32.770Z] ▶️  Run: node recovery/upload/uploadBackup.js --manifest D:\alpha-tech\server\backups\alphatech_hardened_backup_v6_2026-07-10_2026-07-10T03-34-27-256Z.manifest.json
[2026-07-10T03:34:32.848Z] node: [2026-07-10T03:34:32.843Z] ============================================================
[2026-07-10T03:34:32.850Z] node: [2026-07-10T03:34:32.850Z] AlphaTech Recovery Upload ALPHATECH-RECOVERY-UPLOAD-V2-S3-COMPATIBLE
[2026-07-10T03:34:32.850Z] node: [2026-07-10T03:34:32.850Z] ============================================================
[2026-07-10T03:34:33.024Z] node stderr: (node:4776) Warning: NodeVersionSupportWarning: The AWS SDK for JavaScript (v3)
[2026-07-10T03:34:33.024Z] node stderr: versions published after the first week of January 2027
[2026-07-10T03:34:33.025Z] node stderr: will require node >=22. You are running node v20.19.0.
[2026-07-10T03:34:33.025Z] node stderr: To continue receiving updates to AWS services, bug fixes,
[2026-07-10T03:34:33.026Z] node stderr: and security updates please upgrade to node >=22.
[2026-07-10T03:34:33.026Z] node stderr: More information can be found at: https://a.co/c895JFp
[2026-07-10T03:34:33.027Z] node stderr: (Use `node --trace-warnings ...` to show where the warning was created)
[2026-07-10T03:34:34.819Z] node: [2026-07-10T03:34:34.819Z] JSON report: D:\alpha-tech\server\recovery\reports\upload-report-2026-07-10T03-34-34-818Z.json
[2026-07-10T03:34:34.820Z] node: [2026-07-10T03:34:34.820Z] TXT report: D:\alpha-tech\server\recovery\reports\upload-report-2026-07-10T03-34-34-818Z.txt
[2026-07-10T03:34:34.821Z] node: [2026-07-10T03:34:34.820Z] Overall: PASS
[2026-07-10T03:34:35.298Z] ------------------------------------------------------------
[2026-07-10T03:34:35.299Z] Target      : cloudflare-r2
[2026-07-10T03:34:35.300Z] Bucket      : saduaksabuy-recovery
[2026-07-10T03:34:35.300Z] Prefix      : alphatech-production/
[2026-07-10T03:34:35.300Z] Retention   : 7 day(s)
[2026-07-10T03:34:35.300Z] Mode        : APPLY
[2026-07-10T03:34:35.301Z] Scanned     : 52
[2026-07-10T03:34:35.301Z] Candidates  : 0
[2026-07-10T03:34:35.301Z] Deleted     : 0
[2026-07-10T03:34:35.301Z] Remaining   : 52
[2026-07-10T03:34:35.302Z] Failed      : 0
[2026-07-10T03:34:35.303Z] ▶️  Run: node recovery/retention/retentionPolicy.js --apply
[2026-07-10T03:34:35.395Z] node: [2026-07-10T03:34:35.389Z] ============================================================
[2026-07-10T03:34:35.396Z] node: [2026-07-10T03:34:35.395Z] 🧹 AlphaTech Recovery Retention ALPHATECH-RECOVERY-RETENTION-V1
[2026-07-10T03:34:35.397Z] node: [2026-07-10T03:34:35.396Z] ============================================================
[2026-07-10T03:34:35.397Z] node: [2026-07-10T03:34:35.396Z] Mode: APPLY
[2026-07-10T03:34:35.414Z] node: [2026-07-10T03:34:35.414Z] ------------------------------------------------------------
[2026-07-10T03:34:35.415Z] node: [2026-07-10T03:34:35.414Z] Target      : local-backups
[2026-07-10T03:34:35.415Z] node: [2026-07-10T03:34:35.414Z] Directory   : D:\alpha-tech\server\backups
[2026-07-10T03:34:35.416Z] node: [2026-07-10T03:34:35.414Z] Retention   : 3 day(s)
[2026-07-10T03:34:35.416Z] node: [2026-07-10T03:34:35.415Z] Scanned     : 44
[2026-07-10T03:34:35.416Z] node: [2026-07-10T03:34:35.415Z] Candidates  : 2
[2026-07-10T03:34:35.416Z] node: [2026-07-10T03:34:35.416Z] Deleted     : 2
[2026-07-10T03:34:35.417Z] node: [2026-07-10T03:34:35.416Z] Remaining   : 42
[2026-07-10T03:34:35.417Z] node: [2026-07-10T03:34:35.416Z] Failed      : 0
[2026-07-10T03:34:35.417Z] node: [2026-07-10T03:34:35.416Z] ------------------------------------------------------------
[2026-07-10T03:34:35.418Z] node: [2026-07-10T03:34:35.417Z] Target      : offsite-local-mirror
[2026-07-10T03:34:35.418Z] node: [2026-07-10T03:34:35.417Z] Directory   : D:\alpha-tech\server\recovery\offsite
[2026-07-10T03:34:35.419Z] node: [2026-07-10T03:34:35.417Z] Retention   : 7 day(s)
[2026-07-10T03:34:35.419Z] node: [2026-07-10T03:34:35.418Z] Scanned     : 12
[2026-07-10T03:34:35.420Z] node: [2026-07-10T03:34:35.418Z] Candidates  : 0
[2026-07-10T03:34:35.420Z] node: [2026-07-10T03:34:35.419Z] Deleted     : 0
[2026-07-10T03:34:35.421Z] node: [2026-07-10T03:34:35.419Z] Remaining   : 12
[2026-07-10T03:34:35.421Z] node: [2026-07-10T03:34:35.420Z] Failed      : 0
[2026-07-10T03:34:35.423Z] node: [2026-07-10T03:34:35.422Z] 🧾 JSON report: D:\alpha-tech\server\recovery\reports\retention-report-2026-07-10T03-34-35-420Z.json
[2026-07-10T03:34:35.423Z] node: [2026-07-10T03:34:35.423Z] 🧾 TXT report: D:\alpha-tech\server\recovery\reports\retention-report-2026-07-10T03-34-35-420Z.txt
[2026-07-10T03:34:35.424Z] node: [2026-07-10T03:34:35.423Z] ✅ Overall: PASS
[2026-07-10T03:34:35.434Z] ▶️  Run: node qbrs.js --manifest D:\alpha-tech\server\backups\alphatech_hardened_backup_v6_2026-07-10_2026-07-10T03-34-27-256Z.manifest.json --init --yes --reset-schema
[2026-07-10T03:34:35.588Z] node: [2026-07-10T03:34:35.585Z] ============================================================
[2026-07-10T03:34:35.589Z] node: [2026-07-10T03:34:35.589Z] 🚑 AlphaTech Restore Tool P1-HARDENED-RESTORE-V3-NODE-PG
[2026-07-10T03:34:35.590Z] node: [2026-07-10T03:34:35.589Z] ============================================================
[2026-07-10T03:34:35.612Z] node: [2026-07-10T03:34:35.612Z] ✅ Manifest loaded.
[2026-07-10T03:34:35.613Z] node: [2026-07-10T03:34:35.613Z] ✅ SQL file: D:\alpha-tech\server\backups\alphatech_hardened_backup_v6_2026-07-10_2026-07-10T03-34-27-256Z.sql
[2026-07-10T03:34:35.613Z] node: [2026-07-10T03:34:35.613Z] ✅ SHA256 verified: 48829a26f9ffc35b49b064017870585c1d3170d913e5c8a4891d0911a0216efe
[2026-07-10T03:34:35.614Z] node: [2026-07-10T03:34:35.614Z] 🎯 Target DB: postgresql://postgres:***@db.engqdeyzbvnmxbnpemau.supabase.co:5432/postgres
[2026-07-10T03:34:35.614Z] node: [2026-07-10T03:34:35.614Z] 🎯 Host: db.engqdeyzbvnmxbnpemau.supabase.co
[2026-07-10T03:34:35.614Z] node: [2026-07-10T03:34:35.614Z] 🎯 Port: 5432
[2026-07-10T03:34:35.615Z] node: [2026-07-10T03:34:35.614Z] 🎯 Database: postgres
[2026-07-10T03:34:35.615Z] node: [2026-07-10T03:34:35.615Z] 🎯 Schema: public
[2026-07-10T03:34:35.979Z] node: [2026-07-10T03:34:35.978Z] 🔌 Connected to target PostgreSQL successfully.
[2026-07-10T03:34:38.965Z] node: [2026-07-10T03:34:38.964Z] 📊 Existing tables: 70
[2026-07-10T03:34:38.965Z] node: [2026-07-10T03:34:38.965Z] 📦 Existing rows: 15597
[2026-07-10T03:34:38.966Z] node: [2026-07-10T03:34:38.965Z] 🔎 Product: 955
[2026-07-10T03:34:38.966Z] node: [2026-07-10T03:34:38.965Z] 🔎 BranchPrice: 953
[2026-07-10T03:34:38.967Z] node: [2026-07-10T03:34:38.966Z] 🔎 StockItem: 561
[2026-07-10T03:34:38.967Z] node: [2026-07-10T03:34:38.966Z] 🔎 Sale: 3
[2026-07-10T03:34:38.967Z] node: [2026-07-10T03:34:38.966Z] 🔎 SaleItem: 4
[2026-07-10T03:34:38.968Z] node: [2026-07-10T03:34:38.966Z] 🔎 SaleItemSimple: 0
[2026-07-10T03:34:38.968Z] node: [2026-07-10T03:34:38.967Z] 🔎 Payment: 2
[2026-07-10T03:34:38.968Z] node: [2026-07-10T03:34:38.967Z] 🔎 PaymentItem: 2
[2026-07-10T03:34:39.249Z] node: [2026-07-10T03:34:39.248Z] 🧨 Resetting target schema "public" before restore...
[2026-07-10T03:34:39.249Z] node: [2026-07-10T03:34:39.249Z] 🛡️ This action is intended for Recovery / Standby DB only.
[2026-07-10T03:34:39.609Z] node: [2026-07-10T03:34:39.609Z] ✅ Schema "public" reset completed.
[2026-07-10T03:34:39.646Z] node: [2026-07-10T03:34:39.645Z] 🧱 Running Prisma db push against Recovery DB only...
[2026-07-10T03:34:39.646Z] node: [2026-07-10T03:34:39.646Z] 🛡️ DATABASE_URL is injected from RESTORE_DATABASE_URL/RECOVERY_DATABASE_URL for this process only.
[2026-07-10T03:34:42.723Z] node: [2026-07-10T03:34:42.722Z] npx stderr: Environment variables loaded from .env
[2026-07-10T03:34:42.724Z] node: [2026-07-10T03:34:42.724Z] npx: Prisma schema loaded from prisma\schema.prisma
[2026-07-10T03:34:42.737Z] node: [2026-07-10T03:34:42.736Z] npx: Datasource "db": PostgreSQL database "postgres", schema "public" at "db.engqdeyzbvnmxbnpemau.supabase.co:5432"
[2026-07-10T03:34:57.324Z] node: [2026-07-10T03:34:57.324Z] npx: Your database is now in sync with your Prisma schema. Done in 14.03s
[2026-07-10T03:34:57.326Z] node: [2026-07-10T03:34:57.326Z] npx: Running generate... (Use --skip-generate to skip the generators)
[2026-07-10T03:34:58.227Z] node: [2026-07-10T03:34:58.227Z] npx: [2K[1A[2K[GRunning generate... - Prisma Client
[2026-07-10T03:34:59.533Z] node: [2026-07-10T03:34:59.533Z] npx: [2K[1A[2K[G✔ Generated Prisma Client (v6.16.2) to .\node_modules\.prisma\client in 1.30s
[2026-07-10T03:34:59.591Z] node: [2026-07-10T03:34:59.591Z] ✅ Prisma db push completed for Recovery DB.
[2026-07-10T03:35:02.860Z] node: [2026-07-10T03:35:02.860Z] 📊 Existing tables: 70
[2026-07-10T03:35:02.860Z] node: [2026-07-10T03:35:02.860Z] 📦 Existing rows: 0
[2026-07-10T03:35:02.864Z] node: [2026-07-10T03:35:02.860Z] 🔎 Product: 0
[2026-07-10T03:35:02.864Z] node: [2026-07-10T03:35:02.861Z] 🔎 BranchPrice: 0
[2026-07-10T03:35:02.865Z] node: [2026-07-10T03:35:02.861Z] 🔎 StockItem: 0
[2026-07-10T03:35:02.866Z] node: [2026-07-10T03:35:02.861Z] 🔎 Sale: 0
[2026-07-10T03:35:02.867Z] node: [2026-07-10T03:35:02.861Z] 🔎 SaleItem: 0
[2026-07-10T03:35:02.868Z] node: [2026-07-10T03:35:02.861Z] 🔎 SaleItemSimple: 0
[2026-07-10T03:35:02.869Z] node: [2026-07-10T03:35:02.861Z] 🔎 Payment: 0
[2026-07-10T03:35:02.870Z] node: [2026-07-10T03:35:02.862Z] 🔎 PaymentItem: 0
[2026-07-10T03:35:02.934Z] node: [2026-07-10T03:35:02.934Z] 📖 SQL loaded into memory (4.67 MB).
[2026-07-10T03:35:02.934Z] node: [2026-07-10T03:35:02.934Z] 🚚 Starting SQL restore via Node.js pg client...
[2026-07-10T03:35:05.447Z] node: [2026-07-10T03:35:05.447Z] ✅ SQL restore completed via Node.js pg client.
[2026-07-10T03:35:08.139Z] node: [2026-07-10T03:35:08.139Z] ✅ Restore verification PASS (70 tables checked).
[2026-07-10T03:35:08.140Z] node: [2026-07-10T03:35:08.139Z] 🎉 Restore completed successfully in 32.55 seconds.
[2026-07-10T03:35:08.153Z] ▶️  Run: node recovery/verify/qbv.js
[2026-07-10T03:35:08.320Z] node: [2026-07-10T03:35:08.318Z] ============================================================
[2026-07-10T03:35:08.321Z] node: [2026-07-10T03:35:08.321Z] 🔎 AlphaTech Integrity Verification ALPHATECH-RECOVERY-VERIFY-V1
[2026-07-10T03:35:08.322Z] node: [2026-07-10T03:35:08.321Z] ============================================================
[2026-07-10T03:35:08.322Z] node: [2026-07-10T03:35:08.321Z] Collecting Production snapshot...
[2026-07-10T03:35:19.657Z] node: [2026-07-10T03:35:19.656Z] Collecting Recovery snapshot...
[2026-07-10T03:35:30.696Z] node: [2026-07-10T03:35:30.695Z] Comparing snapshots...
[2026-07-10T03:35:30.702Z] node: [2026-07-10T03:35:30.701Z] 🧾 JSON report: D:\alpha-tech\server\recovery\reports\verification-report_2026-07-10T03-35-30-699Z.json
[2026-07-10T03:35:30.702Z] node: [2026-07-10T03:35:30.702Z] 🧾 TXT report: D:\alpha-tech\server\recovery\reports\verification-report_2026-07-10T03-35-30-699Z.txt
[2026-07-10T03:35:30.703Z] node: [2026-07-10T03:35:30.702Z] ✅ Overall: FAIL
[2026-07-10T03:35:30.717Z] 🧾 Job manifest: D:\alpha-tech\server\recovery\jobs\job-2026-07-10T03-34-22-557Z.json
[2026-07-10T03:35:30.718Z] ❌ Job result: FAIL exitCode=40
