[2026-07-20T07:39:49.754Z] ============================================================
[2026-07-20T07:39:49.760Z] 🧭 AlphaTech Recovery Retention Workflow ALPHATECH-RECOVERY-JOB-RUNNER-V7-R2-RETENTION
[2026-07-20T07:39:49.761Z] ============================================================
[2026-07-20T07:39:49.762Z] Mode: backup-workflow
[2026-07-20T07:39:49.764Z] ▶️  Run: node recovery/health/healthCheck.js
[2026-07-20T07:39:49.954Z] node: [2026-07-20T07:39:49.951Z] ============================================================
[2026-07-20T07:39:49.955Z] node: [2026-07-20T07:39:49.955Z] 🩺 AlphaTech Recovery Health Check ALPHATECH-RECOVERY-HEALTH-CHECK-V1
[2026-07-20T07:39:49.955Z] node: [2026-07-20T07:39:49.955Z] ============================================================
[2026-07-20T07:39:50.868Z] node: [2026-07-20T07:39:50.867Z] 🧾 JSON report: D:\alpha-tech\server\recovery\reports\health-check-2026-07-20T07-39-50-858Z.json
[2026-07-20T07:39:50.868Z] node: [2026-07-20T07:39:50.868Z] 🧾 TXT report: D:\alpha-tech\server\recovery\reports\health-check-2026-07-20T07-39-50-858Z.txt
[2026-07-20T07:39:50.869Z] node: [2026-07-20T07:39:50.868Z] ✅ Overall: PASS
[2026-07-20T07:39:50.883Z] ▶️  Run: node qb.js
[2026-07-20T07:39:51.352Z] node: 🔌 Connected to PostgreSQL successfully.
[2026-07-20T07:39:51.362Z] node: ⏳ Starting P1 Hardened Backup v6 Type-aware + generic self-reference FK safe restore...
[2026-07-20T07:39:55.159Z] node: 📦 Exporting table: Bank
[2026-07-20T07:39:55.199Z] node: 📦 Exporting table: Brand
[2026-07-20T07:39:55.247Z] node: 📦 Exporting table: Category
[2026-07-20T07:39:55.284Z] node: 📦 Exporting table: GlobalProductType
[2026-07-20T07:39:55.322Z] node: 📦 Exporting table: Position
[2026-07-20T07:39:55.359Z] node: 📦 Exporting table: Province
[2026-07-20T07:39:55.397Z] node: 📦 Exporting table: District
[2026-07-20T07:39:55.460Z] node: 📦 Exporting table: Subdistrict
[2026-07-20T07:39:55.683Z] node: 📦 Exporting table: Branch
[2026-07-20T07:39:55.724Z] node: 📦 Exporting table: BarcodeCounter
[2026-07-20T07:39:55.761Z] node: 📦 Exporting table: PaymentCodeCounter
[2026-07-20T07:39:55.798Z] node: 📦 Exporting table: ProductType
[2026-07-20T07:39:55.841Z] node: 📦 Exporting table: ProductTypeBrand
[2026-07-20T07:39:55.886Z] node: 📦 Exporting table: Supplier
[2026-07-20T07:39:55.925Z] node: 📦 Exporting table: Unit
[2026-07-20T07:39:55.963Z] node: 📦 Exporting table: Product
[2026-07-20T07:39:56.125Z] node: 📦 Exporting table: BranchPrice
[2026-07-20T07:39:56.229Z] node: 📦 Exporting table: ProductImage
[2026-07-20T07:39:56.267Z] node: 📦 Exporting table: StockBalance
[2026-07-20T07:39:56.334Z] node: 📦 Exporting table: User
[2026-07-20T07:39:56.380Z] node: 📦 Exporting table: CustomerProfile
[2026-07-20T07:39:56.426Z] node: 📦 Exporting table: Cart
[2026-07-20T07:39:56.463Z] node: 📦 Exporting table: CartItem
[2026-07-20T07:39:56.500Z] node: 📦 Exporting table: EmployeeProfile
[2026-07-20T07:39:56.537Z] node: 📦 Exporting table: CombinedBillingDocument
[2026-07-20T07:39:56.574Z] node: 📦 Exporting table: CombinedSaleDocument
[2026-07-20T07:39:56.611Z] node: 📦 Exporting table: CustomerDeposit
[2026-07-20T07:39:56.648Z] node: 📦 Exporting table: CustomerReceipts
[2026-07-20T07:39:56.686Z] node: 📦 Exporting table: InputTaxFilingBatch
[2026-07-20T07:39:56.723Z] node: 📦 Exporting table: Order
[2026-07-20T07:39:56.760Z] node: 📦 Exporting table: OrderOnline
[2026-07-20T07:39:56.798Z] node: 📦 Exporting table: OrderOnlineItem
[2026-07-20T07:39:56.835Z] node: 📦 Exporting table: PasswordResetToken
[2026-07-20T07:39:56.873Z] node: 📦 Exporting table: ProductOnOrder
[2026-07-20T07:39:56.910Z] node: 📦 Exporting table: PurchaseOrder
[2026-07-20T07:39:56.949Z] node: 📦 Exporting table: PurchaseOrderItem
[2026-07-20T07:39:56.992Z] node: 📦 Exporting table: PurchaseOrderReceipt
[2026-07-20T07:39:57.032Z] node: 📦 Exporting table: InputTaxFilingItem
[2026-07-20T07:39:57.069Z] node: 📦 Exporting table: PurchaseOrderReceiptItem
[2026-07-20T07:39:57.110Z] node: 📦 Exporting table: RefreshToken
[2026-07-20T07:39:57.380Z] node: 📦 Exporting table: Sale
[2026-07-20T07:39:57.439Z] node: 📦 Exporting table: CustomerReceiptAllocations
[2026-07-20T07:39:57.483Z] node: 📦 Exporting table: Payment
[2026-07-20T07:39:57.531Z] node: 📦 Exporting table: DepositUsage
[2026-07-20T07:39:57.574Z] node: 📦 Exporting table: PaymentItem
[2026-07-20T07:39:57.619Z] node: 📦 Exporting table: SaleReturn
[2026-07-20T07:39:57.668Z] node: 📦 Exporting table: RefundTransaction
[2026-07-20T07:39:57.726Z] node: 📦 Exporting table: SalesTaxFilingBatch
[2026-07-20T07:39:57.779Z] node: 📦 Exporting table: SalesTaxFilingItem
[2026-07-20T07:39:57.828Z] node: 📦 Exporting table: ServiceOrder
[2026-07-20T07:39:57.871Z] node: 📦 Exporting table: ServiceItem
[2026-07-20T07:39:57.931Z] node: 📦 Exporting table: SimpleLot
[2026-07-20T07:39:57.983Z] node: 📦 Exporting table: SaleItemSimple
[2026-07-20T07:39:58.037Z] node: 📦 Exporting table: SaleReturnItemSimple
[2026-07-20T07:39:58.087Z] node: 📦 Exporting table: StockAuditSession
[2026-07-20T07:39:58.142Z] node: 📦 Exporting table: StockItem
[2026-07-20T07:39:58.333Z] node: 📦 Exporting table: BarcodeReceiptItem
[2026-07-20T07:39:58.409Z] node: 📦 Exporting table: RepairJob
[2026-07-20T07:39:58.466Z] node: 📦 Exporting table: RepairPartItem
[2026-07-20T07:39:58.515Z] node: 📦 Exporting table: SaleItem
[2026-07-20T07:39:58.567Z] node: 📦 Exporting table: SaleReturnItem
[2026-07-20T07:39:58.614Z] node: 📦 Exporting table: StockAuditScanLog
[2026-07-20T07:39:58.663Z] node: 📦 Exporting table: StockAuditSnapshotItem
[2026-07-20T07:39:58.743Z] node: 📦 Exporting table: StockMovement
[2026-07-20T07:39:58.814Z] node: 📦 Exporting table: SupplierPayment
[2026-07-20T07:39:58.853Z] node: 📦 Exporting table: SupplierPaymentReceipt
[2026-07-20T07:39:58.906Z] node: 📦 Exporting table: V2CustomerDeposit
[2026-07-20T07:39:58.954Z] node: 📦 Exporting table: V2StockAudit
[2026-07-20T07:39:59.001Z] node: 📦 Exporting table: V2StockAuditItem
[2026-07-20T07:39:59.071Z] node: 📦 Exporting table: WarrantyClaim
[2026-07-20T07:40:01.867Z] node: 🎉 P1 Hardened Backup v6 Type-aware + generic self-reference FK safe restore completed successfully.
[2026-07-20T07:40:01.875Z] node: 💾 Backup file: D:\alpha-tech\server\backups\alphatech_hardened_backup_v6_2026-07-20_2026-07-20T07-39-55-120Z.sql
[2026-07-20T07:40:01.875Z] node: 🧾 Manifest file: D:\alpha-tech\server\backups\alphatech_hardened_backup_v6_2026-07-20_2026-07-20T07-39-55-120Z.manifest.json
[2026-07-20T07:40:01.875Z] node: 📊 Tables exported: 70
[2026-07-20T07:40:01.876Z] node: 📦 Rows exported: 25252
[2026-07-20T07:40:01.876Z] node: 🔢 Sequences prepared: 67
[2026-07-20T07:40:01.876Z] node: 🔐 SHA256: d92883262af35b2749b5d544a184d13827f1e0187c1b02372eaf508333adf7e8
[2026-07-20T07:40:01.876Z] node: 📐 File size: 8.86 MB
[2026-07-20T07:40:01.876Z] node: ⏱️ Duration: 8.13 seconds
[2026-07-20T07:40:01.876Z] node: ✅ Verification: PASS (70 tables checked)
[2026-07-20T07:40:01.944Z] ▶️  Run: node recovery/upload/uploadBackup.js --manifest D:\alpha-tech\server\backups\alphatech_hardened_backup_v6_2026-07-20_2026-07-20T07-39-55-120Z.manifest.json
[2026-07-20T07:40:02.034Z] node: [2026-07-20T07:40:02.027Z] ============================================================
[2026-07-20T07:40:02.036Z] node: [2026-07-20T07:40:02.035Z] AlphaTech Recovery Upload ALPHATECH-RECOVERY-UPLOAD-V2-S3-COMPATIBLE
[2026-07-20T07:40:02.036Z] node: [2026-07-20T07:40:02.036Z] ============================================================
[2026-07-20T07:40:02.325Z] node stderr: (node:18228) Warning: NodeVersionSupportWarning: The AWS SDK for JavaScript (v3)
[2026-07-20T07:40:02.326Z] node stderr: versions published after the first week of January 2027
[2026-07-20T07:40:02.326Z] node stderr: will require node >=22. You are running node v20.19.0.
[2026-07-20T07:40:02.326Z] node stderr: To continue receiving updates to AWS services, bug fixes,
[2026-07-20T07:40:02.326Z] node stderr: and security updates please upgrade to node >=22.
[2026-07-20T07:40:02.326Z] node stderr: More information can be found at: https://a.co/c895JFp
[2026-07-20T07:40:02.327Z] node stderr: (Use `node --trace-warnings ...` to show where the warning was created)
[2026-07-20T07:40:04.883Z] node: [2026-07-20T07:40:04.882Z] JSON report: D:\alpha-tech\server\recovery\reports\upload-report-2026-07-20T07-40-04-880Z.json
[2026-07-20T07:40:04.883Z] node: [2026-07-20T07:40:04.882Z] TXT report: D:\alpha-tech\server\recovery\reports\upload-report-2026-07-20T07-40-04-880Z.txt
[2026-07-20T07:40:04.883Z] node: [2026-07-20T07:40:04.883Z] Overall: PASS
[2026-07-20T07:40:05.945Z] ------------------------------------------------------------
[2026-07-20T07:40:05.946Z] Target      : cloudflare-r2
[2026-07-20T07:40:05.948Z] Bucket      : saduaksabuy-recovery
[2026-07-20T07:40:05.949Z] Prefix      : alphatech-production/
[2026-07-20T07:40:05.949Z] Retention   : 7 day(s)
[2026-07-20T07:40:05.949Z] Mode        : APPLY
[2026-07-20T07:40:05.950Z] Scanned     : 86
[2026-07-20T07:40:05.950Z] Candidates  : 0
[2026-07-20T07:40:05.950Z] Deleted     : 0
[2026-07-20T07:40:05.951Z] Remaining   : 86
[2026-07-20T07:40:05.951Z] Failed      : 0
[2026-07-20T07:40:05.951Z] ▶️  Run: node recovery/retention/retentionPolicy.js --apply
[2026-07-20T07:40:06.056Z] node: [2026-07-20T07:40:06.049Z] ============================================================
[2026-07-20T07:40:06.059Z] node: [2026-07-20T07:40:06.058Z] 🧹 AlphaTech Recovery Retention ALPHATECH-RECOVERY-RETENTION-V1
[2026-07-20T07:40:06.059Z] node: [2026-07-20T07:40:06.058Z] ============================================================
[2026-07-20T07:40:06.059Z] node: [2026-07-20T07:40:06.058Z] Mode: APPLY
[2026-07-20T07:40:06.067Z] node: [2026-07-20T07:40:06.066Z] ------------------------------------------------------------
[2026-07-20T07:40:06.068Z] node: [2026-07-20T07:40:06.068Z] Target      : local-backups
[2026-07-20T07:40:06.071Z] node: [2026-07-20T07:40:06.068Z] Directory   : D:\alpha-tech\server\backups
[2026-07-20T07:40:06.071Z] node: [2026-07-20T07:40:06.071Z] Retention   : 3 day(s)
[2026-07-20T07:40:06.072Z] node: [2026-07-20T07:40:06.072Z] Scanned     : 46
[2026-07-20T07:40:06.073Z] node: [2026-07-20T07:40:06.073Z] Candidates  : 0
[2026-07-20T07:40:06.074Z] node: [2026-07-20T07:40:06.074Z] Deleted     : 0
[2026-07-20T07:40:06.075Z] node: [2026-07-20T07:40:06.075Z] Remaining   : 46
[2026-07-20T07:40:06.077Z] node: [2026-07-20T07:40:06.075Z] Failed      : 0
[2026-07-20T07:40:06.077Z] node: [2026-07-20T07:40:06.076Z] ------------------------------------------------------------
[2026-07-20T07:40:06.078Z] node: [2026-07-20T07:40:06.077Z] Target      : offsite-local-mirror
[2026-07-20T07:40:06.078Z] node: [2026-07-20T07:40:06.078Z] Directory   : D:\alpha-tech\server\recovery\offsite
[2026-07-20T07:40:06.079Z] node: [2026-07-20T07:40:06.079Z] Retention   : 7 day(s)
[2026-07-20T07:40:06.081Z] node: [2026-07-20T07:40:06.081Z] Scanned     : 0
[2026-07-20T07:40:06.082Z] node: [2026-07-20T07:40:06.082Z] Candidates  : 0
[2026-07-20T07:40:06.083Z] node: [2026-07-20T07:40:06.082Z] Deleted     : 0
[2026-07-20T07:40:06.083Z] node: [2026-07-20T07:40:06.083Z] Remaining   : 0
[2026-07-20T07:40:06.085Z] node: [2026-07-20T07:40:06.084Z] Failed      : 0
[2026-07-20T07:40:06.088Z] node: [2026-07-20T07:40:06.088Z] 🧾 JSON report: D:\alpha-tech\server\recovery\reports\retention-report-2026-07-20T07-40-06-086Z.json
[2026-07-20T07:40:06.089Z] node: [2026-07-20T07:40:06.088Z] 🧾 TXT report: D:\alpha-tech\server\recovery\reports\retention-report-2026-07-20T07-40-06-086Z.txt
[2026-07-20T07:40:06.089Z] node: [2026-07-20T07:40:06.088Z] ✅ Overall: PASS
[2026-07-20T07:40:06.107Z] ▶️  Run: node qbrs.js --manifest D:\alpha-tech\server\backups\alphatech_hardened_backup_v6_2026-07-20_2026-07-20T07-39-55-120Z.manifest.json --init --yes --reset-schema
[2026-07-20T07:40:06.345Z] node: [2026-07-20T07:40:06.343Z] ============================================================
[2026-07-20T07:40:06.348Z] node: [2026-07-20T07:40:06.348Z] 🚑 AlphaTech Restore Tool P1-HARDENED-RESTORE-V3-NODE-PG
[2026-07-20T07:40:06.348Z] node: [2026-07-20T07:40:06.349Z] ============================================================
[2026-07-20T07:40:06.400Z] node: [2026-07-20T07:40:06.400Z] ✅ Manifest loaded.
[2026-07-20T07:40:06.400Z] node: [2026-07-20T07:40:06.400Z] ✅ SQL file: D:\alpha-tech\server\backups\alphatech_hardened_backup_v6_2026-07-20_2026-07-20T07-39-55-120Z.sql
[2026-07-20T07:40:06.401Z] node: [2026-07-20T07:40:06.401Z] ✅ SHA256 verified: d92883262af35b2749b5d544a184d13827f1e0187c1b02372eaf508333adf7e8
[2026-07-20T07:40:06.402Z] node: [2026-07-20T07:40:06.402Z] 🎯 Target DB: postgresql://postgres:***@db.engqdeyzbvnmxbnpemau.supabase.co:5432/postgres
[2026-07-20T07:40:06.403Z] node: [2026-07-20T07:40:06.403Z] 🎯 Host: db.engqdeyzbvnmxbnpemau.supabase.co
[2026-07-20T07:40:06.403Z] node: [2026-07-20T07:40:06.403Z] 🎯 Port: 5432
[2026-07-20T07:40:06.404Z] node: [2026-07-20T07:40:06.404Z] 🎯 Database: postgres
[2026-07-20T07:40:06.406Z] node: [2026-07-20T07:40:06.406Z] 🎯 Schema: public
[2026-07-20T07:40:06.786Z] node: [2026-07-20T07:40:06.786Z] 🔌 Connected to target PostgreSQL successfully.
[2026-07-20T07:40:10.131Z] node: [2026-07-20T07:40:10.131Z] 📊 Existing tables: 70
[2026-07-20T07:40:10.132Z] node: [2026-07-20T07:40:10.132Z] 📦 Existing rows: 25106
[2026-07-20T07:40:10.132Z] node: [2026-07-20T07:40:10.132Z] 🔎 Product: 1912
[2026-07-20T07:40:10.133Z] node: [2026-07-20T07:40:10.132Z] 🔎 BranchPrice: 1910
[2026-07-20T07:40:10.133Z] node: [2026-07-20T07:40:10.132Z] 🔎 StockItem: 3131
[2026-07-20T07:40:10.133Z] node: [2026-07-20T07:40:10.133Z] 🔎 Sale: 37
[2026-07-20T07:40:10.134Z] node: [2026-07-20T07:40:10.133Z] 🔎 SaleItem: 112
[2026-07-20T07:40:10.134Z] node: [2026-07-20T07:40:10.133Z] 🔎 SaleItemSimple: 0
[2026-07-20T07:40:10.134Z] node: [2026-07-20T07:40:10.133Z] 🔎 Payment: 23
[2026-07-20T07:40:10.135Z] node: [2026-07-20T07:40:10.133Z] 🔎 PaymentItem: 23
[2026-07-20T07:40:10.396Z] node: [2026-07-20T07:40:10.396Z] 🧨 Resetting target schema "public" before restore...
[2026-07-20T07:40:10.397Z] node: [2026-07-20T07:40:10.396Z] 🛡️ This action is intended for Recovery / Standby DB only.
[2026-07-20T07:40:10.944Z] node: [2026-07-20T07:40:10.944Z] ✅ Schema "public" reset completed.
[2026-07-20T07:40:10.980Z] node: [2026-07-20T07:40:10.980Z] 🧱 Running Prisma db push against Recovery DB only...
[2026-07-20T07:40:10.980Z] node: [2026-07-20T07:40:10.980Z] 🛡️ DATABASE_URL is injected from RESTORE_DATABASE_URL/RECOVERY_DATABASE_URL for this process only.
[2026-07-20T07:40:15.254Z] node: [2026-07-20T07:40:15.254Z] npx stderr: Environment variables loaded from .env
[2026-07-20T07:40:15.256Z] node: [2026-07-20T07:40:15.256Z] npx: Prisma schema loaded from prisma\schema.prisma
[2026-07-20T07:40:15.269Z] node: [2026-07-20T07:40:15.269Z] npx: Datasource "db": PostgreSQL database "postgres", schema "public" at "db.engqdeyzbvnmxbnpemau.supabase.co:5432"
[2026-07-20T07:40:31.174Z] node: [2026-07-20T07:40:31.174Z] npx: Your database is now in sync with your Prisma schema. Done in 15.28s
[2026-07-20T07:40:31.176Z] node: [2026-07-20T07:40:31.176Z] npx: Running generate... (Use --skip-generate to skip the generators)
[2026-07-20T07:40:32.170Z] node: [2026-07-20T07:40:32.170Z] npx: [2K[1A[2K[GRunning generate... - Prisma Client
[2026-07-20T07:40:33.446Z] node: [2026-07-20T07:40:33.447Z] npx: [2K[1A[2K[G✔ Generated Prisma Client (v6.16.2) to .\node_modules\.prisma\client in 1.25s
[2026-07-20T07:40:33.506Z] node: [2026-07-20T07:40:33.506Z] ✅ Prisma db push completed for Recovery DB.
[2026-07-20T07:40:37.914Z] node: [2026-07-20T07:40:37.911Z] 📊 Existing tables: 70
[2026-07-20T07:40:37.920Z] node: [2026-07-20T07:40:37.912Z] 📦 Existing rows: 0
[2026-07-20T07:40:37.924Z] node: [2026-07-20T07:40:37.912Z] 🔎 Product: 0
[2026-07-20T07:40:37.924Z] node: [2026-07-20T07:40:37.912Z] 🔎 BranchPrice: 0
[2026-07-20T07:40:37.981Z] node: [2026-07-20T07:40:37.914Z] 🔎 StockItem: 0
[2026-07-20T07:40:37.982Z] node: [2026-07-20T07:40:37.914Z] 🔎 Sale: 0
[2026-07-20T07:40:37.983Z] node: [2026-07-20T07:40:37.914Z] 🔎 SaleItem: 0
[2026-07-20T07:40:37.984Z] node: [2026-07-20T07:40:37.914Z] 🔎 SaleItemSimple: 0
[2026-07-20T07:40:37.985Z] node: [2026-07-20T07:40:37.915Z] 🔎 Payment: 0
[2026-07-20T07:40:37.985Z] node: [2026-07-20T07:40:37.915Z] 🔎 PaymentItem: 0
[2026-07-20T07:40:39.026Z] node: [2026-07-20T07:40:39.026Z] 📖 SQL loaded into memory (8.86 MB).
[2026-07-20T07:40:39.026Z] node: [2026-07-20T07:40:39.026Z] 🚚 Starting SQL restore via Node.js pg client...
[2026-07-20T07:40:43.168Z] node: [2026-07-20T07:40:43.168Z] ✅ SQL restore completed via Node.js pg client.
[2026-07-20T07:40:46.015Z] node: [2026-07-20T07:40:46.015Z] ✅ Restore verification PASS (70 tables checked).
[2026-07-20T07:40:46.015Z] node: [2026-07-20T07:40:46.015Z] 🎉 Restore completed successfully in 39.67 seconds.
[2026-07-20T07:40:46.036Z] ▶️  Run: node recovery/verify/qbv.js
[2026-07-20T07:40:46.230Z] node: [2026-07-20T07:40:46.227Z] ============================================================
[2026-07-20T07:40:46.232Z] node: [2026-07-20T07:40:46.231Z] 🔎 AlphaTech Integrity Verification ALPHATECH-RECOVERY-VERIFY-V1
[2026-07-20T07:40:46.233Z] node: [2026-07-20T07:40:46.231Z] ============================================================
[2026-07-20T07:40:46.233Z] node: [2026-07-20T07:40:46.232Z] Collecting Production snapshot...
[2026-07-20T07:40:56.929Z] node: [2026-07-20T07:40:56.928Z] Collecting Recovery snapshot...
[2026-07-20T07:41:08.116Z] node: [2026-07-20T07:41:08.115Z] Comparing snapshots...
[2026-07-20T07:41:08.131Z] node: [2026-07-20T07:41:08.130Z] 🧾 JSON report: D:\alpha-tech\server\recovery\reports\verification-report_2026-07-20T07-41-08-127Z.json
[2026-07-20T07:41:08.131Z] node: [2026-07-20T07:41:08.130Z] 🧾 TXT report: D:\alpha-tech\server\recovery\reports\verification-report_2026-07-20T07-41-08-127Z.txt
[2026-07-20T07:41:08.131Z] node: [2026-07-20T07:41:08.130Z] ✅ Overall: PASS
[2026-07-20T07:41:08.150Z] 🧾 Job manifest: D:\alpha-tech\server\recovery\jobs\job-2026-07-20T07-39-49-751Z.json
[2026-07-20T07:41:08.151Z] ✅ Job result: PASS exitCode=0
