[2026-07-15T06:37:20.624Z] ============================================================
[2026-07-15T06:37:20.637Z] 🧭 AlphaTech Recovery Retention Workflow ALPHATECH-RECOVERY-JOB-RUNNER-V7-R2-RETENTION
[2026-07-15T06:37:20.637Z] ============================================================
[2026-07-15T06:37:20.637Z] Mode: backup-workflow
[2026-07-15T06:37:20.639Z] ▶️  Run: node recovery/health/healthCheck.js
[2026-07-15T06:37:20.906Z] node: [2026-07-15T06:37:20.903Z] ============================================================
[2026-07-15T06:37:20.907Z] node: [2026-07-15T06:37:20.907Z] 🩺 AlphaTech Recovery Health Check ALPHATECH-RECOVERY-HEALTH-CHECK-V1
[2026-07-15T06:37:20.908Z] node: [2026-07-15T06:37:20.907Z] ============================================================
[2026-07-15T06:37:21.778Z] node: [2026-07-15T06:37:21.778Z] 🧾 JSON report: D:\alpha-tech\server\recovery\reports\health-check-2026-07-15T06-37-21-768Z.json
[2026-07-15T06:37:21.780Z] node: [2026-07-15T06:37:21.779Z] 🧾 TXT report: D:\alpha-tech\server\recovery\reports\health-check-2026-07-15T06-37-21-768Z.txt
[2026-07-15T06:37:21.781Z] node: [2026-07-15T06:37:21.780Z] ✅ Overall: PASS
[2026-07-15T06:37:21.795Z] ▶️  Run: node qb.js
[2026-07-15T06:37:22.245Z] node: 🔌 Connected to PostgreSQL successfully.
[2026-07-15T06:37:22.255Z] node: ⏳ Starting P1 Hardened Backup v6 Type-aware + generic self-reference FK safe restore...
[2026-07-15T06:37:26.258Z] node: 📦 Exporting table: Bank
[2026-07-15T06:37:26.297Z] node: 📦 Exporting table: Brand
[2026-07-15T06:37:26.344Z] node: 📦 Exporting table: Category
[2026-07-15T06:37:26.381Z] node: 📦 Exporting table: GlobalProductType
[2026-07-15T06:37:26.418Z] node: 📦 Exporting table: Position
[2026-07-15T06:37:26.462Z] node: 📦 Exporting table: Province
[2026-07-15T06:37:26.500Z] node: 📦 Exporting table: District
[2026-07-15T06:37:26.556Z] node: 📦 Exporting table: Subdistrict
[2026-07-15T06:37:26.757Z] node: 📦 Exporting table: Branch
[2026-07-15T06:37:26.796Z] node: 📦 Exporting table: BarcodeCounter
[2026-07-15T06:37:26.833Z] node: 📦 Exporting table: PaymentCodeCounter
[2026-07-15T06:37:26.870Z] node: 📦 Exporting table: ProductType
[2026-07-15T06:37:26.911Z] node: 📦 Exporting table: ProductTypeBrand
[2026-07-15T06:37:26.954Z] node: 📦 Exporting table: Supplier
[2026-07-15T06:37:26.993Z] node: 📦 Exporting table: Unit
[2026-07-15T06:37:27.029Z] node: 📦 Exporting table: Product
[2026-07-15T06:37:27.139Z] node: 📦 Exporting table: BranchPrice
[2026-07-15T06:37:27.223Z] node: 📦 Exporting table: ProductImage
[2026-07-15T06:37:27.260Z] node: 📦 Exporting table: StockBalance
[2026-07-15T06:37:27.316Z] node: 📦 Exporting table: User
[2026-07-15T06:37:27.361Z] node: 📦 Exporting table: CustomerProfile
[2026-07-15T06:37:27.406Z] node: 📦 Exporting table: Cart
[2026-07-15T06:37:27.442Z] node: 📦 Exporting table: CartItem
[2026-07-15T06:37:27.479Z] node: 📦 Exporting table: EmployeeProfile
[2026-07-15T06:37:27.516Z] node: 📦 Exporting table: CombinedBillingDocument
[2026-07-15T06:37:27.552Z] node: 📦 Exporting table: CombinedSaleDocument
[2026-07-15T06:37:27.589Z] node: 📦 Exporting table: CustomerDeposit
[2026-07-15T06:37:27.625Z] node: 📦 Exporting table: CustomerReceipts
[2026-07-15T06:37:27.662Z] node: 📦 Exporting table: InputTaxFilingBatch
[2026-07-15T06:37:27.698Z] node: 📦 Exporting table: Order
[2026-07-15T06:37:27.734Z] node: 📦 Exporting table: OrderOnline
[2026-07-15T06:37:27.771Z] node: 📦 Exporting table: OrderOnlineItem
[2026-07-15T06:37:27.807Z] node: 📦 Exporting table: PasswordResetToken
[2026-07-15T06:37:27.844Z] node: 📦 Exporting table: ProductOnOrder
[2026-07-15T06:37:27.881Z] node: 📦 Exporting table: PurchaseOrder
[2026-07-15T06:37:27.918Z] node: 📦 Exporting table: PurchaseOrderItem
[2026-07-15T06:37:27.956Z] node: 📦 Exporting table: PurchaseOrderReceipt
[2026-07-15T06:37:27.994Z] node: 📦 Exporting table: InputTaxFilingItem
[2026-07-15T06:37:28.134Z] node: 📦 Exporting table: PurchaseOrderReceiptItem
[2026-07-15T06:37:28.171Z] node: 📦 Exporting table: RefreshToken
[2026-07-15T06:37:28.559Z] node: 📦 Exporting table: Sale
[2026-07-15T06:37:28.685Z] node: 📦 Exporting table: CustomerReceiptAllocations
[2026-07-15T06:37:28.721Z] node: 📦 Exporting table: Payment
[2026-07-15T06:37:28.762Z] node: 📦 Exporting table: DepositUsage
[2026-07-15T06:37:28.889Z] node: 📦 Exporting table: PaymentItem
[2026-07-15T06:37:28.926Z] node: 📦 Exporting table: SaleReturn
[2026-07-15T06:37:28.962Z] node: 📦 Exporting table: RefundTransaction
[2026-07-15T06:37:29.094Z] node: 📦 Exporting table: SalesTaxFilingBatch
[2026-07-15T06:37:29.130Z] node: 📦 Exporting table: SalesTaxFilingItem
[2026-07-15T06:37:29.167Z] node: 📦 Exporting table: ServiceOrder
[2026-07-15T06:37:29.299Z] node: 📦 Exporting table: ServiceItem
[2026-07-15T06:37:29.335Z] node: 📦 Exporting table: SimpleLot
[2026-07-15T06:37:29.372Z] node: 📦 Exporting table: SaleItemSimple
[2026-07-15T06:37:29.503Z] node: 📦 Exporting table: SaleReturnItemSimple
[2026-07-15T06:37:29.540Z] node: 📦 Exporting table: StockAuditSession
[2026-07-15T06:37:29.576Z] node: 📦 Exporting table: StockItem
[2026-07-15T06:37:29.820Z] node: 📦 Exporting table: BarcodeReceiptItem
[2026-07-15T06:37:29.958Z] node: 📦 Exporting table: RepairJob
[2026-07-15T06:37:29.995Z] node: 📦 Exporting table: RepairPartItem
[2026-07-15T06:37:30.118Z] node: 📦 Exporting table: SaleItem
[2026-07-15T06:37:30.156Z] node: 📦 Exporting table: SaleReturnItem
[2026-07-15T06:37:30.193Z] node: 📦 Exporting table: StockAuditScanLog
[2026-07-15T06:37:30.323Z] node: 📦 Exporting table: StockAuditSnapshotItem
[2026-07-15T06:37:30.375Z] node: 📦 Exporting table: StockMovement
[2026-07-15T06:37:30.545Z] node: 📦 Exporting table: SupplierPayment
[2026-07-15T06:37:30.582Z] node: 📦 Exporting table: SupplierPaymentReceipt
[2026-07-15T06:37:30.732Z] node: 📦 Exporting table: V2CustomerDeposit
[2026-07-15T06:37:30.769Z] node: 📦 Exporting table: V2StockAudit
[2026-07-15T06:37:30.805Z] node: 📦 Exporting table: V2StockAuditItem
[2026-07-15T06:37:30.937Z] node: 📦 Exporting table: WarrantyClaim
[2026-07-15T06:37:34.249Z] node: 🎉 P1 Hardened Backup v6 Type-aware + generic self-reference FK safe restore completed successfully.
[2026-07-15T06:37:34.250Z] node: 💾 Backup file: D:\alpha-tech\server\backups\alphatech_hardened_backup_v6_2026-07-15_2026-07-15T06-37-26-153Z.sql
[2026-07-15T06:37:34.250Z] node: 🧾 Manifest file: D:\alpha-tech\server\backups\alphatech_hardened_backup_v6_2026-07-15_2026-07-15T06-37-26-153Z.manifest.json
[2026-07-15T06:37:34.251Z] node: 📊 Tables exported: 70
[2026-07-15T06:37:34.251Z] node: 📦 Rows exported: 22693
[2026-07-15T06:37:34.252Z] node: 🔢 Sequences prepared: 67
[2026-07-15T06:37:34.252Z] node: 🔐 SHA256: 35b720ad25ed2f7cb750a58277cc20e6241738574b0c87f83e531e8e9dab5df7
[2026-07-15T06:37:34.252Z] node: 📐 File size: 7.72 MB
[2026-07-15T06:37:34.253Z] node: ⏱️ Duration: 9.07 seconds
[2026-07-15T06:37:34.253Z] node: ✅ Verification: PASS (70 tables checked)
[2026-07-15T06:37:34.312Z] ▶️  Run: node recovery/upload/uploadBackup.js --manifest D:\alpha-tech\server\backups\alphatech_hardened_backup_v6_2026-07-15_2026-07-15T06-37-26-153Z.manifest.json
[2026-07-15T06:37:34.396Z] node: [2026-07-15T06:37:34.390Z] ============================================================
[2026-07-15T06:37:34.398Z] node: [2026-07-15T06:37:34.397Z] AlphaTech Recovery Upload ALPHATECH-RECOVERY-UPLOAD-V2-S3-COMPATIBLE
[2026-07-15T06:37:34.398Z] node: [2026-07-15T06:37:34.397Z] ============================================================
[2026-07-15T06:37:34.660Z] node stderr: (node:3256) Warning: NodeVersionSupportWarning: The AWS SDK for JavaScript (v3)
[2026-07-15T06:37:34.660Z] node stderr: versions published after the first week of January 2027
[2026-07-15T06:37:34.661Z] node stderr: will require node >=22. You are running node v20.19.0.
[2026-07-15T06:37:34.662Z] node stderr: To continue receiving updates to AWS services, bug fixes,
[2026-07-15T06:37:34.662Z] node stderr: and security updates please upgrade to node >=22.
[2026-07-15T06:37:34.662Z] node stderr: More information can be found at: https://a.co/c895JFp
[2026-07-15T06:37:34.663Z] node stderr: (Use `node --trace-warnings ...` to show where the warning was created)
[2026-07-15T06:37:35.908Z] node: [2026-07-15T06:37:35.907Z] JSON report: D:\alpha-tech\server\recovery\reports\upload-report-2026-07-15T06-37-35-905Z.json
[2026-07-15T06:37:35.909Z] node: [2026-07-15T06:37:35.908Z] TXT report: D:\alpha-tech\server\recovery\reports\upload-report-2026-07-15T06-37-35-905Z.txt
[2026-07-15T06:37:35.910Z] node: [2026-07-15T06:37:35.908Z] Overall: PASS
[2026-07-15T06:37:36.967Z] ------------------------------------------------------------
[2026-07-15T06:37:36.968Z] Target      : cloudflare-r2
[2026-07-15T06:37:36.969Z] Bucket      : saduaksabuy-recovery
[2026-07-15T06:37:36.970Z] Prefix      : alphatech-production/
[2026-07-15T06:37:36.970Z] Retention   : 7 day(s)
[2026-07-15T06:37:36.971Z] Mode        : APPLY
[2026-07-15T06:37:36.971Z] Scanned     : 84
[2026-07-15T06:37:36.971Z] Candidates  : 0
[2026-07-15T06:37:36.972Z] Deleted     : 0
[2026-07-15T06:37:36.972Z] Remaining   : 84
[2026-07-15T06:37:36.972Z] Failed      : 0
[2026-07-15T06:37:36.973Z] ▶️  Run: node recovery/retention/retentionPolicy.js --apply
[2026-07-15T06:37:37.058Z] node: [2026-07-15T06:37:37.051Z] ============================================================
[2026-07-15T06:37:37.060Z] node: [2026-07-15T06:37:37.060Z] 🧹 AlphaTech Recovery Retention ALPHATECH-RECOVERY-RETENTION-V1
[2026-07-15T06:37:37.060Z] node: [2026-07-15T06:37:37.060Z] ============================================================
[2026-07-15T06:37:37.061Z] node: [2026-07-15T06:37:37.060Z] Mode: APPLY
[2026-07-15T06:37:37.066Z] node: [2026-07-15T06:37:37.066Z] ------------------------------------------------------------
[2026-07-15T06:37:37.067Z] node: [2026-07-15T06:37:37.066Z] Target      : local-backups
[2026-07-15T06:37:37.067Z] node: [2026-07-15T06:37:37.067Z] Directory   : D:\alpha-tech\server\backups
[2026-07-15T06:37:37.068Z] node: [2026-07-15T06:37:37.067Z] Retention   : 3 day(s)
[2026-07-15T06:37:37.068Z] node: [2026-07-15T06:37:37.068Z] Scanned     : 38
[2026-07-15T06:37:37.069Z] node: [2026-07-15T06:37:37.068Z] Candidates  : 0
[2026-07-15T06:37:37.070Z] node: [2026-07-15T06:37:37.069Z] Deleted     : 0
[2026-07-15T06:37:37.071Z] node: [2026-07-15T06:37:37.071Z] Remaining   : 38
[2026-07-15T06:37:37.073Z] node: [2026-07-15T06:37:37.073Z] Failed      : 0
[2026-07-15T06:37:37.073Z] node: [2026-07-15T06:37:37.073Z] ------------------------------------------------------------
[2026-07-15T06:37:37.074Z] node: [2026-07-15T06:37:37.073Z] Target      : offsite-local-mirror
[2026-07-15T06:37:37.074Z] node: [2026-07-15T06:37:37.074Z] Directory   : D:\alpha-tech\server\recovery\offsite
[2026-07-15T06:37:37.074Z] node: [2026-07-15T06:37:37.074Z] Retention   : 7 day(s)
[2026-07-15T06:37:37.075Z] node: [2026-07-15T06:37:37.074Z] Scanned     : 0
[2026-07-15T06:37:37.075Z] node: [2026-07-15T06:37:37.075Z] Candidates  : 0
[2026-07-15T06:37:37.075Z] node: [2026-07-15T06:37:37.075Z] Deleted     : 0
[2026-07-15T06:37:37.076Z] node: [2026-07-15T06:37:37.075Z] Remaining   : 0
[2026-07-15T06:37:37.076Z] node: [2026-07-15T06:37:37.075Z] Failed      : 0
[2026-07-15T06:37:37.078Z] node: [2026-07-15T06:37:37.078Z] 🧾 JSON report: D:\alpha-tech\server\recovery\reports\retention-report-2026-07-15T06-37-37-076Z.json
[2026-07-15T06:37:37.079Z] node: [2026-07-15T06:37:37.078Z] 🧾 TXT report: D:\alpha-tech\server\recovery\reports\retention-report-2026-07-15T06-37-37-076Z.txt
[2026-07-15T06:37:37.079Z] node: [2026-07-15T06:37:37.078Z] ✅ Overall: PASS
[2026-07-15T06:37:37.090Z] ▶️  Run: node qbrs.js --manifest D:\alpha-tech\server\backups\alphatech_hardened_backup_v6_2026-07-15_2026-07-15T06-37-26-153Z.manifest.json --init --yes --reset-schema
[2026-07-15T06:37:37.250Z] node: [2026-07-15T06:37:37.248Z] ============================================================
[2026-07-15T06:37:37.252Z] node: [2026-07-15T06:37:37.252Z] 🚑 AlphaTech Restore Tool P1-HARDENED-RESTORE-V3-NODE-PG
[2026-07-15T06:37:37.252Z] node: [2026-07-15T06:37:37.252Z] ============================================================
[2026-07-15T06:37:37.289Z] node: [2026-07-15T06:37:37.289Z] ✅ Manifest loaded.
[2026-07-15T06:37:37.290Z] node: [2026-07-15T06:37:37.290Z] ✅ SQL file: D:\alpha-tech\server\backups\alphatech_hardened_backup_v6_2026-07-15_2026-07-15T06-37-26-153Z.sql
[2026-07-15T06:37:37.291Z] node: [2026-07-15T06:37:37.290Z] ✅ SHA256 verified: 35b720ad25ed2f7cb750a58277cc20e6241738574b0c87f83e531e8e9dab5df7
[2026-07-15T06:37:37.291Z] node: [2026-07-15T06:37:37.291Z] 🎯 Target DB: postgresql://postgres:***@db.engqdeyzbvnmxbnpemau.supabase.co:5432/postgres
[2026-07-15T06:37:37.292Z] node: [2026-07-15T06:37:37.292Z] 🎯 Host: db.engqdeyzbvnmxbnpemau.supabase.co
[2026-07-15T06:37:37.292Z] node: [2026-07-15T06:37:37.292Z] 🎯 Port: 5432
[2026-07-15T06:37:37.293Z] node: [2026-07-15T06:37:37.293Z] 🎯 Database: postgres
[2026-07-15T06:37:37.293Z] node: [2026-07-15T06:37:37.293Z] 🎯 Schema: public
[2026-07-15T06:37:37.735Z] node: [2026-07-15T06:37:37.735Z] 🔌 Connected to target PostgreSQL successfully.
[2026-07-15T06:37:41.066Z] node: [2026-07-15T06:37:41.066Z] 📊 Existing tables: 70
[2026-07-15T06:37:41.067Z] node: [2026-07-15T06:37:41.067Z] 📦 Existing rows: 22532
[2026-07-15T06:37:41.068Z] node: [2026-07-15T06:37:41.067Z] 🔎 Product: 1716
[2026-07-15T06:37:41.068Z] node: [2026-07-15T06:37:41.067Z] 🔎 BranchPrice: 1714
[2026-07-15T06:37:41.069Z] node: [2026-07-15T06:37:41.068Z] 🔎 StockItem: 2503
[2026-07-15T06:37:41.069Z] node: [2026-07-15T06:37:41.068Z] 🔎 Sale: 15
[2026-07-15T06:37:41.069Z] node: [2026-07-15T06:37:41.068Z] 🔎 SaleItem: 67
[2026-07-15T06:37:41.070Z] node: [2026-07-15T06:37:41.068Z] 🔎 SaleItemSimple: 0
[2026-07-15T06:37:41.070Z] node: [2026-07-15T06:37:41.069Z] 🔎 Payment: 8
[2026-07-15T06:37:41.070Z] node: [2026-07-15T06:37:41.069Z] 🔎 PaymentItem: 8
[2026-07-15T06:37:41.336Z] node: [2026-07-15T06:37:41.336Z] 🧨 Resetting target schema "public" before restore...
[2026-07-15T06:37:41.337Z] node: [2026-07-15T06:37:41.337Z] 🛡️ This action is intended for Recovery / Standby DB only.
[2026-07-15T06:37:41.844Z] node: [2026-07-15T06:37:41.844Z] ✅ Schema "public" reset completed.
[2026-07-15T06:37:41.881Z] node: [2026-07-15T06:37:41.881Z] 🧱 Running Prisma db push against Recovery DB only...
[2026-07-15T06:37:41.881Z] node: [2026-07-15T06:37:41.881Z] 🛡️ DATABASE_URL is injected from RESTORE_DATABASE_URL/RECOVERY_DATABASE_URL for this process only.
[2026-07-15T06:37:46.077Z] node: [2026-07-15T06:37:46.077Z] npx stderr: Environment variables loaded from .env
[2026-07-15T06:37:46.079Z] node: [2026-07-15T06:37:46.079Z] npx: Prisma schema loaded from prisma\schema.prisma
[2026-07-15T06:37:46.090Z] node: [2026-07-15T06:37:46.090Z] npx: Datasource "db": PostgreSQL database "postgres", schema "public" at "db.engqdeyzbvnmxbnpemau.supabase.co:5432"
[2026-07-15T06:38:02.562Z] node: [2026-07-15T06:38:02.562Z] npx: Your database is now in sync with your Prisma schema. Done in 15.91s
[2026-07-15T06:38:02.564Z] node: [2026-07-15T06:38:02.564Z] npx: Running generate... (Use --skip-generate to skip the generators)
[2026-07-15T06:38:03.617Z] node: [2026-07-15T06:38:03.617Z] npx: [2K[1A[2K[GRunning generate... - Prisma Client
[2026-07-15T06:38:04.903Z] node: [2026-07-15T06:38:04.903Z] npx: [2K[1A[2K[G✔ Generated Prisma Client (v6.16.2) to .\node_modules\.prisma\client in 1.28s
[2026-07-15T06:38:04.961Z] node: [2026-07-15T06:38:04.961Z] ✅ Prisma db push completed for Recovery DB.
[2026-07-15T06:38:07.857Z] node: [2026-07-15T06:38:07.857Z] 📊 Existing tables: 70
[2026-07-15T06:38:07.857Z] node: [2026-07-15T06:38:07.857Z] 📦 Existing rows: 0
[2026-07-15T06:38:07.858Z] node: [2026-07-15T06:38:07.857Z] 🔎 Product: 0
[2026-07-15T06:38:07.859Z] node: [2026-07-15T06:38:07.857Z] 🔎 BranchPrice: 0
[2026-07-15T06:38:07.859Z] node: [2026-07-15T06:38:07.858Z] 🔎 StockItem: 0
[2026-07-15T06:38:07.860Z] node: [2026-07-15T06:38:07.858Z] 🔎 Sale: 0
[2026-07-15T06:38:07.860Z] node: [2026-07-15T06:38:07.858Z] 🔎 SaleItem: 0
[2026-07-15T06:38:07.861Z] node: [2026-07-15T06:38:07.858Z] 🔎 SaleItemSimple: 0
[2026-07-15T06:38:07.861Z] node: [2026-07-15T06:38:07.858Z] 🔎 Payment: 0
[2026-07-15T06:38:07.861Z] node: [2026-07-15T06:38:07.858Z] 🔎 PaymentItem: 0
[2026-07-15T06:38:07.943Z] node: [2026-07-15T06:38:07.943Z] 📖 SQL loaded into memory (7.72 MB).
[2026-07-15T06:38:07.943Z] node: [2026-07-15T06:38:07.943Z] 🚚 Starting SQL restore via Node.js pg client...
[2026-07-15T06:38:11.546Z] node: [2026-07-15T06:38:11.546Z] ✅ SQL restore completed via Node.js pg client.
[2026-07-15T06:38:14.204Z] node: [2026-07-15T06:38:14.204Z] ✅ Restore verification PASS (70 tables checked).
[2026-07-15T06:38:14.205Z] node: [2026-07-15T06:38:14.205Z] 🎉 Restore completed successfully in 36.96 seconds.
[2026-07-15T06:38:14.220Z] ▶️  Run: node recovery/verify/qbv.js
[2026-07-15T06:38:14.383Z] node: [2026-07-15T06:38:14.381Z] ============================================================
[2026-07-15T06:38:14.386Z] node: [2026-07-15T06:38:14.386Z] 🔎 AlphaTech Integrity Verification ALPHATECH-RECOVERY-VERIFY-V1
[2026-07-15T06:38:14.387Z] node: [2026-07-15T06:38:14.386Z] ============================================================
[2026-07-15T06:38:14.387Z] node: [2026-07-15T06:38:14.387Z] Collecting Production snapshot...
[2026-07-15T06:38:25.117Z] node: [2026-07-15T06:38:25.116Z] Collecting Recovery snapshot...
[2026-07-15T06:38:35.632Z] node: [2026-07-15T06:38:35.632Z] Comparing snapshots...
[2026-07-15T06:38:35.647Z] node: [2026-07-15T06:38:35.647Z] 🧾 JSON report: D:\alpha-tech\server\recovery\reports\verification-report_2026-07-15T06-38-35-634Z.json
[2026-07-15T06:38:35.648Z] node: [2026-07-15T06:38:35.647Z] 🧾 TXT report: D:\alpha-tech\server\recovery\reports\verification-report_2026-07-15T06-38-35-634Z.txt
[2026-07-15T06:38:35.648Z] node: [2026-07-15T06:38:35.647Z] ✅ Overall: PASS
[2026-07-15T06:38:35.664Z] 🧾 Job manifest: D:\alpha-tech\server\recovery\jobs\job-2026-07-15T06-37-20-613Z.json
[2026-07-15T06:38:35.664Z] ✅ Job result: PASS exitCode=0
