[2026-07-17T03:34:22.832Z] ============================================================
[2026-07-17T03:34:22.838Z] 🧭 AlphaTech Recovery Retention Workflow ALPHATECH-RECOVERY-JOB-RUNNER-V7-R2-RETENTION
[2026-07-17T03:34:22.840Z] ============================================================
[2026-07-17T03:34:22.842Z] Mode: backup-workflow
[2026-07-17T03:34:22.843Z] ▶️  Run: node recovery/health/healthCheck.js
[2026-07-17T03:34:23.033Z] node: [2026-07-17T03:34:23.031Z] ============================================================
[2026-07-17T03:34:23.034Z] node: [2026-07-17T03:34:23.034Z] 🩺 AlphaTech Recovery Health Check ALPHATECH-RECOVERY-HEALTH-CHECK-V1
[2026-07-17T03:34:23.035Z] node: [2026-07-17T03:34:23.035Z] ============================================================
[2026-07-17T03:34:23.880Z] node: [2026-07-17T03:34:23.880Z] 🧾 JSON report: D:\alpha-tech\server\recovery\reports\health-check-2026-07-17T03-34-23-878Z.json
[2026-07-17T03:34:23.880Z] node: [2026-07-17T03:34:23.880Z] 🧾 TXT report: D:\alpha-tech\server\recovery\reports\health-check-2026-07-17T03-34-23-878Z.txt
[2026-07-17T03:34:23.881Z] node: [2026-07-17T03:34:23.881Z] ✅ Overall: PASS
[2026-07-17T03:34:23.894Z] ▶️  Run: node qb.js
[2026-07-17T03:34:24.330Z] node: 🔌 Connected to PostgreSQL successfully.
[2026-07-17T03:34:24.339Z] node: ⏳ Starting P1 Hardened Backup v6 Type-aware + generic self-reference FK safe restore...
[2026-07-17T03:34:28.092Z] node: 📦 Exporting table: Bank
[2026-07-17T03:34:28.129Z] node: 📦 Exporting table: Brand
[2026-07-17T03:34:28.172Z] node: 📦 Exporting table: Category
[2026-07-17T03:34:28.208Z] node: 📦 Exporting table: GlobalProductType
[2026-07-17T03:34:28.244Z] node: 📦 Exporting table: Position
[2026-07-17T03:34:28.279Z] node: 📦 Exporting table: Province
[2026-07-17T03:34:28.316Z] node: 📦 Exporting table: District
[2026-07-17T03:34:28.375Z] node: 📦 Exporting table: Subdistrict
[2026-07-17T03:34:28.567Z] node: 📦 Exporting table: Branch
[2026-07-17T03:34:28.604Z] node: 📦 Exporting table: BarcodeCounter
[2026-07-17T03:34:28.644Z] node: 📦 Exporting table: PaymentCodeCounter
[2026-07-17T03:34:28.680Z] node: 📦 Exporting table: ProductType
[2026-07-17T03:34:28.720Z] node: 📦 Exporting table: ProductTypeBrand
[2026-07-17T03:34:28.764Z] node: 📦 Exporting table: Supplier
[2026-07-17T03:34:28.801Z] node: 📦 Exporting table: Unit
[2026-07-17T03:34:28.837Z] node: 📦 Exporting table: Product
[2026-07-17T03:34:28.976Z] node: 📦 Exporting table: BranchPrice
[2026-07-17T03:34:29.063Z] node: 📦 Exporting table: ProductImage
[2026-07-17T03:34:29.098Z] node: 📦 Exporting table: StockBalance
[2026-07-17T03:34:29.161Z] node: 📦 Exporting table: User
[2026-07-17T03:34:29.205Z] node: 📦 Exporting table: CustomerProfile
[2026-07-17T03:34:29.247Z] node: 📦 Exporting table: Cart
[2026-07-17T03:34:29.283Z] node: 📦 Exporting table: CartItem
[2026-07-17T03:34:29.318Z] node: 📦 Exporting table: EmployeeProfile
[2026-07-17T03:34:29.354Z] node: 📦 Exporting table: CombinedBillingDocument
[2026-07-17T03:34:29.389Z] node: 📦 Exporting table: CombinedSaleDocument
[2026-07-17T03:34:29.424Z] node: 📦 Exporting table: CustomerDeposit
[2026-07-17T03:34:29.459Z] node: 📦 Exporting table: CustomerReceipts
[2026-07-17T03:34:29.495Z] node: 📦 Exporting table: InputTaxFilingBatch
[2026-07-17T03:34:29.531Z] node: 📦 Exporting table: Order
[2026-07-17T03:34:29.566Z] node: 📦 Exporting table: OrderOnline
[2026-07-17T03:34:29.602Z] node: 📦 Exporting table: OrderOnlineItem
[2026-07-17T03:34:29.637Z] node: 📦 Exporting table: PasswordResetToken
[2026-07-17T03:34:29.672Z] node: 📦 Exporting table: ProductOnOrder
[2026-07-17T03:34:29.707Z] node: 📦 Exporting table: PurchaseOrder
[2026-07-17T03:34:29.744Z] node: 📦 Exporting table: PurchaseOrderItem
[2026-07-17T03:34:29.781Z] node: 📦 Exporting table: PurchaseOrderReceipt
[2026-07-17T03:34:29.820Z] node: 📦 Exporting table: InputTaxFilingItem
[2026-07-17T03:34:29.855Z] node: 📦 Exporting table: PurchaseOrderReceiptItem
[2026-07-17T03:34:29.893Z] node: 📦 Exporting table: RefreshToken
[2026-07-17T03:34:30.130Z] node: 📦 Exporting table: Sale
[2026-07-17T03:34:30.168Z] node: 📦 Exporting table: CustomerReceiptAllocations
[2026-07-17T03:34:30.203Z] node: 📦 Exporting table: Payment
[2026-07-17T03:34:30.239Z] node: 📦 Exporting table: DepositUsage
[2026-07-17T03:34:30.274Z] node: 📦 Exporting table: PaymentItem
[2026-07-17T03:34:30.310Z] node: 📦 Exporting table: SaleReturn
[2026-07-17T03:34:30.345Z] node: 📦 Exporting table: RefundTransaction
[2026-07-17T03:34:30.380Z] node: 📦 Exporting table: SalesTaxFilingBatch
[2026-07-17T03:34:30.415Z] node: 📦 Exporting table: SalesTaxFilingItem
[2026-07-17T03:34:30.450Z] node: 📦 Exporting table: ServiceOrder
[2026-07-17T03:34:30.486Z] node: 📦 Exporting table: ServiceItem
[2026-07-17T03:34:30.521Z] node: 📦 Exporting table: SimpleLot
[2026-07-17T03:34:30.556Z] node: 📦 Exporting table: SaleItemSimple
[2026-07-17T03:34:30.592Z] node: 📦 Exporting table: SaleReturnItemSimple
[2026-07-17T03:34:30.627Z] node: 📦 Exporting table: StockAuditSession
[2026-07-17T03:34:30.663Z] node: 📦 Exporting table: StockItem
[2026-07-17T03:34:30.833Z] node: 📦 Exporting table: BarcodeReceiptItem
[2026-07-17T03:34:30.882Z] node: 📦 Exporting table: RepairJob
[2026-07-17T03:34:30.919Z] node: 📦 Exporting table: RepairPartItem
[2026-07-17T03:34:30.954Z] node: 📦 Exporting table: SaleItem
[2026-07-17T03:34:30.992Z] node: 📦 Exporting table: SaleReturnItem
[2026-07-17T03:34:31.027Z] node: 📦 Exporting table: StockAuditScanLog
[2026-07-17T03:34:31.063Z] node: 📦 Exporting table: StockAuditSnapshotItem
[2026-07-17T03:34:31.118Z] node: 📦 Exporting table: StockMovement
[2026-07-17T03:34:31.175Z] node: 📦 Exporting table: SupplierPayment
[2026-07-17T03:34:31.211Z] node: 📦 Exporting table: SupplierPaymentReceipt
[2026-07-17T03:34:31.247Z] node: 📦 Exporting table: V2CustomerDeposit
[2026-07-17T03:34:31.282Z] node: 📦 Exporting table: V2StockAudit
[2026-07-17T03:34:31.317Z] node: 📦 Exporting table: V2StockAuditItem
[2026-07-17T03:34:31.353Z] node: 📦 Exporting table: WarrantyClaim
[2026-07-17T03:34:33.931Z] node: 🎉 P1 Hardened Backup v6 Type-aware + generic self-reference FK safe restore completed successfully.
[2026-07-17T03:34:33.932Z] node: 💾 Backup file: D:\alpha-tech\server\backups\alphatech_hardened_backup_v6_2026-07-17_2026-07-17T03-34-28-003Z.sql
[2026-07-17T03:34:33.932Z] node: 🧾 Manifest file: D:\alpha-tech\server\backups\alphatech_hardened_backup_v6_2026-07-17_2026-07-17T03-34-28-003Z.manifest.json
[2026-07-17T03:34:33.932Z] node: 📊 Tables exported: 70
[2026-07-17T03:34:33.933Z] node: 📦 Rows exported: 24284
[2026-07-17T03:34:33.933Z] node: 🔢 Sequences prepared: 67
[2026-07-17T03:34:33.933Z] node: 🔐 SHA256: c6761ec77be0611fe46fdcff2362b896a916e440fb2347dfef4068da60eda25c
[2026-07-17T03:34:33.933Z] node: 📐 File size: 8.42 MB
[2026-07-17T03:34:33.933Z] node: ⏱️ Duration: 7.40 seconds
[2026-07-17T03:34:33.934Z] node: ✅ Verification: PASS (70 tables checked)
[2026-07-17T03:34:33.992Z] ▶️  Run: node recovery/upload/uploadBackup.js --manifest D:\alpha-tech\server\backups\alphatech_hardened_backup_v6_2026-07-17_2026-07-17T03-34-28-003Z.manifest.json
[2026-07-17T03:34:34.078Z] node: [2026-07-17T03:34:34.072Z] ============================================================
[2026-07-17T03:34:34.080Z] node: [2026-07-17T03:34:34.080Z] AlphaTech Recovery Upload ALPHATECH-RECOVERY-UPLOAD-V2-S3-COMPATIBLE
[2026-07-17T03:34:34.080Z] node: [2026-07-17T03:34:34.080Z] ============================================================
[2026-07-17T03:34:34.333Z] node stderr: (node:5436) Warning: NodeVersionSupportWarning: The AWS SDK for JavaScript (v3)
[2026-07-17T03:34:34.334Z] node stderr: versions published after the first week of January 2027
[2026-07-17T03:34:34.334Z] node stderr: will require node >=22. You are running node v20.19.0.
[2026-07-17T03:34:34.334Z] node stderr: To continue receiving updates to AWS services, bug fixes,
[2026-07-17T03:34:34.335Z] node stderr: and security updates please upgrade to node >=22.
[2026-07-17T03:34:34.335Z] node stderr: More information can be found at: https://a.co/c895JFp
[2026-07-17T03:34:34.335Z] node stderr: (Use `node --trace-warnings ...` to show where the warning was created)
[2026-07-17T03:34:36.366Z] node: [2026-07-17T03:34:36.365Z] JSON report: D:\alpha-tech\server\recovery\reports\upload-report-2026-07-17T03-34-36-364Z.json
[2026-07-17T03:34:36.366Z] node: [2026-07-17T03:34:36.366Z] TXT report: D:\alpha-tech\server\recovery\reports\upload-report-2026-07-17T03-34-36-364Z.txt
[2026-07-17T03:34:36.367Z] node: [2026-07-17T03:34:36.366Z] Overall: PASS
[2026-07-17T03:34:37.031Z] ------------------------------------------------------------
[2026-07-17T03:34:37.031Z] Target      : cloudflare-r2
[2026-07-17T03:34:37.032Z] Bucket      : saduaksabuy-recovery
[2026-07-17T03:34:37.032Z] Prefix      : alphatech-production/
[2026-07-17T03:34:37.032Z] Retention   : 7 day(s)
[2026-07-17T03:34:37.033Z] Mode        : APPLY
[2026-07-17T03:34:37.033Z] Scanned     : 94
[2026-07-17T03:34:37.033Z] Candidates  : 14
[2026-07-17T03:34:37.033Z] Deleted     : 14
[2026-07-17T03:34:37.033Z] Remaining   : 80
[2026-07-17T03:34:37.034Z] Failed      : 0
[2026-07-17T03:34:37.034Z] ▶️  Run: node recovery/retention/retentionPolicy.js --apply
[2026-07-17T03:34:37.121Z] node: [2026-07-17T03:34:37.116Z] ============================================================
[2026-07-17T03:34:37.123Z] node: [2026-07-17T03:34:37.123Z] 🧹 AlphaTech Recovery Retention ALPHATECH-RECOVERY-RETENTION-V1
[2026-07-17T03:34:37.123Z] node: [2026-07-17T03:34:37.124Z] ============================================================
[2026-07-17T03:34:37.124Z] node: [2026-07-17T03:34:37.124Z] Mode: APPLY
[2026-07-17T03:34:37.130Z] node: [2026-07-17T03:34:37.131Z] ------------------------------------------------------------
[2026-07-17T03:34:37.131Z] node: [2026-07-17T03:34:37.131Z] Target      : local-backups
[2026-07-17T03:34:37.131Z] node: [2026-07-17T03:34:37.131Z] Directory   : D:\alpha-tech\server\backups
[2026-07-17T03:34:37.131Z] node: [2026-07-17T03:34:37.132Z] Retention   : 3 day(s)
[2026-07-17T03:34:37.134Z] node: [2026-07-17T03:34:37.133Z] Scanned     : 42
[2026-07-17T03:34:37.134Z] node: [2026-07-17T03:34:37.134Z] Candidates  : 0
[2026-07-17T03:34:37.135Z] node: [2026-07-17T03:34:37.135Z] Deleted     : 0
[2026-07-17T03:34:37.135Z] node: [2026-07-17T03:34:37.135Z] Remaining   : 42
[2026-07-17T03:34:37.135Z] node: [2026-07-17T03:34:37.136Z] Failed      : 0
[2026-07-17T03:34:37.136Z] node: [2026-07-17T03:34:37.136Z] ------------------------------------------------------------
[2026-07-17T03:34:37.136Z] node: [2026-07-17T03:34:37.136Z] Target      : offsite-local-mirror
[2026-07-17T03:34:37.136Z] node: [2026-07-17T03:34:37.137Z] Directory   : D:\alpha-tech\server\recovery\offsite
[2026-07-17T03:34:37.136Z] node: [2026-07-17T03:34:37.137Z] Retention   : 7 day(s)
[2026-07-17T03:34:37.137Z] node: [2026-07-17T03:34:37.137Z] Scanned     : 0
[2026-07-17T03:34:37.137Z] node: [2026-07-17T03:34:37.138Z] Candidates  : 0
[2026-07-17T03:34:37.137Z] node: [2026-07-17T03:34:37.138Z] Deleted     : 0
[2026-07-17T03:34:37.138Z] node: [2026-07-17T03:34:37.138Z] Remaining   : 0
[2026-07-17T03:34:37.138Z] node: [2026-07-17T03:34:37.139Z] Failed      : 0
[2026-07-17T03:34:37.140Z] node: [2026-07-17T03:34:37.141Z] 🧾 JSON report: D:\alpha-tech\server\recovery\reports\retention-report-2026-07-17T03-34-37-139Z.json
[2026-07-17T03:34:37.141Z] node: [2026-07-17T03:34:37.141Z] 🧾 TXT report: D:\alpha-tech\server\recovery\reports\retention-report-2026-07-17T03-34-37-139Z.txt
[2026-07-17T03:34:37.141Z] node: [2026-07-17T03:34:37.141Z] ✅ Overall: PASS
[2026-07-17T03:34:37.152Z] ▶️  Run: node qbrs.js --manifest D:\alpha-tech\server\backups\alphatech_hardened_backup_v6_2026-07-17_2026-07-17T03-34-28-003Z.manifest.json --init --yes --reset-schema
[2026-07-17T03:34:37.315Z] node: [2026-07-17T03:34:37.313Z] ============================================================
[2026-07-17T03:34:37.317Z] node: [2026-07-17T03:34:37.316Z] 🚑 AlphaTech Restore Tool P1-HARDENED-RESTORE-V3-NODE-PG
[2026-07-17T03:34:37.317Z] node: [2026-07-17T03:34:37.317Z] ============================================================
[2026-07-17T03:34:37.356Z] node: [2026-07-17T03:34:37.355Z] ✅ Manifest loaded.
[2026-07-17T03:34:37.356Z] node: [2026-07-17T03:34:37.355Z] ✅ SQL file: D:\alpha-tech\server\backups\alphatech_hardened_backup_v6_2026-07-17_2026-07-17T03-34-28-003Z.sql
[2026-07-17T03:34:37.356Z] node: [2026-07-17T03:34:37.356Z] ✅ SHA256 verified: c6761ec77be0611fe46fdcff2362b896a916e440fb2347dfef4068da60eda25c
[2026-07-17T03:34:37.357Z] node: [2026-07-17T03:34:37.357Z] 🎯 Target DB: postgresql://postgres:***@db.engqdeyzbvnmxbnpemau.supabase.co:5432/postgres
[2026-07-17T03:34:37.357Z] node: [2026-07-17T03:34:37.357Z] 🎯 Host: db.engqdeyzbvnmxbnpemau.supabase.co
[2026-07-17T03:34:37.358Z] node: [2026-07-17T03:34:37.357Z] 🎯 Port: 5432
[2026-07-17T03:34:37.358Z] node: [2026-07-17T03:34:37.358Z] 🎯 Database: postgres
[2026-07-17T03:34:37.359Z] node: [2026-07-17T03:34:37.358Z] 🎯 Schema: public
[2026-07-17T03:34:37.725Z] node: [2026-07-17T03:34:37.725Z] 🔌 Connected to target PostgreSQL successfully.
[2026-07-17T03:34:41.031Z] node: [2026-07-17T03:34:41.030Z] 📊 Existing tables: 70
[2026-07-17T03:34:41.031Z] node: [2026-07-17T03:34:41.031Z] 📦 Existing rows: 24207
[2026-07-17T03:34:41.032Z] node: [2026-07-17T03:34:41.031Z] 🔎 Product: 1855
[2026-07-17T03:34:41.032Z] node: [2026-07-17T03:34:41.031Z] 🔎 BranchPrice: 1853
[2026-07-17T03:34:41.032Z] node: [2026-07-17T03:34:41.031Z] 🔎 StockItem: 2933
[2026-07-17T03:34:41.032Z] node: [2026-07-17T03:34:41.031Z] 🔎 Sale: 25
[2026-07-17T03:34:41.033Z] node: [2026-07-17T03:34:41.032Z] 🔎 SaleItem: 86
[2026-07-17T03:34:41.033Z] node: [2026-07-17T03:34:41.032Z] 🔎 SaleItemSimple: 0
[2026-07-17T03:34:41.033Z] node: [2026-07-17T03:34:41.032Z] 🔎 Payment: 12
[2026-07-17T03:34:41.033Z] node: [2026-07-17T03:34:41.033Z] 🔎 PaymentItem: 12
[2026-07-17T03:34:41.280Z] node: [2026-07-17T03:34:41.279Z] 🧨 Resetting target schema "public" before restore...
[2026-07-17T03:34:41.281Z] node: [2026-07-17T03:34:41.280Z] 🛡️ This action is intended for Recovery / Standby DB only.
[2026-07-17T03:34:41.870Z] node: [2026-07-17T03:34:41.870Z] ✅ Schema "public" reset completed.
[2026-07-17T03:34:41.905Z] node: [2026-07-17T03:34:41.904Z] 🧱 Running Prisma db push against Recovery DB only...
[2026-07-17T03:34:41.906Z] node: [2026-07-17T03:34:41.905Z] 🛡️ DATABASE_URL is injected from RESTORE_DATABASE_URL/RECOVERY_DATABASE_URL for this process only.
[2026-07-17T03:34:45.937Z] node: [2026-07-17T03:34:45.936Z] npx stderr: Environment variables loaded from .env
[2026-07-17T03:34:45.938Z] node: [2026-07-17T03:34:45.937Z] npx: Prisma schema loaded from prisma\schema.prisma
[2026-07-17T03:34:45.949Z] node: [2026-07-17T03:34:45.949Z] npx: Datasource "db": PostgreSQL database "postgres", schema "public" at "db.engqdeyzbvnmxbnpemau.supabase.co:5432"
[2026-07-17T03:35:02.057Z] node: [2026-07-17T03:35:02.056Z] npx: Your database is now in sync with your Prisma schema. Done in 15.51s
[2026-07-17T03:35:02.059Z] node: [2026-07-17T03:35:02.058Z] npx: Running generate... (Use --skip-generate to skip the generators)
[2026-07-17T03:35:03.112Z] node: [2026-07-17T03:35:03.112Z] npx: [2K[1A[2K[GRunning generate... - Prisma Client
[2026-07-17T03:35:04.459Z] node: [2026-07-17T03:35:04.458Z] npx: [2K[1A[2K[G✔ Generated Prisma Client (v6.16.2) to .\node_modules\.prisma\client in 1.34s
[2026-07-17T03:35:04.517Z] node: [2026-07-17T03:35:04.517Z] ✅ Prisma db push completed for Recovery DB.
[2026-07-17T03:35:07.631Z] node: [2026-07-17T03:35:07.630Z] 📊 Existing tables: 70
[2026-07-17T03:35:07.631Z] node: [2026-07-17T03:35:07.630Z] 📦 Existing rows: 0
[2026-07-17T03:35:07.631Z] node: [2026-07-17T03:35:07.630Z] 🔎 Product: 0
[2026-07-17T03:35:07.632Z] node: [2026-07-17T03:35:07.631Z] 🔎 BranchPrice: 0
[2026-07-17T03:35:07.632Z] node: [2026-07-17T03:35:07.631Z] 🔎 StockItem: 0
[2026-07-17T03:35:07.632Z] node: [2026-07-17T03:35:07.631Z] 🔎 Sale: 0
[2026-07-17T03:35:07.632Z] node: [2026-07-17T03:35:07.631Z] 🔎 SaleItem: 0
[2026-07-17T03:35:07.633Z] node: [2026-07-17T03:35:07.631Z] 🔎 SaleItemSimple: 0
[2026-07-17T03:35:07.633Z] node: [2026-07-17T03:35:07.631Z] 🔎 Payment: 0
[2026-07-17T03:35:07.633Z] node: [2026-07-17T03:35:07.632Z] 🔎 PaymentItem: 0
[2026-07-17T03:35:07.719Z] node: [2026-07-17T03:35:07.719Z] 📖 SQL loaded into memory (8.42 MB).
[2026-07-17T03:35:07.720Z] node: [2026-07-17T03:35:07.719Z] 🚚 Starting SQL restore via Node.js pg client...
[2026-07-17T03:35:12.568Z] node: [2026-07-17T03:35:12.568Z] ✅ SQL restore completed via Node.js pg client.
[2026-07-17T03:35:15.525Z] node: [2026-07-17T03:35:15.516Z] ✅ Restore verification PASS (70 tables checked).
[2026-07-17T03:35:15.587Z] node: [2026-07-17T03:35:15.516Z] 🎉 Restore completed successfully in 38.20 seconds.
[2026-07-17T03:35:15.606Z] ▶️  Run: node recovery/verify/qbv.js
[2026-07-17T03:35:15.836Z] node: [2026-07-17T03:35:15.834Z] ============================================================
[2026-07-17T03:35:15.845Z] node: [2026-07-17T03:35:15.845Z] 🔎 AlphaTech Integrity Verification ALPHATECH-RECOVERY-VERIFY-V1
[2026-07-17T03:35:15.845Z] node: [2026-07-17T03:35:15.845Z] ============================================================
[2026-07-17T03:35:15.846Z] node: [2026-07-17T03:35:15.845Z] Collecting Production snapshot...
[2026-07-17T03:35:27.410Z] node: [2026-07-17T03:35:27.409Z] Collecting Recovery snapshot...
[2026-07-17T03:35:39.292Z] node: [2026-07-17T03:35:39.291Z] Comparing snapshots...
[2026-07-17T03:35:39.299Z] node: [2026-07-17T03:35:39.299Z] 🧾 JSON report: D:\alpha-tech\server\recovery\reports\verification-report_2026-07-17T03-35-39-296Z.json
[2026-07-17T03:35:39.300Z] node: [2026-07-17T03:35:39.300Z] 🧾 TXT report: D:\alpha-tech\server\recovery\reports\verification-report_2026-07-17T03-35-39-296Z.txt
[2026-07-17T03:35:39.300Z] node: [2026-07-17T03:35:39.300Z] ✅ Overall: PASS
[2026-07-17T03:35:39.324Z] 🧾 Job manifest: D:\alpha-tech\server\recovery\jobs\job-2026-07-17T03-34-22-829Z.json
[2026-07-17T03:35:39.324Z] ✅ Job result: PASS exitCode=0
