[2026-07-09T21:34:22.871Z] ============================================================
[2026-07-09T21:34:22.877Z] 🧭 AlphaTech Recovery Retention Workflow ALPHATECH-RECOVERY-JOB-RUNNER-V7-R2-RETENTION
[2026-07-09T21:34:22.877Z] ============================================================
[2026-07-09T21:34:22.878Z] Mode: backup-workflow
[2026-07-09T21:34:22.878Z] ▶️  Run: node recovery/health/healthCheck.js
[2026-07-09T21:34:23.026Z] node: [2026-07-09T21:34:23.024Z] ============================================================
[2026-07-09T21:34:23.027Z] node: [2026-07-09T21:34:23.027Z] 🩺 AlphaTech Recovery Health Check ALPHATECH-RECOVERY-HEALTH-CHECK-V1
[2026-07-09T21:34:23.028Z] node: [2026-07-09T21:34:23.027Z] ============================================================
[2026-07-09T21:34:23.836Z] node: [2026-07-09T21:34:23.836Z] 🧾 JSON report: D:\alpha-tech\server\recovery\reports\health-check-2026-07-09T21-34-23-834Z.json
[2026-07-09T21:34:23.837Z] node: [2026-07-09T21:34:23.836Z] 🧾 TXT report: D:\alpha-tech\server\recovery\reports\health-check-2026-07-09T21-34-23-834Z.txt
[2026-07-09T21:34:23.837Z] node: [2026-07-09T21:34:23.836Z] ✅ Overall: PASS
[2026-07-09T21:34:23.850Z] ▶️  Run: node qb.js
[2026-07-09T21:34:24.282Z] node: 🔌 Connected to PostgreSQL successfully.
[2026-07-09T21:34:24.283Z] node: ⏳ Starting P1 Hardened Backup v6 Type-aware + generic self-reference FK safe restore...
[2026-07-09T21:34:27.798Z] node: 📦 Exporting table: Bank
[2026-07-09T21:34:27.838Z] node: 📦 Exporting table: Brand
[2026-07-09T21:34:27.882Z] node: 📦 Exporting table: Category
[2026-07-09T21:34:27.921Z] node: 📦 Exporting table: GlobalProductType
[2026-07-09T21:34:27.959Z] node: 📦 Exporting table: Position
[2026-07-09T21:34:27.997Z] node: 📦 Exporting table: Province
[2026-07-09T21:34:28.036Z] node: 📦 Exporting table: District
[2026-07-09T21:34:28.123Z] node: 📦 Exporting table: Subdistrict
[2026-07-09T21:34:28.289Z] node: 📦 Exporting table: Branch
[2026-07-09T21:34:28.327Z] node: 📦 Exporting table: BarcodeCounter
[2026-07-09T21:34:28.365Z] node: 📦 Exporting table: PaymentCodeCounter
[2026-07-09T21:34:28.403Z] node: 📦 Exporting table: ProductType
[2026-07-09T21:34:28.445Z] node: 📦 Exporting table: ProductTypeBrand
[2026-07-09T21:34:28.485Z] node: 📦 Exporting table: Supplier
[2026-07-09T21:34:28.523Z] node: 📦 Exporting table: Unit
[2026-07-09T21:34:28.561Z] node: 📦 Exporting table: Product
[2026-07-09T21:34:28.643Z] node: 📦 Exporting table: BranchPrice
[2026-07-09T21:34:28.707Z] node: 📦 Exporting table: ProductImage
[2026-07-09T21:34:28.745Z] node: 📦 Exporting table: StockBalance
[2026-07-09T21:34:28.787Z] node: 📦 Exporting table: User
[2026-07-09T21:34:28.832Z] node: 📦 Exporting table: CustomerProfile
[2026-07-09T21:34:28.876Z] node: 📦 Exporting table: Cart
[2026-07-09T21:34:28.914Z] node: 📦 Exporting table: CartItem
[2026-07-09T21:34:28.951Z] node: 📦 Exporting table: EmployeeProfile
[2026-07-09T21:34:28.989Z] node: 📦 Exporting table: CombinedBillingDocument
[2026-07-09T21:34:29.027Z] node: 📦 Exporting table: CombinedSaleDocument
[2026-07-09T21:34:29.064Z] node: 📦 Exporting table: CustomerDeposit
[2026-07-09T21:34:29.102Z] node: 📦 Exporting table: CustomerReceipts
[2026-07-09T21:34:29.140Z] node: 📦 Exporting table: InputTaxFilingBatch
[2026-07-09T21:34:29.178Z] node: 📦 Exporting table: Order
[2026-07-09T21:34:29.215Z] node: 📦 Exporting table: OrderOnline
[2026-07-09T21:34:29.253Z] node: 📦 Exporting table: OrderOnlineItem
[2026-07-09T21:34:29.291Z] node: 📦 Exporting table: PasswordResetToken
[2026-07-09T21:34:29.329Z] node: 📦 Exporting table: ProductOnOrder
[2026-07-09T21:34:29.367Z] node: 📦 Exporting table: PurchaseOrder
[2026-07-09T21:34:29.404Z] node: 📦 Exporting table: PurchaseOrderItem
[2026-07-09T21:34:29.442Z] node: 📦 Exporting table: PurchaseOrderReceipt
[2026-07-09T21:34:29.481Z] node: 📦 Exporting table: InputTaxFilingItem
[2026-07-09T21:34:29.519Z] node: 📦 Exporting table: PurchaseOrderReceiptItem
[2026-07-09T21:34:29.557Z] node: 📦 Exporting table: RefreshToken
[2026-07-09T21:34:29.740Z] node: 📦 Exporting table: Sale
[2026-07-09T21:34:29.778Z] node: 📦 Exporting table: CustomerReceiptAllocations
[2026-07-09T21:34:29.816Z] node: 📦 Exporting table: Payment
[2026-07-09T21:34:29.854Z] node: 📦 Exporting table: DepositUsage
[2026-07-09T21:34:29.891Z] node: 📦 Exporting table: PaymentItem
[2026-07-09T21:34:29.929Z] node: 📦 Exporting table: SaleReturn
[2026-07-09T21:34:29.967Z] node: 📦 Exporting table: RefundTransaction
[2026-07-09T21:34:30.005Z] node: 📦 Exporting table: SalesTaxFilingBatch
[2026-07-09T21:34:30.043Z] node: 📦 Exporting table: SalesTaxFilingItem
[2026-07-09T21:34:30.080Z] node: 📦 Exporting table: ServiceOrder
[2026-07-09T21:34:30.118Z] node: 📦 Exporting table: ServiceItem
[2026-07-09T21:34:30.155Z] node: 📦 Exporting table: SimpleLot
[2026-07-09T21:34:30.193Z] node: 📦 Exporting table: SaleItemSimple
[2026-07-09T21:34:30.231Z] node: 📦 Exporting table: SaleReturnItemSimple
[2026-07-09T21:34:30.269Z] node: 📦 Exporting table: StockAuditSession
[2026-07-09T21:34:30.306Z] node: 📦 Exporting table: StockItem
[2026-07-09T21:34:30.369Z] node: 📦 Exporting table: BarcodeReceiptItem
[2026-07-09T21:34:30.409Z] node: 📦 Exporting table: RepairJob
[2026-07-09T21:34:30.446Z] node: 📦 Exporting table: RepairPartItem
[2026-07-09T21:34:30.484Z] node: 📦 Exporting table: SaleItem
[2026-07-09T21:34:30.522Z] node: 📦 Exporting table: SaleReturnItem
[2026-07-09T21:34:30.560Z] node: 📦 Exporting table: StockAuditScanLog
[2026-07-09T21:34:30.597Z] node: 📦 Exporting table: StockAuditSnapshotItem
[2026-07-09T21:34:30.635Z] node: 📦 Exporting table: StockMovement
[2026-07-09T21:34:30.676Z] node: 📦 Exporting table: SupplierPayment
[2026-07-09T21:34:30.714Z] node: 📦 Exporting table: SupplierPaymentReceipt
[2026-07-09T21:34:30.752Z] node: 📦 Exporting table: V2CustomerDeposit
[2026-07-09T21:34:30.790Z] node: 📦 Exporting table: V2StockAudit
[2026-07-09T21:34:30.828Z] node: 📦 Exporting table: V2StockAuditItem
[2026-07-09T21:34:30.866Z] node: 📦 Exporting table: WarrantyClaim
[2026-07-09T21:34:33.568Z] node: 🎉 P1 Hardened Backup v6 Type-aware + generic self-reference FK safe restore completed successfully.
[2026-07-09T21:34:33.568Z] node: 💾 Backup file: D:\alpha-tech\server\backups\alphatech_hardened_backup_v6_2026-07-09_2026-07-09T21-34-27-775Z.sql
[2026-07-09T21:34:33.569Z] node: 🧾 Manifest file: D:\alpha-tech\server\backups\alphatech_hardened_backup_v6_2026-07-09_2026-07-09T21-34-27-775Z.manifest.json
[2026-07-09T21:34:33.570Z] node: 📊 Tables exported: 70
[2026-07-09T21:34:33.570Z] node: 📦 Rows exported: 15597
[2026-07-09T21:34:33.570Z] node: 🔢 Sequences prepared: 67
[2026-07-09T21:34:33.570Z] node: 🔐 SHA256: 0638f2faaa5fcaf33ae72691e69bf8fa9897ff9e08b2db875c60dba4908905b6
[2026-07-09T21:34:33.571Z] node: 📐 File size: 4.63 MB
[2026-07-09T21:34:33.571Z] node: ⏱️ Duration: 6.94 seconds
[2026-07-09T21:34:33.572Z] node: ✅ Verification: PASS (70 tables checked)
[2026-07-09T21:34:33.629Z] ▶️  Run: node recovery/upload/uploadBackup.js --manifest D:\alpha-tech\server\backups\alphatech_hardened_backup_v6_2026-07-09_2026-07-09T21-34-27-775Z.manifest.json
[2026-07-09T21:34:33.706Z] node: [2026-07-09T21:34:33.701Z] ============================================================
[2026-07-09T21:34:33.707Z] node: [2026-07-09T21:34:33.707Z] AlphaTech Recovery Upload ALPHATECH-RECOVERY-UPLOAD-V2-S3-COMPATIBLE
[2026-07-09T21:34:33.707Z] node: [2026-07-09T21:34:33.707Z] ============================================================
[2026-07-09T21:34:33.876Z] node stderr: (node:15316) Warning: NodeVersionSupportWarning: The AWS SDK for JavaScript (v3)
[2026-07-09T21:34:33.876Z] node stderr: versions published after the first week of January 2027
[2026-07-09T21:34:33.877Z] node stderr: will require node >=22. You are running node v20.19.0.
[2026-07-09T21:34:33.878Z] node stderr: To continue receiving updates to AWS services, bug fixes,
[2026-07-09T21:34:33.878Z] node stderr: and security updates please upgrade to node >=22.
[2026-07-09T21:34:33.878Z] node stderr: More information can be found at: https://a.co/c895JFp
[2026-07-09T21:34:33.879Z] node stderr: (Use `node --trace-warnings ...` to show where the warning was created)
[2026-07-09T21:34:36.104Z] node: [2026-07-09T21:34:36.104Z] JSON report: D:\alpha-tech\server\recovery\reports\upload-report-2026-07-09T21-34-36-103Z.json
[2026-07-09T21:34:36.105Z] node: [2026-07-09T21:34:36.105Z] TXT report: D:\alpha-tech\server\recovery\reports\upload-report-2026-07-09T21-34-36-103Z.txt
[2026-07-09T21:34:36.106Z] node: [2026-07-09T21:34:36.105Z] Overall: PASS
[2026-07-09T21:34:36.619Z] ------------------------------------------------------------
[2026-07-09T21:34:36.619Z] Target      : cloudflare-r2
[2026-07-09T21:34:36.632Z] Bucket      : saduaksabuy-recovery
[2026-07-09T21:34:36.632Z] Prefix      : alphatech-production/
[2026-07-09T21:34:36.632Z] Retention   : 7 day(s)
[2026-07-09T21:34:36.633Z] Mode        : APPLY
[2026-07-09T21:34:36.633Z] Scanned     : 50
[2026-07-09T21:34:36.633Z] Candidates  : 0
[2026-07-09T21:34:36.633Z] Deleted     : 0
[2026-07-09T21:34:36.634Z] Remaining   : 50
[2026-07-09T21:34:36.634Z] Failed      : 0
[2026-07-09T21:34:36.634Z] ▶️  Run: node recovery/retention/retentionPolicy.js --apply
[2026-07-09T21:34:36.717Z] node: [2026-07-09T21:34:36.711Z] ============================================================
[2026-07-09T21:34:36.718Z] node: [2026-07-09T21:34:36.718Z] 🧹 AlphaTech Recovery Retention ALPHATECH-RECOVERY-RETENTION-V1
[2026-07-09T21:34:36.718Z] node: [2026-07-09T21:34:36.718Z] ============================================================
[2026-07-09T21:34:36.982Z] node: [2026-07-09T21:34:36.719Z] Mode: APPLY
[2026-07-09T21:34:36.983Z] node: [2026-07-09T21:34:36.735Z] ------------------------------------------------------------
[2026-07-09T21:34:36.983Z] node: [2026-07-09T21:34:36.735Z] Target      : local-backups
[2026-07-09T21:34:36.983Z] node: [2026-07-09T21:34:36.735Z] Directory   : D:\alpha-tech\server\backups
[2026-07-09T21:34:36.984Z] node: [2026-07-09T21:34:36.735Z] Retention   : 3 day(s)
[2026-07-09T21:34:36.984Z] node: [2026-07-09T21:34:36.736Z] Scanned     : 46
[2026-07-09T21:34:36.984Z] node: [2026-07-09T21:34:36.736Z] Candidates  : 4
[2026-07-09T21:34:36.984Z] node: [2026-07-09T21:34:36.736Z] Deleted     : 4
[2026-07-09T21:34:36.984Z] node: [2026-07-09T21:34:36.736Z] Remaining   : 42
[2026-07-09T21:34:36.985Z] node: [2026-07-09T21:34:36.737Z] Failed      : 0
[2026-07-09T21:34:36.985Z] node: [2026-07-09T21:34:36.737Z] ------------------------------------------------------------
[2026-07-09T21:34:36.986Z] node: [2026-07-09T21:34:36.737Z] Target      : offsite-local-mirror
[2026-07-09T21:34:36.986Z] node: [2026-07-09T21:34:36.737Z] Directory   : D:\alpha-tech\server\recovery\offsite
[2026-07-09T21:34:36.986Z] node: [2026-07-09T21:34:36.737Z] Retention   : 7 day(s)
[2026-07-09T21:34:36.987Z] node: [2026-07-09T21:34:36.738Z] Scanned     : 12
[2026-07-09T21:34:36.987Z] node: [2026-07-09T21:34:36.738Z] Candidates  : 0
[2026-07-09T21:34:36.987Z] node: [2026-07-09T21:34:36.738Z] Deleted     : 0
[2026-07-09T21:34:36.988Z] node: [2026-07-09T21:34:36.738Z] Remaining   : 12
[2026-07-09T21:34:36.988Z] node: [2026-07-09T21:34:36.738Z] Failed      : 0
[2026-07-09T21:34:36.988Z] node: [2026-07-09T21:34:36.740Z] 🧾 JSON report: D:\alpha-tech\server\recovery\reports\retention-report-2026-07-09T21-34-36-739Z.json
[2026-07-09T21:34:36.988Z] node: [2026-07-09T21:34:36.740Z] 🧾 TXT report: D:\alpha-tech\server\recovery\reports\retention-report-2026-07-09T21-34-36-739Z.txt
[2026-07-09T21:34:36.989Z] node: [2026-07-09T21:34:36.740Z] ✅ Overall: PASS
[2026-07-09T21:34:36.990Z] ▶️  Run: node qbrs.js --manifest D:\alpha-tech\server\backups\alphatech_hardened_backup_v6_2026-07-09_2026-07-09T21-34-27-775Z.manifest.json --init --yes --reset-schema
[2026-07-09T21:34:37.127Z] node: [2026-07-09T21:34:37.125Z] ============================================================
[2026-07-09T21:34:37.128Z] node: [2026-07-09T21:34:37.128Z] 🚑 AlphaTech Restore Tool P1-HARDENED-RESTORE-V3-NODE-PG
[2026-07-09T21:34:37.129Z] node: [2026-07-09T21:34:37.129Z] ============================================================
[2026-07-09T21:34:37.150Z] node: [2026-07-09T21:34:37.149Z] ✅ Manifest loaded.
[2026-07-09T21:34:37.150Z] node: [2026-07-09T21:34:37.150Z] ✅ SQL file: D:\alpha-tech\server\backups\alphatech_hardened_backup_v6_2026-07-09_2026-07-09T21-34-27-775Z.sql
[2026-07-09T21:34:37.151Z] node: [2026-07-09T21:34:37.150Z] ✅ SHA256 verified: 0638f2faaa5fcaf33ae72691e69bf8fa9897ff9e08b2db875c60dba4908905b6
[2026-07-09T21:34:37.151Z] node: [2026-07-09T21:34:37.151Z] 🎯 Target DB: postgresql://postgres:***@db.engqdeyzbvnmxbnpemau.supabase.co:5432/postgres
[2026-07-09T21:34:37.152Z] node: [2026-07-09T21:34:37.151Z] 🎯 Host: db.engqdeyzbvnmxbnpemau.supabase.co
[2026-07-09T21:34:37.153Z] node: [2026-07-09T21:34:37.152Z] 🎯 Port: 5432
[2026-07-09T21:34:37.153Z] node: [2026-07-09T21:34:37.152Z] 🎯 Database: postgres
[2026-07-09T21:34:37.154Z] node: [2026-07-09T21:34:37.152Z] 🎯 Schema: public
[2026-07-09T21:34:37.511Z] node: [2026-07-09T21:34:37.511Z] 🔌 Connected to target PostgreSQL successfully.
[2026-07-09T21:34:40.785Z] node: [2026-07-09T21:34:40.785Z] 📊 Existing tables: 70
[2026-07-09T21:34:40.786Z] node: [2026-07-09T21:34:40.786Z] 📦 Existing rows: 15597
[2026-07-09T21:34:40.799Z] node: [2026-07-09T21:34:40.786Z] 🔎 Product: 955
[2026-07-09T21:34:40.799Z] node: [2026-07-09T21:34:40.786Z] 🔎 BranchPrice: 953
[2026-07-09T21:34:40.799Z] node: [2026-07-09T21:34:40.786Z] 🔎 StockItem: 561
[2026-07-09T21:34:40.800Z] node: [2026-07-09T21:34:40.786Z] 🔎 Sale: 3
[2026-07-09T21:34:40.800Z] node: [2026-07-09T21:34:40.786Z] 🔎 SaleItem: 4
[2026-07-09T21:34:40.800Z] node: [2026-07-09T21:34:40.787Z] 🔎 SaleItemSimple: 0
[2026-07-09T21:34:40.801Z] node: [2026-07-09T21:34:40.787Z] 🔎 Payment: 2
[2026-07-09T21:34:40.801Z] node: [2026-07-09T21:34:40.787Z] 🔎 PaymentItem: 2
[2026-07-09T21:34:41.046Z] node: [2026-07-09T21:34:41.046Z] 🧨 Resetting target schema "public" before restore...
[2026-07-09T21:34:41.047Z] node: [2026-07-09T21:34:41.046Z] 🛡️ This action is intended for Recovery / Standby DB only.
[2026-07-09T21:34:41.620Z] node: [2026-07-09T21:34:41.620Z] ✅ Schema "public" reset completed.
[2026-07-09T21:34:41.656Z] node: [2026-07-09T21:34:41.655Z] 🧱 Running Prisma db push against Recovery DB only...
[2026-07-09T21:34:41.656Z] node: [2026-07-09T21:34:41.656Z] 🛡️ DATABASE_URL is injected from RESTORE_DATABASE_URL/RECOVERY_DATABASE_URL for this process only.
[2026-07-09T21:34:44.998Z] node: [2026-07-09T21:34:44.998Z] npx stderr: Environment variables loaded from .env
[2026-07-09T21:34:45.000Z] node: [2026-07-09T21:34:45.000Z] npx: Prisma schema loaded from prisma\schema.prisma
[2026-07-09T21:34:45.011Z] node: [2026-07-09T21:34:45.011Z] npx: Datasource "db": PostgreSQL database "postgres", schema "public" at "db.engqdeyzbvnmxbnpemau.supabase.co:5432"
[2026-07-09T21:35:00.502Z] node: [2026-07-09T21:35:00.501Z] npx: Your database is now in sync with your Prisma schema. Done in 14.97s
[2026-07-09T21:35:00.503Z] node: [2026-07-09T21:35:00.503Z] npx: Running generate... (Use --skip-generate to skip the generators)
[2026-07-09T21:35:01.424Z] node: [2026-07-09T21:35:01.424Z] npx: [2K[1A[2K[GRunning generate... - Prisma Client
[2026-07-09T21:35:02.525Z] node: [2026-07-09T21:35:02.525Z] npx: [2K[1A[2K[G✔ Generated Prisma Client (v6.16.2) to .\node_modules\.prisma\client in 1.10s
[2026-07-09T21:35:02.580Z] node: [2026-07-09T21:35:02.580Z] ✅ Prisma db push completed for Recovery DB.
[2026-07-09T21:35:05.818Z] node: [2026-07-09T21:35:05.818Z] 📊 Existing tables: 70
[2026-07-09T21:35:05.819Z] node: [2026-07-09T21:35:05.818Z] 📦 Existing rows: 0
[2026-07-09T21:35:05.845Z] node: [2026-07-09T21:35:05.818Z] 🔎 Product: 0
[2026-07-09T21:35:05.846Z] node: [2026-07-09T21:35:05.818Z] 🔎 BranchPrice: 0
[2026-07-09T21:35:05.846Z] node: [2026-07-09T21:35:05.819Z] 🔎 StockItem: 0
[2026-07-09T21:35:05.847Z] node: [2026-07-09T21:35:05.819Z] 🔎 Sale: 0
[2026-07-09T21:35:05.847Z] node: [2026-07-09T21:35:05.819Z] 🔎 SaleItem: 0
[2026-07-09T21:35:05.848Z] node: [2026-07-09T21:35:05.819Z] 🔎 SaleItemSimple: 0
[2026-07-09T21:35:05.848Z] node: [2026-07-09T21:35:05.819Z] 🔎 Payment: 0
[2026-07-09T21:35:05.849Z] node: [2026-07-09T21:35:05.819Z] 🔎 PaymentItem: 0
[2026-07-09T21:35:05.872Z] node: [2026-07-09T21:35:05.872Z] 📖 SQL loaded into memory (4.63 MB).
[2026-07-09T21:35:05.872Z] node: [2026-07-09T21:35:05.872Z] 🚚 Starting SQL restore via Node.js pg client...
[2026-07-09T21:35:08.330Z] node: [2026-07-09T21:35:08.330Z] ✅ SQL restore completed via Node.js pg client.
[2026-07-09T21:35:11.083Z] node: [2026-07-09T21:35:11.083Z] ✅ Restore verification PASS (70 tables checked).
[2026-07-09T21:35:11.084Z] node: [2026-07-09T21:35:11.083Z] 🎉 Restore completed successfully in 33.96 seconds.
[2026-07-09T21:35:11.502Z] ▶️  Run: node recovery/verify/qbv.js
[2026-07-09T21:35:11.646Z] node: [2026-07-09T21:35:11.644Z] ============================================================
[2026-07-09T21:35:11.647Z] node: [2026-07-09T21:35:11.647Z] 🔎 AlphaTech Integrity Verification ALPHATECH-RECOVERY-VERIFY-V1
[2026-07-09T21:35:11.648Z] node: [2026-07-09T21:35:11.648Z] ============================================================
[2026-07-09T21:35:11.648Z] node: [2026-07-09T21:35:11.648Z] Collecting Production snapshot...
[2026-07-09T21:35:22.806Z] node: [2026-07-09T21:35:22.805Z] Collecting Recovery snapshot...
[2026-07-09T21:35:33.545Z] node: [2026-07-09T21:35:33.545Z] Comparing snapshots...
[2026-07-09T21:35:33.552Z] node: [2026-07-09T21:35:33.551Z] 🧾 JSON report: D:\alpha-tech\server\recovery\reports\verification-report_2026-07-09T21-35-33-549Z.json
[2026-07-09T21:35:33.552Z] node: [2026-07-09T21:35:33.552Z] 🧾 TXT report: D:\alpha-tech\server\recovery\reports\verification-report_2026-07-09T21-35-33-549Z.txt
[2026-07-09T21:35:33.552Z] node: [2026-07-09T21:35:33.552Z] ✅ Overall: PASS
[2026-07-09T21:35:33.566Z] 🧾 Job manifest: D:\alpha-tech\server\recovery\jobs\job-2026-07-09T21-34-22-869Z.json
[2026-07-09T21:35:33.567Z] ✅ Job result: PASS exitCode=0
