[2026-07-08T09:34:22.527Z] ============================================================
[2026-07-08T09:34:22.533Z] 🧭 AlphaTech Recovery Retention Workflow ALPHATECH-RECOVERY-JOB-RUNNER-V7-R2-RETENTION
[2026-07-08T09:34:22.535Z] ============================================================
[2026-07-08T09:34:22.535Z] Mode: backup-workflow
[2026-07-08T09:34:22.537Z] ▶️  Run: node recovery/health/healthCheck.js
[2026-07-08T09:34:22.715Z] node: [2026-07-08T09:34:22.712Z] ============================================================
[2026-07-08T09:34:22.715Z] node: [2026-07-08T09:34:22.715Z] 🩺 AlphaTech Recovery Health Check ALPHATECH-RECOVERY-HEALTH-CHECK-V1
[2026-07-08T09:34:22.716Z] node: [2026-07-08T09:34:22.715Z] ============================================================
[2026-07-08T09:34:23.529Z] node: [2026-07-08T09:34:23.528Z] 🧾 JSON report: D:\alpha-tech\server\recovery\reports\health-check-2026-07-08T09-34-23-526Z.json
[2026-07-08T09:34:23.530Z] node: [2026-07-08T09:34:23.528Z] 🧾 TXT report: D:\alpha-tech\server\recovery\reports\health-check-2026-07-08T09-34-23-526Z.txt
[2026-07-08T09:34:23.530Z] node: [2026-07-08T09:34:23.529Z] ✅ Overall: PASS
[2026-07-08T09:34:23.550Z] ▶️  Run: node qb.js
[2026-07-08T09:34:23.990Z] node: 🔌 Connected to PostgreSQL successfully.
[2026-07-08T09:34:23.999Z] node: ⏳ Starting P1 Hardened Backup v6 Type-aware + generic self-reference FK safe restore...
[2026-07-08T09:34:27.590Z] node: 📦 Exporting table: Bank
[2026-07-08T09:34:27.630Z] node: 📦 Exporting table: Brand
[2026-07-08T09:34:27.673Z] node: 📦 Exporting table: Category
[2026-07-08T09:34:27.711Z] node: 📦 Exporting table: GlobalProductType
[2026-07-08T09:34:27.748Z] node: 📦 Exporting table: Position
[2026-07-08T09:34:27.786Z] node: 📦 Exporting table: Province
[2026-07-08T09:34:27.824Z] node: 📦 Exporting table: District
[2026-07-08T09:34:27.879Z] node: 📦 Exporting table: Subdistrict
[2026-07-08T09:34:28.077Z] node: 📦 Exporting table: Branch
[2026-07-08T09:34:28.117Z] node: 📦 Exporting table: BarcodeCounter
[2026-07-08T09:34:28.155Z] node: 📦 Exporting table: PaymentCodeCounter
[2026-07-08T09:34:28.192Z] node: 📦 Exporting table: ProductType
[2026-07-08T09:34:28.232Z] node: 📦 Exporting table: ProductTypeBrand
[2026-07-08T09:34:28.273Z] node: 📦 Exporting table: Supplier
[2026-07-08T09:34:28.312Z] node: 📦 Exporting table: Unit
[2026-07-08T09:34:28.350Z] node: 📦 Exporting table: Product
[2026-07-08T09:34:28.430Z] node: 📦 Exporting table: BranchPrice
[2026-07-08T09:34:28.495Z] node: 📦 Exporting table: ProductImage
[2026-07-08T09:34:28.534Z] node: 📦 Exporting table: StockBalance
[2026-07-08T09:34:28.575Z] node: 📦 Exporting table: User
[2026-07-08T09:34:28.619Z] node: 📦 Exporting table: CustomerProfile
[2026-07-08T09:34:28.665Z] node: 📦 Exporting table: Cart
[2026-07-08T09:34:28.703Z] node: 📦 Exporting table: CartItem
[2026-07-08T09:34:28.740Z] node: 📦 Exporting table: EmployeeProfile
[2026-07-08T09:34:28.779Z] node: 📦 Exporting table: CombinedBillingDocument
[2026-07-08T09:34:28.816Z] node: 📦 Exporting table: CombinedSaleDocument
[2026-07-08T09:34:28.853Z] node: 📦 Exporting table: CustomerDeposit
[2026-07-08T09:34:28.892Z] node: 📦 Exporting table: CustomerReceipts
[2026-07-08T09:34:28.929Z] node: 📦 Exporting table: InputTaxFilingBatch
[2026-07-08T09:34:28.966Z] node: 📦 Exporting table: Order
[2026-07-08T09:34:29.004Z] node: 📦 Exporting table: OrderOnline
[2026-07-08T09:34:29.042Z] node: 📦 Exporting table: OrderOnlineItem
[2026-07-08T09:34:29.080Z] node: 📦 Exporting table: PasswordResetToken
[2026-07-08T09:34:29.118Z] node: 📦 Exporting table: ProductOnOrder
[2026-07-08T09:34:29.156Z] node: 📦 Exporting table: PurchaseOrder
[2026-07-08T09:34:29.193Z] node: 📦 Exporting table: PurchaseOrderItem
[2026-07-08T09:34:29.231Z] node: 📦 Exporting table: PurchaseOrderReceipt
[2026-07-08T09:34:29.269Z] node: 📦 Exporting table: InputTaxFilingItem
[2026-07-08T09:34:29.306Z] node: 📦 Exporting table: PurchaseOrderReceiptItem
[2026-07-08T09:34:29.343Z] node: 📦 Exporting table: RefreshToken
[2026-07-08T09:34:29.554Z] node: 📦 Exporting table: Sale
[2026-07-08T09:34:29.592Z] node: 📦 Exporting table: CustomerReceiptAllocations
[2026-07-08T09:34:29.630Z] node: 📦 Exporting table: Payment
[2026-07-08T09:34:29.668Z] node: 📦 Exporting table: DepositUsage
[2026-07-08T09:34:29.706Z] node: 📦 Exporting table: PaymentItem
[2026-07-08T09:34:29.743Z] node: 📦 Exporting table: SaleReturn
[2026-07-08T09:34:29.781Z] node: 📦 Exporting table: RefundTransaction
[2026-07-08T09:34:29.819Z] node: 📦 Exporting table: SalesTaxFilingBatch
[2026-07-08T09:34:29.857Z] node: 📦 Exporting table: SalesTaxFilingItem
[2026-07-08T09:34:29.894Z] node: 📦 Exporting table: ServiceOrder
[2026-07-08T09:34:29.932Z] node: 📦 Exporting table: ServiceItem
[2026-07-08T09:34:29.969Z] node: 📦 Exporting table: SimpleLot
[2026-07-08T09:34:30.006Z] node: 📦 Exporting table: SaleItemSimple
[2026-07-08T09:34:30.044Z] node: 📦 Exporting table: SaleReturnItemSimple
[2026-07-08T09:34:30.082Z] node: 📦 Exporting table: StockAuditSession
[2026-07-08T09:34:30.120Z] node: 📦 Exporting table: StockItem
[2026-07-08T09:34:30.178Z] node: 📦 Exporting table: BarcodeReceiptItem
[2026-07-08T09:34:30.216Z] node: 📦 Exporting table: RepairJob
[2026-07-08T09:34:30.312Z] node: 📦 Exporting table: RepairPartItem
[2026-07-08T09:34:30.350Z] node: 📦 Exporting table: SaleItem
[2026-07-08T09:34:30.390Z] node: 📦 Exporting table: SaleReturnItem
[2026-07-08T09:34:30.428Z] node: 📦 Exporting table: StockAuditScanLog
[2026-07-08T09:34:30.465Z] node: 📦 Exporting table: StockAuditSnapshotItem
[2026-07-08T09:34:30.503Z] node: 📦 Exporting table: StockMovement
[2026-07-08T09:34:30.543Z] node: 📦 Exporting table: SupplierPayment
[2026-07-08T09:34:30.581Z] node: 📦 Exporting table: SupplierPaymentReceipt
[2026-07-08T09:34:30.619Z] node: 📦 Exporting table: V2CustomerDeposit
[2026-07-08T09:34:30.657Z] node: 📦 Exporting table: V2StockAudit
[2026-07-08T09:34:30.694Z] node: 📦 Exporting table: V2StockAuditItem
[2026-07-08T09:34:30.731Z] node: 📦 Exporting table: WarrantyClaim
[2026-07-08T09:34:33.405Z] node: 🎉 P1 Hardened Backup v6 Type-aware + generic self-reference FK safe restore completed successfully.
[2026-07-08T09:34:33.407Z] node: 💾 Backup file: D:\alpha-tech\server\backups\alphatech_hardened_backup_v6_2026-07-08_2026-07-08T09-34-27-537Z.sql
[2026-07-08T09:34:33.407Z] node: 🧾 Manifest file: D:\alpha-tech\server\backups\alphatech_hardened_backup_v6_2026-07-08_2026-07-08T09-34-27-537Z.manifest.json
[2026-07-08T09:34:33.408Z] node: 📊 Tables exported: 70
[2026-07-08T09:34:33.409Z] node: 📦 Rows exported: 15396
[2026-07-08T09:34:33.409Z] node: 🔢 Sequences prepared: 67
[2026-07-08T09:34:33.410Z] node: 🔐 SHA256: 022c4a112d04b7097b2fb7901ae3e81bcea66c4ab5f8395a28885528f9e0925c
[2026-07-08T09:34:33.410Z] node: 📐 File size: 4.54 MB
[2026-07-08T09:34:33.411Z] node: ⏱️ Duration: 7.11 seconds
[2026-07-08T09:34:33.411Z] node: ✅ Verification: PASS (70 tables checked)
[2026-07-08T09:34:33.472Z] ▶️  Run: node recovery/upload/uploadBackup.js --manifest D:\alpha-tech\server\backups\alphatech_hardened_backup_v6_2026-07-08_2026-07-08T09-34-27-537Z.manifest.json
[2026-07-08T09:34:33.558Z] node: [2026-07-08T09:34:33.554Z] ============================================================
[2026-07-08T09:34:33.560Z] node: [2026-07-08T09:34:33.560Z] AlphaTech Recovery Upload ALPHATECH-RECOVERY-UPLOAD-V2-S3-COMPATIBLE
[2026-07-08T09:34:33.561Z] node: [2026-07-08T09:34:33.561Z] ============================================================
[2026-07-08T09:34:33.762Z] node stderr: (node:16360) Warning: NodeVersionSupportWarning: The AWS SDK for JavaScript (v3)
[2026-07-08T09:34:33.763Z] node stderr: versions published after the first week of January 2027
[2026-07-08T09:34:33.764Z] node stderr: will require node >=22. You are running node v20.19.0.
[2026-07-08T09:34:33.764Z] node stderr: To continue receiving updates to AWS services, bug fixes,
[2026-07-08T09:34:33.765Z] node stderr: and security updates please upgrade to node >=22.
[2026-07-08T09:34:33.766Z] node stderr: More information can be found at: https://a.co/c895JFp
[2026-07-08T09:34:33.766Z] node stderr: (Use `node --trace-warnings ...` to show where the warning was created)
[2026-07-08T09:34:37.873Z] node: [2026-07-08T09:34:37.873Z] JSON report: D:\alpha-tech\server\recovery\reports\upload-report-2026-07-08T09-34-37-872Z.json
[2026-07-08T09:34:37.876Z] node: [2026-07-08T09:34:37.874Z] TXT report: D:\alpha-tech\server\recovery\reports\upload-report-2026-07-08T09-34-37-872Z.txt
[2026-07-08T09:34:37.876Z] node: [2026-07-08T09:34:37.874Z] Overall: PASS
[2026-07-08T09:34:38.334Z] ------------------------------------------------------------
[2026-07-08T09:34:38.335Z] Target      : cloudflare-r2
[2026-07-08T09:34:38.336Z] Bucket      : saduaksabuy-recovery
[2026-07-08T09:34:38.336Z] Prefix      : alphatech-production/
[2026-07-08T09:34:38.337Z] Retention   : 7 day(s)
[2026-07-08T09:34:38.337Z] Mode        : APPLY
[2026-07-08T09:34:38.338Z] Scanned     : 28
[2026-07-08T09:34:38.338Z] Candidates  : 0
[2026-07-08T09:34:38.338Z] Deleted     : 0
[2026-07-08T09:34:38.339Z] Remaining   : 28
[2026-07-08T09:34:38.339Z] Failed      : 0
[2026-07-08T09:34:38.340Z] ▶️  Run: node recovery/retention/retentionPolicy.js --apply
[2026-07-08T09:34:38.425Z] node: [2026-07-08T09:34:38.419Z] ============================================================
[2026-07-08T09:34:38.428Z] node: [2026-07-08T09:34:38.427Z] 🧹 AlphaTech Recovery Retention ALPHATECH-RECOVERY-RETENTION-V1
[2026-07-08T09:34:38.428Z] node: [2026-07-08T09:34:38.428Z] ============================================================
[2026-07-08T09:34:38.429Z] node: [2026-07-08T09:34:38.429Z] Mode: APPLY
[2026-07-08T09:34:38.438Z] node: [2026-07-08T09:34:38.438Z] ------------------------------------------------------------
[2026-07-08T09:34:38.440Z] node: [2026-07-08T09:34:38.439Z] Target      : local-backups
[2026-07-08T09:34:38.441Z] node: [2026-07-08T09:34:38.440Z] Directory   : D:\alpha-tech\server\backups
[2026-07-08T09:34:38.442Z] node: [2026-07-08T09:34:38.440Z] Retention   : 3 day(s)
[2026-07-08T09:34:38.445Z] node: [2026-07-08T09:34:38.441Z] Scanned     : 44
[2026-07-08T09:34:38.446Z] node: [2026-07-08T09:34:38.441Z] Candidates  : 0
[2026-07-08T09:34:38.446Z] node: [2026-07-08T09:34:38.443Z] Deleted     : 0
[2026-07-08T09:34:38.447Z] node: [2026-07-08T09:34:38.444Z] Remaining   : 44
[2026-07-08T09:34:38.448Z] node: [2026-07-08T09:34:38.444Z] Failed      : 0
[2026-07-08T09:34:38.449Z] node: [2026-07-08T09:34:38.445Z] ------------------------------------------------------------
[2026-07-08T09:34:38.450Z] node: [2026-07-08T09:34:38.445Z] Target      : offsite-local-mirror
[2026-07-08T09:34:38.450Z] node: [2026-07-08T09:34:38.446Z] Directory   : D:\alpha-tech\server\recovery\offsite
[2026-07-08T09:34:38.451Z] node: [2026-07-08T09:34:38.447Z] Retention   : 7 day(s)
[2026-07-08T09:34:38.453Z] node: [2026-07-08T09:34:38.447Z] Scanned     : 12
[2026-07-08T09:34:38.454Z] node: [2026-07-08T09:34:38.448Z] Candidates  : 0
[2026-07-08T09:34:38.455Z] node: [2026-07-08T09:34:38.448Z] Deleted     : 0
[2026-07-08T09:34:38.456Z] node: [2026-07-08T09:34:38.448Z] Remaining   : 12
[2026-07-08T09:34:38.458Z] node: [2026-07-08T09:34:38.449Z] Failed      : 0
[2026-07-08T09:34:38.459Z] node: [2026-07-08T09:34:38.452Z] 🧾 JSON report: D:\alpha-tech\server\recovery\reports\retention-report-2026-07-08T09-34-38-450Z.json
[2026-07-08T09:34:38.462Z] node: [2026-07-08T09:34:38.453Z] 🧾 TXT report: D:\alpha-tech\server\recovery\reports\retention-report-2026-07-08T09-34-38-450Z.txt
[2026-07-08T09:34:38.463Z] node: [2026-07-08T09:34:38.454Z] ✅ Overall: PASS
[2026-07-08T09:34:38.494Z] ▶️  Run: node qbrs.js --manifest D:\alpha-tech\server\backups\alphatech_hardened_backup_v6_2026-07-08_2026-07-08T09-34-27-537Z.manifest.json --init --yes --reset-schema
[2026-07-08T09:34:38.744Z] node: [2026-07-08T09:34:38.741Z] ============================================================
[2026-07-08T09:34:38.755Z] node: [2026-07-08T09:34:38.754Z] 🚑 AlphaTech Restore Tool P1-HARDENED-RESTORE-V3-NODE-PG
[2026-07-08T09:34:38.756Z] node: [2026-07-08T09:34:38.756Z] ============================================================
[2026-07-08T09:34:38.786Z] node: [2026-07-08T09:34:38.786Z] ✅ Manifest loaded.
[2026-07-08T09:34:38.788Z] node: [2026-07-08T09:34:38.787Z] ✅ SQL file: D:\alpha-tech\server\backups\alphatech_hardened_backup_v6_2026-07-08_2026-07-08T09-34-27-537Z.sql
[2026-07-08T09:34:38.789Z] node: [2026-07-08T09:34:38.788Z] ✅ SHA256 verified: 022c4a112d04b7097b2fb7901ae3e81bcea66c4ab5f8395a28885528f9e0925c
[2026-07-08T09:34:38.791Z] node: [2026-07-08T09:34:38.790Z] 🎯 Target DB: postgresql://postgres:***@db.engqdeyzbvnmxbnpemau.supabase.co:5432/postgres
[2026-07-08T09:34:38.792Z] node: [2026-07-08T09:34:38.791Z] 🎯 Host: db.engqdeyzbvnmxbnpemau.supabase.co
[2026-07-08T09:34:38.793Z] node: [2026-07-08T09:34:38.793Z] 🎯 Port: 5432
[2026-07-08T09:34:38.795Z] node: [2026-07-08T09:34:38.794Z] 🎯 Database: postgres
[2026-07-08T09:34:38.795Z] node: [2026-07-08T09:34:38.795Z] 🎯 Schema: public
[2026-07-08T09:34:39.173Z] node: [2026-07-08T09:34:39.172Z] 🔌 Connected to target PostgreSQL successfully.
[2026-07-08T09:34:42.556Z] node: [2026-07-08T09:34:42.555Z] 📊 Existing tables: 70
[2026-07-08T09:34:42.556Z] node: [2026-07-08T09:34:42.556Z] 📦 Existing rows: 15396
[2026-07-08T09:34:42.557Z] node: [2026-07-08T09:34:42.556Z] 🔎 Product: 929
[2026-07-08T09:34:42.558Z] node: [2026-07-08T09:34:42.557Z] 🔎 BranchPrice: 927
[2026-07-08T09:34:42.559Z] node: [2026-07-08T09:34:42.557Z] 🔎 StockItem: 530
[2026-07-08T09:34:42.559Z] node: [2026-07-08T09:34:42.557Z] 🔎 Sale: 1
[2026-07-08T09:34:42.560Z] node: [2026-07-08T09:34:42.558Z] 🔎 SaleItem: 1
[2026-07-08T09:34:42.560Z] node: [2026-07-08T09:34:42.558Z] 🔎 SaleItemSimple: 0
[2026-07-08T09:34:42.561Z] node: [2026-07-08T09:34:42.559Z] 🔎 Payment: 1
[2026-07-08T09:34:42.561Z] node: [2026-07-08T09:34:42.559Z] 🔎 PaymentItem: 1
[2026-07-08T09:34:42.812Z] node: [2026-07-08T09:34:42.811Z] 🧨 Resetting target schema "public" before restore...
[2026-07-08T09:34:42.812Z] node: [2026-07-08T09:34:42.812Z] 🛡️ This action is intended for Recovery / Standby DB only.
[2026-07-08T09:34:43.287Z] node: [2026-07-08T09:34:43.287Z] ✅ Schema "public" reset completed.
[2026-07-08T09:34:43.322Z] node: [2026-07-08T09:34:43.322Z] 🧱 Running Prisma db push against Recovery DB only...
[2026-07-08T09:34:43.323Z] node: [2026-07-08T09:34:43.322Z] 🛡️ DATABASE_URL is injected from RESTORE_DATABASE_URL/RECOVERY_DATABASE_URL for this process only.
[2026-07-08T09:34:46.737Z] node: [2026-07-08T09:34:46.736Z] npx stderr: Environment variables loaded from .env
[2026-07-08T09:34:46.739Z] node: [2026-07-08T09:34:46.739Z] npx: Prisma schema loaded from prisma\schema.prisma
[2026-07-08T09:34:46.749Z] node: [2026-07-08T09:34:46.749Z] npx: Datasource "db": PostgreSQL database "postgres", schema "public" at "db.engqdeyzbvnmxbnpemau.supabase.co:5432"
[2026-07-08T09:35:04.212Z] node: [2026-07-08T09:35:04.211Z] npx: Your database is now in sync with your Prisma schema. Done in 16.86s
[2026-07-08T09:35:04.214Z] node: [2026-07-08T09:35:04.214Z] npx: Running generate... (Use --skip-generate to skip the generators)
[2026-07-08T09:35:05.206Z] node: [2026-07-08T09:35:05.206Z] npx: [2K[1A[2K[GRunning generate... - Prisma Client
[2026-07-08T09:35:06.443Z] node: [2026-07-08T09:35:06.443Z] npx: [2K[1A[2K[G✔ Generated Prisma Client (v6.16.2) to .\node_modules\.prisma\client in 1.23s
[2026-07-08T09:35:06.446Z] node: [2026-07-08T09:35:06.446Z] npx stderr: ┌─────────────────────────────────────────────────────────┐
[2026-07-08T09:35:06.447Z] node: [2026-07-08T09:35:06.446Z] npx stderr: │  Update available 6.16.2 -> 7.8.0                       │
[2026-07-08T09:35:06.448Z] node: [2026-07-08T09:35:06.447Z] npx stderr: │                                                         │
[2026-07-08T09:35:06.449Z] node: [2026-07-08T09:35:06.448Z] npx stderr: │  This is a major update - please follow the guide at    │
[2026-07-08T09:35:06.449Z] node: [2026-07-08T09:35:06.449Z] npx stderr: │  https://pris.ly/d/major-version-upgrade                │
[2026-07-08T09:35:06.450Z] node: [2026-07-08T09:35:06.450Z] npx stderr: │                                                         │
[2026-07-08T09:35:06.451Z] node: [2026-07-08T09:35:06.450Z] npx stderr: │  Run the following to update                            │
[2026-07-08T09:35:06.451Z] node: [2026-07-08T09:35:06.451Z] npx stderr: │    npm i --save-dev prisma@latest                       │
[2026-07-08T09:35:06.452Z] node: [2026-07-08T09:35:06.452Z] npx stderr: │    npm i @prisma/client@latest                          │
[2026-07-08T09:35:06.454Z] node: [2026-07-08T09:35:06.453Z] npx stderr: └─────────────────────────────────────────────────────────┘
[2026-07-08T09:35:06.505Z] node: [2026-07-08T09:35:06.504Z] ✅ Prisma db push completed for Recovery DB.
[2026-07-08T09:35:10.719Z] node: [2026-07-08T09:35:10.718Z] 📊 Existing tables: 70
[2026-07-08T09:35:10.720Z] node: [2026-07-08T09:35:10.720Z] 📦 Existing rows: 0
[2026-07-08T09:35:10.721Z] node: [2026-07-08T09:35:10.721Z] 🔎 Product: 0
[2026-07-08T09:35:10.722Z] node: [2026-07-08T09:35:10.722Z] 🔎 BranchPrice: 0
[2026-07-08T09:35:10.723Z] node: [2026-07-08T09:35:10.723Z] 🔎 StockItem: 0
[2026-07-08T09:35:10.724Z] node: [2026-07-08T09:35:10.724Z] 🔎 Sale: 0
[2026-07-08T09:35:10.725Z] node: [2026-07-08T09:35:10.724Z] 🔎 SaleItem: 0
[2026-07-08T09:35:10.725Z] node: [2026-07-08T09:35:10.725Z] 🔎 SaleItemSimple: 0
[2026-07-08T09:35:10.727Z] node: [2026-07-08T09:35:10.725Z] 🔎 Payment: 0
[2026-07-08T09:35:10.728Z] node: [2026-07-08T09:35:10.726Z] 🔎 PaymentItem: 0
[2026-07-08T09:35:10.777Z] node: [2026-07-08T09:35:10.776Z] 📖 SQL loaded into memory (4.54 MB).
[2026-07-08T09:35:10.778Z] node: [2026-07-08T09:35:10.778Z] 🚚 Starting SQL restore via Node.js pg client...
[2026-07-08T09:35:13.210Z] node: [2026-07-08T09:35:13.209Z] ✅ SQL restore completed via Node.js pg client.
[2026-07-08T09:35:15.852Z] node: [2026-07-08T09:35:15.851Z] ✅ Restore verification PASS (70 tables checked).
[2026-07-08T09:35:15.853Z] node: [2026-07-08T09:35:15.852Z] 🎉 Restore completed successfully in 37.11 seconds.
[2026-07-08T09:35:15.871Z] ▶️  Run: node recovery/verify/qbv.js
[2026-07-08T09:35:16.036Z] node: [2026-07-08T09:35:16.033Z] ============================================================
[2026-07-08T09:35:16.038Z] node: [2026-07-08T09:35:16.037Z] 🔎 AlphaTech Integrity Verification ALPHATECH-RECOVERY-VERIFY-V1
[2026-07-08T09:35:16.038Z] node: [2026-07-08T09:35:16.037Z] ============================================================
[2026-07-08T09:35:16.039Z] node: [2026-07-08T09:35:16.038Z] Collecting Production snapshot...
[2026-07-08T09:35:27.920Z] node: [2026-07-08T09:35:27.920Z] Collecting Recovery snapshot...
[2026-07-08T09:35:38.727Z] node: [2026-07-08T09:35:38.727Z] Comparing snapshots...
[2026-07-08T09:35:38.742Z] node: [2026-07-08T09:35:38.742Z] 🧾 JSON report: D:\alpha-tech\server\recovery\reports\verification-report_2026-07-08T09-35-38-731Z.json
[2026-07-08T09:35:38.743Z] node: [2026-07-08T09:35:38.742Z] 🧾 TXT report: D:\alpha-tech\server\recovery\reports\verification-report_2026-07-08T09-35-38-731Z.txt
[2026-07-08T09:35:38.744Z] node: [2026-07-08T09:35:38.743Z] ✅ Overall: PASS
[2026-07-08T09:35:38.758Z] 🧾 Job manifest: D:\alpha-tech\server\recovery\jobs\job-2026-07-08T09-34-22-525Z.json
[2026-07-08T09:35:38.759Z] ✅ Job result: PASS exitCode=0
