[2026-07-22T09:34:22.573Z] ============================================================
[2026-07-22T09:34:22.580Z] 🧭 AlphaTech Recovery Retention Workflow ALPHATECH-RECOVERY-JOB-RUNNER-V7-R2-RETENTION
[2026-07-22T09:34:22.581Z] ============================================================
[2026-07-22T09:34:22.581Z] Mode: backup-workflow
[2026-07-22T09:34:22.582Z] ▶️  Run: node recovery/health/healthCheck.js
[2026-07-22T09:34:22.798Z] node: [2026-07-22T09:34:22.795Z] ============================================================
[2026-07-22T09:34:22.799Z] node: [2026-07-22T09:34:22.798Z] 🩺 AlphaTech Recovery Health Check ALPHATECH-RECOVERY-HEALTH-CHECK-V1
[2026-07-22T09:34:22.799Z] node: [2026-07-22T09:34:22.799Z] ============================================================
[2026-07-22T09:34:23.738Z] node: [2026-07-22T09:34:23.738Z] 🧾 JSON report: D:\alpha-tech\server\recovery\reports\health-check-2026-07-22T09-34-23-736Z.json
[2026-07-22T09:34:23.739Z] node: [2026-07-22T09:34:23.738Z] 🧾 TXT report: D:\alpha-tech\server\recovery\reports\health-check-2026-07-22T09-34-23-736Z.txt
[2026-07-22T09:34:23.741Z] node: [2026-07-22T09:34:23.739Z] ✅ Overall: PASS
[2026-07-22T09:34:23.765Z] ▶️  Run: node qb.js
[2026-07-22T09:34:24.216Z] node: 🔌 Connected to PostgreSQL successfully.
[2026-07-22T09:34:24.225Z] node: ⏳ Starting P1 Hardened Backup v6 Type-aware + generic self-reference FK safe restore...
[2026-07-22T09:34:27.997Z] node: 📦 Exporting table: Bank
[2026-07-22T09:34:28.034Z] node: 📦 Exporting table: Brand
[2026-07-22T09:34:28.077Z] node: 📦 Exporting table: Category
[2026-07-22T09:34:28.114Z] node: 📦 Exporting table: GlobalProductType
[2026-07-22T09:34:28.150Z] node: 📦 Exporting table: Position
[2026-07-22T09:34:28.186Z] node: 📦 Exporting table: Province
[2026-07-22T09:34:28.222Z] node: 📦 Exporting table: District
[2026-07-22T09:34:28.276Z] node: 📦 Exporting table: Subdistrict
[2026-07-22T09:34:28.471Z] node: 📦 Exporting table: Branch
[2026-07-22T09:34:28.507Z] node: 📦 Exporting table: BarcodeCounter
[2026-07-22T09:34:28.543Z] node: 📦 Exporting table: PaymentCodeCounter
[2026-07-22T09:34:28.578Z] node: 📦 Exporting table: ProductType
[2026-07-22T09:34:28.619Z] node: 📦 Exporting table: ProductTypeBrand
[2026-07-22T09:34:28.665Z] node: 📦 Exporting table: Supplier
[2026-07-22T09:34:28.703Z] node: 📦 Exporting table: Unit
[2026-07-22T09:34:28.738Z] node: 📦 Exporting table: Product
[2026-07-22T09:34:28.895Z] node: 📦 Exporting table: BranchPrice
[2026-07-22T09:34:28.991Z] node: 📦 Exporting table: ProductImage
[2026-07-22T09:34:29.026Z] node: 📦 Exporting table: StockBalance
[2026-07-22T09:34:29.094Z] node: 📦 Exporting table: User
[2026-07-22T09:34:29.136Z] node: 📦 Exporting table: CustomerProfile
[2026-07-22T09:34:29.180Z] node: 📦 Exporting table: Cart
[2026-07-22T09:34:29.217Z] node: 📦 Exporting table: CartItem
[2026-07-22T09:34:29.252Z] node: 📦 Exporting table: EmployeeProfile
[2026-07-22T09:34:29.287Z] node: 📦 Exporting table: CombinedBillingDocument
[2026-07-22T09:34:29.322Z] node: 📦 Exporting table: CombinedSaleDocument
[2026-07-22T09:34:29.357Z] node: 📦 Exporting table: CustomerDeposit
[2026-07-22T09:34:29.392Z] node: 📦 Exporting table: CustomerReceipts
[2026-07-22T09:34:29.428Z] node: 📦 Exporting table: InputTaxFilingBatch
[2026-07-22T09:34:29.463Z] node: 📦 Exporting table: Order
[2026-07-22T09:34:29.498Z] node: 📦 Exporting table: OrderOnline
[2026-07-22T09:34:29.536Z] node: 📦 Exporting table: OrderOnlineItem
[2026-07-22T09:34:29.571Z] node: 📦 Exporting table: PasswordResetToken
[2026-07-22T09:34:29.607Z] node: 📦 Exporting table: ProductOnOrder
[2026-07-22T09:34:29.642Z] node: 📦 Exporting table: PurchaseOrder
[2026-07-22T09:34:29.679Z] node: 📦 Exporting table: PurchaseOrderItem
[2026-07-22T09:34:29.720Z] node: 📦 Exporting table: PurchaseOrderReceipt
[2026-07-22T09:34:29.759Z] node: 📦 Exporting table: InputTaxFilingItem
[2026-07-22T09:34:29.794Z] node: 📦 Exporting table: PurchaseOrderReceiptItem
[2026-07-22T09:34:29.834Z] node: 📦 Exporting table: RefreshToken
[2026-07-22T09:34:30.088Z] node: 📦 Exporting table: Sale
[2026-07-22T09:34:30.130Z] node: 📦 Exporting table: CustomerReceiptAllocations
[2026-07-22T09:34:30.165Z] node: 📦 Exporting table: Payment
[2026-07-22T09:34:30.203Z] node: 📦 Exporting table: DepositUsage
[2026-07-22T09:34:30.238Z] node: 📦 Exporting table: PaymentItem
[2026-07-22T09:34:30.274Z] node: 📦 Exporting table: SaleReturn
[2026-07-22T09:34:30.309Z] node: 📦 Exporting table: RefundTransaction
[2026-07-22T09:34:30.344Z] node: 📦 Exporting table: SalesTaxFilingBatch
[2026-07-22T09:34:30.379Z] node: 📦 Exporting table: SalesTaxFilingItem
[2026-07-22T09:34:30.415Z] node: 📦 Exporting table: ServiceOrder
[2026-07-22T09:34:30.451Z] node: 📦 Exporting table: ServiceItem
[2026-07-22T09:34:30.486Z] node: 📦 Exporting table: SimpleLot
[2026-07-22T09:34:30.521Z] node: 📦 Exporting table: SaleItemSimple
[2026-07-22T09:34:30.557Z] node: 📦 Exporting table: SaleReturnItemSimple
[2026-07-22T09:34:30.592Z] node: 📦 Exporting table: StockAuditSession
[2026-07-22T09:34:30.629Z] node: 📦 Exporting table: StockItem
[2026-07-22T09:34:30.828Z] node: 📦 Exporting table: BarcodeReceiptItem
[2026-07-22T09:34:30.895Z] node: 📦 Exporting table: RepairJob
[2026-07-22T09:34:30.929Z] node: 📦 Exporting table: RepairPartItem
[2026-07-22T09:34:30.964Z] node: 📦 Exporting table: SaleItem
[2026-07-22T09:34:31.006Z] node: 📦 Exporting table: SaleReturnItem
[2026-07-22T09:34:31.042Z] node: 📦 Exporting table: StockAuditScanLog
[2026-07-22T09:34:31.077Z] node: 📦 Exporting table: StockAuditSnapshotItem
[2026-07-22T09:34:31.130Z] node: 📦 Exporting table: StockMovement
[2026-07-22T09:34:31.206Z] node: 📦 Exporting table: SupplierPayment
[2026-07-22T09:34:31.243Z] node: 📦 Exporting table: SupplierPaymentReceipt
[2026-07-22T09:34:31.279Z] node: 📦 Exporting table: V2CustomerDeposit
[2026-07-22T09:34:31.314Z] node: 📦 Exporting table: V2StockAudit
[2026-07-22T09:34:31.349Z] node: 📦 Exporting table: V2StockAuditItem
[2026-07-22T09:34:31.386Z] node: 📦 Exporting table: WarrantyClaim
[2026-07-22T09:34:34.078Z] node: 🎉 P1 Hardened Backup v6 Type-aware + generic self-reference FK safe restore completed successfully.
[2026-07-22T09:34:34.079Z] node: 💾 Backup file: D:\alpha-tech\server\backups\alphatech_hardened_backup_v6_2026-07-22_2026-07-22T09-34-27-968Z.sql
[2026-07-22T09:34:34.081Z] node: 🧾 Manifest file: D:\alpha-tech\server\backups\alphatech_hardened_backup_v6_2026-07-22_2026-07-22T09-34-27-968Z.manifest.json
[2026-07-22T09:34:34.081Z] node: 📊 Tables exported: 70
[2026-07-22T09:34:34.082Z] node: 📦 Rows exported: 27264
[2026-07-22T09:34:34.082Z] node: 🔢 Sequences prepared: 67
[2026-07-22T09:34:34.083Z] node: 🔐 SHA256: 07df613d047d9c39a47b736f29fa208a4f37be544fcfdff1b24aa25ba0e92b76
[2026-07-22T09:34:34.083Z] node: 📐 File size: 9.77 MB
[2026-07-22T09:34:34.084Z] node: ⏱️ Duration: 7.56 seconds
[2026-07-22T09:34:34.085Z] node: ✅ Verification: PASS (70 tables checked)
[2026-07-22T09:34:34.144Z] ▶️  Run: node recovery/upload/uploadBackup.js --manifest D:\alpha-tech\server\backups\alphatech_hardened_backup_v6_2026-07-22_2026-07-22T09-34-27-968Z.manifest.json
[2026-07-22T09:34:34.238Z] node: [2026-07-22T09:34:34.232Z] ============================================================
[2026-07-22T09:34:34.241Z] node: [2026-07-22T09:34:34.240Z] AlphaTech Recovery Upload ALPHATECH-RECOVERY-UPLOAD-V2-S3-COMPATIBLE
[2026-07-22T09:34:34.242Z] node: [2026-07-22T09:34:34.241Z] ============================================================
[2026-07-22T09:34:34.511Z] node stderr: (node:21600) Warning: NodeVersionSupportWarning: The AWS SDK for JavaScript (v3)
[2026-07-22T09:34:34.512Z] node stderr: versions published after the first week of January 2027
[2026-07-22T09:34:34.513Z] node stderr: will require node >=22. You are running node v20.19.0.
[2026-07-22T09:34:34.513Z] node stderr: To continue receiving updates to AWS services, bug fixes,
[2026-07-22T09:34:34.514Z] node stderr: and security updates please upgrade to node >=22.
[2026-07-22T09:34:34.515Z] node stderr: More information can be found at: https://a.co/c895JFp
[2026-07-22T09:34:34.515Z] node stderr: (Use `node --trace-warnings ...` to show where the warning was created)
[2026-07-22T09:34:38.637Z] node: [2026-07-22T09:34:38.636Z] JSON report: D:\alpha-tech\server\recovery\reports\upload-report-2026-07-22T09-34-38-634Z.json
[2026-07-22T09:34:38.637Z] node: [2026-07-22T09:34:38.637Z] TXT report: D:\alpha-tech\server\recovery\reports\upload-report-2026-07-22T09-34-38-634Z.txt
[2026-07-22T09:34:38.638Z] node: [2026-07-22T09:34:38.637Z] Overall: PASS
[2026-07-22T09:34:39.217Z] ------------------------------------------------------------
[2026-07-22T09:34:39.218Z] Target      : cloudflare-r2
[2026-07-22T09:34:39.219Z] Bucket      : saduaksabuy-recovery
[2026-07-22T09:34:39.219Z] Prefix      : alphatech-production/
[2026-07-22T09:34:39.220Z] Retention   : 7 day(s)
[2026-07-22T09:34:39.221Z] Mode        : APPLY
[2026-07-22T09:34:39.221Z] Scanned     : 90
[2026-07-22T09:34:39.222Z] Candidates  : 0
[2026-07-22T09:34:39.222Z] Deleted     : 0
[2026-07-22T09:34:39.222Z] Remaining   : 90
[2026-07-22T09:34:39.223Z] Failed      : 0
[2026-07-22T09:34:39.224Z] ▶️  Run: node recovery/retention/retentionPolicy.js --apply
[2026-07-22T09:34:39.320Z] node: [2026-07-22T09:34:39.313Z] ============================================================
[2026-07-22T09:34:39.321Z] node: [2026-07-22T09:34:39.321Z] 🧹 AlphaTech Recovery Retention ALPHATECH-RECOVERY-RETENTION-V1
[2026-07-22T09:34:39.322Z] node: [2026-07-22T09:34:39.322Z] ============================================================
[2026-07-22T09:34:39.323Z] node: [2026-07-22T09:34:39.323Z] Mode: APPLY
[2026-07-22T09:34:39.333Z] node: [2026-07-22T09:34:39.333Z] ------------------------------------------------------------
[2026-07-22T09:34:39.334Z] node: [2026-07-22T09:34:39.334Z] Target      : local-backups
[2026-07-22T09:34:39.334Z] node: [2026-07-22T09:34:39.334Z] Directory   : D:\alpha-tech\server\backups
[2026-07-22T09:34:39.335Z] node: [2026-07-22T09:34:39.335Z] Retention   : 3 day(s)
[2026-07-22T09:34:39.336Z] node: [2026-07-22T09:34:39.335Z] Scanned     : 46
[2026-07-22T09:34:39.336Z] node: [2026-07-22T09:34:39.336Z] Candidates  : 2
[2026-07-22T09:34:39.337Z] node: [2026-07-22T09:34:39.337Z] Deleted     : 2
[2026-07-22T09:34:39.338Z] node: [2026-07-22T09:34:39.338Z] Remaining   : 44
[2026-07-22T09:34:39.338Z] node: [2026-07-22T09:34:39.338Z] Failed      : 0
[2026-07-22T09:34:39.339Z] node: [2026-07-22T09:34:39.339Z] ------------------------------------------------------------
[2026-07-22T09:34:39.339Z] node: [2026-07-22T09:34:39.339Z] Target      : offsite-local-mirror
[2026-07-22T09:34:39.340Z] node: [2026-07-22T09:34:39.340Z] Directory   : D:\alpha-tech\server\recovery\offsite
[2026-07-22T09:34:39.340Z] node: [2026-07-22T09:34:39.340Z] Retention   : 7 day(s)
[2026-07-22T09:34:39.341Z] node: [2026-07-22T09:34:39.341Z] Scanned     : 0
[2026-07-22T09:34:39.341Z] node: [2026-07-22T09:34:39.341Z] Candidates  : 0
[2026-07-22T09:34:39.342Z] node: [2026-07-22T09:34:39.342Z] Deleted     : 0
[2026-07-22T09:34:39.342Z] node: [2026-07-22T09:34:39.342Z] Remaining   : 0
[2026-07-22T09:34:39.343Z] node: [2026-07-22T09:34:39.343Z] Failed      : 0
[2026-07-22T09:34:39.345Z] node: [2026-07-22T09:34:39.345Z] 🧾 JSON report: D:\alpha-tech\server\recovery\reports\retention-report-2026-07-22T09-34-39-343Z.json
[2026-07-22T09:34:39.346Z] node: [2026-07-22T09:34:39.345Z] 🧾 TXT report: D:\alpha-tech\server\recovery\reports\retention-report-2026-07-22T09-34-39-343Z.txt
[2026-07-22T09:34:39.346Z] node: [2026-07-22T09:34:39.345Z] ✅ Overall: PASS
[2026-07-22T09:34:39.358Z] ▶️  Run: node qbrs.js --manifest D:\alpha-tech\server\backups\alphatech_hardened_backup_v6_2026-07-22_2026-07-22T09-34-27-968Z.manifest.json --init --yes --reset-schema
[2026-07-22T09:34:39.525Z] node: [2026-07-22T09:34:39.523Z] ============================================================
[2026-07-22T09:34:39.529Z] node: [2026-07-22T09:34:39.528Z] 🚑 AlphaTech Restore Tool P1-HARDENED-RESTORE-V3-NODE-PG
[2026-07-22T09:34:39.529Z] node: [2026-07-22T09:34:39.529Z] ============================================================
[2026-07-22T09:34:39.575Z] node: [2026-07-22T09:34:39.575Z] ✅ Manifest loaded.
[2026-07-22T09:34:39.575Z] node: [2026-07-22T09:34:39.575Z] ✅ SQL file: D:\alpha-tech\server\backups\alphatech_hardened_backup_v6_2026-07-22_2026-07-22T09-34-27-968Z.sql
[2026-07-22T09:34:39.577Z] node: [2026-07-22T09:34:39.575Z] ✅ SHA256 verified: 07df613d047d9c39a47b736f29fa208a4f37be544fcfdff1b24aa25ba0e92b76
[2026-07-22T09:34:39.577Z] node: [2026-07-22T09:34:39.576Z] 🎯 Target DB: postgresql://postgres:***@db.engqdeyzbvnmxbnpemau.supabase.co:5432/postgres
[2026-07-22T09:34:39.577Z] node: [2026-07-22T09:34:39.577Z] 🎯 Host: db.engqdeyzbvnmxbnpemau.supabase.co
[2026-07-22T09:34:39.578Z] node: [2026-07-22T09:34:39.577Z] 🎯 Port: 5432
[2026-07-22T09:34:39.579Z] node: [2026-07-22T09:34:39.578Z] 🎯 Database: postgres
[2026-07-22T09:34:39.579Z] node: [2026-07-22T09:34:39.579Z] 🎯 Schema: public
[2026-07-22T09:34:39.940Z] node: [2026-07-22T09:34:39.940Z] 🔌 Connected to target PostgreSQL successfully.
[2026-07-22T09:34:43.177Z] node: [2026-07-22T09:34:43.177Z] 📊 Existing tables: 70
[2026-07-22T09:34:43.178Z] node: [2026-07-22T09:34:43.178Z] 📦 Existing rows: 27250
[2026-07-22T09:34:43.179Z] node: [2026-07-22T09:34:43.178Z] 🔎 Product: 2009
[2026-07-22T09:34:43.180Z] node: [2026-07-22T09:34:43.178Z] 🔎 BranchPrice: 2007
[2026-07-22T09:34:43.180Z] node: [2026-07-22T09:34:43.179Z] 🔎 StockItem: 3697
[2026-07-22T09:34:43.181Z] node: [2026-07-22T09:34:43.179Z] 🔎 Sale: 86
[2026-07-22T09:34:43.182Z] node: [2026-07-22T09:34:43.179Z] 🔎 SaleItem: 193
[2026-07-22T09:34:43.182Z] node: [2026-07-22T09:34:43.179Z] 🔎 SaleItemSimple: 0
[2026-07-22T09:34:43.183Z] node: [2026-07-22T09:34:43.180Z] 🔎 Payment: 64
[2026-07-22T09:34:43.183Z] node: [2026-07-22T09:34:43.180Z] 🔎 PaymentItem: 64
[2026-07-22T09:34:43.438Z] node: [2026-07-22T09:34:43.438Z] 🧨 Resetting target schema "public" before restore...
[2026-07-22T09:34:43.439Z] node: [2026-07-22T09:34:43.439Z] 🛡️ This action is intended for Recovery / Standby DB only.
[2026-07-22T09:34:43.974Z] node: [2026-07-22T09:34:43.974Z] ✅ Schema "public" reset completed.
[2026-07-22T09:34:44.009Z] node: [2026-07-22T09:34:44.008Z] 🧱 Running Prisma db push against Recovery DB only...
[2026-07-22T09:34:44.011Z] node: [2026-07-22T09:34:44.009Z] 🛡️ DATABASE_URL is injected from RESTORE_DATABASE_URL/RECOVERY_DATABASE_URL for this process only.
[2026-07-22T09:34:48.564Z] node: [2026-07-22T09:34:48.564Z] npx stderr: Environment variables loaded from .env
[2026-07-22T09:34:48.566Z] node: [2026-07-22T09:34:48.566Z] npx: Prisma schema loaded from prisma\schema.prisma
[2026-07-22T09:34:48.577Z] node: [2026-07-22T09:34:48.577Z] npx: Datasource "db": PostgreSQL database "postgres", schema "public" at "db.engqdeyzbvnmxbnpemau.supabase.co:5432"
[2026-07-22T09:35:03.992Z] node: [2026-07-22T09:35:03.992Z] npx: Your database is now in sync with your Prisma schema. Done in 14.85s
[2026-07-22T09:35:03.995Z] node: [2026-07-22T09:35:03.995Z] npx: Running generate... (Use --skip-generate to skip the generators)
[2026-07-22T09:35:05.064Z] node: [2026-07-22T09:35:05.064Z] npx: [2K[1A[2K[GRunning generate... - Prisma Client
[2026-07-22T09:35:06.918Z] node: [2026-07-22T09:35:06.918Z] npx: [2K[1A[2K[G✔ Generated Prisma Client (v6.16.2) to .\node_modules\.prisma\client in 1.85s
[2026-07-22T09:35:06.921Z] node: [2026-07-22T09:35:06.921Z] npx stderr: ┌─────────────────────────────────────────────────────────┐
[2026-07-22T09:35:06.922Z] node: [2026-07-22T09:35:06.922Z] npx stderr: │  Update available 6.16.2 -> 7.9.0                       │
[2026-07-22T09:35:06.926Z] node: [2026-07-22T09:35:06.922Z] npx stderr: │                                                         │
[2026-07-22T09:35:06.927Z] node: [2026-07-22T09:35:06.922Z] npx stderr: │  This is a major update - please follow the guide at    │
[2026-07-22T09:35:06.928Z] node: [2026-07-22T09:35:06.923Z] npx stderr: │  https://pris.ly/d/major-version-upgrade                │
[2026-07-22T09:35:06.929Z] node: [2026-07-22T09:35:06.923Z] npx stderr: │                                                         │
[2026-07-22T09:35:06.930Z] node: [2026-07-22T09:35:06.923Z] npx stderr: │  Run the following to update                            │
[2026-07-22T09:35:06.931Z] node: [2026-07-22T09:35:06.924Z] npx stderr: │    npm i --save-dev prisma@latest                       │
[2026-07-22T09:35:06.933Z] node: [2026-07-22T09:35:06.925Z] npx stderr: │    npm i @prisma/client@latest                          │
[2026-07-22T09:35:06.934Z] node: [2026-07-22T09:35:06.925Z] npx stderr: └─────────────────────────────────────────────────────────┘
[2026-07-22T09:35:06.993Z] node: [2026-07-22T09:35:06.989Z] ✅ Prisma db push completed for Recovery DB.
[2026-07-22T09:35:10.239Z] node: [2026-07-22T09:35:10.239Z] 📊 Existing tables: 70
[2026-07-22T09:35:10.239Z] node: [2026-07-22T09:35:10.239Z] 📦 Existing rows: 0
[2026-07-22T09:35:10.241Z] node: [2026-07-22T09:35:10.240Z] 🔎 Product: 0
[2026-07-22T09:35:10.241Z] node: [2026-07-22T09:35:10.240Z] 🔎 BranchPrice: 0
[2026-07-22T09:35:10.242Z] node: [2026-07-22T09:35:10.240Z] 🔎 StockItem: 0
[2026-07-22T09:35:10.242Z] node: [2026-07-22T09:35:10.240Z] 🔎 Sale: 0
[2026-07-22T09:35:10.243Z] node: [2026-07-22T09:35:10.241Z] 🔎 SaleItem: 0
[2026-07-22T09:35:10.243Z] node: [2026-07-22T09:35:10.241Z] 🔎 SaleItemSimple: 0
[2026-07-22T09:35:10.243Z] node: [2026-07-22T09:35:10.241Z] 🔎 Payment: 0
[2026-07-22T09:35:10.244Z] node: [2026-07-22T09:35:10.242Z] 🔎 PaymentItem: 0
[2026-07-22T09:35:10.347Z] node: [2026-07-22T09:35:10.346Z] 📖 SQL loaded into memory (9.77 MB).
[2026-07-22T09:35:10.347Z] node: [2026-07-22T09:35:10.347Z] 🚚 Starting SQL restore via Node.js pg client...
[2026-07-22T09:35:14.645Z] node: [2026-07-22T09:35:14.644Z] ✅ SQL restore completed via Node.js pg client.
[2026-07-22T09:35:18.054Z] node: [2026-07-22T09:35:18.054Z] ✅ Restore verification PASS (70 tables checked).
[2026-07-22T09:35:18.055Z] node: [2026-07-22T09:35:18.054Z] 🎉 Restore completed successfully in 38.53 seconds.
[2026-07-22T09:35:18.072Z] ▶️  Run: node recovery/verify/qbv.js
[2026-07-22T09:35:18.236Z] node: [2026-07-22T09:35:18.234Z] ============================================================
[2026-07-22T09:35:18.238Z] node: [2026-07-22T09:35:18.238Z] 🔎 AlphaTech Integrity Verification ALPHATECH-RECOVERY-VERIFY-V1
[2026-07-22T09:35:18.238Z] node: [2026-07-22T09:35:18.238Z] ============================================================
[2026-07-22T09:35:18.239Z] node: [2026-07-22T09:35:18.239Z] Collecting Production snapshot...
[2026-07-22T09:35:29.417Z] node: [2026-07-22T09:35:29.417Z] Collecting Recovery snapshot...
[2026-07-22T09:35:40.271Z] node: [2026-07-22T09:35:40.271Z] Comparing snapshots...
[2026-07-22T09:35:40.280Z] node: [2026-07-22T09:35:40.280Z] 🧾 JSON report: D:\alpha-tech\server\recovery\reports\verification-report_2026-07-22T09-35-40-276Z.json
[2026-07-22T09:35:40.281Z] node: [2026-07-22T09:35:40.280Z] 🧾 TXT report: D:\alpha-tech\server\recovery\reports\verification-report_2026-07-22T09-35-40-276Z.txt
[2026-07-22T09:35:40.281Z] node: [2026-07-22T09:35:40.281Z] ✅ Overall: PASS
[2026-07-22T09:35:40.306Z] 🧾 Job manifest: D:\alpha-tech\server\recovery\jobs\job-2026-07-22T09-34-22-568Z.json
[2026-07-22T09:35:40.307Z] ✅ Job result: PASS exitCode=0
