[2026-07-11T13:39:48.941Z] ============================================================
[2026-07-11T13:39:48.952Z] 🧭 AlphaTech Recovery Retention Workflow ALPHATECH-RECOVERY-JOB-RUNNER-V7-R2-RETENTION
[2026-07-11T13:39:48.953Z] ============================================================
[2026-07-11T13:39:48.953Z] Mode: backup-workflow
[2026-07-11T13:39:48.954Z] ▶️  Run: node recovery/health/healthCheck.js
[2026-07-11T13:39:49.156Z] node: [2026-07-11T13:39:49.155Z] ============================================================
[2026-07-11T13:39:49.158Z] node: [2026-07-11T13:39:49.158Z] 🩺 AlphaTech Recovery Health Check ALPHATECH-RECOVERY-HEALTH-CHECK-V1
[2026-07-11T13:39:49.158Z] node: [2026-07-11T13:39:49.158Z] ============================================================
[2026-07-11T13:39:50.026Z] node: [2026-07-11T13:39:50.026Z] 🧾 JSON report: D:\alpha-tech\server\recovery\reports\health-check-2026-07-11T13-39-50-024Z.json
[2026-07-11T13:39:50.027Z] node: [2026-07-11T13:39:50.027Z] 🧾 TXT report: D:\alpha-tech\server\recovery\reports\health-check-2026-07-11T13-39-50-024Z.txt
[2026-07-11T13:39:50.027Z] node: [2026-07-11T13:39:50.027Z] ✅ Overall: PASS
[2026-07-11T13:39:50.040Z] ▶️  Run: node qb.js
[2026-07-11T13:39:50.501Z] node: 🔌 Connected to PostgreSQL successfully.
[2026-07-11T13:39:50.511Z] node: ⏳ Starting P1 Hardened Backup v6 Type-aware + generic self-reference FK safe restore...
[2026-07-11T13:39:54.174Z] node: 📦 Exporting table: Bank
[2026-07-11T13:39:54.214Z] node: 📦 Exporting table: Brand
[2026-07-11T13:39:54.258Z] node: 📦 Exporting table: Category
[2026-07-11T13:39:54.296Z] node: 📦 Exporting table: GlobalProductType
[2026-07-11T13:39:54.336Z] node: 📦 Exporting table: Position
[2026-07-11T13:39:54.376Z] node: 📦 Exporting table: Province
[2026-07-11T13:39:54.414Z] node: 📦 Exporting table: District
[2026-07-11T13:39:54.479Z] node: 📦 Exporting table: Subdistrict
[2026-07-11T13:39:54.679Z] node: 📦 Exporting table: Branch
[2026-07-11T13:39:54.719Z] node: 📦 Exporting table: BarcodeCounter
[2026-07-11T13:39:54.757Z] node: 📦 Exporting table: PaymentCodeCounter
[2026-07-11T13:39:54.794Z] node: 📦 Exporting table: ProductType
[2026-07-11T13:39:54.836Z] node: 📦 Exporting table: ProductTypeBrand
[2026-07-11T13:39:54.878Z] node: 📦 Exporting table: Supplier
[2026-07-11T13:39:54.916Z] node: 📦 Exporting table: Unit
[2026-07-11T13:39:54.954Z] node: 📦 Exporting table: Product
[2026-07-11T13:39:55.044Z] node: 📦 Exporting table: BranchPrice
[2026-07-11T13:39:55.113Z] node: 📦 Exporting table: ProductImage
[2026-07-11T13:39:55.151Z] node: 📦 Exporting table: StockBalance
[2026-07-11T13:39:55.199Z] node: 📦 Exporting table: User
[2026-07-11T13:39:55.242Z] node: 📦 Exporting table: CustomerProfile
[2026-07-11T13:39:55.285Z] node: 📦 Exporting table: Cart
[2026-07-11T13:39:55.324Z] node: 📦 Exporting table: CartItem
[2026-07-11T13:39:55.361Z] node: 📦 Exporting table: EmployeeProfile
[2026-07-11T13:39:55.399Z] node: 📦 Exporting table: CombinedBillingDocument
[2026-07-11T13:39:55.437Z] node: 📦 Exporting table: CombinedSaleDocument
[2026-07-11T13:39:55.474Z] node: 📦 Exporting table: CustomerDeposit
[2026-07-11T13:39:55.512Z] node: 📦 Exporting table: CustomerReceipts
[2026-07-11T13:39:55.550Z] node: 📦 Exporting table: InputTaxFilingBatch
[2026-07-11T13:39:55.587Z] node: 📦 Exporting table: Order
[2026-07-11T13:39:55.625Z] node: 📦 Exporting table: OrderOnline
[2026-07-11T13:39:55.662Z] node: 📦 Exporting table: OrderOnlineItem
[2026-07-11T13:39:55.699Z] node: 📦 Exporting table: PasswordResetToken
[2026-07-11T13:39:55.738Z] node: 📦 Exporting table: ProductOnOrder
[2026-07-11T13:39:55.776Z] node: 📦 Exporting table: PurchaseOrder
[2026-07-11T13:39:55.813Z] node: 📦 Exporting table: PurchaseOrderItem
[2026-07-11T13:39:55.850Z] node: 📦 Exporting table: PurchaseOrderReceipt
[2026-07-11T13:39:55.889Z] node: 📦 Exporting table: InputTaxFilingItem
[2026-07-11T13:39:55.926Z] node: 📦 Exporting table: PurchaseOrderReceiptItem
[2026-07-11T13:39:55.964Z] node: 📦 Exporting table: RefreshToken
[2026-07-11T13:39:56.175Z] node: 📦 Exporting table: Sale
[2026-07-11T13:39:56.213Z] node: 📦 Exporting table: CustomerReceiptAllocations
[2026-07-11T13:39:56.251Z] node: 📦 Exporting table: Payment
[2026-07-11T13:39:56.289Z] node: 📦 Exporting table: DepositUsage
[2026-07-11T13:39:56.326Z] node: 📦 Exporting table: PaymentItem
[2026-07-11T13:39:56.365Z] node: 📦 Exporting table: SaleReturn
[2026-07-11T13:39:56.402Z] node: 📦 Exporting table: RefundTransaction
[2026-07-11T13:39:56.440Z] node: 📦 Exporting table: SalesTaxFilingBatch
[2026-07-11T13:39:56.477Z] node: 📦 Exporting table: SalesTaxFilingItem
[2026-07-11T13:39:56.515Z] node: 📦 Exporting table: ServiceOrder
[2026-07-11T13:39:56.552Z] node: 📦 Exporting table: ServiceItem
[2026-07-11T13:39:56.589Z] node: 📦 Exporting table: SimpleLot
[2026-07-11T13:39:56.627Z] node: 📦 Exporting table: SaleItemSimple
[2026-07-11T13:39:56.664Z] node: 📦 Exporting table: SaleReturnItemSimple
[2026-07-11T13:39:56.702Z] node: 📦 Exporting table: StockAuditSession
[2026-07-11T13:39:56.739Z] node: 📦 Exporting table: StockItem
[2026-07-11T13:39:56.826Z] node: 📦 Exporting table: BarcodeReceiptItem
[2026-07-11T13:39:56.863Z] node: 📦 Exporting table: RepairJob
[2026-07-11T13:39:56.901Z] node: 📦 Exporting table: RepairPartItem
[2026-07-11T13:39:56.938Z] node: 📦 Exporting table: SaleItem
[2026-07-11T13:39:56.976Z] node: 📦 Exporting table: SaleReturnItem
[2026-07-11T13:39:57.013Z] node: 📦 Exporting table: StockAuditScanLog
[2026-07-11T13:39:57.051Z] node: 📦 Exporting table: StockAuditSnapshotItem
[2026-07-11T13:39:57.088Z] node: 📦 Exporting table: StockMovement
[2026-07-11T13:39:57.134Z] node: 📦 Exporting table: SupplierPayment
[2026-07-11T13:39:57.171Z] node: 📦 Exporting table: SupplierPaymentReceipt
[2026-07-11T13:39:57.212Z] node: 📦 Exporting table: V2CustomerDeposit
[2026-07-11T13:39:57.253Z] node: 📦 Exporting table: V2StockAudit
[2026-07-11T13:39:57.290Z] node: 📦 Exporting table: V2StockAuditItem
[2026-07-11T13:39:57.328Z] node: 📦 Exporting table: WarrantyClaim
[2026-07-11T13:40:00.060Z] node: 🎉 P1 Hardened Backup v6 Type-aware + generic self-reference FK safe restore completed successfully.
[2026-07-11T13:40:00.061Z] node: 💾 Backup file: D:\alpha-tech\server\backups\alphatech_hardened_backup_v6_2026-07-11_2026-07-11T13-39-54-139Z.sql
[2026-07-11T13:40:00.064Z] node: 🧾 Manifest file: D:\alpha-tech\server\backups\alphatech_hardened_backup_v6_2026-07-11_2026-07-11T13-39-54-139Z.manifest.json
[2026-07-11T13:40:00.065Z] node: 📊 Tables exported: 70
[2026-07-11T13:40:00.065Z] node: 📦 Rows exported: 17279
[2026-07-11T13:40:00.065Z] node: 🔢 Sequences prepared: 67
[2026-07-11T13:40:00.065Z] node: 🔐 SHA256: 113966c60f906ee24c6f9198e37fb7fcab0c9a2f80c072b9642a34540e9e8f4e
[2026-07-11T13:40:00.066Z] node: 📐 File size: 5.37 MB
[2026-07-11T13:40:00.066Z] node: ⏱️ Duration: 7.21 seconds
[2026-07-11T13:40:00.066Z] node: ✅ Verification: PASS (70 tables checked)
[2026-07-11T13:40:00.132Z] ▶️  Run: node recovery/upload/uploadBackup.js --manifest D:\alpha-tech\server\backups\alphatech_hardened_backup_v6_2026-07-11_2026-07-11T13-39-54-139Z.manifest.json
[2026-07-11T13:40:00.215Z] node: [2026-07-11T13:40:00.209Z] ============================================================
[2026-07-11T13:40:00.217Z] node: [2026-07-11T13:40:00.217Z] AlphaTech Recovery Upload ALPHATECH-RECOVERY-UPLOAD-V2-S3-COMPATIBLE
[2026-07-11T13:40:00.218Z] node: [2026-07-11T13:40:00.217Z] ============================================================
[2026-07-11T13:40:00.433Z] node stderr: (node:34604) Warning: NodeVersionSupportWarning: The AWS SDK for JavaScript (v3)
[2026-07-11T13:40:00.433Z] node stderr: versions published after the first week of January 2027
[2026-07-11T13:40:00.434Z] node stderr: will require node >=22. You are running node v20.19.0.
[2026-07-11T13:40:00.437Z] node stderr: To continue receiving updates to AWS services, bug fixes,
[2026-07-11T13:40:00.437Z] node stderr: and security updates please upgrade to node >=22.
[2026-07-11T13:40:00.437Z] node stderr: More information can be found at: https://a.co/c895JFp
[2026-07-11T13:40:00.438Z] node stderr: (Use `node --trace-warnings ...` to show where the warning was created)
[2026-07-11T13:40:02.956Z] node: [2026-07-11T13:40:02.956Z] JSON report: D:\alpha-tech\server\recovery\reports\upload-report-2026-07-11T13-40-02-941Z.json
[2026-07-11T13:40:02.956Z] node: [2026-07-11T13:40:02.956Z] TXT report: D:\alpha-tech\server\recovery\reports\upload-report-2026-07-11T13-40-02-941Z.txt
[2026-07-11T13:40:02.960Z] node: [2026-07-11T13:40:02.956Z] Overall: PASS
[2026-07-11T13:40:03.535Z] ------------------------------------------------------------
[2026-07-11T13:40:03.536Z] Target      : cloudflare-r2
[2026-07-11T13:40:03.538Z] Bucket      : saduaksabuy-recovery
[2026-07-11T13:40:03.539Z] Prefix      : alphatech-production/
[2026-07-11T13:40:03.539Z] Retention   : 7 day(s)
[2026-07-11T13:40:03.539Z] Mode        : APPLY
[2026-07-11T13:40:03.539Z] Scanned     : 74
[2026-07-11T13:40:03.540Z] Candidates  : 0
[2026-07-11T13:40:03.540Z] Deleted     : 0
[2026-07-11T13:40:03.540Z] Remaining   : 74
[2026-07-11T13:40:03.540Z] Failed      : 0
[2026-07-11T13:40:03.541Z] ▶️  Run: node recovery/retention/retentionPolicy.js --apply
[2026-07-11T13:40:03.649Z] node: [2026-07-11T13:40:03.644Z] ============================================================
[2026-07-11T13:40:03.652Z] node: [2026-07-11T13:40:03.652Z] 🧹 AlphaTech Recovery Retention ALPHATECH-RECOVERY-RETENTION-V1
[2026-07-11T13:40:03.654Z] node: [2026-07-11T13:40:03.653Z] ============================================================
[2026-07-11T13:40:03.654Z] node: [2026-07-11T13:40:03.654Z] Mode: APPLY
[2026-07-11T13:40:03.664Z] node: [2026-07-11T13:40:03.664Z] ------------------------------------------------------------
[2026-07-11T13:40:03.664Z] node: [2026-07-11T13:40:03.665Z] Target      : local-backups
[2026-07-11T13:40:03.665Z] node: [2026-07-11T13:40:03.665Z] Directory   : D:\alpha-tech\server\backups
[2026-07-11T13:40:03.666Z] node: [2026-07-11T13:40:03.666Z] Retention   : 3 day(s)
[2026-07-11T13:40:03.666Z] node: [2026-07-11T13:40:03.666Z] Scanned     : 46
[2026-07-11T13:40:03.668Z] node: [2026-07-11T13:40:03.668Z] Candidates  : 2
[2026-07-11T13:40:03.670Z] node: [2026-07-11T13:40:03.670Z] Deleted     : 2
[2026-07-11T13:40:03.671Z] node: [2026-07-11T13:40:03.671Z] Remaining   : 44
[2026-07-11T13:40:03.671Z] node: [2026-07-11T13:40:03.671Z] Failed      : 0
[2026-07-11T13:40:03.672Z] node: [2026-07-11T13:40:03.672Z] ------------------------------------------------------------
[2026-07-11T13:40:03.673Z] node: [2026-07-11T13:40:03.673Z] Target      : offsite-local-mirror
[2026-07-11T13:40:03.674Z] node: [2026-07-11T13:40:03.673Z] Directory   : D:\alpha-tech\server\recovery\offsite
[2026-07-11T13:40:03.674Z] node: [2026-07-11T13:40:03.673Z] Retention   : 7 day(s)
[2026-07-11T13:40:03.674Z] node: [2026-07-11T13:40:03.674Z] Scanned     : 12
[2026-07-11T13:40:03.675Z] node: [2026-07-11T13:40:03.675Z] Candidates  : 0
[2026-07-11T13:40:03.675Z] node: [2026-07-11T13:40:03.676Z] Deleted     : 0
[2026-07-11T13:40:03.676Z] node: [2026-07-11T13:40:03.676Z] Remaining   : 12
[2026-07-11T13:40:03.677Z] node: [2026-07-11T13:40:03.677Z] Failed      : 0
[2026-07-11T13:40:03.679Z] node: [2026-07-11T13:40:03.679Z] 🧾 JSON report: D:\alpha-tech\server\recovery\reports\retention-report-2026-07-11T13-40-03-678Z.json
[2026-07-11T13:40:03.679Z] node: [2026-07-11T13:40:03.680Z] 🧾 TXT report: D:\alpha-tech\server\recovery\reports\retention-report-2026-07-11T13-40-03-678Z.txt
[2026-07-11T13:40:03.680Z] node: [2026-07-11T13:40:03.680Z] ✅ Overall: PASS
[2026-07-11T13:40:03.692Z] ▶️  Run: node qbrs.js --manifest D:\alpha-tech\server\backups\alphatech_hardened_backup_v6_2026-07-11_2026-07-11T13-39-54-139Z.manifest.json --init --yes --reset-schema
[2026-07-11T13:40:03.848Z] node: [2026-07-11T13:40:03.846Z] ============================================================
[2026-07-11T13:40:03.849Z] node: [2026-07-11T13:40:03.849Z] 🚑 AlphaTech Restore Tool P1-HARDENED-RESTORE-V3-NODE-PG
[2026-07-11T13:40:03.850Z] node: [2026-07-11T13:40:03.849Z] ============================================================
[2026-07-11T13:40:03.876Z] node: [2026-07-11T13:40:03.876Z] ✅ Manifest loaded.
[2026-07-11T13:40:03.877Z] node: [2026-07-11T13:40:03.876Z] ✅ SQL file: D:\alpha-tech\server\backups\alphatech_hardened_backup_v6_2026-07-11_2026-07-11T13-39-54-139Z.sql
[2026-07-11T13:40:03.878Z] node: [2026-07-11T13:40:03.877Z] ✅ SHA256 verified: 113966c60f906ee24c6f9198e37fb7fcab0c9a2f80c072b9642a34540e9e8f4e
[2026-07-11T13:40:03.879Z] node: [2026-07-11T13:40:03.879Z] 🎯 Target DB: postgresql://postgres:***@db.engqdeyzbvnmxbnpemau.supabase.co:5432/postgres
[2026-07-11T13:40:03.880Z] node: [2026-07-11T13:40:03.879Z] 🎯 Host: db.engqdeyzbvnmxbnpemau.supabase.co
[2026-07-11T13:40:03.881Z] node: [2026-07-11T13:40:03.880Z] 🎯 Port: 5432
[2026-07-11T13:40:03.881Z] node: [2026-07-11T13:40:03.881Z] 🎯 Database: postgres
[2026-07-11T13:40:03.882Z] node: [2026-07-11T13:40:03.882Z] 🎯 Schema: public
[2026-07-11T13:40:04.248Z] node: [2026-07-11T13:40:04.248Z] 🔌 Connected to target PostgreSQL successfully.
[2026-07-11T13:40:07.557Z] node: [2026-07-11T13:40:07.557Z] 📊 Existing tables: 70
[2026-07-11T13:40:07.557Z] node: [2026-07-11T13:40:07.557Z] 📦 Existing rows: 16962
[2026-07-11T13:40:07.559Z] node: [2026-07-11T13:40:07.557Z] 🔎 Product: 1146
[2026-07-11T13:40:07.559Z] node: [2026-07-11T13:40:07.558Z] 🔎 BranchPrice: 1144
[2026-07-11T13:40:07.560Z] node: [2026-07-11T13:40:07.558Z] 🔎 StockItem: 938
[2026-07-11T13:40:07.560Z] node: [2026-07-11T13:40:07.558Z] 🔎 Sale: 4
[2026-07-11T13:40:07.560Z] node: [2026-07-11T13:40:07.559Z] 🔎 SaleItem: 6
[2026-07-11T13:40:07.561Z] node: [2026-07-11T13:40:07.559Z] 🔎 SaleItemSimple: 0
[2026-07-11T13:40:07.561Z] node: [2026-07-11T13:40:07.559Z] 🔎 Payment: 2
[2026-07-11T13:40:07.561Z] node: [2026-07-11T13:40:07.559Z] 🔎 PaymentItem: 2
[2026-07-11T13:40:07.818Z] node: [2026-07-11T13:40:07.818Z] 🧨 Resetting target schema "public" before restore...
[2026-07-11T13:40:07.819Z] node: [2026-07-11T13:40:07.818Z] 🛡️ This action is intended for Recovery / Standby DB only.
[2026-07-11T13:40:08.249Z] node: [2026-07-11T13:40:08.249Z] ✅ Schema "public" reset completed.
[2026-07-11T13:40:08.284Z] node: [2026-07-11T13:40:08.284Z] 🧱 Running Prisma db push against Recovery DB only...
[2026-07-11T13:40:08.285Z] node: [2026-07-11T13:40:08.284Z] 🛡️ DATABASE_URL is injected from RESTORE_DATABASE_URL/RECOVERY_DATABASE_URL for this process only.
[2026-07-11T13:40:12.434Z] node: [2026-07-11T13:40:12.433Z] npx stderr: Environment variables loaded from .env
[2026-07-11T13:40:12.435Z] node: [2026-07-11T13:40:12.435Z] npx: Prisma schema loaded from prisma\schema.prisma
[2026-07-11T13:40:12.445Z] node: [2026-07-11T13:40:12.445Z] npx: Datasource "db": PostgreSQL database "postgres", schema "public" at "db.engqdeyzbvnmxbnpemau.supabase.co:5432"
[2026-07-11T13:40:28.621Z] node: [2026-07-11T13:40:28.621Z] npx: Your database is now in sync with your Prisma schema. Done in 15.57s
[2026-07-11T13:40:28.632Z] node: [2026-07-11T13:40:28.623Z] npx: Running generate... (Use --skip-generate to skip the generators)
[2026-07-11T13:40:29.877Z] node: [2026-07-11T13:40:29.876Z] npx: [2K[1A[2K[GRunning generate... - Prisma Client
[2026-07-11T13:40:31.226Z] node: [2026-07-11T13:40:31.226Z] npx: [2K[1A[2K[G✔ Generated Prisma Client (v6.16.2) to .\node_modules\.prisma\client in 1.35s
[2026-07-11T13:40:31.282Z] node: [2026-07-11T13:40:31.282Z] ✅ Prisma db push completed for Recovery DB.
[2026-07-11T13:40:34.438Z] node: [2026-07-11T13:40:34.437Z] 📊 Existing tables: 70
[2026-07-11T13:40:34.438Z] node: [2026-07-11T13:40:34.438Z] 📦 Existing rows: 0
[2026-07-11T13:40:34.442Z] node: [2026-07-11T13:40:34.438Z] 🔎 Product: 0
[2026-07-11T13:40:34.442Z] node: [2026-07-11T13:40:34.438Z] 🔎 BranchPrice: 0
[2026-07-11T13:40:34.442Z] node: [2026-07-11T13:40:34.438Z] 🔎 StockItem: 0
[2026-07-11T13:40:34.443Z] node: [2026-07-11T13:40:34.438Z] 🔎 Sale: 0
[2026-07-11T13:40:34.443Z] node: [2026-07-11T13:40:34.439Z] 🔎 SaleItem: 0
[2026-07-11T13:40:34.443Z] node: [2026-07-11T13:40:34.439Z] 🔎 SaleItemSimple: 0
[2026-07-11T13:40:34.444Z] node: [2026-07-11T13:40:34.439Z] 🔎 Payment: 0
[2026-07-11T13:40:34.444Z] node: [2026-07-11T13:40:34.439Z] 🔎 PaymentItem: 0
[2026-07-11T13:40:34.551Z] node: [2026-07-11T13:40:34.551Z] 📖 SQL loaded into memory (5.37 MB).
[2026-07-11T13:40:34.552Z] node: [2026-07-11T13:40:34.551Z] 🚚 Starting SQL restore via Node.js pg client...
[2026-07-11T13:40:37.286Z] node: [2026-07-11T13:40:37.278Z] ✅ SQL restore completed via Node.js pg client.
[2026-07-11T13:40:40.106Z] node: [2026-07-11T13:40:40.106Z] ✅ Restore verification PASS (70 tables checked).
[2026-07-11T13:40:40.107Z] node: [2026-07-11T13:40:40.106Z] 🎉 Restore completed successfully in 36.26 seconds.
[2026-07-11T13:40:40.120Z] ▶️  Run: node recovery/verify/qbv.js
[2026-07-11T13:40:40.279Z] node: [2026-07-11T13:40:40.278Z] ============================================================
[2026-07-11T13:40:40.281Z] node: [2026-07-11T13:40:40.282Z] 🔎 AlphaTech Integrity Verification ALPHATECH-RECOVERY-VERIFY-V1
[2026-07-11T13:40:40.282Z] node: [2026-07-11T13:40:40.282Z] ============================================================
[2026-07-11T13:40:40.284Z] node: [2026-07-11T13:40:40.282Z] Collecting Production snapshot...
[2026-07-11T13:40:51.931Z] node: [2026-07-11T13:40:51.931Z] Collecting Recovery snapshot...
[2026-07-11T13:41:02.925Z] node: [2026-07-11T13:41:02.925Z] Comparing snapshots...
[2026-07-11T13:41:02.941Z] node: [2026-07-11T13:41:02.941Z] 🧾 JSON report: D:\alpha-tech\server\recovery\reports\verification-report_2026-07-11T13-41-02-929Z.json
[2026-07-11T13:41:02.942Z] node: [2026-07-11T13:41:02.942Z] 🧾 TXT report: D:\alpha-tech\server\recovery\reports\verification-report_2026-07-11T13-41-02-929Z.txt
[2026-07-11T13:41:02.944Z] node: [2026-07-11T13:41:02.942Z] ✅ Overall: PASS
[2026-07-11T13:41:02.958Z] 🧾 Job manifest: D:\alpha-tech\server\recovery\jobs\job-2026-07-11T13-39-48-939Z.json
[2026-07-11T13:41:02.958Z] ✅ Job result: PASS exitCode=0
