[2026-07-06T18:19:56.038Z] ============================================================
[2026-07-06T18:19:56.047Z] 🧭 AlphaTech Recovery Retention Workflow ALPHATECH-RECOVERY-JOB-RUNNER-V5-RETENTION
[2026-07-06T18:19:56.048Z] ============================================================
[2026-07-06T18:19:56.048Z] Mode: backup-workflow
[2026-07-06T18:19:56.049Z] ▶️  Run: node recovery/health/healthCheck.js
[2026-07-06T18:19:56.227Z] node: [2026-07-06T18:19:56.225Z] ============================================================
[2026-07-06T18:19:56.229Z] node: [2026-07-06T18:19:56.228Z] 🩺 AlphaTech Recovery Health Check ALPHATECH-RECOVERY-HEALTH-CHECK-V1
[2026-07-06T18:19:56.231Z] node: [2026-07-06T18:19:56.231Z] ============================================================
[2026-07-06T18:19:57.109Z] node: [2026-07-06T18:19:57.109Z] 🧾 JSON report: D:\alpha-tech\server\recovery\reports\health-check-2026-07-06T18-19-57-107Z.json
[2026-07-06T18:19:57.110Z] node: [2026-07-06T18:19:57.109Z] 🧾 TXT report: D:\alpha-tech\server\recovery\reports\health-check-2026-07-06T18-19-57-107Z.txt
[2026-07-06T18:19:57.110Z] node: [2026-07-06T18:19:57.110Z] ✅ Overall: PASS
[2026-07-06T18:19:57.133Z] ▶️  Run: node qb.js
[2026-07-06T18:19:57.547Z] node: 🔌 Connected to PostgreSQL successfully.
[2026-07-06T18:19:57.549Z] node: ⏳ Starting P1 Hardened Backup v6 Type-aware + generic self-reference FK safe restore...
[2026-07-06T18:20:01.209Z] node: 📦 Exporting table: Bank
[2026-07-06T18:20:01.245Z] node: 📦 Exporting table: Brand
[2026-07-06T18:20:01.286Z] node: 📦 Exporting table: Category
[2026-07-06T18:20:01.320Z] node: 📦 Exporting table: GlobalProductType
[2026-07-06T18:20:01.353Z] node: 📦 Exporting table: Position
[2026-07-06T18:20:01.388Z] node: 📦 Exporting table: Province
[2026-07-06T18:20:01.422Z] node: 📦 Exporting table: District
[2026-07-06T18:20:01.478Z] node: 📦 Exporting table: Subdistrict
[2026-07-06T18:20:01.664Z] node: 📦 Exporting table: Branch
[2026-07-06T18:20:01.700Z] node: 📦 Exporting table: BarcodeCounter
[2026-07-06T18:20:01.734Z] node: 📦 Exporting table: PaymentCodeCounter
[2026-07-06T18:20:01.768Z] node: 📦 Exporting table: ProductType
[2026-07-06T18:20:01.803Z] node: 📦 Exporting table: ProductTypeBrand
[2026-07-06T18:20:01.841Z] node: 📦 Exporting table: Supplier
[2026-07-06T18:20:01.875Z] node: 📦 Exporting table: Unit
[2026-07-06T18:20:01.909Z] node: 📦 Exporting table: Product
[2026-07-06T18:20:01.984Z] node: 📦 Exporting table: BranchPrice
[2026-07-06T18:20:02.041Z] node: 📦 Exporting table: ProductImage
[2026-07-06T18:20:02.075Z] node: 📦 Exporting table: StockBalance
[2026-07-06T18:20:02.112Z] node: 📦 Exporting table: User
[2026-07-06T18:20:02.152Z] node: 📦 Exporting table: CustomerProfile
[2026-07-06T18:20:02.193Z] node: 📦 Exporting table: Cart
[2026-07-06T18:20:02.228Z] node: 📦 Exporting table: CartItem
[2026-07-06T18:20:02.261Z] node: 📦 Exporting table: EmployeeProfile
[2026-07-06T18:20:02.296Z] node: 📦 Exporting table: CombinedBillingDocument
[2026-07-06T18:20:02.330Z] node: 📦 Exporting table: CombinedSaleDocument
[2026-07-06T18:20:02.364Z] node: 📦 Exporting table: CustomerDeposit
[2026-07-06T18:20:02.398Z] node: 📦 Exporting table: CustomerReceipts
[2026-07-06T18:20:02.432Z] node: 📦 Exporting table: InputTaxFilingBatch
[2026-07-06T18:20:02.467Z] node: 📦 Exporting table: Order
[2026-07-06T18:20:02.500Z] node: 📦 Exporting table: OrderOnline
[2026-07-06T18:20:02.535Z] node: 📦 Exporting table: OrderOnlineItem
[2026-07-06T18:20:02.569Z] node: 📦 Exporting table: PasswordResetToken
[2026-07-06T18:20:02.603Z] node: 📦 Exporting table: ProductOnOrder
[2026-07-06T18:20:02.638Z] node: 📦 Exporting table: PurchaseOrder
[2026-07-06T18:20:02.672Z] node: 📦 Exporting table: PurchaseOrderItem
[2026-07-06T18:20:02.706Z] node: 📦 Exporting table: PurchaseOrderReceipt
[2026-07-06T18:20:02.740Z] node: 📦 Exporting table: InputTaxFilingItem
[2026-07-06T18:20:02.774Z] node: 📦 Exporting table: PurchaseOrderReceiptItem
[2026-07-06T18:20:02.808Z] node: 📦 Exporting table: RefreshToken
[2026-07-06T18:20:02.989Z] node: 📦 Exporting table: Sale
[2026-07-06T18:20:03.024Z] node: 📦 Exporting table: CustomerReceiptAllocations
[2026-07-06T18:20:03.059Z] node: 📦 Exporting table: Payment
[2026-07-06T18:20:03.092Z] node: 📦 Exporting table: DepositUsage
[2026-07-06T18:20:03.127Z] node: 📦 Exporting table: PaymentItem
[2026-07-06T18:20:03.161Z] node: 📦 Exporting table: SaleReturn
[2026-07-06T18:20:03.196Z] node: 📦 Exporting table: RefundTransaction
[2026-07-06T18:20:03.230Z] node: 📦 Exporting table: SalesTaxFilingBatch
[2026-07-06T18:20:03.264Z] node: 📦 Exporting table: SalesTaxFilingItem
[2026-07-06T18:20:03.298Z] node: 📦 Exporting table: ServiceOrder
[2026-07-06T18:20:03.332Z] node: 📦 Exporting table: ServiceItem
[2026-07-06T18:20:03.366Z] node: 📦 Exporting table: SimpleLot
[2026-07-06T18:20:03.400Z] node: 📦 Exporting table: SaleItemSimple
[2026-07-06T18:20:03.434Z] node: 📦 Exporting table: SaleReturnItemSimple
[2026-07-06T18:20:03.468Z] node: 📦 Exporting table: StockAuditSession
[2026-07-06T18:20:03.502Z] node: 📦 Exporting table: StockItem
[2026-07-06T18:20:03.554Z] node: 📦 Exporting table: BarcodeReceiptItem
[2026-07-06T18:20:03.588Z] node: 📦 Exporting table: RepairJob
[2026-07-06T18:20:03.622Z] node: 📦 Exporting table: RepairPartItem
[2026-07-06T18:20:03.655Z] node: 📦 Exporting table: SaleItem
[2026-07-06T18:20:03.689Z] node: 📦 Exporting table: SaleReturnItem
[2026-07-06T18:20:03.724Z] node: 📦 Exporting table: StockAuditScanLog
[2026-07-06T18:20:03.758Z] node: 📦 Exporting table: StockAuditSnapshotItem
[2026-07-06T18:20:03.792Z] node: 📦 Exporting table: StockMovement
[2026-07-06T18:20:03.828Z] node: 📦 Exporting table: SupplierPayment
[2026-07-06T18:20:03.862Z] node: 📦 Exporting table: SupplierPaymentReceipt
[2026-07-06T18:20:03.897Z] node: 📦 Exporting table: V2CustomerDeposit
[2026-07-06T18:20:03.931Z] node: 📦 Exporting table: V2StockAudit
[2026-07-06T18:20:03.965Z] node: 📦 Exporting table: V2StockAuditItem
[2026-07-06T18:20:04.000Z] node: 📦 Exporting table: WarrantyClaim
[2026-07-06T18:20:06.411Z] node: 🎉 P1 Hardened Backup v6 Type-aware + generic self-reference FK safe restore completed successfully.
[2026-07-06T18:20:06.412Z] node: 💾 Backup file: D:\alpha-tech\server\backups\alphatech_hardened_backup_v6_2026-07-06_2026-07-06T18-20-01-174Z.sql
[2026-07-06T18:20:06.413Z] node: 🧾 Manifest file: D:\alpha-tech\server\backups\alphatech_hardened_backup_v6_2026-07-06_2026-07-06T18-20-01-174Z.manifest.json
[2026-07-06T18:20:06.420Z] node: 📊 Tables exported: 70
[2026-07-06T18:20:06.420Z] node: 📦 Rows exported: 15097
[2026-07-06T18:20:06.420Z] node: 🔢 Sequences prepared: 67
[2026-07-06T18:20:06.421Z] node: 🔐 SHA256: d86a54e37a1774101e33c4d85a93c968aa238b01873917d7a944e1d1ade222ec
[2026-07-06T18:20:06.422Z] node: 📐 File size: 4.40 MB
[2026-07-06T18:20:06.422Z] node: ⏱️ Duration: 6.78 seconds
[2026-07-06T18:20:06.425Z] node: ✅ Verification: PASS (70 tables checked)
[2026-07-06T18:20:06.471Z] ▶️  Run: node recovery/upload/uploadBackup.js --manifest D:\alpha-tech\server\backups\alphatech_hardened_backup_v6_2026-07-06_2026-07-06T18-20-01-174Z.manifest.json
[2026-07-06T18:20:06.550Z] node: [2026-07-06T18:20:06.545Z] ============================================================
[2026-07-06T18:20:06.552Z] node: [2026-07-06T18:20:06.552Z] AlphaTech Recovery Upload ALPHATECH-RECOVERY-UPLOAD-V2-S3-COMPATIBLE
[2026-07-06T18:20:06.554Z] node: [2026-07-06T18:20:06.554Z] ============================================================
[2026-07-06T18:20:06.652Z] node: [2026-07-06T18:20:06.652Z] JSON report: D:\alpha-tech\server\recovery\reports\upload-report-2026-07-06T18-20-06-644Z.json
[2026-07-06T18:20:06.654Z] node: [2026-07-06T18:20:06.653Z] TXT report: D:\alpha-tech\server\recovery\reports\upload-report-2026-07-06T18-20-06-644Z.txt
[2026-07-06T18:20:06.658Z] node: [2026-07-06T18:20:06.654Z] Overall: PASS
[2026-07-06T18:20:06.682Z] 🧾 Job manifest: D:\alpha-tech\server\recovery\jobs\job-2026-07-06T18-19-56-035Z.json
[2026-07-06T18:20:06.682Z] ✅ Job result: PASS exitCode=0
