[2026-07-08T21:34:22.508Z] ============================================================
[2026-07-08T21:34:22.515Z] 🧭 AlphaTech Recovery Retention Workflow ALPHATECH-RECOVERY-JOB-RUNNER-V7-R2-RETENTION
[2026-07-08T21:34:22.515Z] ============================================================
[2026-07-08T21:34:22.515Z] Mode: backup-workflow
[2026-07-08T21:34:22.516Z] ▶️  Run: node recovery/health/healthCheck.js
[2026-07-08T21:34:22.664Z] node: [2026-07-08T21:34:22.661Z] ============================================================
[2026-07-08T21:34:22.665Z] node: [2026-07-08T21:34:22.664Z] 🩺 AlphaTech Recovery Health Check ALPHATECH-RECOVERY-HEALTH-CHECK-V1
[2026-07-08T21:34:22.665Z] node: [2026-07-08T21:34:22.665Z] ============================================================
[2026-07-08T21:34:23.460Z] node: [2026-07-08T21:34:23.459Z] 🧾 JSON report: D:\alpha-tech\server\recovery\reports\health-check-2026-07-08T21-34-23-458Z.json
[2026-07-08T21:34:23.461Z] node: [2026-07-08T21:34:23.460Z] 🧾 TXT report: D:\alpha-tech\server\recovery\reports\health-check-2026-07-08T21-34-23-458Z.txt
[2026-07-08T21:34:23.461Z] node: [2026-07-08T21:34:23.460Z] ✅ Overall: PASS
[2026-07-08T21:34:23.473Z] ▶️  Run: node qb.js
[2026-07-08T21:34:23.898Z] node: 🔌 Connected to PostgreSQL successfully.
[2026-07-08T21:34:23.907Z] node: ⏳ Starting P1 Hardened Backup v6 Type-aware + generic self-reference FK safe restore...
[2026-07-08T21:34:27.153Z] node: 📦 Exporting table: Bank
[2026-07-08T21:34:27.189Z] node: 📦 Exporting table: Brand
[2026-07-08T21:34:27.230Z] node: 📦 Exporting table: Category
[2026-07-08T21:34:27.265Z] node: 📦 Exporting table: GlobalProductType
[2026-07-08T21:34:27.300Z] node: 📦 Exporting table: Position
[2026-07-08T21:34:27.335Z] node: 📦 Exporting table: Province
[2026-07-08T21:34:27.370Z] node: 📦 Exporting table: District
[2026-07-08T21:34:27.425Z] node: 📦 Exporting table: Subdistrict
[2026-07-08T21:34:27.583Z] node: 📦 Exporting table: Branch
[2026-07-08T21:34:27.619Z] node: 📦 Exporting table: BarcodeCounter
[2026-07-08T21:34:27.654Z] node: 📦 Exporting table: PaymentCodeCounter
[2026-07-08T21:34:27.688Z] node: 📦 Exporting table: ProductType
[2026-07-08T21:34:27.725Z] node: 📦 Exporting table: ProductTypeBrand
[2026-07-08T21:34:27.762Z] node: 📦 Exporting table: Supplier
[2026-07-08T21:34:27.796Z] node: 📦 Exporting table: Unit
[2026-07-08T21:34:27.830Z] node: 📦 Exporting table: Product
[2026-07-08T21:34:27.902Z] node: 📦 Exporting table: BranchPrice
[2026-07-08T21:34:27.959Z] node: 📦 Exporting table: ProductImage
[2026-07-08T21:34:27.994Z] node: 📦 Exporting table: StockBalance
[2026-07-08T21:34:28.031Z] node: 📦 Exporting table: User
[2026-07-08T21:34:28.070Z] node: 📦 Exporting table: CustomerProfile
[2026-07-08T21:34:28.110Z] node: 📦 Exporting table: Cart
[2026-07-08T21:34:28.144Z] node: 📦 Exporting table: CartItem
[2026-07-08T21:34:28.178Z] node: 📦 Exporting table: EmployeeProfile
[2026-07-08T21:34:28.212Z] node: 📦 Exporting table: CombinedBillingDocument
[2026-07-08T21:34:28.246Z] node: 📦 Exporting table: CombinedSaleDocument
[2026-07-08T21:34:28.280Z] node: 📦 Exporting table: CustomerDeposit
[2026-07-08T21:34:28.315Z] node: 📦 Exporting table: CustomerReceipts
[2026-07-08T21:34:28.349Z] node: 📦 Exporting table: InputTaxFilingBatch
[2026-07-08T21:34:28.383Z] node: 📦 Exporting table: Order
[2026-07-08T21:34:28.418Z] node: 📦 Exporting table: OrderOnline
[2026-07-08T21:34:28.452Z] node: 📦 Exporting table: OrderOnlineItem
[2026-07-08T21:34:28.486Z] node: 📦 Exporting table: PasswordResetToken
[2026-07-08T21:34:28.520Z] node: 📦 Exporting table: ProductOnOrder
[2026-07-08T21:34:28.554Z] node: 📦 Exporting table: PurchaseOrder
[2026-07-08T21:34:28.588Z] node: 📦 Exporting table: PurchaseOrderItem
[2026-07-08T21:34:28.622Z] node: 📦 Exporting table: PurchaseOrderReceipt
[2026-07-08T21:34:28.657Z] node: 📦 Exporting table: InputTaxFilingItem
[2026-07-08T21:34:28.691Z] node: 📦 Exporting table: PurchaseOrderReceiptItem
[2026-07-08T21:34:28.725Z] node: 📦 Exporting table: RefreshToken
[2026-07-08T21:34:28.923Z] node: 📦 Exporting table: Sale
[2026-07-08T21:34:28.958Z] node: 📦 Exporting table: CustomerReceiptAllocations
[2026-07-08T21:34:28.992Z] node: 📦 Exporting table: Payment
[2026-07-08T21:34:29.026Z] node: 📦 Exporting table: DepositUsage
[2026-07-08T21:34:29.060Z] node: 📦 Exporting table: PaymentItem
[2026-07-08T21:34:29.095Z] node: 📦 Exporting table: SaleReturn
[2026-07-08T21:34:29.129Z] node: 📦 Exporting table: RefundTransaction
[2026-07-08T21:34:29.163Z] node: 📦 Exporting table: SalesTaxFilingBatch
[2026-07-08T21:34:29.197Z] node: 📦 Exporting table: SalesTaxFilingItem
[2026-07-08T21:34:29.231Z] node: 📦 Exporting table: ServiceOrder
[2026-07-08T21:34:29.265Z] node: 📦 Exporting table: ServiceItem
[2026-07-08T21:34:29.299Z] node: 📦 Exporting table: SimpleLot
[2026-07-08T21:34:29.333Z] node: 📦 Exporting table: SaleItemSimple
[2026-07-08T21:34:29.367Z] node: 📦 Exporting table: SaleReturnItemSimple
[2026-07-08T21:34:29.401Z] node: 📦 Exporting table: StockAuditSession
[2026-07-08T21:34:29.435Z] node: 📦 Exporting table: StockItem
[2026-07-08T21:34:29.494Z] node: 📦 Exporting table: BarcodeReceiptItem
[2026-07-08T21:34:29.528Z] node: 📦 Exporting table: RepairJob
[2026-07-08T21:34:29.562Z] node: 📦 Exporting table: RepairPartItem
[2026-07-08T21:34:29.596Z] node: 📦 Exporting table: SaleItem
[2026-07-08T21:34:29.630Z] node: 📦 Exporting table: SaleReturnItem
[2026-07-08T21:34:29.664Z] node: 📦 Exporting table: StockAuditScanLog
[2026-07-08T21:34:29.698Z] node: 📦 Exporting table: StockAuditSnapshotItem
[2026-07-08T21:34:29.732Z] node: 📦 Exporting table: StockMovement
[2026-07-08T21:34:29.769Z] node: 📦 Exporting table: SupplierPayment
[2026-07-08T21:34:29.803Z] node: 📦 Exporting table: SupplierPaymentReceipt
[2026-07-08T21:34:29.837Z] node: 📦 Exporting table: V2CustomerDeposit
[2026-07-08T21:34:29.871Z] node: 📦 Exporting table: V2StockAudit
[2026-07-08T21:34:29.905Z] node: 📦 Exporting table: V2StockAuditItem
[2026-07-08T21:34:29.939Z] node: 📦 Exporting table: WarrantyClaim
[2026-07-08T21:34:32.385Z] node: 🎉 P1 Hardened Backup v6 Type-aware + generic self-reference FK safe restore completed successfully.
[2026-07-08T21:34:32.386Z] node: 💾 Backup file: D:\alpha-tech\server\backups\alphatech_hardened_backup_v6_2026-07-08_2026-07-08T21-34-27-066Z.sql
[2026-07-08T21:34:32.480Z] node: 🧾 Manifest file: D:\alpha-tech\server\backups\alphatech_hardened_backup_v6_2026-07-08_2026-07-08T21-34-27-066Z.manifest.json
[2026-07-08T21:34:32.481Z] node: 📊 Tables exported: 70
[2026-07-08T21:34:32.481Z] node: 📦 Rows exported: 15403
[2026-07-08T21:34:32.482Z] node: 🔢 Sequences prepared: 67
[2026-07-08T21:34:32.482Z] node: 🔐 SHA256: 36754618486c6a9a5e78f8f29fff91bb735f6f3c7e35c48ec819435c2710eeba
[2026-07-08T21:34:32.482Z] node: 📐 File size: 4.54 MB
[2026-07-08T21:34:32.483Z] node: ⏱️ Duration: 6.38 seconds
[2026-07-08T21:34:32.483Z] node: ✅ Verification: PASS (70 tables checked)
[2026-07-08T21:34:32.488Z] ▶️  Run: node recovery/upload/uploadBackup.js --manifest D:\alpha-tech\server\backups\alphatech_hardened_backup_v6_2026-07-08_2026-07-08T21-34-27-066Z.manifest.json
[2026-07-08T21:34:32.572Z] node: [2026-07-08T21:34:32.567Z] ============================================================
[2026-07-08T21:34:32.574Z] node: [2026-07-08T21:34:32.574Z] AlphaTech Recovery Upload ALPHATECH-RECOVERY-UPLOAD-V2-S3-COMPATIBLE
[2026-07-08T21:34:32.574Z] node: [2026-07-08T21:34:32.574Z] ============================================================
[2026-07-08T21:34:32.778Z] node stderr: (node:10092) Warning: NodeVersionSupportWarning: The AWS SDK for JavaScript (v3)
[2026-07-08T21:34:32.779Z] node stderr: versions published after the first week of January 2027
[2026-07-08T21:34:32.780Z] node stderr: will require node >=22. You are running node v20.19.0.
[2026-07-08T21:34:32.780Z] node stderr: To continue receiving updates to AWS services, bug fixes,
[2026-07-08T21:34:32.780Z] node stderr: and security updates please upgrade to node >=22.
[2026-07-08T21:34:32.781Z] node stderr: More information can be found at: https://a.co/c895JFp
[2026-07-08T21:34:32.781Z] node stderr: (Use `node --trace-warnings ...` to show where the warning was created)
[2026-07-08T21:34:34.496Z] node: [2026-07-08T21:34:34.496Z] JSON report: D:\alpha-tech\server\recovery\reports\upload-report-2026-07-08T21-34-34-494Z.json
[2026-07-08T21:34:34.496Z] node: [2026-07-08T21:34:34.496Z] TXT report: D:\alpha-tech\server\recovery\reports\upload-report-2026-07-08T21-34-34-494Z.txt
[2026-07-08T21:34:34.497Z] node: [2026-07-08T21:34:34.496Z] Overall: PASS
[2026-07-08T21:34:34.907Z] ------------------------------------------------------------
[2026-07-08T21:34:34.908Z] Target      : cloudflare-r2
[2026-07-08T21:34:35.124Z] Bucket      : saduaksabuy-recovery
[2026-07-08T21:34:35.125Z] Prefix      : alphatech-production/
[2026-07-08T21:34:35.125Z] Retention   : 7 day(s)
[2026-07-08T21:34:35.126Z] Mode        : APPLY
[2026-07-08T21:34:35.126Z] Scanned     : 36
[2026-07-08T21:34:35.126Z] Candidates  : 0
[2026-07-08T21:34:35.127Z] Deleted     : 0
[2026-07-08T21:34:35.127Z] Remaining   : 36
[2026-07-08T21:34:35.127Z] Failed      : 0
[2026-07-08T21:34:35.128Z] ▶️  Run: node recovery/retention/retentionPolicy.js --apply
[2026-07-08T21:34:35.215Z] node: [2026-07-08T21:34:35.209Z] ============================================================
[2026-07-08T21:34:35.217Z] node: [2026-07-08T21:34:35.217Z] 🧹 AlphaTech Recovery Retention ALPHATECH-RECOVERY-RETENTION-V1
[2026-07-08T21:34:35.217Z] node: [2026-07-08T21:34:35.217Z] ============================================================
[2026-07-08T21:34:35.218Z] node: [2026-07-08T21:34:35.217Z] Mode: APPLY
[2026-07-08T21:34:35.225Z] node: [2026-07-08T21:34:35.225Z] ------------------------------------------------------------
[2026-07-08T21:34:35.226Z] node: [2026-07-08T21:34:35.226Z] Target      : local-backups
[2026-07-08T21:34:35.226Z] node: [2026-07-08T21:34:35.226Z] Directory   : D:\alpha-tech\server\backups
[2026-07-08T21:34:35.227Z] node: [2026-07-08T21:34:35.226Z] Retention   : 3 day(s)
[2026-07-08T21:34:35.227Z] node: [2026-07-08T21:34:35.227Z] Scanned     : 52
[2026-07-08T21:34:35.227Z] node: [2026-07-08T21:34:35.227Z] Candidates  : 0
[2026-07-08T21:34:35.228Z] node: [2026-07-08T21:34:35.227Z] Deleted     : 0
[2026-07-08T21:34:35.228Z] node: [2026-07-08T21:34:35.228Z] Remaining   : 52
[2026-07-08T21:34:35.228Z] node: [2026-07-08T21:34:35.228Z] Failed      : 0
[2026-07-08T21:34:35.229Z] node: [2026-07-08T21:34:35.228Z] ------------------------------------------------------------
[2026-07-08T21:34:35.229Z] node: [2026-07-08T21:34:35.229Z] Target      : offsite-local-mirror
[2026-07-08T21:34:35.229Z] node: [2026-07-08T21:34:35.229Z] Directory   : D:\alpha-tech\server\recovery\offsite
[2026-07-08T21:34:35.230Z] node: [2026-07-08T21:34:35.229Z] Retention   : 7 day(s)
[2026-07-08T21:34:35.230Z] node: [2026-07-08T21:34:35.229Z] Scanned     : 12
[2026-07-08T21:34:35.230Z] node: [2026-07-08T21:34:35.230Z] Candidates  : 0
[2026-07-08T21:34:35.231Z] node: [2026-07-08T21:34:35.230Z] Deleted     : 0
[2026-07-08T21:34:35.231Z] node: [2026-07-08T21:34:35.230Z] Remaining   : 12
[2026-07-08T21:34:35.233Z] node: [2026-07-08T21:34:35.231Z] Failed      : 0
[2026-07-08T21:34:35.234Z] node: [2026-07-08T21:34:35.232Z] 🧾 JSON report: D:\alpha-tech\server\recovery\reports\retention-report-2026-07-08T21-34-35-231Z.json
[2026-07-08T21:34:35.234Z] node: [2026-07-08T21:34:35.233Z] 🧾 TXT report: D:\alpha-tech\server\recovery\reports\retention-report-2026-07-08T21-34-35-231Z.txt
[2026-07-08T21:34:35.234Z] node: [2026-07-08T21:34:35.233Z] ✅ Overall: PASS
[2026-07-08T21:34:35.243Z] ▶️  Run: node qbrs.js --manifest D:\alpha-tech\server\backups\alphatech_hardened_backup_v6_2026-07-08_2026-07-08T21-34-27-066Z.manifest.json --init --yes --reset-schema
[2026-07-08T21:34:35.384Z] node: [2026-07-08T21:34:35.382Z] ============================================================
[2026-07-08T21:34:35.385Z] node: [2026-07-08T21:34:35.384Z] 🚑 AlphaTech Restore Tool P1-HARDENED-RESTORE-V3-NODE-PG
[2026-07-08T21:34:35.385Z] node: [2026-07-08T21:34:35.385Z] ============================================================
[2026-07-08T21:34:35.407Z] node: [2026-07-08T21:34:35.407Z] ✅ Manifest loaded.
[2026-07-08T21:34:35.408Z] node: [2026-07-08T21:34:35.407Z] ✅ SQL file: D:\alpha-tech\server\backups\alphatech_hardened_backup_v6_2026-07-08_2026-07-08T21-34-27-066Z.sql
[2026-07-08T21:34:35.408Z] node: [2026-07-08T21:34:35.408Z] ✅ SHA256 verified: 36754618486c6a9a5e78f8f29fff91bb735f6f3c7e35c48ec819435c2710eeba
[2026-07-08T21:34:35.409Z] node: [2026-07-08T21:34:35.408Z] 🎯 Target DB: postgresql://postgres:***@db.engqdeyzbvnmxbnpemau.supabase.co:5432/postgres
[2026-07-08T21:34:35.409Z] node: [2026-07-08T21:34:35.409Z] 🎯 Host: db.engqdeyzbvnmxbnpemau.supabase.co
[2026-07-08T21:34:35.409Z] node: [2026-07-08T21:34:35.409Z] 🎯 Port: 5432
[2026-07-08T21:34:35.410Z] node: [2026-07-08T21:34:35.409Z] 🎯 Database: postgres
[2026-07-08T21:34:35.410Z] node: [2026-07-08T21:34:35.410Z] 🎯 Schema: public
[2026-07-08T21:34:35.763Z] node: [2026-07-08T21:34:35.762Z] 🔌 Connected to target PostgreSQL successfully.
[2026-07-08T21:34:39.072Z] node: [2026-07-08T21:34:39.072Z] 📊 Existing tables: 70
[2026-07-08T21:34:39.073Z] node: [2026-07-08T21:34:39.072Z] 📦 Existing rows: 15403
[2026-07-08T21:34:39.074Z] node: [2026-07-08T21:34:39.072Z] 🔎 Product: 930
[2026-07-08T21:34:39.074Z] node: [2026-07-08T21:34:39.073Z] 🔎 BranchPrice: 928
[2026-07-08T21:34:39.074Z] node: [2026-07-08T21:34:39.073Z] 🔎 StockItem: 530
[2026-07-08T21:34:39.075Z] node: [2026-07-08T21:34:39.073Z] 🔎 Sale: 1
[2026-07-08T21:34:39.075Z] node: [2026-07-08T21:34:39.073Z] 🔎 SaleItem: 1
[2026-07-08T21:34:39.075Z] node: [2026-07-08T21:34:39.073Z] 🔎 SaleItemSimple: 0
[2026-07-08T21:34:39.075Z] node: [2026-07-08T21:34:39.074Z] 🔎 Payment: 1
[2026-07-08T21:34:39.076Z] node: [2026-07-08T21:34:39.074Z] 🔎 PaymentItem: 1
[2026-07-08T21:34:39.344Z] node: [2026-07-08T21:34:39.344Z] 🧨 Resetting target schema "public" before restore...
[2026-07-08T21:34:39.345Z] node: [2026-07-08T21:34:39.344Z] 🛡️ This action is intended for Recovery / Standby DB only.
[2026-07-08T21:34:39.922Z] node: [2026-07-08T21:34:39.921Z] ✅ Schema "public" reset completed.
[2026-07-08T21:34:39.959Z] node: [2026-07-08T21:34:39.959Z] 🧱 Running Prisma db push against Recovery DB only...
[2026-07-08T21:34:39.960Z] node: [2026-07-08T21:34:39.959Z] 🛡️ DATABASE_URL is injected from RESTORE_DATABASE_URL/RECOVERY_DATABASE_URL for this process only.
[2026-07-08T21:34:43.605Z] node: [2026-07-08T21:34:43.605Z] npx stderr: Environment variables loaded from .env
[2026-07-08T21:34:43.606Z] node: [2026-07-08T21:34:43.606Z] npx: Prisma schema loaded from prisma\schema.prisma
[2026-07-08T21:34:43.617Z] node: [2026-07-08T21:34:43.617Z] npx: Datasource "db": PostgreSQL database "postgres", schema "public" at "db.engqdeyzbvnmxbnpemau.supabase.co:5432"
[2026-07-08T21:34:59.984Z] node: [2026-07-08T21:34:59.984Z] npx: Your database is now in sync with your Prisma schema. Done in 15.81s
[2026-07-08T21:34:59.986Z] node: [2026-07-08T21:34:59.986Z] npx: Running generate... (Use --skip-generate to skip the generators)
[2026-07-08T21:35:00.884Z] node: [2026-07-08T21:35:00.883Z] npx: [2K[1A[2K[GRunning generate... - Prisma Client
[2026-07-08T21:35:02.109Z] node: [2026-07-08T21:35:02.109Z] npx: [2K[1A[2K[G✔ Generated Prisma Client (v6.16.2) to .\node_modules\.prisma\client in 1.22s
[2026-07-08T21:35:02.165Z] node: [2026-07-08T21:35:02.165Z] ✅ Prisma db push completed for Recovery DB.
[2026-07-08T21:35:05.240Z] node: [2026-07-08T21:35:05.235Z] 📊 Existing tables: 70
[2026-07-08T21:35:05.255Z] node: [2026-07-08T21:35:05.236Z] 📦 Existing rows: 0
[2026-07-08T21:35:05.271Z] node: [2026-07-08T21:35:05.236Z] 🔎 Product: 0
[2026-07-08T21:35:05.272Z] node: [2026-07-08T21:35:05.236Z] 🔎 BranchPrice: 0
[2026-07-08T21:35:05.273Z] node: [2026-07-08T21:35:05.236Z] 🔎 StockItem: 0
[2026-07-08T21:35:05.276Z] node: [2026-07-08T21:35:05.236Z] 🔎 Sale: 0
[2026-07-08T21:35:05.276Z] node: [2026-07-08T21:35:05.236Z] 🔎 SaleItem: 0
[2026-07-08T21:35:05.277Z] node: [2026-07-08T21:35:05.236Z] 🔎 SaleItemSimple: 0
[2026-07-08T21:35:05.277Z] node: [2026-07-08T21:35:05.237Z] 🔎 Payment: 0
[2026-07-08T21:35:05.278Z] node: [2026-07-08T21:35:05.237Z] 🔎 PaymentItem: 0
[2026-07-08T21:35:05.362Z] node: [2026-07-08T21:35:05.361Z] 📖 SQL loaded into memory (4.54 MB).
[2026-07-08T21:35:05.362Z] node: [2026-07-08T21:35:05.362Z] 🚚 Starting SQL restore via Node.js pg client...
[2026-07-08T21:35:07.650Z] node: [2026-07-08T21:35:07.649Z] ✅ SQL restore completed via Node.js pg client.
[2026-07-08T21:35:10.201Z] node: [2026-07-08T21:35:10.201Z] ✅ Restore verification PASS (70 tables checked).
[2026-07-08T21:35:10.202Z] node: [2026-07-08T21:35:10.201Z] 🎉 Restore completed successfully in 34.82 seconds.
[2026-07-08T21:35:10.215Z] ▶️  Run: node recovery/verify/qbv.js
[2026-07-08T21:35:10.382Z] node: [2026-07-08T21:35:10.380Z] ============================================================
[2026-07-08T21:35:10.383Z] node: [2026-07-08T21:35:10.384Z] 🔎 AlphaTech Integrity Verification ALPHATECH-RECOVERY-VERIFY-V1
[2026-07-08T21:35:10.384Z] node: [2026-07-08T21:35:10.384Z] ============================================================
[2026-07-08T21:35:10.384Z] node: [2026-07-08T21:35:10.384Z] Collecting Production snapshot...
[2026-07-08T21:35:21.653Z] node: [2026-07-08T21:35:21.653Z] Collecting Recovery snapshot...
[2026-07-08T21:35:32.032Z] node: [2026-07-08T21:35:32.032Z] Comparing snapshots...
[2026-07-08T21:35:32.038Z] node: [2026-07-08T21:35:32.038Z] 🧾 JSON report: D:\alpha-tech\server\recovery\reports\verification-report_2026-07-08T21-35-32-036Z.json
[2026-07-08T21:35:32.366Z] node: [2026-07-08T21:35:32.039Z] 🧾 TXT report: D:\alpha-tech\server\recovery\reports\verification-report_2026-07-08T21-35-32-036Z.txt
[2026-07-08T21:35:32.367Z] node: [2026-07-08T21:35:32.039Z] ✅ Overall: PASS
[2026-07-08T21:35:32.372Z] 🧾 Job manifest: D:\alpha-tech\server\recovery\jobs\job-2026-07-08T21-34-22-506Z.json
[2026-07-08T21:35:32.372Z] ✅ Job result: PASS exitCode=0
