[2026-07-19T07:39:49.754Z] ============================================================
[2026-07-19T07:39:49.762Z] 🧭 AlphaTech Recovery Retention Workflow ALPHATECH-RECOVERY-JOB-RUNNER-V7-R2-RETENTION
[2026-07-19T07:39:49.762Z] ============================================================
[2026-07-19T07:39:49.762Z] Mode: backup-workflow
[2026-07-19T07:39:49.763Z] ▶️  Run: node recovery/health/healthCheck.js
[2026-07-19T07:39:49.956Z] node: [2026-07-19T07:39:49.954Z] ============================================================
[2026-07-19T07:39:49.958Z] node: [2026-07-19T07:39:49.958Z] 🩺 AlphaTech Recovery Health Check ALPHATECH-RECOVERY-HEALTH-CHECK-V1
[2026-07-19T07:39:49.958Z] node: [2026-07-19T07:39:49.958Z] ============================================================
[2026-07-19T07:39:50.812Z] node: [2026-07-19T07:39:50.812Z] 🧾 JSON report: D:\alpha-tech\server\recovery\reports\health-check-2026-07-19T07-39-50-802Z.json
[2026-07-19T07:39:50.813Z] node: [2026-07-19T07:39:50.813Z] 🧾 TXT report: D:\alpha-tech\server\recovery\reports\health-check-2026-07-19T07-39-50-802Z.txt
[2026-07-19T07:39:50.813Z] node: [2026-07-19T07:39:50.813Z] ✅ Overall: PASS
[2026-07-19T07:39:50.834Z] ▶️  Run: node qb.js
[2026-07-19T07:39:51.286Z] node: 🔌 Connected to PostgreSQL successfully.
[2026-07-19T07:39:51.288Z] node: ⏳ Starting P1 Hardened Backup v6 Type-aware + generic self-reference FK safe restore...
[2026-07-19T07:39:55.123Z] node: 📦 Exporting table: Bank
[2026-07-19T07:39:55.160Z] node: 📦 Exporting table: Brand
[2026-07-19T07:39:55.204Z] node: 📦 Exporting table: Category
[2026-07-19T07:39:55.240Z] node: 📦 Exporting table: GlobalProductType
[2026-07-19T07:39:55.275Z] node: 📦 Exporting table: Position
[2026-07-19T07:39:55.310Z] node: 📦 Exporting table: Province
[2026-07-19T07:39:55.346Z] node: 📦 Exporting table: District
[2026-07-19T07:39:55.404Z] node: 📦 Exporting table: Subdistrict
[2026-07-19T07:39:55.625Z] node: 📦 Exporting table: Branch
[2026-07-19T07:39:55.664Z] node: 📦 Exporting table: BarcodeCounter
[2026-07-19T07:39:55.698Z] node: 📦 Exporting table: PaymentCodeCounter
[2026-07-19T07:39:55.733Z] node: 📦 Exporting table: ProductType
[2026-07-19T07:39:55.775Z] node: 📦 Exporting table: ProductTypeBrand
[2026-07-19T07:39:55.819Z] node: 📦 Exporting table: Supplier
[2026-07-19T07:39:55.855Z] node: 📦 Exporting table: Unit
[2026-07-19T07:39:55.898Z] node: 📦 Exporting table: Product
[2026-07-19T07:39:56.048Z] node: 📦 Exporting table: BranchPrice
[2026-07-19T07:39:56.147Z] node: 📦 Exporting table: ProductImage
[2026-07-19T07:39:56.183Z] node: 📦 Exporting table: StockBalance
[2026-07-19T07:39:56.244Z] node: 📦 Exporting table: User
[2026-07-19T07:39:56.286Z] node: 📦 Exporting table: CustomerProfile
[2026-07-19T07:39:56.331Z] node: 📦 Exporting table: Cart
[2026-07-19T07:39:56.366Z] node: 📦 Exporting table: CartItem
[2026-07-19T07:39:56.401Z] node: 📦 Exporting table: EmployeeProfile
[2026-07-19T07:39:56.437Z] node: 📦 Exporting table: CombinedBillingDocument
[2026-07-19T07:39:56.472Z] node: 📦 Exporting table: CombinedSaleDocument
[2026-07-19T07:39:56.507Z] node: 📦 Exporting table: CustomerDeposit
[2026-07-19T07:39:56.542Z] node: 📦 Exporting table: CustomerReceipts
[2026-07-19T07:39:56.581Z] node: 📦 Exporting table: InputTaxFilingBatch
[2026-07-19T07:39:56.616Z] node: 📦 Exporting table: Order
[2026-07-19T07:39:56.651Z] node: 📦 Exporting table: OrderOnline
[2026-07-19T07:39:56.687Z] node: 📦 Exporting table: OrderOnlineItem
[2026-07-19T07:39:56.722Z] node: 📦 Exporting table: PasswordResetToken
[2026-07-19T07:39:56.758Z] node: 📦 Exporting table: ProductOnOrder
[2026-07-19T07:39:56.794Z] node: 📦 Exporting table: PurchaseOrder
[2026-07-19T07:39:56.830Z] node: 📦 Exporting table: PurchaseOrderItem
[2026-07-19T07:39:56.871Z] node: 📦 Exporting table: PurchaseOrderReceipt
[2026-07-19T07:39:56.910Z] node: 📦 Exporting table: InputTaxFilingItem
[2026-07-19T07:39:56.945Z] node: 📦 Exporting table: PurchaseOrderReceiptItem
[2026-07-19T07:39:56.983Z] node: 📦 Exporting table: RefreshToken
[2026-07-19T07:39:57.225Z] node: 📦 Exporting table: Sale
[2026-07-19T07:39:57.268Z] node: 📦 Exporting table: CustomerReceiptAllocations
[2026-07-19T07:39:57.303Z] node: 📦 Exporting table: Payment
[2026-07-19T07:39:57.340Z] node: 📦 Exporting table: DepositUsage
[2026-07-19T07:39:57.375Z] node: 📦 Exporting table: PaymentItem
[2026-07-19T07:39:57.411Z] node: 📦 Exporting table: SaleReturn
[2026-07-19T07:39:57.453Z] node: 📦 Exporting table: RefundTransaction
[2026-07-19T07:39:57.489Z] node: 📦 Exporting table: SalesTaxFilingBatch
[2026-07-19T07:39:57.524Z] node: 📦 Exporting table: SalesTaxFilingItem
[2026-07-19T07:39:57.559Z] node: 📦 Exporting table: ServiceOrder
[2026-07-19T07:39:57.594Z] node: 📦 Exporting table: ServiceItem
[2026-07-19T07:39:57.629Z] node: 📦 Exporting table: SimpleLot
[2026-07-19T07:39:57.665Z] node: 📦 Exporting table: SaleItemSimple
[2026-07-19T07:39:57.701Z] node: 📦 Exporting table: SaleReturnItemSimple
[2026-07-19T07:39:57.735Z] node: 📦 Exporting table: StockAuditSession
[2026-07-19T07:39:57.773Z] node: 📦 Exporting table: StockItem
[2026-07-19T07:39:57.969Z] node: 📦 Exporting table: BarcodeReceiptItem
[2026-07-19T07:39:58.024Z] node: 📦 Exporting table: RepairJob
[2026-07-19T07:39:58.059Z] node: 📦 Exporting table: RepairPartItem
[2026-07-19T07:39:58.094Z] node: 📦 Exporting table: SaleItem
[2026-07-19T07:39:58.134Z] node: 📦 Exporting table: SaleReturnItem
[2026-07-19T07:39:58.169Z] node: 📦 Exporting table: StockAuditScanLog
[2026-07-19T07:39:58.204Z] node: 📦 Exporting table: StockAuditSnapshotItem
[2026-07-19T07:39:58.256Z] node: 📦 Exporting table: StockMovement
[2026-07-19T07:39:58.313Z] node: 📦 Exporting table: SupplierPayment
[2026-07-19T07:39:58.348Z] node: 📦 Exporting table: SupplierPaymentReceipt
[2026-07-19T07:39:58.384Z] node: 📦 Exporting table: V2CustomerDeposit
[2026-07-19T07:39:58.419Z] node: 📦 Exporting table: V2StockAudit
[2026-07-19T07:39:58.454Z] node: 📦 Exporting table: V2StockAuditItem
[2026-07-19T07:39:58.491Z] node: 📦 Exporting table: WarrantyClaim
[2026-07-19T07:40:01.083Z] node: 🎉 P1 Hardened Backup v6 Type-aware + generic self-reference FK safe restore completed successfully.
[2026-07-19T07:40:01.088Z] node: 💾 Backup file: D:\alpha-tech\server\backups\alphatech_hardened_backup_v6_2026-07-19_2026-07-19T07-39-55-078Z.sql
[2026-07-19T07:40:01.088Z] node: 🧾 Manifest file: D:\alpha-tech\server\backups\alphatech_hardened_backup_v6_2026-07-19_2026-07-19T07-39-55-078Z.manifest.json
[2026-07-19T07:40:01.088Z] node: 📊 Tables exported: 70
[2026-07-19T07:40:01.089Z] node: 📦 Rows exported: 24970
[2026-07-19T07:40:01.089Z] node: 🔢 Sequences prepared: 67
[2026-07-19T07:40:01.089Z] node: 🔐 SHA256: 7258ee6eae1e19f8a69be56af3a44e6f6dd5bc5f0d9ea79439a9f366e2b1ccee
[2026-07-19T07:40:01.092Z] node: 📐 File size: 8.73 MB
[2026-07-19T07:40:01.092Z] node: ⏱️ Duration: 7.59 seconds
[2026-07-19T07:40:01.092Z] node: ✅ Verification: PASS (70 tables checked)
[2026-07-19T07:40:01.144Z] ▶️  Run: node recovery/upload/uploadBackup.js --manifest D:\alpha-tech\server\backups\alphatech_hardened_backup_v6_2026-07-19_2026-07-19T07-39-55-078Z.manifest.json
[2026-07-19T07:40:01.233Z] node: [2026-07-19T07:40:01.228Z] ============================================================
[2026-07-19T07:40:01.235Z] node: [2026-07-19T07:40:01.235Z] AlphaTech Recovery Upload ALPHATECH-RECOVERY-UPLOAD-V2-S3-COMPATIBLE
[2026-07-19T07:40:01.236Z] node: [2026-07-19T07:40:01.235Z] ============================================================
[2026-07-19T07:40:01.509Z] node stderr: (node:13724) Warning: NodeVersionSupportWarning: The AWS SDK for JavaScript (v3)
[2026-07-19T07:40:01.510Z] node stderr: versions published after the first week of January 2027
[2026-07-19T07:40:01.510Z] node stderr: will require node >=22. You are running node v20.19.0.
[2026-07-19T07:40:01.510Z] node stderr: To continue receiving updates to AWS services, bug fixes,
[2026-07-19T07:40:01.511Z] node stderr: and security updates please upgrade to node >=22.
[2026-07-19T07:40:01.511Z] node stderr: More information can be found at: https://a.co/c895JFp
[2026-07-19T07:40:01.511Z] node stderr: (Use `node --trace-warnings ...` to show where the warning was created)
[2026-07-19T07:40:03.473Z] node: [2026-07-19T07:40:03.473Z] JSON report: D:\alpha-tech\server\recovery\reports\upload-report-2026-07-19T07-40-03-470Z.json
[2026-07-19T07:40:03.473Z] node: [2026-07-19T07:40:03.473Z] TXT report: D:\alpha-tech\server\recovery\reports\upload-report-2026-07-19T07-40-03-470Z.txt
[2026-07-19T07:40:03.474Z] node: [2026-07-19T07:40:03.473Z] Overall: PASS
[2026-07-19T07:40:04.411Z] ------------------------------------------------------------
[2026-07-19T07:40:04.412Z] Target      : cloudflare-r2
[2026-07-19T07:40:04.412Z] Bucket      : saduaksabuy-recovery
[2026-07-19T07:40:04.413Z] Prefix      : alphatech-production/
[2026-07-19T07:40:04.413Z] Retention   : 7 day(s)
[2026-07-19T07:40:04.413Z] Mode        : APPLY
[2026-07-19T07:40:04.414Z] Scanned     : 82
[2026-07-19T07:40:04.414Z] Candidates  : 0
[2026-07-19T07:40:04.415Z] Deleted     : 0
[2026-07-19T07:40:04.415Z] Remaining   : 82
[2026-07-19T07:40:04.415Z] Failed      : 0
[2026-07-19T07:40:04.416Z] ▶️  Run: node recovery/retention/retentionPolicy.js --apply
[2026-07-19T07:40:04.548Z] node: [2026-07-19T07:40:04.542Z] ============================================================
[2026-07-19T07:40:04.550Z] node: [2026-07-19T07:40:04.550Z] 🧹 AlphaTech Recovery Retention ALPHATECH-RECOVERY-RETENTION-V1
[2026-07-19T07:40:04.550Z] node: [2026-07-19T07:40:04.551Z] ============================================================
[2026-07-19T07:40:04.551Z] node: [2026-07-19T07:40:04.551Z] Mode: APPLY
[2026-07-19T07:40:04.558Z] node: [2026-07-19T07:40:04.558Z] ------------------------------------------------------------
[2026-07-19T07:40:04.558Z] node: [2026-07-19T07:40:04.559Z] Target      : local-backups
[2026-07-19T07:40:04.559Z] node: [2026-07-19T07:40:04.560Z] Directory   : D:\alpha-tech\server\backups
[2026-07-19T07:40:04.560Z] node: [2026-07-19T07:40:04.560Z] Retention   : 3 day(s)
[2026-07-19T07:40:04.561Z] node: [2026-07-19T07:40:04.561Z] Scanned     : 42
[2026-07-19T07:40:04.562Z] node: [2026-07-19T07:40:04.562Z] Candidates  : 1
[2026-07-19T07:40:04.563Z] node: [2026-07-19T07:40:04.563Z] Deleted     : 1
[2026-07-19T07:40:04.563Z] node: [2026-07-19T07:40:04.564Z] Remaining   : 41
[2026-07-19T07:40:04.564Z] node: [2026-07-19T07:40:04.564Z] Failed      : 0
[2026-07-19T07:40:04.564Z] node: [2026-07-19T07:40:04.565Z] ------------------------------------------------------------
[2026-07-19T07:40:04.565Z] node: [2026-07-19T07:40:04.565Z] Target      : offsite-local-mirror
[2026-07-19T07:40:04.565Z] node: [2026-07-19T07:40:04.565Z] Directory   : D:\alpha-tech\server\recovery\offsite
[2026-07-19T07:40:04.565Z] node: [2026-07-19T07:40:04.566Z] Retention   : 7 day(s)
[2026-07-19T07:40:04.566Z] node: [2026-07-19T07:40:04.566Z] Scanned     : 0
[2026-07-19T07:40:04.566Z] node: [2026-07-19T07:40:04.567Z] Candidates  : 0
[2026-07-19T07:40:04.566Z] node: [2026-07-19T07:40:04.567Z] Deleted     : 0
[2026-07-19T07:40:04.567Z] node: [2026-07-19T07:40:04.567Z] Remaining   : 0
[2026-07-19T07:40:04.568Z] node: [2026-07-19T07:40:04.568Z] Failed      : 0
[2026-07-19T07:40:04.572Z] node: [2026-07-19T07:40:04.573Z] 🧾 JSON report: D:\alpha-tech\server\recovery\reports\retention-report-2026-07-19T07-40-04-569Z.json
[2026-07-19T07:40:04.573Z] node: [2026-07-19T07:40:04.573Z] 🧾 TXT report: D:\alpha-tech\server\recovery\reports\retention-report-2026-07-19T07-40-04-569Z.txt
[2026-07-19T07:40:04.573Z] node: [2026-07-19T07:40:04.573Z] ✅ Overall: PASS
[2026-07-19T07:40:04.584Z] ▶️  Run: node qbrs.js --manifest D:\alpha-tech\server\backups\alphatech_hardened_backup_v6_2026-07-19_2026-07-19T07-39-55-078Z.manifest.json --init --yes --reset-schema
[2026-07-19T07:40:04.782Z] node: [2026-07-19T07:40:04.779Z] ============================================================
[2026-07-19T07:40:04.784Z] node: [2026-07-19T07:40:04.784Z] 🚑 AlphaTech Restore Tool P1-HARDENED-RESTORE-V3-NODE-PG
[2026-07-19T07:40:04.785Z] node: [2026-07-19T07:40:04.785Z] ============================================================
[2026-07-19T07:40:04.833Z] node: [2026-07-19T07:40:04.833Z] ✅ Manifest loaded.
[2026-07-19T07:40:04.833Z] node: [2026-07-19T07:40:04.833Z] ✅ SQL file: D:\alpha-tech\server\backups\alphatech_hardened_backup_v6_2026-07-19_2026-07-19T07-39-55-078Z.sql
[2026-07-19T07:40:04.835Z] node: [2026-07-19T07:40:04.834Z] ✅ SHA256 verified: 7258ee6eae1e19f8a69be56af3a44e6f6dd5bc5f0d9ea79439a9f366e2b1ccee
[2026-07-19T07:40:04.836Z] node: [2026-07-19T07:40:04.836Z] 🎯 Target DB: postgresql://postgres:***@db.engqdeyzbvnmxbnpemau.supabase.co:5432/postgres
[2026-07-19T07:40:04.836Z] node: [2026-07-19T07:40:04.836Z] 🎯 Host: db.engqdeyzbvnmxbnpemau.supabase.co
[2026-07-19T07:40:04.836Z] node: [2026-07-19T07:40:04.837Z] 🎯 Port: 5432
[2026-07-19T07:40:04.837Z] node: [2026-07-19T07:40:04.837Z] 🎯 Database: postgres
[2026-07-19T07:40:04.837Z] node: [2026-07-19T07:40:04.838Z] 🎯 Schema: public
[2026-07-19T07:40:05.211Z] node: [2026-07-19T07:40:05.210Z] 🔌 Connected to target PostgreSQL successfully.
[2026-07-19T07:40:08.532Z] node: [2026-07-19T07:40:08.532Z] 📊 Existing tables: 70
[2026-07-19T07:40:08.533Z] node: [2026-07-19T07:40:08.533Z] 📦 Existing rows: 24951
[2026-07-19T07:40:08.533Z] node: [2026-07-19T07:40:08.534Z] 🔎 Product: 1909
[2026-07-19T07:40:08.534Z] node: [2026-07-19T07:40:08.534Z] 🔎 BranchPrice: 1907
[2026-07-19T07:40:08.534Z] node: [2026-07-19T07:40:08.534Z] 🔎 StockItem: 3100
[2026-07-19T07:40:08.534Z] node: [2026-07-19T07:40:08.534Z] 🔎 Sale: 33
[2026-07-19T07:40:08.534Z] node: [2026-07-19T07:40:08.534Z] 🔎 SaleItem: 104
[2026-07-19T07:40:08.535Z] node: [2026-07-19T07:40:08.534Z] 🔎 SaleItemSimple: 0
[2026-07-19T07:40:08.535Z] node: [2026-07-19T07:40:08.535Z] 🔎 Payment: 19
[2026-07-19T07:40:08.535Z] node: [2026-07-19T07:40:08.535Z] 🔎 PaymentItem: 19
[2026-07-19T07:40:08.775Z] node: [2026-07-19T07:40:08.775Z] 🧨 Resetting target schema "public" before restore...
[2026-07-19T07:40:08.775Z] node: [2026-07-19T07:40:08.775Z] 🛡️ This action is intended for Recovery / Standby DB only.
[2026-07-19T07:40:09.333Z] node: [2026-07-19T07:40:09.333Z] ✅ Schema "public" reset completed.
[2026-07-19T07:40:09.366Z] node: [2026-07-19T07:40:09.367Z] 🧱 Running Prisma db push against Recovery DB only...
[2026-07-19T07:40:09.367Z] node: [2026-07-19T07:40:09.367Z] 🛡️ DATABASE_URL is injected from RESTORE_DATABASE_URL/RECOVERY_DATABASE_URL for this process only.
[2026-07-19T07:40:13.734Z] node: [2026-07-19T07:40:13.734Z] npx stderr: Environment variables loaded from .env
[2026-07-19T07:40:13.735Z] node: [2026-07-19T07:40:13.736Z] npx: Prisma schema loaded from prisma\schema.prisma
[2026-07-19T07:40:13.746Z] node: [2026-07-19T07:40:13.746Z] npx: Datasource "db": PostgreSQL database "postgres", schema "public" at "db.engqdeyzbvnmxbnpemau.supabase.co:5432"
[2026-07-19T07:40:29.594Z] node: [2026-07-19T07:40:29.594Z] npx: Your database is now in sync with your Prisma schema. Done in 15.24s
[2026-07-19T07:40:29.596Z] node: [2026-07-19T07:40:29.597Z] npx: Running generate... (Use --skip-generate to skip the generators)
[2026-07-19T07:40:30.559Z] node: [2026-07-19T07:40:30.559Z] npx: [2K[1A[2K[GRunning generate... - Prisma Client
[2026-07-19T07:40:31.997Z] node: [2026-07-19T07:40:31.997Z] npx: [2K[1A[2K[G✔ Generated Prisma Client (v6.16.2) to .\node_modules\.prisma\client in 1.43s
[2026-07-19T07:40:32.055Z] node: [2026-07-19T07:40:32.055Z] ✅ Prisma db push completed for Recovery DB.
[2026-07-19T07:40:35.279Z] node: [2026-07-19T07:40:35.277Z] 📊 Existing tables: 70
[2026-07-19T07:40:35.289Z] node: [2026-07-19T07:40:35.277Z] 📦 Existing rows: 0
[2026-07-19T07:40:35.300Z] node: [2026-07-19T07:40:35.278Z] 🔎 Product: 0
[2026-07-19T07:40:35.301Z] node: [2026-07-19T07:40:35.278Z] 🔎 BranchPrice: 0
[2026-07-19T07:40:35.301Z] node: [2026-07-19T07:40:35.278Z] 🔎 StockItem: 0
[2026-07-19T07:40:35.302Z] node: [2026-07-19T07:40:35.278Z] 🔎 Sale: 0
[2026-07-19T07:40:35.303Z] node: [2026-07-19T07:40:35.278Z] 🔎 SaleItem: 0
[2026-07-19T07:40:35.304Z] node: [2026-07-19T07:40:35.278Z] 🔎 SaleItemSimple: 0
[2026-07-19T07:40:35.304Z] node: [2026-07-19T07:40:35.278Z] 🔎 Payment: 0
[2026-07-19T07:40:35.305Z] node: [2026-07-19T07:40:35.279Z] 🔎 PaymentItem: 0
[2026-07-19T07:40:35.483Z] node: [2026-07-19T07:40:35.483Z] 📖 SQL loaded into memory (8.73 MB).
[2026-07-19T07:40:35.487Z] node: [2026-07-19T07:40:35.487Z] 🚚 Starting SQL restore via Node.js pg client...
[2026-07-19T07:40:39.517Z] node: [2026-07-19T07:40:39.516Z] ✅ SQL restore completed via Node.js pg client.
[2026-07-19T07:40:42.356Z] node: [2026-07-19T07:40:42.356Z] ✅ Restore verification PASS (70 tables checked).
[2026-07-19T07:40:42.356Z] node: [2026-07-19T07:40:42.357Z] 🎉 Restore completed successfully in 37.58 seconds.
[2026-07-19T07:40:42.370Z] ▶️  Run: node recovery/verify/qbv.js
[2026-07-19T07:40:42.532Z] node: [2026-07-19T07:40:42.530Z] ============================================================
[2026-07-19T07:40:42.534Z] node: [2026-07-19T07:40:42.534Z] 🔎 AlphaTech Integrity Verification ALPHATECH-RECOVERY-VERIFY-V1
[2026-07-19T07:40:42.535Z] node: [2026-07-19T07:40:42.535Z] ============================================================
[2026-07-19T07:40:42.535Z] node: [2026-07-19T07:40:42.535Z] Collecting Production snapshot...
[2026-07-19T07:40:54.008Z] node: [2026-07-19T07:40:54.008Z] Collecting Recovery snapshot...
[2026-07-19T07:41:04.507Z] node: [2026-07-19T07:41:04.507Z] Comparing snapshots...
[2026-07-19T07:41:04.522Z] node: [2026-07-19T07:41:04.522Z] 🧾 JSON report: D:\alpha-tech\server\recovery\reports\verification-report_2026-07-19T07-41-04-511Z.json
[2026-07-19T07:41:04.522Z] node: [2026-07-19T07:41:04.522Z] 🧾 TXT report: D:\alpha-tech\server\recovery\reports\verification-report_2026-07-19T07-41-04-511Z.txt
[2026-07-19T07:41:04.522Z] node: [2026-07-19T07:41:04.522Z] ✅ Overall: PASS
[2026-07-19T07:41:04.538Z] 🧾 Job manifest: D:\alpha-tech\server\recovery\jobs\job-2026-07-19T07-39-49-750Z.json
[2026-07-19T07:41:04.539Z] ✅ Job result: PASS exitCode=0
