[2026-07-06T18:49:54.327Z] ============================================================
[2026-07-06T18:49:54.344Z] 🧭 AlphaTech Recovery Retention Workflow ALPHATECH-RECOVERY-JOB-RUNNER-V5-RETENTION
[2026-07-06T18:49:54.345Z] ============================================================
[2026-07-06T18:49:54.345Z] Mode: backup-workflow
[2026-07-06T18:49:54.346Z] ▶️  Run: node recovery/health/healthCheck.js
[2026-07-06T18:49:54.492Z] node: [2026-07-06T18:49:54.490Z] ============================================================
[2026-07-06T18:49:54.493Z] node: [2026-07-06T18:49:54.493Z] 🩺 AlphaTech Recovery Health Check ALPHATECH-RECOVERY-HEALTH-CHECK-V1
[2026-07-06T18:49:54.494Z] node: [2026-07-06T18:49:54.494Z] ============================================================
[2026-07-06T18:49:56.041Z] node: [2026-07-06T18:49:56.041Z] 🧾 JSON report: D:\alpha-tech\server\recovery\reports\health-check-2026-07-06T18-49-56-040Z.json
[2026-07-06T18:49:56.042Z] node: [2026-07-06T18:49:56.042Z] 🧾 TXT report: D:\alpha-tech\server\recovery\reports\health-check-2026-07-06T18-49-56-040Z.txt
[2026-07-06T18:49:56.042Z] node: [2026-07-06T18:49:56.042Z] ✅ Overall: PASS
[2026-07-06T18:49:56.055Z] ▶️  Run: node qb.js
[2026-07-06T18:49:56.667Z] node: 🔌 Connected to PostgreSQL successfully.
[2026-07-06T18:49:56.668Z] node: ⏳ Starting P1 Hardened Backup v6 Type-aware + generic self-reference FK safe restore...
[2026-07-06T18:50:01.033Z] node: 📦 Exporting table: Bank
[2026-07-06T18:50:01.070Z] node: 📦 Exporting table: Brand
[2026-07-06T18:50:01.112Z] node: 📦 Exporting table: Category
[2026-07-06T18:50:01.148Z] node: 📦 Exporting table: GlobalProductType
[2026-07-06T18:50:01.184Z] node: 📦 Exporting table: Position
[2026-07-06T18:50:01.220Z] node: 📦 Exporting table: Province
[2026-07-06T18:50:01.257Z] node: 📦 Exporting table: District
[2026-07-06T18:50:01.338Z] node: 📦 Exporting table: Subdistrict
[2026-07-06T18:50:01.527Z] node: 📦 Exporting table: Branch
[2026-07-06T18:50:01.566Z] node: 📦 Exporting table: BarcodeCounter
[2026-07-06T18:50:01.601Z] node: 📦 Exporting table: PaymentCodeCounter
[2026-07-06T18:50:01.637Z] node: 📦 Exporting table: ProductType
[2026-07-06T18:50:01.675Z] node: 📦 Exporting table: ProductTypeBrand
[2026-07-06T18:50:01.715Z] node: 📦 Exporting table: Supplier
[2026-07-06T18:50:01.751Z] node: 📦 Exporting table: Unit
[2026-07-06T18:50:01.786Z] node: 📦 Exporting table: Product
[2026-07-06T18:50:01.861Z] node: 📦 Exporting table: BranchPrice
[2026-07-06T18:50:01.920Z] node: 📦 Exporting table: ProductImage
[2026-07-06T18:50:01.955Z] node: 📦 Exporting table: StockBalance
[2026-07-06T18:50:01.993Z] node: 📦 Exporting table: User
[2026-07-06T18:50:02.037Z] node: 📦 Exporting table: CustomerProfile
[2026-07-06T18:50:02.080Z] node: 📦 Exporting table: Cart
[2026-07-06T18:50:02.116Z] node: 📦 Exporting table: CartItem
[2026-07-06T18:50:02.151Z] node: 📦 Exporting table: EmployeeProfile
[2026-07-06T18:50:02.187Z] node: 📦 Exporting table: CombinedBillingDocument
[2026-07-06T18:50:02.223Z] node: 📦 Exporting table: CombinedSaleDocument
[2026-07-06T18:50:02.259Z] node: 📦 Exporting table: CustomerDeposit
[2026-07-06T18:50:02.295Z] node: 📦 Exporting table: CustomerReceipts
[2026-07-06T18:50:02.331Z] node: 📦 Exporting table: InputTaxFilingBatch
[2026-07-06T18:50:02.368Z] node: 📦 Exporting table: Order
[2026-07-06T18:50:02.404Z] node: 📦 Exporting table: OrderOnline
[2026-07-06T18:50:02.441Z] node: 📦 Exporting table: OrderOnlineItem
[2026-07-06T18:50:02.476Z] node: 📦 Exporting table: PasswordResetToken
[2026-07-06T18:50:02.512Z] node: 📦 Exporting table: ProductOnOrder
[2026-07-06T18:50:02.548Z] node: 📦 Exporting table: PurchaseOrder
[2026-07-06T18:50:02.583Z] node: 📦 Exporting table: PurchaseOrderItem
[2026-07-06T18:50:02.620Z] node: 📦 Exporting table: PurchaseOrderReceipt
[2026-07-06T18:50:02.656Z] node: 📦 Exporting table: InputTaxFilingItem
[2026-07-06T18:50:02.691Z] node: 📦 Exporting table: PurchaseOrderReceiptItem
[2026-07-06T18:50:02.727Z] node: 📦 Exporting table: RefreshToken
[2026-07-06T18:50:02.915Z] node: 📦 Exporting table: Sale
[2026-07-06T18:50:02.951Z] node: 📦 Exporting table: CustomerReceiptAllocations
[2026-07-06T18:50:02.987Z] node: 📦 Exporting table: Payment
[2026-07-06T18:50:03.022Z] node: 📦 Exporting table: DepositUsage
[2026-07-06T18:50:03.058Z] node: 📦 Exporting table: PaymentItem
[2026-07-06T18:50:03.094Z] node: 📦 Exporting table: SaleReturn
[2026-07-06T18:50:03.129Z] node: 📦 Exporting table: RefundTransaction
[2026-07-06T18:50:03.165Z] node: 📦 Exporting table: SalesTaxFilingBatch
[2026-07-06T18:50:03.200Z] node: 📦 Exporting table: SalesTaxFilingItem
[2026-07-06T18:50:03.236Z] node: 📦 Exporting table: ServiceOrder
[2026-07-06T18:50:03.272Z] node: 📦 Exporting table: ServiceItem
[2026-07-06T18:50:03.307Z] node: 📦 Exporting table: SimpleLot
[2026-07-06T18:50:03.343Z] node: 📦 Exporting table: SaleItemSimple
[2026-07-06T18:50:03.378Z] node: 📦 Exporting table: SaleReturnItemSimple
[2026-07-06T18:50:03.414Z] node: 📦 Exporting table: StockAuditSession
[2026-07-06T18:50:03.450Z] node: 📦 Exporting table: StockItem
[2026-07-06T18:50:03.504Z] node: 📦 Exporting table: BarcodeReceiptItem
[2026-07-06T18:50:03.539Z] node: 📦 Exporting table: RepairJob
[2026-07-06T18:50:03.575Z] node: 📦 Exporting table: RepairPartItem
[2026-07-06T18:50:03.610Z] node: 📦 Exporting table: SaleItem
[2026-07-06T18:50:03.646Z] node: 📦 Exporting table: SaleReturnItem
[2026-07-06T18:50:03.682Z] node: 📦 Exporting table: StockAuditScanLog
[2026-07-06T18:50:03.717Z] node: 📦 Exporting table: StockAuditSnapshotItem
[2026-07-06T18:50:03.754Z] node: 📦 Exporting table: StockMovement
[2026-07-06T18:50:03.792Z] node: 📦 Exporting table: SupplierPayment
[2026-07-06T18:50:03.827Z] node: 📦 Exporting table: SupplierPaymentReceipt
[2026-07-06T18:50:03.863Z] node: 📦 Exporting table: V2CustomerDeposit
[2026-07-06T18:50:03.899Z] node: 📦 Exporting table: V2StockAudit
[2026-07-06T18:50:03.934Z] node: 📦 Exporting table: V2StockAuditItem
[2026-07-06T18:50:03.970Z] node: 📦 Exporting table: WarrantyClaim
[2026-07-06T18:50:06.495Z] node: 🎉 P1 Hardened Backup v6 Type-aware + generic self-reference FK safe restore completed successfully.
[2026-07-06T18:50:06.496Z] node: 💾 Backup file: D:\alpha-tech\server\backups\alphatech_hardened_backup_v6_2026-07-06_2026-07-06T18-50-01-009Z.sql
[2026-07-06T18:50:06.497Z] node: 🧾 Manifest file: D:\alpha-tech\server\backups\alphatech_hardened_backup_v6_2026-07-06_2026-07-06T18-50-01-009Z.manifest.json
[2026-07-06T18:50:06.504Z] node: 📊 Tables exported: 70
[2026-07-06T18:50:06.504Z] node: 📦 Rows exported: 15099
[2026-07-06T18:50:06.505Z] node: 🔢 Sequences prepared: 67
[2026-07-06T18:50:06.505Z] node: 🔐 SHA256: cad5c291deffcbdf871e928e7ee219232bdce01bbd6787bd348bab325642cf4a
[2026-07-06T18:50:06.506Z] node: 📐 File size: 4.40 MB
[2026-07-06T18:50:06.507Z] node: ⏱️ Duration: 7.84 seconds
[2026-07-06T18:50:06.510Z] node: ✅ Verification: PASS (70 tables checked)
[2026-07-06T18:50:06.555Z] ▶️  Run: node recovery/upload/uploadBackup.js --manifest D:\alpha-tech\server\backups\alphatech_hardened_backup_v6_2026-07-06_2026-07-06T18-50-01-009Z.manifest.json
[2026-07-06T18:50:06.634Z] node: [2026-07-06T18:50:06.630Z] ============================================================
[2026-07-06T18:50:06.637Z] node: [2026-07-06T18:50:06.637Z] AlphaTech Recovery Upload ALPHATECH-RECOVERY-UPLOAD-V2-S3-COMPATIBLE
[2026-07-06T18:50:06.639Z] node: [2026-07-06T18:50:06.639Z] ============================================================
[2026-07-06T18:50:06.677Z] node: [2026-07-06T18:50:06.677Z] Upload failed: Error: Missing dependency @aws-sdk/client-s3. Run: npm install @aws-sdk/client-s3
[2026-07-06T18:50:06.677Z] node:     at uploadS3Compatible (D:\alpha-tech\server\recovery\upload\uploadBackup.js:102:26)
[2026-07-06T18:50:06.679Z] node:     at main (D:\alpha-tech\server\recovery\upload\uploadBackup.js:185:99)
[2026-07-06T18:50:06.685Z] node:     at Object.<anonymous> (D:\alpha-tech\server\recovery\upload\uploadBackup.js:202:1)
[2026-07-06T18:50:06.685Z] node:     at Module._compile (node:internal/modules/cjs/loader:1529:14)
[2026-07-06T18:50:06.686Z] node:     at Module._extensions..js (node:internal/modules/cjs/loader:1613:10)
[2026-07-06T18:50:06.687Z] node:     at Module.load (node:internal/modules/cjs/loader:1275:32)
[2026-07-06T18:50:06.687Z] node:     at Module._load (node:internal/modules/cjs/loader:1096:12)
[2026-07-06T18:50:06.690Z] node:     at Function.executeUserEntryPoint [as runMain] (node:internal/modules/run_main:164:12)
[2026-07-06T18:50:06.691Z] node:     at node:internal/main/run_main_module:28:49
[2026-07-06T18:50:06.696Z] 🧾 Job manifest: D:\alpha-tech\server\recovery\jobs\job-2026-07-06T18-49-54-325Z.json
[2026-07-06T18:50:06.697Z] ❌ Job result: FAIL exitCode=60
