[2026-07-07T15:34:22.499Z] ============================================================
[2026-07-07T15:34:22.505Z] 🧭 AlphaTech Recovery Retention Workflow ALPHATECH-RECOVERY-JOB-RUNNER-V7-R2-RETENTION
[2026-07-07T15:34:22.505Z] ============================================================
[2026-07-07T15:34:22.506Z] Mode: backup-workflow
[2026-07-07T15:34:22.506Z] ▶️  Run: node recovery/health/healthCheck.js
[2026-07-07T15:34:22.672Z] node: [2026-07-07T15:34:22.669Z] ============================================================
[2026-07-07T15:34:22.673Z] node: [2026-07-07T15:34:22.672Z] 🩺 AlphaTech Recovery Health Check ALPHATECH-RECOVERY-HEALTH-CHECK-V1
[2026-07-07T15:34:22.673Z] node: [2026-07-07T15:34:22.672Z] ============================================================
[2026-07-07T15:34:23.507Z] node: [2026-07-07T15:34:23.507Z] 🧾 JSON report: D:\alpha-tech\server\recovery\reports\health-check-2026-07-07T15-34-23-505Z.json
[2026-07-07T15:34:23.508Z] node: [2026-07-07T15:34:23.507Z] 🧾 TXT report: D:\alpha-tech\server\recovery\reports\health-check-2026-07-07T15-34-23-505Z.txt
[2026-07-07T15:34:23.508Z] node: [2026-07-07T15:34:23.507Z] ✅ Overall: PASS
[2026-07-07T15:34:23.521Z] ▶️  Run: node qb.js
[2026-07-07T15:34:24.117Z] node: 🔌 Connected to PostgreSQL successfully.
[2026-07-07T15:34:24.119Z] node: ⏳ Starting P1 Hardened Backup v6 Type-aware + generic self-reference FK safe restore...
[2026-07-07T15:34:27.828Z] node: 📦 Exporting table: Bank
[2026-07-07T15:34:27.871Z] node: 📦 Exporting table: Brand
[2026-07-07T15:34:27.913Z] node: 📦 Exporting table: Category
[2026-07-07T15:34:27.949Z] node: 📦 Exporting table: GlobalProductType
[2026-07-07T15:34:27.985Z] node: 📦 Exporting table: Position
[2026-07-07T15:34:28.021Z] node: 📦 Exporting table: Province
[2026-07-07T15:34:28.058Z] node: 📦 Exporting table: District
[2026-07-07T15:34:28.114Z] node: 📦 Exporting table: Subdistrict
[2026-07-07T15:34:28.304Z] node: 📦 Exporting table: Branch
[2026-07-07T15:34:28.347Z] node: 📦 Exporting table: BarcodeCounter
[2026-07-07T15:34:28.382Z] node: 📦 Exporting table: PaymentCodeCounter
[2026-07-07T15:34:28.418Z] node: 📦 Exporting table: ProductType
[2026-07-07T15:34:28.461Z] node: 📦 Exporting table: ProductTypeBrand
[2026-07-07T15:34:28.503Z] node: 📦 Exporting table: Supplier
[2026-07-07T15:34:28.539Z] node: 📦 Exporting table: Unit
[2026-07-07T15:34:28.575Z] node: 📦 Exporting table: Product
[2026-07-07T15:34:28.668Z] node: 📦 Exporting table: BranchPrice
[2026-07-07T15:34:28.735Z] node: 📦 Exporting table: ProductImage
[2026-07-07T15:34:28.773Z] node: 📦 Exporting table: StockBalance
[2026-07-07T15:34:28.810Z] node: 📦 Exporting table: User
[2026-07-07T15:34:28.853Z] node: 📦 Exporting table: CustomerProfile
[2026-07-07T15:34:28.896Z] node: 📦 Exporting table: Cart
[2026-07-07T15:34:28.932Z] node: 📦 Exporting table: CartItem
[2026-07-07T15:34:28.967Z] node: 📦 Exporting table: EmployeeProfile
[2026-07-07T15:34:29.004Z] node: 📦 Exporting table: CombinedBillingDocument
[2026-07-07T15:34:29.041Z] node: 📦 Exporting table: CombinedSaleDocument
[2026-07-07T15:34:29.076Z] node: 📦 Exporting table: CustomerDeposit
[2026-07-07T15:34:29.111Z] node: 📦 Exporting table: CustomerReceipts
[2026-07-07T15:34:29.147Z] node: 📦 Exporting table: InputTaxFilingBatch
[2026-07-07T15:34:29.183Z] node: 📦 Exporting table: Order
[2026-07-07T15:34:29.218Z] node: 📦 Exporting table: OrderOnline
[2026-07-07T15:34:29.253Z] node: 📦 Exporting table: OrderOnlineItem
[2026-07-07T15:34:29.292Z] node: 📦 Exporting table: PasswordResetToken
[2026-07-07T15:34:29.328Z] node: 📦 Exporting table: ProductOnOrder
[2026-07-07T15:34:29.364Z] node: 📦 Exporting table: PurchaseOrder
[2026-07-07T15:34:29.399Z] node: 📦 Exporting table: PurchaseOrderItem
[2026-07-07T15:34:29.434Z] node: 📦 Exporting table: PurchaseOrderReceipt
[2026-07-07T15:34:29.470Z] node: 📦 Exporting table: InputTaxFilingItem
[2026-07-07T15:34:29.506Z] node: 📦 Exporting table: PurchaseOrderReceiptItem
[2026-07-07T15:34:29.542Z] node: 📦 Exporting table: RefreshToken
[2026-07-07T15:34:29.748Z] node: 📦 Exporting table: Sale
[2026-07-07T15:34:29.784Z] node: 📦 Exporting table: CustomerReceiptAllocations
[2026-07-07T15:34:29.820Z] node: 📦 Exporting table: Payment
[2026-07-07T15:34:29.857Z] node: 📦 Exporting table: DepositUsage
[2026-07-07T15:34:29.892Z] node: 📦 Exporting table: PaymentItem
[2026-07-07T15:34:29.929Z] node: 📦 Exporting table: SaleReturn
[2026-07-07T15:34:29.964Z] node: 📦 Exporting table: RefundTransaction
[2026-07-07T15:34:30.000Z] node: 📦 Exporting table: SalesTaxFilingBatch
[2026-07-07T15:34:30.035Z] node: 📦 Exporting table: SalesTaxFilingItem
[2026-07-07T15:34:30.071Z] node: 📦 Exporting table: ServiceOrder
[2026-07-07T15:34:30.107Z] node: 📦 Exporting table: ServiceItem
[2026-07-07T15:34:30.142Z] node: 📦 Exporting table: SimpleLot
[2026-07-07T15:34:30.178Z] node: 📦 Exporting table: SaleItemSimple
[2026-07-07T15:34:30.214Z] node: 📦 Exporting table: SaleReturnItemSimple
[2026-07-07T15:34:30.249Z] node: 📦 Exporting table: StockAuditSession
[2026-07-07T15:34:30.285Z] node: 📦 Exporting table: StockItem
[2026-07-07T15:34:30.347Z] node: 📦 Exporting table: BarcodeReceiptItem
[2026-07-07T15:34:30.384Z] node: 📦 Exporting table: RepairJob
[2026-07-07T15:34:30.420Z] node: 📦 Exporting table: RepairPartItem
[2026-07-07T15:34:30.455Z] node: 📦 Exporting table: SaleItem
[2026-07-07T15:34:30.491Z] node: 📦 Exporting table: SaleReturnItem
[2026-07-07T15:34:30.527Z] node: 📦 Exporting table: StockAuditScanLog
[2026-07-07T15:34:30.563Z] node: 📦 Exporting table: StockAuditSnapshotItem
[2026-07-07T15:34:30.598Z] node: 📦 Exporting table: StockMovement
[2026-07-07T15:34:30.636Z] node: 📦 Exporting table: SupplierPayment
[2026-07-07T15:34:30.672Z] node: 📦 Exporting table: SupplierPaymentReceipt
[2026-07-07T15:34:30.708Z] node: 📦 Exporting table: V2CustomerDeposit
[2026-07-07T15:34:30.744Z] node: 📦 Exporting table: V2StockAudit
[2026-07-07T15:34:30.779Z] node: 📦 Exporting table: V2StockAuditItem
[2026-07-07T15:34:30.814Z] node: 📦 Exporting table: WarrantyClaim
[2026-07-07T15:34:33.362Z] node: 🎉 P1 Hardened Backup v6 Type-aware + generic self-reference FK safe restore completed successfully.
[2026-07-07T15:34:33.363Z] node: 💾 Backup file: D:\alpha-tech\server\backups\alphatech_hardened_backup_v6_2026-07-07_2026-07-07T15-34-27-803Z.sql
[2026-07-07T15:34:33.364Z] node: 🧾 Manifest file: D:\alpha-tech\server\backups\alphatech_hardened_backup_v6_2026-07-07_2026-07-07T15-34-27-803Z.manifest.json
[2026-07-07T15:34:33.365Z] node: 📊 Tables exported: 70
[2026-07-07T15:34:33.365Z] node: 📦 Rows exported: 15356
[2026-07-07T15:34:33.366Z] node: 🔢 Sequences prepared: 67
[2026-07-07T15:34:33.366Z] node: 🔐 SHA256: d897878b3a283aac52340b670cf1b87798c7f5e00468c629b20a9f7926c34e08
[2026-07-07T15:34:33.367Z] node: 📐 File size: 4.52 MB
[2026-07-07T15:34:33.367Z] node: ⏱️ Duration: 7.21 seconds
[2026-07-07T15:34:33.367Z] node: ✅ Verification: PASS (70 tables checked)
[2026-07-07T15:34:33.426Z] ▶️  Run: node recovery/upload/uploadBackup.js --manifest D:\alpha-tech\server\backups\alphatech_hardened_backup_v6_2026-07-07_2026-07-07T15-34-27-803Z.manifest.json
[2026-07-07T15:34:33.511Z] node: [2026-07-07T15:34:33.506Z] ============================================================
[2026-07-07T15:34:33.513Z] node: [2026-07-07T15:34:33.513Z] AlphaTech Recovery Upload ALPHATECH-RECOVERY-UPLOAD-V2-S3-COMPATIBLE
[2026-07-07T15:34:33.517Z] node: [2026-07-07T15:34:33.513Z] ============================================================
[2026-07-07T15:34:33.693Z] node stderr: (node:15500) Warning: NodeVersionSupportWarning: The AWS SDK for JavaScript (v3)
[2026-07-07T15:34:33.693Z] node stderr: versions published after the first week of January 2027
[2026-07-07T15:34:33.694Z] node stderr: will require node >=22. You are running node v20.19.0.
[2026-07-07T15:34:33.695Z] node stderr: To continue receiving updates to AWS services, bug fixes,
[2026-07-07T15:34:33.695Z] node stderr: and security updates please upgrade to node >=22.
[2026-07-07T15:34:33.695Z] node stderr: More information can be found at: https://a.co/c895JFp
[2026-07-07T15:34:33.696Z] node stderr: (Use `node --trace-warnings ...` to show where the warning was created)
[2026-07-07T15:34:35.208Z] node: [2026-07-07T15:34:35.208Z] JSON report: D:\alpha-tech\server\recovery\reports\upload-report-2026-07-07T15-34-35-207Z.json
[2026-07-07T15:34:35.209Z] node: [2026-07-07T15:34:35.209Z] TXT report: D:\alpha-tech\server\recovery\reports\upload-report-2026-07-07T15-34-35-207Z.txt
[2026-07-07T15:34:35.210Z] node: [2026-07-07T15:34:35.209Z] Overall: PASS
[2026-07-07T15:34:35.687Z] ------------------------------------------------------------
[2026-07-07T15:34:35.687Z] Target      : cloudflare-r2
[2026-07-07T15:34:35.688Z] Bucket      : saduaksabuy-recovery
[2026-07-07T15:34:35.688Z] Prefix      : alphatech-production/
[2026-07-07T15:34:35.689Z] Retention   : 7 day(s)
[2026-07-07T15:34:35.689Z] Mode        : APPLY
[2026-07-07T15:34:35.689Z] Scanned     : 18
[2026-07-07T15:34:35.690Z] Candidates  : 0
[2026-07-07T15:34:35.690Z] Deleted     : 0
[2026-07-07T15:34:35.690Z] Remaining   : 18
[2026-07-07T15:34:35.691Z] Failed      : 0
[2026-07-07T15:34:35.691Z] ▶️  Run: node recovery/retention/retentionPolicy.js --apply
[2026-07-07T15:34:35.768Z] node: [2026-07-07T15:34:35.762Z] ============================================================
[2026-07-07T15:34:35.769Z] node: [2026-07-07T15:34:35.768Z] 🧹 AlphaTech Recovery Retention ALPHATECH-RECOVERY-RETENTION-V1
[2026-07-07T15:34:35.770Z] node: [2026-07-07T15:34:35.769Z] ============================================================
[2026-07-07T15:34:35.770Z] node: [2026-07-07T15:34:35.769Z] Mode: APPLY
[2026-07-07T15:34:35.778Z] node: [2026-07-07T15:34:35.777Z] ------------------------------------------------------------
[2026-07-07T15:34:35.778Z] node: [2026-07-07T15:34:35.777Z] Target      : local-backups
[2026-07-07T15:34:35.778Z] node: [2026-07-07T15:34:35.777Z] Directory   : D:\alpha-tech\server\backups
[2026-07-07T15:34:35.779Z] node: [2026-07-07T15:34:35.778Z] Retention   : 3 day(s)
[2026-07-07T15:34:35.779Z] node: [2026-07-07T15:34:35.779Z] Scanned     : 34
[2026-07-07T15:34:35.780Z] node: [2026-07-07T15:34:35.779Z] Candidates  : 0
[2026-07-07T15:34:35.780Z] node: [2026-07-07T15:34:35.779Z] Deleted     : 0
[2026-07-07T15:34:35.781Z] node: [2026-07-07T15:34:35.780Z] Remaining   : 34
[2026-07-07T15:34:35.781Z] node: [2026-07-07T15:34:35.780Z] Failed      : 0
[2026-07-07T15:34:35.781Z] node: [2026-07-07T15:34:35.781Z] ------------------------------------------------------------
[2026-07-07T15:34:35.782Z] node: [2026-07-07T15:34:35.781Z] Target      : offsite-local-mirror
[2026-07-07T15:34:35.783Z] node: [2026-07-07T15:34:35.782Z] Directory   : D:\alpha-tech\server\recovery\offsite
[2026-07-07T15:34:35.783Z] node: [2026-07-07T15:34:35.782Z] Retention   : 7 day(s)
[2026-07-07T15:34:35.783Z] node: [2026-07-07T15:34:35.783Z] Scanned     : 12
[2026-07-07T15:34:35.784Z] node: [2026-07-07T15:34:35.783Z] Candidates  : 0
[2026-07-07T15:34:35.784Z] node: [2026-07-07T15:34:35.783Z] Deleted     : 0
[2026-07-07T15:34:35.784Z] node: [2026-07-07T15:34:35.784Z] Remaining   : 12
[2026-07-07T15:34:35.785Z] node: [2026-07-07T15:34:35.784Z] Failed      : 0
[2026-07-07T15:34:35.787Z] node: [2026-07-07T15:34:35.786Z] 🧾 JSON report: D:\alpha-tech\server\recovery\reports\retention-report-2026-07-07T15-34-35-784Z.json
[2026-07-07T15:34:35.787Z] node: [2026-07-07T15:34:35.786Z] 🧾 TXT report: D:\alpha-tech\server\recovery\reports\retention-report-2026-07-07T15-34-35-784Z.txt
[2026-07-07T15:34:35.788Z] node: [2026-07-07T15:34:35.786Z] ✅ Overall: PASS
[2026-07-07T15:34:35.797Z] ▶️  Run: node qbrs.js --manifest D:\alpha-tech\server\backups\alphatech_hardened_backup_v6_2026-07-07_2026-07-07T15-34-27-803Z.manifest.json --init --yes --reset-schema
[2026-07-07T15:34:35.940Z] node: [2026-07-07T15:34:35.938Z] ============================================================
[2026-07-07T15:34:35.942Z] node: [2026-07-07T15:34:35.941Z] 🚑 AlphaTech Restore Tool P1-HARDENED-RESTORE-V3-NODE-PG
[2026-07-07T15:34:35.942Z] node: [2026-07-07T15:34:35.941Z] ============================================================
[2026-07-07T15:34:35.964Z] node: [2026-07-07T15:34:35.964Z] ✅ Manifest loaded.
[2026-07-07T15:34:35.965Z] node: [2026-07-07T15:34:35.964Z] ✅ SQL file: D:\alpha-tech\server\backups\alphatech_hardened_backup_v6_2026-07-07_2026-07-07T15-34-27-803Z.sql
[2026-07-07T15:34:35.965Z] node: [2026-07-07T15:34:35.965Z] ✅ SHA256 verified: d897878b3a283aac52340b670cf1b87798c7f5e00468c629b20a9f7926c34e08
[2026-07-07T15:34:35.967Z] node: [2026-07-07T15:34:35.966Z] 🎯 Target DB: postgresql://postgres:***@db.engqdeyzbvnmxbnpemau.supabase.co:5432/postgres
[2026-07-07T15:34:35.967Z] node: [2026-07-07T15:34:35.967Z] 🎯 Host: db.engqdeyzbvnmxbnpemau.supabase.co
[2026-07-07T15:34:35.968Z] node: [2026-07-07T15:34:35.967Z] 🎯 Port: 5432
[2026-07-07T15:34:35.969Z] node: [2026-07-07T15:34:35.968Z] 🎯 Database: postgres
[2026-07-07T15:34:35.969Z] node: [2026-07-07T15:34:35.968Z] 🎯 Schema: public
[2026-07-07T15:34:36.342Z] node: [2026-07-07T15:34:36.342Z] 🔌 Connected to target PostgreSQL successfully.
[2026-07-07T15:34:39.521Z] node: [2026-07-07T15:34:39.521Z] 📊 Existing tables: 70
[2026-07-07T15:34:39.522Z] node: [2026-07-07T15:34:39.521Z] 📦 Existing rows: 15333
[2026-07-07T15:34:39.523Z] node: [2026-07-07T15:34:39.521Z] 🔎 Product: 927
[2026-07-07T15:34:39.523Z] node: [2026-07-07T15:34:39.522Z] 🔎 BranchPrice: 925
[2026-07-07T15:34:39.523Z] node: [2026-07-07T15:34:39.522Z] 🔎 StockItem: 528
[2026-07-07T15:34:39.524Z] node: [2026-07-07T15:34:39.522Z] 🔎 Sale: 1
[2026-07-07T15:34:39.524Z] node: [2026-07-07T15:34:39.522Z] 🔎 SaleItem: 1
[2026-07-07T15:34:39.524Z] node: [2026-07-07T15:34:39.522Z] 🔎 SaleItemSimple: 0
[2026-07-07T15:34:39.524Z] node: [2026-07-07T15:34:39.523Z] 🔎 Payment: 1
[2026-07-07T15:34:39.525Z] node: [2026-07-07T15:34:39.523Z] 🔎 PaymentItem: 1
[2026-07-07T15:34:39.787Z] node: [2026-07-07T15:34:39.786Z] 🧨 Resetting target schema "public" before restore...
[2026-07-07T15:34:39.787Z] node: [2026-07-07T15:34:39.787Z] 🛡️ This action is intended for Recovery / Standby DB only.
[2026-07-07T15:34:40.317Z] node: [2026-07-07T15:34:40.317Z] ✅ Schema "public" reset completed.
[2026-07-07T15:34:40.354Z] node: [2026-07-07T15:34:40.353Z] 🧱 Running Prisma db push against Recovery DB only...
[2026-07-07T15:34:40.354Z] node: [2026-07-07T15:34:40.354Z] 🛡️ DATABASE_URL is injected from RESTORE_DATABASE_URL/RECOVERY_DATABASE_URL for this process only.
[2026-07-07T15:34:43.548Z] node: [2026-07-07T15:34:43.548Z] npx stderr: Environment variables loaded from .env
[2026-07-07T15:34:43.551Z] node: [2026-07-07T15:34:43.550Z] npx: Prisma schema loaded from prisma\schema.prisma
[2026-07-07T15:34:43.562Z] node: [2026-07-07T15:34:43.562Z] npx: Datasource "db": PostgreSQL database "postgres", schema "public" at "db.engqdeyzbvnmxbnpemau.supabase.co:5432"
[2026-07-07T15:34:59.365Z] node: [2026-07-07T15:34:59.364Z] npx: Your database is now in sync with your Prisma schema. Done in 15.22s
[2026-07-07T15:34:59.371Z] node: [2026-07-07T15:34:59.367Z] npx: Running generate... (Use --skip-generate to skip the generators)
[2026-07-07T15:35:00.357Z] node: [2026-07-07T15:35:00.357Z] npx: [2K[1A[2K[GRunning generate... - Prisma Client
[2026-07-07T15:35:01.543Z] node: [2026-07-07T15:35:01.543Z] npx: [2K[1A[2K[G✔ Generated Prisma Client (v6.16.2) to .\node_modules\.prisma\client in 1.18s
[2026-07-07T15:35:01.600Z] node: [2026-07-07T15:35:01.599Z] ✅ Prisma db push completed for Recovery DB.
[2026-07-07T15:35:04.699Z] node: [2026-07-07T15:35:04.698Z] 📊 Existing tables: 70
[2026-07-07T15:35:04.699Z] node: [2026-07-07T15:35:04.699Z] 📦 Existing rows: 0
[2026-07-07T15:35:04.700Z] node: [2026-07-07T15:35:04.699Z] 🔎 Product: 0
[2026-07-07T15:35:04.701Z] node: [2026-07-07T15:35:04.699Z] 🔎 BranchPrice: 0
[2026-07-07T15:35:04.701Z] node: [2026-07-07T15:35:04.699Z] 🔎 StockItem: 0
[2026-07-07T15:35:04.701Z] node: [2026-07-07T15:35:04.699Z] 🔎 Sale: 0
[2026-07-07T15:35:04.702Z] node: [2026-07-07T15:35:04.699Z] 🔎 SaleItem: 0
[2026-07-07T15:35:04.702Z] node: [2026-07-07T15:35:04.700Z] 🔎 SaleItemSimple: 0
[2026-07-07T15:35:04.703Z] node: [2026-07-07T15:35:04.700Z] 🔎 Payment: 0
[2026-07-07T15:35:04.703Z] node: [2026-07-07T15:35:04.700Z] 🔎 PaymentItem: 0
[2026-07-07T15:35:04.747Z] node: [2026-07-07T15:35:04.747Z] 📖 SQL loaded into memory (4.52 MB).
[2026-07-07T15:35:04.748Z] node: [2026-07-07T15:35:04.747Z] 🚚 Starting SQL restore via Node.js pg client...
[2026-07-07T15:35:07.287Z] node: [2026-07-07T15:35:07.286Z] ✅ SQL restore completed via Node.js pg client.
[2026-07-07T15:35:10.132Z] node: [2026-07-07T15:35:10.132Z] ✅ Restore verification PASS (70 tables checked).
[2026-07-07T15:35:10.133Z] node: [2026-07-07T15:35:10.132Z] 🎉 Restore completed successfully in 34.19 seconds.
[2026-07-07T15:35:10.146Z] ▶️  Run: node recovery/verify/qbv.js
[2026-07-07T15:35:10.289Z] node: [2026-07-07T15:35:10.287Z] ============================================================
[2026-07-07T15:35:10.290Z] node: [2026-07-07T15:35:10.290Z] 🔎 AlphaTech Integrity Verification ALPHATECH-RECOVERY-VERIFY-V1
[2026-07-07T15:35:10.290Z] node: [2026-07-07T15:35:10.290Z] ============================================================
[2026-07-07T15:35:10.291Z] node: [2026-07-07T15:35:10.291Z] Collecting Production snapshot...
[2026-07-07T15:35:22.231Z] node: [2026-07-07T15:35:22.230Z] Collecting Recovery snapshot...
[2026-07-07T15:35:32.836Z] node: [2026-07-07T15:35:32.836Z] Comparing snapshots...
[2026-07-07T15:35:32.843Z] node: [2026-07-07T15:35:32.842Z] 🧾 JSON report: D:\alpha-tech\server\recovery\reports\verification-report_2026-07-07T15-35-32-839Z.json
[2026-07-07T15:35:32.843Z] node: [2026-07-07T15:35:32.843Z] 🧾 TXT report: D:\alpha-tech\server\recovery\reports\verification-report_2026-07-07T15-35-32-839Z.txt
[2026-07-07T15:35:32.844Z] node: [2026-07-07T15:35:32.843Z] ✅ Overall: PASS
[2026-07-07T15:35:32.857Z] 🧾 Job manifest: D:\alpha-tech\server\recovery\jobs\job-2026-07-07T15-34-22-497Z.json
[2026-07-07T15:35:32.857Z] ✅ Job result: PASS exitCode=0
