[2026-07-16T21:34:22.785Z] ============================================================
[2026-07-16T21:34:22.791Z] 🧭 AlphaTech Recovery Retention Workflow ALPHATECH-RECOVERY-JOB-RUNNER-V7-R2-RETENTION
[2026-07-16T21:34:22.792Z] ============================================================
[2026-07-16T21:34:22.792Z] Mode: backup-workflow
[2026-07-16T21:34:22.793Z] ▶️  Run: node recovery/health/healthCheck.js
[2026-07-16T21:34:22.948Z] node: [2026-07-16T21:34:22.944Z] ============================================================
[2026-07-16T21:34:22.948Z] node: [2026-07-16T21:34:22.948Z] 🩺 AlphaTech Recovery Health Check ALPHATECH-RECOVERY-HEALTH-CHECK-V1
[2026-07-16T21:34:22.949Z] node: [2026-07-16T21:34:22.948Z] ============================================================
[2026-07-16T21:34:23.902Z] node: [2026-07-16T21:34:23.901Z] 🧾 JSON report: D:\alpha-tech\server\recovery\reports\health-check-2026-07-16T21-34-23-892Z.json
[2026-07-16T21:34:23.903Z] node: [2026-07-16T21:34:23.902Z] 🧾 TXT report: D:\alpha-tech\server\recovery\reports\health-check-2026-07-16T21-34-23-892Z.txt
[2026-07-16T21:34:23.904Z] node: [2026-07-16T21:34:23.902Z] ✅ Overall: PASS
[2026-07-16T21:34:23.916Z] ▶️  Run: node qb.js
[2026-07-16T21:34:24.347Z] node: 🔌 Connected to PostgreSQL successfully.
[2026-07-16T21:34:24.349Z] node: ⏳ Starting P1 Hardened Backup v6 Type-aware + generic self-reference FK safe restore...
[2026-07-16T21:34:27.880Z] node: 📦 Exporting table: Bank
[2026-07-16T21:34:27.919Z] node: 📦 Exporting table: Brand
[2026-07-16T21:34:27.963Z] node: 📦 Exporting table: Category
[2026-07-16T21:34:28.000Z] node: 📦 Exporting table: GlobalProductType
[2026-07-16T21:34:28.038Z] node: 📦 Exporting table: Position
[2026-07-16T21:34:28.075Z] node: 📦 Exporting table: Province
[2026-07-16T21:34:28.113Z] node: 📦 Exporting table: District
[2026-07-16T21:34:28.166Z] node: 📦 Exporting table: Subdistrict
[2026-07-16T21:34:28.357Z] node: 📦 Exporting table: Branch
[2026-07-16T21:34:28.395Z] node: 📦 Exporting table: BarcodeCounter
[2026-07-16T21:34:28.432Z] node: 📦 Exporting table: PaymentCodeCounter
[2026-07-16T21:34:28.468Z] node: 📦 Exporting table: ProductType
[2026-07-16T21:34:28.508Z] node: 📦 Exporting table: ProductTypeBrand
[2026-07-16T21:34:28.551Z] node: 📦 Exporting table: Supplier
[2026-07-16T21:34:28.588Z] node: 📦 Exporting table: Unit
[2026-07-16T21:34:28.625Z] node: 📦 Exporting table: Product
[2026-07-16T21:34:28.736Z] node: 📦 Exporting table: BranchPrice
[2026-07-16T21:34:28.824Z] node: 📦 Exporting table: ProductImage
[2026-07-16T21:34:28.861Z] node: 📦 Exporting table: StockBalance
[2026-07-16T21:34:28.922Z] node: 📦 Exporting table: User
[2026-07-16T21:34:28.964Z] node: 📦 Exporting table: CustomerProfile
[2026-07-16T21:34:29.006Z] node: 📦 Exporting table: Cart
[2026-07-16T21:34:29.043Z] node: 📦 Exporting table: CartItem
[2026-07-16T21:34:29.079Z] node: 📦 Exporting table: EmployeeProfile
[2026-07-16T21:34:29.117Z] node: 📦 Exporting table: CombinedBillingDocument
[2026-07-16T21:34:29.153Z] node: 📦 Exporting table: CombinedSaleDocument
[2026-07-16T21:34:29.189Z] node: 📦 Exporting table: CustomerDeposit
[2026-07-16T21:34:29.226Z] node: 📦 Exporting table: CustomerReceipts
[2026-07-16T21:34:29.263Z] node: 📦 Exporting table: InputTaxFilingBatch
[2026-07-16T21:34:29.299Z] node: 📦 Exporting table: Order
[2026-07-16T21:34:29.336Z] node: 📦 Exporting table: OrderOnline
[2026-07-16T21:34:29.372Z] node: 📦 Exporting table: OrderOnlineItem
[2026-07-16T21:34:29.408Z] node: 📦 Exporting table: PasswordResetToken
[2026-07-16T21:34:29.445Z] node: 📦 Exporting table: ProductOnOrder
[2026-07-16T21:34:29.481Z] node: 📦 Exporting table: PurchaseOrder
[2026-07-16T21:34:29.519Z] node: 📦 Exporting table: PurchaseOrderItem
[2026-07-16T21:34:29.559Z] node: 📦 Exporting table: PurchaseOrderReceipt
[2026-07-16T21:34:29.597Z] node: 📦 Exporting table: InputTaxFilingItem
[2026-07-16T21:34:29.634Z] node: 📦 Exporting table: PurchaseOrderReceiptItem
[2026-07-16T21:34:29.673Z] node: 📦 Exporting table: RefreshToken
[2026-07-16T21:34:29.883Z] node: 📦 Exporting table: Sale
[2026-07-16T21:34:29.921Z] node: 📦 Exporting table: CustomerReceiptAllocations
[2026-07-16T21:34:29.958Z] node: 📦 Exporting table: Payment
[2026-07-16T21:34:29.996Z] node: 📦 Exporting table: DepositUsage
[2026-07-16T21:34:30.033Z] node: 📦 Exporting table: PaymentItem
[2026-07-16T21:34:30.070Z] node: 📦 Exporting table: SaleReturn
[2026-07-16T21:34:30.106Z] node: 📦 Exporting table: RefundTransaction
[2026-07-16T21:34:30.143Z] node: 📦 Exporting table: SalesTaxFilingBatch
[2026-07-16T21:34:30.179Z] node: 📦 Exporting table: SalesTaxFilingItem
[2026-07-16T21:34:30.216Z] node: 📦 Exporting table: ServiceOrder
[2026-07-16T21:34:30.252Z] node: 📦 Exporting table: ServiceItem
[2026-07-16T21:34:30.289Z] node: 📦 Exporting table: SimpleLot
[2026-07-16T21:34:30.325Z] node: 📦 Exporting table: SaleItemSimple
[2026-07-16T21:34:30.361Z] node: 📦 Exporting table: SaleReturnItemSimple
[2026-07-16T21:34:30.398Z] node: 📦 Exporting table: StockAuditSession
[2026-07-16T21:34:30.434Z] node: 📦 Exporting table: StockItem
[2026-07-16T21:34:30.591Z] node: 📦 Exporting table: BarcodeReceiptItem
[2026-07-16T21:34:30.642Z] node: 📦 Exporting table: RepairJob
[2026-07-16T21:34:30.678Z] node: 📦 Exporting table: RepairPartItem
[2026-07-16T21:34:30.714Z] node: 📦 Exporting table: SaleItem
[2026-07-16T21:34:31.084Z] node: 📦 Exporting table: SaleReturnItem
[2026-07-16T21:34:31.086Z] node: 📦 Exporting table: StockAuditScanLog
[2026-07-16T21:34:31.086Z] node: 📦 Exporting table: StockAuditSnapshotItem
[2026-07-16T21:34:31.087Z] node: 📦 Exporting table: StockMovement
[2026-07-16T21:34:31.087Z] node: 📦 Exporting table: SupplierPayment
[2026-07-16T21:34:31.087Z] node: 📦 Exporting table: SupplierPaymentReceipt
[2026-07-16T21:34:31.088Z] node: 📦 Exporting table: V2CustomerDeposit
[2026-07-16T21:34:31.088Z] node: 📦 Exporting table: V2StockAudit
[2026-07-16T21:34:31.088Z] node: 📦 Exporting table: V2StockAuditItem
[2026-07-16T21:34:31.118Z] node: 📦 Exporting table: WarrantyClaim
[2026-07-16T21:34:33.779Z] node: 🎉 P1 Hardened Backup v6 Type-aware + generic self-reference FK safe restore completed successfully.
[2026-07-16T21:34:33.779Z] node: 💾 Backup file: D:\alpha-tech\server\backups\alphatech_hardened_backup_v6_2026-07-16_2026-07-16T21-34-27-857Z.sql
[2026-07-16T21:34:33.780Z] node: 🧾 Manifest file: D:\alpha-tech\server\backups\alphatech_hardened_backup_v6_2026-07-16_2026-07-16T21-34-27-857Z.manifest.json
[2026-07-16T21:34:33.780Z] node: 📊 Tables exported: 70
[2026-07-16T21:34:33.781Z] node: 📦 Rows exported: 24207
[2026-07-16T21:34:33.781Z] node: 🔢 Sequences prepared: 67
[2026-07-16T21:34:33.781Z] node: 🔐 SHA256: 5a026cc65fe710735e424d6453906f55b46c386ce46fb6bf3947048e389ac086
[2026-07-16T21:34:33.782Z] node: 📐 File size: 8.39 MB
[2026-07-16T21:34:33.782Z] node: ⏱️ Duration: 7.16 seconds
[2026-07-16T21:34:33.783Z] node: ✅ Verification: PASS (70 tables checked)
[2026-07-16T21:34:33.838Z] ▶️  Run: node recovery/upload/uploadBackup.js --manifest D:\alpha-tech\server\backups\alphatech_hardened_backup_v6_2026-07-16_2026-07-16T21-34-27-857Z.manifest.json
[2026-07-16T21:34:34.240Z] node: [2026-07-16T21:34:34.235Z] ============================================================
[2026-07-16T21:34:34.241Z] node: [2026-07-16T21:34:34.241Z] AlphaTech Recovery Upload ALPHATECH-RECOVERY-UPLOAD-V2-S3-COMPATIBLE
[2026-07-16T21:34:34.241Z] node: [2026-07-16T21:34:34.241Z] ============================================================
[2026-07-16T21:34:34.434Z] node stderr: (node:12552) Warning: NodeVersionSupportWarning: The AWS SDK for JavaScript (v3)
[2026-07-16T21:34:34.435Z] node stderr: versions published after the first week of January 2027
[2026-07-16T21:34:34.436Z] node stderr: will require node >=22. You are running node v20.19.0.
[2026-07-16T21:34:34.436Z] node stderr: To continue receiving updates to AWS services, bug fixes,
[2026-07-16T21:34:34.437Z] node stderr: and security updates please upgrade to node >=22.
[2026-07-16T21:34:34.437Z] node stderr: More information can be found at: https://a.co/c895JFp
[2026-07-16T21:34:34.437Z] node stderr: (Use `node --trace-warnings ...` to show where the warning was created)
[2026-07-16T21:34:36.182Z] node: [2026-07-16T21:34:36.182Z] JSON report: D:\alpha-tech\server\recovery\reports\upload-report-2026-07-16T21-34-36-180Z.json
[2026-07-16T21:34:36.182Z] node: [2026-07-16T21:34:36.182Z] TXT report: D:\alpha-tech\server\recovery\reports\upload-report-2026-07-16T21-34-36-180Z.txt
[2026-07-16T21:34:36.184Z] node: [2026-07-16T21:34:36.182Z] Overall: PASS
[2026-07-16T21:34:36.611Z] ------------------------------------------------------------
[2026-07-16T21:34:36.612Z] Target      : cloudflare-r2
[2026-07-16T21:34:36.624Z] Bucket      : saduaksabuy-recovery
[2026-07-16T21:34:36.624Z] Prefix      : alphatech-production/
[2026-07-16T21:34:36.625Z] Retention   : 7 day(s)
[2026-07-16T21:34:36.625Z] Mode        : APPLY
[2026-07-16T21:34:36.625Z] Scanned     : 92
[2026-07-16T21:34:36.626Z] Candidates  : 0
[2026-07-16T21:34:36.626Z] Deleted     : 0
[2026-07-16T21:34:36.626Z] Remaining   : 92
[2026-07-16T21:34:36.626Z] Failed      : 0
[2026-07-16T21:34:36.627Z] ▶️  Run: node recovery/retention/retentionPolicy.js --apply
[2026-07-16T21:34:36.707Z] node: [2026-07-16T21:34:36.701Z] ============================================================
[2026-07-16T21:34:36.708Z] node: [2026-07-16T21:34:36.708Z] 🧹 AlphaTech Recovery Retention ALPHATECH-RECOVERY-RETENTION-V1
[2026-07-16T21:34:36.709Z] node: [2026-07-16T21:34:36.708Z] ============================================================
[2026-07-16T21:34:37.001Z] node: [2026-07-16T21:34:36.709Z] Mode: APPLY
[2026-07-16T21:34:37.001Z] node: [2026-07-16T21:34:36.722Z] ------------------------------------------------------------
[2026-07-16T21:34:37.001Z] node: [2026-07-16T21:34:36.722Z] Target      : local-backups
[2026-07-16T21:34:37.002Z] node: [2026-07-16T21:34:36.723Z] Directory   : D:\alpha-tech\server\backups
[2026-07-16T21:34:37.002Z] node: [2026-07-16T21:34:36.723Z] Retention   : 3 day(s)
[2026-07-16T21:34:37.002Z] node: [2026-07-16T21:34:36.724Z] Scanned     : 42
[2026-07-16T21:34:37.003Z] node: [2026-07-16T21:34:36.724Z] Candidates  : 2
[2026-07-16T21:34:37.003Z] node: [2026-07-16T21:34:36.725Z] Deleted     : 2
[2026-07-16T21:34:37.003Z] node: [2026-07-16T21:34:36.725Z] Remaining   : 40
[2026-07-16T21:34:37.004Z] node: [2026-07-16T21:34:36.726Z] Failed      : 0
[2026-07-16T21:34:37.004Z] node: [2026-07-16T21:34:36.726Z] ------------------------------------------------------------
[2026-07-16T21:34:37.004Z] node: [2026-07-16T21:34:36.726Z] Target      : offsite-local-mirror
[2026-07-16T21:34:37.005Z] node: [2026-07-16T21:34:36.726Z] Directory   : D:\alpha-tech\server\recovery\offsite
[2026-07-16T21:34:37.005Z] node: [2026-07-16T21:34:36.727Z] Retention   : 7 day(s)
[2026-07-16T21:34:37.005Z] node: [2026-07-16T21:34:36.727Z] Scanned     : 0
[2026-07-16T21:34:37.005Z] node: [2026-07-16T21:34:36.727Z] Candidates  : 0
[2026-07-16T21:34:37.006Z] node: [2026-07-16T21:34:36.727Z] Deleted     : 0
[2026-07-16T21:34:37.006Z] node: [2026-07-16T21:34:36.727Z] Remaining   : 0
[2026-07-16T21:34:37.006Z] node: [2026-07-16T21:34:36.728Z] Failed      : 0
[2026-07-16T21:34:37.007Z] node: [2026-07-16T21:34:36.729Z] 🧾 JSON report: D:\alpha-tech\server\recovery\reports\retention-report-2026-07-16T21-34-36-728Z.json
[2026-07-16T21:34:37.007Z] node: [2026-07-16T21:34:36.729Z] 🧾 TXT report: D:\alpha-tech\server\recovery\reports\retention-report-2026-07-16T21-34-36-728Z.txt
[2026-07-16T21:34:37.007Z] node: [2026-07-16T21:34:36.729Z] ✅ Overall: PASS
[2026-07-16T21:34:37.008Z] ▶️  Run: node qbrs.js --manifest D:\alpha-tech\server\backups\alphatech_hardened_backup_v6_2026-07-16_2026-07-16T21-34-27-857Z.manifest.json --init --yes --reset-schema
[2026-07-16T21:34:37.157Z] node: [2026-07-16T21:34:37.154Z] ============================================================
[2026-07-16T21:34:37.158Z] node: [2026-07-16T21:34:37.157Z] 🚑 AlphaTech Restore Tool P1-HARDENED-RESTORE-V3-NODE-PG
[2026-07-16T21:34:37.158Z] node: [2026-07-16T21:34:37.158Z] ============================================================
[2026-07-16T21:34:37.194Z] node: [2026-07-16T21:34:37.194Z] ✅ Manifest loaded.
[2026-07-16T21:34:37.195Z] node: [2026-07-16T21:34:37.194Z] ✅ SQL file: D:\alpha-tech\server\backups\alphatech_hardened_backup_v6_2026-07-16_2026-07-16T21-34-27-857Z.sql
[2026-07-16T21:34:37.196Z] node: [2026-07-16T21:34:37.194Z] ✅ SHA256 verified: 5a026cc65fe710735e424d6453906f55b46c386ce46fb6bf3947048e389ac086
[2026-07-16T21:34:37.196Z] node: [2026-07-16T21:34:37.195Z] 🎯 Target DB: postgresql://postgres:***@db.engqdeyzbvnmxbnpemau.supabase.co:5432/postgres
[2026-07-16T21:34:37.197Z] node: [2026-07-16T21:34:37.196Z] 🎯 Host: db.engqdeyzbvnmxbnpemau.supabase.co
[2026-07-16T21:34:37.197Z] node: [2026-07-16T21:34:37.196Z] 🎯 Port: 5432
[2026-07-16T21:34:37.197Z] node: [2026-07-16T21:34:37.196Z] 🎯 Database: postgres
[2026-07-16T21:34:37.198Z] node: [2026-07-16T21:34:37.197Z] 🎯 Schema: public
[2026-07-16T21:34:37.541Z] node: [2026-07-16T21:34:37.540Z] 🔌 Connected to target PostgreSQL successfully.
[2026-07-16T21:34:40.645Z] node: [2026-07-16T21:34:40.644Z] 📊 Existing tables: 70
[2026-07-16T21:34:40.646Z] node: [2026-07-16T21:34:40.645Z] 📦 Existing rows: 24207
[2026-07-16T21:34:40.663Z] node: [2026-07-16T21:34:40.645Z] 🔎 Product: 1855
[2026-07-16T21:34:40.663Z] node: [2026-07-16T21:34:40.646Z] 🔎 BranchPrice: 1853
[2026-07-16T21:34:40.663Z] node: [2026-07-16T21:34:40.646Z] 🔎 StockItem: 2933
[2026-07-16T21:34:40.664Z] node: [2026-07-16T21:34:40.646Z] 🔎 Sale: 25
[2026-07-16T21:34:40.664Z] node: [2026-07-16T21:34:40.646Z] 🔎 SaleItem: 86
[2026-07-16T21:34:40.665Z] node: [2026-07-16T21:34:40.646Z] 🔎 SaleItemSimple: 0
[2026-07-16T21:34:40.666Z] node: [2026-07-16T21:34:40.647Z] 🔎 Payment: 12
[2026-07-16T21:34:40.667Z] node: [2026-07-16T21:34:40.647Z] 🔎 PaymentItem: 12
[2026-07-16T21:34:40.913Z] node: [2026-07-16T21:34:40.912Z] 🧨 Resetting target schema "public" before restore...
[2026-07-16T21:34:40.914Z] node: [2026-07-16T21:34:40.913Z] 🛡️ This action is intended for Recovery / Standby DB only.
[2026-07-16T21:34:41.447Z] node: [2026-07-16T21:34:41.447Z] ✅ Schema "public" reset completed.
[2026-07-16T21:34:41.484Z] node: [2026-07-16T21:34:41.483Z] 🧱 Running Prisma db push against Recovery DB only...
[2026-07-16T21:34:41.484Z] node: [2026-07-16T21:34:41.484Z] 🛡️ DATABASE_URL is injected from RESTORE_DATABASE_URL/RECOVERY_DATABASE_URL for this process only.
[2026-07-16T21:34:44.345Z] node: [2026-07-16T21:34:44.344Z] npx stderr: Environment variables loaded from .env
[2026-07-16T21:34:44.347Z] node: [2026-07-16T21:34:44.347Z] npx: Prisma schema loaded from prisma\schema.prisma
[2026-07-16T21:34:44.358Z] node: [2026-07-16T21:34:44.357Z] npx: Datasource "db": PostgreSQL database "postgres", schema "public" at "db.engqdeyzbvnmxbnpemau.supabase.co:5432"
[2026-07-16T21:35:00.255Z] node: [2026-07-16T21:35:00.255Z] npx: Your database is now in sync with your Prisma schema. Done in 15.37s
[2026-07-16T21:35:00.257Z] node: [2026-07-16T21:35:00.257Z] npx: Running generate... (Use --skip-generate to skip the generators)
[2026-07-16T21:35:01.136Z] node: [2026-07-16T21:35:01.136Z] npx: [2K[1A[2K[GRunning generate... - Prisma Client
[2026-07-16T21:35:02.279Z] node: [2026-07-16T21:35:02.278Z] npx: [2K[1A[2K[G✔ Generated Prisma Client (v6.16.2) to .\node_modules\.prisma\client in 1.14s
[2026-07-16T21:35:02.281Z] node: [2026-07-16T21:35:02.281Z] npx stderr: ┌─────────────────────────────────────────────────────────┐
[2026-07-16T21:35:02.282Z] node: [2026-07-16T21:35:02.281Z] npx stderr: │  Update available 6.16.2 -> 7.8.0                       │
[2026-07-16T21:35:02.282Z] node: [2026-07-16T21:35:02.281Z] npx stderr: │                                                         │
[2026-07-16T21:35:02.283Z] node: [2026-07-16T21:35:02.281Z] npx stderr: │  This is a major update - please follow the guide at    │
[2026-07-16T21:35:02.283Z] node: [2026-07-16T21:35:02.281Z] npx stderr: │  https://pris.ly/d/major-version-upgrade                │
[2026-07-16T21:35:02.283Z] node: [2026-07-16T21:35:02.282Z] npx stderr: │                                                         │
[2026-07-16T21:35:02.284Z] node: [2026-07-16T21:35:02.282Z] npx stderr: │  Run the following to update                            │
[2026-07-16T21:35:02.284Z] node: [2026-07-16T21:35:02.282Z] npx stderr: │    npm i --save-dev prisma@latest                       │
[2026-07-16T21:35:02.285Z] node: [2026-07-16T21:35:02.282Z] npx stderr: │    npm i @prisma/client@latest                          │
[2026-07-16T21:35:02.285Z] node: [2026-07-16T21:35:02.282Z] npx stderr: └─────────────────────────────────────────────────────────┘
[2026-07-16T21:35:02.338Z] node: [2026-07-16T21:35:02.338Z] ✅ Prisma db push completed for Recovery DB.
[2026-07-16T21:35:05.409Z] node: [2026-07-16T21:35:05.408Z] 📊 Existing tables: 70
[2026-07-16T21:35:05.410Z] node: [2026-07-16T21:35:05.409Z] 📦 Existing rows: 0
[2026-07-16T21:35:05.411Z] node: [2026-07-16T21:35:05.409Z] 🔎 Product: 0
[2026-07-16T21:35:05.412Z] node: [2026-07-16T21:35:05.409Z] 🔎 BranchPrice: 0
[2026-07-16T21:35:05.412Z] node: [2026-07-16T21:35:05.409Z] 🔎 StockItem: 0
[2026-07-16T21:35:05.412Z] node: [2026-07-16T21:35:05.410Z] 🔎 Sale: 0
[2026-07-16T21:35:05.413Z] node: [2026-07-16T21:35:05.410Z] 🔎 SaleItem: 0
[2026-07-16T21:35:05.413Z] node: [2026-07-16T21:35:05.410Z] 🔎 SaleItemSimple: 0
[2026-07-16T21:35:05.413Z] node: [2026-07-16T21:35:05.410Z] 🔎 Payment: 0
[2026-07-16T21:35:05.413Z] node: [2026-07-16T21:35:05.410Z] 🔎 PaymentItem: 0
[2026-07-16T21:35:05.497Z] node: [2026-07-16T21:35:05.496Z] 📖 SQL loaded into memory (8.39 MB).
[2026-07-16T21:35:05.497Z] node: [2026-07-16T21:35:05.496Z] 🚚 Starting SQL restore via Node.js pg client...
[2026-07-16T21:35:09.278Z] node: [2026-07-16T21:35:09.277Z] ✅ SQL restore completed via Node.js pg client.
[2026-07-16T21:35:12.145Z] node: [2026-07-16T21:35:12.145Z] ✅ Restore verification PASS (70 tables checked).
[2026-07-16T21:35:12.146Z] node: [2026-07-16T21:35:12.145Z] 🎉 Restore completed successfully in 34.99 seconds.
[2026-07-16T21:35:12.485Z] ▶️  Run: node recovery/verify/qbv.js
[2026-07-16T21:35:12.631Z] node: [2026-07-16T21:35:12.629Z] ============================================================
[2026-07-16T21:35:12.633Z] node: [2026-07-16T21:35:12.632Z] 🔎 AlphaTech Integrity Verification ALPHATECH-RECOVERY-VERIFY-V1
[2026-07-16T21:35:12.633Z] node: [2026-07-16T21:35:12.633Z] ============================================================
[2026-07-16T21:35:12.633Z] node: [2026-07-16T21:35:12.633Z] Collecting Production snapshot...
[2026-07-16T21:35:23.886Z] node: [2026-07-16T21:35:23.886Z] Collecting Recovery snapshot...
[2026-07-16T21:35:34.453Z] node: [2026-07-16T21:35:34.453Z] Comparing snapshots...
[2026-07-16T21:35:34.459Z] node: [2026-07-16T21:35:34.459Z] 🧾 JSON report: D:\alpha-tech\server\recovery\reports\verification-report_2026-07-16T21-35-34-457Z.json
[2026-07-16T21:35:34.460Z] node: [2026-07-16T21:35:34.460Z] 🧾 TXT report: D:\alpha-tech\server\recovery\reports\verification-report_2026-07-16T21-35-34-457Z.txt
[2026-07-16T21:35:34.460Z] node: [2026-07-16T21:35:34.460Z] ✅ Overall: PASS
[2026-07-16T21:35:34.482Z] 🧾 Job manifest: D:\alpha-tech\server\recovery\jobs\job-2026-07-16T21-34-22-783Z.json
[2026-07-16T21:35:34.482Z] ✅ Job result: PASS exitCode=0
