[2026-07-18T07:39:48.820Z] ============================================================
[2026-07-18T07:39:48.830Z] 🧭 AlphaTech Recovery Retention Workflow ALPHATECH-RECOVERY-JOB-RUNNER-V7-R2-RETENTION
[2026-07-18T07:39:48.831Z] ============================================================
[2026-07-18T07:39:48.831Z] Mode: backup-workflow
[2026-07-18T07:39:48.832Z] ▶️  Run: node recovery/health/healthCheck.js
[2026-07-18T07:39:49.154Z] node: [2026-07-18T07:39:49.152Z] ============================================================
[2026-07-18T07:39:49.206Z] node: [2026-07-18T07:39:49.206Z] 🩺 AlphaTech Recovery Health Check ALPHATECH-RECOVERY-HEALTH-CHECK-V1
[2026-07-18T07:39:49.206Z] node: [2026-07-18T07:39:49.206Z] ============================================================
[2026-07-18T07:39:50.932Z] node: [2026-07-18T07:39:50.932Z] 🧾 JSON report: D:\alpha-tech\server\recovery\reports\health-check-2026-07-18T07-39-50-930Z.json
[2026-07-18T07:39:50.933Z] node: [2026-07-18T07:39:50.933Z] 🧾 TXT report: D:\alpha-tech\server\recovery\reports\health-check-2026-07-18T07-39-50-930Z.txt
[2026-07-18T07:39:50.934Z] node: [2026-07-18T07:39:50.933Z] ✅ Overall: PASS
[2026-07-18T07:39:50.949Z] ▶️  Run: node qb.js
[2026-07-18T07:39:51.942Z] node: 🔌 Connected to PostgreSQL successfully.
[2026-07-18T07:39:51.985Z] node: ⏳ Starting P1 Hardened Backup v6 Type-aware + generic self-reference FK safe restore...
[2026-07-18T07:39:56.192Z] node: 📦 Exporting table: Bank
[2026-07-18T07:39:56.232Z] node: 📦 Exporting table: Brand
[2026-07-18T07:39:56.279Z] node: 📦 Exporting table: Category
[2026-07-18T07:39:56.316Z] node: 📦 Exporting table: GlobalProductType
[2026-07-18T07:39:56.354Z] node: 📦 Exporting table: Position
[2026-07-18T07:39:56.391Z] node: 📦 Exporting table: Province
[2026-07-18T07:39:56.428Z] node: 📦 Exporting table: District
[2026-07-18T07:39:56.532Z] node: 📦 Exporting table: Subdistrict
[2026-07-18T07:39:56.732Z] node: 📦 Exporting table: Branch
[2026-07-18T07:39:56.773Z] node: 📦 Exporting table: BarcodeCounter
[2026-07-18T07:39:56.811Z] node: 📦 Exporting table: PaymentCodeCounter
[2026-07-18T07:39:56.847Z] node: 📦 Exporting table: ProductType
[2026-07-18T07:39:56.890Z] node: 📦 Exporting table: ProductTypeBrand
[2026-07-18T07:39:56.935Z] node: 📦 Exporting table: Supplier
[2026-07-18T07:39:56.972Z] node: 📦 Exporting table: Unit
[2026-07-18T07:39:57.009Z] node: 📦 Exporting table: Product
[2026-07-18T07:39:57.145Z] node: 📦 Exporting table: BranchPrice
[2026-07-18T07:39:57.242Z] node: 📦 Exporting table: ProductImage
[2026-07-18T07:39:57.279Z] node: 📦 Exporting table: StockBalance
[2026-07-18T07:39:57.347Z] node: 📦 Exporting table: User
[2026-07-18T07:39:57.392Z] node: 📦 Exporting table: CustomerProfile
[2026-07-18T07:39:57.437Z] node: 📦 Exporting table: Cart
[2026-07-18T07:39:57.474Z] node: 📦 Exporting table: CartItem
[2026-07-18T07:39:57.511Z] node: 📦 Exporting table: EmployeeProfile
[2026-07-18T07:39:57.549Z] node: 📦 Exporting table: CombinedBillingDocument
[2026-07-18T07:39:57.586Z] node: 📦 Exporting table: CombinedSaleDocument
[2026-07-18T07:39:57.622Z] node: 📦 Exporting table: CustomerDeposit
[2026-07-18T07:39:57.659Z] node: 📦 Exporting table: CustomerReceipts
[2026-07-18T07:39:57.697Z] node: 📦 Exporting table: InputTaxFilingBatch
[2026-07-18T07:39:57.734Z] node: 📦 Exporting table: Order
[2026-07-18T07:39:57.771Z] node: 📦 Exporting table: OrderOnline
[2026-07-18T07:39:57.808Z] node: 📦 Exporting table: OrderOnlineItem
[2026-07-18T07:39:57.845Z] node: 📦 Exporting table: PasswordResetToken
[2026-07-18T07:39:57.883Z] node: 📦 Exporting table: ProductOnOrder
[2026-07-18T07:39:57.920Z] node: 📦 Exporting table: PurchaseOrder
[2026-07-18T07:39:57.958Z] node: 📦 Exporting table: PurchaseOrderItem
[2026-07-18T07:39:57.999Z] node: 📦 Exporting table: PurchaseOrderReceipt
[2026-07-18T07:39:58.039Z] node: 📦 Exporting table: InputTaxFilingItem
[2026-07-18T07:39:58.077Z] node: 📦 Exporting table: PurchaseOrderReceiptItem
[2026-07-18T07:39:58.116Z] node: 📦 Exporting table: RefreshToken
[2026-07-18T07:39:58.434Z] node: 📦 Exporting table: Sale
[2026-07-18T07:39:58.476Z] node: 📦 Exporting table: CustomerReceiptAllocations
[2026-07-18T07:39:58.513Z] node: 📦 Exporting table: Payment
[2026-07-18T07:39:58.551Z] node: 📦 Exporting table: DepositUsage
[2026-07-18T07:39:58.589Z] node: 📦 Exporting table: PaymentItem
[2026-07-18T07:39:58.626Z] node: 📦 Exporting table: SaleReturn
[2026-07-18T07:39:58.665Z] node: 📦 Exporting table: RefundTransaction
[2026-07-18T07:39:58.702Z] node: 📦 Exporting table: SalesTaxFilingBatch
[2026-07-18T07:39:58.740Z] node: 📦 Exporting table: SalesTaxFilingItem
[2026-07-18T07:39:58.777Z] node: 📦 Exporting table: ServiceOrder
[2026-07-18T07:39:58.813Z] node: 📦 Exporting table: ServiceItem
[2026-07-18T07:39:58.850Z] node: 📦 Exporting table: SimpleLot
[2026-07-18T07:39:59.031Z] node: 📦 Exporting table: SaleItemSimple
[2026-07-18T07:39:59.047Z] node: 📦 Exporting table: SaleReturnItemSimple
[2026-07-18T07:39:59.147Z] node: 📦 Exporting table: StockAuditSession
[2026-07-18T07:39:59.215Z] node: 📦 Exporting table: StockItem
[2026-07-18T07:39:59.354Z] node: 📦 Exporting table: BarcodeReceiptItem
[2026-07-18T07:39:59.411Z] node: 📦 Exporting table: RepairJob
[2026-07-18T07:39:59.449Z] node: 📦 Exporting table: RepairPartItem
[2026-07-18T07:39:59.485Z] node: 📦 Exporting table: SaleItem
[2026-07-18T07:39:59.527Z] node: 📦 Exporting table: SaleReturnItem
[2026-07-18T07:39:59.565Z] node: 📦 Exporting table: StockAuditScanLog
[2026-07-18T07:39:59.632Z] node: 📦 Exporting table: StockAuditSnapshotItem
[2026-07-18T07:39:59.683Z] node: 📦 Exporting table: StockMovement
[2026-07-18T07:39:59.745Z] node: 📦 Exporting table: SupplierPayment
[2026-07-18T07:39:59.782Z] node: 📦 Exporting table: SupplierPaymentReceipt
[2026-07-18T07:39:59.819Z] node: 📦 Exporting table: V2CustomerDeposit
[2026-07-18T07:39:59.858Z] node: 📦 Exporting table: V2StockAudit
[2026-07-18T07:39:59.895Z] node: 📦 Exporting table: V2StockAuditItem
[2026-07-18T07:39:59.931Z] node: 📦 Exporting table: WarrantyClaim
[2026-07-18T07:40:03.147Z] node: 🎉 P1 Hardened Backup v6 Type-aware + generic self-reference FK safe restore completed successfully.
[2026-07-18T07:40:03.149Z] node: 💾 Backup file: D:\alpha-tech\server\backups\alphatech_hardened_backup_v6_2026-07-18_2026-07-18T07-39-56-153Z.sql
[2026-07-18T07:40:03.158Z] node: 🧾 Manifest file: D:\alpha-tech\server\backups\alphatech_hardened_backup_v6_2026-07-18_2026-07-18T07-39-56-153Z.manifest.json
[2026-07-18T07:40:03.159Z] node: 📊 Tables exported: 70
[2026-07-18T07:40:03.160Z] node: 📦 Rows exported: 24882
[2026-07-18T07:40:03.174Z] node: 🔢 Sequences prepared: 67
[2026-07-18T07:40:03.174Z] node: 🔐 SHA256: 288fd265bf0fe5728a59f9ca377d072a0fcc42e20860cfe05afc416bc88525ba
[2026-07-18T07:40:03.175Z] node: 📐 File size: 8.69 MB
[2026-07-18T07:40:03.175Z] node: ⏱️ Duration: 8.63 seconds
[2026-07-18T07:40:03.176Z] node: ✅ Verification: PASS (70 tables checked)
[2026-07-18T07:40:03.215Z] ▶️  Run: node recovery/upload/uploadBackup.js --manifest D:\alpha-tech\server\backups\alphatech_hardened_backup_v6_2026-07-18_2026-07-18T07-39-56-153Z.manifest.json
[2026-07-18T07:40:03.436Z] node: [2026-07-18T07:40:03.384Z] ============================================================
[2026-07-18T07:40:03.440Z] node: [2026-07-18T07:40:03.441Z] AlphaTech Recovery Upload ALPHATECH-RECOVERY-UPLOAD-V2-S3-COMPATIBLE
[2026-07-18T07:40:03.441Z] node: [2026-07-18T07:40:03.442Z] ============================================================
[2026-07-18T07:40:03.776Z] node stderr: (node:1700) Warning: NodeVersionSupportWarning: The AWS SDK for JavaScript (v3)
[2026-07-18T07:40:03.776Z] node stderr: versions published after the first week of January 2027
[2026-07-18T07:40:03.777Z] node stderr: will require node >=22. You are running node v20.19.0.
[2026-07-18T07:40:03.778Z] node stderr: To continue receiving updates to AWS services, bug fixes,
[2026-07-18T07:40:03.778Z] node stderr: and security updates please upgrade to node >=22.
[2026-07-18T07:40:03.779Z] node stderr: More information can be found at: https://a.co/c895JFp
[2026-07-18T07:40:03.779Z] node stderr: (Use `node --trace-warnings ...` to show where the warning was created)
[2026-07-18T07:40:07.431Z] node: [2026-07-18T07:40:07.431Z] JSON report: D:\alpha-tech\server\recovery\reports\upload-report-2026-07-18T07-40-07-422Z.json
[2026-07-18T07:40:07.432Z] node: [2026-07-18T07:40:07.432Z] TXT report: D:\alpha-tech\server\recovery\reports\upload-report-2026-07-18T07-40-07-422Z.txt
[2026-07-18T07:40:07.433Z] node: [2026-07-18T07:40:07.432Z] Overall: PASS
[2026-07-18T07:40:08.190Z] ------------------------------------------------------------
[2026-07-18T07:40:08.211Z] Target      : cloudflare-r2
[2026-07-18T07:40:08.212Z] Bucket      : saduaksabuy-recovery
[2026-07-18T07:40:08.212Z] Prefix      : alphatech-production/
[2026-07-18T07:40:08.213Z] Retention   : 7 day(s)
[2026-07-18T07:40:08.213Z] Mode        : APPLY
[2026-07-18T07:40:08.213Z] Scanned     : 78
[2026-07-18T07:40:08.213Z] Candidates  : 0
[2026-07-18T07:40:08.214Z] Deleted     : 0
[2026-07-18T07:40:08.214Z] Remaining   : 78
[2026-07-18T07:40:08.214Z] Failed      : 0
[2026-07-18T07:40:08.216Z] ▶️  Run: node recovery/retention/retentionPolicy.js --apply
[2026-07-18T07:40:08.312Z] node: [2026-07-18T07:40:08.306Z] ============================================================
[2026-07-18T07:40:08.314Z] node: [2026-07-18T07:40:08.314Z] 🧹 AlphaTech Recovery Retention ALPHATECH-RECOVERY-RETENTION-V1
[2026-07-18T07:40:08.314Z] node: [2026-07-18T07:40:08.314Z] ============================================================
[2026-07-18T07:40:08.315Z] node: [2026-07-18T07:40:08.315Z] Mode: APPLY
[2026-07-18T07:40:08.324Z] node: [2026-07-18T07:40:08.324Z] ------------------------------------------------------------
[2026-07-18T07:40:08.325Z] node: [2026-07-18T07:40:08.325Z] Target      : local-backups
[2026-07-18T07:40:08.325Z] node: [2026-07-18T07:40:08.325Z] Directory   : D:\alpha-tech\server\backups
[2026-07-18T07:40:08.327Z] node: [2026-07-18T07:40:08.326Z] Retention   : 3 day(s)
[2026-07-18T07:40:08.328Z] node: [2026-07-18T07:40:08.328Z] Scanned     : 42
[2026-07-18T07:40:08.328Z] node: [2026-07-18T07:40:08.328Z] Candidates  : 4
[2026-07-18T07:40:08.329Z] node: [2026-07-18T07:40:08.329Z] Deleted     : 4
[2026-07-18T07:40:08.329Z] node: [2026-07-18T07:40:08.329Z] Remaining   : 38
[2026-07-18T07:40:08.330Z] node: [2026-07-18T07:40:08.330Z] Failed      : 0
[2026-07-18T07:40:08.330Z] node: [2026-07-18T07:40:08.330Z] ------------------------------------------------------------
[2026-07-18T07:40:08.331Z] node: [2026-07-18T07:40:08.331Z] Target      : offsite-local-mirror
[2026-07-18T07:40:08.331Z] node: [2026-07-18T07:40:08.331Z] Directory   : D:\alpha-tech\server\recovery\offsite
[2026-07-18T07:40:08.331Z] node: [2026-07-18T07:40:08.332Z] Retention   : 7 day(s)
[2026-07-18T07:40:08.332Z] node: [2026-07-18T07:40:08.332Z] Scanned     : 0
[2026-07-18T07:40:08.332Z] node: [2026-07-18T07:40:08.333Z] Candidates  : 0
[2026-07-18T07:40:08.333Z] node: [2026-07-18T07:40:08.333Z] Deleted     : 0
[2026-07-18T07:40:08.333Z] node: [2026-07-18T07:40:08.333Z] Remaining   : 0
[2026-07-18T07:40:08.333Z] node: [2026-07-18T07:40:08.334Z] Failed      : 0
[2026-07-18T07:40:08.336Z] node: [2026-07-18T07:40:08.336Z] 🧾 JSON report: D:\alpha-tech\server\recovery\reports\retention-report-2026-07-18T07-40-08-334Z.json
[2026-07-18T07:40:08.339Z] node: [2026-07-18T07:40:08.336Z] 🧾 TXT report: D:\alpha-tech\server\recovery\reports\retention-report-2026-07-18T07-40-08-334Z.txt
[2026-07-18T07:40:08.340Z] node: [2026-07-18T07:40:08.340Z] ✅ Overall: PASS
[2026-07-18T07:40:08.350Z] ▶️  Run: node qbrs.js --manifest D:\alpha-tech\server\backups\alphatech_hardened_backup_v6_2026-07-18_2026-07-18T07-39-56-153Z.manifest.json --init --yes --reset-schema
[2026-07-18T07:40:08.621Z] node: [2026-07-18T07:40:08.617Z] ============================================================
[2026-07-18T07:40:08.624Z] node: [2026-07-18T07:40:08.625Z] 🚑 AlphaTech Restore Tool P1-HARDENED-RESTORE-V3-NODE-PG
[2026-07-18T07:40:08.631Z] node: [2026-07-18T07:40:08.626Z] ============================================================
[2026-07-18T07:40:08.677Z] node: [2026-07-18T07:40:08.677Z] ✅ Manifest loaded.
[2026-07-18T07:40:08.678Z] node: [2026-07-18T07:40:08.678Z] ✅ SQL file: D:\alpha-tech\server\backups\alphatech_hardened_backup_v6_2026-07-18_2026-07-18T07-39-56-153Z.sql
[2026-07-18T07:40:08.679Z] node: [2026-07-18T07:40:08.678Z] ✅ SHA256 verified: 288fd265bf0fe5728a59f9ca377d072a0fcc42e20860cfe05afc416bc88525ba
[2026-07-18T07:40:08.679Z] node: [2026-07-18T07:40:08.679Z] 🎯 Target DB: postgresql://postgres:***@db.engqdeyzbvnmxbnpemau.supabase.co:5432/postgres
[2026-07-18T07:40:08.679Z] node: [2026-07-18T07:40:08.680Z] 🎯 Host: db.engqdeyzbvnmxbnpemau.supabase.co
[2026-07-18T07:40:08.680Z] node: [2026-07-18T07:40:08.680Z] 🎯 Port: 5432
[2026-07-18T07:40:08.680Z] node: [2026-07-18T07:40:08.681Z] 🎯 Database: postgres
[2026-07-18T07:40:08.681Z] node: [2026-07-18T07:40:08.681Z] 🎯 Schema: public
[2026-07-18T07:40:09.038Z] node: [2026-07-18T07:40:09.038Z] 🔌 Connected to target PostgreSQL successfully.
[2026-07-18T07:40:12.453Z] node: [2026-07-18T07:40:12.453Z] 📊 Existing tables: 70
[2026-07-18T07:40:12.455Z] node: [2026-07-18T07:40:12.454Z] 📦 Existing rows: 24841
[2026-07-18T07:40:12.455Z] node: [2026-07-18T07:40:12.454Z] 🔎 Product: 1904
[2026-07-18T07:40:12.457Z] node: [2026-07-18T07:40:12.454Z] 🔎 BranchPrice: 1902
[2026-07-18T07:40:12.457Z] node: [2026-07-18T07:40:12.454Z] 🔎 StockItem: 3081
[2026-07-18T07:40:12.458Z] node: [2026-07-18T07:40:12.455Z] 🔎 Sale: 29
[2026-07-18T07:40:12.458Z] node: [2026-07-18T07:40:12.455Z] 🔎 SaleItem: 96
[2026-07-18T07:40:12.458Z] node: [2026-07-18T07:40:12.455Z] 🔎 SaleItemSimple: 0
[2026-07-18T07:40:12.459Z] node: [2026-07-18T07:40:12.455Z] 🔎 Payment: 15
[2026-07-18T07:40:12.459Z] node: [2026-07-18T07:40:12.456Z] 🔎 PaymentItem: 15
[2026-07-18T07:40:12.723Z] node: [2026-07-18T07:40:12.723Z] 🧨 Resetting target schema "public" before restore...
[2026-07-18T07:40:12.723Z] node: [2026-07-18T07:40:12.724Z] 🛡️ This action is intended for Recovery / Standby DB only.
[2026-07-18T07:40:13.277Z] node: [2026-07-18T07:40:13.269Z] ✅ Schema "public" reset completed.
[2026-07-18T07:40:13.335Z] node: [2026-07-18T07:40:13.335Z] 🧱 Running Prisma db push against Recovery DB only...
[2026-07-18T07:40:13.337Z] node: [2026-07-18T07:40:13.336Z] 🛡️ DATABASE_URL is injected from RESTORE_DATABASE_URL/RECOVERY_DATABASE_URL for this process only.
[2026-07-18T07:40:20.184Z] node: [2026-07-18T07:40:20.184Z] npx stderr: Environment variables loaded from .env
[2026-07-18T07:40:20.186Z] node: [2026-07-18T07:40:20.186Z] npx: Prisma schema loaded from prisma\schema.prisma
[2026-07-18T07:40:20.201Z] node: [2026-07-18T07:40:20.201Z] npx: Datasource "db": PostgreSQL database "postgres", schema "public" at "db.engqdeyzbvnmxbnpemau.supabase.co:5432"
[2026-07-18T07:40:37.310Z] node: [2026-07-18T07:40:37.307Z] npx: Your database is now in sync with your Prisma schema. Done in 16.49s
[2026-07-18T07:40:37.903Z] node: [2026-07-18T07:40:37.311Z] npx: Running generate... (Use --skip-generate to skip the generators)
[2026-07-18T07:40:40.476Z] node: [2026-07-18T07:40:40.476Z] npx: [2K[1A[2K[GRunning generate... - Prisma Client
[2026-07-18T07:40:41.917Z] node: [2026-07-18T07:40:41.917Z] npx: [2K[1A[2K[G✔ Generated Prisma Client (v6.16.2) to .\node_modules\.prisma\client in 1.44s
[2026-07-18T07:40:41.920Z] node: [2026-07-18T07:40:41.920Z] npx stderr: ┌─────────────────────────────────────────────────────────┐
[2026-07-18T07:40:41.920Z] node: [2026-07-18T07:40:41.920Z] npx stderr: │  Update available 6.16.2 -> 7.8.0                       │
[2026-07-18T07:40:41.921Z] node: [2026-07-18T07:40:41.921Z] npx stderr: │                                                         │
[2026-07-18T07:40:41.921Z] node: [2026-07-18T07:40:41.921Z] npx stderr: │  This is a major update - please follow the guide at    │
[2026-07-18T07:40:41.921Z] node: [2026-07-18T07:40:41.921Z] npx stderr: │  https://pris.ly/d/major-version-upgrade                │
[2026-07-18T07:40:41.921Z] node: [2026-07-18T07:40:41.921Z] npx stderr: │                                                         │
[2026-07-18T07:40:41.922Z] node: [2026-07-18T07:40:41.921Z] npx stderr: │  Run the following to update                            │
[2026-07-18T07:40:41.922Z] node: [2026-07-18T07:40:41.921Z] npx stderr: │    npm i --save-dev prisma@latest                       │
[2026-07-18T07:40:41.924Z] node: [2026-07-18T07:40:41.921Z] npx stderr: │    npm i @prisma/client@latest                          │
[2026-07-18T07:40:41.924Z] node: [2026-07-18T07:40:41.922Z] npx stderr: └─────────────────────────────────────────────────────────┘
[2026-07-18T07:40:41.980Z] node: [2026-07-18T07:40:41.980Z] ✅ Prisma db push completed for Recovery DB.
[2026-07-18T07:40:46.650Z] node: [2026-07-18T07:40:46.616Z] 📊 Existing tables: 70
[2026-07-18T07:40:47.413Z] node: [2026-07-18T07:40:46.617Z] 📦 Existing rows: 0
[2026-07-18T07:40:47.426Z] node: [2026-07-18T07:40:46.617Z] 🔎 Product: 0
[2026-07-18T07:40:47.428Z] node: [2026-07-18T07:40:46.617Z] 🔎 BranchPrice: 0
[2026-07-18T07:40:48.109Z] node: [2026-07-18T07:40:46.617Z] 🔎 StockItem: 0
[2026-07-18T07:40:48.114Z] node: [2026-07-18T07:40:46.617Z] 🔎 Sale: 0
[2026-07-18T07:40:48.123Z] node: [2026-07-18T07:40:46.617Z] 🔎 SaleItem: 0
[2026-07-18T07:40:48.128Z] node: [2026-07-18T07:40:46.618Z] 🔎 SaleItemSimple: 0
[2026-07-18T07:40:48.927Z] node: [2026-07-18T07:40:46.618Z] 🔎 Payment: 0
[2026-07-18T07:40:48.935Z] node: [2026-07-18T07:40:46.618Z] 🔎 PaymentItem: 0
[2026-07-18T07:40:49.701Z] node: [2026-07-18T07:40:49.701Z] 📖 SQL loaded into memory (8.69 MB).
[2026-07-18T07:40:49.707Z] node: [2026-07-18T07:40:49.705Z] 🚚 Starting SQL restore via Node.js pg client...
[2026-07-18T07:40:54.207Z] node: [2026-07-18T07:40:54.204Z] ✅ SQL restore completed via Node.js pg client.
[2026-07-18T07:40:57.476Z] node: [2026-07-18T07:40:57.475Z] ✅ Restore verification PASS (70 tables checked).
[2026-07-18T07:40:57.476Z] node: [2026-07-18T07:40:57.476Z] 🎉 Restore completed successfully in 48.86 seconds.
[2026-07-18T07:40:57.491Z] ▶️  Run: node recovery/verify/qbv.js
[2026-07-18T07:40:57.736Z] node: [2026-07-18T07:40:57.733Z] ============================================================
[2026-07-18T07:40:57.748Z] node: [2026-07-18T07:40:57.747Z] 🔎 AlphaTech Integrity Verification ALPHATECH-RECOVERY-VERIFY-V1
[2026-07-18T07:40:57.819Z] node: [2026-07-18T07:40:57.760Z] ============================================================
[2026-07-18T07:40:57.819Z] node: [2026-07-18T07:40:57.760Z] Collecting Production snapshot...
[2026-07-18T07:41:11.356Z] node: [2026-07-18T07:41:11.355Z] Collecting Recovery snapshot...
[2026-07-18T07:41:23.189Z] node: [2026-07-18T07:41:23.189Z] Comparing snapshots...
[2026-07-18T07:41:23.206Z] node: [2026-07-18T07:41:23.205Z] 🧾 JSON report: D:\alpha-tech\server\recovery\reports\verification-report_2026-07-18T07-41-23-191Z.json
[2026-07-18T07:41:23.206Z] node: [2026-07-18T07:41:23.205Z] 🧾 TXT report: D:\alpha-tech\server\recovery\reports\verification-report_2026-07-18T07-41-23-191Z.txt
[2026-07-18T07:41:23.207Z] node: [2026-07-18T07:41:23.205Z] ✅ Overall: PASS
[2026-07-18T07:41:23.223Z] 🧾 Job manifest: D:\alpha-tech\server\recovery\jobs\job-2026-07-18T07-39-48-817Z.json
[2026-07-18T07:41:23.223Z] ✅ Job result: PASS exitCode=0
