[2026-07-11T19:39:48.324Z] ============================================================
[2026-07-11T19:39:48.331Z] 🧭 AlphaTech Recovery Retention Workflow ALPHATECH-RECOVERY-JOB-RUNNER-V7-R2-RETENTION
[2026-07-11T19:39:48.331Z] ============================================================
[2026-07-11T19:39:48.331Z] Mode: backup-workflow
[2026-07-11T19:39:48.332Z] ▶️  Run: node recovery/health/healthCheck.js
[2026-07-11T19:39:48.493Z] node: [2026-07-11T19:39:48.491Z] ============================================================
[2026-07-11T19:39:48.494Z] node: [2026-07-11T19:39:48.494Z] 🩺 AlphaTech Recovery Health Check ALPHATECH-RECOVERY-HEALTH-CHECK-V1
[2026-07-11T19:39:48.494Z] node: [2026-07-11T19:39:48.494Z] ============================================================
[2026-07-11T19:39:49.362Z] node: [2026-07-11T19:39:49.362Z] 🧾 JSON report: D:\alpha-tech\server\recovery\reports\health-check-2026-07-11T19-39-49-360Z.json
[2026-07-11T19:39:49.363Z] node: [2026-07-11T19:39:49.362Z] 🧾 TXT report: D:\alpha-tech\server\recovery\reports\health-check-2026-07-11T19-39-49-360Z.txt
[2026-07-11T19:39:49.363Z] node: [2026-07-11T19:39:49.363Z] ✅ Overall: PASS
[2026-07-11T19:39:49.375Z] ▶️  Run: node qb.js
[2026-07-11T19:39:49.844Z] node: 🔌 Connected to PostgreSQL successfully.
[2026-07-11T19:39:49.846Z] node: ⏳ Starting P1 Hardened Backup v6 Type-aware + generic self-reference FK safe restore...
[2026-07-11T19:39:53.394Z] node: 📦 Exporting table: Bank
[2026-07-11T19:39:53.435Z] node: 📦 Exporting table: Brand
[2026-07-11T19:39:53.480Z] node: 📦 Exporting table: Category
[2026-07-11T19:39:53.519Z] node: 📦 Exporting table: GlobalProductType
[2026-07-11T19:39:53.558Z] node: 📦 Exporting table: Position
[2026-07-11T19:39:53.597Z] node: 📦 Exporting table: Province
[2026-07-11T19:39:53.637Z] node: 📦 Exporting table: District
[2026-07-11T19:39:53.691Z] node: 📦 Exporting table: Subdistrict
[2026-07-11T19:39:53.891Z] node: 📦 Exporting table: Branch
[2026-07-11T19:39:53.932Z] node: 📦 Exporting table: BarcodeCounter
[2026-07-11T19:39:53.970Z] node: 📦 Exporting table: PaymentCodeCounter
[2026-07-11T19:39:54.008Z] node: 📦 Exporting table: ProductType
[2026-07-11T19:39:54.051Z] node: 📦 Exporting table: ProductTypeBrand
[2026-07-11T19:39:54.393Z] node: 📦 Exporting table: Supplier
[2026-07-11T19:39:54.393Z] node: 📦 Exporting table: Unit
[2026-07-11T19:39:54.393Z] node: 📦 Exporting table: Product
[2026-07-11T19:39:54.393Z] node: 📦 Exporting table: BranchPrice
[2026-07-11T19:39:54.394Z] node: 📦 Exporting table: ProductImage
[2026-07-11T19:39:54.394Z] node: 📦 Exporting table: StockBalance
[2026-07-11T19:39:54.415Z] node: 📦 Exporting table: User
[2026-07-11T19:39:54.458Z] node: 📦 Exporting table: CustomerProfile
[2026-07-11T19:39:54.504Z] node: 📦 Exporting table: Cart
[2026-07-11T19:39:54.543Z] node: 📦 Exporting table: CartItem
[2026-07-11T19:39:54.581Z] node: 📦 Exporting table: EmployeeProfile
[2026-07-11T19:39:54.620Z] node: 📦 Exporting table: CombinedBillingDocument
[2026-07-11T19:39:54.658Z] node: 📦 Exporting table: CombinedSaleDocument
[2026-07-11T19:39:54.697Z] node: 📦 Exporting table: CustomerDeposit
[2026-07-11T19:39:54.735Z] node: 📦 Exporting table: CustomerReceipts
[2026-07-11T19:39:54.774Z] node: 📦 Exporting table: InputTaxFilingBatch
[2026-07-11T19:39:54.812Z] node: 📦 Exporting table: Order
[2026-07-11T19:39:54.850Z] node: 📦 Exporting table: OrderOnline
[2026-07-11T19:39:54.888Z] node: 📦 Exporting table: OrderOnlineItem
[2026-07-11T19:39:54.927Z] node: 📦 Exporting table: PasswordResetToken
[2026-07-11T19:39:54.966Z] node: 📦 Exporting table: ProductOnOrder
[2026-07-11T19:39:55.004Z] node: 📦 Exporting table: PurchaseOrder
[2026-07-11T19:39:55.043Z] node: 📦 Exporting table: PurchaseOrderItem
[2026-07-11T19:39:55.081Z] node: 📦 Exporting table: PurchaseOrderReceipt
[2026-07-11T19:39:55.121Z] node: 📦 Exporting table: InputTaxFilingItem
[2026-07-11T19:39:55.159Z] node: 📦 Exporting table: PurchaseOrderReceiptItem
[2026-07-11T19:39:55.198Z] node: 📦 Exporting table: RefreshToken
[2026-07-11T19:39:55.403Z] node: 📦 Exporting table: Sale
[2026-07-11T19:39:55.443Z] node: 📦 Exporting table: CustomerReceiptAllocations
[2026-07-11T19:39:55.481Z] node: 📦 Exporting table: Payment
[2026-07-11T19:39:55.519Z] node: 📦 Exporting table: DepositUsage
[2026-07-11T19:39:55.558Z] node: 📦 Exporting table: PaymentItem
[2026-07-11T19:39:55.596Z] node: 📦 Exporting table: SaleReturn
[2026-07-11T19:39:55.634Z] node: 📦 Exporting table: RefundTransaction
[2026-07-11T19:39:55.673Z] node: 📦 Exporting table: SalesTaxFilingBatch
[2026-07-11T19:39:55.711Z] node: 📦 Exporting table: SalesTaxFilingItem
[2026-07-11T19:39:55.749Z] node: 📦 Exporting table: ServiceOrder
[2026-07-11T19:39:55.788Z] node: 📦 Exporting table: ServiceItem
[2026-07-11T19:39:55.826Z] node: 📦 Exporting table: SimpleLot
[2026-07-11T19:39:55.864Z] node: 📦 Exporting table: SaleItemSimple
[2026-07-11T19:39:55.903Z] node: 📦 Exporting table: SaleReturnItemSimple
[2026-07-11T19:39:55.941Z] node: 📦 Exporting table: StockAuditSession
[2026-07-11T19:39:55.979Z] node: 📦 Exporting table: StockItem
[2026-07-11T19:39:56.061Z] node: 📦 Exporting table: BarcodeReceiptItem
[2026-07-11T19:39:56.100Z] node: 📦 Exporting table: RepairJob
[2026-07-11T19:39:56.139Z] node: 📦 Exporting table: RepairPartItem
[2026-07-11T19:39:56.177Z] node: 📦 Exporting table: SaleItem
[2026-07-11T19:39:56.216Z] node: 📦 Exporting table: SaleReturnItem
[2026-07-11T19:39:56.254Z] node: 📦 Exporting table: StockAuditScanLog
[2026-07-11T19:39:56.292Z] node: 📦 Exporting table: StockAuditSnapshotItem
[2026-07-11T19:39:56.330Z] node: 📦 Exporting table: StockMovement
[2026-07-11T19:39:56.377Z] node: 📦 Exporting table: SupplierPayment
[2026-07-11T19:39:56.416Z] node: 📦 Exporting table: SupplierPaymentReceipt
[2026-07-11T19:39:56.455Z] node: 📦 Exporting table: V2CustomerDeposit
[2026-07-11T19:39:56.493Z] node: 📦 Exporting table: V2StockAudit
[2026-07-11T19:39:56.531Z] node: 📦 Exporting table: V2StockAuditItem
[2026-07-11T19:39:56.569Z] node: 📦 Exporting table: WarrantyClaim
[2026-07-11T19:39:59.310Z] node: 🎉 P1 Hardened Backup v6 Type-aware + generic self-reference FK safe restore completed successfully.
[2026-07-11T19:39:59.311Z] node: 💾 Backup file: D:\alpha-tech\server\backups\alphatech_hardened_backup_v6_2026-07-11_2026-07-11T19-39-53-361Z.sql
[2026-07-11T19:39:59.312Z] node: 🧾 Manifest file: D:\alpha-tech\server\backups\alphatech_hardened_backup_v6_2026-07-11_2026-07-11T19-39-53-361Z.manifest.json
[2026-07-11T19:39:59.312Z] node: 📊 Tables exported: 70
[2026-07-11T19:39:59.312Z] node: 📦 Rows exported: 17388
[2026-07-11T19:39:59.312Z] node: 🔢 Sequences prepared: 67
[2026-07-11T19:39:59.313Z] node: 🔐 SHA256: c4c74fde4388b4a26c8e476a943ec4234b6f886e405f3d0a4ee9804a65f7e1df
[2026-07-11T19:39:59.313Z] node: 📐 File size: 5.41 MB
[2026-07-11T19:39:59.313Z] node: ⏱️ Duration: 7.09 seconds
[2026-07-11T19:39:59.314Z] node: ✅ Verification: PASS (70 tables checked)
[2026-07-11T19:39:59.372Z] ▶️  Run: node recovery/upload/uploadBackup.js --manifest D:\alpha-tech\server\backups\alphatech_hardened_backup_v6_2026-07-11_2026-07-11T19-39-53-361Z.manifest.json
[2026-07-11T19:39:59.645Z] node: [2026-07-11T19:39:59.640Z] ============================================================
[2026-07-11T19:39:59.646Z] node: [2026-07-11T19:39:59.646Z] AlphaTech Recovery Upload ALPHATECH-RECOVERY-UPLOAD-V2-S3-COMPATIBLE
[2026-07-11T19:39:59.647Z] node: [2026-07-11T19:39:59.646Z] ============================================================
[2026-07-11T19:39:59.853Z] node stderr: (node:10308) Warning: NodeVersionSupportWarning: The AWS SDK for JavaScript (v3)
[2026-07-11T19:39:59.853Z] node stderr: versions published after the first week of January 2027
[2026-07-11T19:39:59.854Z] node stderr: will require node >=22. You are running node v20.19.0.
[2026-07-11T19:39:59.854Z] node stderr: To continue receiving updates to AWS services, bug fixes,
[2026-07-11T19:39:59.854Z] node stderr: and security updates please upgrade to node >=22.
[2026-07-11T19:39:59.855Z] node stderr: More information can be found at: https://a.co/c895JFp
[2026-07-11T19:39:59.855Z] node stderr: (Use `node --trace-warnings ...` to show where the warning was created)
[2026-07-11T19:40:03.081Z] node: [2026-07-11T19:40:03.081Z] JSON report: D:\alpha-tech\server\recovery\reports\upload-report-2026-07-11T19-40-03-079Z.json
[2026-07-11T19:40:03.082Z] node: [2026-07-11T19:40:03.081Z] TXT report: D:\alpha-tech\server\recovery\reports\upload-report-2026-07-11T19-40-03-079Z.txt
[2026-07-11T19:40:03.082Z] node: [2026-07-11T19:40:03.082Z] Overall: PASS
[2026-07-11T19:40:03.643Z] ------------------------------------------------------------
[2026-07-11T19:40:03.643Z] Target      : cloudflare-r2
[2026-07-11T19:40:03.644Z] Bucket      : saduaksabuy-recovery
[2026-07-11T19:40:03.644Z] Prefix      : alphatech-production/
[2026-07-11T19:40:03.645Z] Retention   : 7 day(s)
[2026-07-11T19:40:03.645Z] Mode        : APPLY
[2026-07-11T19:40:03.645Z] Scanned     : 78
[2026-07-11T19:40:03.646Z] Candidates  : 0
[2026-07-11T19:40:03.646Z] Deleted     : 0
[2026-07-11T19:40:03.646Z] Remaining   : 78
[2026-07-11T19:40:03.647Z] Failed      : 0
[2026-07-11T19:40:03.647Z] ▶️  Run: node recovery/retention/retentionPolicy.js --apply
[2026-07-11T19:40:03.732Z] node: [2026-07-11T19:40:03.726Z] ============================================================
[2026-07-11T19:40:03.734Z] node: [2026-07-11T19:40:03.734Z] 🧹 AlphaTech Recovery Retention ALPHATECH-RECOVERY-RETENTION-V1
[2026-07-11T19:40:03.734Z] node: [2026-07-11T19:40:03.734Z] ============================================================
[2026-07-11T19:40:03.734Z] node: [2026-07-11T19:40:03.735Z] Mode: APPLY
[2026-07-11T19:40:03.742Z] node: [2026-07-11T19:40:03.743Z] ------------------------------------------------------------
[2026-07-11T19:40:03.743Z] node: [2026-07-11T19:40:03.743Z] Target      : local-backups
[2026-07-11T19:40:03.743Z] node: [2026-07-11T19:40:03.743Z] Directory   : D:\alpha-tech\server\backups
[2026-07-11T19:40:03.743Z] node: [2026-07-11T19:40:03.744Z] Retention   : 3 day(s)
[2026-07-11T19:40:03.744Z] node: [2026-07-11T19:40:03.744Z] Scanned     : 46
[2026-07-11T19:40:03.744Z] node: [2026-07-11T19:40:03.744Z] Candidates  : 2
[2026-07-11T19:40:03.744Z] node: [2026-07-11T19:40:03.745Z] Deleted     : 2
[2026-07-11T19:40:03.745Z] node: [2026-07-11T19:40:03.745Z] Remaining   : 44
[2026-07-11T19:40:03.745Z] node: [2026-07-11T19:40:03.746Z] Failed      : 0
[2026-07-11T19:40:03.746Z] node: [2026-07-11T19:40:03.746Z] ------------------------------------------------------------
[2026-07-11T19:40:03.747Z] node: [2026-07-11T19:40:03.746Z] Target      : offsite-local-mirror
[2026-07-11T19:40:03.747Z] node: [2026-07-11T19:40:03.747Z] Directory   : D:\alpha-tech\server\recovery\offsite
[2026-07-11T19:40:03.747Z] node: [2026-07-11T19:40:03.747Z] Retention   : 7 day(s)
[2026-07-11T19:40:03.748Z] node: [2026-07-11T19:40:03.747Z] Scanned     : 12
[2026-07-11T19:40:03.748Z] node: [2026-07-11T19:40:03.748Z] Candidates  : 0
[2026-07-11T19:40:03.748Z] node: [2026-07-11T19:40:03.748Z] Deleted     : 0
[2026-07-11T19:40:03.748Z] node: [2026-07-11T19:40:03.748Z] Remaining   : 12
[2026-07-11T19:40:03.749Z] node: [2026-07-11T19:40:03.748Z] Failed      : 0
[2026-07-11T19:40:03.750Z] node: [2026-07-11T19:40:03.750Z] 🧾 JSON report: D:\alpha-tech\server\recovery\reports\retention-report-2026-07-11T19-40-03-749Z.json
[2026-07-11T19:40:03.750Z] node: [2026-07-11T19:40:03.750Z] 🧾 TXT report: D:\alpha-tech\server\recovery\reports\retention-report-2026-07-11T19-40-03-749Z.txt
[2026-07-11T19:40:03.750Z] node: [2026-07-11T19:40:03.750Z] ✅ Overall: PASS
[2026-07-11T19:40:03.760Z] ▶️  Run: node qbrs.js --manifest D:\alpha-tech\server\backups\alphatech_hardened_backup_v6_2026-07-11_2026-07-11T19-39-53-361Z.manifest.json --init --yes --reset-schema
[2026-07-11T19:40:03.904Z] node: [2026-07-11T19:40:03.902Z] ============================================================
[2026-07-11T19:40:03.906Z] node: [2026-07-11T19:40:03.906Z] 🚑 AlphaTech Restore Tool P1-HARDENED-RESTORE-V3-NODE-PG
[2026-07-11T19:40:03.906Z] node: [2026-07-11T19:40:03.906Z] ============================================================
[2026-07-11T19:40:03.931Z] node: [2026-07-11T19:40:03.931Z] ✅ Manifest loaded.
[2026-07-11T19:40:03.931Z] node: [2026-07-11T19:40:03.931Z] ✅ SQL file: D:\alpha-tech\server\backups\alphatech_hardened_backup_v6_2026-07-11_2026-07-11T19-39-53-361Z.sql
[2026-07-11T19:40:03.931Z] node: [2026-07-11T19:40:03.931Z] ✅ SHA256 verified: c4c74fde4388b4a26c8e476a943ec4234b6f886e405f3d0a4ee9804a65f7e1df
[2026-07-11T19:40:03.932Z] node: [2026-07-11T19:40:03.932Z] 🎯 Target DB: postgresql://postgres:***@db.engqdeyzbvnmxbnpemau.supabase.co:5432/postgres
[2026-07-11T19:40:03.932Z] node: [2026-07-11T19:40:03.933Z] 🎯 Host: db.engqdeyzbvnmxbnpemau.supabase.co
[2026-07-11T19:40:03.934Z] node: [2026-07-11T19:40:03.933Z] 🎯 Port: 5432
[2026-07-11T19:40:03.934Z] node: [2026-07-11T19:40:03.934Z] 🎯 Database: postgres
[2026-07-11T19:40:03.937Z] node: [2026-07-11T19:40:03.934Z] 🎯 Schema: public
[2026-07-11T19:40:04.308Z] node: [2026-07-11T19:40:04.309Z] 🔌 Connected to target PostgreSQL successfully.
[2026-07-11T19:40:07.848Z] node: [2026-07-11T19:40:07.849Z] 📊 Existing tables: 70
[2026-07-11T19:40:07.849Z] node: [2026-07-11T19:40:07.849Z] 📦 Existing rows: 17388
[2026-07-11T19:40:07.849Z] node: [2026-07-11T19:40:07.849Z] 🔎 Product: 1205
[2026-07-11T19:40:07.850Z] node: [2026-07-11T19:40:07.850Z] 🔎 BranchPrice: 1203
[2026-07-11T19:40:07.850Z] node: [2026-07-11T19:40:07.850Z] 🔎 StockItem: 1068
[2026-07-11T19:40:07.850Z] node: [2026-07-11T19:40:07.850Z] 🔎 Sale: 4
[2026-07-11T19:40:07.851Z] node: [2026-07-11T19:40:07.850Z] 🔎 SaleItem: 6
[2026-07-11T19:40:07.851Z] node: [2026-07-11T19:40:07.851Z] 🔎 SaleItemSimple: 0
[2026-07-11T19:40:07.851Z] node: [2026-07-11T19:40:07.851Z] 🔎 Payment: 2
[2026-07-11T19:40:07.851Z] node: [2026-07-11T19:40:07.851Z] 🔎 PaymentItem: 2
[2026-07-11T19:40:08.101Z] node: [2026-07-11T19:40:08.102Z] 🧨 Resetting target schema "public" before restore...
[2026-07-11T19:40:08.102Z] node: [2026-07-11T19:40:08.102Z] 🛡️ This action is intended for Recovery / Standby DB only.
[2026-07-11T19:40:08.574Z] node: [2026-07-11T19:40:08.575Z] ✅ Schema "public" reset completed.
[2026-07-11T19:40:08.609Z] node: [2026-07-11T19:40:08.610Z] 🧱 Running Prisma db push against Recovery DB only...
[2026-07-11T19:40:08.610Z] node: [2026-07-11T19:40:08.610Z] 🛡️ DATABASE_URL is injected from RESTORE_DATABASE_URL/RECOVERY_DATABASE_URL for this process only.
[2026-07-11T19:40:12.171Z] node: [2026-07-11T19:40:12.171Z] npx stderr: Environment variables loaded from .env
[2026-07-11T19:40:12.172Z] node: [2026-07-11T19:40:12.172Z] npx: Prisma schema loaded from prisma\schema.prisma
[2026-07-11T19:40:12.183Z] node: [2026-07-11T19:40:12.184Z] npx: Datasource "db": PostgreSQL database "postgres", schema "public" at "db.engqdeyzbvnmxbnpemau.supabase.co:5432"
[2026-07-11T19:40:28.784Z] node: [2026-07-11T19:40:28.784Z] npx: Your database is now in sync with your Prisma schema. Done in 16.05s
[2026-07-11T19:40:28.786Z] node: [2026-07-11T19:40:28.786Z] npx: Running generate... (Use --skip-generate to skip the generators)
[2026-07-11T19:40:29.757Z] node: [2026-07-11T19:40:29.757Z] npx: [2K[1A[2K[GRunning generate... - Prisma Client
[2026-07-11T19:40:30.959Z] node: [2026-07-11T19:40:30.959Z] npx: [2K[1A[2K[G✔ Generated Prisma Client (v6.16.2) to .\node_modules\.prisma\client in 1.20s
[2026-07-11T19:40:31.014Z] node: [2026-07-11T19:40:31.014Z] ✅ Prisma db push completed for Recovery DB.
[2026-07-11T19:40:33.965Z] node: [2026-07-11T19:40:33.965Z] 📊 Existing tables: 70
[2026-07-11T19:40:33.966Z] node: [2026-07-11T19:40:33.966Z] 📦 Existing rows: 0
[2026-07-11T19:40:33.967Z] node: [2026-07-11T19:40:33.966Z] 🔎 Product: 0
[2026-07-11T19:40:33.967Z] node: [2026-07-11T19:40:33.966Z] 🔎 BranchPrice: 0
[2026-07-11T19:40:33.967Z] node: [2026-07-11T19:40:33.966Z] 🔎 StockItem: 0
[2026-07-11T19:40:33.968Z] node: [2026-07-11T19:40:33.967Z] 🔎 Sale: 0
[2026-07-11T19:40:33.968Z] node: [2026-07-11T19:40:33.967Z] 🔎 SaleItem: 0
[2026-07-11T19:40:33.968Z] node: [2026-07-11T19:40:33.967Z] 🔎 SaleItemSimple: 0
[2026-07-11T19:40:33.969Z] node: [2026-07-11T19:40:33.967Z] 🔎 Payment: 0
[2026-07-11T19:40:33.969Z] node: [2026-07-11T19:40:33.967Z] 🔎 PaymentItem: 0
[2026-07-11T19:40:34.021Z] node: [2026-07-11T19:40:34.022Z] 📖 SQL loaded into memory (5.41 MB).
[2026-07-11T19:40:34.022Z] node: [2026-07-11T19:40:34.022Z] 🚚 Starting SQL restore via Node.js pg client...
[2026-07-11T19:40:36.810Z] node: [2026-07-11T19:40:36.810Z] ✅ SQL restore completed via Node.js pg client.
[2026-07-11T19:40:39.644Z] node: [2026-07-11T19:40:39.644Z] ✅ Restore verification PASS (70 tables checked).
[2026-07-11T19:40:39.644Z] node: [2026-07-11T19:40:39.644Z] 🎉 Restore completed successfully in 35.74 seconds.
[2026-07-11T19:40:39.657Z] ▶️  Run: node recovery/verify/qbv.js
[2026-07-11T19:40:39.806Z] node: [2026-07-11T19:40:39.804Z] ============================================================
[2026-07-11T19:40:39.808Z] node: [2026-07-11T19:40:39.807Z] 🔎 AlphaTech Integrity Verification ALPHATECH-RECOVERY-VERIFY-V1
[2026-07-11T19:40:39.808Z] node: [2026-07-11T19:40:39.808Z] ============================================================
[2026-07-11T19:40:40.158Z] node: [2026-07-11T19:40:39.808Z] Collecting Production snapshot...
[2026-07-11T19:40:50.998Z] node: [2026-07-11T19:40:50.998Z] Collecting Recovery snapshot...
[2026-07-11T19:41:02.126Z] node: [2026-07-11T19:41:02.125Z] Comparing snapshots...
[2026-07-11T19:41:02.132Z] node: [2026-07-11T19:41:02.132Z] 🧾 JSON report: D:\alpha-tech\server\recovery\reports\verification-report_2026-07-11T19-41-02-129Z.json
[2026-07-11T19:41:02.201Z] node: [2026-07-11T19:41:02.132Z] 🧾 TXT report: D:\alpha-tech\server\recovery\reports\verification-report_2026-07-11T19-41-02-129Z.txt
[2026-07-11T19:41:02.202Z] node: [2026-07-11T19:41:02.132Z] ✅ Overall: PASS
[2026-07-11T19:41:02.206Z] 🧾 Job manifest: D:\alpha-tech\server\recovery\jobs\job-2026-07-11T19-39-48-322Z.json
[2026-07-11T19:41:02.206Z] ✅ Job result: PASS exitCode=0
