[2026-07-20T03:34:22.507Z] ============================================================
[2026-07-20T03:34:22.514Z] 🧭 AlphaTech Recovery Retention Workflow ALPHATECH-RECOVERY-JOB-RUNNER-V7-R2-RETENTION
[2026-07-20T03:34:22.514Z] ============================================================
[2026-07-20T03:34:22.514Z] Mode: backup-workflow
[2026-07-20T03:34:22.517Z] ▶️  Run: node recovery/health/healthCheck.js
[2026-07-20T03:34:22.724Z] node: [2026-07-20T03:34:22.722Z] ============================================================
[2026-07-20T03:34:22.726Z] node: [2026-07-20T03:34:22.726Z] 🩺 AlphaTech Recovery Health Check ALPHATECH-RECOVERY-HEALTH-CHECK-V1
[2026-07-20T03:34:22.726Z] node: [2026-07-20T03:34:22.726Z] ============================================================
[2026-07-20T03:34:23.571Z] node: [2026-07-20T03:34:23.571Z] 🧾 JSON report: D:\alpha-tech\server\recovery\reports\health-check-2026-07-20T03-34-23-562Z.json
[2026-07-20T03:34:23.572Z] node: [2026-07-20T03:34:23.572Z] 🧾 TXT report: D:\alpha-tech\server\recovery\reports\health-check-2026-07-20T03-34-23-562Z.txt
[2026-07-20T03:34:23.572Z] node: [2026-07-20T03:34:23.572Z] ✅ Overall: PASS
[2026-07-20T03:34:23.593Z] ▶️  Run: node qb.js
[2026-07-20T03:34:24.095Z] node: 🔌 Connected to PostgreSQL successfully.
[2026-07-20T03:34:24.604Z] node: ⏳ Starting P1 Hardened Backup v6 Type-aware + generic self-reference FK safe restore...
[2026-07-20T03:34:30.259Z] node: 📦 Exporting table: Bank
[2026-07-20T03:34:30.276Z] node: 📦 Exporting table: Brand
[2026-07-20T03:34:30.357Z] node: 📦 Exporting table: Category
[2026-07-20T03:34:30.396Z] node: 📦 Exporting table: GlobalProductType
[2026-07-20T03:34:30.432Z] node: 📦 Exporting table: Position
[2026-07-20T03:34:30.469Z] node: 📦 Exporting table: Province
[2026-07-20T03:34:30.508Z] node: 📦 Exporting table: District
[2026-07-20T03:34:30.728Z] node: 📦 Exporting table: Subdistrict
[2026-07-20T03:34:30.865Z] node: 📦 Exporting table: Branch
[2026-07-20T03:34:30.905Z] node: 📦 Exporting table: BarcodeCounter
[2026-07-20T03:34:30.942Z] node: 📦 Exporting table: PaymentCodeCounter
[2026-07-20T03:34:30.979Z] node: 📦 Exporting table: ProductType
[2026-07-20T03:34:31.020Z] node: 📦 Exporting table: ProductTypeBrand
[2026-07-20T03:34:31.092Z] node: 📦 Exporting table: Supplier
[2026-07-20T03:34:31.138Z] node: 📦 Exporting table: Unit
[2026-07-20T03:34:31.183Z] node: 📦 Exporting table: Product
[2026-07-20T03:34:31.322Z] node: 📦 Exporting table: BranchPrice
[2026-07-20T03:34:31.418Z] node: 📦 Exporting table: ProductImage
[2026-07-20T03:34:31.455Z] node: 📦 Exporting table: StockBalance
[2026-07-20T03:34:31.519Z] node: 📦 Exporting table: User
[2026-07-20T03:34:31.564Z] node: 📦 Exporting table: CustomerProfile
[2026-07-20T03:34:31.609Z] node: 📦 Exporting table: Cart
[2026-07-20T03:34:31.646Z] node: 📦 Exporting table: CartItem
[2026-07-20T03:34:31.682Z] node: 📦 Exporting table: EmployeeProfile
[2026-07-20T03:34:31.719Z] node: 📦 Exporting table: CombinedBillingDocument
[2026-07-20T03:34:31.757Z] node: 📦 Exporting table: CombinedSaleDocument
[2026-07-20T03:34:31.803Z] node: 📦 Exporting table: CustomerDeposit
[2026-07-20T03:34:31.842Z] node: 📦 Exporting table: CustomerReceipts
[2026-07-20T03:34:31.887Z] node: 📦 Exporting table: InputTaxFilingBatch
[2026-07-20T03:34:31.921Z] node: 📦 Exporting table: Order
[2026-07-20T03:34:31.958Z] node: 📦 Exporting table: OrderOnline
[2026-07-20T03:34:31.994Z] node: 📦 Exporting table: OrderOnlineItem
[2026-07-20T03:34:32.030Z] node: 📦 Exporting table: PasswordResetToken
[2026-07-20T03:34:32.067Z] node: 📦 Exporting table: ProductOnOrder
[2026-07-20T03:34:32.103Z] node: 📦 Exporting table: PurchaseOrder
[2026-07-20T03:34:32.141Z] node: 📦 Exporting table: PurchaseOrderItem
[2026-07-20T03:34:32.181Z] node: 📦 Exporting table: PurchaseOrderReceipt
[2026-07-20T03:34:32.220Z] node: 📦 Exporting table: InputTaxFilingItem
[2026-07-20T03:34:32.262Z] node: 📦 Exporting table: PurchaseOrderReceiptItem
[2026-07-20T03:34:32.304Z] node: 📦 Exporting table: RefreshToken
[2026-07-20T03:34:32.588Z] node: 📦 Exporting table: Sale
[2026-07-20T03:34:32.636Z] node: 📦 Exporting table: CustomerReceiptAllocations
[2026-07-20T03:34:32.674Z] node: 📦 Exporting table: Payment
[2026-07-20T03:34:32.713Z] node: 📦 Exporting table: DepositUsage
[2026-07-20T03:34:32.754Z] node: 📦 Exporting table: PaymentItem
[2026-07-20T03:34:32.793Z] node: 📦 Exporting table: SaleReturn
[2026-07-20T03:34:32.828Z] node: 📦 Exporting table: RefundTransaction
[2026-07-20T03:34:32.864Z] node: 📦 Exporting table: SalesTaxFilingBatch
[2026-07-20T03:34:32.900Z] node: 📦 Exporting table: SalesTaxFilingItem
[2026-07-20T03:34:32.936Z] node: 📦 Exporting table: ServiceOrder
[2026-07-20T03:34:32.972Z] node: 📦 Exporting table: ServiceItem
[2026-07-20T03:34:33.009Z] node: 📦 Exporting table: SimpleLot
[2026-07-20T03:34:33.050Z] node: 📦 Exporting table: SaleItemSimple
[2026-07-20T03:34:33.083Z] node: 📦 Exporting table: SaleReturnItemSimple
[2026-07-20T03:34:33.119Z] node: 📦 Exporting table: StockAuditSession
[2026-07-20T03:34:33.158Z] node: 📦 Exporting table: StockItem
[2026-07-20T03:34:33.353Z] node: 📦 Exporting table: BarcodeReceiptItem
[2026-07-20T03:34:33.407Z] node: 📦 Exporting table: RepairJob
[2026-07-20T03:34:33.443Z] node: 📦 Exporting table: RepairPartItem
[2026-07-20T03:34:33.485Z] node: 📦 Exporting table: SaleItem
[2026-07-20T03:34:33.536Z] node: 📦 Exporting table: SaleReturnItem
[2026-07-20T03:34:33.572Z] node: 📦 Exporting table: StockAuditScanLog
[2026-07-20T03:34:33.609Z] node: 📦 Exporting table: StockAuditSnapshotItem
[2026-07-20T03:34:33.664Z] node: 📦 Exporting table: StockMovement
[2026-07-20T03:34:33.722Z] node: 📦 Exporting table: SupplierPayment
[2026-07-20T03:34:33.759Z] node: 📦 Exporting table: SupplierPaymentReceipt
[2026-07-20T03:34:33.795Z] node: 📦 Exporting table: V2CustomerDeposit
[2026-07-20T03:34:33.831Z] node: 📦 Exporting table: V2StockAudit
[2026-07-20T03:34:33.867Z] node: 📦 Exporting table: V2StockAuditItem
[2026-07-20T03:34:33.903Z] node: 📦 Exporting table: WarrantyClaim
[2026-07-20T03:34:36.562Z] node: 🎉 P1 Hardened Backup v6 Type-aware + generic self-reference FK safe restore completed successfully.
[2026-07-20T03:34:36.589Z] node: 💾 Backup file: D:\alpha-tech\server\backups\alphatech_hardened_backup_v6_2026-07-20_2026-07-20T03-34-30-166Z.sql
[2026-07-20T03:34:36.590Z] node: 🧾 Manifest file: D:\alpha-tech\server\backups\alphatech_hardened_backup_v6_2026-07-20_2026-07-20T03-34-30-166Z.manifest.json
[2026-07-20T03:34:36.590Z] node: 📊 Tables exported: 70
[2026-07-20T03:34:36.591Z] node: 📦 Rows exported: 25106
[2026-07-20T03:34:36.591Z] node: 🔢 Sequences prepared: 67
[2026-07-20T03:34:36.592Z] node: 🔐 SHA256: 014a566b9c844c8d9f407cf54281ee4756af3d969b0f6630e4d1ae38264c9068
[2026-07-20T03:34:36.592Z] node: 📐 File size: 8.79 MB
[2026-07-20T03:34:36.592Z] node: ⏱️ Duration: 10.21 seconds
[2026-07-20T03:34:36.592Z] node: ✅ Verification: PASS (70 tables checked)
[2026-07-20T03:34:36.707Z] ▶️  Run: node recovery/upload/uploadBackup.js --manifest D:\alpha-tech\server\backups\alphatech_hardened_backup_v6_2026-07-20_2026-07-20T03-34-30-166Z.manifest.json
[2026-07-20T03:34:36.820Z] node: [2026-07-20T03:34:36.813Z] ============================================================
[2026-07-20T03:34:36.824Z] node: [2026-07-20T03:34:36.824Z] AlphaTech Recovery Upload ALPHATECH-RECOVERY-UPLOAD-V2-S3-COMPATIBLE
[2026-07-20T03:34:36.825Z] node: [2026-07-20T03:34:36.825Z] ============================================================
[2026-07-20T03:34:37.101Z] node stderr: (node:2108) Warning: NodeVersionSupportWarning: The AWS SDK for JavaScript (v3)
[2026-07-20T03:34:37.101Z] node stderr: versions published after the first week of January 2027
[2026-07-20T03:34:37.102Z] node stderr: will require node >=22. You are running node v20.19.0.
[2026-07-20T03:34:37.102Z] node stderr: To continue receiving updates to AWS services, bug fixes,
[2026-07-20T03:34:37.102Z] node stderr: and security updates please upgrade to node >=22.
[2026-07-20T03:34:37.102Z] node stderr: More information can be found at: https://a.co/c895JFp
[2026-07-20T03:34:37.102Z] node stderr: (Use `node --trace-warnings ...` to show where the warning was created)
[2026-07-20T03:34:39.912Z] node: [2026-07-20T03:34:39.911Z] JSON report: D:\alpha-tech\server\recovery\reports\upload-report-2026-07-20T03-34-39-907Z.json
[2026-07-20T03:34:39.912Z] node: [2026-07-20T03:34:39.912Z] TXT report: D:\alpha-tech\server\recovery\reports\upload-report-2026-07-20T03-34-39-907Z.txt
[2026-07-20T03:34:39.912Z] node: [2026-07-20T03:34:39.912Z] Overall: PASS
[2026-07-20T03:34:40.408Z] ------------------------------------------------------------
[2026-07-20T03:34:40.409Z] Target      : cloudflare-r2
[2026-07-20T03:34:40.409Z] Bucket      : saduaksabuy-recovery
[2026-07-20T03:34:40.409Z] Prefix      : alphatech-production/
[2026-07-20T03:34:40.409Z] Retention   : 7 day(s)
[2026-07-20T03:34:40.410Z] Mode        : APPLY
[2026-07-20T03:34:40.411Z] Scanned     : 84
[2026-07-20T03:34:40.412Z] Candidates  : 0
[2026-07-20T03:34:40.412Z] Deleted     : 0
[2026-07-20T03:34:40.412Z] Remaining   : 84
[2026-07-20T03:34:40.412Z] Failed      : 0
[2026-07-20T03:34:40.413Z] ▶️  Run: node recovery/retention/retentionPolicy.js --apply
[2026-07-20T03:34:40.504Z] node: [2026-07-20T03:34:40.498Z] ============================================================
[2026-07-20T03:34:40.506Z] node: [2026-07-20T03:34:40.506Z] 🧹 AlphaTech Recovery Retention ALPHATECH-RECOVERY-RETENTION-V1
[2026-07-20T03:34:40.506Z] node: [2026-07-20T03:34:40.507Z] ============================================================
[2026-07-20T03:34:40.507Z] node: [2026-07-20T03:34:40.507Z] Mode: APPLY
[2026-07-20T03:34:40.516Z] node: [2026-07-20T03:34:40.516Z] ------------------------------------------------------------
[2026-07-20T03:34:40.517Z] node: [2026-07-20T03:34:40.517Z] Target      : local-backups
[2026-07-20T03:34:40.517Z] node: [2026-07-20T03:34:40.517Z] Directory   : D:\alpha-tech\server\backups
[2026-07-20T03:34:40.517Z] node: [2026-07-20T03:34:40.518Z] Retention   : 3 day(s)
[2026-07-20T03:34:40.518Z] node: [2026-07-20T03:34:40.518Z] Scanned     : 46
[2026-07-20T03:34:40.518Z] node: [2026-07-20T03:34:40.519Z] Candidates  : 2
[2026-07-20T03:34:40.519Z] node: [2026-07-20T03:34:40.519Z] Deleted     : 2
[2026-07-20T03:34:40.519Z] node: [2026-07-20T03:34:40.520Z] Remaining   : 44
[2026-07-20T03:34:40.520Z] node: [2026-07-20T03:34:40.520Z] Failed      : 0
[2026-07-20T03:34:40.520Z] node: [2026-07-20T03:34:40.520Z] ------------------------------------------------------------
[2026-07-20T03:34:40.521Z] node: [2026-07-20T03:34:40.521Z] Target      : offsite-local-mirror
[2026-07-20T03:34:40.521Z] node: [2026-07-20T03:34:40.521Z] Directory   : D:\alpha-tech\server\recovery\offsite
[2026-07-20T03:34:40.521Z] node: [2026-07-20T03:34:40.521Z] Retention   : 7 day(s)
[2026-07-20T03:34:40.522Z] node: [2026-07-20T03:34:40.522Z] Scanned     : 0
[2026-07-20T03:34:40.522Z] node: [2026-07-20T03:34:40.522Z] Candidates  : 0
[2026-07-20T03:34:40.522Z] node: [2026-07-20T03:34:40.523Z] Deleted     : 0
[2026-07-20T03:34:40.523Z] node: [2026-07-20T03:34:40.523Z] Remaining   : 0
[2026-07-20T03:34:40.523Z] node: [2026-07-20T03:34:40.524Z] Failed      : 0
[2026-07-20T03:34:40.526Z] node: [2026-07-20T03:34:40.526Z] 🧾 JSON report: D:\alpha-tech\server\recovery\reports\retention-report-2026-07-20T03-34-40-524Z.json
[2026-07-20T03:34:40.526Z] node: [2026-07-20T03:34:40.527Z] 🧾 TXT report: D:\alpha-tech\server\recovery\reports\retention-report-2026-07-20T03-34-40-524Z.txt
[2026-07-20T03:34:40.528Z] node: [2026-07-20T03:34:40.527Z] ✅ Overall: PASS
[2026-07-20T03:34:40.538Z] ▶️  Run: node qbrs.js --manifest D:\alpha-tech\server\backups\alphatech_hardened_backup_v6_2026-07-20_2026-07-20T03-34-30-166Z.manifest.json --init --yes --reset-schema
[2026-07-20T03:34:40.715Z] node: [2026-07-20T03:34:40.713Z] ============================================================
[2026-07-20T03:34:40.717Z] node: [2026-07-20T03:34:40.717Z] 🚑 AlphaTech Restore Tool P1-HARDENED-RESTORE-V3-NODE-PG
[2026-07-20T03:34:40.717Z] node: [2026-07-20T03:34:40.717Z] ============================================================
[2026-07-20T03:34:40.758Z] node: [2026-07-20T03:34:40.758Z] ✅ Manifest loaded.
[2026-07-20T03:34:40.758Z] node: [2026-07-20T03:34:40.758Z] ✅ SQL file: D:\alpha-tech\server\backups\alphatech_hardened_backup_v6_2026-07-20_2026-07-20T03-34-30-166Z.sql
[2026-07-20T03:34:40.759Z] node: [2026-07-20T03:34:40.759Z] ✅ SHA256 verified: 014a566b9c844c8d9f407cf54281ee4756af3d969b0f6630e4d1ae38264c9068
[2026-07-20T03:34:40.760Z] node: [2026-07-20T03:34:40.760Z] 🎯 Target DB: postgresql://postgres:***@db.engqdeyzbvnmxbnpemau.supabase.co:5432/postgres
[2026-07-20T03:34:40.761Z] node: [2026-07-20T03:34:40.760Z] 🎯 Host: db.engqdeyzbvnmxbnpemau.supabase.co
[2026-07-20T03:34:40.763Z] node: [2026-07-20T03:34:40.763Z] 🎯 Port: 5432
[2026-07-20T03:34:40.763Z] node: [2026-07-20T03:34:40.763Z] 🎯 Database: postgres
[2026-07-20T03:34:40.764Z] node: [2026-07-20T03:34:40.764Z] 🎯 Schema: public
[2026-07-20T03:34:41.142Z] node: [2026-07-20T03:34:41.142Z] 🔌 Connected to target PostgreSQL successfully.
[2026-07-20T03:34:44.285Z] node: [2026-07-20T03:34:44.286Z] 📊 Existing tables: 70
[2026-07-20T03:34:44.286Z] node: [2026-07-20T03:34:44.286Z] 📦 Existing rows: 24983
[2026-07-20T03:34:44.287Z] node: [2026-07-20T03:34:44.286Z] 🔎 Product: 1910
[2026-07-20T03:34:44.287Z] node: [2026-07-20T03:34:44.287Z] 🔎 BranchPrice: 1908
[2026-07-20T03:34:44.287Z] node: [2026-07-20T03:34:44.287Z] 🔎 StockItem: 3101
[2026-07-20T03:34:44.288Z] node: [2026-07-20T03:34:44.287Z] 🔎 Sale: 35
[2026-07-20T03:34:44.288Z] node: [2026-07-20T03:34:44.287Z] 🔎 SaleItem: 107
[2026-07-20T03:34:44.288Z] node: [2026-07-20T03:34:44.288Z] 🔎 SaleItemSimple: 0
[2026-07-20T03:34:44.289Z] node: [2026-07-20T03:34:44.288Z] 🔎 Payment: 21
[2026-07-20T03:34:44.289Z] node: [2026-07-20T03:34:44.288Z] 🔎 PaymentItem: 21
[2026-07-20T03:34:44.541Z] node: [2026-07-20T03:34:44.541Z] 🧨 Resetting target schema "public" before restore...
[2026-07-20T03:34:44.542Z] node: [2026-07-20T03:34:44.541Z] 🛡️ This action is intended for Recovery / Standby DB only.
[2026-07-20T03:34:44.974Z] node: [2026-07-20T03:34:44.974Z] ✅ Schema "public" reset completed.
[2026-07-20T03:34:45.009Z] node: [2026-07-20T03:34:45.009Z] 🧱 Running Prisma db push against Recovery DB only...
[2026-07-20T03:34:45.010Z] node: [2026-07-20T03:34:45.009Z] 🛡️ DATABASE_URL is injected from RESTORE_DATABASE_URL/RECOVERY_DATABASE_URL for this process only.
[2026-07-20T03:34:50.534Z] node: [2026-07-20T03:34:50.534Z] npx stderr: Environment variables loaded from .env
[2026-07-20T03:34:50.552Z] node: [2026-07-20T03:34:50.553Z] npx: Prisma schema loaded from prisma\schema.prisma
[2026-07-20T03:34:50.568Z] node: [2026-07-20T03:34:50.568Z] npx: Datasource "db": PostgreSQL database "postgres", schema "public" at "db.engqdeyzbvnmxbnpemau.supabase.co:5432"
[2026-07-20T03:35:07.206Z] node: [2026-07-20T03:35:07.206Z] npx: Your database is now in sync with your Prisma schema. Done in 15.94s
[2026-07-20T03:35:07.212Z] node: [2026-07-20T03:35:07.212Z] npx: Running generate... (Use --skip-generate to skip the generators)
[2026-07-20T03:35:08.826Z] node: [2026-07-20T03:35:08.750Z] npx: [2K[1A[2K[GRunning generate... - Prisma Client
[2026-07-20T03:35:10.684Z] node: [2026-07-20T03:35:10.684Z] npx: [2K[1A[2K[G✔ Generated Prisma Client (v6.16.2) to .\node_modules\.prisma\client in 1.93s
[2026-07-20T03:35:10.858Z] node: [2026-07-20T03:35:10.858Z] ✅ Prisma db push completed for Recovery DB.
[2026-07-20T03:35:21.167Z] node: [2026-07-20T03:35:21.044Z] 📊 Existing tables: 70
[2026-07-20T03:35:21.389Z] node: [2026-07-20T03:35:21.071Z] 📦 Existing rows: 0
[2026-07-20T03:35:21.390Z] node: [2026-07-20T03:35:21.071Z] 🔎 Product: 0
[2026-07-20T03:35:21.391Z] node: [2026-07-20T03:35:21.071Z] 🔎 BranchPrice: 0
[2026-07-20T03:35:21.392Z] node: [2026-07-20T03:35:21.072Z] 🔎 StockItem: 0
[2026-07-20T03:35:21.393Z] node: [2026-07-20T03:35:21.072Z] 🔎 Sale: 0
[2026-07-20T03:35:21.394Z] node: [2026-07-20T03:35:21.072Z] 🔎 SaleItem: 0
[2026-07-20T03:35:21.394Z] node: [2026-07-20T03:35:21.072Z] 🔎 SaleItemSimple: 0
[2026-07-20T03:35:21.395Z] node: [2026-07-20T03:35:21.072Z] 🔎 Payment: 0
[2026-07-20T03:35:21.395Z] node: [2026-07-20T03:35:21.073Z] 🔎 PaymentItem: 0
[2026-07-20T03:35:21.834Z] node: [2026-07-20T03:35:21.834Z] 📖 SQL loaded into memory (8.79 MB).
[2026-07-20T03:35:21.836Z] node: [2026-07-20T03:35:21.835Z] 🚚 Starting SQL restore via Node.js pg client...
[2026-07-20T03:35:25.934Z] node: [2026-07-20T03:35:25.934Z] ✅ SQL restore completed via Node.js pg client.
[2026-07-20T03:35:28.771Z] node: [2026-07-20T03:35:28.771Z] ✅ Restore verification PASS (70 tables checked).
[2026-07-20T03:35:28.772Z] node: [2026-07-20T03:35:28.771Z] 🎉 Restore completed successfully in 48.06 seconds.
[2026-07-20T03:35:28.897Z] ▶️  Run: node recovery/verify/qbv.js
[2026-07-20T03:35:29.090Z] node: [2026-07-20T03:35:29.088Z] ============================================================
[2026-07-20T03:35:29.093Z] node: [2026-07-20T03:35:29.093Z] 🔎 AlphaTech Integrity Verification ALPHATECH-RECOVERY-VERIFY-V1
[2026-07-20T03:35:29.093Z] node: [2026-07-20T03:35:29.093Z] ============================================================
[2026-07-20T03:35:29.094Z] node: [2026-07-20T03:35:29.093Z] Collecting Production snapshot...
[2026-07-20T03:35:39.881Z] node: [2026-07-20T03:35:39.881Z] Collecting Recovery snapshot...
[2026-07-20T03:35:50.832Z] node: [2026-07-20T03:35:50.832Z] Comparing snapshots...
[2026-07-20T03:35:50.848Z] node: [2026-07-20T03:35:50.849Z] 🧾 JSON report: D:\alpha-tech\server\recovery\reports\verification-report_2026-07-20T03-35-50-836Z.json
[2026-07-20T03:35:50.849Z] node: [2026-07-20T03:35:50.849Z] 🧾 TXT report: D:\alpha-tech\server\recovery\reports\verification-report_2026-07-20T03-35-50-836Z.txt
[2026-07-20T03:35:50.849Z] node: [2026-07-20T03:35:50.849Z] ✅ Overall: PASS
[2026-07-20T03:35:50.871Z] 🧾 Job manifest: D:\alpha-tech\server\recovery\jobs\job-2026-07-20T03-34-22-503Z.json
[2026-07-20T03:35:50.872Z] ✅ Job result: PASS exitCode=0
