[2026-07-23T19:39:49.130Z] ============================================================
[2026-07-23T19:39:49.136Z] 🧭 AlphaTech Recovery Retention Workflow ALPHATECH-RECOVERY-JOB-RUNNER-V7-R2-RETENTION
[2026-07-23T19:39:49.137Z] ============================================================
[2026-07-23T19:39:49.138Z] Mode: backup-workflow
[2026-07-23T19:39:49.139Z] ▶️  Run: node recovery/health/healthCheck.js
[2026-07-23T19:39:49.312Z] node: [2026-07-23T19:39:49.310Z] ============================================================
[2026-07-23T19:39:49.313Z] node: [2026-07-23T19:39:49.313Z] 🩺 AlphaTech Recovery Health Check ALPHATECH-RECOVERY-HEALTH-CHECK-V1
[2026-07-23T19:39:49.314Z] node: [2026-07-23T19:39:49.314Z] ============================================================
[2026-07-23T19:39:50.127Z] node: [2026-07-23T19:39:50.127Z] 🧾 JSON report: D:\alpha-tech\server\recovery\reports\health-check-2026-07-23T19-39-50-123Z.json
[2026-07-23T19:39:50.128Z] node: [2026-07-23T19:39:50.128Z] 🧾 TXT report: D:\alpha-tech\server\recovery\reports\health-check-2026-07-23T19-39-50-123Z.txt
[2026-07-23T19:39:50.130Z] node: [2026-07-23T19:39:50.129Z] ✅ Overall: PASS
[2026-07-23T19:39:50.149Z] ▶️  Run: node qb.js
[2026-07-23T19:39:50.672Z] node: 🔌 Connected to PostgreSQL successfully.
[2026-07-23T19:39:50.682Z] node: ⏳ Starting P1 Hardened Backup v6 Type-aware + generic self-reference FK safe restore...
[2026-07-23T19:39:54.558Z] node: 📦 Exporting table: Bank
[2026-07-23T19:39:54.597Z] node: 📦 Exporting table: Brand
[2026-07-23T19:39:54.642Z] node: 📦 Exporting table: Category
[2026-07-23T19:39:54.680Z] node: 📦 Exporting table: GlobalProductType
[2026-07-23T19:39:54.718Z] node: 📦 Exporting table: Position
[2026-07-23T19:39:54.754Z] node: 📦 Exporting table: Province
[2026-07-23T19:39:54.792Z] node: 📦 Exporting table: District
[2026-07-23T19:39:54.848Z] node: 📦 Exporting table: Subdistrict
[2026-07-23T19:39:55.040Z] node: 📦 Exporting table: Branch
[2026-07-23T19:39:55.081Z] node: 📦 Exporting table: BarcodeCounter
[2026-07-23T19:39:55.118Z] node: 📦 Exporting table: PaymentCodeCounter
[2026-07-23T19:39:55.155Z] node: 📦 Exporting table: ProductType
[2026-07-23T19:39:55.196Z] node: 📦 Exporting table: ProductTypeBrand
[2026-07-23T19:39:55.240Z] node: 📦 Exporting table: Supplier
[2026-07-23T19:39:55.279Z] node: 📦 Exporting table: Unit
[2026-07-23T19:39:55.316Z] node: 📦 Exporting table: Product
[2026-07-23T19:39:55.459Z] node: 📦 Exporting table: BranchPrice
[2026-07-23T19:39:55.547Z] node: 📦 Exporting table: ProductImage
[2026-07-23T19:39:55.584Z] node: 📦 Exporting table: StockBalance
[2026-07-23T19:39:55.645Z] node: 📦 Exporting table: User
[2026-07-23T19:39:55.689Z] node: 📦 Exporting table: CustomerProfile
[2026-07-23T19:39:55.735Z] node: 📦 Exporting table: Cart
[2026-07-23T19:39:55.772Z] node: 📦 Exporting table: CartItem
[2026-07-23T19:39:55.808Z] node: 📦 Exporting table: EmployeeProfile
[2026-07-23T19:39:55.845Z] node: 📦 Exporting table: CombinedBillingDocument
[2026-07-23T19:39:55.882Z] node: 📦 Exporting table: CombinedSaleDocument
[2026-07-23T19:39:55.918Z] node: 📦 Exporting table: CustomerDeposit
[2026-07-23T19:39:55.957Z] node: 📦 Exporting table: CustomerReceipts
[2026-07-23T19:39:55.994Z] node: 📦 Exporting table: InputTaxFilingBatch
[2026-07-23T19:39:56.030Z] node: 📦 Exporting table: Order
[2026-07-23T19:39:56.067Z] node: 📦 Exporting table: OrderOnline
[2026-07-23T19:39:56.104Z] node: 📦 Exporting table: OrderOnlineItem
[2026-07-23T19:39:56.141Z] node: 📦 Exporting table: PasswordResetToken
[2026-07-23T19:39:56.177Z] node: 📦 Exporting table: ProductOnOrder
[2026-07-23T19:39:56.214Z] node: 📦 Exporting table: PurchaseOrder
[2026-07-23T19:39:56.252Z] node: 📦 Exporting table: PurchaseOrderItem
[2026-07-23T19:39:56.295Z] node: 📦 Exporting table: PurchaseOrderReceipt
[2026-07-23T19:39:56.335Z] node: 📦 Exporting table: InputTaxFilingItem
[2026-07-23T19:39:56.372Z] node: 📦 Exporting table: PurchaseOrderReceiptItem
[2026-07-23T19:39:56.413Z] node: 📦 Exporting table: RefreshToken
[2026-07-23T19:39:56.644Z] node: 📦 Exporting table: Sale
[2026-07-23T19:39:56.687Z] node: 📦 Exporting table: CustomerReceiptAllocations
[2026-07-23T19:39:56.725Z] node: 📦 Exporting table: Payment
[2026-07-23T19:39:56.764Z] node: 📦 Exporting table: DepositUsage
[2026-07-23T19:39:56.801Z] node: 📦 Exporting table: PaymentItem
[2026-07-23T19:39:56.841Z] node: 📦 Exporting table: SaleReturn
[2026-07-23T19:39:56.879Z] node: 📦 Exporting table: RefundTransaction
[2026-07-23T19:39:56.916Z] node: 📦 Exporting table: SaleReturnCompletionCommand
[2026-07-23T19:39:56.953Z] node: 📦 Exporting table: SalesCompletionCommand
[2026-07-23T19:39:56.989Z] node: 📦 Exporting table: SalesTaxFilingBatch
[2026-07-23T19:39:57.026Z] node: 📦 Exporting table: SalesTaxFilingItem
[2026-07-23T19:39:57.062Z] node: 📦 Exporting table: ServiceOrder
[2026-07-23T19:39:57.099Z] node: 📦 Exporting table: ServiceItem
[2026-07-23T19:39:57.135Z] node: 📦 Exporting table: SimpleLot
[2026-07-23T19:39:57.172Z] node: 📦 Exporting table: SaleItemSimple
[2026-07-23T19:39:57.209Z] node: 📦 Exporting table: SaleReturnItemSimple
[2026-07-23T19:39:57.245Z] node: 📦 Exporting table: StockAuditSession
[2026-07-23T19:39:57.285Z] node: 📦 Exporting table: StockItem
[2026-07-23T19:39:57.475Z] node: 📦 Exporting table: BarcodeReceiptItem
[2026-07-23T19:39:57.544Z] node: 📦 Exporting table: RepairJob
[2026-07-23T19:39:57.581Z] node: 📦 Exporting table: RepairPartItem
[2026-07-23T19:39:57.618Z] node: 📦 Exporting table: SaleItem
[2026-07-23T19:39:57.659Z] node: 📦 Exporting table: SaleReturnItem
[2026-07-23T19:39:57.696Z] node: 📦 Exporting table: StockAuditScanLog
[2026-07-23T19:39:57.733Z] node: 📦 Exporting table: StockAuditSnapshotItem
[2026-07-23T19:39:57.784Z] node: 📦 Exporting table: StockMovement
[2026-07-23T19:39:57.862Z] node: 📦 Exporting table: SupplierPayment
[2026-07-23T19:39:57.903Z] node: 📦 Exporting table: SupplierPaymentReceipt
[2026-07-23T19:39:57.940Z] node: 📦 Exporting table: V2CustomerDeposit
[2026-07-23T19:39:57.977Z] node: 📦 Exporting table: V2StockAudit
[2026-07-23T19:39:58.013Z] node: 📦 Exporting table: V2StockAuditItem
[2026-07-23T19:39:58.049Z] node: 📦 Exporting table: WarrantyClaim
[2026-07-23T19:39:58.086Z] node: 📦 Exporting table: WarrantyClaimCompletionCommand
[2026-07-23T19:39:58.122Z] node: 📦 Exporting table: WarrantyClaimEvent
[2026-07-23T19:40:00.891Z] node: 🎉 P1 Hardened Backup v6 Type-aware + generic self-reference FK safe restore completed successfully.
[2026-07-23T19:40:00.901Z] node: 💾 Backup file: D:\alpha-tech\server\backups\alphatech_hardened_backup_v6_2026-07-23_2026-07-23T19-39-54-477Z.sql
[2026-07-23T19:40:00.902Z] node: 🧾 Manifest file: D:\alpha-tech\server\backups\alphatech_hardened_backup_v6_2026-07-23_2026-07-23T19-39-54-477Z.manifest.json
[2026-07-23T19:40:00.904Z] node: 📊 Tables exported: 74
[2026-07-23T19:40:01.207Z] node: 📦 Rows exported: 28209
[2026-07-23T19:40:01.208Z] node: 🔢 Sequences prepared: 71
[2026-07-23T19:40:01.208Z] node: 🔐 SHA256: 07d635e7b1d413669b5b7ecfe0883ffe326b100124f0723d9233ed02702cbb0d
[2026-07-23T19:40:01.209Z] node: 📐 File size: 10.40 MB
[2026-07-23T19:40:01.209Z] node: ⏱️ Duration: 7.83 seconds
[2026-07-23T19:40:01.210Z] node: ✅ Verification: PASS (74 tables checked)
[2026-07-23T19:40:01.216Z] ▶️  Run: node recovery/upload/uploadBackup.js --manifest D:\alpha-tech\server\backups\alphatech_hardened_backup_v6_2026-07-23_2026-07-23T19-39-54-477Z.manifest.json
[2026-07-23T19:40:01.299Z] node: [2026-07-23T19:40:01.294Z] ============================================================
[2026-07-23T19:40:01.302Z] node: [2026-07-23T19:40:01.302Z] AlphaTech Recovery Upload ALPHATECH-RECOVERY-UPLOAD-V2-S3-COMPATIBLE
[2026-07-23T19:40:01.304Z] node: [2026-07-23T19:40:01.303Z] ============================================================
[2026-07-23T19:40:01.575Z] node stderr: (node:3204) Warning: NodeVersionSupportWarning: The AWS SDK for JavaScript (v3)
[2026-07-23T19:40:01.576Z] node stderr: versions published after the first week of January 2027
[2026-07-23T19:40:01.577Z] node stderr: will require node >=22. You are running node v20.19.0.
[2026-07-23T19:40:01.577Z] node stderr: To continue receiving updates to AWS services, bug fixes,
[2026-07-23T19:40:01.579Z] node stderr: and security updates please upgrade to node >=22.
[2026-07-23T19:40:01.580Z] node stderr: More information can be found at: https://a.co/c895JFp
[2026-07-23T19:40:01.581Z] node stderr: (Use `node --trace-warnings ...` to show where the warning was created)
[2026-07-23T19:40:03.243Z] node: [2026-07-23T19:40:03.243Z] JSON report: D:\alpha-tech\server\recovery\reports\upload-report-2026-07-23T19-40-03-240Z.json
[2026-07-23T19:40:03.245Z] node: [2026-07-23T19:40:03.244Z] TXT report: D:\alpha-tech\server\recovery\reports\upload-report-2026-07-23T19-40-03-240Z.txt
[2026-07-23T19:40:03.246Z] node: [2026-07-23T19:40:03.245Z] Overall: PASS
[2026-07-23T19:40:04.169Z] ------------------------------------------------------------
[2026-07-23T19:40:04.171Z] Target      : cloudflare-r2
[2026-07-23T19:40:04.171Z] Bucket      : saduaksabuy-recovery
[2026-07-23T19:40:04.172Z] Prefix      : alphatech-production/
[2026-07-23T19:40:04.173Z] Retention   : 7 day(s)
[2026-07-23T19:40:04.174Z] Mode        : APPLY
[2026-07-23T19:40:04.174Z] Scanned     : 94
[2026-07-23T19:40:04.175Z] Candidates  : 0
[2026-07-23T19:40:04.176Z] Deleted     : 0
[2026-07-23T19:40:04.176Z] Remaining   : 94
[2026-07-23T19:40:04.177Z] Failed      : 0
[2026-07-23T19:40:04.178Z] ▶️  Run: node recovery/retention/retentionPolicy.js --apply
[2026-07-23T19:40:04.276Z] node: [2026-07-23T19:40:04.270Z] ============================================================
[2026-07-23T19:40:04.279Z] node: [2026-07-23T19:40:04.279Z] 🧹 AlphaTech Recovery Retention ALPHATECH-RECOVERY-RETENTION-V1
[2026-07-23T19:40:04.280Z] node: [2026-07-23T19:40:04.280Z] ============================================================
[2026-07-23T19:40:04.283Z] node: [2026-07-23T19:40:04.283Z] Mode: APPLY
[2026-07-23T19:40:04.292Z] node: [2026-07-23T19:40:04.292Z] ------------------------------------------------------------
[2026-07-23T19:40:04.293Z] node: [2026-07-23T19:40:04.293Z] Target      : local-backups
[2026-07-23T19:40:04.295Z] node: [2026-07-23T19:40:04.294Z] Directory   : D:\alpha-tech\server\backups
[2026-07-23T19:40:04.296Z] node: [2026-07-23T19:40:04.296Z] Retention   : 3 day(s)
[2026-07-23T19:40:04.299Z] node: [2026-07-23T19:40:04.298Z] Scanned     : 42
[2026-07-23T19:40:04.301Z] node: [2026-07-23T19:40:04.299Z] Candidates  : 2
[2026-07-23T19:40:04.302Z] node: [2026-07-23T19:40:04.302Z] Deleted     : 2
[2026-07-23T19:40:04.304Z] node: [2026-07-23T19:40:04.303Z] Remaining   : 40
[2026-07-23T19:40:04.307Z] node: [2026-07-23T19:40:04.305Z] Failed      : 0
[2026-07-23T19:40:04.308Z] node: [2026-07-23T19:40:04.306Z] ------------------------------------------------------------
[2026-07-23T19:40:04.310Z] node: [2026-07-23T19:40:04.307Z] Target      : offsite-local-mirror
[2026-07-23T19:40:04.311Z] node: [2026-07-23T19:40:04.308Z] Directory   : D:\alpha-tech\server\recovery\offsite
[2026-07-23T19:40:04.314Z] node: [2026-07-23T19:40:04.308Z] Retention   : 7 day(s)
[2026-07-23T19:40:04.315Z] node: [2026-07-23T19:40:04.310Z] Scanned     : 0
[2026-07-23T19:40:04.317Z] node: [2026-07-23T19:40:04.311Z] Candidates  : 0
[2026-07-23T19:40:04.318Z] node: [2026-07-23T19:40:04.313Z] Deleted     : 0
[2026-07-23T19:40:04.320Z] node: [2026-07-23T19:40:04.314Z] Remaining   : 0
[2026-07-23T19:40:04.324Z] node: [2026-07-23T19:40:04.315Z] Failed      : 0
[2026-07-23T19:40:04.325Z] node: [2026-07-23T19:40:04.322Z] 🧾 JSON report: D:\alpha-tech\server\recovery\reports\retention-report-2026-07-23T19-40-04-316Z.json
[2026-07-23T19:40:04.327Z] node: [2026-07-23T19:40:04.323Z] 🧾 TXT report: D:\alpha-tech\server\recovery\reports\retention-report-2026-07-23T19-40-04-316Z.txt
[2026-07-23T19:40:04.329Z] node: [2026-07-23T19:40:04.323Z] ✅ Overall: PASS
[2026-07-23T19:40:04.338Z] ▶️  Run: node qbrs.js --manifest D:\alpha-tech\server\backups\alphatech_hardened_backup_v6_2026-07-23_2026-07-23T19-39-54-477Z.manifest.json --init --yes --reset-schema
[2026-07-23T19:40:04.483Z] node: [2026-07-23T19:40:04.481Z] ============================================================
[2026-07-23T19:40:04.493Z] node: [2026-07-23T19:40:04.492Z] 🚑 AlphaTech Restore Tool P1-HARDENED-RESTORE-V3-NODE-PG
[2026-07-23T19:40:04.496Z] node: [2026-07-23T19:40:04.493Z] ============================================================
[2026-07-23T19:40:04.539Z] node: [2026-07-23T19:40:04.539Z] ✅ Manifest loaded.
[2026-07-23T19:40:04.541Z] node: [2026-07-23T19:40:04.540Z] ✅ SQL file: D:\alpha-tech\server\backups\alphatech_hardened_backup_v6_2026-07-23_2026-07-23T19-39-54-477Z.sql
[2026-07-23T19:40:04.541Z] node: [2026-07-23T19:40:04.541Z] ✅ SHA256 verified: 07d635e7b1d413669b5b7ecfe0883ffe326b100124f0723d9233ed02702cbb0d
[2026-07-23T19:40:04.926Z] node: [2026-07-23T19:40:04.542Z] 🎯 Target DB: postgresql://postgres:***@db.engqdeyzbvnmxbnpemau.supabase.co:5432/postgres
[2026-07-23T19:40:04.926Z] node: [2026-07-23T19:40:04.542Z] 🎯 Host: db.engqdeyzbvnmxbnpemau.supabase.co
[2026-07-23T19:40:04.927Z] node: [2026-07-23T19:40:04.543Z] 🎯 Port: 5432
[2026-07-23T19:40:04.928Z] node: [2026-07-23T19:40:04.543Z] 🎯 Database: postgres
[2026-07-23T19:40:04.929Z] node: [2026-07-23T19:40:04.544Z] 🎯 Schema: public
[2026-07-23T19:40:05.268Z] node: [2026-07-23T19:40:05.268Z] 🔌 Connected to target PostgreSQL successfully.
[2026-07-23T19:40:08.721Z] node: [2026-07-23T19:40:08.721Z] 📊 Existing tables: 74
[2026-07-23T19:40:08.723Z] node: [2026-07-23T19:40:08.722Z] 📦 Existing rows: 28209
[2026-07-23T19:40:09.141Z] node: [2026-07-23T19:40:08.723Z] 🔎 Product: 2037
[2026-07-23T19:40:09.141Z] node: [2026-07-23T19:40:08.723Z] 🔎 BranchPrice: 2035
[2026-07-23T19:40:09.142Z] node: [2026-07-23T19:40:08.724Z] 🔎 StockItem: 3956
[2026-07-23T19:40:09.142Z] node: [2026-07-23T19:40:08.724Z] 🔎 Sale: 98
[2026-07-23T19:40:09.143Z] node: [2026-07-23T19:40:08.725Z] 🔎 SaleItem: 217
[2026-07-23T19:40:09.143Z] node: [2026-07-23T19:40:08.725Z] 🔎 SaleItemSimple: 0
[2026-07-23T19:40:09.144Z] node: [2026-07-23T19:40:08.726Z] 🔎 Payment: 76
[2026-07-23T19:40:09.144Z] node: [2026-07-23T19:40:08.726Z] 🔎 PaymentItem: 76
[2026-07-23T19:40:09.145Z] node: [2026-07-23T19:40:08.991Z] 🧨 Resetting target schema "public" before restore...
[2026-07-23T19:40:09.145Z] node: [2026-07-23T19:40:08.992Z] 🛡️ This action is intended for Recovery / Standby DB only.
[2026-07-23T19:40:09.657Z] node: [2026-07-23T19:40:09.657Z] ✅ Schema "public" reset completed.
[2026-07-23T19:40:09.694Z] node: [2026-07-23T19:40:09.693Z] 🧱 Running Prisma db push against Recovery DB only...
[2026-07-23T19:40:09.695Z] node: [2026-07-23T19:40:09.694Z] 🛡️ DATABASE_URL is injected from RESTORE_DATABASE_URL/RECOVERY_DATABASE_URL for this process only.
[2026-07-23T19:40:12.930Z] node: [2026-07-23T19:40:12.930Z] npx stderr: Environment variables loaded from .env
[2026-07-23T19:40:12.933Z] node: [2026-07-23T19:40:12.933Z] npx: Prisma schema loaded from prisma\schema.prisma
[2026-07-23T19:40:12.945Z] node: [2026-07-23T19:40:12.945Z] npx: Datasource "db": PostgreSQL database "postgres", schema "public" at "db.engqdeyzbvnmxbnpemau.supabase.co:5432"
[2026-07-23T19:40:31.496Z] node: [2026-07-23T19:40:31.496Z] npx: Your database is now in sync with your Prisma schema. Done in 18.03s
[2026-07-23T19:40:31.499Z] node: [2026-07-23T19:40:31.498Z] npx: Running generate... (Use --skip-generate to skip the generators)
[2026-07-23T19:40:32.648Z] node: [2026-07-23T19:40:32.647Z] npx: [2K[1A[2K[GRunning generate... - Prisma Client
[2026-07-23T19:40:33.953Z] node: [2026-07-23T19:40:33.953Z] npx: [2K[1A[2K[G✔ Generated Prisma Client (v6.16.2) to .\node_modules\.prisma\client in 1.29s
[2026-07-23T19:40:34.009Z] node: [2026-07-23T19:40:34.009Z] ✅ Prisma db push completed for Recovery DB.
[2026-07-23T19:40:37.057Z] node: [2026-07-23T19:40:37.056Z] 📊 Existing tables: 74
[2026-07-23T19:40:37.060Z] node: [2026-07-23T19:40:37.057Z] 📦 Existing rows: 0
[2026-07-23T19:40:37.060Z] node: [2026-07-23T19:40:37.057Z] 🔎 Product: 0
[2026-07-23T19:40:37.061Z] node: [2026-07-23T19:40:37.058Z] 🔎 BranchPrice: 0
[2026-07-23T19:40:37.062Z] node: [2026-07-23T19:40:37.058Z] 🔎 StockItem: 0
[2026-07-23T19:40:37.062Z] node: [2026-07-23T19:40:37.058Z] 🔎 Sale: 0
[2026-07-23T19:40:37.063Z] node: [2026-07-23T19:40:37.059Z] 🔎 SaleItem: 0
[2026-07-23T19:40:37.064Z] node: [2026-07-23T19:40:37.059Z] 🔎 SaleItemSimple: 0
[2026-07-23T19:40:37.065Z] node: [2026-07-23T19:40:37.059Z] 🔎 Payment: 0
[2026-07-23T19:40:37.066Z] node: [2026-07-23T19:40:37.059Z] 🔎 PaymentItem: 0
[2026-07-23T19:40:37.169Z] node: [2026-07-23T19:40:37.168Z] 📖 SQL loaded into memory (10.40 MB).
[2026-07-23T19:40:37.170Z] node: [2026-07-23T19:40:37.169Z] 🚚 Starting SQL restore via Node.js pg client...
[2026-07-23T19:40:42.124Z] node: [2026-07-23T19:40:42.124Z] ✅ SQL restore completed via Node.js pg client.
[2026-07-23T19:40:44.907Z] node: [2026-07-23T19:40:44.907Z] ✅ Restore verification PASS (74 tables checked).
[2026-07-23T19:40:44.908Z] node: [2026-07-23T19:40:44.907Z] 🎉 Restore completed successfully in 40.43 seconds.
[2026-07-23T19:40:45.211Z] ▶️  Run: node recovery/verify/qbv.js
[2026-07-23T19:40:45.357Z] node: [2026-07-23T19:40:45.355Z] ============================================================
[2026-07-23T19:40:45.359Z] node: [2026-07-23T19:40:45.358Z] 🔎 AlphaTech Integrity Verification ALPHATECH-RECOVERY-VERIFY-V1
[2026-07-23T19:40:45.360Z] node: [2026-07-23T19:40:45.359Z] ============================================================
[2026-07-23T19:40:45.361Z] node: [2026-07-23T19:40:45.360Z] Collecting Production snapshot...
[2026-07-23T19:40:57.209Z] node: [2026-07-23T19:40:57.209Z] Collecting Recovery snapshot...
[2026-07-23T19:41:08.517Z] node: [2026-07-23T19:41:08.517Z] Comparing snapshots...
[2026-07-23T19:41:08.524Z] node: [2026-07-23T19:41:08.524Z] 🧾 JSON report: D:\alpha-tech\server\recovery\reports\verification-report_2026-07-23T19-41-08-521Z.json
[2026-07-23T19:41:08.525Z] node: [2026-07-23T19:41:08.525Z] 🧾 TXT report: D:\alpha-tech\server\recovery\reports\verification-report_2026-07-23T19-41-08-521Z.txt
[2026-07-23T19:41:08.526Z] node: [2026-07-23T19:41:08.526Z] ✅ Overall: PASS
[2026-07-23T19:41:08.549Z] 🧾 Job manifest: D:\alpha-tech\server\recovery\jobs\job-2026-07-23T19-39-49-127Z.json
[2026-07-23T19:41:08.550Z] ✅ Job result: PASS exitCode=0
