[2026-07-17T21:34:22.878Z] ============================================================
[2026-07-17T21:34:22.885Z] 🧭 AlphaTech Recovery Retention Workflow ALPHATECH-RECOVERY-JOB-RUNNER-V7-R2-RETENTION
[2026-07-17T21:34:22.885Z] ============================================================
[2026-07-17T21:34:22.886Z] Mode: backup-workflow
[2026-07-17T21:34:22.887Z] ▶️  Run: node recovery/health/healthCheck.js
[2026-07-17T21:34:23.065Z] node: [2026-07-17T21:34:23.062Z] ============================================================
[2026-07-17T21:34:23.067Z] node: [2026-07-17T21:34:23.066Z] 🩺 AlphaTech Recovery Health Check ALPHATECH-RECOVERY-HEALTH-CHECK-V1
[2026-07-17T21:34:23.067Z] node: [2026-07-17T21:34:23.067Z] ============================================================
[2026-07-17T21:34:24.033Z] node: [2026-07-17T21:34:24.032Z] 🧾 JSON report: D:\alpha-tech\server\recovery\reports\health-check-2026-07-17T21-34-24-030Z.json
[2026-07-17T21:34:24.033Z] node: [2026-07-17T21:34:24.033Z] 🧾 TXT report: D:\alpha-tech\server\recovery\reports\health-check-2026-07-17T21-34-24-030Z.txt
[2026-07-17T21:34:24.034Z] node: [2026-07-17T21:34:24.033Z] ✅ Overall: PASS
[2026-07-17T21:34:24.047Z] ▶️  Run: node qb.js
[2026-07-17T21:34:24.477Z] node: 🔌 Connected to PostgreSQL successfully.
[2026-07-17T21:34:24.479Z] node: ⏳ Starting P1 Hardened Backup v6 Type-aware + generic self-reference FK safe restore...
[2026-07-17T21:34:27.956Z] node: 📦 Exporting table: Bank
[2026-07-17T21:34:27.994Z] node: 📦 Exporting table: Brand
[2026-07-17T21:34:28.038Z] node: 📦 Exporting table: Category
[2026-07-17T21:34:28.075Z] node: 📦 Exporting table: GlobalProductType
[2026-07-17T21:34:28.111Z] node: 📦 Exporting table: Position
[2026-07-17T21:34:28.148Z] node: 📦 Exporting table: Province
[2026-07-17T21:34:28.184Z] node: 📦 Exporting table: District
[2026-07-17T21:34:28.238Z] node: 📦 Exporting table: Subdistrict
[2026-07-17T21:34:28.428Z] node: 📦 Exporting table: Branch
[2026-07-17T21:34:28.465Z] node: 📦 Exporting table: BarcodeCounter
[2026-07-17T21:34:28.502Z] node: 📦 Exporting table: PaymentCodeCounter
[2026-07-17T21:34:28.538Z] node: 📦 Exporting table: ProductType
[2026-07-17T21:34:28.579Z] node: 📦 Exporting table: ProductTypeBrand
[2026-07-17T21:34:28.621Z] node: 📦 Exporting table: Supplier
[2026-07-17T21:34:28.880Z] node: 📦 Exporting table: Unit
[2026-07-17T21:34:28.881Z] node: 📦 Exporting table: Product
[2026-07-17T21:34:28.881Z] node: 📦 Exporting table: BranchPrice
[2026-07-17T21:34:28.915Z] node: 📦 Exporting table: ProductImage
[2026-07-17T21:34:28.952Z] node: 📦 Exporting table: StockBalance
[2026-07-17T21:34:29.012Z] node: 📦 Exporting table: User
[2026-07-17T21:34:29.054Z] node: 📦 Exporting table: CustomerProfile
[2026-07-17T21:34:29.098Z] node: 📦 Exporting table: Cart
[2026-07-17T21:34:29.134Z] node: 📦 Exporting table: CartItem
[2026-07-17T21:34:29.170Z] node: 📦 Exporting table: EmployeeProfile
[2026-07-17T21:34:29.207Z] node: 📦 Exporting table: CombinedBillingDocument
[2026-07-17T21:34:29.243Z] node: 📦 Exporting table: CombinedSaleDocument
[2026-07-17T21:34:29.279Z] node: 📦 Exporting table: CustomerDeposit
[2026-07-17T21:34:29.314Z] node: 📦 Exporting table: CustomerReceipts
[2026-07-17T21:34:29.351Z] node: 📦 Exporting table: InputTaxFilingBatch
[2026-07-17T21:34:29.388Z] node: 📦 Exporting table: Order
[2026-07-17T21:34:29.423Z] node: 📦 Exporting table: OrderOnline
[2026-07-17T21:34:29.460Z] node: 📦 Exporting table: OrderOnlineItem
[2026-07-17T21:34:29.496Z] node: 📦 Exporting table: PasswordResetToken
[2026-07-17T21:34:29.532Z] node: 📦 Exporting table: ProductOnOrder
[2026-07-17T21:34:29.569Z] node: 📦 Exporting table: PurchaseOrder
[2026-07-17T21:34:29.605Z] node: 📦 Exporting table: PurchaseOrderItem
[2026-07-17T21:34:29.645Z] node: 📦 Exporting table: PurchaseOrderReceipt
[2026-07-17T21:34:29.685Z] node: 📦 Exporting table: InputTaxFilingItem
[2026-07-17T21:34:29.720Z] node: 📦 Exporting table: PurchaseOrderReceiptItem
[2026-07-17T21:34:29.759Z] node: 📦 Exporting table: RefreshToken
[2026-07-17T21:34:29.991Z] node: 📦 Exporting table: Sale
[2026-07-17T21:34:30.028Z] node: 📦 Exporting table: CustomerReceiptAllocations
[2026-07-17T21:34:30.066Z] node: 📦 Exporting table: Payment
[2026-07-17T21:34:30.435Z] node: 📦 Exporting table: DepositUsage
[2026-07-17T21:34:30.436Z] node: 📦 Exporting table: PaymentItem
[2026-07-17T21:34:30.436Z] node: 📦 Exporting table: SaleReturn
[2026-07-17T21:34:30.436Z] node: 📦 Exporting table: RefundTransaction
[2026-07-17T21:34:30.437Z] node: 📦 Exporting table: SalesTaxFilingBatch
[2026-07-17T21:34:30.437Z] node: 📦 Exporting table: SalesTaxFilingItem
[2026-07-17T21:34:30.437Z] node: 📦 Exporting table: ServiceOrder
[2026-07-17T21:34:30.438Z] node: 📦 Exporting table: ServiceItem
[2026-07-17T21:34:30.438Z] node: 📦 Exporting table: SimpleLot
[2026-07-17T21:34:30.439Z] node: 📦 Exporting table: SaleItemSimple
[2026-07-17T21:34:30.462Z] node: 📦 Exporting table: SaleReturnItemSimple
[2026-07-17T21:34:30.498Z] node: 📦 Exporting table: StockAuditSession
[2026-07-17T21:34:30.535Z] node: 📦 Exporting table: StockItem
[2026-07-17T21:34:30.703Z] node: 📦 Exporting table: BarcodeReceiptItem
[2026-07-17T21:34:30.757Z] node: 📦 Exporting table: RepairJob
[2026-07-17T21:34:30.793Z] node: 📦 Exporting table: RepairPartItem
[2026-07-17T21:34:30.830Z] node: 📦 Exporting table: SaleItem
[2026-07-17T21:34:30.869Z] node: 📦 Exporting table: SaleReturnItem
[2026-07-17T21:34:30.906Z] node: 📦 Exporting table: StockAuditScanLog
[2026-07-17T21:34:30.942Z] node: 📦 Exporting table: StockAuditSnapshotItem
[2026-07-17T21:34:30.994Z] node: 📦 Exporting table: StockMovement
[2026-07-17T21:34:31.051Z] node: 📦 Exporting table: SupplierPayment
[2026-07-17T21:34:31.087Z] node: 📦 Exporting table: SupplierPaymentReceipt
[2026-07-17T21:34:31.123Z] node: 📦 Exporting table: V2CustomerDeposit
[2026-07-17T21:34:31.159Z] node: 📦 Exporting table: V2StockAudit
[2026-07-17T21:34:31.195Z] node: 📦 Exporting table: V2StockAuditItem
[2026-07-17T21:34:31.232Z] node: 📦 Exporting table: WarrantyClaim
[2026-07-17T21:34:33.868Z] node: 🎉 P1 Hardened Backup v6 Type-aware + generic self-reference FK safe restore completed successfully.
[2026-07-17T21:34:33.868Z] node: 💾 Backup file: D:\alpha-tech\server\backups\alphatech_hardened_backup_v6_2026-07-17_2026-07-17T21-34-27-849Z.sql
[2026-07-17T21:34:33.869Z] node: 🧾 Manifest file: D:\alpha-tech\server\backups\alphatech_hardened_backup_v6_2026-07-17_2026-07-17T21-34-27-849Z.manifest.json
[2026-07-17T21:34:33.870Z] node: 📊 Tables exported: 70
[2026-07-17T21:34:33.870Z] node: 📦 Rows exported: 24709
[2026-07-17T21:34:33.870Z] node: 🔢 Sequences prepared: 67
[2026-07-17T21:34:33.870Z] node: 🔐 SHA256: 2ed25a5a2a0de70696e47d29d01cfcbe9382482a6bd6d1de4249686efd9c285e
[2026-07-17T21:34:33.871Z] node: 📐 File size: 8.61 MB
[2026-07-17T21:34:33.871Z] node: ⏱️ Duration: 7.13 seconds
[2026-07-17T21:34:33.871Z] node: ✅ Verification: PASS (70 tables checked)
[2026-07-17T21:34:33.928Z] ▶️  Run: node recovery/upload/uploadBackup.js --manifest D:\alpha-tech\server\backups\alphatech_hardened_backup_v6_2026-07-17_2026-07-17T21-34-27-849Z.manifest.json
[2026-07-17T21:34:34.076Z] node: [2026-07-17T21:34:34.070Z] ============================================================
[2026-07-17T21:34:34.078Z] node: [2026-07-17T21:34:34.077Z] AlphaTech Recovery Upload ALPHATECH-RECOVERY-UPLOAD-V2-S3-COMPATIBLE
[2026-07-17T21:34:34.078Z] node: [2026-07-17T21:34:34.078Z] ============================================================
[2026-07-17T21:34:34.330Z] node stderr: (node:25376) Warning: NodeVersionSupportWarning: The AWS SDK for JavaScript (v3)
[2026-07-17T21:34:34.331Z] node stderr: versions published after the first week of January 2027
[2026-07-17T21:34:34.332Z] node stderr: will require node >=22. You are running node v20.19.0.
[2026-07-17T21:34:34.332Z] node stderr: To continue receiving updates to AWS services, bug fixes,
[2026-07-17T21:34:34.333Z] node stderr: and security updates please upgrade to node >=22.
[2026-07-17T21:34:34.333Z] node stderr: More information can be found at: https://a.co/c895JFp
[2026-07-17T21:34:34.333Z] node stderr: (Use `node --trace-warnings ...` to show where the warning was created)
[2026-07-17T21:34:36.065Z] node: [2026-07-17T21:34:36.065Z] JSON report: D:\alpha-tech\server\recovery\reports\upload-report-2026-07-17T21-34-36-061Z.json
[2026-07-17T21:34:36.066Z] node: [2026-07-17T21:34:36.065Z] TXT report: D:\alpha-tech\server\recovery\reports\upload-report-2026-07-17T21-34-36-061Z.txt
[2026-07-17T21:34:36.067Z] node: [2026-07-17T21:34:36.065Z] Overall: PASS
[2026-07-17T21:34:36.960Z] ------------------------------------------------------------
[2026-07-17T21:34:36.960Z] Target      : cloudflare-r2
[2026-07-17T21:34:36.962Z] Bucket      : saduaksabuy-recovery
[2026-07-17T21:34:36.963Z] Prefix      : alphatech-production/
[2026-07-17T21:34:36.963Z] Retention   : 7 day(s)
[2026-07-17T21:34:36.964Z] Mode        : APPLY
[2026-07-17T21:34:36.964Z] Scanned     : 86
[2026-07-17T21:34:36.964Z] Candidates  : 0
[2026-07-17T21:34:36.965Z] Deleted     : 0
[2026-07-17T21:34:36.965Z] Remaining   : 86
[2026-07-17T21:34:36.965Z] Failed      : 0
[2026-07-17T21:34:36.966Z] ▶️  Run: node recovery/retention/retentionPolicy.js --apply
[2026-07-17T21:34:37.055Z] node: [2026-07-17T21:34:37.049Z] ============================================================
[2026-07-17T21:34:37.058Z] node: [2026-07-17T21:34:37.057Z] 🧹 AlphaTech Recovery Retention ALPHATECH-RECOVERY-RETENTION-V1
[2026-07-17T21:34:37.552Z] node: [2026-07-17T21:34:37.057Z] ============================================================
[2026-07-17T21:34:37.553Z] node: [2026-07-17T21:34:37.057Z] Mode: APPLY
[2026-07-17T21:34:37.553Z] node: [2026-07-17T21:34:37.064Z] ------------------------------------------------------------
[2026-07-17T21:34:37.553Z] node: [2026-07-17T21:34:37.064Z] Target      : local-backups
[2026-07-17T21:34:37.554Z] node: [2026-07-17T21:34:37.064Z] Directory   : D:\alpha-tech\server\backups
[2026-07-17T21:34:37.554Z] node: [2026-07-17T21:34:37.064Z] Retention   : 3 day(s)
[2026-07-17T21:34:37.554Z] node: [2026-07-17T21:34:37.065Z] Scanned     : 40
[2026-07-17T21:34:37.555Z] node: [2026-07-17T21:34:37.065Z] Candidates  : 2
[2026-07-17T21:34:37.555Z] node: [2026-07-17T21:34:37.066Z] Deleted     : 2
[2026-07-17T21:34:37.555Z] node: [2026-07-17T21:34:37.067Z] Remaining   : 38
[2026-07-17T21:34:37.556Z] node: [2026-07-17T21:34:37.067Z] Failed      : 0
[2026-07-17T21:34:37.556Z] node: [2026-07-17T21:34:37.067Z] ------------------------------------------------------------
[2026-07-17T21:34:37.556Z] node: [2026-07-17T21:34:37.067Z] Target      : offsite-local-mirror
[2026-07-17T21:34:37.557Z] node: [2026-07-17T21:34:37.068Z] Directory   : D:\alpha-tech\server\recovery\offsite
[2026-07-17T21:34:37.557Z] node: [2026-07-17T21:34:37.068Z] Retention   : 7 day(s)
[2026-07-17T21:34:37.557Z] node: [2026-07-17T21:34:37.068Z] Scanned     : 0
[2026-07-17T21:34:37.558Z] node: [2026-07-17T21:34:37.069Z] Candidates  : 0
[2026-07-17T21:34:37.558Z] node: [2026-07-17T21:34:37.069Z] Deleted     : 0
[2026-07-17T21:34:37.558Z] node: [2026-07-17T21:34:37.069Z] Remaining   : 0
[2026-07-17T21:34:37.558Z] node: [2026-07-17T21:34:37.069Z] Failed      : 0
[2026-07-17T21:34:37.559Z] node: [2026-07-17T21:34:37.071Z] 🧾 JSON report: D:\alpha-tech\server\recovery\reports\retention-report-2026-07-17T21-34-37-069Z.json
[2026-07-17T21:34:37.559Z] node: [2026-07-17T21:34:37.072Z] 🧾 TXT report: D:\alpha-tech\server\recovery\reports\retention-report-2026-07-17T21-34-37-069Z.txt
[2026-07-17T21:34:37.559Z] node: [2026-07-17T21:34:37.072Z] ✅ Overall: PASS
[2026-07-17T21:34:37.561Z] ▶️  Run: node qbrs.js --manifest D:\alpha-tech\server\backups\alphatech_hardened_backup_v6_2026-07-17_2026-07-17T21-34-27-849Z.manifest.json --init --yes --reset-schema
[2026-07-17T21:34:37.721Z] node: [2026-07-17T21:34:37.718Z] ============================================================
[2026-07-17T21:34:37.723Z] node: [2026-07-17T21:34:37.722Z] 🚑 AlphaTech Restore Tool P1-HARDENED-RESTORE-V3-NODE-PG
[2026-07-17T21:34:37.723Z] node: [2026-07-17T21:34:37.723Z] ============================================================
[2026-07-17T21:34:37.761Z] node: [2026-07-17T21:34:37.760Z] ✅ Manifest loaded.
[2026-07-17T21:34:37.761Z] node: [2026-07-17T21:34:37.761Z] ✅ SQL file: D:\alpha-tech\server\backups\alphatech_hardened_backup_v6_2026-07-17_2026-07-17T21-34-27-849Z.sql
[2026-07-17T21:34:37.762Z] node: [2026-07-17T21:34:37.761Z] ✅ SHA256 verified: 2ed25a5a2a0de70696e47d29d01cfcbe9382482a6bd6d1de4249686efd9c285e
[2026-07-17T21:34:37.763Z] node: [2026-07-17T21:34:37.762Z] 🎯 Target DB: postgresql://postgres:***@db.engqdeyzbvnmxbnpemau.supabase.co:5432/postgres
[2026-07-17T21:34:37.763Z] node: [2026-07-17T21:34:37.762Z] 🎯 Host: db.engqdeyzbvnmxbnpemau.supabase.co
[2026-07-17T21:34:37.764Z] node: [2026-07-17T21:34:37.763Z] 🎯 Port: 5432
[2026-07-17T21:34:37.764Z] node: [2026-07-17T21:34:37.763Z] 🎯 Database: postgres
[2026-07-17T21:34:37.764Z] node: [2026-07-17T21:34:37.763Z] 🎯 Schema: public
[2026-07-17T21:34:38.109Z] node: [2026-07-17T21:34:38.109Z] 🔌 Connected to target PostgreSQL successfully.
[2026-07-17T21:34:41.320Z] node: [2026-07-17T21:34:41.320Z] 📊 Existing tables: 70
[2026-07-17T21:34:41.321Z] node: [2026-07-17T21:34:41.320Z] 📦 Existing rows: 24709
[2026-07-17T21:34:41.334Z] node: [2026-07-17T21:34:41.321Z] 🔎 Product: 1900
[2026-07-17T21:34:41.334Z] node: [2026-07-17T21:34:41.321Z] 🔎 BranchPrice: 1898
[2026-07-17T21:34:41.334Z] node: [2026-07-17T21:34:41.321Z] 🔎 StockItem: 3034
[2026-07-17T21:34:41.335Z] node: [2026-07-17T21:34:41.321Z] 🔎 Sale: 27
[2026-07-17T21:34:41.335Z] node: [2026-07-17T21:34:41.321Z] 🔎 SaleItem: 91
[2026-07-17T21:34:41.335Z] node: [2026-07-17T21:34:41.322Z] 🔎 SaleItemSimple: 0
[2026-07-17T21:34:41.336Z] node: [2026-07-17T21:34:41.322Z] 🔎 Payment: 13
[2026-07-17T21:34:41.336Z] node: [2026-07-17T21:34:41.322Z] 🔎 PaymentItem: 13
[2026-07-17T21:34:41.578Z] node: [2026-07-17T21:34:41.577Z] 🧨 Resetting target schema "public" before restore...
[2026-07-17T21:34:41.578Z] node: [2026-07-17T21:34:41.577Z] 🛡️ This action is intended for Recovery / Standby DB only.
[2026-07-17T21:34:42.105Z] node: [2026-07-17T21:34:42.104Z] ✅ Schema "public" reset completed.
[2026-07-17T21:34:42.140Z] node: [2026-07-17T21:34:42.139Z] 🧱 Running Prisma db push against Recovery DB only...
[2026-07-17T21:34:42.140Z] node: [2026-07-17T21:34:42.140Z] 🛡️ DATABASE_URL is injected from RESTORE_DATABASE_URL/RECOVERY_DATABASE_URL for this process only.
[2026-07-17T21:34:46.099Z] node: [2026-07-17T21:34:46.099Z] npx stderr: Environment variables loaded from .env
[2026-07-17T21:34:46.101Z] node: [2026-07-17T21:34:46.101Z] npx: Prisma schema loaded from prisma\schema.prisma
[2026-07-17T21:34:46.111Z] node: [2026-07-17T21:34:46.111Z] npx: Datasource "db": PostgreSQL database "postgres", schema "public" at "db.engqdeyzbvnmxbnpemau.supabase.co:5432"
[2026-07-17T21:35:01.992Z] node: [2026-07-17T21:35:01.992Z] npx: Your database is now in sync with your Prisma schema. Done in 15.29s
[2026-07-17T21:35:01.994Z] node: [2026-07-17T21:35:01.994Z] npx: Running generate... (Use --skip-generate to skip the generators)
[2026-07-17T21:35:02.994Z] node: [2026-07-17T21:35:02.993Z] npx: [2K[1A[2K[GRunning generate... - Prisma Client
[2026-07-17T21:35:04.231Z] node: [2026-07-17T21:35:04.230Z] npx: [2K[1A[2K[G✔ Generated Prisma Client (v6.16.2) to .\node_modules\.prisma\client in 1.22s
[2026-07-17T21:35:04.288Z] node: [2026-07-17T21:35:04.288Z] ✅ Prisma db push completed for Recovery DB.
[2026-07-17T21:35:07.523Z] node: [2026-07-17T21:35:07.523Z] 📊 Existing tables: 70
[2026-07-17T21:35:07.525Z] node: [2026-07-17T21:35:07.523Z] 📦 Existing rows: 0
[2026-07-17T21:35:07.575Z] node: [2026-07-17T21:35:07.524Z] 🔎 Product: 0
[2026-07-17T21:35:07.575Z] node: [2026-07-17T21:35:07.524Z] 🔎 BranchPrice: 0
[2026-07-17T21:35:07.576Z] node: [2026-07-17T21:35:07.524Z] 🔎 StockItem: 0
[2026-07-17T21:35:07.869Z] node: [2026-07-17T21:35:07.524Z] 🔎 Sale: 0
[2026-07-17T21:35:07.870Z] node: [2026-07-17T21:35:07.525Z] 🔎 SaleItem: 0
[2026-07-17T21:35:07.870Z] node: [2026-07-17T21:35:07.525Z] 🔎 SaleItemSimple: 0
[2026-07-17T21:35:07.870Z] node: [2026-07-17T21:35:07.525Z] 🔎 Payment: 0
[2026-07-17T21:35:07.871Z] node: [2026-07-17T21:35:07.525Z] 🔎 PaymentItem: 0
[2026-07-17T21:35:07.871Z] node: [2026-07-17T21:35:07.644Z] 📖 SQL loaded into memory (8.61 MB).
[2026-07-17T21:35:07.871Z] node: [2026-07-17T21:35:07.644Z] 🚚 Starting SQL restore via Node.js pg client...
[2026-07-17T21:35:11.638Z] node: [2026-07-17T21:35:11.637Z] ✅ SQL restore completed via Node.js pg client.
[2026-07-17T21:35:14.339Z] node: [2026-07-17T21:35:14.338Z] ✅ Restore verification PASS (70 tables checked).
[2026-07-17T21:35:14.340Z] node: [2026-07-17T21:35:14.339Z] 🎉 Restore completed successfully in 36.62 seconds.
[2026-07-17T21:35:14.502Z] ▶️  Run: node recovery/verify/qbv.js
[2026-07-17T21:35:14.652Z] node: [2026-07-17T21:35:14.650Z] ============================================================
[2026-07-17T21:35:14.655Z] node: [2026-07-17T21:35:14.654Z] 🔎 AlphaTech Integrity Verification ALPHATECH-RECOVERY-VERIFY-V1
[2026-07-17T21:35:14.655Z] node: [2026-07-17T21:35:14.655Z] ============================================================
[2026-07-17T21:35:14.656Z] node: [2026-07-17T21:35:14.655Z] Collecting Production snapshot...
[2026-07-17T21:35:25.575Z] node: [2026-07-17T21:35:25.575Z] Collecting Recovery snapshot...
[2026-07-17T21:35:36.150Z] node: [2026-07-17T21:35:36.150Z] Comparing snapshots...
[2026-07-17T21:35:36.158Z] node: [2026-07-17T21:35:36.158Z] 🧾 JSON report: D:\alpha-tech\server\recovery\reports\verification-report_2026-07-17T21-35-36-154Z.json
[2026-07-17T21:35:36.282Z] node: [2026-07-17T21:35:36.158Z] 🧾 TXT report: D:\alpha-tech\server\recovery\reports\verification-report_2026-07-17T21-35-36-154Z.txt
[2026-07-17T21:35:36.283Z] node: [2026-07-17T21:35:36.159Z] ✅ Overall: PASS
[2026-07-17T21:35:36.289Z] 🧾 Job manifest: D:\alpha-tech\server\recovery\jobs\job-2026-07-17T21-34-22-875Z.json
[2026-07-17T21:35:36.289Z] ✅ Job result: PASS exitCode=0
