[2026-07-07T09:34:22.496Z] ============================================================
[2026-07-07T09:34:22.505Z] 🧭 AlphaTech Recovery Retention Workflow ALPHATECH-RECOVERY-JOB-RUNNER-V7-R2-RETENTION
[2026-07-07T09:34:22.505Z] ============================================================
[2026-07-07T09:34:22.506Z] Mode: backup-workflow
[2026-07-07T09:34:22.507Z] ▶️  Run: node recovery/health/healthCheck.js
[2026-07-07T09:34:22.704Z] node: [2026-07-07T09:34:22.702Z] ============================================================
[2026-07-07T09:34:22.706Z] node: [2026-07-07T09:34:22.706Z] 🩺 AlphaTech Recovery Health Check ALPHATECH-RECOVERY-HEALTH-CHECK-V1
[2026-07-07T09:34:22.706Z] node: [2026-07-07T09:34:22.706Z] ============================================================
[2026-07-07T09:34:23.555Z] node: [2026-07-07T09:34:23.554Z] 🧾 JSON report: D:\alpha-tech\server\recovery\reports\health-check-2026-07-07T09-34-23-552Z.json
[2026-07-07T09:34:23.556Z] node: [2026-07-07T09:34:23.556Z] 🧾 TXT report: D:\alpha-tech\server\recovery\reports\health-check-2026-07-07T09-34-23-552Z.txt
[2026-07-07T09:34:23.556Z] node: [2026-07-07T09:34:23.557Z] ✅ Overall: PASS
[2026-07-07T09:34:23.608Z] ▶️  Run: node qb.js
[2026-07-07T09:34:24.076Z] node: 🔌 Connected to PostgreSQL successfully.
[2026-07-07T09:34:24.078Z] node: ⏳ Starting P1 Hardened Backup v6 Type-aware + generic self-reference FK safe restore...
[2026-07-07T09:34:27.677Z] node: 📦 Exporting table: Bank
[2026-07-07T09:34:27.714Z] node: 📦 Exporting table: Brand
[2026-07-07T09:34:27.757Z] node: 📦 Exporting table: Category
[2026-07-07T09:34:27.795Z] node: 📦 Exporting table: GlobalProductType
[2026-07-07T09:34:27.831Z] node: 📦 Exporting table: Position
[2026-07-07T09:34:27.867Z] node: 📦 Exporting table: Province
[2026-07-07T09:34:27.904Z] node: 📦 Exporting table: District
[2026-07-07T09:34:27.964Z] node: 📦 Exporting table: Subdistrict
[2026-07-07T09:34:28.153Z] node: 📦 Exporting table: Branch
[2026-07-07T09:34:28.190Z] node: 📦 Exporting table: BarcodeCounter
[2026-07-07T09:34:28.226Z] node: 📦 Exporting table: PaymentCodeCounter
[2026-07-07T09:34:28.261Z] node: 📦 Exporting table: ProductType
[2026-07-07T09:34:28.300Z] node: 📦 Exporting table: ProductTypeBrand
[2026-07-07T09:34:28.338Z] node: 📦 Exporting table: Supplier
[2026-07-07T09:34:28.374Z] node: 📦 Exporting table: Unit
[2026-07-07T09:34:28.410Z] node: 📦 Exporting table: Product
[2026-07-07T09:34:28.488Z] node: 📦 Exporting table: BranchPrice
[2026-07-07T09:34:28.554Z] node: 📦 Exporting table: ProductImage
[2026-07-07T09:34:28.589Z] node: 📦 Exporting table: StockBalance
[2026-07-07T09:34:28.629Z] node: 📦 Exporting table: User
[2026-07-07T09:34:28.672Z] node: 📦 Exporting table: CustomerProfile
[2026-07-07T09:34:28.718Z] node: 📦 Exporting table: Cart
[2026-07-07T09:34:28.753Z] node: 📦 Exporting table: CartItem
[2026-07-07T09:34:28.788Z] node: 📦 Exporting table: EmployeeProfile
[2026-07-07T09:34:28.824Z] node: 📦 Exporting table: CombinedBillingDocument
[2026-07-07T09:34:28.860Z] node: 📦 Exporting table: CombinedSaleDocument
[2026-07-07T09:34:28.896Z] node: 📦 Exporting table: CustomerDeposit
[2026-07-07T09:34:28.931Z] node: 📦 Exporting table: CustomerReceipts
[2026-07-07T09:34:28.967Z] node: 📦 Exporting table: InputTaxFilingBatch
[2026-07-07T09:34:29.002Z] node: 📦 Exporting table: Order
[2026-07-07T09:34:29.038Z] node: 📦 Exporting table: OrderOnline
[2026-07-07T09:34:29.074Z] node: 📦 Exporting table: OrderOnlineItem
[2026-07-07T09:34:29.109Z] node: 📦 Exporting table: PasswordResetToken
[2026-07-07T09:34:29.145Z] node: 📦 Exporting table: ProductOnOrder
[2026-07-07T09:34:29.181Z] node: 📦 Exporting table: PurchaseOrder
[2026-07-07T09:34:29.216Z] node: 📦 Exporting table: PurchaseOrderItem
[2026-07-07T09:34:29.251Z] node: 📦 Exporting table: PurchaseOrderReceipt
[2026-07-07T09:34:29.287Z] node: 📦 Exporting table: InputTaxFilingItem
[2026-07-07T09:34:29.323Z] node: 📦 Exporting table: PurchaseOrderReceiptItem
[2026-07-07T09:34:29.358Z] node: 📦 Exporting table: RefreshToken
[2026-07-07T09:34:29.574Z] node: 📦 Exporting table: Sale
[2026-07-07T09:34:29.611Z] node: 📦 Exporting table: CustomerReceiptAllocations
[2026-07-07T09:34:29.649Z] node: 📦 Exporting table: Payment
[2026-07-07T09:34:29.682Z] node: 📦 Exporting table: DepositUsage
[2026-07-07T09:34:29.718Z] node: 📦 Exporting table: PaymentItem
[2026-07-07T09:34:29.754Z] node: 📦 Exporting table: SaleReturn
[2026-07-07T09:34:29.789Z] node: 📦 Exporting table: RefundTransaction
[2026-07-07T09:34:29.825Z] node: 📦 Exporting table: SalesTaxFilingBatch
[2026-07-07T09:34:29.864Z] node: 📦 Exporting table: SalesTaxFilingItem
[2026-07-07T09:34:29.900Z] node: 📦 Exporting table: ServiceOrder
[2026-07-07T09:34:29.935Z] node: 📦 Exporting table: ServiceItem
[2026-07-07T09:34:29.972Z] node: 📦 Exporting table: SimpleLot
[2026-07-07T09:34:30.008Z] node: 📦 Exporting table: SaleItemSimple
[2026-07-07T09:34:30.044Z] node: 📦 Exporting table: SaleReturnItemSimple
[2026-07-07T09:34:30.079Z] node: 📦 Exporting table: StockAuditSession
[2026-07-07T09:34:30.115Z] node: 📦 Exporting table: StockItem
[2026-07-07T09:34:30.170Z] node: 📦 Exporting table: BarcodeReceiptItem
[2026-07-07T09:34:30.206Z] node: 📦 Exporting table: RepairJob
[2026-07-07T09:34:30.241Z] node: 📦 Exporting table: RepairPartItem
[2026-07-07T09:34:30.277Z] node: 📦 Exporting table: SaleItem
[2026-07-07T09:34:30.312Z] node: 📦 Exporting table: SaleReturnItem
[2026-07-07T09:34:30.347Z] node: 📦 Exporting table: StockAuditScanLog
[2026-07-07T09:34:30.383Z] node: 📦 Exporting table: StockAuditSnapshotItem
[2026-07-07T09:34:30.418Z] node: 📦 Exporting table: StockMovement
[2026-07-07T09:34:30.456Z] node: 📦 Exporting table: SupplierPayment
[2026-07-07T09:34:30.492Z] node: 📦 Exporting table: SupplierPaymentReceipt
[2026-07-07T09:34:30.528Z] node: 📦 Exporting table: V2CustomerDeposit
[2026-07-07T09:34:30.563Z] node: 📦 Exporting table: V2StockAudit
[2026-07-07T09:34:30.598Z] node: 📦 Exporting table: V2StockAuditItem
[2026-07-07T09:34:30.634Z] node: 📦 Exporting table: WarrantyClaim
[2026-07-07T09:34:33.165Z] node: 🎉 P1 Hardened Backup v6 Type-aware + generic self-reference FK safe restore completed successfully.
[2026-07-07T09:34:33.166Z] node: 💾 Backup file: D:\alpha-tech\server\backups\alphatech_hardened_backup_v6_2026-07-07_2026-07-07T09-34-27-641Z.sql
[2026-07-07T09:34:33.166Z] node: 🧾 Manifest file: D:\alpha-tech\server\backups\alphatech_hardened_backup_v6_2026-07-07_2026-07-07T09-34-27-641Z.manifest.json
[2026-07-07T09:34:33.167Z] node: 📊 Tables exported: 70
[2026-07-07T09:34:33.168Z] node: 📦 Rows exported: 15250
[2026-07-07T09:34:33.168Z] node: 🔢 Sequences prepared: 67
[2026-07-07T09:34:33.169Z] node: 🔐 SHA256: 4a6a8df8e03a187319858d6e65b23119a14a4a2c70ae7ac0502294247610d274
[2026-07-07T09:34:33.170Z] node: 📐 File size: 4.48 MB
[2026-07-07T09:34:33.170Z] node: ⏱️ Duration: 6.91 seconds
[2026-07-07T09:34:33.171Z] node: ✅ Verification: PASS (70 tables checked)
[2026-07-07T09:34:33.227Z] ▶️  Run: node recovery/upload/uploadBackup.js --manifest D:\alpha-tech\server\backups\alphatech_hardened_backup_v6_2026-07-07_2026-07-07T09-34-27-641Z.manifest.json
[2026-07-07T09:34:33.319Z] node: [2026-07-07T09:34:33.314Z] ============================================================
[2026-07-07T09:34:33.321Z] node: [2026-07-07T09:34:33.322Z] AlphaTech Recovery Upload ALPHATECH-RECOVERY-UPLOAD-V2-S3-COMPATIBLE
[2026-07-07T09:34:33.323Z] node: [2026-07-07T09:34:33.323Z] ============================================================
[2026-07-07T09:34:33.541Z] node stderr: (node:13048) Warning: NodeVersionSupportWarning: The AWS SDK for JavaScript (v3)
[2026-07-07T09:34:33.541Z] node stderr: versions published after the first week of January 2027
[2026-07-07T09:34:33.542Z] node stderr: will require node >=22. You are running node v20.19.0.
[2026-07-07T09:34:33.543Z] node stderr: To continue receiving updates to AWS services, bug fixes,
[2026-07-07T09:34:33.544Z] node stderr: and security updates please upgrade to node >=22.
[2026-07-07T09:34:33.545Z] node stderr: More information can be found at: https://a.co/c895JFp
[2026-07-07T09:34:33.545Z] node stderr: (Use `node --trace-warnings ...` to show where the warning was created)
[2026-07-07T09:34:35.407Z] node: [2026-07-07T09:34:35.407Z] JSON report: D:\alpha-tech\server\recovery\reports\upload-report-2026-07-07T09-34-35-396Z.json
[2026-07-07T09:34:35.408Z] node: [2026-07-07T09:34:35.408Z] TXT report: D:\alpha-tech\server\recovery\reports\upload-report-2026-07-07T09-34-35-396Z.txt
[2026-07-07T09:34:35.408Z] node: [2026-07-07T09:34:35.408Z] Overall: PASS
[2026-07-07T09:34:36.205Z] ------------------------------------------------------------
[2026-07-07T09:34:36.206Z] Target      : cloudflare-r2
[2026-07-07T09:34:36.207Z] Bucket      : saduaksabuy-recovery
[2026-07-07T09:34:36.207Z] Prefix      : alphatech-production/
[2026-07-07T09:34:36.207Z] Retention   : 7 day(s)
[2026-07-07T09:34:36.208Z] Mode        : APPLY
[2026-07-07T09:34:36.209Z] Scanned     : 14
[2026-07-07T09:34:36.209Z] Candidates  : 0
[2026-07-07T09:34:36.209Z] Deleted     : 0
[2026-07-07T09:34:36.210Z] Remaining   : 14
[2026-07-07T09:34:36.211Z] Failed      : 0
[2026-07-07T09:34:36.212Z] ▶️  Run: node recovery/retention/retentionPolicy.js --apply
[2026-07-07T09:34:36.299Z] node: [2026-07-07T09:34:36.293Z] ============================================================
[2026-07-07T09:34:36.300Z] node: [2026-07-07T09:34:36.301Z] 🧹 AlphaTech Recovery Retention ALPHATECH-RECOVERY-RETENTION-V1
[2026-07-07T09:34:36.301Z] node: [2026-07-07T09:34:36.301Z] ============================================================
[2026-07-07T09:34:36.302Z] node: [2026-07-07T09:34:36.301Z] Mode: APPLY
[2026-07-07T09:34:36.310Z] node: [2026-07-07T09:34:36.310Z] ------------------------------------------------------------
[2026-07-07T09:34:36.312Z] node: [2026-07-07T09:34:36.310Z] Target      : local-backups
[2026-07-07T09:34:36.313Z] node: [2026-07-07T09:34:36.312Z] Directory   : D:\alpha-tech\server\backups
[2026-07-07T09:34:36.313Z] node: [2026-07-07T09:34:36.312Z] Retention   : 3 day(s)
[2026-07-07T09:34:36.314Z] node: [2026-07-07T09:34:36.313Z] Scanned     : 30
[2026-07-07T09:34:36.314Z] node: [2026-07-07T09:34:36.314Z] Candidates  : 0
[2026-07-07T09:34:36.315Z] node: [2026-07-07T09:34:36.314Z] Deleted     : 0
[2026-07-07T09:34:36.316Z] node: [2026-07-07T09:34:36.315Z] Remaining   : 30
[2026-07-07T09:34:36.316Z] node: [2026-07-07T09:34:36.315Z] Failed      : 0
[2026-07-07T09:34:36.316Z] node: [2026-07-07T09:34:36.316Z] ------------------------------------------------------------
[2026-07-07T09:34:36.317Z] node: [2026-07-07T09:34:36.317Z] Target      : offsite-local-mirror
[2026-07-07T09:34:36.317Z] node: [2026-07-07T09:34:36.317Z] Directory   : D:\alpha-tech\server\recovery\offsite
[2026-07-07T09:34:36.318Z] node: [2026-07-07T09:34:36.317Z] Retention   : 7 day(s)
[2026-07-07T09:34:36.319Z] node: [2026-07-07T09:34:36.318Z] Scanned     : 12
[2026-07-07T09:34:36.319Z] node: [2026-07-07T09:34:36.319Z] Candidates  : 0
[2026-07-07T09:34:36.321Z] node: [2026-07-07T09:34:36.320Z] Deleted     : 0
[2026-07-07T09:34:36.322Z] node: [2026-07-07T09:34:36.320Z] Remaining   : 12
[2026-07-07T09:34:36.324Z] node: [2026-07-07T09:34:36.321Z] Failed      : 0
[2026-07-07T09:34:36.326Z] node: [2026-07-07T09:34:36.326Z] 🧾 JSON report: D:\alpha-tech\server\recovery\reports\retention-report-2026-07-07T09-34-36-321Z.json
[2026-07-07T09:34:36.327Z] node: [2026-07-07T09:34:36.327Z] 🧾 TXT report: D:\alpha-tech\server\recovery\reports\retention-report-2026-07-07T09-34-36-321Z.txt
[2026-07-07T09:34:36.328Z] node: [2026-07-07T09:34:36.327Z] ✅ Overall: PASS
[2026-07-07T09:34:36.340Z] ▶️  Run: node qbrs.js --manifest D:\alpha-tech\server\backups\alphatech_hardened_backup_v6_2026-07-07_2026-07-07T09-34-27-641Z.manifest.json --init --yes --reset-schema
[2026-07-07T09:34:36.528Z] node: [2026-07-07T09:34:36.526Z] ============================================================
[2026-07-07T09:34:36.530Z] node: [2026-07-07T09:34:36.530Z] 🚑 AlphaTech Restore Tool P1-HARDENED-RESTORE-V3-NODE-PG
[2026-07-07T09:34:36.531Z] node: [2026-07-07T09:34:36.530Z] ============================================================
[2026-07-07T09:34:36.556Z] node: [2026-07-07T09:34:36.556Z] ✅ Manifest loaded.
[2026-07-07T09:34:36.557Z] node: [2026-07-07T09:34:36.557Z] ✅ SQL file: D:\alpha-tech\server\backups\alphatech_hardened_backup_v6_2026-07-07_2026-07-07T09-34-27-641Z.sql
[2026-07-07T09:34:36.558Z] node: [2026-07-07T09:34:36.558Z] ✅ SHA256 verified: 4a6a8df8e03a187319858d6e65b23119a14a4a2c70ae7ac0502294247610d274
[2026-07-07T09:34:36.560Z] node: [2026-07-07T09:34:36.560Z] 🎯 Target DB: postgresql://postgres:***@db.engqdeyzbvnmxbnpemau.supabase.co:5432/postgres
[2026-07-07T09:34:36.561Z] node: [2026-07-07T09:34:36.561Z] 🎯 Host: db.engqdeyzbvnmxbnpemau.supabase.co
[2026-07-07T09:34:36.562Z] node: [2026-07-07T09:34:36.562Z] 🎯 Port: 5432
[2026-07-07T09:34:36.563Z] node: [2026-07-07T09:34:36.563Z] 🎯 Database: postgres
[2026-07-07T09:34:36.564Z] node: [2026-07-07T09:34:36.564Z] 🎯 Schema: public
[2026-07-07T09:34:36.929Z] node: [2026-07-07T09:34:36.929Z] 🔌 Connected to target PostgreSQL successfully.
[2026-07-07T09:34:40.208Z] node: [2026-07-07T09:34:40.208Z] 📊 Existing tables: 70
[2026-07-07T09:34:40.210Z] node: [2026-07-07T09:34:40.209Z] 📦 Existing rows: 15216
[2026-07-07T09:34:40.211Z] node: [2026-07-07T09:34:40.209Z] 🔎 Product: 927
[2026-07-07T09:34:40.212Z] node: [2026-07-07T09:34:40.210Z] 🔎 BranchPrice: 925
[2026-07-07T09:34:40.214Z] node: [2026-07-07T09:34:40.211Z] 🔎 StockItem: 528
[2026-07-07T09:34:40.214Z] node: [2026-07-07T09:34:40.212Z] 🔎 Sale: 1
[2026-07-07T09:34:40.215Z] node: [2026-07-07T09:34:40.212Z] 🔎 SaleItem: 1
[2026-07-07T09:34:40.215Z] node: [2026-07-07T09:34:40.212Z] 🔎 SaleItemSimple: 0
[2026-07-07T09:34:40.216Z] node: [2026-07-07T09:34:40.213Z] 🔎 Payment: 1
[2026-07-07T09:34:40.216Z] node: [2026-07-07T09:34:40.214Z] 🔎 PaymentItem: 1
[2026-07-07T09:34:40.461Z] node: [2026-07-07T09:34:40.461Z] 🧨 Resetting target schema "public" before restore...
[2026-07-07T09:34:40.462Z] node: [2026-07-07T09:34:40.461Z] 🛡️ This action is intended for Recovery / Standby DB only.
[2026-07-07T09:34:41.037Z] node: [2026-07-07T09:34:41.037Z] ✅ Schema "public" reset completed.
[2026-07-07T09:34:41.071Z] node: [2026-07-07T09:34:41.071Z] 🧱 Running Prisma db push against Recovery DB only...
[2026-07-07T09:34:41.072Z] node: [2026-07-07T09:34:41.071Z] 🛡️ DATABASE_URL is injected from RESTORE_DATABASE_URL/RECOVERY_DATABASE_URL for this process only.
[2026-07-07T09:34:44.919Z] node: [2026-07-07T09:34:44.919Z] npx stderr: Environment variables loaded from .env
[2026-07-07T09:34:44.921Z] node: [2026-07-07T09:34:44.921Z] npx: Prisma schema loaded from prisma\schema.prisma
[2026-07-07T09:34:44.932Z] node: [2026-07-07T09:34:44.932Z] npx: Datasource "db": PostgreSQL database "postgres", schema "public" at "db.engqdeyzbvnmxbnpemau.supabase.co:5432"
[2026-07-07T09:35:01.312Z] node: [2026-07-07T09:35:01.312Z] npx: Your database is now in sync with your Prisma schema. Done in 15.80s
[2026-07-07T09:35:01.315Z] node: [2026-07-07T09:35:01.315Z] npx: Running generate... (Use --skip-generate to skip the generators)
[2026-07-07T09:35:02.246Z] node: [2026-07-07T09:35:02.246Z] npx: [2K[1A[2K[GRunning generate... - Prisma Client
[2026-07-07T09:35:03.458Z] node: [2026-07-07T09:35:03.458Z] npx: [2K[1A[2K[GEPERM: operation not permitted, rename 'D:\alpha-tech\server\node_modules\.prism
[2026-07-07T09:35:03.459Z] node: [2026-07-07T09:35:03.459Z] npx: a\client\query_engine-windows.dll.node.tmp4232' -> 'D:\alpha-tech\server\node_mo
[2026-07-07T09:35:03.460Z] node: [2026-07-07T09:35:03.459Z] npx: dules\.prisma\client\query_engine-windows.dll.node'
[2026-07-07T09:35:03.516Z] node: [2026-07-07T09:35:03.516Z] ✅ Prisma db push completed for Recovery DB.
[2026-07-07T09:35:06.566Z] node: [2026-07-07T09:35:06.566Z] 📊 Existing tables: 70
[2026-07-07T09:35:06.568Z] node: [2026-07-07T09:35:06.566Z] 📦 Existing rows: 0
[2026-07-07T09:35:06.568Z] node: [2026-07-07T09:35:06.567Z] 🔎 Product: 0
[2026-07-07T09:35:06.569Z] node: [2026-07-07T09:35:06.568Z] 🔎 BranchPrice: 0
[2026-07-07T09:35:06.570Z] node: [2026-07-07T09:35:06.568Z] 🔎 StockItem: 0
[2026-07-07T09:35:06.570Z] node: [2026-07-07T09:35:06.568Z] 🔎 Sale: 0
[2026-07-07T09:35:06.571Z] node: [2026-07-07T09:35:06.569Z] 🔎 SaleItem: 0
[2026-07-07T09:35:06.571Z] node: [2026-07-07T09:35:06.570Z] 🔎 SaleItemSimple: 0
[2026-07-07T09:35:06.571Z] node: [2026-07-07T09:35:06.570Z] 🔎 Payment: 0
[2026-07-07T09:35:06.572Z] node: [2026-07-07T09:35:06.570Z] 🔎 PaymentItem: 0
[2026-07-07T09:35:06.618Z] node: [2026-07-07T09:35:06.618Z] 📖 SQL loaded into memory (4.48 MB).
[2026-07-07T09:35:06.619Z] node: [2026-07-07T09:35:06.619Z] 🚚 Starting SQL restore via Node.js pg client...
[2026-07-07T09:35:08.960Z] node: [2026-07-07T09:35:08.960Z] ✅ SQL restore completed via Node.js pg client.
[2026-07-07T09:35:11.904Z] node: [2026-07-07T09:35:11.904Z] ✅ Restore verification PASS (70 tables checked).
[2026-07-07T09:35:11.905Z] node: [2026-07-07T09:35:11.904Z] 🎉 Restore completed successfully in 35.38 seconds.
[2026-07-07T09:35:11.926Z] ▶️  Run: node recovery/verify/qbv.js
[2026-07-07T09:35:12.109Z] node: [2026-07-07T09:35:12.107Z] ============================================================
[2026-07-07T09:35:12.113Z] node: [2026-07-07T09:35:12.113Z] 🔎 AlphaTech Integrity Verification ALPHATECH-RECOVERY-VERIFY-V1
[2026-07-07T09:35:12.114Z] node: [2026-07-07T09:35:12.114Z] ============================================================
[2026-07-07T09:35:12.115Z] node: [2026-07-07T09:35:12.115Z] Collecting Production snapshot...
[2026-07-07T09:35:23.274Z] node: [2026-07-07T09:35:23.274Z] Collecting Recovery snapshot...
[2026-07-07T09:35:34.174Z] node: [2026-07-07T09:35:34.173Z] Comparing snapshots...
[2026-07-07T09:35:34.184Z] node: [2026-07-07T09:35:34.183Z] 🧾 JSON report: D:\alpha-tech\server\recovery\reports\verification-report_2026-07-07T09-35-34-179Z.json
[2026-07-07T09:35:34.186Z] node: [2026-07-07T09:35:34.185Z] 🧾 TXT report: D:\alpha-tech\server\recovery\reports\verification-report_2026-07-07T09-35-34-179Z.txt
[2026-07-07T09:35:34.186Z] node: [2026-07-07T09:35:34.186Z] ✅ Overall: FAIL
[2026-07-07T09:35:34.372Z] 🧾 Job manifest: D:\alpha-tech\server\recovery\jobs\job-2026-07-07T09-34-22-494Z.json
[2026-07-07T09:35:34.401Z] ❌ Job result: FAIL exitCode=40
