[2026-07-10T09:34:22.567Z] ============================================================
[2026-07-10T09:34:22.573Z] 🧭 AlphaTech Recovery Retention Workflow ALPHATECH-RECOVERY-JOB-RUNNER-V7-R2-RETENTION
[2026-07-10T09:34:22.573Z] ============================================================
[2026-07-10T09:34:22.574Z] Mode: backup-workflow
[2026-07-10T09:34:22.574Z] ▶️  Run: node recovery/health/healthCheck.js
[2026-07-10T09:34:22.722Z] node: [2026-07-10T09:34:22.719Z] ============================================================
[2026-07-10T09:34:22.722Z] node: [2026-07-10T09:34:22.721Z] 🩺 AlphaTech Recovery Health Check ALPHATECH-RECOVERY-HEALTH-CHECK-V1
[2026-07-10T09:34:22.723Z] node: [2026-07-10T09:34:22.722Z] ============================================================
[2026-07-10T09:34:23.553Z] node: [2026-07-10T09:34:23.552Z] 🧾 JSON report: D:\alpha-tech\server\recovery\reports\health-check-2026-07-10T09-34-23-551Z.json
[2026-07-10T09:34:23.554Z] node: [2026-07-10T09:34:23.553Z] 🧾 TXT report: D:\alpha-tech\server\recovery\reports\health-check-2026-07-10T09-34-23-551Z.txt
[2026-07-10T09:34:23.554Z] node: [2026-07-10T09:34:23.553Z] ✅ Overall: PASS
[2026-07-10T09:34:23.567Z] ▶️  Run: node qb.js
[2026-07-10T09:34:24.011Z] node: 🔌 Connected to PostgreSQL successfully.
[2026-07-10T09:34:24.012Z] node: ⏳ Starting P1 Hardened Backup v6 Type-aware + generic self-reference FK safe restore...
[2026-07-10T09:34:27.966Z] node: 📦 Exporting table: Bank
[2026-07-10T09:34:28.007Z] node: 📦 Exporting table: Brand
[2026-07-10T09:34:28.052Z] node: 📦 Exporting table: Category
[2026-07-10T09:34:28.090Z] node: 📦 Exporting table: GlobalProductType
[2026-07-10T09:34:28.129Z] node: 📦 Exporting table: Position
[2026-07-10T09:34:28.168Z] node: 📦 Exporting table: Province
[2026-07-10T09:34:28.207Z] node: 📦 Exporting table: District
[2026-07-10T09:34:28.297Z] node: 📦 Exporting table: Subdistrict
[2026-07-10T09:34:28.485Z] node: 📦 Exporting table: Branch
[2026-07-10T09:34:28.526Z] node: 📦 Exporting table: BarcodeCounter
[2026-07-10T09:34:28.564Z] node: 📦 Exporting table: PaymentCodeCounter
[2026-07-10T09:34:28.603Z] node: 📦 Exporting table: ProductType
[2026-07-10T09:34:28.645Z] node: 📦 Exporting table: ProductTypeBrand
[2026-07-10T09:34:28.687Z] node: 📦 Exporting table: Supplier
[2026-07-10T09:34:28.726Z] node: 📦 Exporting table: Unit
[2026-07-10T09:34:28.765Z] node: 📦 Exporting table: Product
[2026-07-10T09:34:28.872Z] node: 📦 Exporting table: BranchPrice
[2026-07-10T09:34:28.942Z] node: 📦 Exporting table: ProductImage
[2026-07-10T09:34:28.982Z] node: 📦 Exporting table: StockBalance
[2026-07-10T09:34:29.027Z] node: 📦 Exporting table: User
[2026-07-10T09:34:29.072Z] node: 📦 Exporting table: CustomerProfile
[2026-07-10T09:34:29.116Z] node: 📦 Exporting table: Cart
[2026-07-10T09:34:29.154Z] node: 📦 Exporting table: CartItem
[2026-07-10T09:34:29.193Z] node: 📦 Exporting table: EmployeeProfile
[2026-07-10T09:34:29.232Z] node: 📦 Exporting table: CombinedBillingDocument
[2026-07-10T09:34:29.270Z] node: 📦 Exporting table: CombinedSaleDocument
[2026-07-10T09:34:29.308Z] node: 📦 Exporting table: CustomerDeposit
[2026-07-10T09:34:29.347Z] node: 📦 Exporting table: CustomerReceipts
[2026-07-10T09:34:29.386Z] node: 📦 Exporting table: InputTaxFilingBatch
[2026-07-10T09:34:29.424Z] node: 📦 Exporting table: Order
[2026-07-10T09:34:29.462Z] node: 📦 Exporting table: OrderOnline
[2026-07-10T09:34:29.501Z] node: 📦 Exporting table: OrderOnlineItem
[2026-07-10T09:34:29.540Z] node: 📦 Exporting table: PasswordResetToken
[2026-07-10T09:34:29.578Z] node: 📦 Exporting table: ProductOnOrder
[2026-07-10T09:34:29.617Z] node: 📦 Exporting table: PurchaseOrder
[2026-07-10T09:34:29.656Z] node: 📦 Exporting table: PurchaseOrderItem
[2026-07-10T09:34:29.694Z] node: 📦 Exporting table: PurchaseOrderReceipt
[2026-07-10T09:34:29.733Z] node: 📦 Exporting table: InputTaxFilingItem
[2026-07-10T09:34:29.772Z] node: 📦 Exporting table: PurchaseOrderReceiptItem
[2026-07-10T09:34:29.811Z] node: 📦 Exporting table: RefreshToken
[2026-07-10T09:34:30.034Z] node: 📦 Exporting table: Sale
[2026-07-10T09:34:30.074Z] node: 📦 Exporting table: CustomerReceiptAllocations
[2026-07-10T09:34:30.112Z] node: 📦 Exporting table: Payment
[2026-07-10T09:34:30.151Z] node: 📦 Exporting table: DepositUsage
[2026-07-10T09:34:30.190Z] node: 📦 Exporting table: PaymentItem
[2026-07-10T09:34:30.229Z] node: 📦 Exporting table: SaleReturn
[2026-07-10T09:34:30.267Z] node: 📦 Exporting table: RefundTransaction
[2026-07-10T09:34:30.335Z] node: 📦 Exporting table: SalesTaxFilingBatch
[2026-07-10T09:34:30.375Z] node: 📦 Exporting table: SalesTaxFilingItem
[2026-07-10T09:34:30.417Z] node: 📦 Exporting table: ServiceOrder
[2026-07-10T09:34:30.454Z] node: 📦 Exporting table: ServiceItem
[2026-07-10T09:34:30.492Z] node: 📦 Exporting table: SimpleLot
[2026-07-10T09:34:30.530Z] node: 📦 Exporting table: SaleItemSimple
[2026-07-10T09:34:30.568Z] node: 📦 Exporting table: SaleReturnItemSimple
[2026-07-10T09:34:30.606Z] node: 📦 Exporting table: StockAuditSession
[2026-07-10T09:34:30.645Z] node: 📦 Exporting table: StockItem
[2026-07-10T09:34:30.711Z] node: 📦 Exporting table: BarcodeReceiptItem
[2026-07-10T09:34:30.749Z] node: 📦 Exporting table: RepairJob
[2026-07-10T09:34:30.788Z] node: 📦 Exporting table: RepairPartItem
[2026-07-10T09:34:30.826Z] node: 📦 Exporting table: SaleItem
[2026-07-10T09:34:30.865Z] node: 📦 Exporting table: SaleReturnItem
[2026-07-10T09:34:30.903Z] node: 📦 Exporting table: StockAuditScanLog
[2026-07-10T09:34:30.942Z] node: 📦 Exporting table: StockAuditSnapshotItem
[2026-07-10T09:34:30.982Z] node: 📦 Exporting table: StockMovement
[2026-07-10T09:34:31.027Z] node: 📦 Exporting table: SupplierPayment
[2026-07-10T09:34:31.066Z] node: 📦 Exporting table: SupplierPaymentReceipt
[2026-07-10T09:34:31.104Z] node: 📦 Exporting table: V2CustomerDeposit
[2026-07-10T09:34:31.144Z] node: 📦 Exporting table: V2StockAudit
[2026-07-10T09:34:31.182Z] node: 📦 Exporting table: V2StockAuditItem
[2026-07-10T09:34:31.220Z] node: 📦 Exporting table: WarrantyClaim
[2026-07-10T09:34:33.980Z] node: 🎉 P1 Hardened Backup v6 Type-aware + generic self-reference FK safe restore completed successfully.
[2026-07-10T09:34:33.981Z] node: 💾 Backup file: D:\alpha-tech\server\backups\alphatech_hardened_backup_v6_2026-07-10_2026-07-10T09-34-27-941Z.sql
[2026-07-10T09:34:33.981Z] node: 🧾 Manifest file: D:\alpha-tech\server\backups\alphatech_hardened_backup_v6_2026-07-10_2026-07-10T09-34-27-941Z.manifest.json
[2026-07-10T09:34:33.982Z] node: 📊 Tables exported: 70
[2026-07-10T09:34:33.982Z] node: 📦 Rows exported: 16109
[2026-07-10T09:34:33.982Z] node: 🔢 Sequences prepared: 67
[2026-07-10T09:34:33.983Z] node: 🔐 SHA256: 38d6c20ee5ce956d406d5505afc2a0a0ce430733a166e36f7aa07037ce2a5d7e
[2026-07-10T09:34:33.983Z] node: 📐 File size: 4.85 MB
[2026-07-10T09:34:33.983Z] node: ⏱️ Duration: 7.58 seconds
[2026-07-10T09:34:33.984Z] node: ✅ Verification: PASS (70 tables checked)
[2026-07-10T09:34:34.043Z] ▶️  Run: node recovery/upload/uploadBackup.js --manifest D:\alpha-tech\server\backups\alphatech_hardened_backup_v6_2026-07-10_2026-07-10T09-34-27-941Z.manifest.json
[2026-07-10T09:34:34.115Z] node: [2026-07-10T09:34:34.110Z] ============================================================
[2026-07-10T09:34:34.117Z] node: [2026-07-10T09:34:34.116Z] AlphaTech Recovery Upload ALPHATECH-RECOVERY-UPLOAD-V2-S3-COMPATIBLE
[2026-07-10T09:34:34.117Z] node: [2026-07-10T09:34:34.116Z] ============================================================
[2026-07-10T09:34:34.284Z] node stderr: (node:18424) Warning: NodeVersionSupportWarning: The AWS SDK for JavaScript (v3)
[2026-07-10T09:34:34.284Z] node stderr: versions published after the first week of January 2027
[2026-07-10T09:34:34.284Z] node stderr: will require node >=22. You are running node v20.19.0.
[2026-07-10T09:34:34.284Z] node stderr: To continue receiving updates to AWS services, bug fixes,
[2026-07-10T09:34:34.285Z] node stderr: and security updates please upgrade to node >=22.
[2026-07-10T09:34:34.285Z] node stderr: More information can be found at: https://a.co/c895JFp
[2026-07-10T09:34:34.285Z] node stderr: (Use `node --trace-warnings ...` to show where the warning was created)
[2026-07-10T09:34:37.349Z] node: [2026-07-10T09:34:37.349Z] JSON report: D:\alpha-tech\server\recovery\reports\upload-report-2026-07-10T09-34-37-347Z.json
[2026-07-10T09:34:37.350Z] node: [2026-07-10T09:34:37.349Z] TXT report: D:\alpha-tech\server\recovery\reports\upload-report-2026-07-10T09-34-37-347Z.txt
[2026-07-10T09:34:37.350Z] node: [2026-07-10T09:34:37.349Z] Overall: PASS
[2026-07-10T09:34:37.910Z] ------------------------------------------------------------
[2026-07-10T09:34:37.911Z] Target      : cloudflare-r2
[2026-07-10T09:34:37.911Z] Bucket      : saduaksabuy-recovery
[2026-07-10T09:34:37.911Z] Prefix      : alphatech-production/
[2026-07-10T09:34:37.912Z] Retention   : 7 day(s)
[2026-07-10T09:34:37.913Z] Mode        : APPLY
[2026-07-10T09:34:37.913Z] Scanned     : 56
[2026-07-10T09:34:37.913Z] Candidates  : 0
[2026-07-10T09:34:37.913Z] Deleted     : 0
[2026-07-10T09:34:37.913Z] Remaining   : 56
[2026-07-10T09:34:37.913Z] Failed      : 0
[2026-07-10T09:34:37.914Z] ▶️  Run: node recovery/retention/retentionPolicy.js --apply
[2026-07-10T09:34:37.993Z] node: [2026-07-10T09:34:37.986Z] ============================================================
[2026-07-10T09:34:37.994Z] node: [2026-07-10T09:34:37.993Z] 🧹 AlphaTech Recovery Retention ALPHATECH-RECOVERY-RETENTION-V1
[2026-07-10T09:34:37.994Z] node: [2026-07-10T09:34:37.993Z] ============================================================
[2026-07-10T09:34:37.995Z] node: [2026-07-10T09:34:37.994Z] Mode: APPLY
[2026-07-10T09:34:38.010Z] node: [2026-07-10T09:34:38.009Z] ------------------------------------------------------------
[2026-07-10T09:34:38.011Z] node: [2026-07-10T09:34:38.010Z] Target      : local-backups
[2026-07-10T09:34:38.011Z] node: [2026-07-10T09:34:38.010Z] Directory   : D:\alpha-tech\server\backups
[2026-07-10T09:34:38.011Z] node: [2026-07-10T09:34:38.010Z] Retention   : 3 day(s)
[2026-07-10T09:34:38.012Z] node: [2026-07-10T09:34:38.011Z] Scanned     : 44
[2026-07-10T09:34:38.012Z] node: [2026-07-10T09:34:38.011Z] Candidates  : 2
[2026-07-10T09:34:38.012Z] node: [2026-07-10T09:34:38.011Z] Deleted     : 2
[2026-07-10T09:34:38.013Z] node: [2026-07-10T09:34:38.012Z] Remaining   : 42
[2026-07-10T09:34:38.014Z] node: [2026-07-10T09:34:38.012Z] Failed      : 0
[2026-07-10T09:34:38.014Z] node: [2026-07-10T09:34:38.013Z] ------------------------------------------------------------
[2026-07-10T09:34:38.014Z] node: [2026-07-10T09:34:38.013Z] Target      : offsite-local-mirror
[2026-07-10T09:34:38.014Z] node: [2026-07-10T09:34:38.013Z] Directory   : D:\alpha-tech\server\recovery\offsite
[2026-07-10T09:34:38.014Z] node: [2026-07-10T09:34:38.013Z] Retention   : 7 day(s)
[2026-07-10T09:34:38.015Z] node: [2026-07-10T09:34:38.014Z] Scanned     : 12
[2026-07-10T09:34:38.015Z] node: [2026-07-10T09:34:38.014Z] Candidates  : 0
[2026-07-10T09:34:38.015Z] node: [2026-07-10T09:34:38.014Z] Deleted     : 0
[2026-07-10T09:34:38.015Z] node: [2026-07-10T09:34:38.014Z] Remaining   : 12
[2026-07-10T09:34:38.016Z] node: [2026-07-10T09:34:38.015Z] Failed      : 0
[2026-07-10T09:34:38.017Z] node: [2026-07-10T09:34:38.016Z] 🧾 JSON report: D:\alpha-tech\server\recovery\reports\retention-report-2026-07-10T09-34-38-015Z.json
[2026-07-10T09:34:38.018Z] node: [2026-07-10T09:34:38.017Z] 🧾 TXT report: D:\alpha-tech\server\recovery\reports\retention-report-2026-07-10T09-34-38-015Z.txt
[2026-07-10T09:34:38.018Z] node: [2026-07-10T09:34:38.017Z] ✅ Overall: PASS
[2026-07-10T09:34:38.028Z] ▶️  Run: node qbrs.js --manifest D:\alpha-tech\server\backups\alphatech_hardened_backup_v6_2026-07-10_2026-07-10T09-34-27-941Z.manifest.json --init --yes --reset-schema
[2026-07-10T09:34:38.169Z] node: [2026-07-10T09:34:38.167Z] ============================================================
[2026-07-10T09:34:38.171Z] node: [2026-07-10T09:34:38.170Z] 🚑 AlphaTech Restore Tool P1-HARDENED-RESTORE-V3-NODE-PG
[2026-07-10T09:34:38.171Z] node: [2026-07-10T09:34:38.171Z] ============================================================
[2026-07-10T09:34:38.194Z] node: [2026-07-10T09:34:38.193Z] ✅ Manifest loaded.
[2026-07-10T09:34:38.194Z] node: [2026-07-10T09:34:38.194Z] ✅ SQL file: D:\alpha-tech\server\backups\alphatech_hardened_backup_v6_2026-07-10_2026-07-10T09-34-27-941Z.sql
[2026-07-10T09:34:38.194Z] node: [2026-07-10T09:34:38.194Z] ✅ SHA256 verified: 38d6c20ee5ce956d406d5505afc2a0a0ce430733a166e36f7aa07037ce2a5d7e
[2026-07-10T09:34:38.195Z] node: [2026-07-10T09:34:38.195Z] 🎯 Target DB: postgresql://postgres:***@db.engqdeyzbvnmxbnpemau.supabase.co:5432/postgres
[2026-07-10T09:34:38.195Z] node: [2026-07-10T09:34:38.195Z] 🎯 Host: db.engqdeyzbvnmxbnpemau.supabase.co
[2026-07-10T09:34:38.195Z] node: [2026-07-10T09:34:38.195Z] 🎯 Port: 5432
[2026-07-10T09:34:38.196Z] node: [2026-07-10T09:34:38.195Z] 🎯 Database: postgres
[2026-07-10T09:34:38.196Z] node: [2026-07-10T09:34:38.196Z] 🎯 Schema: public
[2026-07-10T09:34:38.559Z] node: [2026-07-10T09:34:38.559Z] 🔌 Connected to target PostgreSQL successfully.
[2026-07-10T09:34:41.842Z] node: [2026-07-10T09:34:41.842Z] 📊 Existing tables: 70
[2026-07-10T09:34:41.842Z] node: [2026-07-10T09:34:41.842Z] 📦 Existing rows: 15887
[2026-07-10T09:34:41.843Z] node: [2026-07-10T09:34:41.842Z] 🔎 Product: 994
[2026-07-10T09:34:41.843Z] node: [2026-07-10T09:34:41.843Z] 🔎 BranchPrice: 992
[2026-07-10T09:34:41.844Z] node: [2026-07-10T09:34:41.843Z] 🔎 StockItem: 642
[2026-07-10T09:34:41.844Z] node: [2026-07-10T09:34:41.843Z] 🔎 Sale: 4
[2026-07-10T09:34:41.844Z] node: [2026-07-10T09:34:41.843Z] 🔎 SaleItem: 6
[2026-07-10T09:34:41.844Z] node: [2026-07-10T09:34:41.843Z] 🔎 SaleItemSimple: 0
[2026-07-10T09:34:41.845Z] node: [2026-07-10T09:34:41.844Z] 🔎 Payment: 2
[2026-07-10T09:34:41.845Z] node: [2026-07-10T09:34:41.844Z] 🔎 PaymentItem: 2
[2026-07-10T09:34:42.106Z] node: [2026-07-10T09:34:42.105Z] 🧨 Resetting target schema "public" before restore...
[2026-07-10T09:34:42.106Z] node: [2026-07-10T09:34:42.106Z] 🛡️ This action is intended for Recovery / Standby DB only.
[2026-07-10T09:34:42.657Z] node: [2026-07-10T09:34:42.657Z] ✅ Schema "public" reset completed.
[2026-07-10T09:34:42.693Z] node: [2026-07-10T09:34:42.693Z] 🧱 Running Prisma db push against Recovery DB only...
[2026-07-10T09:34:42.694Z] node: [2026-07-10T09:34:42.693Z] 🛡️ DATABASE_URL is injected from RESTORE_DATABASE_URL/RECOVERY_DATABASE_URL for this process only.
[2026-07-10T09:34:45.570Z] node: [2026-07-10T09:34:45.570Z] npx stderr: Environment variables loaded from .env
[2026-07-10T09:34:45.571Z] node: [2026-07-10T09:34:45.571Z] npx: Prisma schema loaded from prisma\schema.prisma
[2026-07-10T09:34:45.582Z] node: [2026-07-10T09:34:45.581Z] npx: Datasource "db": PostgreSQL database "postgres", schema "public" at "db.engqdeyzbvnmxbnpemau.supabase.co:5432"
[2026-07-10T09:35:01.590Z] node: [2026-07-10T09:35:01.590Z] npx: Your database is now in sync with your Prisma schema. Done in 15.48s
[2026-07-10T09:35:01.593Z] node: [2026-07-10T09:35:01.592Z] npx: Running generate... (Use --skip-generate to skip the generators)
[2026-07-10T09:35:02.544Z] node: [2026-07-10T09:35:02.544Z] npx: [2K[1A[2K[GRunning generate... - Prisma Client
[2026-07-10T09:35:03.948Z] node: [2026-07-10T09:35:03.948Z] npx: [2K[1A[2K[G✔ Generated Prisma Client (v6.16.2) to .\node_modules\.prisma\client in 1.40s
[2026-07-10T09:35:04.004Z] node: [2026-07-10T09:35:04.004Z] ✅ Prisma db push completed for Recovery DB.
[2026-07-10T09:35:06.934Z] node: [2026-07-10T09:35:06.934Z] 📊 Existing tables: 70
[2026-07-10T09:35:06.934Z] node: [2026-07-10T09:35:06.934Z] 📦 Existing rows: 0
[2026-07-10T09:35:06.935Z] node: [2026-07-10T09:35:06.934Z] 🔎 Product: 0
[2026-07-10T09:35:06.935Z] node: [2026-07-10T09:35:06.934Z] 🔎 BranchPrice: 0
[2026-07-10T09:35:06.935Z] node: [2026-07-10T09:35:06.934Z] 🔎 StockItem: 0
[2026-07-10T09:35:06.935Z] node: [2026-07-10T09:35:06.934Z] 🔎 Sale: 0
[2026-07-10T09:35:06.936Z] node: [2026-07-10T09:35:06.935Z] 🔎 SaleItem: 0
[2026-07-10T09:35:06.936Z] node: [2026-07-10T09:35:06.935Z] 🔎 SaleItemSimple: 0
[2026-07-10T09:35:06.936Z] node: [2026-07-10T09:35:06.935Z] 🔎 Payment: 0
[2026-07-10T09:35:06.937Z] node: [2026-07-10T09:35:06.935Z] 🔎 PaymentItem: 0
[2026-07-10T09:35:06.987Z] node: [2026-07-10T09:35:06.987Z] 📖 SQL loaded into memory (4.85 MB).
[2026-07-10T09:35:06.988Z] node: [2026-07-10T09:35:06.987Z] 🚚 Starting SQL restore via Node.js pg client...
[2026-07-10T09:35:09.537Z] node: [2026-07-10T09:35:09.536Z] ✅ SQL restore completed via Node.js pg client.
[2026-07-10T09:35:12.374Z] node: [2026-07-10T09:35:12.374Z] ✅ Restore verification PASS (70 tables checked).
[2026-07-10T09:35:12.375Z] node: [2026-07-10T09:35:12.374Z] 🎉 Restore completed successfully in 34.21 seconds.
[2026-07-10T09:35:12.388Z] ▶️  Run: node recovery/verify/qbv.js
[2026-07-10T09:35:12.532Z] node: [2026-07-10T09:35:12.529Z] ============================================================
[2026-07-10T09:35:12.533Z] node: [2026-07-10T09:35:12.532Z] 🔎 AlphaTech Integrity Verification ALPHATECH-RECOVERY-VERIFY-V1
[2026-07-10T09:35:12.533Z] node: [2026-07-10T09:35:12.532Z] ============================================================
[2026-07-10T09:35:12.534Z] node: [2026-07-10T09:35:12.532Z] Collecting Production snapshot...
[2026-07-10T09:35:23.076Z] node: [2026-07-10T09:35:23.075Z] Collecting Recovery snapshot...
[2026-07-10T09:35:34.118Z] node: [2026-07-10T09:35:34.117Z] Comparing snapshots...
[2026-07-10T09:35:34.132Z] node: [2026-07-10T09:35:34.131Z] 🧾 JSON report: D:\alpha-tech\server\recovery\reports\verification-report_2026-07-10T09-35-34-120Z.json
[2026-07-10T09:35:34.132Z] node: [2026-07-10T09:35:34.131Z] 🧾 TXT report: D:\alpha-tech\server\recovery\reports\verification-report_2026-07-10T09-35-34-120Z.txt
[2026-07-10T09:35:34.132Z] node: [2026-07-10T09:35:34.131Z] ✅ Overall: PASS
[2026-07-10T09:35:34.145Z] 🧾 Job manifest: D:\alpha-tech\server\recovery\jobs\job-2026-07-10T09-34-22-564Z.json
[2026-07-10T09:35:34.146Z] ✅ Job result: PASS exitCode=0
