[2026-07-08T15:34:22.529Z] ============================================================
[2026-07-08T15:34:22.535Z] 🧭 AlphaTech Recovery Retention Workflow ALPHATECH-RECOVERY-JOB-RUNNER-V7-R2-RETENTION
[2026-07-08T15:34:22.535Z] ============================================================
[2026-07-08T15:34:22.535Z] Mode: backup-workflow
[2026-07-08T15:34:22.536Z] ▶️  Run: node recovery/health/healthCheck.js
[2026-07-08T15:34:22.689Z] node: [2026-07-08T15:34:22.687Z] ============================================================
[2026-07-08T15:34:22.690Z] node: [2026-07-08T15:34:22.690Z] 🩺 AlphaTech Recovery Health Check ALPHATECH-RECOVERY-HEALTH-CHECK-V1
[2026-07-08T15:34:22.692Z] node: [2026-07-08T15:34:22.691Z] ============================================================
[2026-07-08T15:34:23.500Z] node: [2026-07-08T15:34:23.500Z] 🧾 JSON report: D:\alpha-tech\server\recovery\reports\health-check-2026-07-08T15-34-23-498Z.json
[2026-07-08T15:34:23.501Z] node: [2026-07-08T15:34:23.500Z] 🧾 TXT report: D:\alpha-tech\server\recovery\reports\health-check-2026-07-08T15-34-23-498Z.txt
[2026-07-08T15:34:23.501Z] node: [2026-07-08T15:34:23.501Z] ✅ Overall: PASS
[2026-07-08T15:34:23.513Z] ▶️  Run: node qb.js
[2026-07-08T15:34:23.936Z] node: 🔌 Connected to PostgreSQL successfully.
[2026-07-08T15:34:23.937Z] node: ⏳ Starting P1 Hardened Backup v6 Type-aware + generic self-reference FK safe restore...
[2026-07-08T15:34:27.514Z] node: 📦 Exporting table: Bank
[2026-07-08T15:34:27.553Z] node: 📦 Exporting table: Brand
[2026-07-08T15:34:27.597Z] node: 📦 Exporting table: Category
[2026-07-08T15:34:27.634Z] node: 📦 Exporting table: GlobalProductType
[2026-07-08T15:34:27.671Z] node: 📦 Exporting table: Position
[2026-07-08T15:34:27.710Z] node: 📦 Exporting table: Province
[2026-07-08T15:34:27.747Z] node: 📦 Exporting table: District
[2026-07-08T15:34:27.829Z] node: 📦 Exporting table: Subdistrict
[2026-07-08T15:34:28.024Z] node: 📦 Exporting table: Branch
[2026-07-08T15:34:28.063Z] node: 📦 Exporting table: BarcodeCounter
[2026-07-08T15:34:28.100Z] node: 📦 Exporting table: PaymentCodeCounter
[2026-07-08T15:34:28.137Z] node: 📦 Exporting table: ProductType
[2026-07-08T15:34:28.176Z] node: 📦 Exporting table: ProductTypeBrand
[2026-07-08T15:34:28.216Z] node: 📦 Exporting table: Supplier
[2026-07-08T15:34:28.253Z] node: 📦 Exporting table: Unit
[2026-07-08T15:34:28.290Z] node: 📦 Exporting table: Product
[2026-07-08T15:34:28.364Z] node: 📦 Exporting table: BranchPrice
[2026-07-08T15:34:28.423Z] node: 📦 Exporting table: ProductImage
[2026-07-08T15:34:28.460Z] node: 📦 Exporting table: StockBalance
[2026-07-08T15:34:28.501Z] node: 📦 Exporting table: User
[2026-07-08T15:34:28.542Z] node: 📦 Exporting table: CustomerProfile
[2026-07-08T15:34:28.587Z] node: 📦 Exporting table: Cart
[2026-07-08T15:34:28.627Z] node: 📦 Exporting table: CartItem
[2026-07-08T15:34:28.664Z] node: 📦 Exporting table: EmployeeProfile
[2026-07-08T15:34:28.701Z] node: 📦 Exporting table: CombinedBillingDocument
[2026-07-08T15:34:28.738Z] node: 📦 Exporting table: CombinedSaleDocument
[2026-07-08T15:34:28.774Z] node: 📦 Exporting table: CustomerDeposit
[2026-07-08T15:34:28.811Z] node: 📦 Exporting table: CustomerReceipts
[2026-07-08T15:34:28.847Z] node: 📦 Exporting table: InputTaxFilingBatch
[2026-07-08T15:34:28.884Z] node: 📦 Exporting table: Order
[2026-07-08T15:34:28.920Z] node: 📦 Exporting table: OrderOnline
[2026-07-08T15:34:28.957Z] node: 📦 Exporting table: OrderOnlineItem
[2026-07-08T15:34:28.994Z] node: 📦 Exporting table: PasswordResetToken
[2026-07-08T15:34:29.031Z] node: 📦 Exporting table: ProductOnOrder
[2026-07-08T15:34:29.068Z] node: 📦 Exporting table: PurchaseOrder
[2026-07-08T15:34:29.104Z] node: 📦 Exporting table: PurchaseOrderItem
[2026-07-08T15:34:29.140Z] node: 📦 Exporting table: PurchaseOrderReceipt
[2026-07-08T15:34:29.177Z] node: 📦 Exporting table: InputTaxFilingItem
[2026-07-08T15:34:29.213Z] node: 📦 Exporting table: PurchaseOrderReceiptItem
[2026-07-08T15:34:29.249Z] node: 📦 Exporting table: RefreshToken
[2026-07-08T15:34:29.450Z] node: 📦 Exporting table: Sale
[2026-07-08T15:34:29.487Z] node: 📦 Exporting table: CustomerReceiptAllocations
[2026-07-08T15:34:29.524Z] node: 📦 Exporting table: Payment
[2026-07-08T15:34:29.561Z] node: 📦 Exporting table: DepositUsage
[2026-07-08T15:34:29.597Z] node: 📦 Exporting table: PaymentItem
[2026-07-08T15:34:29.634Z] node: 📦 Exporting table: SaleReturn
[2026-07-08T15:34:29.671Z] node: 📦 Exporting table: RefundTransaction
[2026-07-08T15:34:29.707Z] node: 📦 Exporting table: SalesTaxFilingBatch
[2026-07-08T15:34:29.744Z] node: 📦 Exporting table: SalesTaxFilingItem
[2026-07-08T15:34:29.780Z] node: 📦 Exporting table: ServiceOrder
[2026-07-08T15:34:29.817Z] node: 📦 Exporting table: ServiceItem
[2026-07-08T15:34:29.853Z] node: 📦 Exporting table: SimpleLot
[2026-07-08T15:34:29.890Z] node: 📦 Exporting table: SaleItemSimple
[2026-07-08T15:34:29.927Z] node: 📦 Exporting table: SaleReturnItemSimple
[2026-07-08T15:34:29.963Z] node: 📦 Exporting table: StockAuditSession
[2026-07-08T15:34:30.000Z] node: 📦 Exporting table: StockItem
[2026-07-08T15:34:30.060Z] node: 📦 Exporting table: BarcodeReceiptItem
[2026-07-08T15:34:30.097Z] node: 📦 Exporting table: RepairJob
[2026-07-08T15:34:30.133Z] node: 📦 Exporting table: RepairPartItem
[2026-07-08T15:34:30.169Z] node: 📦 Exporting table: SaleItem
[2026-07-08T15:34:30.206Z] node: 📦 Exporting table: SaleReturnItem
[2026-07-08T15:34:30.243Z] node: 📦 Exporting table: StockAuditScanLog
[2026-07-08T15:34:30.279Z] node: 📦 Exporting table: StockAuditSnapshotItem
[2026-07-08T15:34:30.316Z] node: 📦 Exporting table: StockMovement
[2026-07-08T15:34:30.355Z] node: 📦 Exporting table: SupplierPayment
[2026-07-08T15:34:30.392Z] node: 📦 Exporting table: SupplierPaymentReceipt
[2026-07-08T15:34:30.428Z] node: 📦 Exporting table: V2CustomerDeposit
[2026-07-08T15:34:30.465Z] node: 📦 Exporting table: V2StockAudit
[2026-07-08T15:34:30.501Z] node: 📦 Exporting table: V2StockAuditItem
[2026-07-08T15:34:30.538Z] node: 📦 Exporting table: WarrantyClaim
[2026-07-08T15:34:33.164Z] node: 🎉 P1 Hardened Backup v6 Type-aware + generic self-reference FK safe restore completed successfully.
[2026-07-08T15:34:33.164Z] node: 💾 Backup file: D:\alpha-tech\server\backups\alphatech_hardened_backup_v6_2026-07-08_2026-07-08T15-34-27-489Z.sql
[2026-07-08T15:34:33.165Z] node: 🧾 Manifest file: D:\alpha-tech\server\backups\alphatech_hardened_backup_v6_2026-07-08_2026-07-08T15-34-27-489Z.manifest.json
[2026-07-08T15:34:33.165Z] node: 📊 Tables exported: 70
[2026-07-08T15:34:33.166Z] node: 📦 Rows exported: 15403
[2026-07-08T15:34:33.166Z] node: 🔢 Sequences prepared: 67
[2026-07-08T15:34:33.166Z] node: 🔐 SHA256: 9b30f4328e2301d2645d03e18bd6d8f951e61bc2ea9abdadf30100acdc3e7885
[2026-07-08T15:34:33.167Z] node: 📐 File size: 4.54 MB
[2026-07-08T15:34:33.167Z] node: ⏱️ Duration: 6.96 seconds
[2026-07-08T15:34:33.167Z] node: ✅ Verification: PASS (70 tables checked)
[2026-07-08T15:34:33.225Z] ▶️  Run: node recovery/upload/uploadBackup.js --manifest D:\alpha-tech\server\backups\alphatech_hardened_backup_v6_2026-07-08_2026-07-08T15-34-27-489Z.manifest.json
[2026-07-08T15:34:33.301Z] node: [2026-07-08T15:34:33.296Z] ============================================================
[2026-07-08T15:34:33.303Z] node: [2026-07-08T15:34:33.302Z] AlphaTech Recovery Upload ALPHATECH-RECOVERY-UPLOAD-V2-S3-COMPATIBLE
[2026-07-08T15:34:33.303Z] node: [2026-07-08T15:34:33.303Z] ============================================================
[2026-07-08T15:34:33.472Z] node stderr: (node:17888) Warning: NodeVersionSupportWarning: The AWS SDK for JavaScript (v3)
[2026-07-08T15:34:33.472Z] node stderr: versions published after the first week of January 2027
[2026-07-08T15:34:33.473Z] node stderr: will require node >=22. You are running node v20.19.0.
[2026-07-08T15:34:33.476Z] node stderr: To continue receiving updates to AWS services, bug fixes,
[2026-07-08T15:34:33.476Z] node stderr: and security updates please upgrade to node >=22.
[2026-07-08T15:34:33.476Z] node stderr: More information can be found at: https://a.co/c895JFp
[2026-07-08T15:34:33.476Z] node stderr: (Use `node --trace-warnings ...` to show where the warning was created)
[2026-07-08T15:34:35.218Z] node: [2026-07-08T15:34:35.218Z] JSON report: D:\alpha-tech\server\recovery\reports\upload-report-2026-07-08T15-34-35-216Z.json
[2026-07-08T15:34:35.219Z] node: [2026-07-08T15:34:35.218Z] TXT report: D:\alpha-tech\server\recovery\reports\upload-report-2026-07-08T15-34-35-216Z.txt
[2026-07-08T15:34:35.220Z] node: [2026-07-08T15:34:35.218Z] Overall: PASS
[2026-07-08T15:34:35.682Z] ------------------------------------------------------------
[2026-07-08T15:34:35.682Z] Target      : cloudflare-r2
[2026-07-08T15:34:35.683Z] Bucket      : saduaksabuy-recovery
[2026-07-08T15:34:35.683Z] Prefix      : alphatech-production/
[2026-07-08T15:34:35.683Z] Retention   : 7 day(s)
[2026-07-08T15:34:35.684Z] Mode        : APPLY
[2026-07-08T15:34:35.684Z] Scanned     : 32
[2026-07-08T15:34:35.684Z] Candidates  : 0
[2026-07-08T15:34:35.684Z] Deleted     : 0
[2026-07-08T15:34:35.685Z] Remaining   : 32
[2026-07-08T15:34:35.685Z] Failed      : 0
[2026-07-08T15:34:35.685Z] ▶️  Run: node recovery/retention/retentionPolicy.js --apply
[2026-07-08T15:34:35.765Z] node: [2026-07-08T15:34:35.760Z] ============================================================
[2026-07-08T15:34:35.767Z] node: [2026-07-08T15:34:35.767Z] 🧹 AlphaTech Recovery Retention ALPHATECH-RECOVERY-RETENTION-V1
[2026-07-08T15:34:35.767Z] node: [2026-07-08T15:34:35.767Z] ============================================================
[2026-07-08T15:34:35.768Z] node: [2026-07-08T15:34:35.767Z] Mode: APPLY
[2026-07-08T15:34:35.775Z] node: [2026-07-08T15:34:35.775Z] ------------------------------------------------------------
[2026-07-08T15:34:35.775Z] node: [2026-07-08T15:34:35.775Z] Target      : local-backups
[2026-07-08T15:34:35.776Z] node: [2026-07-08T15:34:35.776Z] Directory   : D:\alpha-tech\server\backups
[2026-07-08T15:34:35.776Z] node: [2026-07-08T15:34:35.776Z] Retention   : 3 day(s)
[2026-07-08T15:34:35.776Z] node: [2026-07-08T15:34:35.776Z] Scanned     : 48
[2026-07-08T15:34:35.777Z] node: [2026-07-08T15:34:35.776Z] Candidates  : 0
[2026-07-08T15:34:35.777Z] node: [2026-07-08T15:34:35.777Z] Deleted     : 0
[2026-07-08T15:34:35.778Z] node: [2026-07-08T15:34:35.777Z] Remaining   : 48
[2026-07-08T15:34:35.778Z] node: [2026-07-08T15:34:35.778Z] Failed      : 0
[2026-07-08T15:34:35.778Z] node: [2026-07-08T15:34:35.778Z] ------------------------------------------------------------
[2026-07-08T15:34:35.779Z] node: [2026-07-08T15:34:35.778Z] Target      : offsite-local-mirror
[2026-07-08T15:34:35.779Z] node: [2026-07-08T15:34:35.778Z] Directory   : D:\alpha-tech\server\recovery\offsite
[2026-07-08T15:34:35.779Z] node: [2026-07-08T15:34:35.779Z] Retention   : 7 day(s)
[2026-07-08T15:34:35.780Z] node: [2026-07-08T15:34:35.779Z] Scanned     : 12
[2026-07-08T15:34:35.780Z] node: [2026-07-08T15:34:35.779Z] Candidates  : 0
[2026-07-08T15:34:35.780Z] node: [2026-07-08T15:34:35.779Z] Deleted     : 0
[2026-07-08T15:34:35.781Z] node: [2026-07-08T15:34:35.779Z] Remaining   : 12
[2026-07-08T15:34:35.781Z] node: [2026-07-08T15:34:35.780Z] Failed      : 0
[2026-07-08T15:34:35.789Z] node: [2026-07-08T15:34:35.789Z] 🧾 JSON report: D:\alpha-tech\server\recovery\reports\retention-report-2026-07-08T15-34-35-780Z.json
[2026-07-08T15:34:35.789Z] node: [2026-07-08T15:34:35.789Z] 🧾 TXT report: D:\alpha-tech\server\recovery\reports\retention-report-2026-07-08T15-34-35-780Z.txt
[2026-07-08T15:34:35.790Z] node: [2026-07-08T15:34:35.789Z] ✅ Overall: PASS
[2026-07-08T15:34:35.800Z] ▶️  Run: node qbrs.js --manifest D:\alpha-tech\server\backups\alphatech_hardened_backup_v6_2026-07-08_2026-07-08T15-34-27-489Z.manifest.json --init --yes --reset-schema
[2026-07-08T15:34:35.936Z] node: [2026-07-08T15:34:35.934Z] ============================================================
[2026-07-08T15:34:35.938Z] node: [2026-07-08T15:34:35.938Z] 🚑 AlphaTech Restore Tool P1-HARDENED-RESTORE-V3-NODE-PG
[2026-07-08T15:34:35.938Z] node: [2026-07-08T15:34:35.938Z] ============================================================
[2026-07-08T15:34:35.960Z] node: [2026-07-08T15:34:35.960Z] ✅ Manifest loaded.
[2026-07-08T15:34:35.961Z] node: [2026-07-08T15:34:35.960Z] ✅ SQL file: D:\alpha-tech\server\backups\alphatech_hardened_backup_v6_2026-07-08_2026-07-08T15-34-27-489Z.sql
[2026-07-08T15:34:35.961Z] node: [2026-07-08T15:34:35.961Z] ✅ SHA256 verified: 9b30f4328e2301d2645d03e18bd6d8f951e61bc2ea9abdadf30100acdc3e7885
[2026-07-08T15:34:35.962Z] node: [2026-07-08T15:34:35.962Z] 🎯 Target DB: postgresql://postgres:***@db.engqdeyzbvnmxbnpemau.supabase.co:5432/postgres
[2026-07-08T15:34:35.963Z] node: [2026-07-08T15:34:35.963Z] 🎯 Host: db.engqdeyzbvnmxbnpemau.supabase.co
[2026-07-08T15:34:35.964Z] node: [2026-07-08T15:34:35.963Z] 🎯 Port: 5432
[2026-07-08T15:34:35.965Z] node: [2026-07-08T15:34:35.963Z] 🎯 Database: postgres
[2026-07-08T15:34:35.965Z] node: [2026-07-08T15:34:35.964Z] 🎯 Schema: public
[2026-07-08T15:34:36.326Z] node: [2026-07-08T15:34:36.326Z] 🔌 Connected to target PostgreSQL successfully.
[2026-07-08T15:34:39.525Z] node: [2026-07-08T15:34:39.525Z] 📊 Existing tables: 70
[2026-07-08T15:34:39.525Z] node: [2026-07-08T15:34:39.525Z] 📦 Existing rows: 15403
[2026-07-08T15:34:39.526Z] node: [2026-07-08T15:34:39.526Z] 🔎 Product: 930
[2026-07-08T15:34:39.527Z] node: [2026-07-08T15:34:39.526Z] 🔎 BranchPrice: 928
[2026-07-08T15:34:39.527Z] node: [2026-07-08T15:34:39.526Z] 🔎 StockItem: 530
[2026-07-08T15:34:39.527Z] node: [2026-07-08T15:34:39.526Z] 🔎 Sale: 1
[2026-07-08T15:34:39.528Z] node: [2026-07-08T15:34:39.526Z] 🔎 SaleItem: 1
[2026-07-08T15:34:39.528Z] node: [2026-07-08T15:34:39.527Z] 🔎 SaleItemSimple: 0
[2026-07-08T15:34:39.528Z] node: [2026-07-08T15:34:39.527Z] 🔎 Payment: 1
[2026-07-08T15:34:39.529Z] node: [2026-07-08T15:34:39.527Z] 🔎 PaymentItem: 1
[2026-07-08T15:34:39.773Z] node: [2026-07-08T15:34:39.773Z] 🧨 Resetting target schema "public" before restore...
[2026-07-08T15:34:39.774Z] node: [2026-07-08T15:34:39.774Z] 🛡️ This action is intended for Recovery / Standby DB only.
[2026-07-08T15:34:40.330Z] node: [2026-07-08T15:34:40.330Z] ✅ Schema "public" reset completed.
[2026-07-08T15:34:40.364Z] node: [2026-07-08T15:34:40.364Z] 🧱 Running Prisma db push against Recovery DB only...
[2026-07-08T15:34:40.364Z] node: [2026-07-08T15:34:40.364Z] 🛡️ DATABASE_URL is injected from RESTORE_DATABASE_URL/RECOVERY_DATABASE_URL for this process only.
[2026-07-08T15:34:43.216Z] node: [2026-07-08T15:34:43.216Z] npx stderr: Environment variables loaded from .env
[2026-07-08T15:34:43.218Z] node: [2026-07-08T15:34:43.218Z] npx: Prisma schema loaded from prisma\schema.prisma
[2026-07-08T15:34:43.229Z] node: [2026-07-08T15:34:43.229Z] npx: Datasource "db": PostgreSQL database "postgres", schema "public" at "db.engqdeyzbvnmxbnpemau.supabase.co:5432"
[2026-07-08T15:34:59.885Z] node: [2026-07-08T15:34:59.885Z] npx: Your database is now in sync with your Prisma schema. Done in 16.12s
[2026-07-08T15:34:59.887Z] node: [2026-07-08T15:34:59.887Z] npx: Running generate... (Use --skip-generate to skip the generators)
[2026-07-08T15:35:00.740Z] node: [2026-07-08T15:35:00.740Z] npx: [2K[1A[2K[GRunning generate... - Prisma Client
[2026-07-08T15:35:01.958Z] node: [2026-07-08T15:35:01.958Z] npx: [2K[1A[2K[G✔ Generated Prisma Client (v6.16.2) to .\node_modules\.prisma\client in 1.22s
[2026-07-08T15:35:02.012Z] node: [2026-07-08T15:35:02.012Z] ✅ Prisma db push completed for Recovery DB.
[2026-07-08T15:35:05.079Z] node: [2026-07-08T15:35:05.079Z] 📊 Existing tables: 70
[2026-07-08T15:35:05.079Z] node: [2026-07-08T15:35:05.079Z] 📦 Existing rows: 0
[2026-07-08T15:35:05.080Z] node: [2026-07-08T15:35:05.080Z] 🔎 Product: 0
[2026-07-08T15:35:05.081Z] node: [2026-07-08T15:35:05.080Z] 🔎 BranchPrice: 0
[2026-07-08T15:35:05.082Z] node: [2026-07-08T15:35:05.080Z] 🔎 StockItem: 0
[2026-07-08T15:35:05.082Z] node: [2026-07-08T15:35:05.080Z] 🔎 Sale: 0
[2026-07-08T15:35:05.083Z] node: [2026-07-08T15:35:05.080Z] 🔎 SaleItem: 0
[2026-07-08T15:35:05.083Z] node: [2026-07-08T15:35:05.080Z] 🔎 SaleItemSimple: 0
[2026-07-08T15:35:05.084Z] node: [2026-07-08T15:35:05.080Z] 🔎 Payment: 0
[2026-07-08T15:35:05.084Z] node: [2026-07-08T15:35:05.081Z] 🔎 PaymentItem: 0
[2026-07-08T15:35:05.159Z] node: [2026-07-08T15:35:05.159Z] 📖 SQL loaded into memory (4.54 MB).
[2026-07-08T15:35:05.159Z] node: [2026-07-08T15:35:05.159Z] 🚚 Starting SQL restore via Node.js pg client...
[2026-07-08T15:35:07.443Z] node: [2026-07-08T15:35:07.443Z] ✅ SQL restore completed via Node.js pg client.
[2026-07-08T15:35:10.312Z] node: [2026-07-08T15:35:10.312Z] ✅ Restore verification PASS (70 tables checked).
[2026-07-08T15:35:10.314Z] node: [2026-07-08T15:35:10.313Z] 🎉 Restore completed successfully in 34.38 seconds.
[2026-07-08T15:35:10.332Z] ▶️  Run: node recovery/verify/qbv.js
[2026-07-08T15:35:10.477Z] node: [2026-07-08T15:35:10.475Z] ============================================================
[2026-07-08T15:35:10.478Z] node: [2026-07-08T15:35:10.478Z] 🔎 AlphaTech Integrity Verification ALPHATECH-RECOVERY-VERIFY-V1
[2026-07-08T15:35:10.479Z] node: [2026-07-08T15:35:10.478Z] ============================================================
[2026-07-08T15:35:10.479Z] node: [2026-07-08T15:35:10.478Z] Collecting Production snapshot...
[2026-07-08T15:35:22.069Z] node: [2026-07-08T15:35:22.068Z] Collecting Recovery snapshot...
[2026-07-08T15:35:32.625Z] node: [2026-07-08T15:35:32.625Z] Comparing snapshots...
[2026-07-08T15:35:32.632Z] node: [2026-07-08T15:35:32.632Z] 🧾 JSON report: D:\alpha-tech\server\recovery\reports\verification-report_2026-07-08T15-35-32-629Z.json
[2026-07-08T15:35:32.633Z] node: [2026-07-08T15:35:32.632Z] 🧾 TXT report: D:\alpha-tech\server\recovery\reports\verification-report_2026-07-08T15-35-32-629Z.txt
[2026-07-08T15:35:32.633Z] node: [2026-07-08T15:35:32.633Z] ✅ Overall: PASS
[2026-07-08T15:35:32.655Z] 🧾 Job manifest: D:\alpha-tech\server\recovery\jobs\job-2026-07-08T15-34-22-527Z.json
[2026-07-08T15:35:32.655Z] ✅ Job result: PASS exitCode=0
