[2026-07-20T21:34:22.476Z] ============================================================
[2026-07-20T21:34:22.483Z] 🧭 AlphaTech Recovery Retention Workflow ALPHATECH-RECOVERY-JOB-RUNNER-V7-R2-RETENTION
[2026-07-20T21:34:22.483Z] ============================================================
[2026-07-20T21:34:22.483Z] Mode: backup-workflow
[2026-07-20T21:34:22.484Z] ▶️  Run: node recovery/health/healthCheck.js
[2026-07-20T21:34:22.640Z] node: [2026-07-20T21:34:22.637Z] ============================================================
[2026-07-20T21:34:22.641Z] node: [2026-07-20T21:34:22.640Z] 🩺 AlphaTech Recovery Health Check ALPHATECH-RECOVERY-HEALTH-CHECK-V1
[2026-07-20T21:34:22.642Z] node: [2026-07-20T21:34:22.641Z] ============================================================
[2026-07-20T21:34:23.558Z] node: [2026-07-20T21:34:23.557Z] 🧾 JSON report: D:\alpha-tech\server\recovery\reports\health-check-2026-07-20T21-34-23-556Z.json
[2026-07-20T21:34:23.559Z] node: [2026-07-20T21:34:23.558Z] 🧾 TXT report: D:\alpha-tech\server\recovery\reports\health-check-2026-07-20T21-34-23-556Z.txt
[2026-07-20T21:34:23.559Z] node: [2026-07-20T21:34:23.558Z] ✅ Overall: PASS
[2026-07-20T21:34:23.572Z] ▶️  Run: node qb.js
[2026-07-20T21:34:24.009Z] node: 🔌 Connected to PostgreSQL successfully.
[2026-07-20T21:34:24.018Z] node: ⏳ Starting P1 Hardened Backup v6 Type-aware + generic self-reference FK safe restore...
[2026-07-20T21:34:27.395Z] node: 📦 Exporting table: Bank
[2026-07-20T21:34:27.434Z] node: 📦 Exporting table: Brand
[2026-07-20T21:34:27.478Z] node: 📦 Exporting table: Category
[2026-07-20T21:34:27.513Z] node: 📦 Exporting table: GlobalProductType
[2026-07-20T21:34:27.549Z] node: 📦 Exporting table: Position
[2026-07-20T21:34:27.585Z] node: 📦 Exporting table: Province
[2026-07-20T21:34:27.621Z] node: 📦 Exporting table: District
[2026-07-20T21:34:27.700Z] node: 📦 Exporting table: Subdistrict
[2026-07-20T21:34:27.896Z] node: 📦 Exporting table: Branch
[2026-07-20T21:34:27.933Z] node: 📦 Exporting table: BarcodeCounter
[2026-07-20T21:34:27.969Z] node: 📦 Exporting table: PaymentCodeCounter
[2026-07-20T21:34:28.005Z] node: 📦 Exporting table: ProductType
[2026-07-20T21:34:28.045Z] node: 📦 Exporting table: ProductTypeBrand
[2026-07-20T21:34:28.089Z] node: 📦 Exporting table: Supplier
[2026-07-20T21:34:28.127Z] node: 📦 Exporting table: Unit
[2026-07-20T21:34:28.162Z] node: 📦 Exporting table: Product
[2026-07-20T21:34:28.297Z] node: 📦 Exporting table: BranchPrice
[2026-07-20T21:34:28.386Z] node: 📦 Exporting table: ProductImage
[2026-07-20T21:34:28.421Z] node: 📦 Exporting table: StockBalance
[2026-07-20T21:34:28.760Z] node: 📦 Exporting table: User
[2026-07-20T21:34:28.760Z] node: 📦 Exporting table: CustomerProfile
[2026-07-20T21:34:28.761Z] node: 📦 Exporting table: Cart
[2026-07-20T21:34:28.761Z] node: 📦 Exporting table: CartItem
[2026-07-20T21:34:28.762Z] node: 📦 Exporting table: EmployeeProfile
[2026-07-20T21:34:28.762Z] node: 📦 Exporting table: CombinedBillingDocument
[2026-07-20T21:34:28.762Z] node: 📦 Exporting table: CombinedSaleDocument
[2026-07-20T21:34:28.763Z] node: 📦 Exporting table: CustomerDeposit
[2026-07-20T21:34:28.781Z] node: 📦 Exporting table: CustomerReceipts
[2026-07-20T21:34:28.817Z] node: 📦 Exporting table: InputTaxFilingBatch
[2026-07-20T21:34:28.852Z] node: 📦 Exporting table: Order
[2026-07-20T21:34:28.889Z] node: 📦 Exporting table: OrderOnline
[2026-07-20T21:34:28.926Z] node: 📦 Exporting table: OrderOnlineItem
[2026-07-20T21:34:28.962Z] node: 📦 Exporting table: PasswordResetToken
[2026-07-20T21:34:28.998Z] node: 📦 Exporting table: ProductOnOrder
[2026-07-20T21:34:29.034Z] node: 📦 Exporting table: PurchaseOrder
[2026-07-20T21:34:29.071Z] node: 📦 Exporting table: PurchaseOrderItem
[2026-07-20T21:34:29.110Z] node: 📦 Exporting table: PurchaseOrderReceipt
[2026-07-20T21:34:29.148Z] node: 📦 Exporting table: InputTaxFilingItem
[2026-07-20T21:34:29.184Z] node: 📦 Exporting table: PurchaseOrderReceiptItem
[2026-07-20T21:34:29.222Z] node: 📦 Exporting table: RefreshToken
[2026-07-20T21:34:29.420Z] node: 📦 Exporting table: Sale
[2026-07-20T21:34:29.459Z] node: 📦 Exporting table: CustomerReceiptAllocations
[2026-07-20T21:34:29.495Z] node: 📦 Exporting table: Payment
[2026-07-20T21:34:29.785Z] node: 📦 Exporting table: DepositUsage
[2026-07-20T21:34:29.785Z] node: 📦 Exporting table: PaymentItem
[2026-07-20T21:34:29.785Z] node: 📦 Exporting table: SaleReturn
[2026-07-20T21:34:29.786Z] node: 📦 Exporting table: RefundTransaction
[2026-07-20T21:34:29.786Z] node: 📦 Exporting table: SalesTaxFilingBatch
[2026-07-20T21:34:29.787Z] node: 📦 Exporting table: SalesTaxFilingItem
[2026-07-20T21:34:29.787Z] node: 📦 Exporting table: ServiceOrder
[2026-07-20T21:34:29.787Z] node: 📦 Exporting table: ServiceItem
[2026-07-20T21:34:29.814Z] node: 📦 Exporting table: SimpleLot
[2026-07-20T21:34:29.850Z] node: 📦 Exporting table: SaleItemSimple
[2026-07-20T21:34:29.886Z] node: 📦 Exporting table: SaleReturnItemSimple
[2026-07-20T21:34:29.921Z] node: 📦 Exporting table: StockAuditSession
[2026-07-20T21:34:29.957Z] node: 📦 Exporting table: StockItem
[2026-07-20T21:34:30.128Z] node: 📦 Exporting table: BarcodeReceiptItem
[2026-07-20T21:34:30.180Z] node: 📦 Exporting table: RepairJob
[2026-07-20T21:34:30.215Z] node: 📦 Exporting table: RepairPartItem
[2026-07-20T21:34:30.251Z] node: 📦 Exporting table: SaleItem
[2026-07-20T21:34:30.290Z] node: 📦 Exporting table: SaleReturnItem
[2026-07-20T21:34:30.326Z] node: 📦 Exporting table: StockAuditScanLog
[2026-07-20T21:34:30.362Z] node: 📦 Exporting table: StockAuditSnapshotItem
[2026-07-20T21:34:30.413Z] node: 📦 Exporting table: StockMovement
[2026-07-20T21:34:30.471Z] node: 📦 Exporting table: SupplierPayment
[2026-07-20T21:34:30.506Z] node: 📦 Exporting table: SupplierPaymentReceipt
[2026-07-20T21:34:30.541Z] node: 📦 Exporting table: V2CustomerDeposit
[2026-07-20T21:34:30.577Z] node: 📦 Exporting table: V2StockAudit
[2026-07-20T21:34:30.613Z] node: 📦 Exporting table: V2StockAuditItem
[2026-07-20T21:34:30.648Z] node: 📦 Exporting table: WarrantyClaim
[2026-07-20T21:34:33.234Z] node: 🎉 P1 Hardened Backup v6 Type-aware + generic self-reference FK safe restore completed successfully.
[2026-07-20T21:34:33.235Z] node: 💾 Backup file: D:\alpha-tech\server\backups\alphatech_hardened_backup_v6_2026-07-20_2026-07-20T21-34-27-363Z.sql
[2026-07-20T21:34:33.485Z] node: 🧾 Manifest file: D:\alpha-tech\server\backups\alphatech_hardened_backup_v6_2026-07-20_2026-07-20T21-34-27-363Z.manifest.json
[2026-07-20T21:34:33.487Z] node: 📊 Tables exported: 70
[2026-07-20T21:34:33.487Z] node: 📦 Rows exported: 25382
[2026-07-20T21:34:33.487Z] node: 🔢 Sequences prepared: 67
[2026-07-20T21:34:33.488Z] node: 🔐 SHA256: 18d8dad8a84b2153a84f967e4d41cc13b9b9dca24dfb9ba409a122a2be863f7f
[2026-07-20T21:34:33.488Z] node: 📐 File size: 8.92 MB
[2026-07-20T21:34:33.488Z] node: ⏱️ Duration: 7.01 seconds
[2026-07-20T21:34:33.489Z] node: ✅ Verification: PASS (70 tables checked)
[2026-07-20T21:34:33.494Z] ▶️  Run: node recovery/upload/uploadBackup.js --manifest D:\alpha-tech\server\backups\alphatech_hardened_backup_v6_2026-07-20_2026-07-20T21-34-27-363Z.manifest.json
[2026-07-20T21:34:33.582Z] node: [2026-07-20T21:34:33.576Z] ============================================================
[2026-07-20T21:34:33.583Z] node: [2026-07-20T21:34:33.583Z] AlphaTech Recovery Upload ALPHATECH-RECOVERY-UPLOAD-V2-S3-COMPATIBLE
[2026-07-20T21:34:33.584Z] node: [2026-07-20T21:34:33.583Z] ============================================================
[2026-07-20T21:34:33.823Z] node stderr: (node:5840) Warning: NodeVersionSupportWarning: The AWS SDK for JavaScript (v3)
[2026-07-20T21:34:33.823Z] node stderr: versions published after the first week of January 2027
[2026-07-20T21:34:33.825Z] node stderr: will require node >=22. You are running node v20.19.0.
[2026-07-20T21:34:33.825Z] node stderr: To continue receiving updates to AWS services, bug fixes,
[2026-07-20T21:34:33.825Z] node stderr: and security updates please upgrade to node >=22.
[2026-07-20T21:34:33.826Z] node stderr: More information can be found at: https://a.co/c895JFp
[2026-07-20T21:34:33.826Z] node stderr: (Use `node --trace-warnings ...` to show where the warning was created)
[2026-07-20T21:34:35.490Z] node: [2026-07-20T21:34:35.489Z] JSON report: D:\alpha-tech\server\recovery\reports\upload-report-2026-07-20T21-34-35-488Z.json
[2026-07-20T21:34:35.490Z] node: [2026-07-20T21:34:35.489Z] TXT report: D:\alpha-tech\server\recovery\reports\upload-report-2026-07-20T21-34-35-488Z.txt
[2026-07-20T21:34:35.491Z] node: [2026-07-20T21:34:35.490Z] Overall: PASS
[2026-07-20T21:34:36.504Z] ------------------------------------------------------------
[2026-07-20T21:34:36.505Z] Target      : cloudflare-r2
[2026-07-20T21:34:36.506Z] Bucket      : saduaksabuy-recovery
[2026-07-20T21:34:36.506Z] Prefix      : alphatech-production/
[2026-07-20T21:34:36.507Z] Retention   : 7 day(s)
[2026-07-20T21:34:36.507Z] Mode        : APPLY
[2026-07-20T21:34:36.508Z] Scanned     : 96
[2026-07-20T21:34:36.508Z] Candidates  : 0
[2026-07-20T21:34:36.508Z] Deleted     : 0
[2026-07-20T21:34:36.509Z] Remaining   : 96
[2026-07-20T21:34:36.509Z] Failed      : 0
[2026-07-20T21:34:36.510Z] ▶️  Run: node recovery/retention/retentionPolicy.js --apply
[2026-07-20T21:34:36.609Z] node: [2026-07-20T21:34:36.603Z] ============================================================
[2026-07-20T21:34:36.611Z] node: [2026-07-20T21:34:36.610Z] 🧹 AlphaTech Recovery Retention ALPHATECH-RECOVERY-RETENTION-V1
[2026-07-20T21:34:36.634Z] node: [2026-07-20T21:34:36.611Z] ============================================================
[2026-07-20T21:34:36.635Z] node: [2026-07-20T21:34:36.611Z] Mode: APPLY
[2026-07-20T21:34:36.635Z] node: [2026-07-20T21:34:36.619Z] ------------------------------------------------------------
[2026-07-20T21:34:36.636Z] node: [2026-07-20T21:34:36.619Z] Target      : local-backups
[2026-07-20T21:34:36.636Z] node: [2026-07-20T21:34:36.619Z] Directory   : D:\alpha-tech\server\backups
[2026-07-20T21:34:36.636Z] node: [2026-07-20T21:34:36.619Z] Retention   : 3 day(s)
[2026-07-20T21:34:36.636Z] node: [2026-07-20T21:34:36.620Z] Scanned     : 50
[2026-07-20T21:34:36.637Z] node: [2026-07-20T21:34:36.620Z] Candidates  : 2
[2026-07-20T21:34:36.637Z] node: [2026-07-20T21:34:36.620Z] Deleted     : 2
[2026-07-20T21:34:36.637Z] node: [2026-07-20T21:34:36.620Z] Remaining   : 48
[2026-07-20T21:34:36.638Z] node: [2026-07-20T21:34:36.621Z] Failed      : 0
[2026-07-20T21:34:36.638Z] node: [2026-07-20T21:34:36.621Z] ------------------------------------------------------------
[2026-07-20T21:34:36.638Z] node: [2026-07-20T21:34:36.621Z] Target      : offsite-local-mirror
[2026-07-20T21:34:36.638Z] node: [2026-07-20T21:34:36.621Z] Directory   : D:\alpha-tech\server\recovery\offsite
[2026-07-20T21:34:36.639Z] node: [2026-07-20T21:34:36.621Z] Retention   : 7 day(s)
[2026-07-20T21:34:36.639Z] node: [2026-07-20T21:34:36.622Z] Scanned     : 0
[2026-07-20T21:34:36.639Z] node: [2026-07-20T21:34:36.622Z] Candidates  : 0
[2026-07-20T21:34:36.639Z] node: [2026-07-20T21:34:36.622Z] Deleted     : 0
[2026-07-20T21:34:36.640Z] node: [2026-07-20T21:34:36.622Z] Remaining   : 0
[2026-07-20T21:34:36.640Z] node: [2026-07-20T21:34:36.622Z] Failed      : 0
[2026-07-20T21:34:36.640Z] node: [2026-07-20T21:34:36.623Z] 🧾 JSON report: D:\alpha-tech\server\recovery\reports\retention-report-2026-07-20T21-34-36-622Z.json
[2026-07-20T21:34:36.640Z] node: [2026-07-20T21:34:36.624Z] 🧾 TXT report: D:\alpha-tech\server\recovery\reports\retention-report-2026-07-20T21-34-36-622Z.txt
[2026-07-20T21:34:36.641Z] node: [2026-07-20T21:34:36.624Z] ✅ Overall: PASS
[2026-07-20T21:34:36.642Z] ▶️  Run: node qbrs.js --manifest D:\alpha-tech\server\backups\alphatech_hardened_backup_v6_2026-07-20_2026-07-20T21-34-27-363Z.manifest.json --init --yes --reset-schema
[2026-07-20T21:34:36.792Z] node: [2026-07-20T21:34:36.791Z] ============================================================
[2026-07-20T21:34:36.794Z] node: [2026-07-20T21:34:36.794Z] 🚑 AlphaTech Restore Tool P1-HARDENED-RESTORE-V3-NODE-PG
[2026-07-20T21:34:36.795Z] node: [2026-07-20T21:34:36.794Z] ============================================================
[2026-07-20T21:34:36.834Z] node: [2026-07-20T21:34:36.833Z] ✅ Manifest loaded.
[2026-07-20T21:34:36.834Z] node: [2026-07-20T21:34:36.834Z] ✅ SQL file: D:\alpha-tech\server\backups\alphatech_hardened_backup_v6_2026-07-20_2026-07-20T21-34-27-363Z.sql
[2026-07-20T21:34:36.836Z] node: [2026-07-20T21:34:36.834Z] ✅ SHA256 verified: 18d8dad8a84b2153a84f967e4d41cc13b9b9dca24dfb9ba409a122a2be863f7f
[2026-07-20T21:34:36.836Z] node: [2026-07-20T21:34:36.835Z] 🎯 Target DB: postgresql://postgres:***@db.engqdeyzbvnmxbnpemau.supabase.co:5432/postgres
[2026-07-20T21:34:36.836Z] node: [2026-07-20T21:34:36.836Z] 🎯 Host: db.engqdeyzbvnmxbnpemau.supabase.co
[2026-07-20T21:34:36.836Z] node: [2026-07-20T21:34:36.836Z] 🎯 Port: 5432
[2026-07-20T21:34:36.837Z] node: [2026-07-20T21:34:36.836Z] 🎯 Database: postgres
[2026-07-20T21:34:36.837Z] node: [2026-07-20T21:34:36.836Z] 🎯 Schema: public
[2026-07-20T21:34:37.185Z] node: [2026-07-20T21:34:37.185Z] 🔌 Connected to target PostgreSQL successfully.
[2026-07-20T21:34:40.342Z] node: [2026-07-20T21:34:40.342Z] 📊 Existing tables: 70
[2026-07-20T21:34:40.343Z] node: [2026-07-20T21:34:40.342Z] 📦 Existing rows: 25382
[2026-07-20T21:34:40.356Z] node: [2026-07-20T21:34:40.343Z] 🔎 Product: 1913
[2026-07-20T21:34:40.356Z] node: [2026-07-20T21:34:40.343Z] 🔎 BranchPrice: 1911
[2026-07-20T21:34:40.357Z] node: [2026-07-20T21:34:40.343Z] 🔎 StockItem: 3150
[2026-07-20T21:34:40.357Z] node: [2026-07-20T21:34:40.343Z] 🔎 Sale: 63
[2026-07-20T21:34:40.358Z] node: [2026-07-20T21:34:40.343Z] 🔎 SaleItem: 153
[2026-07-20T21:34:40.358Z] node: [2026-07-20T21:34:40.344Z] 🔎 SaleItemSimple: 0
[2026-07-20T21:34:40.358Z] node: [2026-07-20T21:34:40.344Z] 🔎 Payment: 46
[2026-07-20T21:34:40.359Z] node: [2026-07-20T21:34:40.344Z] 🔎 PaymentItem: 46
[2026-07-20T21:34:40.593Z] node: [2026-07-20T21:34:40.593Z] 🧨 Resetting target schema "public" before restore...
[2026-07-20T21:34:40.594Z] node: [2026-07-20T21:34:40.593Z] 🛡️ This action is intended for Recovery / Standby DB only.
[2026-07-20T21:34:41.048Z] node: [2026-07-20T21:34:41.048Z] ✅ Schema "public" reset completed.
[2026-07-20T21:34:41.083Z] node: [2026-07-20T21:34:41.083Z] 🧱 Running Prisma db push against Recovery DB only...
[2026-07-20T21:34:41.083Z] node: [2026-07-20T21:34:41.083Z] 🛡️ DATABASE_URL is injected from RESTORE_DATABASE_URL/RECOVERY_DATABASE_URL for this process only.
[2026-07-20T21:34:44.898Z] node: [2026-07-20T21:34:44.898Z] npx stderr: Environment variables loaded from .env
[2026-07-20T21:34:44.899Z] node: [2026-07-20T21:34:44.899Z] npx: Prisma schema loaded from prisma\schema.prisma
[2026-07-20T21:34:44.910Z] node: [2026-07-20T21:34:44.910Z] npx: Datasource "db": PostgreSQL database "postgres", schema "public" at "db.engqdeyzbvnmxbnpemau.supabase.co:5432"
[2026-07-20T21:35:00.320Z] node: [2026-07-20T21:35:00.320Z] npx: Your database is now in sync with your Prisma schema. Done in 14.80s
[2026-07-20T21:35:00.323Z] node: [2026-07-20T21:35:00.323Z] npx: Running generate... (Use --skip-generate to skip the generators)
[2026-07-20T21:35:01.248Z] node: [2026-07-20T21:35:01.248Z] npx: [2K[1A[2K[GRunning generate... - Prisma Client
[2026-07-20T21:35:02.529Z] node: [2026-07-20T21:35:02.529Z] npx: [2K[1A[2K[G✔ Generated Prisma Client (v6.16.2) to .\node_modules\.prisma\client in 1.28s
[2026-07-20T21:35:02.599Z] node: [2026-07-20T21:35:02.599Z] ✅ Prisma db push completed for Recovery DB.
[2026-07-20T21:35:05.550Z] node: [2026-07-20T21:35:05.550Z] 📊 Existing tables: 70
[2026-07-20T21:35:05.550Z] node: [2026-07-20T21:35:05.550Z] 📦 Existing rows: 0
[2026-07-20T21:35:05.551Z] node: [2026-07-20T21:35:05.550Z] 🔎 Product: 0
[2026-07-20T21:35:05.551Z] node: [2026-07-20T21:35:05.551Z] 🔎 BranchPrice: 0
[2026-07-20T21:35:05.552Z] node: [2026-07-20T21:35:05.551Z] 🔎 StockItem: 0
[2026-07-20T21:35:05.552Z] node: [2026-07-20T21:35:05.551Z] 🔎 Sale: 0
[2026-07-20T21:35:05.552Z] node: [2026-07-20T21:35:05.551Z] 🔎 SaleItem: 0
[2026-07-20T21:35:05.553Z] node: [2026-07-20T21:35:05.551Z] 🔎 SaleItemSimple: 0
[2026-07-20T21:35:05.553Z] node: [2026-07-20T21:35:05.551Z] 🔎 Payment: 0
[2026-07-20T21:35:05.553Z] node: [2026-07-20T21:35:05.551Z] 🔎 PaymentItem: 0
[2026-07-20T21:35:05.746Z] node: [2026-07-20T21:35:05.746Z] 📖 SQL loaded into memory (8.92 MB).
[2026-07-20T21:35:05.746Z] node: [2026-07-20T21:35:05.746Z] 🚚 Starting SQL restore via Node.js pg client...
[2026-07-20T21:35:09.795Z] node: [2026-07-20T21:35:09.795Z] ✅ SQL restore completed via Node.js pg client.
[2026-07-20T21:35:12.537Z] node: [2026-07-20T21:35:12.537Z] ✅ Restore verification PASS (70 tables checked).
[2026-07-20T21:35:12.538Z] node: [2026-07-20T21:35:12.537Z] 🎉 Restore completed successfully in 35.75 seconds.
[2026-07-20T21:35:12.561Z] ▶️  Run: node recovery/verify/qbv.js
[2026-07-20T21:35:12.736Z] node: [2026-07-20T21:35:12.734Z] ============================================================
[2026-07-20T21:35:12.738Z] node: [2026-07-20T21:35:12.737Z] 🔎 AlphaTech Integrity Verification ALPHATECH-RECOVERY-VERIFY-V1
[2026-07-20T21:35:12.738Z] node: [2026-07-20T21:35:12.737Z] ============================================================
[2026-07-20T21:35:12.748Z] node: [2026-07-20T21:35:12.738Z] Collecting Production snapshot...
[2026-07-20T21:35:23.319Z] node: [2026-07-20T21:35:23.318Z] Collecting Recovery snapshot...
[2026-07-20T21:35:34.060Z] node: [2026-07-20T21:35:34.059Z] Comparing snapshots...
[2026-07-20T21:35:34.066Z] node: [2026-07-20T21:35:34.066Z] 🧾 JSON report: D:\alpha-tech\server\recovery\reports\verification-report_2026-07-20T21-35-34-063Z.json
[2026-07-20T21:35:34.205Z] node: [2026-07-20T21:35:34.066Z] 🧾 TXT report: D:\alpha-tech\server\recovery\reports\verification-report_2026-07-20T21-35-34-063Z.txt
[2026-07-20T21:35:34.206Z] node: [2026-07-20T21:35:34.066Z] ✅ Overall: PASS
[2026-07-20T21:35:34.210Z] 🧾 Job manifest: D:\alpha-tech\server\recovery\jobs\job-2026-07-20T21-34-22-474Z.json
[2026-07-20T21:35:34.211Z] ✅ Job result: PASS exitCode=0
