[2026-07-10T19:39:48.391Z] ============================================================
[2026-07-10T19:39:48.397Z] 🧭 AlphaTech Recovery Retention Workflow ALPHATECH-RECOVERY-JOB-RUNNER-V7-R2-RETENTION
[2026-07-10T19:39:48.397Z] ============================================================
[2026-07-10T19:39:48.398Z] Mode: backup-workflow
[2026-07-10T19:39:48.399Z] ▶️  Run: node recovery/health/healthCheck.js
[2026-07-10T19:39:48.746Z] node: [2026-07-10T19:39:48.743Z] ============================================================
[2026-07-10T19:39:48.749Z] node: [2026-07-10T19:39:48.749Z] 🩺 AlphaTech Recovery Health Check ALPHATECH-RECOVERY-HEALTH-CHECK-V1
[2026-07-10T19:39:48.750Z] node: [2026-07-10T19:39:48.749Z] ============================================================
[2026-07-10T19:39:49.679Z] node: [2026-07-10T19:39:49.678Z] 🧾 JSON report: D:\alpha-tech\server\recovery\reports\health-check-2026-07-10T19-39-49-676Z.json
[2026-07-10T19:39:49.679Z] node: [2026-07-10T19:39:49.679Z] 🧾 TXT report: D:\alpha-tech\server\recovery\reports\health-check-2026-07-10T19-39-49-676Z.txt
[2026-07-10T19:39:49.680Z] node: [2026-07-10T19:39:49.679Z] ✅ Overall: PASS
[2026-07-10T19:39:49.693Z] ▶️  Run: node qb.js
[2026-07-10T19:39:50.132Z] node: 🔌 Connected to PostgreSQL successfully.
[2026-07-10T19:39:50.134Z] node: ⏳ Starting P1 Hardened Backup v6 Type-aware + generic self-reference FK safe restore...
[2026-07-10T19:39:53.620Z] node: 📦 Exporting table: Bank
[2026-07-10T19:39:53.657Z] node: 📦 Exporting table: Brand
[2026-07-10T19:39:53.699Z] node: 📦 Exporting table: Category
[2026-07-10T19:39:53.735Z] node: 📦 Exporting table: GlobalProductType
[2026-07-10T19:39:53.770Z] node: 📦 Exporting table: Position
[2026-07-10T19:39:53.805Z] node: 📦 Exporting table: Province
[2026-07-10T19:39:53.842Z] node: 📦 Exporting table: District
[2026-07-10T19:39:53.899Z] node: 📦 Exporting table: Subdistrict
[2026-07-10T19:39:54.092Z] node: 📦 Exporting table: Branch
[2026-07-10T19:39:54.130Z] node: 📦 Exporting table: BarcodeCounter
[2026-07-10T19:39:54.165Z] node: 📦 Exporting table: PaymentCodeCounter
[2026-07-10T19:39:54.200Z] node: 📦 Exporting table: ProductType
[2026-07-10T19:39:54.239Z] node: 📦 Exporting table: ProductTypeBrand
[2026-07-10T19:39:54.276Z] node: 📦 Exporting table: Supplier
[2026-07-10T19:39:54.314Z] node: 📦 Exporting table: Unit
[2026-07-10T19:39:54.349Z] node: 📦 Exporting table: Product
[2026-07-10T19:39:54.430Z] node: 📦 Exporting table: BranchPrice
[2026-07-10T19:39:54.495Z] node: 📦 Exporting table: ProductImage
[2026-07-10T19:39:54.530Z] node: 📦 Exporting table: StockBalance
[2026-07-10T19:39:54.571Z] node: 📦 Exporting table: User
[2026-07-10T19:39:54.610Z] node: 📦 Exporting table: CustomerProfile
[2026-07-10T19:39:54.652Z] node: 📦 Exporting table: Cart
[2026-07-10T19:39:54.687Z] node: 📦 Exporting table: CartItem
[2026-07-10T19:39:54.722Z] node: 📦 Exporting table: EmployeeProfile
[2026-07-10T19:39:54.757Z] node: 📦 Exporting table: CombinedBillingDocument
[2026-07-10T19:39:54.791Z] node: 📦 Exporting table: CombinedSaleDocument
[2026-07-10T19:39:54.826Z] node: 📦 Exporting table: CustomerDeposit
[2026-07-10T19:39:54.861Z] node: 📦 Exporting table: CustomerReceipts
[2026-07-10T19:39:54.897Z] node: 📦 Exporting table: InputTaxFilingBatch
[2026-07-10T19:39:54.932Z] node: 📦 Exporting table: Order
[2026-07-10T19:39:54.966Z] node: 📦 Exporting table: OrderOnline
[2026-07-10T19:39:55.001Z] node: 📦 Exporting table: OrderOnlineItem
[2026-07-10T19:39:55.036Z] node: 📦 Exporting table: PasswordResetToken
[2026-07-10T19:39:55.071Z] node: 📦 Exporting table: ProductOnOrder
[2026-07-10T19:39:55.106Z] node: 📦 Exporting table: PurchaseOrder
[2026-07-10T19:39:55.140Z] node: 📦 Exporting table: PurchaseOrderItem
[2026-07-10T19:39:55.175Z] node: 📦 Exporting table: PurchaseOrderReceipt
[2026-07-10T19:39:55.211Z] node: 📦 Exporting table: InputTaxFilingItem
[2026-07-10T19:39:55.246Z] node: 📦 Exporting table: PurchaseOrderReceiptItem
[2026-07-10T19:39:55.282Z] node: 📦 Exporting table: RefreshToken
[2026-07-10T19:39:55.476Z] node: 📦 Exporting table: Sale
[2026-07-10T19:39:55.511Z] node: 📦 Exporting table: CustomerReceiptAllocations
[2026-07-10T19:39:55.546Z] node: 📦 Exporting table: Payment
[2026-07-10T19:39:55.581Z] node: 📦 Exporting table: DepositUsage
[2026-07-10T19:39:55.616Z] node: 📦 Exporting table: PaymentItem
[2026-07-10T19:39:55.651Z] node: 📦 Exporting table: SaleReturn
[2026-07-10T19:39:55.686Z] node: 📦 Exporting table: RefundTransaction
[2026-07-10T19:39:55.720Z] node: 📦 Exporting table: SalesTaxFilingBatch
[2026-07-10T19:39:55.755Z] node: 📦 Exporting table: SalesTaxFilingItem
[2026-07-10T19:39:55.790Z] node: 📦 Exporting table: ServiceOrder
[2026-07-10T19:39:55.825Z] node: 📦 Exporting table: ServiceItem
[2026-07-10T19:39:55.859Z] node: 📦 Exporting table: SimpleLot
[2026-07-10T19:39:55.894Z] node: 📦 Exporting table: SaleItemSimple
[2026-07-10T19:39:55.929Z] node: 📦 Exporting table: SaleReturnItemSimple
[2026-07-10T19:39:55.964Z] node: 📦 Exporting table: StockAuditSession
[2026-07-10T19:39:56.000Z] node: 📦 Exporting table: StockItem
[2026-07-10T19:39:56.066Z] node: 📦 Exporting table: BarcodeReceiptItem
[2026-07-10T19:39:56.100Z] node: 📦 Exporting table: RepairJob
[2026-07-10T19:39:56.136Z] node: 📦 Exporting table: RepairPartItem
[2026-07-10T19:39:56.170Z] node: 📦 Exporting table: SaleItem
[2026-07-10T19:39:56.205Z] node: 📦 Exporting table: SaleReturnItem
[2026-07-10T19:39:56.240Z] node: 📦 Exporting table: StockAuditScanLog
[2026-07-10T19:39:56.275Z] node: 📦 Exporting table: StockAuditSnapshotItem
[2026-07-10T19:39:56.309Z] node: 📦 Exporting table: StockMovement
[2026-07-10T19:39:56.351Z] node: 📦 Exporting table: SupplierPayment
[2026-07-10T19:39:56.386Z] node: 📦 Exporting table: SupplierPaymentReceipt
[2026-07-10T19:39:56.420Z] node: 📦 Exporting table: V2CustomerDeposit
[2026-07-10T19:39:56.455Z] node: 📦 Exporting table: V2StockAudit
[2026-07-10T19:39:56.490Z] node: 📦 Exporting table: V2StockAuditItem
[2026-07-10T19:39:56.525Z] node: 📦 Exporting table: WarrantyClaim
[2026-07-10T19:39:59.038Z] node: 🎉 P1 Hardened Backup v6 Type-aware + generic self-reference FK safe restore completed successfully.
[2026-07-10T19:39:59.038Z] node: 💾 Backup file: D:\alpha-tech\server\backups\alphatech_hardened_backup_v6_2026-07-10_2026-07-10T19-39-53-564Z.sql
[2026-07-10T19:39:59.039Z] node: 🧾 Manifest file: D:\alpha-tech\server\backups\alphatech_hardened_backup_v6_2026-07-10_2026-07-10T19-39-53-564Z.manifest.json
[2026-07-10T19:39:59.040Z] node: 📊 Tables exported: 70
[2026-07-10T19:39:59.041Z] node: 📦 Rows exported: 16399
[2026-07-10T19:39:59.042Z] node: 🔢 Sequences prepared: 67
[2026-07-10T19:39:59.042Z] node: 🔐 SHA256: 1d0307d02b26d02bdaa6293732f47f96444e25c7a2aef575640389e9b8753ad2
[2026-07-10T19:39:59.042Z] node: 📐 File size: 4.98 MB
[2026-07-10T19:39:59.043Z] node: ⏱️ Duration: 6.75 seconds
[2026-07-10T19:39:59.043Z] node: ✅ Verification: PASS (70 tables checked)
[2026-07-10T19:39:59.100Z] ▶️  Run: node recovery/upload/uploadBackup.js --manifest D:\alpha-tech\server\backups\alphatech_hardened_backup_v6_2026-07-10_2026-07-10T19-39-53-564Z.manifest.json
[2026-07-10T19:39:59.191Z] node: [2026-07-10T19:39:59.185Z] ============================================================
[2026-07-10T19:39:59.193Z] node: [2026-07-10T19:39:59.193Z] AlphaTech Recovery Upload ALPHATECH-RECOVERY-UPLOAD-V2-S3-COMPATIBLE
[2026-07-10T19:39:59.193Z] node: [2026-07-10T19:39:59.193Z] ============================================================
[2026-07-10T19:39:59.420Z] node stderr: (node:10116) Warning: NodeVersionSupportWarning: The AWS SDK for JavaScript (v3)
[2026-07-10T19:39:59.420Z] node stderr: versions published after the first week of January 2027
[2026-07-10T19:39:59.421Z] node stderr: will require node >=22. You are running node v20.19.0.
[2026-07-10T19:39:59.421Z] node stderr: To continue receiving updates to AWS services, bug fixes,
[2026-07-10T19:39:59.422Z] node stderr: and security updates please upgrade to node >=22.
[2026-07-10T19:39:59.423Z] node stderr: More information can be found at: https://a.co/c895JFp
[2026-07-10T19:39:59.423Z] node stderr: (Use `node --trace-warnings ...` to show where the warning was created)
[2026-07-10T19:40:01.106Z] node: [2026-07-10T19:40:01.106Z] JSON report: D:\alpha-tech\server\recovery\reports\upload-report-2026-07-10T19-40-01-096Z.json
[2026-07-10T19:40:01.107Z] node: [2026-07-10T19:40:01.107Z] TXT report: D:\alpha-tech\server\recovery\reports\upload-report-2026-07-10T19-40-01-096Z.txt
[2026-07-10T19:40:01.108Z] node: [2026-07-10T19:40:01.107Z] Overall: PASS
[2026-07-10T19:40:02.030Z] ------------------------------------------------------------
[2026-07-10T19:40:02.030Z] Target      : cloudflare-r2
[2026-07-10T19:40:02.031Z] Bucket      : saduaksabuy-recovery
[2026-07-10T19:40:02.031Z] Prefix      : alphatech-production/
[2026-07-10T19:40:02.032Z] Retention   : 7 day(s)
[2026-07-10T19:40:02.032Z] Mode        : APPLY
[2026-07-10T19:40:02.032Z] Scanned     : 62
[2026-07-10T19:40:02.033Z] Candidates  : 0
[2026-07-10T19:40:02.033Z] Deleted     : 0
[2026-07-10T19:40:02.034Z] Remaining   : 62
[2026-07-10T19:40:02.034Z] Failed      : 0
[2026-07-10T19:40:02.034Z] ▶️  Run: node recovery/retention/retentionPolicy.js --apply
[2026-07-10T19:40:02.129Z] node: [2026-07-10T19:40:02.122Z] ============================================================
[2026-07-10T19:40:02.131Z] node: [2026-07-10T19:40:02.131Z] 🧹 AlphaTech Recovery Retention ALPHATECH-RECOVERY-RETENTION-V1
[2026-07-10T19:40:02.131Z] node: [2026-07-10T19:40:02.131Z] ============================================================
[2026-07-10T19:40:02.132Z] node: [2026-07-10T19:40:02.132Z] Mode: APPLY
[2026-07-10T19:40:02.144Z] node: [2026-07-10T19:40:02.144Z] ------------------------------------------------------------
[2026-07-10T19:40:02.145Z] node: [2026-07-10T19:40:02.145Z] Target      : local-backups
[2026-07-10T19:40:02.145Z] node: [2026-07-10T19:40:02.145Z] Directory   : D:\alpha-tech\server\backups
[2026-07-10T19:40:02.145Z] node: [2026-07-10T19:40:02.145Z] Retention   : 3 day(s)
[2026-07-10T19:40:02.146Z] node: [2026-07-10T19:40:02.145Z] Scanned     : 44
[2026-07-10T19:40:02.146Z] node: [2026-07-10T19:40:02.146Z] Candidates  : 2
[2026-07-10T19:40:02.146Z] node: [2026-07-10T19:40:02.146Z] Deleted     : 2
[2026-07-10T19:40:02.146Z] node: [2026-07-10T19:40:02.147Z] Remaining   : 42
[2026-07-10T19:40:02.147Z] node: [2026-07-10T19:40:02.147Z] Failed      : 0
[2026-07-10T19:40:02.147Z] node: [2026-07-10T19:40:02.147Z] ------------------------------------------------------------
[2026-07-10T19:40:02.147Z] node: [2026-07-10T19:40:02.148Z] Target      : offsite-local-mirror
[2026-07-10T19:40:02.148Z] node: [2026-07-10T19:40:02.148Z] Directory   : D:\alpha-tech\server\recovery\offsite
[2026-07-10T19:40:02.148Z] node: [2026-07-10T19:40:02.148Z] Retention   : 7 day(s)
[2026-07-10T19:40:02.148Z] node: [2026-07-10T19:40:02.149Z] Scanned     : 12
[2026-07-10T19:40:02.149Z] node: [2026-07-10T19:40:02.149Z] Candidates  : 0
[2026-07-10T19:40:02.149Z] node: [2026-07-10T19:40:02.149Z] Deleted     : 0
[2026-07-10T19:40:02.149Z] node: [2026-07-10T19:40:02.149Z] Remaining   : 12
[2026-07-10T19:40:02.150Z] node: [2026-07-10T19:40:02.150Z] Failed      : 0
[2026-07-10T19:40:02.152Z] node: [2026-07-10T19:40:02.152Z] 🧾 JSON report: D:\alpha-tech\server\recovery\reports\retention-report-2026-07-10T19-40-02-150Z.json
[2026-07-10T19:40:02.154Z] node: [2026-07-10T19:40:02.152Z] 🧾 TXT report: D:\alpha-tech\server\recovery\reports\retention-report-2026-07-10T19-40-02-150Z.txt
[2026-07-10T19:40:02.154Z] node: [2026-07-10T19:40:02.152Z] ✅ Overall: PASS
[2026-07-10T19:40:02.164Z] ▶️  Run: node qbrs.js --manifest D:\alpha-tech\server\backups\alphatech_hardened_backup_v6_2026-07-10_2026-07-10T19-39-53-564Z.manifest.json --init --yes --reset-schema
[2026-07-10T19:40:02.326Z] node: [2026-07-10T19:40:02.322Z] ============================================================
[2026-07-10T19:40:02.328Z] node: [2026-07-10T19:40:02.327Z] 🚑 AlphaTech Restore Tool P1-HARDENED-RESTORE-V3-NODE-PG
[2026-07-10T19:40:02.328Z] node: [2026-07-10T19:40:02.327Z] ============================================================
[2026-07-10T19:40:02.353Z] node: [2026-07-10T19:40:02.352Z] ✅ Manifest loaded.
[2026-07-10T19:40:02.353Z] node: [2026-07-10T19:40:02.353Z] ✅ SQL file: D:\alpha-tech\server\backups\alphatech_hardened_backup_v6_2026-07-10_2026-07-10T19-39-53-564Z.sql
[2026-07-10T19:40:02.354Z] node: [2026-07-10T19:40:02.353Z] ✅ SHA256 verified: 1d0307d02b26d02bdaa6293732f47f96444e25c7a2aef575640389e9b8753ad2
[2026-07-10T19:40:02.354Z] node: [2026-07-10T19:40:02.354Z] 🎯 Target DB: postgresql://postgres:***@db.engqdeyzbvnmxbnpemau.supabase.co:5432/postgres
[2026-07-10T19:40:02.355Z] node: [2026-07-10T19:40:02.354Z] 🎯 Host: db.engqdeyzbvnmxbnpemau.supabase.co
[2026-07-10T19:40:02.355Z] node: [2026-07-10T19:40:02.354Z] 🎯 Port: 5432
[2026-07-10T19:40:02.355Z] node: [2026-07-10T19:40:02.355Z] 🎯 Database: postgres
[2026-07-10T19:40:02.356Z] node: [2026-07-10T19:40:02.355Z] 🎯 Schema: public
[2026-07-10T19:40:02.717Z] node: [2026-07-10T19:40:02.717Z] 🔌 Connected to target PostgreSQL successfully.
[2026-07-10T19:40:05.889Z] node: [2026-07-10T19:40:05.888Z] 📊 Existing tables: 70
[2026-07-10T19:40:05.889Z] node: [2026-07-10T19:40:05.889Z] 📦 Existing rows: 16371
[2026-07-10T19:40:05.891Z] node: [2026-07-10T19:40:05.889Z] 🔎 Product: 1067
[2026-07-10T19:40:05.891Z] node: [2026-07-10T19:40:05.889Z] 🔎 BranchPrice: 1065
[2026-07-10T19:40:05.891Z] node: [2026-07-10T19:40:05.889Z] 🔎 StockItem: 770
[2026-07-10T19:40:05.891Z] node: [2026-07-10T19:40:05.890Z] 🔎 Sale: 4
[2026-07-10T19:40:05.892Z] node: [2026-07-10T19:40:05.890Z] 🔎 SaleItem: 6
[2026-07-10T19:40:05.892Z] node: [2026-07-10T19:40:05.890Z] 🔎 SaleItemSimple: 0
[2026-07-10T19:40:05.893Z] node: [2026-07-10T19:40:05.891Z] 🔎 Payment: 2
[2026-07-10T19:40:05.893Z] node: [2026-07-10T19:40:05.891Z] 🔎 PaymentItem: 2
[2026-07-10T19:40:06.150Z] node: [2026-07-10T19:40:06.150Z] 🧨 Resetting target schema "public" before restore...
[2026-07-10T19:40:06.151Z] node: [2026-07-10T19:40:06.150Z] 🛡️ This action is intended for Recovery / Standby DB only.
[2026-07-10T19:40:06.846Z] node: [2026-07-10T19:40:06.845Z] ✅ Schema "public" reset completed.
[2026-07-10T19:40:06.882Z] node: [2026-07-10T19:40:06.881Z] 🧱 Running Prisma db push against Recovery DB only...
[2026-07-10T19:40:06.883Z] node: [2026-07-10T19:40:06.882Z] 🛡️ DATABASE_URL is injected from RESTORE_DATABASE_URL/RECOVERY_DATABASE_URL for this process only.
[2026-07-10T19:40:10.749Z] node: [2026-07-10T19:40:10.749Z] npx stderr: Environment variables loaded from .env
[2026-07-10T19:40:10.751Z] node: [2026-07-10T19:40:10.750Z] npx: Prisma schema loaded from prisma\schema.prisma
[2026-07-10T19:40:10.762Z] node: [2026-07-10T19:40:10.762Z] npx: Datasource "db": PostgreSQL database "postgres", schema "public" at "db.engqdeyzbvnmxbnpemau.supabase.co:5432"
[2026-07-10T19:40:26.440Z] node: [2026-07-10T19:40:26.439Z] npx: Your database is now in sync with your Prisma schema. Done in 15.10s
[2026-07-10T19:40:26.442Z] node: [2026-07-10T19:40:26.441Z] npx: Running generate... (Use --skip-generate to skip the generators)
[2026-07-10T19:40:27.427Z] node: [2026-07-10T19:40:27.426Z] npx: [2K[1A[2K[GRunning generate... - Prisma Client
[2026-07-10T19:40:28.911Z] node: [2026-07-10T19:40:28.910Z] npx: [2K[1A[2K[G✔ Generated Prisma Client (v6.16.2) to .\node_modules\.prisma\client in 1.48s
[2026-07-10T19:40:28.915Z] node: [2026-07-10T19:40:28.915Z] npx stderr: ┌─────────────────────────────────────────────────────────┐
[2026-07-10T19:40:28.916Z] node: [2026-07-10T19:40:28.915Z] npx stderr: │  Update available 6.16.2 -> 7.8.0                       │
[2026-07-10T19:40:28.917Z] node: [2026-07-10T19:40:28.916Z] npx stderr: │                                                         │
[2026-07-10T19:40:28.917Z] node: [2026-07-10T19:40:28.916Z] npx stderr: │  This is a major update - please follow the guide at    │
[2026-07-10T19:40:28.918Z] node: [2026-07-10T19:40:28.916Z] npx stderr: │  https://pris.ly/d/major-version-upgrade                │
[2026-07-10T19:40:28.919Z] node: [2026-07-10T19:40:28.916Z] npx stderr: │                                                         │
[2026-07-10T19:40:28.920Z] node: [2026-07-10T19:40:28.916Z] npx stderr: │  Run the following to update                            │
[2026-07-10T19:40:28.921Z] node: [2026-07-10T19:40:28.917Z] npx stderr: │    npm i --save-dev prisma@latest                       │
[2026-07-10T19:40:28.921Z] node: [2026-07-10T19:40:28.917Z] npx stderr: │    npm i @prisma/client@latest                          │
[2026-07-10T19:40:28.922Z] node: [2026-07-10T19:40:28.917Z] npx stderr: └─────────────────────────────────────────────────────────┘
[2026-07-10T19:40:28.987Z] node: [2026-07-10T19:40:28.986Z] ✅ Prisma db push completed for Recovery DB.
[2026-07-10T19:40:32.095Z] node: [2026-07-10T19:40:32.095Z] 📊 Existing tables: 70
[2026-07-10T19:40:32.096Z] node: [2026-07-10T19:40:32.095Z] 📦 Existing rows: 0
[2026-07-10T19:40:32.097Z] node: [2026-07-10T19:40:32.095Z] 🔎 Product: 0
[2026-07-10T19:40:32.097Z] node: [2026-07-10T19:40:32.095Z] 🔎 BranchPrice: 0
[2026-07-10T19:40:32.097Z] node: [2026-07-10T19:40:32.096Z] 🔎 StockItem: 0
[2026-07-10T19:40:32.098Z] node: [2026-07-10T19:40:32.096Z] 🔎 Sale: 0
[2026-07-10T19:40:32.098Z] node: [2026-07-10T19:40:32.096Z] 🔎 SaleItem: 0
[2026-07-10T19:40:32.098Z] node: [2026-07-10T19:40:32.096Z] 🔎 SaleItemSimple: 0
[2026-07-10T19:40:32.099Z] node: [2026-07-10T19:40:32.096Z] 🔎 Payment: 0
[2026-07-10T19:40:32.099Z] node: [2026-07-10T19:40:32.097Z] 🔎 PaymentItem: 0
[2026-07-10T19:40:32.212Z] node: [2026-07-10T19:40:32.211Z] 📖 SQL loaded into memory (4.98 MB).
[2026-07-10T19:40:32.213Z] node: [2026-07-10T19:40:32.212Z] 🚚 Starting SQL restore via Node.js pg client...
[2026-07-10T19:40:34.701Z] node: [2026-07-10T19:40:34.700Z] ✅ SQL restore completed via Node.js pg client.
[2026-07-10T19:40:37.373Z] node: [2026-07-10T19:40:37.372Z] ✅ Restore verification PASS (70 tables checked).
[2026-07-10T19:40:37.373Z] node: [2026-07-10T19:40:37.373Z] 🎉 Restore completed successfully in 35.05 seconds.
[2026-07-10T19:40:37.388Z] ▶️  Run: node recovery/verify/qbv.js
[2026-07-10T19:40:37.574Z] node: [2026-07-10T19:40:37.573Z] ============================================================
[2026-07-10T19:40:37.577Z] node: [2026-07-10T19:40:37.577Z] 🔎 AlphaTech Integrity Verification ALPHATECH-RECOVERY-VERIFY-V1
[2026-07-10T19:40:37.580Z] node: [2026-07-10T19:40:37.578Z] ============================================================
[2026-07-10T19:40:37.581Z] node: [2026-07-10T19:40:37.581Z] Collecting Production snapshot...
[2026-07-10T19:40:48.803Z] node: [2026-07-10T19:40:48.802Z] Collecting Recovery snapshot...
[2026-07-10T19:40:59.941Z] node: [2026-07-10T19:40:59.941Z] Comparing snapshots...
[2026-07-10T19:40:59.957Z] node: [2026-07-10T19:40:59.956Z] 🧾 JSON report: D:\alpha-tech\server\recovery\reports\verification-report_2026-07-10T19-40-59-945Z.json
[2026-07-10T19:40:59.957Z] node: [2026-07-10T19:40:59.957Z] 🧾 TXT report: D:\alpha-tech\server\recovery\reports\verification-report_2026-07-10T19-40-59-945Z.txt
[2026-07-10T19:40:59.957Z] node: [2026-07-10T19:40:59.957Z] ✅ Overall: PASS
[2026-07-10T19:40:59.974Z] 🧾 Job manifest: D:\alpha-tech\server\recovery\jobs\job-2026-07-10T19-39-48-388Z.json
[2026-07-10T19:40:59.975Z] ✅ Job result: PASS exitCode=0
