[2026-07-16T03:34:22.945Z] ============================================================
[2026-07-16T03:34:22.951Z] 🧭 AlphaTech Recovery Retention Workflow ALPHATECH-RECOVERY-JOB-RUNNER-V7-R2-RETENTION
[2026-07-16T03:34:22.953Z] ============================================================
[2026-07-16T03:34:22.953Z] Mode: backup-workflow
[2026-07-16T03:34:22.954Z] ▶️  Run: node recovery/health/healthCheck.js
[2026-07-16T03:34:23.174Z] node: [2026-07-16T03:34:23.170Z] ============================================================
[2026-07-16T03:34:23.178Z] node: [2026-07-16T03:34:23.175Z] 🩺 AlphaTech Recovery Health Check ALPHATECH-RECOVERY-HEALTH-CHECK-V1
[2026-07-16T03:34:23.181Z] node: [2026-07-16T03:34:23.176Z] ============================================================
[2026-07-16T03:34:24.121Z] node: [2026-07-16T03:34:24.120Z] 🧾 JSON report: D:\alpha-tech\server\recovery\reports\health-check-2026-07-16T03-34-24-103Z.json
[2026-07-16T03:34:24.123Z] node: [2026-07-16T03:34:24.121Z] 🧾 TXT report: D:\alpha-tech\server\recovery\reports\health-check-2026-07-16T03-34-24-103Z.txt
[2026-07-16T03:34:24.145Z] node: [2026-07-16T03:34:24.123Z] ✅ Overall: PASS
[2026-07-16T03:34:24.351Z] ▶️  Run: node qb.js
[2026-07-16T03:34:24.854Z] node: 🔌 Connected to PostgreSQL successfully.
[2026-07-16T03:34:24.858Z] node: ⏳ Starting P1 Hardened Backup v6 Type-aware + generic self-reference FK safe restore...
[2026-07-16T03:34:28.767Z] node: 📦 Exporting table: Bank
[2026-07-16T03:34:28.808Z] node: 📦 Exporting table: Brand
[2026-07-16T03:34:28.857Z] node: 📦 Exporting table: Category
[2026-07-16T03:34:28.895Z] node: 📦 Exporting table: GlobalProductType
[2026-07-16T03:34:28.933Z] node: 📦 Exporting table: Position
[2026-07-16T03:34:28.971Z] node: 📦 Exporting table: Province
[2026-07-16T03:34:29.009Z] node: 📦 Exporting table: District
[2026-07-16T03:34:29.071Z] node: 📦 Exporting table: Subdistrict
[2026-07-16T03:34:29.305Z] node: 📦 Exporting table: Branch
[2026-07-16T03:34:29.350Z] node: 📦 Exporting table: BarcodeCounter
[2026-07-16T03:34:29.388Z] node: 📦 Exporting table: PaymentCodeCounter
[2026-07-16T03:34:29.426Z] node: 📦 Exporting table: ProductType
[2026-07-16T03:34:29.467Z] node: 📦 Exporting table: ProductTypeBrand
[2026-07-16T03:34:29.513Z] node: 📦 Exporting table: Supplier
[2026-07-16T03:34:29.552Z] node: 📦 Exporting table: Unit
[2026-07-16T03:34:29.590Z] node: 📦 Exporting table: Product
[2026-07-16T03:34:29.733Z] node: 📦 Exporting table: BranchPrice
[2026-07-16T03:34:29.832Z] node: 📦 Exporting table: ProductImage
[2026-07-16T03:34:29.871Z] node: 📦 Exporting table: StockBalance
[2026-07-16T03:34:29.931Z] node: 📦 Exporting table: User
[2026-07-16T03:34:29.975Z] node: 📦 Exporting table: CustomerProfile
[2026-07-16T03:34:30.022Z] node: 📦 Exporting table: Cart
[2026-07-16T03:34:30.060Z] node: 📦 Exporting table: CartItem
[2026-07-16T03:34:30.097Z] node: 📦 Exporting table: EmployeeProfile
[2026-07-16T03:34:30.135Z] node: 📦 Exporting table: CombinedBillingDocument
[2026-07-16T03:34:30.173Z] node: 📦 Exporting table: CombinedSaleDocument
[2026-07-16T03:34:30.211Z] node: 📦 Exporting table: CustomerDeposit
[2026-07-16T03:34:30.248Z] node: 📦 Exporting table: CustomerReceipts
[2026-07-16T03:34:30.288Z] node: 📦 Exporting table: InputTaxFilingBatch
[2026-07-16T03:34:30.329Z] node: 📦 Exporting table: Order
[2026-07-16T03:34:30.379Z] node: 📦 Exporting table: OrderOnline
[2026-07-16T03:34:30.406Z] node: 📦 Exporting table: OrderOnlineItem
[2026-07-16T03:34:30.443Z] node: 📦 Exporting table: PasswordResetToken
[2026-07-16T03:34:30.481Z] node: 📦 Exporting table: ProductOnOrder
[2026-07-16T03:34:30.519Z] node: 📦 Exporting table: PurchaseOrder
[2026-07-16T03:34:30.557Z] node: 📦 Exporting table: PurchaseOrderItem
[2026-07-16T03:34:30.596Z] node: 📦 Exporting table: PurchaseOrderReceipt
[2026-07-16T03:34:30.635Z] node: 📦 Exporting table: InputTaxFilingItem
[2026-07-16T03:34:30.673Z] node: 📦 Exporting table: PurchaseOrderReceiptItem
[2026-07-16T03:34:30.712Z] node: 📦 Exporting table: RefreshToken
[2026-07-16T03:34:30.967Z] node: 📦 Exporting table: Sale
[2026-07-16T03:34:31.007Z] node: 📦 Exporting table: CustomerReceiptAllocations
[2026-07-16T03:34:31.044Z] node: 📦 Exporting table: Payment
[2026-07-16T03:34:31.082Z] node: 📦 Exporting table: DepositUsage
[2026-07-16T03:34:31.120Z] node: 📦 Exporting table: PaymentItem
[2026-07-16T03:34:31.157Z] node: 📦 Exporting table: SaleReturn
[2026-07-16T03:34:31.195Z] node: 📦 Exporting table: RefundTransaction
[2026-07-16T03:34:31.232Z] node: 📦 Exporting table: SalesTaxFilingBatch
[2026-07-16T03:34:31.270Z] node: 📦 Exporting table: SalesTaxFilingItem
[2026-07-16T03:34:31.308Z] node: 📦 Exporting table: ServiceOrder
[2026-07-16T03:34:31.345Z] node: 📦 Exporting table: ServiceItem
[2026-07-16T03:34:31.383Z] node: 📦 Exporting table: SimpleLot
[2026-07-16T03:34:31.421Z] node: 📦 Exporting table: SaleItemSimple
[2026-07-16T03:34:31.459Z] node: 📦 Exporting table: SaleReturnItemSimple
[2026-07-16T03:34:31.496Z] node: 📦 Exporting table: StockAuditSession
[2026-07-16T03:34:31.534Z] node: 📦 Exporting table: StockItem
[2026-07-16T03:34:31.696Z] node: 📦 Exporting table: BarcodeReceiptItem
[2026-07-16T03:34:31.751Z] node: 📦 Exporting table: RepairJob
[2026-07-16T03:34:31.788Z] node: 📦 Exporting table: RepairPartItem
[2026-07-16T03:34:31.828Z] node: 📦 Exporting table: SaleItem
[2026-07-16T03:34:31.868Z] node: 📦 Exporting table: SaleReturnItem
[2026-07-16T03:34:31.905Z] node: 📦 Exporting table: StockAuditScanLog
[2026-07-16T03:34:31.945Z] node: 📦 Exporting table: StockAuditSnapshotItem
[2026-07-16T03:34:31.998Z] node: 📦 Exporting table: StockMovement
[2026-07-16T03:34:32.060Z] node: 📦 Exporting table: SupplierPayment
[2026-07-16T03:34:32.098Z] node: 📦 Exporting table: SupplierPaymentReceipt
[2026-07-16T03:34:32.136Z] node: 📦 Exporting table: V2CustomerDeposit
[2026-07-16T03:34:32.174Z] node: 📦 Exporting table: V2StockAudit
[2026-07-16T03:34:32.211Z] node: 📦 Exporting table: V2StockAuditItem
[2026-07-16T03:34:32.249Z] node: 📦 Exporting table: WarrantyClaim
[2026-07-16T03:34:34.987Z] node: 🎉 P1 Hardened Backup v6 Type-aware + generic self-reference FK safe restore completed successfully.
[2026-07-16T03:34:34.988Z] node: 💾 Backup file: D:\alpha-tech\server\backups\alphatech_hardened_backup_v6_2026-07-16_2026-07-16T03-34-28-563Z.sql
[2026-07-16T03:34:34.990Z] node: 🧾 Manifest file: D:\alpha-tech\server\backups\alphatech_hardened_backup_v6_2026-07-16_2026-07-16T03-34-28-563Z.manifest.json
[2026-07-16T03:34:35.003Z] node: 📊 Tables exported: 70
[2026-07-16T03:34:35.020Z] node: 📦 Rows exported: 23383
[2026-07-16T03:34:35.022Z] node: 🔢 Sequences prepared: 67
[2026-07-16T03:34:35.024Z] node: 🔐 SHA256: 433df59fbdac302ff24db6284ae6600e0233e875cd6eb98e598ae2499fd0654e
[2026-07-16T03:34:35.027Z] node: 📐 File size: 8.02 MB
[2026-07-16T03:34:35.065Z] node: ⏱️ Duration: 7.79 seconds
[2026-07-16T03:34:35.067Z] node: ✅ Verification: PASS (70 tables checked)
[2026-07-16T03:34:35.101Z] ▶️  Run: node recovery/upload/uploadBackup.js --manifest D:\alpha-tech\server\backups\alphatech_hardened_backup_v6_2026-07-16_2026-07-16T03-34-28-563Z.manifest.json
[2026-07-16T03:34:35.220Z] node: [2026-07-16T03:34:35.215Z] ============================================================
[2026-07-16T03:34:35.236Z] node: [2026-07-16T03:34:35.235Z] AlphaTech Recovery Upload ALPHATECH-RECOVERY-UPLOAD-V2-S3-COMPATIBLE
[2026-07-16T03:34:35.242Z] node: [2026-07-16T03:34:35.240Z] ============================================================
[2026-07-16T03:34:35.530Z] node stderr: (node:11412) Warning: NodeVersionSupportWarning: The AWS SDK for JavaScript (v3)
[2026-07-16T03:34:35.531Z] node stderr: versions published after the first week of January 2027
[2026-07-16T03:34:35.540Z] node stderr: will require node >=22. You are running node v20.19.0.
[2026-07-16T03:34:35.546Z] node stderr: To continue receiving updates to AWS services, bug fixes,
[2026-07-16T03:34:35.550Z] node stderr: and security updates please upgrade to node >=22.
[2026-07-16T03:34:35.553Z] node stderr: More information can be found at: https://a.co/c895JFp
[2026-07-16T03:34:35.555Z] node stderr: (Use `node --trace-warnings ...` to show where the warning was created)
[2026-07-16T03:34:37.725Z] node: [2026-07-16T03:34:37.717Z] JSON report: D:\alpha-tech\server\recovery\reports\upload-report-2026-07-16T03-34-37-696Z.json
[2026-07-16T03:34:37.727Z] node: [2026-07-16T03:34:37.725Z] TXT report: D:\alpha-tech\server\recovery\reports\upload-report-2026-07-16T03-34-37-696Z.txt
[2026-07-16T03:34:37.728Z] node: [2026-07-16T03:34:37.726Z] Overall: PASS
[2026-07-16T03:34:38.328Z] ------------------------------------------------------------
[2026-07-16T03:34:38.331Z] Target      : cloudflare-r2
[2026-07-16T03:34:38.336Z] Bucket      : saduaksabuy-recovery
[2026-07-16T03:34:38.364Z] Prefix      : alphatech-production/
[2026-07-16T03:34:38.368Z] Retention   : 7 day(s)
[2026-07-16T03:34:38.373Z] Mode        : APPLY
[2026-07-16T03:34:38.376Z] Scanned     : 82
[2026-07-16T03:34:38.382Z] Candidates  : 0
[2026-07-16T03:34:38.393Z] Deleted     : 0
[2026-07-16T03:34:38.401Z] Remaining   : 82
[2026-07-16T03:34:38.405Z] Failed      : 0
[2026-07-16T03:34:38.410Z] ▶️  Run: node recovery/retention/retentionPolicy.js --apply
[2026-07-16T03:34:38.546Z] node: [2026-07-16T03:34:38.540Z] ============================================================
[2026-07-16T03:34:38.554Z] node: [2026-07-16T03:34:38.553Z] 🧹 AlphaTech Recovery Retention ALPHATECH-RECOVERY-RETENTION-V1
[2026-07-16T03:34:38.573Z] node: [2026-07-16T03:34:38.555Z] ============================================================
[2026-07-16T03:34:38.598Z] node: [2026-07-16T03:34:38.556Z] Mode: APPLY
[2026-07-16T03:34:38.609Z] node: [2026-07-16T03:34:38.578Z] ------------------------------------------------------------
[2026-07-16T03:34:38.644Z] node: [2026-07-16T03:34:38.578Z] Target      : local-backups
[2026-07-16T03:34:38.866Z] node: [2026-07-16T03:34:38.579Z] Directory   : D:\alpha-tech\server\backups
[2026-07-16T03:34:38.871Z] node: [2026-07-16T03:34:38.584Z] Retention   : 3 day(s)
[2026-07-16T03:34:38.876Z] node: [2026-07-16T03:34:38.587Z] Scanned     : 42
[2026-07-16T03:34:38.882Z] node: [2026-07-16T03:34:38.588Z] Candidates  : 2
[2026-07-16T03:34:38.886Z] node: [2026-07-16T03:34:38.589Z] Deleted     : 2
[2026-07-16T03:34:38.888Z] node: [2026-07-16T03:34:38.590Z] Remaining   : 40
[2026-07-16T03:34:38.891Z] node: [2026-07-16T03:34:38.591Z] Failed      : 0
[2026-07-16T03:34:38.893Z] node: [2026-07-16T03:34:38.591Z] ------------------------------------------------------------
[2026-07-16T03:34:38.899Z] node: [2026-07-16T03:34:38.592Z] Target      : offsite-local-mirror
[2026-07-16T03:34:38.903Z] node: [2026-07-16T03:34:38.592Z] Directory   : D:\alpha-tech\server\recovery\offsite
[2026-07-16T03:34:38.905Z] node: [2026-07-16T03:34:38.593Z] Retention   : 7 day(s)
[2026-07-16T03:34:38.907Z] node: [2026-07-16T03:34:38.595Z] Scanned     : 0
[2026-07-16T03:34:38.909Z] node: [2026-07-16T03:34:38.595Z] Candidates  : 0
[2026-07-16T03:34:38.911Z] node: [2026-07-16T03:34:38.595Z] Deleted     : 0
[2026-07-16T03:34:38.913Z] node: [2026-07-16T03:34:38.595Z] Remaining   : 0
[2026-07-16T03:34:38.915Z] node: [2026-07-16T03:34:38.598Z] Failed      : 0
[2026-07-16T03:34:38.919Z] node: [2026-07-16T03:34:38.612Z] 🧾 JSON report: D:\alpha-tech\server\recovery\reports\retention-report-2026-07-16T03-34-38-600Z.json
[2026-07-16T03:34:38.920Z] node: [2026-07-16T03:34:38.638Z] 🧾 TXT report: D:\alpha-tech\server\recovery\reports\retention-report-2026-07-16T03-34-38-600Z.txt
[2026-07-16T03:34:38.924Z] node: [2026-07-16T03:34:38.639Z] ✅ Overall: PASS
[2026-07-16T03:34:38.928Z] ▶️  Run: node qbrs.js --manifest D:\alpha-tech\server\backups\alphatech_hardened_backup_v6_2026-07-16_2026-07-16T03-34-28-563Z.manifest.json --init --yes --reset-schema
[2026-07-16T03:34:39.221Z] node: [2026-07-16T03:34:39.213Z] ============================================================
[2026-07-16T03:34:39.236Z] node: [2026-07-16T03:34:39.235Z] 🚑 AlphaTech Restore Tool P1-HARDENED-RESTORE-V3-NODE-PG
[2026-07-16T03:34:39.242Z] node: [2026-07-16T03:34:39.242Z] ============================================================
[2026-07-16T03:34:39.369Z] node: [2026-07-16T03:34:39.367Z] ✅ Manifest loaded.
[2026-07-16T03:34:39.376Z] node: [2026-07-16T03:34:39.376Z] ✅ SQL file: D:\alpha-tech\server\backups\alphatech_hardened_backup_v6_2026-07-16_2026-07-16T03-34-28-563Z.sql
[2026-07-16T03:34:39.386Z] node: [2026-07-16T03:34:39.383Z] ✅ SHA256 verified: 433df59fbdac302ff24db6284ae6600e0233e875cd6eb98e598ae2499fd0654e
[2026-07-16T03:34:39.391Z] node: [2026-07-16T03:34:39.391Z] 🎯 Target DB: postgresql://postgres:***@db.engqdeyzbvnmxbnpemau.supabase.co:5432/postgres
[2026-07-16T03:34:39.413Z] node: [2026-07-16T03:34:39.412Z] 🎯 Host: db.engqdeyzbvnmxbnpemau.supabase.co
[2026-07-16T03:34:39.420Z] node: [2026-07-16T03:34:39.420Z] 🎯 Port: 5432
[2026-07-16T03:34:39.424Z] node: [2026-07-16T03:34:39.421Z] 🎯 Database: postgres
[2026-07-16T03:34:39.432Z] node: [2026-07-16T03:34:39.431Z] 🎯 Schema: public
[2026-07-16T03:34:39.871Z] node: [2026-07-16T03:34:39.870Z] 🔌 Connected to target PostgreSQL successfully.
[2026-07-16T03:34:43.287Z] node: [2026-07-16T03:34:43.287Z] 📊 Existing tables: 70
[2026-07-16T03:34:43.290Z] node: [2026-07-16T03:34:43.288Z] 📦 Existing rows: 23157
[2026-07-16T03:34:43.294Z] node: [2026-07-16T03:34:43.288Z] 🔎 Product: 1737
[2026-07-16T03:34:43.294Z] node: [2026-07-16T03:34:43.288Z] 🔎 BranchPrice: 1735
[2026-07-16T03:34:43.295Z] node: [2026-07-16T03:34:43.289Z] 🔎 StockItem: 2617
[2026-07-16T03:34:43.297Z] node: [2026-07-16T03:34:43.289Z] 🔎 Sale: 20
[2026-07-16T03:34:43.297Z] node: [2026-07-16T03:34:43.289Z] 🔎 SaleItem: 78
[2026-07-16T03:34:43.298Z] node: [2026-07-16T03:34:43.289Z] 🔎 SaleItemSimple: 0
[2026-07-16T03:34:43.299Z] node: [2026-07-16T03:34:43.293Z] 🔎 Payment: 10
[2026-07-16T03:34:43.300Z] node: [2026-07-16T03:34:43.295Z] 🔎 PaymentItem: 10
[2026-07-16T03:34:43.576Z] node: [2026-07-16T03:34:43.576Z] 🧨 Resetting target schema "public" before restore...
[2026-07-16T03:34:43.577Z] node: [2026-07-16T03:34:43.576Z] 🛡️ This action is intended for Recovery / Standby DB only.
[2026-07-16T03:34:44.055Z] node: [2026-07-16T03:34:44.055Z] ✅ Schema "public" reset completed.
[2026-07-16T03:34:44.093Z] node: [2026-07-16T03:34:44.093Z] 🧱 Running Prisma db push against Recovery DB only...
[2026-07-16T03:34:44.095Z] node: [2026-07-16T03:34:44.093Z] 🛡️ DATABASE_URL is injected from RESTORE_DATABASE_URL/RECOVERY_DATABASE_URL for this process only.
[2026-07-16T03:34:48.320Z] node: [2026-07-16T03:34:48.320Z] npx stderr: Environment variables loaded from .env
[2026-07-16T03:34:48.325Z] node: [2026-07-16T03:34:48.324Z] npx: Prisma schema loaded from prisma\schema.prisma
[2026-07-16T03:34:48.338Z] node: [2026-07-16T03:34:48.338Z] npx: Datasource "db": PostgreSQL database "postgres", schema "public" at "db.engqdeyzbvnmxbnpemau.supabase.co:5432"
[2026-07-16T03:35:03.753Z] node: [2026-07-16T03:35:03.753Z] npx: Your database is now in sync with your Prisma schema. Done in 14.80s
[2026-07-16T03:35:03.761Z] node: [2026-07-16T03:35:03.760Z] npx: Running generate... (Use --skip-generate to skip the generators)
[2026-07-16T03:35:06.075Z] node: [2026-07-16T03:35:06.075Z] npx: [2K[1A[2K[GRunning generate... - Prisma Client
[2026-07-16T03:35:08.205Z] node: [2026-07-16T03:35:08.205Z] npx: [2K[1A[2K[GEPERM: operation not permitted, rename 'D:\alpha-tech\server\node_modules\.prism
[2026-07-16T03:35:08.206Z] node: [2026-07-16T03:35:08.205Z] npx: a\client\query_engine-windows.dll.node.tmp14296' -> 'D:\alpha-tech\server\node_m
[2026-07-16T03:35:08.207Z] node: [2026-07-16T03:35:08.205Z] npx: odules\.prisma\client\query_engine-windows.dll.node'
[2026-07-16T03:35:08.272Z] node: [2026-07-16T03:35:08.271Z] ✅ Prisma db push completed for Recovery DB.
[2026-07-16T03:35:11.427Z] node: [2026-07-16T03:35:11.424Z] 📊 Existing tables: 70
[2026-07-16T03:35:11.438Z] node: [2026-07-16T03:35:11.427Z] 📦 Existing rows: 0
[2026-07-16T03:35:11.448Z] node: [2026-07-16T03:35:11.430Z] 🔎 Product: 0
[2026-07-16T03:35:11.452Z] node: [2026-07-16T03:35:11.431Z] 🔎 BranchPrice: 0
[2026-07-16T03:35:11.463Z] node: [2026-07-16T03:35:11.456Z] 🔎 StockItem: 0
[2026-07-16T03:35:11.475Z] node: [2026-07-16T03:35:11.457Z] 🔎 Sale: 0
[2026-07-16T03:35:11.486Z] node: [2026-07-16T03:35:11.459Z] 🔎 SaleItem: 0
[2026-07-16T03:35:11.496Z] node: [2026-07-16T03:35:11.462Z] 🔎 SaleItemSimple: 0
[2026-07-16T03:35:11.504Z] node: [2026-07-16T03:35:11.469Z] 🔎 Payment: 0
[2026-07-16T03:35:11.515Z] node: [2026-07-16T03:35:11.471Z] 🔎 PaymentItem: 0
[2026-07-16T03:35:11.817Z] node: [2026-07-16T03:35:11.816Z] 📖 SQL loaded into memory (8.02 MB).
[2026-07-16T03:35:11.823Z] node: [2026-07-16T03:35:11.817Z] 🚚 Starting SQL restore via Node.js pg client...
[2026-07-16T03:35:15.430Z] node: [2026-07-16T03:35:15.429Z] ✅ SQL restore completed via Node.js pg client.
[2026-07-16T03:35:18.214Z] node: [2026-07-16T03:35:18.214Z] ✅ Restore verification PASS (70 tables checked).
[2026-07-16T03:35:18.217Z] node: [2026-07-16T03:35:18.214Z] 🎉 Restore completed successfully in 39.00 seconds.
[2026-07-16T03:35:18.234Z] ▶️  Run: node recovery/verify/qbv.js
[2026-07-16T03:35:18.425Z] node: [2026-07-16T03:35:18.422Z] ============================================================
[2026-07-16T03:35:18.432Z] node: [2026-07-16T03:35:18.431Z] 🔎 AlphaTech Integrity Verification ALPHATECH-RECOVERY-VERIFY-V1
[2026-07-16T03:35:18.435Z] node: [2026-07-16T03:35:18.434Z] ============================================================
[2026-07-16T03:35:18.436Z] node: [2026-07-16T03:35:18.435Z] Collecting Production snapshot...
[2026-07-16T03:35:29.768Z] node: [2026-07-16T03:35:29.766Z] Collecting Recovery snapshot...
[2026-07-16T03:35:40.968Z] node: [2026-07-16T03:35:40.963Z] Comparing snapshots...
[2026-07-16T03:35:41.044Z] node: [2026-07-16T03:35:41.044Z] 🧾 JSON report: D:\alpha-tech\server\recovery\reports\verification-report_2026-07-16T03-35-40-972Z.json
[2026-07-16T03:35:41.052Z] node: [2026-07-16T03:35:41.049Z] 🧾 TXT report: D:\alpha-tech\server\recovery\reports\verification-report_2026-07-16T03-35-40-972Z.txt
[2026-07-16T03:35:41.053Z] node: [2026-07-16T03:35:41.050Z] ✅ Overall: PASS
[2026-07-16T03:35:41.437Z] 🧾 Job manifest: D:\alpha-tech\server\recovery\jobs\job-2026-07-16T03-34-22-936Z.json
[2026-07-16T03:35:41.440Z] ✅ Job result: PASS exitCode=0
