[2026-07-13T15:34:22.690Z] ============================================================
[2026-07-13T15:34:22.696Z] 🧭 AlphaTech Recovery Retention Workflow ALPHATECH-RECOVERY-JOB-RUNNER-V7-R2-RETENTION
[2026-07-13T15:34:22.697Z] ============================================================
[2026-07-13T15:34:22.697Z] Mode: backup-workflow
[2026-07-13T15:34:22.698Z] ▶️  Run: node recovery/health/healthCheck.js
[2026-07-13T15:34:22.867Z] node: [2026-07-13T15:34:22.865Z] ============================================================
[2026-07-13T15:34:22.869Z] node: [2026-07-13T15:34:22.869Z] 🩺 AlphaTech Recovery Health Check ALPHATECH-RECOVERY-HEALTH-CHECK-V1
[2026-07-13T15:34:22.869Z] node: [2026-07-13T15:34:22.869Z] ============================================================
[2026-07-13T15:34:23.905Z] node: [2026-07-13T15:34:23.905Z] 🧾 JSON report: D:\alpha-tech\server\recovery\reports\health-check-2026-07-13T15-34-23-904Z.json
[2026-07-13T15:34:23.906Z] node: [2026-07-13T15:34:23.906Z] 🧾 TXT report: D:\alpha-tech\server\recovery\reports\health-check-2026-07-13T15-34-23-904Z.txt
[2026-07-13T15:34:23.906Z] node: [2026-07-13T15:34:23.906Z] ✅ Overall: PASS
[2026-07-13T15:34:23.932Z] ▶️  Run: node qb.js
[2026-07-13T15:34:24.357Z] node: 🔌 Connected to PostgreSQL successfully.
[2026-07-13T15:34:24.359Z] node: ⏳ Starting P1 Hardened Backup v6 Type-aware + generic self-reference FK safe restore...
[2026-07-13T15:34:28.105Z] node: 📦 Exporting table: Bank
[2026-07-13T15:34:28.143Z] node: 📦 Exporting table: Brand
[2026-07-13T15:34:28.187Z] node: 📦 Exporting table: Category
[2026-07-13T15:34:28.224Z] node: 📦 Exporting table: GlobalProductType
[2026-07-13T15:34:28.261Z] node: 📦 Exporting table: Position
[2026-07-13T15:34:28.298Z] node: 📦 Exporting table: Province
[2026-07-13T15:34:28.336Z] node: 📦 Exporting table: District
[2026-07-13T15:34:28.393Z] node: 📦 Exporting table: Subdistrict
[2026-07-13T15:34:28.605Z] node: 📦 Exporting table: Branch
[2026-07-13T15:34:28.643Z] node: 📦 Exporting table: BarcodeCounter
[2026-07-13T15:34:28.680Z] node: 📦 Exporting table: PaymentCodeCounter
[2026-07-13T15:34:28.716Z] node: 📦 Exporting table: ProductType
[2026-07-13T15:34:28.756Z] node: 📦 Exporting table: ProductTypeBrand
[2026-07-13T15:34:28.799Z] node: 📦 Exporting table: Supplier
[2026-07-13T15:34:28.837Z] node: 📦 Exporting table: Unit
[2026-07-13T15:34:28.873Z] node: 📦 Exporting table: Product
[2026-07-13T15:34:29.011Z] node: 📦 Exporting table: BranchPrice
[2026-07-13T15:34:29.095Z] node: 📦 Exporting table: ProductImage
[2026-07-13T15:34:29.134Z] node: 📦 Exporting table: StockBalance
[2026-07-13T15:34:29.185Z] node: 📦 Exporting table: User
[2026-07-13T15:34:29.228Z] node: 📦 Exporting table: CustomerProfile
[2026-07-13T15:34:29.273Z] node: 📦 Exporting table: Cart
[2026-07-13T15:34:29.309Z] node: 📦 Exporting table: CartItem
[2026-07-13T15:34:29.345Z] node: 📦 Exporting table: EmployeeProfile
[2026-07-13T15:34:29.382Z] node: 📦 Exporting table: CombinedBillingDocument
[2026-07-13T15:34:29.418Z] node: 📦 Exporting table: CombinedSaleDocument
[2026-07-13T15:34:29.454Z] node: 📦 Exporting table: CustomerDeposit
[2026-07-13T15:34:29.490Z] node: 📦 Exporting table: CustomerReceipts
[2026-07-13T15:34:29.527Z] node: 📦 Exporting table: InputTaxFilingBatch
[2026-07-13T15:34:29.563Z] node: 📦 Exporting table: Order
[2026-07-13T15:34:29.599Z] node: 📦 Exporting table: OrderOnline
[2026-07-13T15:34:29.635Z] node: 📦 Exporting table: OrderOnlineItem
[2026-07-13T15:34:29.671Z] node: 📦 Exporting table: PasswordResetToken
[2026-07-13T15:34:29.708Z] node: 📦 Exporting table: ProductOnOrder
[2026-07-13T15:34:29.744Z] node: 📦 Exporting table: PurchaseOrder
[2026-07-13T15:34:29.780Z] node: 📦 Exporting table: PurchaseOrderItem
[2026-07-13T15:34:29.817Z] node: 📦 Exporting table: PurchaseOrderReceipt
[2026-07-13T15:34:29.855Z] node: 📦 Exporting table: InputTaxFilingItem
[2026-07-13T15:34:29.893Z] node: 📦 Exporting table: PurchaseOrderReceiptItem
[2026-07-13T15:34:29.930Z] node: 📦 Exporting table: RefreshToken
[2026-07-13T15:34:30.129Z] node: 📦 Exporting table: Sale
[2026-07-13T15:34:30.166Z] node: 📦 Exporting table: CustomerReceiptAllocations
[2026-07-13T15:34:30.203Z] node: 📦 Exporting table: Payment
[2026-07-13T15:34:30.239Z] node: 📦 Exporting table: DepositUsage
[2026-07-13T15:34:30.276Z] node: 📦 Exporting table: PaymentItem
[2026-07-13T15:34:30.312Z] node: 📦 Exporting table: SaleReturn
[2026-07-13T15:34:30.348Z] node: 📦 Exporting table: RefundTransaction
[2026-07-13T15:34:30.384Z] node: 📦 Exporting table: SalesTaxFilingBatch
[2026-07-13T15:34:30.420Z] node: 📦 Exporting table: SalesTaxFilingItem
[2026-07-13T15:34:30.456Z] node: 📦 Exporting table: ServiceOrder
[2026-07-13T15:34:30.492Z] node: 📦 Exporting table: ServiceItem
[2026-07-13T15:34:30.529Z] node: 📦 Exporting table: SimpleLot
[2026-07-13T15:34:30.565Z] node: 📦 Exporting table: SaleItemSimple
[2026-07-13T15:34:30.601Z] node: 📦 Exporting table: SaleReturnItemSimple
[2026-07-13T15:34:30.637Z] node: 📦 Exporting table: StockAuditSession
[2026-07-13T15:34:30.673Z] node: 📦 Exporting table: StockItem
[2026-07-13T15:34:30.801Z] node: 📦 Exporting table: BarcodeReceiptItem
[2026-07-13T15:34:30.840Z] node: 📦 Exporting table: RepairJob
[2026-07-13T15:34:30.876Z] node: 📦 Exporting table: RepairPartItem
[2026-07-13T15:34:30.912Z] node: 📦 Exporting table: SaleItem
[2026-07-13T15:34:30.949Z] node: 📦 Exporting table: SaleReturnItem
[2026-07-13T15:34:30.985Z] node: 📦 Exporting table: StockAuditScanLog
[2026-07-13T15:34:31.021Z] node: 📦 Exporting table: StockAuditSnapshotItem
[2026-07-13T15:34:31.057Z] node: 📦 Exporting table: StockMovement
[2026-07-13T15:34:31.111Z] node: 📦 Exporting table: SupplierPayment
[2026-07-13T15:34:31.147Z] node: 📦 Exporting table: SupplierPaymentReceipt
[2026-07-13T15:34:31.183Z] node: 📦 Exporting table: V2CustomerDeposit
[2026-07-13T15:34:31.220Z] node: 📦 Exporting table: V2StockAudit
[2026-07-13T15:34:31.256Z] node: 📦 Exporting table: V2StockAuditItem
[2026-07-13T15:34:31.293Z] node: 📦 Exporting table: WarrantyClaim
[2026-07-13T15:34:33.906Z] node: 🎉 P1 Hardened Backup v6 Type-aware + generic self-reference FK safe restore completed successfully.
[2026-07-13T15:34:33.907Z] node: 💾 Backup file: D:\alpha-tech\server\backups\alphatech_hardened_backup_v6_2026-07-13_2026-07-13T15-34-28-073Z.sql
[2026-07-13T15:34:33.908Z] node: 🧾 Manifest file: D:\alpha-tech\server\backups\alphatech_hardened_backup_v6_2026-07-13_2026-07-13T15-34-28-073Z.manifest.json
[2026-07-13T15:34:33.909Z] node: 📊 Tables exported: 70
[2026-07-13T15:34:33.910Z] node: 📦 Rows exported: 20253
[2026-07-13T15:34:33.911Z] node: 🔢 Sequences prepared: 67
[2026-07-13T15:34:33.912Z] node: 🔐 SHA256: 0cc95ca9d1c9d8746267f798f79deefdf5d5124a1981ba6a1282dd8b8b6a7161
[2026-07-13T15:34:33.912Z] node: 📐 File size: 6.70 MB
[2026-07-13T15:34:33.912Z] node: ⏱️ Duration: 7.30 seconds
[2026-07-13T15:34:33.912Z] node: ✅ Verification: PASS (70 tables checked)
[2026-07-13T15:34:33.971Z] ▶️  Run: node recovery/upload/uploadBackup.js --manifest D:\alpha-tech\server\backups\alphatech_hardened_backup_v6_2026-07-13_2026-07-13T15-34-28-073Z.manifest.json
[2026-07-13T15:34:34.054Z] node: [2026-07-13T15:34:34.050Z] ============================================================
[2026-07-13T15:34:34.056Z] node: [2026-07-13T15:34:34.056Z] AlphaTech Recovery Upload ALPHATECH-RECOVERY-UPLOAD-V2-S3-COMPATIBLE
[2026-07-13T15:34:34.056Z] node: [2026-07-13T15:34:34.057Z] ============================================================
[2026-07-13T15:34:34.279Z] node stderr: (node:18436) Warning: NodeVersionSupportWarning: The AWS SDK for JavaScript (v3)
[2026-07-13T15:34:34.280Z] node stderr: versions published after the first week of January 2027
[2026-07-13T15:34:34.281Z] node stderr: will require node >=22. You are running node v20.19.0.
[2026-07-13T15:34:34.281Z] node stderr: To continue receiving updates to AWS services, bug fixes,
[2026-07-13T15:34:34.282Z] node stderr: and security updates please upgrade to node >=22.
[2026-07-13T15:34:34.282Z] node stderr: More information can be found at: https://a.co/c895JFp
[2026-07-13T15:34:34.283Z] node stderr: (Use `node --trace-warnings ...` to show where the warning was created)
[2026-07-13T15:34:36.128Z] node: [2026-07-13T15:34:36.129Z] JSON report: D:\alpha-tech\server\recovery\reports\upload-report-2026-07-13T15-34-36-128Z.json
[2026-07-13T15:34:36.129Z] node: [2026-07-13T15:34:36.130Z] TXT report: D:\alpha-tech\server\recovery\reports\upload-report-2026-07-13T15-34-36-128Z.txt
[2026-07-13T15:34:36.131Z] node: [2026-07-13T15:34:36.130Z] Overall: PASS
[2026-07-13T15:34:36.628Z] ------------------------------------------------------------
[2026-07-13T15:34:36.628Z] Target      : cloudflare-r2
[2026-07-13T15:34:36.630Z] Bucket      : saduaksabuy-recovery
[2026-07-13T15:34:36.630Z] Prefix      : alphatech-production/
[2026-07-13T15:34:36.631Z] Retention   : 7 day(s)
[2026-07-13T15:34:36.632Z] Mode        : APPLY
[2026-07-13T15:34:36.633Z] Scanned     : 76
[2026-07-13T15:34:36.633Z] Candidates  : 0
[2026-07-13T15:34:36.634Z] Deleted     : 0
[2026-07-13T15:34:36.634Z] Remaining   : 76
[2026-07-13T15:34:36.635Z] Failed      : 0
[2026-07-13T15:34:36.635Z] ▶️  Run: node recovery/retention/retentionPolicy.js --apply
[2026-07-13T15:34:36.733Z] node: [2026-07-13T15:34:36.727Z] ============================================================
[2026-07-13T15:34:36.734Z] node: [2026-07-13T15:34:36.735Z] 🧹 AlphaTech Recovery Retention ALPHATECH-RECOVERY-RETENTION-V1
[2026-07-13T15:34:36.735Z] node: [2026-07-13T15:34:36.735Z] ============================================================
[2026-07-13T15:34:36.736Z] node: [2026-07-13T15:34:36.736Z] Mode: APPLY
[2026-07-13T15:34:36.746Z] node: [2026-07-13T15:34:36.746Z] ------------------------------------------------------------
[2026-07-13T15:34:36.747Z] node: [2026-07-13T15:34:36.747Z] Target      : local-backups
[2026-07-13T15:34:36.747Z] node: [2026-07-13T15:34:36.747Z] Directory   : D:\alpha-tech\server\backups
[2026-07-13T15:34:36.748Z] node: [2026-07-13T15:34:36.748Z] Retention   : 3 day(s)
[2026-07-13T15:34:36.753Z] node: [2026-07-13T15:34:36.748Z] Scanned     : 42
[2026-07-13T15:34:36.753Z] node: [2026-07-13T15:34:36.749Z] Candidates  : 4
[2026-07-13T15:34:36.754Z] node: [2026-07-13T15:34:36.749Z] Deleted     : 4
[2026-07-13T15:34:36.754Z] node: [2026-07-13T15:34:36.749Z] Remaining   : 38
[2026-07-13T15:34:36.755Z] node: [2026-07-13T15:34:36.749Z] Failed      : 0
[2026-07-13T15:34:36.755Z] node: [2026-07-13T15:34:36.750Z] ------------------------------------------------------------
[2026-07-13T15:34:36.755Z] node: [2026-07-13T15:34:36.750Z] Target      : offsite-local-mirror
[2026-07-13T15:34:36.756Z] node: [2026-07-13T15:34:36.751Z] Directory   : D:\alpha-tech\server\recovery\offsite
[2026-07-13T15:34:36.756Z] node: [2026-07-13T15:34:36.751Z] Retention   : 7 day(s)
[2026-07-13T15:34:36.756Z] node: [2026-07-13T15:34:36.751Z] Scanned     : 12
[2026-07-13T15:34:36.757Z] node: [2026-07-13T15:34:36.751Z] Candidates  : 6
[2026-07-13T15:34:36.757Z] node: [2026-07-13T15:34:36.752Z] Deleted     : 6
[2026-07-13T15:34:36.758Z] node: [2026-07-13T15:34:36.752Z] Remaining   : 6
[2026-07-13T15:34:36.758Z] node: [2026-07-13T15:34:36.752Z] Failed      : 0
[2026-07-13T15:34:36.760Z] node: [2026-07-13T15:34:36.754Z] 🧾 JSON report: D:\alpha-tech\server\recovery\reports\retention-report-2026-07-13T15-34-36-752Z.json
[2026-07-13T15:34:36.761Z] node: [2026-07-13T15:34:36.754Z] 🧾 TXT report: D:\alpha-tech\server\recovery\reports\retention-report-2026-07-13T15-34-36-752Z.txt
[2026-07-13T15:34:36.762Z] node: [2026-07-13T15:34:36.754Z] ✅ Overall: PASS
[2026-07-13T15:34:36.774Z] ▶️  Run: node qbrs.js --manifest D:\alpha-tech\server\backups\alphatech_hardened_backup_v6_2026-07-13_2026-07-13T15-34-28-073Z.manifest.json --init --yes --reset-schema
[2026-07-13T15:34:36.919Z] node: [2026-07-13T15:34:36.917Z] ============================================================
[2026-07-13T15:34:36.921Z] node: [2026-07-13T15:34:36.920Z] 🚑 AlphaTech Restore Tool P1-HARDENED-RESTORE-V3-NODE-PG
[2026-07-13T15:34:36.921Z] node: [2026-07-13T15:34:36.921Z] ============================================================
[2026-07-13T15:34:36.952Z] node: [2026-07-13T15:34:36.952Z] ✅ Manifest loaded.
[2026-07-13T15:34:36.953Z] node: [2026-07-13T15:34:36.953Z] ✅ SQL file: D:\alpha-tech\server\backups\alphatech_hardened_backup_v6_2026-07-13_2026-07-13T15-34-28-073Z.sql
[2026-07-13T15:34:36.954Z] node: [2026-07-13T15:34:36.954Z] ✅ SHA256 verified: 0cc95ca9d1c9d8746267f798f79deefdf5d5124a1981ba6a1282dd8b8b6a7161
[2026-07-13T15:34:36.955Z] node: [2026-07-13T15:34:36.955Z] 🎯 Target DB: postgresql://postgres:***@db.engqdeyzbvnmxbnpemau.supabase.co:5432/postgres
[2026-07-13T15:34:36.956Z] node: [2026-07-13T15:34:36.956Z] 🎯 Host: db.engqdeyzbvnmxbnpemau.supabase.co
[2026-07-13T15:34:36.957Z] node: [2026-07-13T15:34:36.956Z] 🎯 Port: 5432
[2026-07-13T15:34:36.957Z] node: [2026-07-13T15:34:36.957Z] 🎯 Database: postgres
[2026-07-13T15:34:36.958Z] node: [2026-07-13T15:34:36.958Z] 🎯 Schema: public
[2026-07-13T15:34:37.324Z] node: [2026-07-13T15:34:37.324Z] 🔌 Connected to target PostgreSQL successfully.
[2026-07-13T15:34:40.624Z] node: [2026-07-13T15:34:40.624Z] 📊 Existing tables: 70
[2026-07-13T15:34:40.625Z] node: [2026-07-13T15:34:40.625Z] 📦 Existing rows: 20183
[2026-07-13T15:34:40.626Z] node: [2026-07-13T15:34:40.625Z] 🔎 Product: 1578
[2026-07-13T15:34:40.627Z] node: [2026-07-13T15:34:40.625Z] 🔎 BranchPrice: 1576
[2026-07-13T15:34:40.627Z] node: [2026-07-13T15:34:40.625Z] 🔎 StockItem: 1996
[2026-07-13T15:34:40.628Z] node: [2026-07-13T15:34:40.626Z] 🔎 Sale: 10
[2026-07-13T15:34:40.629Z] node: [2026-07-13T15:34:40.626Z] 🔎 SaleItem: 25
[2026-07-13T15:34:40.629Z] node: [2026-07-13T15:34:40.626Z] 🔎 SaleItemSimple: 0
[2026-07-13T15:34:40.629Z] node: [2026-07-13T15:34:40.626Z] 🔎 Payment: 5
[2026-07-13T15:34:40.630Z] node: [2026-07-13T15:34:40.627Z] 🔎 PaymentItem: 5
[2026-07-13T15:34:40.892Z] node: [2026-07-13T15:34:40.892Z] 🧨 Resetting target schema "public" before restore...
[2026-07-13T15:34:40.893Z] node: [2026-07-13T15:34:40.892Z] 🛡️ This action is intended for Recovery / Standby DB only.
[2026-07-13T15:34:41.425Z] node: [2026-07-13T15:34:41.425Z] ✅ Schema "public" reset completed.
[2026-07-13T15:34:41.461Z] node: [2026-07-13T15:34:41.461Z] 🧱 Running Prisma db push against Recovery DB only...
[2026-07-13T15:34:41.462Z] node: [2026-07-13T15:34:41.461Z] 🛡️ DATABASE_URL is injected from RESTORE_DATABASE_URL/RECOVERY_DATABASE_URL for this process only.
[2026-07-13T15:34:45.114Z] node: [2026-07-13T15:34:45.114Z] npx stderr: Environment variables loaded from .env
[2026-07-13T15:34:45.115Z] node: [2026-07-13T15:34:45.115Z] npx: Prisma schema loaded from prisma\schema.prisma
[2026-07-13T15:34:45.126Z] node: [2026-07-13T15:34:45.126Z] npx: Datasource "db": PostgreSQL database "postgres", schema "public" at "db.engqdeyzbvnmxbnpemau.supabase.co:5432"
[2026-07-13T15:35:01.104Z] node: [2026-07-13T15:35:01.104Z] npx: Your database is now in sync with your Prisma schema. Done in 15.39s
[2026-07-13T15:35:01.106Z] node: [2026-07-13T15:35:01.106Z] npx: Running generate... (Use --skip-generate to skip the generators)
[2026-07-13T15:35:02.096Z] node: [2026-07-13T15:35:02.096Z] npx: [2K[1A[2K[GRunning generate... - Prisma Client
[2026-07-13T15:35:03.316Z] node: [2026-07-13T15:35:03.316Z] npx: [2K[1A[2K[G✔ Generated Prisma Client (v6.16.2) to .\node_modules\.prisma\client in 1.22s
[2026-07-13T15:35:03.376Z] node: [2026-07-13T15:35:03.376Z] ✅ Prisma db push completed for Recovery DB.
[2026-07-13T15:35:06.399Z] node: [2026-07-13T15:35:06.399Z] 📊 Existing tables: 70
[2026-07-13T15:35:06.400Z] node: [2026-07-13T15:35:06.399Z] 📦 Existing rows: 0
[2026-07-13T15:35:06.400Z] node: [2026-07-13T15:35:06.399Z] 🔎 Product: 0
[2026-07-13T15:35:06.401Z] node: [2026-07-13T15:35:06.400Z] 🔎 BranchPrice: 0
[2026-07-13T15:35:06.401Z] node: [2026-07-13T15:35:06.400Z] 🔎 StockItem: 0
[2026-07-13T15:35:06.402Z] node: [2026-07-13T15:35:06.400Z] 🔎 Sale: 0
[2026-07-13T15:35:06.403Z] node: [2026-07-13T15:35:06.400Z] 🔎 SaleItem: 0
[2026-07-13T15:35:06.403Z] node: [2026-07-13T15:35:06.401Z] 🔎 SaleItemSimple: 0
[2026-07-13T15:35:06.404Z] node: [2026-07-13T15:35:06.401Z] 🔎 Payment: 0
[2026-07-13T15:35:06.404Z] node: [2026-07-13T15:35:06.401Z] 🔎 PaymentItem: 0
[2026-07-13T15:35:06.470Z] node: [2026-07-13T15:35:06.470Z] 📖 SQL loaded into memory (6.70 MB).
[2026-07-13T15:35:06.471Z] node: [2026-07-13T15:35:06.470Z] 🚚 Starting SQL restore via Node.js pg client...
[2026-07-13T15:35:09.533Z] node: [2026-07-13T15:35:09.533Z] ✅ SQL restore completed via Node.js pg client.
[2026-07-13T15:35:12.238Z] node: [2026-07-13T15:35:12.238Z] ✅ Restore verification PASS (70 tables checked).
[2026-07-13T15:35:12.239Z] node: [2026-07-13T15:35:12.238Z] 🎉 Restore completed successfully in 35.32 seconds.
[2026-07-13T15:35:12.252Z] ▶️  Run: node recovery/verify/qbv.js
[2026-07-13T15:35:12.406Z] node: [2026-07-13T15:35:12.405Z] ============================================================
[2026-07-13T15:35:12.408Z] node: [2026-07-13T15:35:12.408Z] 🔎 AlphaTech Integrity Verification ALPHATECH-RECOVERY-VERIFY-V1
[2026-07-13T15:35:12.409Z] node: [2026-07-13T15:35:12.408Z] ============================================================
[2026-07-13T15:35:12.409Z] node: [2026-07-13T15:35:12.409Z] Collecting Production snapshot...
[2026-07-13T15:35:24.128Z] node: [2026-07-13T15:35:24.127Z] Collecting Recovery snapshot...
[2026-07-13T15:35:34.307Z] node: [2026-07-13T15:35:34.307Z] Comparing snapshots...
[2026-07-13T15:35:34.314Z] node: [2026-07-13T15:35:34.313Z] 🧾 JSON report: D:\alpha-tech\server\recovery\reports\verification-report_2026-07-13T15-35-34-311Z.json
[2026-07-13T15:35:34.314Z] node: [2026-07-13T15:35:34.313Z] 🧾 TXT report: D:\alpha-tech\server\recovery\reports\verification-report_2026-07-13T15-35-34-311Z.txt
[2026-07-13T15:35:34.315Z] node: [2026-07-13T15:35:34.314Z] ✅ Overall: PASS
[2026-07-13T15:35:34.330Z] 🧾 Job manifest: D:\alpha-tech\server\recovery\jobs\job-2026-07-13T15-34-22-688Z.json
[2026-07-13T15:35:34.330Z] ✅ Job result: PASS exitCode=0
