[2026-07-10T21:34:22.739Z] ============================================================
[2026-07-10T21:34:22.745Z] 🧭 AlphaTech Recovery Retention Workflow ALPHATECH-RECOVERY-JOB-RUNNER-V7-R2-RETENTION
[2026-07-10T21:34:22.745Z] ============================================================
[2026-07-10T21:34:22.746Z] Mode: backup-workflow
[2026-07-10T21:34:22.746Z] ▶️  Run: node recovery/health/healthCheck.js
[2026-07-10T21:34:22.897Z] node: [2026-07-10T21:34:22.894Z] ============================================================
[2026-07-10T21:34:22.897Z] node: [2026-07-10T21:34:22.897Z] 🩺 AlphaTech Recovery Health Check ALPHATECH-RECOVERY-HEALTH-CHECK-V1
[2026-07-10T21:34:22.898Z] node: [2026-07-10T21:34:22.897Z] ============================================================
[2026-07-10T21:34:23.693Z] node: [2026-07-10T21:34:23.693Z] 🧾 JSON report: D:\alpha-tech\server\recovery\reports\health-check-2026-07-10T21-34-23-691Z.json
[2026-07-10T21:34:23.694Z] node: [2026-07-10T21:34:23.693Z] 🧾 TXT report: D:\alpha-tech\server\recovery\reports\health-check-2026-07-10T21-34-23-691Z.txt
[2026-07-10T21:34:23.694Z] node: [2026-07-10T21:34:23.693Z] ✅ Overall: PASS
[2026-07-10T21:34:23.707Z] ▶️  Run: node qb.js
[2026-07-10T21:34:24.156Z] node: 🔌 Connected to PostgreSQL successfully.
[2026-07-10T21:34:24.165Z] node: ⏳ Starting P1 Hardened Backup v6 Type-aware + generic self-reference FK safe restore...
[2026-07-10T21:34:27.673Z] node: 📦 Exporting table: Bank
[2026-07-10T21:34:27.714Z] node: 📦 Exporting table: Brand
[2026-07-10T21:34:27.759Z] node: 📦 Exporting table: Category
[2026-07-10T21:34:27.797Z] node: 📦 Exporting table: GlobalProductType
[2026-07-10T21:34:27.835Z] node: 📦 Exporting table: Position
[2026-07-10T21:34:27.874Z] node: 📦 Exporting table: Province
[2026-07-10T21:34:27.913Z] node: 📦 Exporting table: District
[2026-07-10T21:34:27.966Z] node: 📦 Exporting table: Subdistrict
[2026-07-10T21:34:28.168Z] node: 📦 Exporting table: Branch
[2026-07-10T21:34:28.207Z] node: 📦 Exporting table: BarcodeCounter
[2026-07-10T21:34:28.246Z] node: 📦 Exporting table: PaymentCodeCounter
[2026-07-10T21:34:28.283Z] node: 📦 Exporting table: ProductType
[2026-07-10T21:34:28.325Z] node: 📦 Exporting table: ProductTypeBrand
[2026-07-10T21:34:28.365Z] node: 📦 Exporting table: Supplier
[2026-07-10T21:34:28.404Z] node: 📦 Exporting table: Unit
[2026-07-10T21:34:28.441Z] node: 📦 Exporting table: Product
[2026-07-10T21:34:28.528Z] node: 📦 Exporting table: BranchPrice
[2026-07-10T21:34:28.596Z] node: 📦 Exporting table: ProductImage
[2026-07-10T21:34:28.634Z] node: 📦 Exporting table: StockBalance
[2026-07-10T21:34:28.679Z] node: 📦 Exporting table: User
[2026-07-10T21:34:28.723Z] node: 📦 Exporting table: CustomerProfile
[2026-07-10T21:34:28.769Z] node: 📦 Exporting table: Cart
[2026-07-10T21:34:28.806Z] node: 📦 Exporting table: CartItem
[2026-07-10T21:34:28.844Z] node: 📦 Exporting table: EmployeeProfile
[2026-07-10T21:34:28.882Z] node: 📦 Exporting table: CombinedBillingDocument
[2026-07-10T21:34:28.920Z] node: 📦 Exporting table: CombinedSaleDocument
[2026-07-10T21:34:28.958Z] node: 📦 Exporting table: CustomerDeposit
[2026-07-10T21:34:28.995Z] node: 📦 Exporting table: CustomerReceipts
[2026-07-10T21:34:29.033Z] node: 📦 Exporting table: InputTaxFilingBatch
[2026-07-10T21:34:29.070Z] node: 📦 Exporting table: Order
[2026-07-10T21:34:29.108Z] node: 📦 Exporting table: OrderOnline
[2026-07-10T21:34:29.146Z] node: 📦 Exporting table: OrderOnlineItem
[2026-07-10T21:34:29.183Z] node: 📦 Exporting table: PasswordResetToken
[2026-07-10T21:34:29.221Z] node: 📦 Exporting table: ProductOnOrder
[2026-07-10T21:34:29.259Z] node: 📦 Exporting table: PurchaseOrder
[2026-07-10T21:34:29.297Z] node: 📦 Exporting table: PurchaseOrderItem
[2026-07-10T21:34:29.334Z] node: 📦 Exporting table: PurchaseOrderReceipt
[2026-07-10T21:34:29.372Z] node: 📦 Exporting table: InputTaxFilingItem
[2026-07-10T21:34:29.410Z] node: 📦 Exporting table: PurchaseOrderReceiptItem
[2026-07-10T21:34:29.448Z] node: 📦 Exporting table: RefreshToken
[2026-07-10T21:34:29.654Z] node: 📦 Exporting table: Sale
[2026-07-10T21:34:29.693Z] node: 📦 Exporting table: CustomerReceiptAllocations
[2026-07-10T21:34:29.731Z] node: 📦 Exporting table: Payment
[2026-07-10T21:34:29.769Z] node: 📦 Exporting table: DepositUsage
[2026-07-10T21:34:29.806Z] node: 📦 Exporting table: PaymentItem
[2026-07-10T21:34:29.844Z] node: 📦 Exporting table: SaleReturn
[2026-07-10T21:34:29.882Z] node: 📦 Exporting table: RefundTransaction
[2026-07-10T21:34:29.919Z] node: 📦 Exporting table: SalesTaxFilingBatch
[2026-07-10T21:34:29.957Z] node: 📦 Exporting table: SalesTaxFilingItem
[2026-07-10T21:34:29.994Z] node: 📦 Exporting table: ServiceOrder
[2026-07-10T21:34:30.032Z] node: 📦 Exporting table: ServiceItem
[2026-07-10T21:34:30.070Z] node: 📦 Exporting table: SimpleLot
[2026-07-10T21:34:30.108Z] node: 📦 Exporting table: SaleItemSimple
[2026-07-10T21:34:30.146Z] node: 📦 Exporting table: SaleReturnItemSimple
[2026-07-10T21:34:30.184Z] node: 📦 Exporting table: StockAuditSession
[2026-07-10T21:34:30.222Z] node: 📦 Exporting table: StockItem
[2026-07-10T21:34:30.291Z] node: 📦 Exporting table: BarcodeReceiptItem
[2026-07-10T21:34:30.329Z] node: 📦 Exporting table: RepairJob
[2026-07-10T21:34:30.366Z] node: 📦 Exporting table: RepairPartItem
[2026-07-10T21:34:30.404Z] node: 📦 Exporting table: SaleItem
[2026-07-10T21:34:30.442Z] node: 📦 Exporting table: SaleReturnItem
[2026-07-10T21:34:30.480Z] node: 📦 Exporting table: StockAuditScanLog
[2026-07-10T21:34:30.518Z] node: 📦 Exporting table: StockAuditSnapshotItem
[2026-07-10T21:34:30.557Z] node: 📦 Exporting table: StockMovement
[2026-07-10T21:34:30.600Z] node: 📦 Exporting table: SupplierPayment
[2026-07-10T21:34:30.638Z] node: 📦 Exporting table: SupplierPaymentReceipt
[2026-07-10T21:34:30.676Z] node: 📦 Exporting table: V2CustomerDeposit
[2026-07-10T21:34:30.714Z] node: 📦 Exporting table: V2StockAudit
[2026-07-10T21:34:30.751Z] node: 📦 Exporting table: V2StockAuditItem
[2026-07-10T21:34:30.789Z] node: 📦 Exporting table: WarrantyClaim
[2026-07-10T21:34:33.493Z] node: 🎉 P1 Hardened Backup v6 Type-aware + generic self-reference FK safe restore completed successfully.
[2026-07-10T21:34:33.494Z] node: 💾 Backup file: D:\alpha-tech\server\backups\alphatech_hardened_backup_v6_2026-07-10_2026-07-10T21-34-27-640Z.sql
[2026-07-10T21:34:33.495Z] node: 🧾 Manifest file: D:\alpha-tech\server\backups\alphatech_hardened_backup_v6_2026-07-10_2026-07-10T21-34-27-640Z.manifest.json
[2026-07-10T21:34:33.495Z] node: 📊 Tables exported: 70
[2026-07-10T21:34:33.496Z] node: 📦 Rows exported: 16399
[2026-07-10T21:34:33.496Z] node: 🔢 Sequences prepared: 67
[2026-07-10T21:34:33.496Z] node: 🔐 SHA256: bc412c7b33a9bfa0344adf2e74e98cdd41f980b6100ade946b14075818d0d392
[2026-07-10T21:34:33.497Z] node: 📐 File size: 4.98 MB
[2026-07-10T21:34:33.497Z] node: ⏱️ Duration: 7.00 seconds
[2026-07-10T21:34:33.497Z] node: ✅ Verification: PASS (70 tables checked)
[2026-07-10T21:34:33.555Z] ▶️  Run: node recovery/upload/uploadBackup.js --manifest D:\alpha-tech\server\backups\alphatech_hardened_backup_v6_2026-07-10_2026-07-10T21-34-27-640Z.manifest.json
[2026-07-10T21:34:33.635Z] node: [2026-07-10T21:34:33.630Z] ============================================================
[2026-07-10T21:34:33.637Z] node: [2026-07-10T21:34:33.637Z] AlphaTech Recovery Upload ALPHATECH-RECOVERY-UPLOAD-V2-S3-COMPATIBLE
[2026-07-10T21:34:33.637Z] node: [2026-07-10T21:34:33.637Z] ============================================================
[2026-07-10T21:34:33.841Z] node stderr: (node:13636) Warning: NodeVersionSupportWarning: The AWS SDK for JavaScript (v3)
[2026-07-10T21:34:33.841Z] node stderr: versions published after the first week of January 2027
[2026-07-10T21:34:33.842Z] node stderr: will require node >=22. You are running node v20.19.0.
[2026-07-10T21:34:33.842Z] node stderr: To continue receiving updates to AWS services, bug fixes,
[2026-07-10T21:34:33.843Z] node stderr: and security updates please upgrade to node >=22.
[2026-07-10T21:34:33.843Z] node stderr: More information can be found at: https://a.co/c895JFp
[2026-07-10T21:34:33.843Z] node stderr: (Use `node --trace-warnings ...` to show where the warning was created)
[2026-07-10T21:34:35.634Z] node: [2026-07-10T21:34:35.634Z] JSON report: D:\alpha-tech\server\recovery\reports\upload-report-2026-07-10T21-34-35-633Z.json
[2026-07-10T21:34:35.635Z] node: [2026-07-10T21:34:35.635Z] TXT report: D:\alpha-tech\server\recovery\reports\upload-report-2026-07-10T21-34-35-633Z.txt
[2026-07-10T21:34:35.636Z] node: [2026-07-10T21:34:35.635Z] Overall: PASS
[2026-07-10T21:34:36.493Z] ------------------------------------------------------------
[2026-07-10T21:34:36.493Z] Target      : cloudflare-r2
[2026-07-10T21:34:36.535Z] Bucket      : saduaksabuy-recovery
[2026-07-10T21:34:36.535Z] Prefix      : alphatech-production/
[2026-07-10T21:34:36.535Z] Retention   : 7 day(s)
[2026-07-10T21:34:36.536Z] Mode        : APPLY
[2026-07-10T21:34:36.536Z] Scanned     : 64
[2026-07-10T21:34:36.536Z] Candidates  : 0
[2026-07-10T21:34:36.536Z] Deleted     : 0
[2026-07-10T21:34:36.537Z] Remaining   : 64
[2026-07-10T21:34:36.537Z] Failed      : 0
[2026-07-10T21:34:36.537Z] ▶️  Run: node recovery/retention/retentionPolicy.js --apply
[2026-07-10T21:34:36.631Z] node: [2026-07-10T21:34:36.625Z] ============================================================
[2026-07-10T21:34:36.633Z] node: [2026-07-10T21:34:36.633Z] 🧹 AlphaTech Recovery Retention ALPHATECH-RECOVERY-RETENTION-V1
[2026-07-10T21:34:36.633Z] node: [2026-07-10T21:34:36.633Z] ============================================================
[2026-07-10T21:34:36.634Z] node: [2026-07-10T21:34:36.634Z] Mode: APPLY
[2026-07-10T21:34:36.642Z] node: [2026-07-10T21:34:36.642Z] ------------------------------------------------------------
[2026-07-10T21:34:36.643Z] node: [2026-07-10T21:34:36.642Z] Target      : local-backups
[2026-07-10T21:34:36.644Z] node: [2026-07-10T21:34:36.644Z] Directory   : D:\alpha-tech\server\backups
[2026-07-10T21:34:36.644Z] node: [2026-07-10T21:34:36.644Z] Retention   : 3 day(s)
[2026-07-10T21:34:36.645Z] node: [2026-07-10T21:34:36.645Z] Scanned     : 44
[2026-07-10T21:34:36.645Z] node: [2026-07-10T21:34:36.645Z] Candidates  : 2
[2026-07-10T21:34:36.646Z] node: [2026-07-10T21:34:36.645Z] Deleted     : 2
[2026-07-10T21:34:36.647Z] node: [2026-07-10T21:34:36.646Z] Remaining   : 42
[2026-07-10T21:34:36.647Z] node: [2026-07-10T21:34:36.646Z] Failed      : 0
[2026-07-10T21:34:36.648Z] node: [2026-07-10T21:34:36.646Z] ------------------------------------------------------------
[2026-07-10T21:34:36.648Z] node: [2026-07-10T21:34:36.647Z] Target      : offsite-local-mirror
[2026-07-10T21:34:36.648Z] node: [2026-07-10T21:34:36.647Z] Directory   : D:\alpha-tech\server\recovery\offsite
[2026-07-10T21:34:36.648Z] node: [2026-07-10T21:34:36.647Z] Retention   : 7 day(s)
[2026-07-10T21:34:36.649Z] node: [2026-07-10T21:34:36.647Z] Scanned     : 12
[2026-07-10T21:34:36.649Z] node: [2026-07-10T21:34:36.648Z] Candidates  : 0
[2026-07-10T21:34:36.649Z] node: [2026-07-10T21:34:36.648Z] Deleted     : 0
[2026-07-10T21:34:36.649Z] node: [2026-07-10T21:34:36.648Z] Remaining   : 12
[2026-07-10T21:34:36.650Z] node: [2026-07-10T21:34:36.648Z] Failed      : 0
[2026-07-10T21:34:36.650Z] node: [2026-07-10T21:34:36.650Z] 🧾 JSON report: D:\alpha-tech\server\recovery\reports\retention-report-2026-07-10T21-34-36-649Z.json
[2026-07-10T21:34:36.650Z] node: [2026-07-10T21:34:36.650Z] 🧾 TXT report: D:\alpha-tech\server\recovery\reports\retention-report-2026-07-10T21-34-36-649Z.txt
[2026-07-10T21:34:36.651Z] node: [2026-07-10T21:34:36.650Z] ✅ Overall: PASS
[2026-07-10T21:34:36.662Z] ▶️  Run: node qbrs.js --manifest D:\alpha-tech\server\backups\alphatech_hardened_backup_v6_2026-07-10_2026-07-10T21-34-27-640Z.manifest.json --init --yes --reset-schema
[2026-07-10T21:34:36.804Z] node: [2026-07-10T21:34:36.803Z] ============================================================
[2026-07-10T21:34:36.806Z] node: [2026-07-10T21:34:36.806Z] 🚑 AlphaTech Restore Tool P1-HARDENED-RESTORE-V3-NODE-PG
[2026-07-10T21:34:36.806Z] node: [2026-07-10T21:34:36.806Z] ============================================================
[2026-07-10T21:34:36.829Z] node: [2026-07-10T21:34:36.829Z] ✅ Manifest loaded.
[2026-07-10T21:34:36.830Z] node: [2026-07-10T21:34:36.830Z] ✅ SQL file: D:\alpha-tech\server\backups\alphatech_hardened_backup_v6_2026-07-10_2026-07-10T21-34-27-640Z.sql
[2026-07-10T21:34:36.830Z] node: [2026-07-10T21:34:36.830Z] ✅ SHA256 verified: bc412c7b33a9bfa0344adf2e74e98cdd41f980b6100ade946b14075818d0d392
[2026-07-10T21:34:36.831Z] node: [2026-07-10T21:34:36.831Z] 🎯 Target DB: postgresql://postgres:***@db.engqdeyzbvnmxbnpemau.supabase.co:5432/postgres
[2026-07-10T21:34:36.831Z] node: [2026-07-10T21:34:36.831Z] 🎯 Host: db.engqdeyzbvnmxbnpemau.supabase.co
[2026-07-10T21:34:36.831Z] node: [2026-07-10T21:34:36.831Z] 🎯 Port: 5432
[2026-07-10T21:34:36.832Z] node: [2026-07-10T21:34:36.832Z] 🎯 Database: postgres
[2026-07-10T21:34:36.833Z] node: [2026-07-10T21:34:36.833Z] 🎯 Schema: public
[2026-07-10T21:34:37.195Z] node: [2026-07-10T21:34:37.195Z] 🔌 Connected to target PostgreSQL successfully.
[2026-07-10T21:34:40.610Z] node: [2026-07-10T21:34:40.610Z] 📊 Existing tables: 70
[2026-07-10T21:34:40.611Z] node: [2026-07-10T21:34:40.611Z] 📦 Existing rows: 16399
[2026-07-10T21:34:40.612Z] node: [2026-07-10T21:34:40.611Z] 🔎 Product: 1069
[2026-07-10T21:34:40.708Z] node: [2026-07-10T21:34:40.612Z] 🔎 BranchPrice: 1067
[2026-07-10T21:34:40.709Z] node: [2026-07-10T21:34:40.612Z] 🔎 StockItem: 787
[2026-07-10T21:34:40.709Z] node: [2026-07-10T21:34:40.612Z] 🔎 Sale: 4
[2026-07-10T21:34:40.710Z] node: [2026-07-10T21:34:40.612Z] 🔎 SaleItem: 6
[2026-07-10T21:34:40.710Z] node: [2026-07-10T21:34:40.613Z] 🔎 SaleItemSimple: 0
[2026-07-10T21:34:40.710Z] node: [2026-07-10T21:34:40.613Z] 🔎 Payment: 2
[2026-07-10T21:34:40.711Z] node: [2026-07-10T21:34:40.613Z] 🔎 PaymentItem: 2
[2026-07-10T21:34:40.870Z] node: [2026-07-10T21:34:40.871Z] 🧨 Resetting target schema "public" before restore...
[2026-07-10T21:34:40.871Z] node: [2026-07-10T21:34:40.871Z] 🛡️ This action is intended for Recovery / Standby DB only.
[2026-07-10T21:34:41.507Z] node: [2026-07-10T21:34:41.507Z] ✅ Schema "public" reset completed.
[2026-07-10T21:34:41.542Z] node: [2026-07-10T21:34:41.542Z] 🧱 Running Prisma db push against Recovery DB only...
[2026-07-10T21:34:41.543Z] node: [2026-07-10T21:34:41.543Z] 🛡️ DATABASE_URL is injected from RESTORE_DATABASE_URL/RECOVERY_DATABASE_URL for this process only.
[2026-07-10T21:34:45.067Z] node: [2026-07-10T21:34:45.068Z] npx stderr: Environment variables loaded from .env
[2026-07-10T21:34:45.069Z] node: [2026-07-10T21:34:45.069Z] npx: Prisma schema loaded from prisma\schema.prisma
[2026-07-10T21:34:45.080Z] node: [2026-07-10T21:34:45.080Z] npx: Datasource "db": PostgreSQL database "postgres", schema "public" at "db.engqdeyzbvnmxbnpemau.supabase.co:5432"
[2026-07-10T21:35:01.591Z] node: [2026-07-10T21:35:01.591Z] npx: Your database is now in sync with your Prisma schema. Done in 15.93s
[2026-07-10T21:35:01.593Z] node: [2026-07-10T21:35:01.593Z] npx: Running generate... (Use --skip-generate to skip the generators)
[2026-07-10T21:35:02.488Z] node: [2026-07-10T21:35:02.489Z] npx: [2K[1A[2K[GRunning generate... - Prisma Client
[2026-07-10T21:35:03.739Z] node: [2026-07-10T21:35:03.739Z] npx: [2K[1A[2K[G✔ Generated Prisma Client (v6.16.2) to .\node_modules\.prisma\client in 1.25s
[2026-07-10T21:35:03.794Z] node: [2026-07-10T21:35:03.795Z] ✅ Prisma db push completed for Recovery DB.
[2026-07-10T21:35:07.038Z] node: [2026-07-10T21:35:07.038Z] 📊 Existing tables: 70
[2026-07-10T21:35:07.039Z] node: [2026-07-10T21:35:07.039Z] 📦 Existing rows: 0
[2026-07-10T21:35:07.040Z] node: [2026-07-10T21:35:07.039Z] 🔎 Product: 0
[2026-07-10T21:35:07.040Z] node: [2026-07-10T21:35:07.039Z] 🔎 BranchPrice: 0
[2026-07-10T21:35:07.040Z] node: [2026-07-10T21:35:07.039Z] 🔎 StockItem: 0
[2026-07-10T21:35:07.041Z] node: [2026-07-10T21:35:07.039Z] 🔎 Sale: 0
[2026-07-10T21:35:07.041Z] node: [2026-07-10T21:35:07.040Z] 🔎 SaleItem: 0
[2026-07-10T21:35:07.041Z] node: [2026-07-10T21:35:07.040Z] 🔎 SaleItemSimple: 0
[2026-07-10T21:35:07.042Z] node: [2026-07-10T21:35:07.040Z] 🔎 Payment: 0
[2026-07-10T21:35:07.042Z] node: [2026-07-10T21:35:07.040Z] 🔎 PaymentItem: 0
[2026-07-10T21:35:07.150Z] node: [2026-07-10T21:35:07.151Z] 📖 SQL loaded into memory (4.98 MB).
[2026-07-10T21:35:07.151Z] node: [2026-07-10T21:35:07.151Z] 🚚 Starting SQL restore via Node.js pg client...
[2026-07-10T21:35:09.774Z] node: [2026-07-10T21:35:09.774Z] ✅ SQL restore completed via Node.js pg client.
[2026-07-10T21:35:12.406Z] node: [2026-07-10T21:35:12.406Z] ✅ Restore verification PASS (70 tables checked).
[2026-07-10T21:35:12.406Z] node: [2026-07-10T21:35:12.406Z] 🎉 Restore completed successfully in 35.60 seconds.
[2026-07-10T21:35:12.420Z] ▶️  Run: node recovery/verify/qbv.js
[2026-07-10T21:35:12.586Z] node: [2026-07-10T21:35:12.584Z] ============================================================
[2026-07-10T21:35:12.588Z] node: [2026-07-10T21:35:12.587Z] 🔎 AlphaTech Integrity Verification ALPHATECH-RECOVERY-VERIFY-V1
[2026-07-10T21:35:12.588Z] node: [2026-07-10T21:35:12.588Z] ============================================================
[2026-07-10T21:35:12.589Z] node: [2026-07-10T21:35:12.589Z] Collecting Production snapshot...
[2026-07-10T21:35:22.944Z] node: [2026-07-10T21:35:22.944Z] Collecting Recovery snapshot...
[2026-07-10T21:35:34.097Z] node: [2026-07-10T21:35:34.096Z] Comparing snapshots...
[2026-07-10T21:35:34.103Z] node: [2026-07-10T21:35:34.102Z] 🧾 JSON report: D:\alpha-tech\server\recovery\reports\verification-report_2026-07-10T21-35-34-100Z.json
[2026-07-10T21:35:34.103Z] node: [2026-07-10T21:35:34.102Z] 🧾 TXT report: D:\alpha-tech\server\recovery\reports\verification-report_2026-07-10T21-35-34-100Z.txt
[2026-07-10T21:35:34.104Z] node: [2026-07-10T21:35:34.103Z] ✅ Overall: PASS
[2026-07-10T21:35:34.117Z] 🧾 Job manifest: D:\alpha-tech\server\recovery\jobs\job-2026-07-10T21-34-22-737Z.json
[2026-07-10T21:35:34.118Z] ✅ Job result: PASS exitCode=0
