[2026-07-06T15:33:04.831Z] ============================================================
[2026-07-06T15:33:04.839Z] 🧭 AlphaTech Recovery Upload Workflow ALPHATECH-RECOVERY-JOB-RUNNER-V4-UPLOAD
[2026-07-06T15:33:04.839Z] ============================================================
[2026-07-06T15:33:04.840Z] Mode: backup-workflow
[2026-07-06T15:33:04.840Z] ▶️  Run: node recovery/health/healthCheck.js
[2026-07-06T15:33:04.995Z] node: [2026-07-06T15:33:04.993Z] ============================================================
[2026-07-06T15:33:04.996Z] node: [2026-07-06T15:33:04.996Z] 🩺 AlphaTech Recovery Health Check ALPHATECH-RECOVERY-HEALTH-CHECK-V1
[2026-07-06T15:33:04.997Z] node: [2026-07-06T15:33:04.996Z] ============================================================
[2026-07-06T15:33:05.772Z] node: [2026-07-06T15:33:05.771Z] 🧾 JSON report: D:\alpha-tech\server\recovery\reports\health-check-2026-07-06T15-33-05-770Z.json
[2026-07-06T15:33:05.772Z] node: [2026-07-06T15:33:05.772Z] 🧾 TXT report: D:\alpha-tech\server\recovery\reports\health-check-2026-07-06T15-33-05-770Z.txt
[2026-07-06T15:33:05.774Z] node: [2026-07-06T15:33:05.772Z] ✅ Overall: PASS
[2026-07-06T15:33:05.787Z] ▶️  Run: node qb.js
[2026-07-06T15:33:06.224Z] node: 🔌 Connected to PostgreSQL successfully.
[2026-07-06T15:33:06.225Z] node: ⏳ Starting P1 Hardened Backup v6 Type-aware + generic self-reference FK safe restore...
[2026-07-06T15:33:09.315Z] node: 📦 Exporting table: Bank
[2026-07-06T15:33:09.352Z] node: 📦 Exporting table: Brand
[2026-07-06T15:33:09.394Z] node: 📦 Exporting table: Category
[2026-07-06T15:33:09.429Z] node: 📦 Exporting table: GlobalProductType
[2026-07-06T15:33:09.463Z] node: 📦 Exporting table: Position
[2026-07-06T15:33:09.498Z] node: 📦 Exporting table: Province
[2026-07-06T15:33:09.533Z] node: 📦 Exporting table: District
[2026-07-06T15:33:09.611Z] node: 📦 Exporting table: Subdistrict
[2026-07-06T15:33:09.798Z] node: 📦 Exporting table: Branch
[2026-07-06T15:33:09.834Z] node: 📦 Exporting table: BarcodeCounter
[2026-07-06T15:33:09.869Z] node: 📦 Exporting table: PaymentCodeCounter
[2026-07-06T15:33:09.903Z] node: 📦 Exporting table: ProductType
[2026-07-06T15:33:09.939Z] node: 📦 Exporting table: ProductTypeBrand
[2026-07-06T15:33:09.977Z] node: 📦 Exporting table: Supplier
[2026-07-06T15:33:10.012Z] node: 📦 Exporting table: Unit
[2026-07-06T15:33:10.047Z] node: 📦 Exporting table: Product
[2026-07-06T15:33:10.121Z] node: 📦 Exporting table: BranchPrice
[2026-07-06T15:33:10.180Z] node: 📦 Exporting table: ProductImage
[2026-07-06T15:33:10.214Z] node: 📦 Exporting table: StockBalance
[2026-07-06T15:33:10.251Z] node: 📦 Exporting table: User
[2026-07-06T15:33:10.292Z] node: 📦 Exporting table: CustomerProfile
[2026-07-06T15:33:10.333Z] node: 📦 Exporting table: Cart
[2026-07-06T15:33:10.367Z] node: 📦 Exporting table: CartItem
[2026-07-06T15:33:10.401Z] node: 📦 Exporting table: EmployeeProfile
[2026-07-06T15:33:10.436Z] node: 📦 Exporting table: CombinedBillingDocument
[2026-07-06T15:33:10.472Z] node: 📦 Exporting table: CombinedSaleDocument
[2026-07-06T15:33:10.508Z] node: 📦 Exporting table: CustomerDeposit
[2026-07-06T15:33:10.543Z] node: 📦 Exporting table: CustomerReceipts
[2026-07-06T15:33:10.577Z] node: 📦 Exporting table: InputTaxFilingBatch
[2026-07-06T15:33:10.611Z] node: 📦 Exporting table: Order
[2026-07-06T15:33:10.646Z] node: 📦 Exporting table: OrderOnline
[2026-07-06T15:33:10.680Z] node: 📦 Exporting table: OrderOnlineItem
[2026-07-06T15:33:10.714Z] node: 📦 Exporting table: PasswordResetToken
[2026-07-06T15:33:10.749Z] node: 📦 Exporting table: ProductOnOrder
[2026-07-06T15:33:10.783Z] node: 📦 Exporting table: PurchaseOrder
[2026-07-06T15:33:10.817Z] node: 📦 Exporting table: PurchaseOrderItem
[2026-07-06T15:33:10.851Z] node: 📦 Exporting table: PurchaseOrderReceipt
[2026-07-06T15:33:10.885Z] node: 📦 Exporting table: InputTaxFilingItem
[2026-07-06T15:33:10.919Z] node: 📦 Exporting table: PurchaseOrderReceiptItem
[2026-07-06T15:33:10.953Z] node: 📦 Exporting table: RefreshToken
[2026-07-06T15:33:11.148Z] node: 📦 Exporting table: Sale
[2026-07-06T15:33:11.184Z] node: 📦 Exporting table: CustomerReceiptAllocations
[2026-07-06T15:33:11.218Z] node: 📦 Exporting table: Payment
[2026-07-06T15:33:11.252Z] node: 📦 Exporting table: DepositUsage
[2026-07-06T15:33:11.286Z] node: 📦 Exporting table: PaymentItem
[2026-07-06T15:33:11.320Z] node: 📦 Exporting table: SaleReturn
[2026-07-06T15:33:11.354Z] node: 📦 Exporting table: RefundTransaction
[2026-07-06T15:33:11.388Z] node: 📦 Exporting table: SalesTaxFilingBatch
[2026-07-06T15:33:11.422Z] node: 📦 Exporting table: SalesTaxFilingItem
[2026-07-06T15:33:11.456Z] node: 📦 Exporting table: ServiceOrder
[2026-07-06T15:33:11.490Z] node: 📦 Exporting table: ServiceItem
[2026-07-06T15:33:11.524Z] node: 📦 Exporting table: SimpleLot
[2026-07-06T15:33:11.559Z] node: 📦 Exporting table: SaleItemSimple
[2026-07-06T15:33:11.594Z] node: 📦 Exporting table: SaleReturnItemSimple
[2026-07-06T15:33:11.628Z] node: 📦 Exporting table: StockAuditSession
[2026-07-06T15:33:11.662Z] node: 📦 Exporting table: StockItem
[2026-07-06T15:33:11.715Z] node: 📦 Exporting table: BarcodeReceiptItem
[2026-07-06T15:33:11.749Z] node: 📦 Exporting table: RepairJob
[2026-07-06T15:33:11.783Z] node: 📦 Exporting table: RepairPartItem
[2026-07-06T15:33:11.817Z] node: 📦 Exporting table: SaleItem
[2026-07-06T15:33:11.851Z] node: 📦 Exporting table: SaleReturnItem
[2026-07-06T15:33:11.886Z] node: 📦 Exporting table: StockAuditScanLog
[2026-07-06T15:33:11.920Z] node: 📦 Exporting table: StockAuditSnapshotItem
[2026-07-06T15:33:11.954Z] node: 📦 Exporting table: StockMovement
[2026-07-06T15:33:11.991Z] node: 📦 Exporting table: SupplierPayment
[2026-07-06T15:33:12.025Z] node: 📦 Exporting table: SupplierPaymentReceipt
[2026-07-06T15:33:12.059Z] node: 📦 Exporting table: V2CustomerDeposit
[2026-07-06T15:33:12.094Z] node: 📦 Exporting table: V2StockAudit
[2026-07-06T15:33:12.129Z] node: 📦 Exporting table: V2StockAuditItem
[2026-07-06T15:33:12.163Z] node: 📦 Exporting table: WarrantyClaim
[2026-07-06T15:33:14.635Z] node: 🎉 P1 Hardened Backup v6 Type-aware + generic self-reference FK safe restore completed successfully.
[2026-07-06T15:33:14.635Z] node: 💾 Backup file: D:\alpha-tech\server\backups\alphatech_hardened_backup_v6_2026-07-06_2026-07-06T15-33-09-291Z.sql
[2026-07-06T15:33:14.636Z] node: 🧾 Manifest file: D:\alpha-tech\server\backups\alphatech_hardened_backup_v6_2026-07-06_2026-07-06T15-33-09-291Z.manifest.json
[2026-07-06T15:33:14.637Z] node: 📊 Tables exported: 70
[2026-07-06T15:33:14.637Z] node: 📦 Rows exported: 15079
[2026-07-06T15:33:14.637Z] node: 🔢 Sequences prepared: 67
[2026-07-06T15:33:14.638Z] node: 🔐 SHA256: 8588c428136b40d356bb266cac6d6c4a25ddc04173e33c5b16bbe07eec049deb
[2026-07-06T15:33:14.638Z] node: 📐 File size: 4.39 MB
[2026-07-06T15:33:14.638Z] node: ⏱️ Duration: 6.28 seconds
[2026-07-06T15:33:14.639Z] node: ✅ Verification: PASS (70 tables checked)
[2026-07-06T15:33:14.694Z] ▶️  Run: node recovery/upload/uploadBackup.js --manifest D:\alpha-tech\server\backups\alphatech_hardened_backup_v6_2026-07-06_2026-07-06T15-33-09-291Z.manifest.json
[2026-07-06T15:33:14.788Z] node: [2026-07-06T15:33:14.782Z] ============================================================
[2026-07-06T15:33:14.790Z] node: [2026-07-06T15:33:14.789Z] ☁️ AlphaTech Recovery Upload ALPHATECH-RECOVERY-UPLOAD-V1-LOCAL-MIRROR
[2026-07-06T15:33:14.791Z] node: [2026-07-06T15:33:14.791Z] ============================================================
[2026-07-06T15:33:14.883Z] node: [2026-07-06T15:33:14.883Z] 🧾 JSON report: D:\alpha-tech\server\recovery\reports\upload-report-2026-07-06T15-33-14-880Z.json
[2026-07-06T15:33:14.884Z] node: [2026-07-06T15:33:14.883Z] 🧾 TXT report: D:\alpha-tech\server\recovery\reports\upload-report-2026-07-06T15-33-14-880Z.txt
[2026-07-06T15:33:14.885Z] node: [2026-07-06T15:33:14.883Z] ✅ Overall: PASS
[2026-07-06T15:33:14.925Z] 🧾 Job manifest: D:\alpha-tech\server\recovery\jobs\job-2026-07-06T15-33-04-829Z.json
[2026-07-06T15:33:14.926Z] ✅ Job result: PASS exitCode=0
