[2026-07-14T15:34:22.952Z] ============================================================
[2026-07-14T15:34:22.964Z] 🧭 AlphaTech Recovery Retention Workflow ALPHATECH-RECOVERY-JOB-RUNNER-V7-R2-RETENTION
[2026-07-14T15:34:22.965Z] ============================================================
[2026-07-14T15:34:22.965Z] Mode: backup-workflow
[2026-07-14T15:34:22.967Z] ▶️  Run: node recovery/health/healthCheck.js
[2026-07-14T15:34:23.169Z] node: [2026-07-14T15:34:23.167Z] ============================================================
[2026-07-14T15:34:23.171Z] node: [2026-07-14T15:34:23.170Z] 🩺 AlphaTech Recovery Health Check ALPHATECH-RECOVERY-HEALTH-CHECK-V1
[2026-07-14T15:34:23.179Z] node: [2026-07-14T15:34:23.171Z] ============================================================
[2026-07-14T15:34:24.065Z] node: [2026-07-14T15:34:24.065Z] 🧾 JSON report: D:\alpha-tech\server\recovery\reports\health-check-2026-07-14T15-34-24-057Z.json
[2026-07-14T15:34:24.066Z] node: [2026-07-14T15:34:24.066Z] 🧾 TXT report: D:\alpha-tech\server\recovery\reports\health-check-2026-07-14T15-34-24-057Z.txt
[2026-07-14T15:34:24.066Z] node: [2026-07-14T15:34:24.066Z] ✅ Overall: PASS
[2026-07-14T15:34:24.088Z] ▶️  Run: node qb.js
[2026-07-14T15:34:24.627Z] node: 🔌 Connected to PostgreSQL successfully.
[2026-07-14T15:34:24.631Z] node: ⏳ Starting P1 Hardened Backup v6 Type-aware + generic self-reference FK safe restore...
[2026-07-14T15:34:28.462Z] node: 📦 Exporting table: Bank
[2026-07-14T15:34:28.504Z] node: 📦 Exporting table: Brand
[2026-07-14T15:34:28.553Z] node: 📦 Exporting table: Category
[2026-07-14T15:34:28.588Z] node: 📦 Exporting table: GlobalProductType
[2026-07-14T15:34:28.624Z] node: 📦 Exporting table: Position
[2026-07-14T15:34:28.661Z] node: 📦 Exporting table: Province
[2026-07-14T15:34:28.697Z] node: 📦 Exporting table: District
[2026-07-14T15:34:28.767Z] node: 📦 Exporting table: Subdistrict
[2026-07-14T15:34:29.117Z] node: 📦 Exporting table: Branch
[2026-07-14T15:34:29.160Z] node: 📦 Exporting table: BarcodeCounter
[2026-07-14T15:34:29.211Z] node: 📦 Exporting table: PaymentCodeCounter
[2026-07-14T15:34:29.246Z] node: 📦 Exporting table: ProductType
[2026-07-14T15:34:29.290Z] node: 📦 Exporting table: ProductTypeBrand
[2026-07-14T15:34:29.334Z] node: 📦 Exporting table: Supplier
[2026-07-14T15:34:29.403Z] node: 📦 Exporting table: Unit
[2026-07-14T15:34:29.541Z] node: 📦 Exporting table: Product
[2026-07-14T15:34:29.713Z] node: 📦 Exporting table: BranchPrice
[2026-07-14T15:34:29.811Z] node: 📦 Exporting table: ProductImage
[2026-07-14T15:34:29.855Z] node: 📦 Exporting table: StockBalance
[2026-07-14T15:34:29.914Z] node: 📦 Exporting table: User
[2026-07-14T15:34:29.965Z] node: 📦 Exporting table: CustomerProfile
[2026-07-14T15:34:30.008Z] node: 📦 Exporting table: Cart
[2026-07-14T15:34:30.046Z] node: 📦 Exporting table: CartItem
[2026-07-14T15:34:30.088Z] node: 📦 Exporting table: EmployeeProfile
[2026-07-14T15:34:30.127Z] node: 📦 Exporting table: CombinedBillingDocument
[2026-07-14T15:34:30.161Z] node: 📦 Exporting table: CombinedSaleDocument
[2026-07-14T15:34:30.196Z] node: 📦 Exporting table: CustomerDeposit
[2026-07-14T15:34:30.237Z] node: 📦 Exporting table: CustomerReceipts
[2026-07-14T15:34:30.271Z] node: 📦 Exporting table: InputTaxFilingBatch
[2026-07-14T15:34:30.309Z] node: 📦 Exporting table: Order
[2026-07-14T15:34:30.346Z] node: 📦 Exporting table: OrderOnline
[2026-07-14T15:34:30.384Z] node: 📦 Exporting table: OrderOnlineItem
[2026-07-14T15:34:30.426Z] node: 📦 Exporting table: PasswordResetToken
[2026-07-14T15:34:30.464Z] node: 📦 Exporting table: ProductOnOrder
[2026-07-14T15:34:30.500Z] node: 📦 Exporting table: PurchaseOrder
[2026-07-14T15:34:30.544Z] node: 📦 Exporting table: PurchaseOrderItem
[2026-07-14T15:34:30.584Z] node: 📦 Exporting table: PurchaseOrderReceipt
[2026-07-14T15:34:30.626Z] node: 📦 Exporting table: InputTaxFilingItem
[2026-07-14T15:34:30.666Z] node: 📦 Exporting table: PurchaseOrderReceiptItem
[2026-07-14T15:34:30.709Z] node: 📦 Exporting table: RefreshToken
[2026-07-14T15:34:30.978Z] node: 📦 Exporting table: Sale
[2026-07-14T15:34:31.018Z] node: 📦 Exporting table: CustomerReceiptAllocations
[2026-07-14T15:34:31.060Z] node: 📦 Exporting table: Payment
[2026-07-14T15:34:31.105Z] node: 📦 Exporting table: DepositUsage
[2026-07-14T15:34:31.134Z] node: 📦 Exporting table: PaymentItem
[2026-07-14T15:34:31.180Z] node: 📦 Exporting table: SaleReturn
[2026-07-14T15:34:31.212Z] node: 📦 Exporting table: RefundTransaction
[2026-07-14T15:34:31.247Z] node: 📦 Exporting table: SalesTaxFilingBatch
[2026-07-14T15:34:31.327Z] node: 📦 Exporting table: SalesTaxFilingItem
[2026-07-14T15:34:31.399Z] node: 📦 Exporting table: ServiceOrder
[2026-07-14T15:34:31.497Z] node: 📦 Exporting table: ServiceItem
[2026-07-14T15:34:31.529Z] node: 📦 Exporting table: SimpleLot
[2026-07-14T15:34:31.564Z] node: 📦 Exporting table: SaleItemSimple
[2026-07-14T15:34:31.624Z] node: 📦 Exporting table: SaleReturnItemSimple
[2026-07-14T15:34:31.652Z] node: 📦 Exporting table: StockAuditSession
[2026-07-14T15:34:31.700Z] node: 📦 Exporting table: StockItem
[2026-07-14T15:34:31.881Z] node: 📦 Exporting table: BarcodeReceiptItem
[2026-07-14T15:34:31.927Z] node: 📦 Exporting table: RepairJob
[2026-07-14T15:34:31.968Z] node: 📦 Exporting table: RepairPartItem
[2026-07-14T15:34:32.127Z] node: 📦 Exporting table: SaleItem
[2026-07-14T15:34:32.284Z] node: 📦 Exporting table: SaleReturnItem
[2026-07-14T15:34:32.328Z] node: 📦 Exporting table: StockAuditScanLog
[2026-07-14T15:34:32.367Z] node: 📦 Exporting table: StockAuditSnapshotItem
[2026-07-14T15:34:32.426Z] node: 📦 Exporting table: StockMovement
[2026-07-14T15:34:32.484Z] node: 📦 Exporting table: SupplierPayment
[2026-07-14T15:34:32.530Z] node: 📦 Exporting table: SupplierPaymentReceipt
[2026-07-14T15:34:32.565Z] node: 📦 Exporting table: V2CustomerDeposit
[2026-07-14T15:34:32.601Z] node: 📦 Exporting table: V2StockAudit
[2026-07-14T15:34:32.641Z] node: 📦 Exporting table: V2StockAuditItem
[2026-07-14T15:34:32.676Z] node: 📦 Exporting table: WarrantyClaim
[2026-07-14T15:34:35.514Z] node: 🎉 P1 Hardened Backup v6 Type-aware + generic self-reference FK safe restore completed successfully.
[2026-07-14T15:34:35.538Z] node: 💾 Backup file: D:\alpha-tech\server\backups\alphatech_hardened_backup_v6_2026-07-14_2026-07-14T15-34-28-428Z.sql
[2026-07-14T15:34:35.550Z] node: 🧾 Manifest file: D:\alpha-tech\server\backups\alphatech_hardened_backup_v6_2026-07-14_2026-07-14T15-34-28-428Z.manifest.json
[2026-07-14T15:34:35.565Z] node: 📊 Tables exported: 70
[2026-07-14T15:34:35.583Z] node: 📦 Rows exported: 22280
[2026-07-14T15:34:35.600Z] node: 🔢 Sequences prepared: 67
[2026-07-14T15:34:35.606Z] node: 🔐 SHA256: b360f5b6dd6931d6709193c87a9b7fbad21bebaeef661fa3477de85a5269f314
[2026-07-14T15:34:35.619Z] node: 📐 File size: 7.53 MB
[2026-07-14T15:34:35.632Z] node: ⏱️ Duration: 8.48 seconds
[2026-07-14T15:34:35.653Z] node: ✅ Verification: PASS (70 tables checked)
[2026-07-14T15:34:35.673Z] ▶️  Run: node recovery/upload/uploadBackup.js --manifest D:\alpha-tech\server\backups\alphatech_hardened_backup_v6_2026-07-14_2026-07-14T15-34-28-428Z.manifest.json
[2026-07-14T15:34:35.805Z] node: [2026-07-14T15:34:35.799Z] ============================================================
[2026-07-14T15:34:35.818Z] node: [2026-07-14T15:34:35.818Z] AlphaTech Recovery Upload ALPHATECH-RECOVERY-UPLOAD-V2-S3-COMPATIBLE
[2026-07-14T15:34:35.841Z] node: [2026-07-14T15:34:35.820Z] ============================================================
[2026-07-14T15:34:36.388Z] node stderr: (node:26128) Warning: NodeVersionSupportWarning: The AWS SDK for JavaScript (v3)
[2026-07-14T15:34:36.392Z] node stderr: versions published after the first week of January 2027
[2026-07-14T15:34:36.401Z] node stderr: will require node >=22. You are running node v20.19.0.
[2026-07-14T15:34:36.405Z] node stderr: To continue receiving updates to AWS services, bug fixes,
[2026-07-14T15:34:36.408Z] node stderr: and security updates please upgrade to node >=22.
[2026-07-14T15:34:36.421Z] node stderr: More information can be found at: https://a.co/c895JFp
[2026-07-14T15:34:36.422Z] node stderr: (Use `node --trace-warnings ...` to show where the warning was created)
[2026-07-14T15:34:41.424Z] node: [2026-07-14T15:34:41.423Z] JSON report: D:\alpha-tech\server\recovery\reports\upload-report-2026-07-14T15-34-39-763Z.json
[2026-07-14T15:34:41.470Z] node: [2026-07-14T15:34:41.428Z] TXT report: D:\alpha-tech\server\recovery\reports\upload-report-2026-07-14T15-34-39-763Z.txt
[2026-07-14T15:34:41.480Z] node: [2026-07-14T15:34:41.431Z] Overall: PASS
[2026-07-14T15:34:42.689Z] ------------------------------------------------------------
[2026-07-14T15:34:42.694Z] Target      : cloudflare-r2
[2026-07-14T15:34:42.701Z] Bucket      : saduaksabuy-recovery
[2026-07-14T15:34:42.710Z] Prefix      : alphatech-production/
[2026-07-14T15:34:42.714Z] Retention   : 7 day(s)
[2026-07-14T15:34:42.726Z] Mode        : APPLY
[2026-07-14T15:34:42.729Z] Scanned     : 88
[2026-07-14T15:34:42.736Z] Candidates  : 0
[2026-07-14T15:34:42.741Z] Deleted     : 0
[2026-07-14T15:34:42.747Z] Remaining   : 88
[2026-07-14T15:34:42.752Z] Failed      : 0
[2026-07-14T15:34:42.763Z] ▶️  Run: node recovery/retention/retentionPolicy.js --apply
[2026-07-14T15:34:42.861Z] node: [2026-07-14T15:34:42.855Z] ============================================================
[2026-07-14T15:34:42.868Z] node: [2026-07-14T15:34:42.865Z] 🧹 AlphaTech Recovery Retention ALPHATECH-RECOVERY-RETENTION-V1
[2026-07-14T15:34:42.882Z] node: [2026-07-14T15:34:42.869Z] ============================================================
[2026-07-14T15:34:42.883Z] node: [2026-07-14T15:34:42.871Z] Mode: APPLY
[2026-07-14T15:34:42.895Z] node: [2026-07-14T15:34:42.895Z] ------------------------------------------------------------
[2026-07-14T15:34:42.897Z] node: [2026-07-14T15:34:42.897Z] Target      : local-backups
[2026-07-14T15:34:42.898Z] node: [2026-07-14T15:34:42.898Z] Directory   : D:\alpha-tech\server\backups
[2026-07-14T15:34:42.899Z] node: [2026-07-14T15:34:42.899Z] Retention   : 3 day(s)
[2026-07-14T15:34:42.901Z] node: [2026-07-14T15:34:42.900Z] Scanned     : 36
[2026-07-14T15:34:42.902Z] node: [2026-07-14T15:34:42.902Z] Candidates  : 2
[2026-07-14T15:34:42.903Z] node: [2026-07-14T15:34:42.902Z] Deleted     : 2
[2026-07-14T15:34:42.904Z] node: [2026-07-14T15:34:42.904Z] Remaining   : 34
[2026-07-14T15:34:42.918Z] node: [2026-07-14T15:34:42.919Z] Failed      : 0
[2026-07-14T15:34:42.926Z] node: [2026-07-14T15:34:42.926Z] ------------------------------------------------------------
[2026-07-14T15:34:42.928Z] node: [2026-07-14T15:34:42.927Z] Target      : offsite-local-mirror
[2026-07-14T15:34:42.933Z] node: [2026-07-14T15:34:42.929Z] Directory   : D:\alpha-tech\server\recovery\offsite
[2026-07-14T15:34:42.934Z] node: [2026-07-14T15:34:42.929Z] Retention   : 7 day(s)
[2026-07-14T15:34:42.934Z] node: [2026-07-14T15:34:42.930Z] Scanned     : 0
[2026-07-14T15:34:42.935Z] node: [2026-07-14T15:34:42.930Z] Candidates  : 0
[2026-07-14T15:34:42.935Z] node: [2026-07-14T15:34:42.931Z] Deleted     : 0
[2026-07-14T15:34:42.936Z] node: [2026-07-14T15:34:42.932Z] Remaining   : 0
[2026-07-14T15:34:42.942Z] node: [2026-07-14T15:34:42.932Z] Failed      : 0
[2026-07-14T15:34:42.953Z] node: [2026-07-14T15:34:42.950Z] 🧾 JSON report: D:\alpha-tech\server\recovery\reports\retention-report-2026-07-14T15-34-42-932Z.json
[2026-07-14T15:34:42.961Z] node: [2026-07-14T15:34:42.961Z] 🧾 TXT report: D:\alpha-tech\server\recovery\reports\retention-report-2026-07-14T15-34-42-932Z.txt
[2026-07-14T15:34:42.962Z] node: [2026-07-14T15:34:42.963Z] ✅ Overall: PASS
[2026-07-14T15:34:42.975Z] ▶️  Run: node qbrs.js --manifest D:\alpha-tech\server\backups\alphatech_hardened_backup_v6_2026-07-14_2026-07-14T15-34-28-428Z.manifest.json --init --yes --reset-schema
[2026-07-14T15:34:43.322Z] node: [2026-07-14T15:34:43.321Z] ============================================================
[2026-07-14T15:34:43.326Z] node: [2026-07-14T15:34:43.326Z] 🚑 AlphaTech Restore Tool P1-HARDENED-RESTORE-V3-NODE-PG
[2026-07-14T15:34:43.330Z] node: [2026-07-14T15:34:43.327Z] ============================================================
[2026-07-14T15:34:43.365Z] node: [2026-07-14T15:34:43.366Z] ✅ Manifest loaded.
[2026-07-14T15:34:43.366Z] node: [2026-07-14T15:34:43.366Z] ✅ SQL file: D:\alpha-tech\server\backups\alphatech_hardened_backup_v6_2026-07-14_2026-07-14T15-34-28-428Z.sql
[2026-07-14T15:34:43.369Z] node: [2026-07-14T15:34:43.367Z] ✅ SHA256 verified: b360f5b6dd6931d6709193c87a9b7fbad21bebaeef661fa3477de85a5269f314
[2026-07-14T15:34:43.376Z] node: [2026-07-14T15:34:43.376Z] 🎯 Target DB: postgresql://postgres:***@db.engqdeyzbvnmxbnpemau.supabase.co:5432/postgres
[2026-07-14T15:34:43.379Z] node: [2026-07-14T15:34:43.379Z] 🎯 Host: db.engqdeyzbvnmxbnpemau.supabase.co
[2026-07-14T15:34:43.381Z] node: [2026-07-14T15:34:43.381Z] 🎯 Port: 5432
[2026-07-14T15:34:43.383Z] node: [2026-07-14T15:34:43.383Z] 🎯 Database: postgres
[2026-07-14T15:34:43.386Z] node: [2026-07-14T15:34:43.386Z] 🎯 Schema: public
[2026-07-14T15:34:43.810Z] node: [2026-07-14T15:34:43.810Z] 🔌 Connected to target PostgreSQL successfully.
[2026-07-14T15:34:47.057Z] node: [2026-07-14T15:34:47.057Z] 📊 Existing tables: 70
[2026-07-14T15:34:47.071Z] node: [2026-07-14T15:34:47.057Z] 📦 Existing rows: 22278
[2026-07-14T15:34:47.081Z] node: [2026-07-14T15:34:47.058Z] 🔎 Product: 1709
[2026-07-14T15:34:47.084Z] node: [2026-07-14T15:34:47.058Z] 🔎 BranchPrice: 1707
[2026-07-14T15:34:47.089Z] node: [2026-07-14T15:34:47.066Z] 🔎 StockItem: 2445
[2026-07-14T15:34:47.099Z] node: [2026-07-14T15:34:47.090Z] 🔎 Sale: 12
[2026-07-14T15:34:47.105Z] node: [2026-07-14T15:34:47.093Z] 🔎 SaleItem: 27
[2026-07-14T15:34:47.116Z] node: [2026-07-14T15:34:47.093Z] 🔎 SaleItemSimple: 0
[2026-07-14T15:34:47.234Z] node: [2026-07-14T15:34:47.097Z] 🔎 Payment: 6
[2026-07-14T15:34:47.300Z] node: [2026-07-14T15:34:47.098Z] 🔎 PaymentItem: 6
[2026-07-14T15:34:47.583Z] node: [2026-07-14T15:34:47.584Z] 🧨 Resetting target schema "public" before restore...
[2026-07-14T15:34:47.584Z] node: [2026-07-14T15:34:47.584Z] 🛡️ This action is intended for Recovery / Standby DB only.
[2026-07-14T15:34:48.243Z] node: [2026-07-14T15:34:48.243Z] ✅ Schema "public" reset completed.
[2026-07-14T15:34:48.293Z] node: [2026-07-14T15:34:48.294Z] 🧱 Running Prisma db push against Recovery DB only...
[2026-07-14T15:34:48.295Z] node: [2026-07-14T15:34:48.294Z] 🛡️ DATABASE_URL is injected from RESTORE_DATABASE_URL/RECOVERY_DATABASE_URL for this process only.
[2026-07-14T15:34:52.880Z] node: [2026-07-14T15:34:52.881Z] npx stderr: Environment variables loaded from .env
[2026-07-14T15:34:52.885Z] node: [2026-07-14T15:34:52.885Z] npx: Prisma schema loaded from prisma\schema.prisma
[2026-07-14T15:34:53.030Z] node: [2026-07-14T15:34:53.030Z] npx: Datasource "db": PostgreSQL database "postgres", schema "public" at "db.engqdeyzbvnmxbnpemau.supabase.co:5432"
[2026-07-14T15:35:10.043Z] node: [2026-07-14T15:35:10.043Z] npx: Your database is now in sync with your Prisma schema. Done in 16.40s
[2026-07-14T15:35:10.050Z] node: [2026-07-14T15:35:10.050Z] npx: Running generate... (Use --skip-generate to skip the generators)
[2026-07-14T15:35:11.608Z] node: [2026-07-14T15:35:11.608Z] npx: [2K[1A[2K[GRunning generate... - Prisma Client
[2026-07-14T15:35:12.980Z] node: [2026-07-14T15:35:12.980Z] npx: [2K[1A[2K[GEPERM: operation not permitted, rename 'D:\alpha-tech\server\node_modules\.prism
[2026-07-14T15:35:12.980Z] node: [2026-07-14T15:35:12.980Z] npx: a\client\query_engine-windows.dll.node.tmp34404' -> 'D:\alpha-tech\server\node_m
[2026-07-14T15:35:12.981Z] node: [2026-07-14T15:35:12.980Z] npx: odules\.prisma\client\query_engine-windows.dll.node'
[2026-07-14T15:35:13.154Z] node: [2026-07-14T15:35:13.155Z] ✅ Prisma db push completed for Recovery DB.
[2026-07-14T15:35:16.375Z] node: [2026-07-14T15:35:16.374Z] 📊 Existing tables: 70
[2026-07-14T15:35:16.376Z] node: [2026-07-14T15:35:16.375Z] 📦 Existing rows: 0
[2026-07-14T15:35:16.379Z] node: [2026-07-14T15:35:16.378Z] 🔎 Product: 0
[2026-07-14T15:35:16.383Z] node: [2026-07-14T15:35:16.383Z] 🔎 BranchPrice: 0
[2026-07-14T15:35:16.387Z] node: [2026-07-14T15:35:16.387Z] 🔎 StockItem: 0
[2026-07-14T15:35:16.395Z] node: [2026-07-14T15:35:16.395Z] 🔎 Sale: 0
[2026-07-14T15:35:16.399Z] node: [2026-07-14T15:35:16.399Z] 🔎 SaleItem: 0
[2026-07-14T15:35:16.402Z] node: [2026-07-14T15:35:16.402Z] 🔎 SaleItemSimple: 0
[2026-07-14T15:35:16.409Z] node: [2026-07-14T15:35:16.409Z] 🔎 Payment: 0
[2026-07-14T15:35:16.413Z] node: [2026-07-14T15:35:16.413Z] 🔎 PaymentItem: 0
[2026-07-14T15:35:16.505Z] node: [2026-07-14T15:35:16.505Z] 📖 SQL loaded into memory (7.53 MB).
[2026-07-14T15:35:16.507Z] node: [2026-07-14T15:35:16.507Z] 🚚 Starting SQL restore via Node.js pg client...
[2026-07-14T15:35:20.347Z] node: [2026-07-14T15:35:20.347Z] ✅ SQL restore completed via Node.js pg client.
[2026-07-14T15:35:23.099Z] node: [2026-07-14T15:35:23.099Z] ✅ Restore verification PASS (70 tables checked).
[2026-07-14T15:35:23.102Z] node: [2026-07-14T15:35:23.100Z] 🎉 Restore completed successfully in 39.78 seconds.
[2026-07-14T15:35:23.125Z] ▶️  Run: node recovery/verify/qbv.js
[2026-07-14T15:35:23.275Z] node: [2026-07-14T15:35:23.273Z] ============================================================
[2026-07-14T15:35:23.282Z] node: [2026-07-14T15:35:23.282Z] 🔎 AlphaTech Integrity Verification ALPHATECH-RECOVERY-VERIFY-V1
[2026-07-14T15:35:23.284Z] node: [2026-07-14T15:35:23.284Z] ============================================================
[2026-07-14T15:35:23.286Z] node: [2026-07-14T15:35:23.286Z] Collecting Production snapshot...
[2026-07-14T15:35:34.063Z] node: [2026-07-14T15:35:34.063Z] Collecting Recovery snapshot...
[2026-07-14T15:35:44.793Z] node: [2026-07-14T15:35:44.793Z] Comparing snapshots...
[2026-07-14T15:35:44.817Z] node: [2026-07-14T15:35:44.817Z] 🧾 JSON report: D:\alpha-tech\server\recovery\reports\verification-report_2026-07-14T15-35-44-808Z.json
[2026-07-14T15:35:44.823Z] node: [2026-07-14T15:35:44.819Z] 🧾 TXT report: D:\alpha-tech\server\recovery\reports\verification-report_2026-07-14T15-35-44-808Z.txt
[2026-07-14T15:35:44.828Z] node: [2026-07-14T15:35:44.821Z] ✅ Overall: PASS
[2026-07-14T15:35:45.318Z] 🧾 Job manifest: D:\alpha-tech\server\recovery\jobs\job-2026-07-14T15-34-22-950Z.json
[2026-07-14T15:35:45.339Z] ✅ Job result: PASS exitCode=0
