[2026-07-21T01:39:48.744Z] ============================================================
[2026-07-21T01:39:48.751Z] 🧭 AlphaTech Recovery Retention Workflow ALPHATECH-RECOVERY-JOB-RUNNER-V7-R2-RETENTION
[2026-07-21T01:39:48.751Z] ============================================================
[2026-07-21T01:39:48.751Z] Mode: backup-workflow
[2026-07-21T01:39:48.752Z] ▶️  Run: node recovery/health/healthCheck.js
[2026-07-21T01:39:48.956Z] node: [2026-07-21T01:39:48.952Z] ============================================================
[2026-07-21T01:39:48.957Z] node: [2026-07-21T01:39:48.956Z] 🩺 AlphaTech Recovery Health Check ALPHATECH-RECOVERY-HEALTH-CHECK-V1
[2026-07-21T01:39:48.957Z] node: [2026-07-21T01:39:48.956Z] ============================================================
[2026-07-21T01:39:49.831Z] node: [2026-07-21T01:39:49.830Z] 🧾 JSON report: D:\alpha-tech\server\recovery\reports\health-check-2026-07-21T01-39-49-820Z.json
[2026-07-21T01:39:49.831Z] node: [2026-07-21T01:39:49.830Z] 🧾 TXT report: D:\alpha-tech\server\recovery\reports\health-check-2026-07-21T01-39-49-820Z.txt
[2026-07-21T01:39:49.832Z] node: [2026-07-21T01:39:49.830Z] ✅ Overall: PASS
[2026-07-21T01:39:49.857Z] ▶️  Run: node qb.js
[2026-07-21T01:39:50.297Z] node: 🔌 Connected to PostgreSQL successfully.
[2026-07-21T01:39:50.306Z] node: ⏳ Starting P1 Hardened Backup v6 Type-aware + generic self-reference FK safe restore...
[2026-07-21T01:39:54.011Z] node: 📦 Exporting table: Bank
[2026-07-21T01:39:54.050Z] node: 📦 Exporting table: Brand
[2026-07-21T01:39:54.094Z] node: 📦 Exporting table: Category
[2026-07-21T01:39:54.158Z] node: 📦 Exporting table: GlobalProductType
[2026-07-21T01:39:54.227Z] node: 📦 Exporting table: Position
[2026-07-21T01:39:54.263Z] node: 📦 Exporting table: Province
[2026-07-21T01:39:54.301Z] node: 📦 Exporting table: District
[2026-07-21T01:39:54.372Z] node: 📦 Exporting table: Subdistrict
[2026-07-21T01:39:54.569Z] node: 📦 Exporting table: Branch
[2026-07-21T01:39:54.608Z] node: 📦 Exporting table: BarcodeCounter
[2026-07-21T01:39:54.644Z] node: 📦 Exporting table: PaymentCodeCounter
[2026-07-21T01:39:54.681Z] node: 📦 Exporting table: ProductType
[2026-07-21T01:39:54.722Z] node: 📦 Exporting table: ProductTypeBrand
[2026-07-21T01:39:54.764Z] node: 📦 Exporting table: Supplier
[2026-07-21T01:39:54.802Z] node: 📦 Exporting table: Unit
[2026-07-21T01:39:54.839Z] node: 📦 Exporting table: Product
[2026-07-21T01:39:54.981Z] node: 📦 Exporting table: BranchPrice
[2026-07-21T01:39:55.073Z] node: 📦 Exporting table: ProductImage
[2026-07-21T01:39:55.109Z] node: 📦 Exporting table: StockBalance
[2026-07-21T01:39:55.172Z] node: 📦 Exporting table: User
[2026-07-21T01:39:55.213Z] node: 📦 Exporting table: CustomerProfile
[2026-07-21T01:39:55.259Z] node: 📦 Exporting table: Cart
[2026-07-21T01:39:55.295Z] node: 📦 Exporting table: CartItem
[2026-07-21T01:39:55.332Z] node: 📦 Exporting table: EmployeeProfile
[2026-07-21T01:39:55.369Z] node: 📦 Exporting table: CombinedBillingDocument
[2026-07-21T01:39:55.405Z] node: 📦 Exporting table: CombinedSaleDocument
[2026-07-21T01:39:55.441Z] node: 📦 Exporting table: CustomerDeposit
[2026-07-21T01:39:55.477Z] node: 📦 Exporting table: CustomerReceipts
[2026-07-21T01:39:55.514Z] node: 📦 Exporting table: InputTaxFilingBatch
[2026-07-21T01:39:55.550Z] node: 📦 Exporting table: Order
[2026-07-21T01:39:55.586Z] node: 📦 Exporting table: OrderOnline
[2026-07-21T01:39:55.623Z] node: 📦 Exporting table: OrderOnlineItem
[2026-07-21T01:39:55.659Z] node: 📦 Exporting table: PasswordResetToken
[2026-07-21T01:39:55.696Z] node: 📦 Exporting table: ProductOnOrder
[2026-07-21T01:39:55.733Z] node: 📦 Exporting table: PurchaseOrder
[2026-07-21T01:39:55.770Z] node: 📦 Exporting table: PurchaseOrderItem
[2026-07-21T01:39:55.810Z] node: 📦 Exporting table: PurchaseOrderReceipt
[2026-07-21T01:39:55.848Z] node: 📦 Exporting table: InputTaxFilingItem
[2026-07-21T01:39:55.884Z] node: 📦 Exporting table: PurchaseOrderReceiptItem
[2026-07-21T01:39:55.923Z] node: 📦 Exporting table: RefreshToken
[2026-07-21T01:39:56.158Z] node: 📦 Exporting table: Sale
[2026-07-21T01:39:56.199Z] node: 📦 Exporting table: CustomerReceiptAllocations
[2026-07-21T01:39:56.235Z] node: 📦 Exporting table: Payment
[2026-07-21T01:39:56.274Z] node: 📦 Exporting table: DepositUsage
[2026-07-21T01:39:56.310Z] node: 📦 Exporting table: PaymentItem
[2026-07-21T01:39:56.349Z] node: 📦 Exporting table: SaleReturn
[2026-07-21T01:39:56.389Z] node: 📦 Exporting table: RefundTransaction
[2026-07-21T01:39:56.425Z] node: 📦 Exporting table: SalesTaxFilingBatch
[2026-07-21T01:39:56.461Z] node: 📦 Exporting table: SalesTaxFilingItem
[2026-07-21T01:39:56.498Z] node: 📦 Exporting table: ServiceOrder
[2026-07-21T01:39:56.534Z] node: 📦 Exporting table: ServiceItem
[2026-07-21T01:39:56.570Z] node: 📦 Exporting table: SimpleLot
[2026-07-21T01:39:56.607Z] node: 📦 Exporting table: SaleItemSimple
[2026-07-21T01:39:56.643Z] node: 📦 Exporting table: SaleReturnItemSimple
[2026-07-21T01:39:56.683Z] node: 📦 Exporting table: StockAuditSession
[2026-07-21T01:39:56.719Z] node: 📦 Exporting table: StockItem
[2026-07-21T01:39:56.905Z] node: 📦 Exporting table: BarcodeReceiptItem
[2026-07-21T01:39:56.958Z] node: 📦 Exporting table: RepairJob
[2026-07-21T01:39:56.994Z] node: 📦 Exporting table: RepairPartItem
[2026-07-21T01:39:57.030Z] node: 📦 Exporting table: SaleItem
[2026-07-21T01:39:57.070Z] node: 📦 Exporting table: SaleReturnItem
[2026-07-21T01:39:57.107Z] node: 📦 Exporting table: StockAuditScanLog
[2026-07-21T01:39:57.144Z] node: 📦 Exporting table: StockAuditSnapshotItem
[2026-07-21T01:39:57.202Z] node: 📦 Exporting table: StockMovement
[2026-07-21T01:39:57.262Z] node: 📦 Exporting table: SupplierPayment
[2026-07-21T01:39:57.298Z] node: 📦 Exporting table: SupplierPaymentReceipt
[2026-07-21T01:39:57.334Z] node: 📦 Exporting table: V2CustomerDeposit
[2026-07-21T01:39:57.370Z] node: 📦 Exporting table: V2StockAudit
[2026-07-21T01:39:57.406Z] node: 📦 Exporting table: V2StockAuditItem
[2026-07-21T01:39:57.442Z] node: 📦 Exporting table: WarrantyClaim
[2026-07-21T01:40:00.097Z] node: 🎉 P1 Hardened Backup v6 Type-aware + generic self-reference FK safe restore completed successfully.
[2026-07-21T01:40:00.097Z] node: 💾 Backup file: D:\alpha-tech\server\backups\alphatech_hardened_backup_v6_2026-07-21_2026-07-21T01-39-53-982Z.sql
[2026-07-21T01:40:00.098Z] node: 🧾 Manifest file: D:\alpha-tech\server\backups\alphatech_hardened_backup_v6_2026-07-21_2026-07-21T01-39-53-982Z.manifest.json
[2026-07-21T01:40:00.099Z] node: 📊 Tables exported: 70
[2026-07-21T01:40:00.099Z] node: 📦 Rows exported: 25383
[2026-07-21T01:40:00.099Z] node: 🔢 Sequences prepared: 67
[2026-07-21T01:40:00.100Z] node: 🔐 SHA256: da25aa979485fb10a8ebabc3f9b662e8be696ed2017e28b660090cf55b44692d
[2026-07-21T01:40:00.100Z] node: 📐 File size: 8.92 MB
[2026-07-21T01:40:00.100Z] node: ⏱️ Duration: 7.53 seconds
[2026-07-21T01:40:00.101Z] node: ✅ Verification: PASS (70 tables checked)
[2026-07-21T01:40:00.159Z] ▶️  Run: node recovery/upload/uploadBackup.js --manifest D:\alpha-tech\server\backups\alphatech_hardened_backup_v6_2026-07-21_2026-07-21T01-39-53-982Z.manifest.json
[2026-07-21T01:40:00.248Z] node: [2026-07-21T01:40:00.243Z] ============================================================
[2026-07-21T01:40:00.250Z] node: [2026-07-21T01:40:00.249Z] AlphaTech Recovery Upload ALPHATECH-RECOVERY-UPLOAD-V2-S3-COMPATIBLE
[2026-07-21T01:40:00.250Z] node: [2026-07-21T01:40:00.250Z] ============================================================
[2026-07-21T01:40:00.536Z] node stderr: (node:27476) Warning: NodeVersionSupportWarning: The AWS SDK for JavaScript (v3)
[2026-07-21T01:40:00.536Z] node stderr: versions published after the first week of January 2027
[2026-07-21T01:40:00.537Z] node stderr: will require node >=22. You are running node v20.19.0.
[2026-07-21T01:40:00.537Z] node stderr: To continue receiving updates to AWS services, bug fixes,
[2026-07-21T01:40:00.538Z] node stderr: and security updates please upgrade to node >=22.
[2026-07-21T01:40:00.538Z] node stderr: More information can be found at: https://a.co/c895JFp
[2026-07-21T01:40:00.539Z] node stderr: (Use `node --trace-warnings ...` to show where the warning was created)
[2026-07-21T01:40:02.444Z] node: [2026-07-21T01:40:02.444Z] JSON report: D:\alpha-tech\server\recovery\reports\upload-report-2026-07-21T01-40-02-435Z.json
[2026-07-21T01:40:02.445Z] node: [2026-07-21T01:40:02.444Z] TXT report: D:\alpha-tech\server\recovery\reports\upload-report-2026-07-21T01-40-02-435Z.txt
[2026-07-21T01:40:02.446Z] node: [2026-07-21T01:40:02.445Z] Overall: PASS
[2026-07-21T01:40:03.504Z] ------------------------------------------------------------
[2026-07-21T01:40:03.504Z] Target      : cloudflare-r2
[2026-07-21T01:40:03.505Z] Bucket      : saduaksabuy-recovery
[2026-07-21T01:40:03.506Z] Prefix      : alphatech-production/
[2026-07-21T01:40:03.506Z] Retention   : 7 day(s)
[2026-07-21T01:40:03.507Z] Mode        : APPLY
[2026-07-21T01:40:03.508Z] Scanned     : 98
[2026-07-21T01:40:03.508Z] Candidates  : 12
[2026-07-21T01:40:03.509Z] Deleted     : 12
[2026-07-21T01:40:03.509Z] Remaining   : 86
[2026-07-21T01:40:03.509Z] Failed      : 0
[2026-07-21T01:40:03.510Z] ▶️  Run: node recovery/retention/retentionPolicy.js --apply
[2026-07-21T01:40:03.598Z] node: [2026-07-21T01:40:03.592Z] ============================================================
[2026-07-21T01:40:03.600Z] node: [2026-07-21T01:40:03.600Z] 🧹 AlphaTech Recovery Retention ALPHATECH-RECOVERY-RETENTION-V1
[2026-07-21T01:40:03.601Z] node: [2026-07-21T01:40:03.600Z] ============================================================
[2026-07-21T01:40:03.601Z] node: [2026-07-21T01:40:03.600Z] Mode: APPLY
[2026-07-21T01:40:03.609Z] node: [2026-07-21T01:40:03.608Z] ------------------------------------------------------------
[2026-07-21T01:40:03.610Z] node: [2026-07-21T01:40:03.609Z] Target      : local-backups
[2026-07-21T01:40:03.610Z] node: [2026-07-21T01:40:03.609Z] Directory   : D:\alpha-tech\server\backups
[2026-07-21T01:40:03.611Z] node: [2026-07-21T01:40:03.610Z] Retention   : 3 day(s)
[2026-07-21T01:40:03.611Z] node: [2026-07-21T01:40:03.610Z] Scanned     : 50
[2026-07-21T01:40:03.612Z] node: [2026-07-21T01:40:03.610Z] Candidates  : 0
[2026-07-21T01:40:03.612Z] node: [2026-07-21T01:40:03.611Z] Deleted     : 0
[2026-07-21T01:40:03.613Z] node: [2026-07-21T01:40:03.612Z] Remaining   : 50
[2026-07-21T01:40:03.613Z] node: [2026-07-21T01:40:03.612Z] Failed      : 0
[2026-07-21T01:40:03.614Z] node: [2026-07-21T01:40:03.613Z] ------------------------------------------------------------
[2026-07-21T01:40:03.614Z] node: [2026-07-21T01:40:03.613Z] Target      : offsite-local-mirror
[2026-07-21T01:40:03.615Z] node: [2026-07-21T01:40:03.613Z] Directory   : D:\alpha-tech\server\recovery\offsite
[2026-07-21T01:40:03.615Z] node: [2026-07-21T01:40:03.614Z] Retention   : 7 day(s)
[2026-07-21T01:40:03.615Z] node: [2026-07-21T01:40:03.614Z] Scanned     : 0
[2026-07-21T01:40:03.616Z] node: [2026-07-21T01:40:03.614Z] Candidates  : 0
[2026-07-21T01:40:03.616Z] node: [2026-07-21T01:40:03.615Z] Deleted     : 0
[2026-07-21T01:40:03.617Z] node: [2026-07-21T01:40:03.615Z] Remaining   : 0
[2026-07-21T01:40:03.617Z] node: [2026-07-21T01:40:03.615Z] Failed      : 0
[2026-07-21T01:40:03.619Z] node: [2026-07-21T01:40:03.618Z] 🧾 JSON report: D:\alpha-tech\server\recovery\reports\retention-report-2026-07-21T01-40-03-615Z.json
[2026-07-21T01:40:03.621Z] node: [2026-07-21T01:40:03.619Z] 🧾 TXT report: D:\alpha-tech\server\recovery\reports\retention-report-2026-07-21T01-40-03-615Z.txt
[2026-07-21T01:40:03.621Z] node: [2026-07-21T01:40:03.619Z] ✅ Overall: PASS
[2026-07-21T01:40:03.631Z] ▶️  Run: node qbrs.js --manifest D:\alpha-tech\server\backups\alphatech_hardened_backup_v6_2026-07-21_2026-07-21T01-39-53-982Z.manifest.json --init --yes --reset-schema
[2026-07-21T01:40:03.787Z] node: [2026-07-21T01:40:03.785Z] ============================================================
[2026-07-21T01:40:03.789Z] node: [2026-07-21T01:40:03.788Z] 🚑 AlphaTech Restore Tool P1-HARDENED-RESTORE-V3-NODE-PG
[2026-07-21T01:40:03.789Z] node: [2026-07-21T01:40:03.789Z] ============================================================
[2026-07-21T01:40:03.828Z] node: [2026-07-21T01:40:03.828Z] ✅ Manifest loaded.
[2026-07-21T01:40:03.829Z] node: [2026-07-21T01:40:03.829Z] ✅ SQL file: D:\alpha-tech\server\backups\alphatech_hardened_backup_v6_2026-07-21_2026-07-21T01-39-53-982Z.sql
[2026-07-21T01:40:03.830Z] node: [2026-07-21T01:40:03.829Z] ✅ SHA256 verified: da25aa979485fb10a8ebabc3f9b662e8be696ed2017e28b660090cf55b44692d
[2026-07-21T01:40:03.831Z] node: [2026-07-21T01:40:03.830Z] 🎯 Target DB: postgresql://postgres:***@db.engqdeyzbvnmxbnpemau.supabase.co:5432/postgres
[2026-07-21T01:40:03.831Z] node: [2026-07-21T01:40:03.831Z] 🎯 Host: db.engqdeyzbvnmxbnpemau.supabase.co
[2026-07-21T01:40:03.832Z] node: [2026-07-21T01:40:03.831Z] 🎯 Port: 5432
[2026-07-21T01:40:03.832Z] node: [2026-07-21T01:40:03.832Z] 🎯 Database: postgres
[2026-07-21T01:40:03.832Z] node: [2026-07-21T01:40:03.832Z] 🎯 Schema: public
[2026-07-21T01:40:04.187Z] node: [2026-07-21T01:40:04.187Z] 🔌 Connected to target PostgreSQL successfully.
[2026-07-21T01:40:07.434Z] node: [2026-07-21T01:40:07.434Z] 📊 Existing tables: 70
[2026-07-21T01:40:07.434Z] node: [2026-07-21T01:40:07.434Z] 📦 Existing rows: 25382
[2026-07-21T01:40:07.436Z] node: [2026-07-21T01:40:07.435Z] 🔎 Product: 1913
[2026-07-21T01:40:07.436Z] node: [2026-07-21T01:40:07.435Z] 🔎 BranchPrice: 1911
[2026-07-21T01:40:07.437Z] node: [2026-07-21T01:40:07.435Z] 🔎 StockItem: 3150
[2026-07-21T01:40:07.437Z] node: [2026-07-21T01:40:07.436Z] 🔎 Sale: 63
[2026-07-21T01:40:07.438Z] node: [2026-07-21T01:40:07.436Z] 🔎 SaleItem: 153
[2026-07-21T01:40:07.439Z] node: [2026-07-21T01:40:07.436Z] 🔎 SaleItemSimple: 0
[2026-07-21T01:40:07.439Z] node: [2026-07-21T01:40:07.436Z] 🔎 Payment: 46
[2026-07-21T01:40:07.439Z] node: [2026-07-21T01:40:07.437Z] 🔎 PaymentItem: 46
[2026-07-21T01:40:07.705Z] node: [2026-07-21T01:40:07.704Z] 🧨 Resetting target schema "public" before restore...
[2026-07-21T01:40:07.705Z] node: [2026-07-21T01:40:07.705Z] 🛡️ This action is intended for Recovery / Standby DB only.
[2026-07-21T01:40:08.294Z] node: [2026-07-21T01:40:08.294Z] ✅ Schema "public" reset completed.
[2026-07-21T01:40:08.331Z] node: [2026-07-21T01:40:08.330Z] 🧱 Running Prisma db push against Recovery DB only...
[2026-07-21T01:40:08.331Z] node: [2026-07-21T01:40:08.331Z] 🛡️ DATABASE_URL is injected from RESTORE_DATABASE_URL/RECOVERY_DATABASE_URL for this process only.
[2026-07-21T01:40:12.381Z] node: [2026-07-21T01:40:12.381Z] npx stderr: Environment variables loaded from .env
[2026-07-21T01:40:12.382Z] node: [2026-07-21T01:40:12.382Z] npx: Prisma schema loaded from prisma\schema.prisma
[2026-07-21T01:40:12.394Z] node: [2026-07-21T01:40:12.394Z] npx: Datasource "db": PostgreSQL database "postgres", schema "public" at "db.engqdeyzbvnmxbnpemau.supabase.co:5432"
[2026-07-21T01:40:27.480Z] node: [2026-07-21T01:40:27.480Z] npx: Your database is now in sync with your Prisma schema. Done in 14.47s
[2026-07-21T01:40:27.482Z] node: [2026-07-21T01:40:27.482Z] npx: Running generate... (Use --skip-generate to skip the generators)
[2026-07-21T01:40:28.418Z] node: [2026-07-21T01:40:28.418Z] npx: [2K[1A[2K[GRunning generate... - Prisma Client
[2026-07-21T01:40:29.735Z] node: [2026-07-21T01:40:29.735Z] npx: [2K[1A[2K[G✔ Generated Prisma Client (v6.16.2) to .\node_modules\.prisma\client in 1.31s
[2026-07-21T01:40:29.798Z] node: [2026-07-21T01:40:29.798Z] ✅ Prisma db push completed for Recovery DB.
[2026-07-21T01:40:32.697Z] node: [2026-07-21T01:40:32.696Z] 📊 Existing tables: 70
[2026-07-21T01:40:32.697Z] node: [2026-07-21T01:40:32.697Z] 📦 Existing rows: 0
[2026-07-21T01:40:32.699Z] node: [2026-07-21T01:40:32.697Z] 🔎 Product: 0
[2026-07-21T01:40:32.699Z] node: [2026-07-21T01:40:32.697Z] 🔎 BranchPrice: 0
[2026-07-21T01:40:32.700Z] node: [2026-07-21T01:40:32.698Z] 🔎 StockItem: 0
[2026-07-21T01:40:32.700Z] node: [2026-07-21T01:40:32.698Z] 🔎 Sale: 0
[2026-07-21T01:40:32.700Z] node: [2026-07-21T01:40:32.698Z] 🔎 SaleItem: 0
[2026-07-21T01:40:32.701Z] node: [2026-07-21T01:40:32.698Z] 🔎 SaleItemSimple: 0
[2026-07-21T01:40:32.701Z] node: [2026-07-21T01:40:32.699Z] 🔎 Payment: 0
[2026-07-21T01:40:32.701Z] node: [2026-07-21T01:40:32.699Z] 🔎 PaymentItem: 0
[2026-07-21T01:40:32.791Z] node: [2026-07-21T01:40:32.791Z] 📖 SQL loaded into memory (8.92 MB).
[2026-07-21T01:40:32.792Z] node: [2026-07-21T01:40:32.792Z] 🚚 Starting SQL restore via Node.js pg client...
[2026-07-21T01:40:36.931Z] node: [2026-07-21T01:40:36.931Z] ✅ SQL restore completed via Node.js pg client.
[2026-07-21T01:40:39.737Z] node: [2026-07-21T01:40:39.737Z] ✅ Restore verification PASS (70 tables checked).
[2026-07-21T01:40:39.738Z] node: [2026-07-21T01:40:39.738Z] 🎉 Restore completed successfully in 35.95 seconds.
[2026-07-21T01:40:39.754Z] ▶️  Run: node recovery/verify/qbv.js
[2026-07-21T01:40:39.919Z] node: [2026-07-21T01:40:39.917Z] ============================================================
[2026-07-21T01:40:39.921Z] node: [2026-07-21T01:40:39.921Z] 🔎 AlphaTech Integrity Verification ALPHATECH-RECOVERY-VERIFY-V1
[2026-07-21T01:40:39.922Z] node: [2026-07-21T01:40:39.922Z] ============================================================
[2026-07-21T01:40:39.922Z] node: [2026-07-21T01:40:39.922Z] Collecting Production snapshot...
[2026-07-21T01:40:51.107Z] node: [2026-07-21T01:40:51.107Z] Collecting Recovery snapshot...
[2026-07-21T01:41:02.144Z] node: [2026-07-21T01:41:02.144Z] Comparing snapshots...
[2026-07-21T01:41:02.159Z] node: [2026-07-21T01:41:02.159Z] 🧾 JSON report: D:\alpha-tech\server\recovery\reports\verification-report_2026-07-21T01-41-02-147Z.json
[2026-07-21T01:41:02.159Z] node: [2026-07-21T01:41:02.159Z] 🧾 TXT report: D:\alpha-tech\server\recovery\reports\verification-report_2026-07-21T01-41-02-147Z.txt
[2026-07-21T01:41:02.160Z] node: [2026-07-21T01:41:02.160Z] ✅ Overall: PASS
[2026-07-21T01:41:02.176Z] 🧾 Job manifest: D:\alpha-tech\server\recovery\jobs\job-2026-07-21T01-39-48-739Z.json
[2026-07-21T01:41:02.177Z] ✅ Job result: PASS exitCode=0
