[2026-07-22T15:34:22.581Z] ============================================================
[2026-07-22T15:34:22.589Z] 🧭 AlphaTech Recovery Retention Workflow ALPHATECH-RECOVERY-JOB-RUNNER-V7-R2-RETENTION
[2026-07-22T15:34:22.590Z] ============================================================
[2026-07-22T15:34:22.590Z] Mode: backup-workflow
[2026-07-22T15:34:22.591Z] ▶️  Run: node recovery/health/healthCheck.js
[2026-07-22T15:34:22.837Z] node: [2026-07-22T15:34:22.834Z] ============================================================
[2026-07-22T15:34:22.838Z] node: [2026-07-22T15:34:22.838Z] 🩺 AlphaTech Recovery Health Check ALPHATECH-RECOVERY-HEALTH-CHECK-V1
[2026-07-22T15:34:22.840Z] node: [2026-07-22T15:34:22.838Z] ============================================================
[2026-07-22T15:34:23.887Z] node: [2026-07-22T15:34:23.886Z] 🧾 JSON report: D:\alpha-tech\server\recovery\reports\health-check-2026-07-22T15-34-23-865Z.json
[2026-07-22T15:34:23.889Z] node: [2026-07-22T15:34:23.888Z] 🧾 TXT report: D:\alpha-tech\server\recovery\reports\health-check-2026-07-22T15-34-23-865Z.txt
[2026-07-22T15:34:23.890Z] node: [2026-07-22T15:34:23.888Z] ✅ Overall: PASS
[2026-07-22T15:34:23.926Z] ▶️  Run: node qb.js
[2026-07-22T15:34:24.633Z] node: 🔌 Connected to PostgreSQL successfully.
[2026-07-22T15:34:24.636Z] node: ⏳ Starting P1 Hardened Backup v6 Type-aware + generic self-reference FK safe restore...
[2026-07-22T15:34:28.635Z] node: 📦 Exporting table: Bank
[2026-07-22T15:34:28.675Z] node: 📦 Exporting table: Brand
[2026-07-22T15:34:28.723Z] node: 📦 Exporting table: Category
[2026-07-22T15:34:28.761Z] node: 📦 Exporting table: GlobalProductType
[2026-07-22T15:34:28.799Z] node: 📦 Exporting table: Position
[2026-07-22T15:34:28.838Z] node: 📦 Exporting table: Province
[2026-07-22T15:34:28.876Z] node: 📦 Exporting table: District
[2026-07-22T15:34:28.933Z] node: 📦 Exporting table: Subdistrict
[2026-07-22T15:34:29.140Z] node: 📦 Exporting table: Branch
[2026-07-22T15:34:29.180Z] node: 📦 Exporting table: BarcodeCounter
[2026-07-22T15:34:29.218Z] node: 📦 Exporting table: PaymentCodeCounter
[2026-07-22T15:34:29.255Z] node: 📦 Exporting table: ProductType
[2026-07-22T15:34:29.298Z] node: 📦 Exporting table: ProductTypeBrand
[2026-07-22T15:34:29.345Z] node: 📦 Exporting table: Supplier
[2026-07-22T15:34:29.383Z] node: 📦 Exporting table: Unit
[2026-07-22T15:34:29.422Z] node: 📦 Exporting table: Product
[2026-07-22T15:34:29.576Z] node: 📦 Exporting table: BranchPrice
[2026-07-22T15:34:29.674Z] node: 📦 Exporting table: ProductImage
[2026-07-22T15:34:29.715Z] node: 📦 Exporting table: StockBalance
[2026-07-22T15:34:29.784Z] node: 📦 Exporting table: User
[2026-07-22T15:34:29.829Z] node: 📦 Exporting table: CustomerProfile
[2026-07-22T15:34:29.877Z] node: 📦 Exporting table: Cart
[2026-07-22T15:34:29.915Z] node: 📦 Exporting table: CartItem
[2026-07-22T15:34:29.953Z] node: 📦 Exporting table: EmployeeProfile
[2026-07-22T15:34:29.990Z] node: 📦 Exporting table: CombinedBillingDocument
[2026-07-22T15:34:30.028Z] node: 📦 Exporting table: CombinedSaleDocument
[2026-07-22T15:34:30.065Z] node: 📦 Exporting table: CustomerDeposit
[2026-07-22T15:34:30.102Z] node: 📦 Exporting table: CustomerReceipts
[2026-07-22T15:34:30.141Z] node: 📦 Exporting table: InputTaxFilingBatch
[2026-07-22T15:34:30.179Z] node: 📦 Exporting table: Order
[2026-07-22T15:34:30.216Z] node: 📦 Exporting table: OrderOnline
[2026-07-22T15:34:30.253Z] node: 📦 Exporting table: OrderOnlineItem
[2026-07-22T15:34:30.291Z] node: 📦 Exporting table: PasswordResetToken
[2026-07-22T15:34:30.328Z] node: 📦 Exporting table: ProductOnOrder
[2026-07-22T15:34:30.366Z] node: 📦 Exporting table: PurchaseOrder
[2026-07-22T15:34:30.404Z] node: 📦 Exporting table: PurchaseOrderItem
[2026-07-22T15:34:30.446Z] node: 📦 Exporting table: PurchaseOrderReceipt
[2026-07-22T15:34:30.487Z] node: 📦 Exporting table: InputTaxFilingItem
[2026-07-22T15:34:30.524Z] node: 📦 Exporting table: PurchaseOrderReceiptItem
[2026-07-22T15:34:30.566Z] node: 📦 Exporting table: RefreshToken
[2026-07-22T15:34:30.826Z] node: 📦 Exporting table: Sale
[2026-07-22T15:34:30.874Z] node: 📦 Exporting table: CustomerReceiptAllocations
[2026-07-22T15:34:30.912Z] node: 📦 Exporting table: Payment
[2026-07-22T15:34:30.952Z] node: 📦 Exporting table: DepositUsage
[2026-07-22T15:34:30.991Z] node: 📦 Exporting table: PaymentItem
[2026-07-22T15:34:31.030Z] node: 📦 Exporting table: SaleReturn
[2026-07-22T15:34:31.067Z] node: 📦 Exporting table: RefundTransaction
[2026-07-22T15:34:31.105Z] node: 📦 Exporting table: SalesTaxFilingBatch
[2026-07-22T15:34:31.142Z] node: 📦 Exporting table: SalesTaxFilingItem
[2026-07-22T15:34:31.179Z] node: 📦 Exporting table: ServiceOrder
[2026-07-22T15:34:31.217Z] node: 📦 Exporting table: ServiceItem
[2026-07-22T15:34:31.255Z] node: 📦 Exporting table: SimpleLot
[2026-07-22T15:34:31.292Z] node: 📦 Exporting table: SaleItemSimple
[2026-07-22T15:34:31.330Z] node: 📦 Exporting table: SaleReturnItemSimple
[2026-07-22T15:34:31.367Z] node: 📦 Exporting table: StockAuditSession
[2026-07-22T15:34:31.405Z] node: 📦 Exporting table: StockItem
[2026-07-22T15:34:31.623Z] node: 📦 Exporting table: BarcodeReceiptItem
[2026-07-22T15:34:31.699Z] node: 📦 Exporting table: RepairJob
[2026-07-22T15:34:31.738Z] node: 📦 Exporting table: RepairPartItem
[2026-07-22T15:34:31.776Z] node: 📦 Exporting table: SaleItem
[2026-07-22T15:34:31.819Z] node: 📦 Exporting table: SaleReturnItem
[2026-07-22T15:34:31.856Z] node: 📦 Exporting table: StockAuditScanLog
[2026-07-22T15:34:31.893Z] node: 📦 Exporting table: StockAuditSnapshotItem
[2026-07-22T15:34:31.947Z] node: 📦 Exporting table: StockMovement
[2026-07-22T15:34:32.016Z] node: 📦 Exporting table: SupplierPayment
[2026-07-22T15:34:32.054Z] node: 📦 Exporting table: SupplierPaymentReceipt
[2026-07-22T15:34:32.093Z] node: 📦 Exporting table: V2CustomerDeposit
[2026-07-22T15:34:32.130Z] node: 📦 Exporting table: V2StockAudit
[2026-07-22T15:34:32.168Z] node: 📦 Exporting table: V2StockAuditItem
[2026-07-22T15:34:32.205Z] node: 📦 Exporting table: WarrantyClaim
[2026-07-22T15:34:34.965Z] node: 🎉 P1 Hardened Backup v6 Type-aware + generic self-reference FK safe restore completed successfully.
[2026-07-22T15:34:34.968Z] node: 💾 Backup file: D:\alpha-tech\server\backups\alphatech_hardened_backup_v6_2026-07-22_2026-07-22T15-34-28-593Z.sql
[2026-07-22T15:34:34.975Z] node: 🧾 Manifest file: D:\alpha-tech\server\backups\alphatech_hardened_backup_v6_2026-07-22_2026-07-22T15-34-28-593Z.manifest.json
[2026-07-22T15:34:35.017Z] node: 📊 Tables exported: 70
[2026-07-22T15:34:35.018Z] node: 📦 Rows exported: 27750
[2026-07-22T15:34:35.033Z] node: 🔢 Sequences prepared: 67
[2026-07-22T15:34:35.040Z] node: 🔐 SHA256: cab71e1074559f6dc2abeeb2c49508980b2aa1d304deb4d3e9bb3c13c478585a
[2026-07-22T15:34:35.044Z] node: 📐 File size: 9.99 MB
[2026-07-22T15:34:35.045Z] node: ⏱️ Duration: 7.99 seconds
[2026-07-22T15:34:35.054Z] node: ✅ Verification: PASS (70 tables checked)
[2026-07-22T15:34:35.083Z] ▶️  Run: node recovery/upload/uploadBackup.js --manifest D:\alpha-tech\server\backups\alphatech_hardened_backup_v6_2026-07-22_2026-07-22T15-34-28-593Z.manifest.json
[2026-07-22T15:34:35.344Z] node: [2026-07-22T15:34:35.329Z] ============================================================
[2026-07-22T15:34:35.360Z] node: [2026-07-22T15:34:35.360Z] AlphaTech Recovery Upload ALPHATECH-RECOVERY-UPLOAD-V2-S3-COMPATIBLE
[2026-07-22T15:34:35.373Z] node: [2026-07-22T15:34:35.368Z] ============================================================
[2026-07-22T15:34:35.893Z] node stderr: (node:21500) Warning: NodeVersionSupportWarning: The AWS SDK for JavaScript (v3)
[2026-07-22T15:34:35.929Z] node stderr: versions published after the first week of January 2027
[2026-07-22T15:34:35.936Z] node stderr: will require node >=22. You are running node v20.19.0.
[2026-07-22T15:34:35.942Z] node stderr: To continue receiving updates to AWS services, bug fixes,
[2026-07-22T15:34:35.949Z] node stderr: and security updates please upgrade to node >=22.
[2026-07-22T15:34:35.954Z] node stderr: More information can be found at: https://a.co/c895JFp
[2026-07-22T15:34:35.958Z] node stderr: (Use `node --trace-warnings ...` to show where the warning was created)
[2026-07-22T15:34:38.784Z] node: [2026-07-22T15:34:38.784Z] JSON report: D:\alpha-tech\server\recovery\reports\upload-report-2026-07-22T15-34-38-766Z.json
[2026-07-22T15:34:38.788Z] node: [2026-07-22T15:34:38.788Z] TXT report: D:\alpha-tech\server\recovery\reports\upload-report-2026-07-22T15-34-38-766Z.txt
[2026-07-22T15:34:38.789Z] node: [2026-07-22T15:34:38.789Z] Overall: PASS
[2026-07-22T15:34:39.967Z] ------------------------------------------------------------
[2026-07-22T15:34:39.968Z] Target      : cloudflare-r2
[2026-07-22T15:34:39.970Z] Bucket      : saduaksabuy-recovery
[2026-07-22T15:34:39.974Z] Prefix      : alphatech-production/
[2026-07-22T15:34:39.975Z] Retention   : 7 day(s)
[2026-07-22T15:34:39.975Z] Mode        : APPLY
[2026-07-22T15:34:39.975Z] Scanned     : 94
[2026-07-22T15:34:39.976Z] Candidates  : 0
[2026-07-22T15:34:39.976Z] Deleted     : 0
[2026-07-22T15:34:39.977Z] Remaining   : 94
[2026-07-22T15:34:39.977Z] Failed      : 0
[2026-07-22T15:34:39.978Z] ▶️  Run: node recovery/retention/retentionPolicy.js --apply
[2026-07-22T15:34:40.069Z] node: [2026-07-22T15:34:40.064Z] ============================================================
[2026-07-22T15:34:40.076Z] node: [2026-07-22T15:34:40.076Z] 🧹 AlphaTech Recovery Retention ALPHATECH-RECOVERY-RETENTION-V1
[2026-07-22T15:34:40.077Z] node: [2026-07-22T15:34:40.076Z] ============================================================
[2026-07-22T15:34:40.078Z] node: [2026-07-22T15:34:40.077Z] Mode: APPLY
[2026-07-22T15:34:40.091Z] node: [2026-07-22T15:34:40.091Z] ------------------------------------------------------------
[2026-07-22T15:34:40.095Z] node: [2026-07-22T15:34:40.095Z] Target      : local-backups
[2026-07-22T15:34:40.097Z] node: [2026-07-22T15:34:40.097Z] Directory   : D:\alpha-tech\server\backups
[2026-07-22T15:34:40.098Z] node: [2026-07-22T15:34:40.098Z] Retention   : 3 day(s)
[2026-07-22T15:34:40.099Z] node: [2026-07-22T15:34:40.099Z] Scanned     : 46
[2026-07-22T15:34:40.099Z] node: [2026-07-22T15:34:40.099Z] Candidates  : 0
[2026-07-22T15:34:40.100Z] node: [2026-07-22T15:34:40.100Z] Deleted     : 0
[2026-07-22T15:34:40.101Z] node: [2026-07-22T15:34:40.101Z] Remaining   : 46
[2026-07-22T15:34:40.101Z] node: [2026-07-22T15:34:40.101Z] Failed      : 0
[2026-07-22T15:34:40.103Z] node: [2026-07-22T15:34:40.103Z] ------------------------------------------------------------
[2026-07-22T15:34:40.103Z] node: [2026-07-22T15:34:40.103Z] Target      : offsite-local-mirror
[2026-07-22T15:34:40.106Z] node: [2026-07-22T15:34:40.106Z] Directory   : D:\alpha-tech\server\recovery\offsite
[2026-07-22T15:34:40.107Z] node: [2026-07-22T15:34:40.107Z] Retention   : 7 day(s)
[2026-07-22T15:34:40.108Z] node: [2026-07-22T15:34:40.108Z] Scanned     : 0
[2026-07-22T15:34:40.108Z] node: [2026-07-22T15:34:40.108Z] Candidates  : 0
[2026-07-22T15:34:40.109Z] node: [2026-07-22T15:34:40.109Z] Deleted     : 0
[2026-07-22T15:34:40.109Z] node: [2026-07-22T15:34:40.109Z] Remaining   : 0
[2026-07-22T15:34:40.110Z] node: [2026-07-22T15:34:40.110Z] Failed      : 0
[2026-07-22T15:34:40.126Z] node: [2026-07-22T15:34:40.126Z] 🧾 JSON report: D:\alpha-tech\server\recovery\reports\retention-report-2026-07-22T15-34-40-111Z.json
[2026-07-22T15:34:40.127Z] node: [2026-07-22T15:34:40.127Z] 🧾 TXT report: D:\alpha-tech\server\recovery\reports\retention-report-2026-07-22T15-34-40-111Z.txt
[2026-07-22T15:34:40.127Z] node: [2026-07-22T15:34:40.127Z] ✅ Overall: PASS
[2026-07-22T15:34:40.151Z] ▶️  Run: node qbrs.js --manifest D:\alpha-tech\server\backups\alphatech_hardened_backup_v6_2026-07-22_2026-07-22T15-34-28-593Z.manifest.json --init --yes --reset-schema
[2026-07-22T15:34:40.457Z] node: [2026-07-22T15:34:40.453Z] ============================================================
[2026-07-22T15:34:40.462Z] node: [2026-07-22T15:34:40.461Z] 🚑 AlphaTech Restore Tool P1-HARDENED-RESTORE-V3-NODE-PG
[2026-07-22T15:34:40.463Z] node: [2026-07-22T15:34:40.462Z] ============================================================
[2026-07-22T15:34:40.515Z] node: [2026-07-22T15:34:40.514Z] ✅ Manifest loaded.
[2026-07-22T15:34:40.517Z] node: [2026-07-22T15:34:40.515Z] ✅ SQL file: D:\alpha-tech\server\backups\alphatech_hardened_backup_v6_2026-07-22_2026-07-22T15-34-28-593Z.sql
[2026-07-22T15:34:40.519Z] node: [2026-07-22T15:34:40.515Z] ✅ SHA256 verified: cab71e1074559f6dc2abeeb2c49508980b2aa1d304deb4d3e9bb3c13c478585a
[2026-07-22T15:34:40.523Z] node: [2026-07-22T15:34:40.517Z] 🎯 Target DB: postgresql://postgres:***@db.engqdeyzbvnmxbnpemau.supabase.co:5432/postgres
[2026-07-22T15:34:40.524Z] node: [2026-07-22T15:34:40.519Z] 🎯 Host: db.engqdeyzbvnmxbnpemau.supabase.co
[2026-07-22T15:34:40.525Z] node: [2026-07-22T15:34:40.519Z] 🎯 Port: 5432
[2026-07-22T15:34:40.526Z] node: [2026-07-22T15:34:40.519Z] 🎯 Database: postgres
[2026-07-22T15:34:40.527Z] node: [2026-07-22T15:34:40.521Z] 🎯 Schema: public
[2026-07-22T15:34:40.927Z] node: [2026-07-22T15:34:40.927Z] 🔌 Connected to target PostgreSQL successfully.
[2026-07-22T15:34:44.473Z] node: [2026-07-22T15:34:44.473Z] 📊 Existing tables: 70
[2026-07-22T15:34:44.477Z] node: [2026-07-22T15:34:44.474Z] 📦 Existing rows: 27735
[2026-07-22T15:34:44.485Z] node: [2026-07-22T15:34:44.474Z] 🔎 Product: 2028
[2026-07-22T15:34:44.487Z] node: [2026-07-22T15:34:44.475Z] 🔎 BranchPrice: 2026
[2026-07-22T15:34:44.491Z] node: [2026-07-22T15:34:44.475Z] 🔎 StockItem: 3870
[2026-07-22T15:34:44.493Z] node: [2026-07-22T15:34:44.476Z] 🔎 Sale: 87
[2026-07-22T15:34:44.498Z] node: [2026-07-22T15:34:44.476Z] 🔎 SaleItem: 194
[2026-07-22T15:34:44.499Z] node: [2026-07-22T15:34:44.477Z] 🔎 SaleItemSimple: 0
[2026-07-22T15:34:44.501Z] node: [2026-07-22T15:34:44.479Z] 🔎 Payment: 65
[2026-07-22T15:34:44.502Z] node: [2026-07-22T15:34:44.482Z] 🔎 PaymentItem: 65
[2026-07-22T15:34:44.951Z] node: [2026-07-22T15:34:44.951Z] 🧨 Resetting target schema "public" before restore...
[2026-07-22T15:34:44.956Z] node: [2026-07-22T15:34:44.951Z] 🛡️ This action is intended for Recovery / Standby DB only.
[2026-07-22T15:34:45.501Z] node: [2026-07-22T15:34:45.494Z] ✅ Schema "public" reset completed.
[2026-07-22T15:34:45.534Z] node: [2026-07-22T15:34:45.534Z] 🧱 Running Prisma db push against Recovery DB only...
[2026-07-22T15:34:45.537Z] node: [2026-07-22T15:34:45.534Z] 🛡️ DATABASE_URL is injected from RESTORE_DATABASE_URL/RECOVERY_DATABASE_URL for this process only.
[2026-07-22T15:34:50.466Z] node: [2026-07-22T15:34:50.466Z] npx stderr: Environment variables loaded from .env
[2026-07-22T15:34:50.468Z] node: [2026-07-22T15:34:50.468Z] npx: Prisma schema loaded from prisma\schema.prisma
[2026-07-22T15:34:50.485Z] node: [2026-07-22T15:34:50.485Z] npx: Datasource "db": PostgreSQL database "postgres", schema "public" at "db.engqdeyzbvnmxbnpemau.supabase.co:5432"
[2026-07-22T15:35:05.207Z] node: [2026-07-22T15:35:05.207Z] npx: Your database is now in sync with your Prisma schema. Done in 14.11s
[2026-07-22T15:35:05.316Z] node: [2026-07-22T15:35:05.252Z] npx: Running generate... (Use --skip-generate to skip the generators)
[2026-07-22T15:35:07.485Z] node: [2026-07-22T15:35:07.485Z] npx: [2K[1A[2K[GRunning generate... - Prisma Client
[2026-07-22T15:35:08.802Z] node: [2026-07-22T15:35:08.802Z] npx: [2K[1A[2K[GEPERM: operation not permitted, rename 'D:\alpha-tech\server\node_modules\.prism
[2026-07-22T15:35:08.805Z] node: [2026-07-22T15:35:08.803Z] npx: a\client\query_engine-windows.dll.node.tmp17140' -> 'D:\alpha-tech\server\node_m
[2026-07-22T15:35:08.806Z] node: [2026-07-22T15:35:08.804Z] npx: odules\.prisma\client\query_engine-windows.dll.node'
[2026-07-22T15:35:08.869Z] node: [2026-07-22T15:35:08.869Z] ✅ Prisma db push completed for Recovery DB.
[2026-07-22T15:35:11.911Z] node: [2026-07-22T15:35:11.911Z] 📊 Existing tables: 70
[2026-07-22T15:35:11.912Z] node: [2026-07-22T15:35:11.911Z] 📦 Existing rows: 0
[2026-07-22T15:35:11.923Z] node: [2026-07-22T15:35:11.913Z] 🔎 Product: 0
[2026-07-22T15:35:11.929Z] node: [2026-07-22T15:35:11.913Z] 🔎 BranchPrice: 0
[2026-07-22T15:35:11.932Z] node: [2026-07-22T15:35:11.915Z] 🔎 StockItem: 0
[2026-07-22T15:35:11.942Z] node: [2026-07-22T15:35:11.915Z] 🔎 Sale: 0
[2026-07-22T15:35:11.943Z] node: [2026-07-22T15:35:11.925Z] 🔎 SaleItem: 0
[2026-07-22T15:35:11.943Z] node: [2026-07-22T15:35:11.926Z] 🔎 SaleItemSimple: 0
[2026-07-22T15:35:11.944Z] node: [2026-07-22T15:35:11.927Z] 🔎 Payment: 0
[2026-07-22T15:35:11.945Z] node: [2026-07-22T15:35:11.929Z] 🔎 PaymentItem: 0
[2026-07-22T15:35:12.061Z] node: [2026-07-22T15:35:12.061Z] 📖 SQL loaded into memory (9.99 MB).
[2026-07-22T15:35:12.063Z] node: [2026-07-22T15:35:12.061Z] 🚚 Starting SQL restore via Node.js pg client...
[2026-07-22T15:35:16.608Z] node: [2026-07-22T15:35:16.584Z] ✅ SQL restore completed via Node.js pg client.
[2026-07-22T15:35:19.636Z] node: [2026-07-22T15:35:19.636Z] ✅ Restore verification PASS (70 tables checked).
[2026-07-22T15:35:19.638Z] node: [2026-07-22T15:35:19.637Z] 🎉 Restore completed successfully in 39.18 seconds.
[2026-07-22T15:35:19.655Z] ▶️  Run: node recovery/verify/qbv.js
[2026-07-22T15:35:19.832Z] node: [2026-07-22T15:35:19.829Z] ============================================================
[2026-07-22T15:35:19.842Z] node: [2026-07-22T15:35:19.841Z] 🔎 AlphaTech Integrity Verification ALPHATECH-RECOVERY-VERIFY-V1
[2026-07-22T15:35:19.845Z] node: [2026-07-22T15:35:19.844Z] ============================================================
[2026-07-22T15:35:19.845Z] node: [2026-07-22T15:35:19.845Z] Collecting Production snapshot...
[2026-07-22T15:35:31.123Z] node: [2026-07-22T15:35:31.121Z] Collecting Recovery snapshot...
[2026-07-22T15:35:41.736Z] node: [2026-07-22T15:35:41.734Z] Comparing snapshots...
[2026-07-22T15:35:41.762Z] node: [2026-07-22T15:35:41.759Z] 🧾 JSON report: D:\alpha-tech\server\recovery\reports\verification-report_2026-07-22T15-35-41-742Z.json
[2026-07-22T15:35:41.769Z] node: [2026-07-22T15:35:41.762Z] 🧾 TXT report: D:\alpha-tech\server\recovery\reports\verification-report_2026-07-22T15-35-41-742Z.txt
[2026-07-22T15:35:41.771Z] node: [2026-07-22T15:35:41.762Z] ✅ Overall: PASS
[2026-07-22T15:35:41.791Z] 🧾 Job manifest: D:\alpha-tech\server\recovery\jobs\job-2026-07-22T15-34-22-573Z.json
[2026-07-22T15:35:41.792Z] ✅ Job result: PASS exitCode=0
