[2026-07-11T07:39:48.898Z] ============================================================
[2026-07-11T07:39:48.907Z] 🧭 AlphaTech Recovery Retention Workflow ALPHATECH-RECOVERY-JOB-RUNNER-V7-R2-RETENTION
[2026-07-11T07:39:48.907Z] ============================================================
[2026-07-11T07:39:48.907Z] Mode: backup-workflow
[2026-07-11T07:39:48.908Z] ▶️  Run: node recovery/health/healthCheck.js
[2026-07-11T07:39:49.101Z] node: [2026-07-11T07:39:49.099Z] ============================================================
[2026-07-11T07:39:49.102Z] node: [2026-07-11T07:39:49.102Z] 🩺 AlphaTech Recovery Health Check ALPHATECH-RECOVERY-HEALTH-CHECK-V1
[2026-07-11T07:39:49.103Z] node: [2026-07-11T07:39:49.103Z] ============================================================
[2026-07-11T07:39:49.941Z] node: [2026-07-11T07:39:49.941Z] 🧾 JSON report: D:\alpha-tech\server\recovery\reports\health-check-2026-07-11T07-39-49-931Z.json
[2026-07-11T07:39:49.942Z] node: [2026-07-11T07:39:49.941Z] 🧾 TXT report: D:\alpha-tech\server\recovery\reports\health-check-2026-07-11T07-39-49-931Z.txt
[2026-07-11T07:39:49.942Z] node: [2026-07-11T07:39:49.942Z] ✅ Overall: PASS
[2026-07-11T07:39:49.955Z] ▶️  Run: node qb.js
[2026-07-11T07:39:50.407Z] node: 🔌 Connected to PostgreSQL successfully.
[2026-07-11T07:39:50.416Z] node: ⏳ Starting P1 Hardened Backup v6 Type-aware + generic self-reference FK safe restore...
[2026-07-11T07:39:54.206Z] node: 📦 Exporting table: Bank
[2026-07-11T07:39:54.247Z] node: 📦 Exporting table: Brand
[2026-07-11T07:39:54.292Z] node: 📦 Exporting table: Category
[2026-07-11T07:39:54.331Z] node: 📦 Exporting table: GlobalProductType
[2026-07-11T07:39:54.369Z] node: 📦 Exporting table: Position
[2026-07-11T07:39:54.408Z] node: 📦 Exporting table: Province
[2026-07-11T07:39:54.447Z] node: 📦 Exporting table: District
[2026-07-11T07:39:54.536Z] node: 📦 Exporting table: Subdistrict
[2026-07-11T07:39:54.716Z] node: 📦 Exporting table: Branch
[2026-07-11T07:39:54.758Z] node: 📦 Exporting table: BarcodeCounter
[2026-07-11T07:39:54.797Z] node: 📦 Exporting table: PaymentCodeCounter
[2026-07-11T07:39:54.835Z] node: 📦 Exporting table: ProductType
[2026-07-11T07:39:54.877Z] node: 📦 Exporting table: ProductTypeBrand
[2026-07-11T07:39:54.918Z] node: 📦 Exporting table: Supplier
[2026-07-11T07:39:54.957Z] node: 📦 Exporting table: Unit
[2026-07-11T07:39:54.996Z] node: 📦 Exporting table: Product
[2026-07-11T07:39:55.080Z] node: 📦 Exporting table: BranchPrice
[2026-07-11T07:39:55.149Z] node: 📦 Exporting table: ProductImage
[2026-07-11T07:39:55.187Z] node: 📦 Exporting table: StockBalance
[2026-07-11T07:39:55.232Z] node: 📦 Exporting table: User
[2026-07-11T07:39:55.278Z] node: 📦 Exporting table: CustomerProfile
[2026-07-11T07:39:55.321Z] node: 📦 Exporting table: Cart
[2026-07-11T07:39:55.360Z] node: 📦 Exporting table: CartItem
[2026-07-11T07:39:55.398Z] node: 📦 Exporting table: EmployeeProfile
[2026-07-11T07:39:55.437Z] node: 📦 Exporting table: CombinedBillingDocument
[2026-07-11T07:39:55.475Z] node: 📦 Exporting table: CombinedSaleDocument
[2026-07-11T07:39:55.513Z] node: 📦 Exporting table: CustomerDeposit
[2026-07-11T07:39:55.551Z] node: 📦 Exporting table: CustomerReceipts
[2026-07-11T07:39:55.590Z] node: 📦 Exporting table: InputTaxFilingBatch
[2026-07-11T07:39:55.628Z] node: 📦 Exporting table: Order
[2026-07-11T07:39:55.666Z] node: 📦 Exporting table: OrderOnline
[2026-07-11T07:39:55.704Z] node: 📦 Exporting table: OrderOnlineItem
[2026-07-11T07:39:55.743Z] node: 📦 Exporting table: PasswordResetToken
[2026-07-11T07:39:55.781Z] node: 📦 Exporting table: ProductOnOrder
[2026-07-11T07:39:55.820Z] node: 📦 Exporting table: PurchaseOrder
[2026-07-11T07:39:55.858Z] node: 📦 Exporting table: PurchaseOrderItem
[2026-07-11T07:39:55.897Z] node: 📦 Exporting table: PurchaseOrderReceipt
[2026-07-11T07:39:55.935Z] node: 📦 Exporting table: InputTaxFilingItem
[2026-07-11T07:39:55.974Z] node: 📦 Exporting table: PurchaseOrderReceiptItem
[2026-07-11T07:39:56.012Z] node: 📦 Exporting table: RefreshToken
[2026-07-11T07:39:56.241Z] node: 📦 Exporting table: Sale
[2026-07-11T07:39:56.280Z] node: 📦 Exporting table: CustomerReceiptAllocations
[2026-07-11T07:39:56.319Z] node: 📦 Exporting table: Payment
[2026-07-11T07:39:56.357Z] node: 📦 Exporting table: DepositUsage
[2026-07-11T07:39:56.395Z] node: 📦 Exporting table: PaymentItem
[2026-07-11T07:39:56.434Z] node: 📦 Exporting table: SaleReturn
[2026-07-11T07:39:56.472Z] node: 📦 Exporting table: RefundTransaction
[2026-07-11T07:39:56.511Z] node: 📦 Exporting table: SalesTaxFilingBatch
[2026-07-11T07:39:56.548Z] node: 📦 Exporting table: SalesTaxFilingItem
[2026-07-11T07:39:56.587Z] node: 📦 Exporting table: ServiceOrder
[2026-07-11T07:39:56.625Z] node: 📦 Exporting table: ServiceItem
[2026-07-11T07:39:56.664Z] node: 📦 Exporting table: SimpleLot
[2026-07-11T07:39:56.702Z] node: 📦 Exporting table: SaleItemSimple
[2026-07-11T07:39:56.740Z] node: 📦 Exporting table: SaleReturnItemSimple
[2026-07-11T07:39:56.779Z] node: 📦 Exporting table: StockAuditSession
[2026-07-11T07:39:56.817Z] node: 📦 Exporting table: StockItem
[2026-07-11T07:39:56.894Z] node: 📦 Exporting table: BarcodeReceiptItem
[2026-07-11T07:39:56.933Z] node: 📦 Exporting table: RepairJob
[2026-07-11T07:39:56.971Z] node: 📦 Exporting table: RepairPartItem
[2026-07-11T07:39:57.009Z] node: 📦 Exporting table: SaleItem
[2026-07-11T07:39:57.048Z] node: 📦 Exporting table: SaleReturnItem
[2026-07-11T07:39:57.086Z] node: 📦 Exporting table: StockAuditScanLog
[2026-07-11T07:39:57.124Z] node: 📦 Exporting table: StockAuditSnapshotItem
[2026-07-11T07:39:57.163Z] node: 📦 Exporting table: StockMovement
[2026-07-11T07:39:57.208Z] node: 📦 Exporting table: SupplierPayment
[2026-07-11T07:39:57.247Z] node: 📦 Exporting table: SupplierPaymentReceipt
[2026-07-11T07:39:57.285Z] node: 📦 Exporting table: V2CustomerDeposit
[2026-07-11T07:39:57.324Z] node: 📦 Exporting table: V2StockAudit
[2026-07-11T07:39:57.362Z] node: 📦 Exporting table: V2StockAuditItem
[2026-07-11T07:39:57.401Z] node: 📦 Exporting table: WarrantyClaim
[2026-07-11T07:40:00.156Z] node: 🎉 P1 Hardened Backup v6 Type-aware + generic self-reference FK safe restore completed successfully.
[2026-07-11T07:40:00.157Z] node: 💾 Backup file: D:\alpha-tech\server\backups\alphatech_hardened_backup_v6_2026-07-11_2026-07-11T07-39-54-172Z.sql
[2026-07-11T07:40:00.158Z] node: 🧾 Manifest file: D:\alpha-tech\server\backups\alphatech_hardened_backup_v6_2026-07-11_2026-07-11T07-39-54-172Z.manifest.json
[2026-07-11T07:40:00.158Z] node: 📊 Tables exported: 70
[2026-07-11T07:40:00.158Z] node: 📦 Rows exported: 16844
[2026-07-11T07:40:00.159Z] node: 🔢 Sequences prepared: 67
[2026-07-11T07:40:00.159Z] node: 🔐 SHA256: 013b75ea7a9be3091c3062e074f1fccc26d732001725f65aa17c5e6de29dda45
[2026-07-11T07:40:00.159Z] node: 📐 File size: 5.17 MB
[2026-07-11T07:40:00.160Z] node: ⏱️ Duration: 7.37 seconds
[2026-07-11T07:40:00.160Z] node: ✅ Verification: PASS (70 tables checked)
[2026-07-11T07:40:00.221Z] ▶️  Run: node recovery/upload/uploadBackup.js --manifest D:\alpha-tech\server\backups\alphatech_hardened_backup_v6_2026-07-11_2026-07-11T07-39-54-172Z.manifest.json
[2026-07-11T07:40:00.305Z] node: [2026-07-11T07:40:00.300Z] ============================================================
[2026-07-11T07:40:00.307Z] node: [2026-07-11T07:40:00.307Z] AlphaTech Recovery Upload ALPHATECH-RECOVERY-UPLOAD-V2-S3-COMPATIBLE
[2026-07-11T07:40:00.307Z] node: [2026-07-11T07:40:00.307Z] ============================================================
[2026-07-11T07:40:00.531Z] node stderr: (node:19512) Warning: NodeVersionSupportWarning: The AWS SDK for JavaScript (v3)
[2026-07-11T07:40:00.531Z] node stderr: versions published after the first week of January 2027
[2026-07-11T07:40:00.532Z] node stderr: will require node >=22. You are running node v20.19.0.
[2026-07-11T07:40:00.533Z] node stderr: To continue receiving updates to AWS services, bug fixes,
[2026-07-11T07:40:00.533Z] node stderr: and security updates please upgrade to node >=22.
[2026-07-11T07:40:00.533Z] node stderr: More information can be found at: https://a.co/c895JFp
[2026-07-11T07:40:00.533Z] node stderr: (Use `node --trace-warnings ...` to show where the warning was created)
[2026-07-11T07:40:02.585Z] node: [2026-07-11T07:40:02.585Z] JSON report: D:\alpha-tech\server\recovery\reports\upload-report-2026-07-11T07-40-02-583Z.json
[2026-07-11T07:40:02.586Z] node: [2026-07-11T07:40:02.586Z] TXT report: D:\alpha-tech\server\recovery\reports\upload-report-2026-07-11T07-40-02-583Z.txt
[2026-07-11T07:40:02.588Z] node: [2026-07-11T07:40:02.586Z] Overall: PASS
[2026-07-11T07:40:03.042Z] ------------------------------------------------------------
[2026-07-11T07:40:03.042Z] Target      : cloudflare-r2
[2026-07-11T07:40:03.043Z] Bucket      : saduaksabuy-recovery
[2026-07-11T07:40:03.044Z] Prefix      : alphatech-production/
[2026-07-11T07:40:03.044Z] Retention   : 7 day(s)
[2026-07-11T07:40:03.044Z] Mode        : APPLY
[2026-07-11T07:40:03.044Z] Scanned     : 70
[2026-07-11T07:40:03.044Z] Candidates  : 0
[2026-07-11T07:40:03.045Z] Deleted     : 0
[2026-07-11T07:40:03.045Z] Remaining   : 70
[2026-07-11T07:40:03.045Z] Failed      : 0
[2026-07-11T07:40:03.046Z] ▶️  Run: node recovery/retention/retentionPolicy.js --apply
[2026-07-11T07:40:03.137Z] node: [2026-07-11T07:40:03.131Z] ============================================================
[2026-07-11T07:40:03.140Z] node: [2026-07-11T07:40:03.140Z] 🧹 AlphaTech Recovery Retention ALPHATECH-RECOVERY-RETENTION-V1
[2026-07-11T07:40:03.141Z] node: [2026-07-11T07:40:03.140Z] ============================================================
[2026-07-11T07:40:03.141Z] node: [2026-07-11T07:40:03.140Z] Mode: APPLY
[2026-07-11T07:40:03.151Z] node: [2026-07-11T07:40:03.150Z] ------------------------------------------------------------
[2026-07-11T07:40:03.151Z] node: [2026-07-11T07:40:03.151Z] Target      : local-backups
[2026-07-11T07:40:03.152Z] node: [2026-07-11T07:40:03.151Z] Directory   : D:\alpha-tech\server\backups
[2026-07-11T07:40:03.153Z] node: [2026-07-11T07:40:03.151Z] Retention   : 3 day(s)
[2026-07-11T07:40:03.154Z] node: [2026-07-11T07:40:03.152Z] Scanned     : 46
[2026-07-11T07:40:03.154Z] node: [2026-07-11T07:40:03.152Z] Candidates  : 2
[2026-07-11T07:40:03.155Z] node: [2026-07-11T07:40:03.152Z] Deleted     : 2
[2026-07-11T07:40:03.155Z] node: [2026-07-11T07:40:03.153Z] Remaining   : 44
[2026-07-11T07:40:03.156Z] node: [2026-07-11T07:40:03.155Z] Failed      : 0
[2026-07-11T07:40:03.156Z] node: [2026-07-11T07:40:03.155Z] ------------------------------------------------------------
[2026-07-11T07:40:03.156Z] node: [2026-07-11T07:40:03.156Z] Target      : offsite-local-mirror
[2026-07-11T07:40:03.157Z] node: [2026-07-11T07:40:03.156Z] Directory   : D:\alpha-tech\server\recovery\offsite
[2026-07-11T07:40:03.157Z] node: [2026-07-11T07:40:03.156Z] Retention   : 7 day(s)
[2026-07-11T07:40:03.157Z] node: [2026-07-11T07:40:03.157Z] Scanned     : 12
[2026-07-11T07:40:03.157Z] node: [2026-07-11T07:40:03.157Z] Candidates  : 0
[2026-07-11T07:40:03.158Z] node: [2026-07-11T07:40:03.157Z] Deleted     : 0
[2026-07-11T07:40:03.158Z] node: [2026-07-11T07:40:03.157Z] Remaining   : 12
[2026-07-11T07:40:03.158Z] node: [2026-07-11T07:40:03.158Z] Failed      : 0
[2026-07-11T07:40:03.160Z] node: [2026-07-11T07:40:03.160Z] 🧾 JSON report: D:\alpha-tech\server\recovery\reports\retention-report-2026-07-11T07-40-03-158Z.json
[2026-07-11T07:40:03.160Z] node: [2026-07-11T07:40:03.160Z] 🧾 TXT report: D:\alpha-tech\server\recovery\reports\retention-report-2026-07-11T07-40-03-158Z.txt
[2026-07-11T07:40:03.160Z] node: [2026-07-11T07:40:03.160Z] ✅ Overall: PASS
[2026-07-11T07:40:03.172Z] ▶️  Run: node qbrs.js --manifest D:\alpha-tech\server\backups\alphatech_hardened_backup_v6_2026-07-11_2026-07-11T07-39-54-172Z.manifest.json --init --yes --reset-schema
[2026-07-11T07:40:03.321Z] node: [2026-07-11T07:40:03.319Z] ============================================================
[2026-07-11T07:40:03.323Z] node: [2026-07-11T07:40:03.323Z] 🚑 AlphaTech Restore Tool P1-HARDENED-RESTORE-V3-NODE-PG
[2026-07-11T07:40:03.323Z] node: [2026-07-11T07:40:03.323Z] ============================================================
[2026-07-11T07:40:03.348Z] node: [2026-07-11T07:40:03.348Z] ✅ Manifest loaded.
[2026-07-11T07:40:03.348Z] node: [2026-07-11T07:40:03.348Z] ✅ SQL file: D:\alpha-tech\server\backups\alphatech_hardened_backup_v6_2026-07-11_2026-07-11T07-39-54-172Z.sql
[2026-07-11T07:40:03.348Z] node: [2026-07-11T07:40:03.348Z] ✅ SHA256 verified: 013b75ea7a9be3091c3062e074f1fccc26d732001725f65aa17c5e6de29dda45
[2026-07-11T07:40:03.349Z] node: [2026-07-11T07:40:03.349Z] 🎯 Target DB: postgresql://postgres:***@db.engqdeyzbvnmxbnpemau.supabase.co:5432/postgres
[2026-07-11T07:40:03.349Z] node: [2026-07-11T07:40:03.349Z] 🎯 Host: db.engqdeyzbvnmxbnpemau.supabase.co
[2026-07-11T07:40:03.350Z] node: [2026-07-11T07:40:03.350Z] 🎯 Port: 5432
[2026-07-11T07:40:03.350Z] node: [2026-07-11T07:40:03.350Z] 🎯 Database: postgres
[2026-07-11T07:40:03.350Z] node: [2026-07-11T07:40:03.350Z] 🎯 Schema: public
[2026-07-11T07:40:03.717Z] node: [2026-07-11T07:40:03.717Z] 🔌 Connected to target PostgreSQL successfully.
[2026-07-11T07:40:07.054Z] node: [2026-07-11T07:40:07.054Z] 📊 Existing tables: 70
[2026-07-11T07:40:07.054Z] node: [2026-07-11T07:40:07.054Z] 📦 Existing rows: 16484
[2026-07-11T07:40:07.055Z] node: [2026-07-11T07:40:07.054Z] 🔎 Product: 1081
[2026-07-11T07:40:07.056Z] node: [2026-07-11T07:40:07.055Z] 🔎 BranchPrice: 1079
[2026-07-11T07:40:07.056Z] node: [2026-07-11T07:40:07.055Z] 🔎 StockItem: 801
[2026-07-11T07:40:07.056Z] node: [2026-07-11T07:40:07.055Z] 🔎 Sale: 4
[2026-07-11T07:40:07.057Z] node: [2026-07-11T07:40:07.055Z] 🔎 SaleItem: 6
[2026-07-11T07:40:07.057Z] node: [2026-07-11T07:40:07.056Z] 🔎 SaleItemSimple: 0
[2026-07-11T07:40:07.057Z] node: [2026-07-11T07:40:07.056Z] 🔎 Payment: 2
[2026-07-11T07:40:07.058Z] node: [2026-07-11T07:40:07.056Z] 🔎 PaymentItem: 2
[2026-07-11T07:40:07.337Z] node: [2026-07-11T07:40:07.337Z] 🧨 Resetting target schema "public" before restore...
[2026-07-11T07:40:07.338Z] node: [2026-07-11T07:40:07.338Z] 🛡️ This action is intended for Recovery / Standby DB only.
[2026-07-11T07:40:07.886Z] node: [2026-07-11T07:40:07.886Z] ✅ Schema "public" reset completed.
[2026-07-11T07:40:07.924Z] node: [2026-07-11T07:40:07.925Z] 🧱 Running Prisma db push against Recovery DB only...
[2026-07-11T07:40:07.925Z] node: [2026-07-11T07:40:07.925Z] 🛡️ DATABASE_URL is injected from RESTORE_DATABASE_URL/RECOVERY_DATABASE_URL for this process only.
[2026-07-11T07:40:11.502Z] node: [2026-07-11T07:40:11.502Z] npx stderr: Environment variables loaded from .env
[2026-07-11T07:40:11.503Z] node: [2026-07-11T07:40:11.503Z] npx: Prisma schema loaded from prisma\schema.prisma
[2026-07-11T07:40:11.513Z] node: [2026-07-11T07:40:11.513Z] npx: Datasource "db": PostgreSQL database "postgres", schema "public" at "db.engqdeyzbvnmxbnpemau.supabase.co:5432"
[2026-07-11T07:40:27.860Z] node: [2026-07-11T07:40:27.860Z] npx: Your database is now in sync with your Prisma schema. Done in 15.77s
[2026-07-11T07:40:27.862Z] node: [2026-07-11T07:40:27.862Z] npx: Running generate... (Use --skip-generate to skip the generators)
[2026-07-11T07:40:28.884Z] node: [2026-07-11T07:40:28.884Z] npx: [2K[1A[2K[GRunning generate... - Prisma Client
[2026-07-11T07:40:30.163Z] node: [2026-07-11T07:40:30.163Z] npx: [2K[1A[2K[G✔ Generated Prisma Client (v6.16.2) to .\node_modules\.prisma\client in 1.27s
[2026-07-11T07:40:30.220Z] node: [2026-07-11T07:40:30.220Z] ✅ Prisma db push completed for Recovery DB.
[2026-07-11T07:40:33.364Z] node: [2026-07-11T07:40:33.364Z] 📊 Existing tables: 70
[2026-07-11T07:40:33.364Z] node: [2026-07-11T07:40:33.364Z] 📦 Existing rows: 0
[2026-07-11T07:40:33.365Z] node: [2026-07-11T07:40:33.365Z] 🔎 Product: 0
[2026-07-11T07:40:33.366Z] node: [2026-07-11T07:40:33.365Z] 🔎 BranchPrice: 0
[2026-07-11T07:40:33.366Z] node: [2026-07-11T07:40:33.365Z] 🔎 StockItem: 0
[2026-07-11T07:40:33.367Z] node: [2026-07-11T07:40:33.365Z] 🔎 Sale: 0
[2026-07-11T07:40:33.368Z] node: [2026-07-11T07:40:33.365Z] 🔎 SaleItem: 0
[2026-07-11T07:40:33.369Z] node: [2026-07-11T07:40:33.365Z] 🔎 SaleItemSimple: 0
[2026-07-11T07:40:33.369Z] node: [2026-07-11T07:40:33.366Z] 🔎 Payment: 0
[2026-07-11T07:40:33.370Z] node: [2026-07-11T07:40:33.366Z] 🔎 PaymentItem: 0
[2026-07-11T07:40:33.419Z] node: [2026-07-11T07:40:33.419Z] 📖 SQL loaded into memory (5.17 MB).
[2026-07-11T07:40:33.419Z] node: [2026-07-11T07:40:33.419Z] 🚚 Starting SQL restore via Node.js pg client...
[2026-07-11T07:40:36.078Z] node: [2026-07-11T07:40:36.078Z] ✅ SQL restore completed via Node.js pg client.
[2026-07-11T07:40:38.931Z] node: [2026-07-11T07:40:38.931Z] ✅ Restore verification PASS (70 tables checked).
[2026-07-11T07:40:38.931Z] node: [2026-07-11T07:40:38.931Z] 🎉 Restore completed successfully in 35.61 seconds.
[2026-07-11T07:40:38.946Z] ▶️  Run: node recovery/verify/qbv.js
[2026-07-11T07:40:39.105Z] node: [2026-07-11T07:40:39.102Z] ============================================================
[2026-07-11T07:40:39.106Z] node: [2026-07-11T07:40:39.106Z] 🔎 AlphaTech Integrity Verification ALPHATECH-RECOVERY-VERIFY-V1
[2026-07-11T07:40:39.107Z] node: [2026-07-11T07:40:39.106Z] ============================================================
[2026-07-11T07:40:39.108Z] node: [2026-07-11T07:40:39.107Z] Collecting Production snapshot...
[2026-07-11T07:40:50.699Z] node: [2026-07-11T07:40:50.699Z] Collecting Recovery snapshot...
[2026-07-11T07:41:02.114Z] node: [2026-07-11T07:41:02.115Z] Comparing snapshots...
[2026-07-11T07:41:02.129Z] node: [2026-07-11T07:41:02.129Z] 🧾 JSON report: D:\alpha-tech\server\recovery\reports\verification-report_2026-07-11T07-41-02-119Z.json
[2026-07-11T07:41:02.129Z] node: [2026-07-11T07:41:02.129Z] 🧾 TXT report: D:\alpha-tech\server\recovery\reports\verification-report_2026-07-11T07-41-02-119Z.txt
[2026-07-11T07:41:02.130Z] node: [2026-07-11T07:41:02.129Z] ✅ Overall: PASS
[2026-07-11T07:41:02.145Z] 🧾 Job manifest: D:\alpha-tech\server\recovery\jobs\job-2026-07-11T07-39-48-896Z.json
[2026-07-11T07:41:02.146Z] ✅ Job result: PASS exitCode=0
