[2026-07-12T07:39:48.981Z] ============================================================
[2026-07-12T07:39:48.989Z] 🧭 AlphaTech Recovery Retention Workflow ALPHATECH-RECOVERY-JOB-RUNNER-V7-R2-RETENTION
[2026-07-12T07:39:48.989Z] ============================================================
[2026-07-12T07:39:48.990Z] Mode: backup-workflow
[2026-07-12T07:39:48.991Z] ▶️  Run: node recovery/health/healthCheck.js
[2026-07-12T07:39:49.167Z] node: [2026-07-12T07:39:49.165Z] ============================================================
[2026-07-12T07:39:49.169Z] node: [2026-07-12T07:39:49.168Z] 🩺 AlphaTech Recovery Health Check ALPHATECH-RECOVERY-HEALTH-CHECK-V1
[2026-07-12T07:39:49.169Z] node: [2026-07-12T07:39:49.169Z] ============================================================
[2026-07-12T07:39:50.019Z] node: [2026-07-12T07:39:50.018Z] 🧾 JSON report: D:\alpha-tech\server\recovery\reports\health-check-2026-07-12T07-39-50-017Z.json
[2026-07-12T07:39:50.020Z] node: [2026-07-12T07:39:50.019Z] 🧾 TXT report: D:\alpha-tech\server\recovery\reports\health-check-2026-07-12T07-39-50-017Z.txt
[2026-07-12T07:39:50.020Z] node: [2026-07-12T07:39:50.019Z] ✅ Overall: PASS
[2026-07-12T07:39:50.032Z] ▶️  Run: node qb.js
[2026-07-12T07:39:50.469Z] node: 🔌 Connected to PostgreSQL successfully.
[2026-07-12T07:39:50.478Z] node: ⏳ Starting P1 Hardened Backup v6 Type-aware + generic self-reference FK safe restore...
[2026-07-12T07:39:54.141Z] node: 📦 Exporting table: Bank
[2026-07-12T07:39:54.181Z] node: 📦 Exporting table: Brand
[2026-07-12T07:39:54.227Z] node: 📦 Exporting table: Category
[2026-07-12T07:39:54.265Z] node: 📦 Exporting table: GlobalProductType
[2026-07-12T07:39:54.304Z] node: 📦 Exporting table: Position
[2026-07-12T07:39:54.342Z] node: 📦 Exporting table: Province
[2026-07-12T07:39:54.381Z] node: 📦 Exporting table: District
[2026-07-12T07:39:54.435Z] node: 📦 Exporting table: Subdistrict
[2026-07-12T07:39:54.636Z] node: 📦 Exporting table: Branch
[2026-07-12T07:39:54.675Z] node: 📦 Exporting table: BarcodeCounter
[2026-07-12T07:39:54.713Z] node: 📦 Exporting table: PaymentCodeCounter
[2026-07-12T07:39:54.751Z] node: 📦 Exporting table: ProductType
[2026-07-12T07:39:54.793Z] node: 📦 Exporting table: ProductTypeBrand
[2026-07-12T07:39:54.835Z] node: 📦 Exporting table: Supplier
[2026-07-12T07:39:54.873Z] node: 📦 Exporting table: Unit
[2026-07-12T07:39:54.911Z] node: 📦 Exporting table: Product
[2026-07-12T07:39:55.004Z] node: 📦 Exporting table: BranchPrice
[2026-07-12T07:39:55.076Z] node: 📦 Exporting table: ProductImage
[2026-07-12T07:39:55.113Z] node: 📦 Exporting table: StockBalance
[2026-07-12T07:39:55.162Z] node: 📦 Exporting table: User
[2026-07-12T07:39:55.207Z] node: 📦 Exporting table: CustomerProfile
[2026-07-12T07:39:55.252Z] node: 📦 Exporting table: Cart
[2026-07-12T07:39:55.290Z] node: 📦 Exporting table: CartItem
[2026-07-12T07:39:55.327Z] node: 📦 Exporting table: EmployeeProfile
[2026-07-12T07:39:55.366Z] node: 📦 Exporting table: CombinedBillingDocument
[2026-07-12T07:39:55.403Z] node: 📦 Exporting table: CombinedSaleDocument
[2026-07-12T07:39:55.441Z] node: 📦 Exporting table: CustomerDeposit
[2026-07-12T07:39:55.479Z] node: 📦 Exporting table: CustomerReceipts
[2026-07-12T07:39:55.516Z] node: 📦 Exporting table: InputTaxFilingBatch
[2026-07-12T07:39:55.554Z] node: 📦 Exporting table: Order
[2026-07-12T07:39:55.591Z] node: 📦 Exporting table: OrderOnline
[2026-07-12T07:39:55.629Z] node: 📦 Exporting table: OrderOnlineItem
[2026-07-12T07:39:55.667Z] node: 📦 Exporting table: PasswordResetToken
[2026-07-12T07:39:55.705Z] node: 📦 Exporting table: ProductOnOrder
[2026-07-12T07:39:55.743Z] node: 📦 Exporting table: PurchaseOrder
[2026-07-12T07:39:55.781Z] node: 📦 Exporting table: PurchaseOrderItem
[2026-07-12T07:39:55.819Z] node: 📦 Exporting table: PurchaseOrderReceipt
[2026-07-12T07:39:55.857Z] node: 📦 Exporting table: InputTaxFilingItem
[2026-07-12T07:39:55.895Z] node: 📦 Exporting table: PurchaseOrderReceiptItem
[2026-07-12T07:39:55.934Z] node: 📦 Exporting table: RefreshToken
[2026-07-12T07:39:56.152Z] node: 📦 Exporting table: Sale
[2026-07-12T07:39:56.190Z] node: 📦 Exporting table: CustomerReceiptAllocations
[2026-07-12T07:39:56.228Z] node: 📦 Exporting table: Payment
[2026-07-12T07:39:56.266Z] node: 📦 Exporting table: DepositUsage
[2026-07-12T07:39:56.304Z] node: 📦 Exporting table: PaymentItem
[2026-07-12T07:39:56.343Z] node: 📦 Exporting table: SaleReturn
[2026-07-12T07:39:56.380Z] node: 📦 Exporting table: RefundTransaction
[2026-07-12T07:39:56.418Z] node: 📦 Exporting table: SalesTaxFilingBatch
[2026-07-12T07:39:56.456Z] node: 📦 Exporting table: SalesTaxFilingItem
[2026-07-12T07:39:56.493Z] node: 📦 Exporting table: ServiceOrder
[2026-07-12T07:39:56.531Z] node: 📦 Exporting table: ServiceItem
[2026-07-12T07:39:56.569Z] node: 📦 Exporting table: SimpleLot
[2026-07-12T07:39:56.607Z] node: 📦 Exporting table: SaleItemSimple
[2026-07-12T07:39:56.645Z] node: 📦 Exporting table: SaleReturnItemSimple
[2026-07-12T07:39:56.683Z] node: 📦 Exporting table: StockAuditSession
[2026-07-12T07:39:56.721Z] node: 📦 Exporting table: StockItem
[2026-07-12T07:39:56.817Z] node: 📦 Exporting table: BarcodeReceiptItem
[2026-07-12T07:39:56.856Z] node: 📦 Exporting table: RepairJob
[2026-07-12T07:39:56.894Z] node: 📦 Exporting table: RepairPartItem
[2026-07-12T07:39:56.931Z] node: 📦 Exporting table: SaleItem
[2026-07-12T07:39:56.969Z] node: 📦 Exporting table: SaleReturnItem
[2026-07-12T07:39:57.007Z] node: 📦 Exporting table: StockAuditScanLog
[2026-07-12T07:39:57.046Z] node: 📦 Exporting table: StockAuditSnapshotItem
[2026-07-12T07:39:57.084Z] node: 📦 Exporting table: StockMovement
[2026-07-12T07:39:57.133Z] node: 📦 Exporting table: SupplierPayment
[2026-07-12T07:39:57.171Z] node: 📦 Exporting table: SupplierPaymentReceipt
[2026-07-12T07:39:57.209Z] node: 📦 Exporting table: V2CustomerDeposit
[2026-07-12T07:39:57.246Z] node: 📦 Exporting table: V2StockAudit
[2026-07-12T07:39:57.284Z] node: 📦 Exporting table: V2StockAuditItem
[2026-07-12T07:39:57.321Z] node: 📦 Exporting table: WarrantyClaim
[2026-07-12T07:40:00.048Z] node: 🎉 P1 Hardened Backup v6 Type-aware + generic self-reference FK safe restore completed successfully.
[2026-07-12T07:40:00.049Z] node: 💾 Backup file: D:\alpha-tech\server\backups\alphatech_hardened_backup_v6_2026-07-12_2026-07-12T07-39-54-114Z.sql
[2026-07-12T07:40:00.050Z] node: 🧾 Manifest file: D:\alpha-tech\server\backups\alphatech_hardened_backup_v6_2026-07-12_2026-07-12T07-39-54-114Z.manifest.json
[2026-07-12T07:40:00.050Z] node: 📊 Tables exported: 70
[2026-07-12T07:40:00.051Z] node: 📦 Rows exported: 18280
[2026-07-12T07:40:00.051Z] node: 🔢 Sequences prepared: 67
[2026-07-12T07:40:00.052Z] node: 🔐 SHA256: ef0c7ddb78899eb7fa259db58a3c83cb92eea9ff419e7b3ffc6923830bacf0e4
[2026-07-12T07:40:00.052Z] node: 📐 File size: 5.82 MB
[2026-07-12T07:40:00.053Z] node: ⏱️ Duration: 7.23 seconds
[2026-07-12T07:40:00.053Z] node: ✅ Verification: PASS (70 tables checked)
[2026-07-12T07:40:00.111Z] ▶️  Run: node recovery/upload/uploadBackup.js --manifest D:\alpha-tech\server\backups\alphatech_hardened_backup_v6_2026-07-12_2026-07-12T07-39-54-114Z.manifest.json
[2026-07-12T07:40:00.191Z] node: [2026-07-12T07:40:00.186Z] ============================================================
[2026-07-12T07:40:00.193Z] node: [2026-07-12T07:40:00.192Z] AlphaTech Recovery Upload ALPHATECH-RECOVERY-UPLOAD-V2-S3-COMPATIBLE
[2026-07-12T07:40:00.193Z] node: [2026-07-12T07:40:00.193Z] ============================================================
[2026-07-12T07:40:00.603Z] node stderr: (node:16448) Warning: NodeVersionSupportWarning: The AWS SDK for JavaScript (v3)
[2026-07-12T07:40:00.604Z] node stderr: versions published after the first week of January 2027
[2026-07-12T07:40:00.606Z] node stderr: will require node >=22. You are running node v20.19.0.
[2026-07-12T07:40:00.610Z] node stderr: To continue receiving updates to AWS services, bug fixes,
[2026-07-12T07:40:00.693Z] node stderr: and security updates please upgrade to node >=22.
[2026-07-12T07:40:00.723Z] node stderr: More information can be found at: https://a.co/c895JFp
[2026-07-12T07:40:00.723Z] node stderr: (Use `node --trace-warnings ...` to show where the warning was created)
[2026-07-12T07:40:03.144Z] node: [2026-07-12T07:40:03.143Z] JSON report: D:\alpha-tech\server\recovery\reports\upload-report-2026-07-12T07-40-03-142Z.json
[2026-07-12T07:40:03.144Z] node: [2026-07-12T07:40:03.143Z] TXT report: D:\alpha-tech\server\recovery\reports\upload-report-2026-07-12T07-40-03-142Z.txt
[2026-07-12T07:40:03.145Z] node: [2026-07-12T07:40:03.144Z] Overall: PASS
[2026-07-12T07:40:04.123Z] ------------------------------------------------------------
[2026-07-12T07:40:04.124Z] Target      : cloudflare-r2
[2026-07-12T07:40:04.125Z] Bucket      : saduaksabuy-recovery
[2026-07-12T07:40:04.125Z] Prefix      : alphatech-production/
[2026-07-12T07:40:04.125Z] Retention   : 7 day(s)
[2026-07-12T07:40:04.126Z] Mode        : APPLY
[2026-07-12T07:40:04.126Z] Scanned     : 84
[2026-07-12T07:40:04.126Z] Candidates  : 0
[2026-07-12T07:40:04.127Z] Deleted     : 0
[2026-07-12T07:40:04.127Z] Remaining   : 84
[2026-07-12T07:40:04.127Z] Failed      : 0
[2026-07-12T07:40:04.128Z] ▶️  Run: node recovery/retention/retentionPolicy.js --apply
[2026-07-12T07:40:04.216Z] node: [2026-07-12T07:40:04.210Z] ============================================================
[2026-07-12T07:40:04.218Z] node: [2026-07-12T07:40:04.217Z] 🧹 AlphaTech Recovery Retention ALPHATECH-RECOVERY-RETENTION-V1
[2026-07-12T07:40:04.218Z] node: [2026-07-12T07:40:04.218Z] ============================================================
[2026-07-12T07:40:04.219Z] node: [2026-07-12T07:40:04.218Z] Mode: APPLY
[2026-07-12T07:40:04.228Z] node: [2026-07-12T07:40:04.227Z] ------------------------------------------------------------
[2026-07-12T07:40:04.228Z] node: [2026-07-12T07:40:04.228Z] Target      : local-backups
[2026-07-12T07:40:04.229Z] node: [2026-07-12T07:40:04.228Z] Directory   : D:\alpha-tech\server\backups
[2026-07-12T07:40:04.229Z] node: [2026-07-12T07:40:04.228Z] Retention   : 3 day(s)
[2026-07-12T07:40:04.229Z] node: [2026-07-12T07:40:04.229Z] Scanned     : 46
[2026-07-12T07:40:04.230Z] node: [2026-07-12T07:40:04.229Z] Candidates  : 2
[2026-07-12T07:40:04.230Z] node: [2026-07-12T07:40:04.229Z] Deleted     : 2
[2026-07-12T07:40:04.230Z] node: [2026-07-12T07:40:04.230Z] Remaining   : 44
[2026-07-12T07:40:04.231Z] node: [2026-07-12T07:40:04.230Z] Failed      : 0
[2026-07-12T07:40:04.231Z] node: [2026-07-12T07:40:04.230Z] ------------------------------------------------------------
[2026-07-12T07:40:04.231Z] node: [2026-07-12T07:40:04.231Z] Target      : offsite-local-mirror
[2026-07-12T07:40:04.231Z] node: [2026-07-12T07:40:04.231Z] Directory   : D:\alpha-tech\server\recovery\offsite
[2026-07-12T07:40:04.232Z] node: [2026-07-12T07:40:04.231Z] Retention   : 7 day(s)
[2026-07-12T07:40:04.232Z] node: [2026-07-12T07:40:04.231Z] Scanned     : 12
[2026-07-12T07:40:04.232Z] node: [2026-07-12T07:40:04.232Z] Candidates  : 0
[2026-07-12T07:40:04.233Z] node: [2026-07-12T07:40:04.232Z] Deleted     : 0
[2026-07-12T07:40:04.233Z] node: [2026-07-12T07:40:04.232Z] Remaining   : 12
[2026-07-12T07:40:04.233Z] node: [2026-07-12T07:40:04.232Z] Failed      : 0
[2026-07-12T07:40:04.234Z] node: [2026-07-12T07:40:04.234Z] 🧾 JSON report: D:\alpha-tech\server\recovery\reports\retention-report-2026-07-12T07-40-04-233Z.json
[2026-07-12T07:40:04.235Z] node: [2026-07-12T07:40:04.234Z] 🧾 TXT report: D:\alpha-tech\server\recovery\reports\retention-report-2026-07-12T07-40-04-233Z.txt
[2026-07-12T07:40:04.235Z] node: [2026-07-12T07:40:04.234Z] ✅ Overall: PASS
[2026-07-12T07:40:04.247Z] ▶️  Run: node qbrs.js --manifest D:\alpha-tech\server\backups\alphatech_hardened_backup_v6_2026-07-12_2026-07-12T07-39-54-114Z.manifest.json --init --yes --reset-schema
[2026-07-12T07:40:04.394Z] node: [2026-07-12T07:40:04.391Z] ============================================================
[2026-07-12T07:40:04.396Z] node: [2026-07-12T07:40:04.395Z] 🚑 AlphaTech Restore Tool P1-HARDENED-RESTORE-V3-NODE-PG
[2026-07-12T07:40:04.396Z] node: [2026-07-12T07:40:04.395Z] ============================================================
[2026-07-12T07:40:04.422Z] node: [2026-07-12T07:40:04.422Z] ✅ Manifest loaded.
[2026-07-12T07:40:04.423Z] node: [2026-07-12T07:40:04.422Z] ✅ SQL file: D:\alpha-tech\server\backups\alphatech_hardened_backup_v6_2026-07-12_2026-07-12T07-39-54-114Z.sql
[2026-07-12T07:40:04.424Z] node: [2026-07-12T07:40:04.423Z] ✅ SHA256 verified: ef0c7ddb78899eb7fa259db58a3c83cb92eea9ff419e7b3ffc6923830bacf0e4
[2026-07-12T07:40:04.424Z] node: [2026-07-12T07:40:04.424Z] 🎯 Target DB: postgresql://postgres:***@db.engqdeyzbvnmxbnpemau.supabase.co:5432/postgres
[2026-07-12T07:40:04.425Z] node: [2026-07-12T07:40:04.424Z] 🎯 Host: db.engqdeyzbvnmxbnpemau.supabase.co
[2026-07-12T07:40:04.425Z] node: [2026-07-12T07:40:04.424Z] 🎯 Port: 5432
[2026-07-12T07:40:04.425Z] node: [2026-07-12T07:40:04.425Z] 🎯 Database: postgres
[2026-07-12T07:40:04.426Z] node: [2026-07-12T07:40:04.425Z] 🎯 Schema: public
[2026-07-12T07:40:04.791Z] node: [2026-07-12T07:40:04.790Z] 🔌 Connected to target PostgreSQL successfully.
[2026-07-12T07:40:08.122Z] node: [2026-07-12T07:40:08.121Z] 📊 Existing tables: 70
[2026-07-12T07:40:08.122Z] node: [2026-07-12T07:40:08.122Z] 📦 Existing rows: 17650
[2026-07-12T07:40:08.123Z] node: [2026-07-12T07:40:08.122Z] 🔎 Product: 1247
[2026-07-12T07:40:08.124Z] node: [2026-07-12T07:40:08.122Z] 🔎 BranchPrice: 1245
[2026-07-12T07:40:08.124Z] node: [2026-07-12T07:40:08.122Z] 🔎 StockItem: 1151
[2026-07-12T07:40:08.124Z] node: [2026-07-12T07:40:08.122Z] 🔎 Sale: 4
[2026-07-12T07:40:08.124Z] node: [2026-07-12T07:40:08.123Z] 🔎 SaleItem: 6
[2026-07-12T07:40:08.125Z] node: [2026-07-12T07:40:08.123Z] 🔎 SaleItemSimple: 0
[2026-07-12T07:40:08.126Z] node: [2026-07-12T07:40:08.123Z] 🔎 Payment: 2
[2026-07-12T07:40:08.126Z] node: [2026-07-12T07:40:08.124Z] 🔎 PaymentItem: 2
[2026-07-12T07:40:08.390Z] node: [2026-07-12T07:40:08.389Z] 🧨 Resetting target schema "public" before restore...
[2026-07-12T07:40:08.390Z] node: [2026-07-12T07:40:08.390Z] 🛡️ This action is intended for Recovery / Standby DB only.
[2026-07-12T07:40:08.941Z] node: [2026-07-12T07:40:08.941Z] ✅ Schema "public" reset completed.
[2026-07-12T07:40:08.979Z] node: [2026-07-12T07:40:08.978Z] 🧱 Running Prisma db push against Recovery DB only...
[2026-07-12T07:40:08.979Z] node: [2026-07-12T07:40:08.978Z] 🛡️ DATABASE_URL is injected from RESTORE_DATABASE_URL/RECOVERY_DATABASE_URL for this process only.
[2026-07-12T07:40:12.351Z] node: [2026-07-12T07:40:12.350Z] npx stderr: Environment variables loaded from .env
[2026-07-12T07:40:12.352Z] node: [2026-07-12T07:40:12.351Z] npx: Prisma schema loaded from prisma\schema.prisma
[2026-07-12T07:40:12.365Z] node: [2026-07-12T07:40:12.364Z] npx: Datasource "db": PostgreSQL database "postgres", schema "public" at "db.engqdeyzbvnmxbnpemau.supabase.co:5432"
[2026-07-12T07:40:27.195Z] node: [2026-07-12T07:40:27.194Z] npx: Your database is now in sync with your Prisma schema. Done in 14.25s
[2026-07-12T07:40:27.197Z] node: [2026-07-12T07:40:27.196Z] npx: Running generate... (Use --skip-generate to skip the generators)
[2026-07-12T07:40:28.127Z] node: [2026-07-12T07:40:28.126Z] npx: [2K[1A[2K[GRunning generate... - Prisma Client
[2026-07-12T07:40:29.434Z] node: [2026-07-12T07:40:29.433Z] npx: [2K[1A[2K[G✔ Generated Prisma Client (v6.16.2) to .\node_modules\.prisma\client in 1.30s
[2026-07-12T07:40:29.493Z] node: [2026-07-12T07:40:29.492Z] ✅ Prisma db push completed for Recovery DB.
[2026-07-12T07:40:32.764Z] node: [2026-07-12T07:40:32.763Z] 📊 Existing tables: 70
[2026-07-12T07:40:32.764Z] node: [2026-07-12T07:40:32.763Z] 📦 Existing rows: 0
[2026-07-12T07:40:32.765Z] node: [2026-07-12T07:40:32.764Z] 🔎 Product: 0
[2026-07-12T07:40:32.765Z] node: [2026-07-12T07:40:32.764Z] 🔎 BranchPrice: 0
[2026-07-12T07:40:32.766Z] node: [2026-07-12T07:40:32.764Z] 🔎 StockItem: 0
[2026-07-12T07:40:32.766Z] node: [2026-07-12T07:40:32.764Z] 🔎 Sale: 0
[2026-07-12T07:40:32.767Z] node: [2026-07-12T07:40:32.764Z] 🔎 SaleItem: 0
[2026-07-12T07:40:32.767Z] node: [2026-07-12T07:40:32.764Z] 🔎 SaleItemSimple: 0
[2026-07-12T07:40:32.767Z] node: [2026-07-12T07:40:32.764Z] 🔎 Payment: 0
[2026-07-12T07:40:32.768Z] node: [2026-07-12T07:40:32.765Z] 🔎 PaymentItem: 0
[2026-07-12T07:40:32.826Z] node: [2026-07-12T07:40:32.825Z] 📖 SQL loaded into memory (5.82 MB).
[2026-07-12T07:40:32.827Z] node: [2026-07-12T07:40:32.826Z] 🚚 Starting SQL restore via Node.js pg client...
[2026-07-12T07:40:35.667Z] node: [2026-07-12T07:40:35.667Z] ✅ SQL restore completed via Node.js pg client.
[2026-07-12T07:40:38.217Z] node: [2026-07-12T07:40:38.217Z] ✅ Restore verification PASS (70 tables checked).
[2026-07-12T07:40:38.218Z] node: [2026-07-12T07:40:38.217Z] 🎉 Restore completed successfully in 33.83 seconds.
[2026-07-12T07:40:38.232Z] ▶️  Run: node recovery/verify/qbv.js
[2026-07-12T07:40:38.375Z] node: [2026-07-12T07:40:38.372Z] ============================================================
[2026-07-12T07:40:38.377Z] node: [2026-07-12T07:40:38.376Z] 🔎 AlphaTech Integrity Verification ALPHATECH-RECOVERY-VERIFY-V1
[2026-07-12T07:40:38.377Z] node: [2026-07-12T07:40:38.376Z] ============================================================
[2026-07-12T07:40:38.378Z] node: [2026-07-12T07:40:38.377Z] Collecting Production snapshot...
[2026-07-12T07:40:52.800Z] node: [2026-07-12T07:40:52.800Z] Collecting Recovery snapshot...
[2026-07-12T07:41:03.079Z] node: [2026-07-12T07:41:03.079Z] Comparing snapshots...
[2026-07-12T07:41:03.086Z] node: [2026-07-12T07:41:03.086Z] 🧾 JSON report: D:\alpha-tech\server\recovery\reports\verification-report_2026-07-12T07-41-03-083Z.json
[2026-07-12T07:41:03.086Z] node: [2026-07-12T07:41:03.086Z] 🧾 TXT report: D:\alpha-tech\server\recovery\reports\verification-report_2026-07-12T07-41-03-083Z.txt
[2026-07-12T07:41:03.087Z] node: [2026-07-12T07:41:03.086Z] ✅ Overall: FAIL
[2026-07-12T07:41:03.101Z] 🧾 Job manifest: D:\alpha-tech\server\recovery\jobs\job-2026-07-12T07-39-48-978Z.json
[2026-07-12T07:41:03.101Z] ❌ Job result: FAIL exitCode=40
