[2026-07-21T03:34:22.521Z] ============================================================
[2026-07-21T03:34:22.530Z] 🧭 AlphaTech Recovery Retention Workflow ALPHATECH-RECOVERY-JOB-RUNNER-V7-R2-RETENTION
[2026-07-21T03:34:22.530Z] ============================================================
[2026-07-21T03:34:22.531Z] Mode: backup-workflow
[2026-07-21T03:34:22.531Z] ▶️  Run: node recovery/health/healthCheck.js
[2026-07-21T03:34:22.746Z] node: [2026-07-21T03:34:22.743Z] ============================================================
[2026-07-21T03:34:22.747Z] node: [2026-07-21T03:34:22.747Z] 🩺 AlphaTech Recovery Health Check ALPHATECH-RECOVERY-HEALTH-CHECK-V1
[2026-07-21T03:34:22.748Z] node: [2026-07-21T03:34:22.747Z] ============================================================
[2026-07-21T03:34:23.627Z] node: [2026-07-21T03:34:23.627Z] 🧾 JSON report: D:\alpha-tech\server\recovery\reports\health-check-2026-07-21T03-34-23-625Z.json
[2026-07-21T03:34:23.628Z] node: [2026-07-21T03:34:23.628Z] 🧾 TXT report: D:\alpha-tech\server\recovery\reports\health-check-2026-07-21T03-34-23-625Z.txt
[2026-07-21T03:34:23.629Z] node: [2026-07-21T03:34:23.628Z] ✅ Overall: PASS
[2026-07-21T03:34:23.661Z] ▶️  Run: node qb.js
[2026-07-21T03:34:24.117Z] node: 🔌 Connected to PostgreSQL successfully.
[2026-07-21T03:34:24.119Z] node: ⏳ Starting P1 Hardened Backup v6 Type-aware + generic self-reference FK safe restore...
[2026-07-21T03:34:28.237Z] node: 📦 Exporting table: Bank
[2026-07-21T03:34:28.276Z] node: 📦 Exporting table: Brand
[2026-07-21T03:34:28.321Z] node: 📦 Exporting table: Category
[2026-07-21T03:34:28.359Z] node: 📦 Exporting table: GlobalProductType
[2026-07-21T03:34:28.396Z] node: 📦 Exporting table: Position
[2026-07-21T03:34:28.434Z] node: 📦 Exporting table: Province
[2026-07-21T03:34:28.472Z] node: 📦 Exporting table: District
[2026-07-21T03:34:28.533Z] node: 📦 Exporting table: Subdistrict
[2026-07-21T03:34:28.731Z] node: 📦 Exporting table: Branch
[2026-07-21T03:34:28.772Z] node: 📦 Exporting table: BarcodeCounter
[2026-07-21T03:34:28.808Z] node: 📦 Exporting table: PaymentCodeCounter
[2026-07-21T03:34:28.845Z] node: 📦 Exporting table: ProductType
[2026-07-21T03:34:28.887Z] node: 📦 Exporting table: ProductTypeBrand
[2026-07-21T03:34:28.932Z] node: 📦 Exporting table: Supplier
[2026-07-21T03:34:28.972Z] node: 📦 Exporting table: Unit
[2026-07-21T03:34:29.009Z] node: 📦 Exporting table: Product
[2026-07-21T03:34:29.142Z] node: 📦 Exporting table: BranchPrice
[2026-07-21T03:34:29.235Z] node: 📦 Exporting table: ProductImage
[2026-07-21T03:34:29.273Z] node: 📦 Exporting table: StockBalance
[2026-07-21T03:34:29.336Z] node: 📦 Exporting table: User
[2026-07-21T03:34:29.381Z] node: 📦 Exporting table: CustomerProfile
[2026-07-21T03:34:29.426Z] node: 📦 Exporting table: Cart
[2026-07-21T03:34:29.463Z] node: 📦 Exporting table: CartItem
[2026-07-21T03:34:29.500Z] node: 📦 Exporting table: EmployeeProfile
[2026-07-21T03:34:29.537Z] node: 📦 Exporting table: CombinedBillingDocument
[2026-07-21T03:34:29.574Z] node: 📦 Exporting table: CombinedSaleDocument
[2026-07-21T03:34:29.611Z] node: 📦 Exporting table: CustomerDeposit
[2026-07-21T03:34:29.647Z] node: 📦 Exporting table: CustomerReceipts
[2026-07-21T03:34:29.686Z] node: 📦 Exporting table: InputTaxFilingBatch
[2026-07-21T03:34:29.723Z] node: 📦 Exporting table: Order
[2026-07-21T03:34:29.759Z] node: 📦 Exporting table: OrderOnline
[2026-07-21T03:34:29.797Z] node: 📦 Exporting table: OrderOnlineItem
[2026-07-21T03:34:29.834Z] node: 📦 Exporting table: PasswordResetToken
[2026-07-21T03:34:29.871Z] node: 📦 Exporting table: ProductOnOrder
[2026-07-21T03:34:29.909Z] node: 📦 Exporting table: PurchaseOrder
[2026-07-21T03:34:29.947Z] node: 📦 Exporting table: PurchaseOrderItem
[2026-07-21T03:34:29.989Z] node: 📦 Exporting table: PurchaseOrderReceipt
[2026-07-21T03:34:30.030Z] node: 📦 Exporting table: InputTaxFilingItem
[2026-07-21T03:34:30.066Z] node: 📦 Exporting table: PurchaseOrderReceiptItem
[2026-07-21T03:34:30.106Z] node: 📦 Exporting table: RefreshToken
[2026-07-21T03:34:30.370Z] node: 📦 Exporting table: Sale
[2026-07-21T03:34:30.417Z] node: 📦 Exporting table: CustomerReceiptAllocations
[2026-07-21T03:34:30.454Z] node: 📦 Exporting table: Payment
[2026-07-21T03:34:30.492Z] node: 📦 Exporting table: DepositUsage
[2026-07-21T03:34:30.529Z] node: 📦 Exporting table: PaymentItem
[2026-07-21T03:34:30.567Z] node: 📦 Exporting table: SaleReturn
[2026-07-21T03:34:30.603Z] node: 📦 Exporting table: RefundTransaction
[2026-07-21T03:34:30.640Z] node: 📦 Exporting table: SalesTaxFilingBatch
[2026-07-21T03:34:30.677Z] node: 📦 Exporting table: SalesTaxFilingItem
[2026-07-21T03:34:30.713Z] node: 📦 Exporting table: ServiceOrder
[2026-07-21T03:34:30.750Z] node: 📦 Exporting table: ServiceItem
[2026-07-21T03:34:30.788Z] node: 📦 Exporting table: SimpleLot
[2026-07-21T03:34:30.825Z] node: 📦 Exporting table: SaleItemSimple
[2026-07-21T03:34:30.861Z] node: 📦 Exporting table: SaleReturnItemSimple
[2026-07-21T03:34:30.898Z] node: 📦 Exporting table: StockAuditSession
[2026-07-21T03:34:30.935Z] node: 📦 Exporting table: StockItem
[2026-07-21T03:34:31.111Z] node: 📦 Exporting table: BarcodeReceiptItem
[2026-07-21T03:34:31.167Z] node: 📦 Exporting table: RepairJob
[2026-07-21T03:34:31.204Z] node: 📦 Exporting table: RepairPartItem
[2026-07-21T03:34:31.241Z] node: 📦 Exporting table: SaleItem
[2026-07-21T03:34:31.284Z] node: 📦 Exporting table: SaleReturnItem
[2026-07-21T03:34:31.320Z] node: 📦 Exporting table: StockAuditScanLog
[2026-07-21T03:34:31.357Z] node: 📦 Exporting table: StockAuditSnapshotItem
[2026-07-21T03:34:31.414Z] node: 📦 Exporting table: StockMovement
[2026-07-21T03:34:31.472Z] node: 📦 Exporting table: SupplierPayment
[2026-07-21T03:34:31.509Z] node: 📦 Exporting table: SupplierPaymentReceipt
[2026-07-21T03:34:31.545Z] node: 📦 Exporting table: V2CustomerDeposit
[2026-07-21T03:34:31.582Z] node: 📦 Exporting table: V2StockAudit
[2026-07-21T03:34:31.619Z] node: 📦 Exporting table: V2StockAuditItem
[2026-07-21T03:34:31.655Z] node: 📦 Exporting table: WarrantyClaim
[2026-07-21T03:34:34.348Z] node: 🎉 P1 Hardened Backup v6 Type-aware + generic self-reference FK safe restore completed successfully.
[2026-07-21T03:34:34.348Z] node: 💾 Backup file: D:\alpha-tech\server\backups\alphatech_hardened_backup_v6_2026-07-21_2026-07-21T03-34-28-207Z.sql
[2026-07-21T03:34:34.349Z] node: 🧾 Manifest file: D:\alpha-tech\server\backups\alphatech_hardened_backup_v6_2026-07-21_2026-07-21T03-34-28-207Z.manifest.json
[2026-07-21T03:34:34.350Z] node: 📊 Tables exported: 70
[2026-07-21T03:34:34.351Z] node: 📦 Rows exported: 25420
[2026-07-21T03:34:34.351Z] node: 🔢 Sequences prepared: 67
[2026-07-21T03:34:34.352Z] node: 🔐 SHA256: 9fdb3e6d5a1a9b68cfaf644397ec29a3642f42fdbf9baf532b9253d67fcce11f
[2026-07-21T03:34:34.352Z] node: 📐 File size: 8.94 MB
[2026-07-21T03:34:34.353Z] node: ⏱️ Duration: 7.93 seconds
[2026-07-21T03:34:34.353Z] node: ✅ Verification: PASS (70 tables checked)
[2026-07-21T03:34:34.411Z] ▶️  Run: node recovery/upload/uploadBackup.js --manifest D:\alpha-tech\server\backups\alphatech_hardened_backup_v6_2026-07-21_2026-07-21T03-34-28-207Z.manifest.json
[2026-07-21T03:34:34.501Z] node: [2026-07-21T03:34:34.495Z] ============================================================
[2026-07-21T03:34:34.503Z] node: [2026-07-21T03:34:34.502Z] AlphaTech Recovery Upload ALPHATECH-RECOVERY-UPLOAD-V2-S3-COMPATIBLE
[2026-07-21T03:34:34.504Z] node: [2026-07-21T03:34:34.503Z] ============================================================
[2026-07-21T03:34:34.756Z] node stderr: (node:23416) Warning: NodeVersionSupportWarning: The AWS SDK for JavaScript (v3)
[2026-07-21T03:34:34.757Z] node stderr: versions published after the first week of January 2027
[2026-07-21T03:34:34.758Z] node stderr: will require node >=22. You are running node v20.19.0.
[2026-07-21T03:34:34.758Z] node stderr: To continue receiving updates to AWS services, bug fixes,
[2026-07-21T03:34:34.759Z] node stderr: and security updates please upgrade to node >=22.
[2026-07-21T03:34:34.759Z] node stderr: More information can be found at: https://a.co/c895JFp
[2026-07-21T03:34:34.760Z] node stderr: (Use `node --trace-warnings ...` to show where the warning was created)
[2026-07-21T03:34:36.948Z] node: [2026-07-21T03:34:36.947Z] JSON report: D:\alpha-tech\server\recovery\reports\upload-report-2026-07-21T03-34-36-946Z.json
[2026-07-21T03:34:36.949Z] node: [2026-07-21T03:34:36.947Z] TXT report: D:\alpha-tech\server\recovery\reports\upload-report-2026-07-21T03-34-36-946Z.txt
[2026-07-21T03:34:36.950Z] node: [2026-07-21T03:34:36.948Z] Overall: PASS
[2026-07-21T03:34:37.407Z] ------------------------------------------------------------
[2026-07-21T03:34:37.407Z] Target      : cloudflare-r2
[2026-07-21T03:34:37.408Z] Bucket      : saduaksabuy-recovery
[2026-07-21T03:34:37.409Z] Prefix      : alphatech-production/
[2026-07-21T03:34:37.409Z] Retention   : 7 day(s)
[2026-07-21T03:34:37.409Z] Mode        : APPLY
[2026-07-21T03:34:37.410Z] Scanned     : 88
[2026-07-21T03:34:37.410Z] Candidates  : 0
[2026-07-21T03:34:37.410Z] Deleted     : 0
[2026-07-21T03:34:37.411Z] Remaining   : 88
[2026-07-21T03:34:37.411Z] Failed      : 0
[2026-07-21T03:34:37.412Z] ▶️  Run: node recovery/retention/retentionPolicy.js --apply
[2026-07-21T03:34:37.506Z] node: [2026-07-21T03:34:37.499Z] ============================================================
[2026-07-21T03:34:37.508Z] node: [2026-07-21T03:34:37.507Z] 🧹 AlphaTech Recovery Retention ALPHATECH-RECOVERY-RETENTION-V1
[2026-07-21T03:34:37.509Z] node: [2026-07-21T03:34:37.508Z] ============================================================
[2026-07-21T03:34:37.510Z] node: [2026-07-21T03:34:37.509Z] Mode: APPLY
[2026-07-21T03:34:37.522Z] node: [2026-07-21T03:34:37.521Z] ------------------------------------------------------------
[2026-07-21T03:34:37.522Z] node: [2026-07-21T03:34:37.521Z] Target      : local-backups
[2026-07-21T03:34:37.523Z] node: [2026-07-21T03:34:37.522Z] Directory   : D:\alpha-tech\server\backups
[2026-07-21T03:34:37.524Z] node: [2026-07-21T03:34:37.523Z] Retention   : 3 day(s)
[2026-07-21T03:34:37.525Z] node: [2026-07-21T03:34:37.524Z] Scanned     : 52
[2026-07-21T03:34:37.526Z] node: [2026-07-21T03:34:37.525Z] Candidates  : 4
[2026-07-21T03:34:37.526Z] node: [2026-07-21T03:34:37.525Z] Deleted     : 4
[2026-07-21T03:34:37.527Z] node: [2026-07-21T03:34:37.526Z] Remaining   : 48
[2026-07-21T03:34:37.527Z] node: [2026-07-21T03:34:37.527Z] Failed      : 0
[2026-07-21T03:34:37.528Z] node: [2026-07-21T03:34:37.527Z] ------------------------------------------------------------
[2026-07-21T03:34:37.528Z] node: [2026-07-21T03:34:37.528Z] Target      : offsite-local-mirror
[2026-07-21T03:34:37.529Z] node: [2026-07-21T03:34:37.528Z] Directory   : D:\alpha-tech\server\recovery\offsite
[2026-07-21T03:34:37.529Z] node: [2026-07-21T03:34:37.529Z] Retention   : 7 day(s)
[2026-07-21T03:34:37.530Z] node: [2026-07-21T03:34:37.529Z] Scanned     : 0
[2026-07-21T03:34:37.531Z] node: [2026-07-21T03:34:37.530Z] Candidates  : 0
[2026-07-21T03:34:37.532Z] node: [2026-07-21T03:34:37.531Z] Deleted     : 0
[2026-07-21T03:34:37.533Z] node: [2026-07-21T03:34:37.533Z] Remaining   : 0
[2026-07-21T03:34:37.534Z] node: [2026-07-21T03:34:37.534Z] Failed      : 0
[2026-07-21T03:34:37.538Z] node: [2026-07-21T03:34:37.537Z] 🧾 JSON report: D:\alpha-tech\server\recovery\reports\retention-report-2026-07-21T03-34-37-534Z.json
[2026-07-21T03:34:37.538Z] node: [2026-07-21T03:34:37.537Z] 🧾 TXT report: D:\alpha-tech\server\recovery\reports\retention-report-2026-07-21T03-34-37-534Z.txt
[2026-07-21T03:34:37.539Z] node: [2026-07-21T03:34:37.538Z] ✅ Overall: PASS
[2026-07-21T03:34:37.552Z] ▶️  Run: node qbrs.js --manifest D:\alpha-tech\server\backups\alphatech_hardened_backup_v6_2026-07-21_2026-07-21T03-34-28-207Z.manifest.json --init --yes --reset-schema
[2026-07-21T03:34:37.738Z] node: [2026-07-21T03:34:37.735Z] ============================================================
[2026-07-21T03:34:37.741Z] node: [2026-07-21T03:34:37.740Z] 🚑 AlphaTech Restore Tool P1-HARDENED-RESTORE-V3-NODE-PG
[2026-07-21T03:34:37.742Z] node: [2026-07-21T03:34:37.741Z] ============================================================
[2026-07-21T03:34:37.787Z] node: [2026-07-21T03:34:37.786Z] ✅ Manifest loaded.
[2026-07-21T03:34:37.787Z] node: [2026-07-21T03:34:37.787Z] ✅ SQL file: D:\alpha-tech\server\backups\alphatech_hardened_backup_v6_2026-07-21_2026-07-21T03-34-28-207Z.sql
[2026-07-21T03:34:37.789Z] node: [2026-07-21T03:34:37.787Z] ✅ SHA256 verified: 9fdb3e6d5a1a9b68cfaf644397ec29a3642f42fdbf9baf532b9253d67fcce11f
[2026-07-21T03:34:37.789Z] node: [2026-07-21T03:34:37.788Z] 🎯 Target DB: postgresql://postgres:***@db.engqdeyzbvnmxbnpemau.supabase.co:5432/postgres
[2026-07-21T03:34:37.789Z] node: [2026-07-21T03:34:37.788Z] 🎯 Host: db.engqdeyzbvnmxbnpemau.supabase.co
[2026-07-21T03:34:37.790Z] node: [2026-07-21T03:34:37.788Z] 🎯 Port: 5432
[2026-07-21T03:34:37.790Z] node: [2026-07-21T03:34:37.789Z] 🎯 Database: postgres
[2026-07-21T03:34:37.791Z] node: [2026-07-21T03:34:37.789Z] 🎯 Schema: public
[2026-07-21T03:34:38.134Z] node: [2026-07-21T03:34:38.133Z] 🔌 Connected to target PostgreSQL successfully.
[2026-07-21T03:34:41.187Z] node: [2026-07-21T03:34:41.187Z] 📊 Existing tables: 70
[2026-07-21T03:34:41.188Z] node: [2026-07-21T03:34:41.187Z] 📦 Existing rows: 25383
[2026-07-21T03:34:41.189Z] node: [2026-07-21T03:34:41.188Z] 🔎 Product: 1913
[2026-07-21T03:34:41.190Z] node: [2026-07-21T03:34:41.188Z] 🔎 BranchPrice: 1911
[2026-07-21T03:34:41.190Z] node: [2026-07-21T03:34:41.188Z] 🔎 StockItem: 3150
[2026-07-21T03:34:41.191Z] node: [2026-07-21T03:34:41.188Z] 🔎 Sale: 63
[2026-07-21T03:34:41.191Z] node: [2026-07-21T03:34:41.188Z] 🔎 SaleItem: 153
[2026-07-21T03:34:41.192Z] node: [2026-07-21T03:34:41.188Z] 🔎 SaleItemSimple: 0
[2026-07-21T03:34:41.193Z] node: [2026-07-21T03:34:41.189Z] 🔎 Payment: 46
[2026-07-21T03:34:41.193Z] node: [2026-07-21T03:34:41.189Z] 🔎 PaymentItem: 46
[2026-07-21T03:34:41.463Z] node: [2026-07-21T03:34:41.462Z] 🧨 Resetting target schema "public" before restore...
[2026-07-21T03:34:41.463Z] node: [2026-07-21T03:34:41.462Z] 🛡️ This action is intended for Recovery / Standby DB only.
[2026-07-21T03:34:41.969Z] node: [2026-07-21T03:34:41.968Z] ✅ Schema "public" reset completed.
[2026-07-21T03:34:42.007Z] node: [2026-07-21T03:34:42.006Z] 🧱 Running Prisma db push against Recovery DB only...
[2026-07-21T03:34:42.007Z] node: [2026-07-21T03:34:42.007Z] 🛡️ DATABASE_URL is injected from RESTORE_DATABASE_URL/RECOVERY_DATABASE_URL for this process only.
[2026-07-21T03:34:46.373Z] node: [2026-07-21T03:34:46.373Z] npx stderr: Environment variables loaded from .env
[2026-07-21T03:34:46.375Z] node: [2026-07-21T03:34:46.375Z] npx: Prisma schema loaded from prisma\schema.prisma
[2026-07-21T03:34:46.389Z] node: [2026-07-21T03:34:46.388Z] npx: Datasource "db": PostgreSQL database "postgres", schema "public" at "db.engqdeyzbvnmxbnpemau.supabase.co:5432"
[2026-07-21T03:35:02.251Z] node: [2026-07-21T03:35:02.250Z] npx: Your database is now in sync with your Prisma schema. Done in 15.29s
[2026-07-21T03:35:02.254Z] node: [2026-07-21T03:35:02.254Z] npx: Running generate... (Use --skip-generate to skip the generators)
[2026-07-21T03:35:03.352Z] node: [2026-07-21T03:35:03.351Z] npx: [2K[1A[2K[GRunning generate... - Prisma Client
[2026-07-21T03:35:04.698Z] node: [2026-07-21T03:35:04.698Z] npx: [2K[1A[2K[G✔ Generated Prisma Client (v6.16.2) to .\node_modules\.prisma\client in 1.34s
[2026-07-21T03:35:04.701Z] node: [2026-07-21T03:35:04.701Z] npx stderr: ┌─────────────────────────────────────────────────────────┐
[2026-07-21T03:35:04.702Z] node: [2026-07-21T03:35:04.701Z] npx stderr: │  Update available 6.16.2 -> 7.9.0                       │
[2026-07-21T03:35:04.702Z] node: [2026-07-21T03:35:04.701Z] npx stderr: │                                                         │
[2026-07-21T03:35:04.703Z] node: [2026-07-21T03:35:04.701Z] npx stderr: │  This is a major update - please follow the guide at    │
[2026-07-21T03:35:04.703Z] node: [2026-07-21T03:35:04.702Z] npx stderr: │  https://pris.ly/d/major-version-upgrade                │
[2026-07-21T03:35:04.703Z] node: [2026-07-21T03:35:04.702Z] npx stderr: │                                                         │
[2026-07-21T03:35:04.704Z] node: [2026-07-21T03:35:04.702Z] npx stderr: │  Run the following to update                            │
[2026-07-21T03:35:04.704Z] node: [2026-07-21T03:35:04.702Z] npx stderr: │    npm i --save-dev prisma@latest                       │
[2026-07-21T03:35:04.705Z] node: [2026-07-21T03:35:04.702Z] npx stderr: │    npm i @prisma/client@latest                          │
[2026-07-21T03:35:04.705Z] node: [2026-07-21T03:35:04.702Z] npx stderr: └─────────────────────────────────────────────────────────┘
[2026-07-21T03:35:04.772Z] node: [2026-07-21T03:35:04.771Z] ✅ Prisma db push completed for Recovery DB.
[2026-07-21T03:35:07.678Z] node: [2026-07-21T03:35:07.677Z] 📊 Existing tables: 70
[2026-07-21T03:35:07.678Z] node: [2026-07-21T03:35:07.678Z] 📦 Existing rows: 0
[2026-07-21T03:35:07.680Z] node: [2026-07-21T03:35:07.678Z] 🔎 Product: 0
[2026-07-21T03:35:07.680Z] node: [2026-07-21T03:35:07.678Z] 🔎 BranchPrice: 0
[2026-07-21T03:35:07.680Z] node: [2026-07-21T03:35:07.678Z] 🔎 StockItem: 0
[2026-07-21T03:35:07.681Z] node: [2026-07-21T03:35:07.678Z] 🔎 Sale: 0
[2026-07-21T03:35:07.681Z] node: [2026-07-21T03:35:07.679Z] 🔎 SaleItem: 0
[2026-07-21T03:35:07.681Z] node: [2026-07-21T03:35:07.679Z] 🔎 SaleItemSimple: 0
[2026-07-21T03:35:07.682Z] node: [2026-07-21T03:35:07.679Z] 🔎 Payment: 0
[2026-07-21T03:35:07.682Z] node: [2026-07-21T03:35:07.679Z] 🔎 PaymentItem: 0
[2026-07-21T03:35:07.860Z] node: [2026-07-21T03:35:07.860Z] 📖 SQL loaded into memory (8.94 MB).
[2026-07-21T03:35:07.861Z] node: [2026-07-21T03:35:07.861Z] 🚚 Starting SQL restore via Node.js pg client...
[2026-07-21T03:35:12.185Z] node: [2026-07-21T03:35:12.183Z] ✅ SQL restore completed via Node.js pg client.
[2026-07-21T03:35:15.076Z] node: [2026-07-21T03:35:15.075Z] ✅ Restore verification PASS (70 tables checked).
[2026-07-21T03:35:15.076Z] node: [2026-07-21T03:35:15.076Z] 🎉 Restore completed successfully in 37.34 seconds.
[2026-07-21T03:35:15.099Z] ▶️  Run: node recovery/verify/qbv.js
[2026-07-21T03:35:15.324Z] node: [2026-07-21T03:35:15.320Z] ============================================================
[2026-07-21T03:35:15.326Z] node: [2026-07-21T03:35:15.326Z] 🔎 AlphaTech Integrity Verification ALPHATECH-RECOVERY-VERIFY-V1
[2026-07-21T03:35:15.328Z] node: [2026-07-21T03:35:15.326Z] ============================================================
[2026-07-21T03:35:15.330Z] node: [2026-07-21T03:35:15.326Z] Collecting Production snapshot...
[2026-07-21T03:35:26.013Z] node: [2026-07-21T03:35:26.013Z] Collecting Recovery snapshot...
[2026-07-21T03:35:36.849Z] node: [2026-07-21T03:35:36.849Z] Comparing snapshots...
[2026-07-21T03:35:36.857Z] node: [2026-07-21T03:35:36.856Z] 🧾 JSON report: D:\alpha-tech\server\recovery\reports\verification-report_2026-07-21T03-35-36-853Z.json
[2026-07-21T03:35:36.861Z] node: [2026-07-21T03:35:36.857Z] 🧾 TXT report: D:\alpha-tech\server\recovery\reports\verification-report_2026-07-21T03-35-36-853Z.txt
[2026-07-21T03:35:36.861Z] node: [2026-07-21T03:35:36.857Z] ✅ Overall: PASS
[2026-07-21T03:35:36.875Z] 🧾 Job manifest: D:\alpha-tech\server\recovery\jobs\job-2026-07-21T03-34-22-518Z.json
[2026-07-21T03:35:36.875Z] ✅ Job result: PASS exitCode=0
