[2026-07-07T07:39:48.716Z] ============================================================
[2026-07-07T07:39:48.724Z] 🧭 AlphaTech Recovery Retention Workflow ALPHATECH-RECOVERY-JOB-RUNNER-V6-STANDBY-RESTORE
[2026-07-07T07:39:48.726Z] ============================================================
[2026-07-07T07:39:48.727Z] Mode: backup-workflow
[2026-07-07T07:39:48.730Z] ▶️  Run: node recovery/health/healthCheck.js
[2026-07-07T07:39:48.977Z] node: [2026-07-07T07:39:48.973Z] ============================================================
[2026-07-07T07:39:49.001Z] node: [2026-07-07T07:39:48.982Z] 🩺 AlphaTech Recovery Health Check ALPHATECH-RECOVERY-HEALTH-CHECK-V1
[2026-07-07T07:39:49.003Z] node: [2026-07-07T07:39:48.983Z] ============================================================
[2026-07-07T07:39:49.869Z] node: [2026-07-07T07:39:49.869Z] 🧾 JSON report: D:\alpha-tech\server\recovery\reports\health-check-2026-07-07T07-39-49-865Z.json
[2026-07-07T07:39:49.871Z] node: [2026-07-07T07:39:49.871Z] 🧾 TXT report: D:\alpha-tech\server\recovery\reports\health-check-2026-07-07T07-39-49-865Z.txt
[2026-07-07T07:39:49.872Z] node: [2026-07-07T07:39:49.872Z] ✅ Overall: PASS
[2026-07-07T07:39:50.096Z] ▶️  Run: node qb.js
[2026-07-07T07:39:50.541Z] node: 🔌 Connected to PostgreSQL successfully.
[2026-07-07T07:39:50.550Z] node: ⏳ Starting P1 Hardened Backup v6 Type-aware + generic self-reference FK safe restore...
[2026-07-07T07:39:53.854Z] node: 📦 Exporting table: Bank
[2026-07-07T07:39:53.893Z] node: 📦 Exporting table: Brand
[2026-07-07T07:39:53.936Z] node: 📦 Exporting table: Category
[2026-07-07T07:39:53.972Z] node: 📦 Exporting table: GlobalProductType
[2026-07-07T07:39:54.009Z] node: 📦 Exporting table: Position
[2026-07-07T07:39:54.047Z] node: 📦 Exporting table: Province
[2026-07-07T07:39:54.085Z] node: 📦 Exporting table: District
[2026-07-07T07:39:54.173Z] node: 📦 Exporting table: Subdistrict
[2026-07-07T07:39:54.370Z] node: 📦 Exporting table: Branch
[2026-07-07T07:39:54.409Z] node: 📦 Exporting table: BarcodeCounter
[2026-07-07T07:39:54.446Z] node: 📦 Exporting table: PaymentCodeCounter
[2026-07-07T07:39:54.482Z] node: 📦 Exporting table: ProductType
[2026-07-07T07:39:54.521Z] node: 📦 Exporting table: ProductTypeBrand
[2026-07-07T07:39:54.559Z] node: 📦 Exporting table: Supplier
[2026-07-07T07:39:54.596Z] node: 📦 Exporting table: Unit
[2026-07-07T07:39:54.632Z] node: 📦 Exporting table: Product
[2026-07-07T07:39:54.715Z] node: 📦 Exporting table: BranchPrice
[2026-07-07T07:39:54.780Z] node: 📦 Exporting table: ProductImage
[2026-07-07T07:39:54.816Z] node: 📦 Exporting table: StockBalance
[2026-07-07T07:39:54.858Z] node: 📦 Exporting table: User
[2026-07-07T07:39:54.903Z] node: 📦 Exporting table: CustomerProfile
[2026-07-07T07:39:54.949Z] node: 📦 Exporting table: Cart
[2026-07-07T07:39:54.985Z] node: 📦 Exporting table: CartItem
[2026-07-07T07:39:55.022Z] node: 📦 Exporting table: EmployeeProfile
[2026-07-07T07:39:55.060Z] node: 📦 Exporting table: CombinedBillingDocument
[2026-07-07T07:39:55.096Z] node: 📦 Exporting table: CombinedSaleDocument
[2026-07-07T07:39:55.133Z] node: 📦 Exporting table: CustomerDeposit
[2026-07-07T07:39:55.169Z] node: 📦 Exporting table: CustomerReceipts
[2026-07-07T07:39:55.205Z] node: 📦 Exporting table: InputTaxFilingBatch
[2026-07-07T07:39:55.242Z] node: 📦 Exporting table: Order
[2026-07-07T07:39:55.278Z] node: 📦 Exporting table: OrderOnline
[2026-07-07T07:39:55.315Z] node: 📦 Exporting table: OrderOnlineItem
[2026-07-07T07:39:55.351Z] node: 📦 Exporting table: PasswordResetToken
[2026-07-07T07:39:55.387Z] node: 📦 Exporting table: ProductOnOrder
[2026-07-07T07:39:55.425Z] node: 📦 Exporting table: PurchaseOrder
[2026-07-07T07:39:55.461Z] node: 📦 Exporting table: PurchaseOrderItem
[2026-07-07T07:39:55.497Z] node: 📦 Exporting table: PurchaseOrderReceipt
[2026-07-07T07:39:55.534Z] node: 📦 Exporting table: InputTaxFilingItem
[2026-07-07T07:39:55.570Z] node: 📦 Exporting table: PurchaseOrderReceiptItem
[2026-07-07T07:39:55.607Z] node: 📦 Exporting table: RefreshToken
[2026-07-07T07:39:55.802Z] node: 📦 Exporting table: Sale
[2026-07-07T07:39:55.839Z] node: 📦 Exporting table: CustomerReceiptAllocations
[2026-07-07T07:39:55.876Z] node: 📦 Exporting table: Payment
[2026-07-07T07:39:55.913Z] node: 📦 Exporting table: DepositUsage
[2026-07-07T07:39:55.950Z] node: 📦 Exporting table: PaymentItem
[2026-07-07T07:39:55.986Z] node: 📦 Exporting table: SaleReturn
[2026-07-07T07:39:56.023Z] node: 📦 Exporting table: RefundTransaction
[2026-07-07T07:39:56.059Z] node: 📦 Exporting table: SalesTaxFilingBatch
[2026-07-07T07:39:56.096Z] node: 📦 Exporting table: SalesTaxFilingItem
[2026-07-07T07:39:56.132Z] node: 📦 Exporting table: ServiceOrder
[2026-07-07T07:39:56.169Z] node: 📦 Exporting table: ServiceItem
[2026-07-07T07:39:56.205Z] node: 📦 Exporting table: SimpleLot
[2026-07-07T07:39:56.242Z] node: 📦 Exporting table: SaleItemSimple
[2026-07-07T07:39:56.278Z] node: 📦 Exporting table: SaleReturnItemSimple
[2026-07-07T07:39:56.315Z] node: 📦 Exporting table: StockAuditSession
[2026-07-07T07:39:56.351Z] node: 📦 Exporting table: StockItem
[2026-07-07T07:39:56.408Z] node: 📦 Exporting table: BarcodeReceiptItem
[2026-07-07T07:39:56.445Z] node: 📦 Exporting table: RepairJob
[2026-07-07T07:39:56.483Z] node: 📦 Exporting table: RepairPartItem
[2026-07-07T07:39:56.520Z] node: 📦 Exporting table: SaleItem
[2026-07-07T07:39:56.557Z] node: 📦 Exporting table: SaleReturnItem
[2026-07-07T07:39:56.595Z] node: 📦 Exporting table: StockAuditScanLog
[2026-07-07T07:39:56.632Z] node: 📦 Exporting table: StockAuditSnapshotItem
[2026-07-07T07:39:56.668Z] node: 📦 Exporting table: StockMovement
[2026-07-07T07:39:56.708Z] node: 📦 Exporting table: SupplierPayment
[2026-07-07T07:39:56.769Z] node: 📦 Exporting table: SupplierPaymentReceipt
[2026-07-07T07:39:56.805Z] node: 📦 Exporting table: V2CustomerDeposit
[2026-07-07T07:39:56.842Z] node: 📦 Exporting table: V2StockAudit
[2026-07-07T07:39:56.879Z] node: 📦 Exporting table: V2StockAuditItem
[2026-07-07T07:39:56.915Z] node: 📦 Exporting table: WarrantyClaim
[2026-07-07T07:39:59.527Z] node: 🎉 P1 Hardened Backup v6 Type-aware + generic self-reference FK safe restore completed successfully.
[2026-07-07T07:39:59.530Z] node: 💾 Backup file: D:\alpha-tech\server\backups\alphatech_hardened_backup_v6_2026-07-07_2026-07-07T07-39-53-819Z.sql
[2026-07-07T07:39:59.531Z] node: 🧾 Manifest file: D:\alpha-tech\server\backups\alphatech_hardened_backup_v6_2026-07-07_2026-07-07T07-39-53-819Z.manifest.json
[2026-07-07T07:39:59.531Z] node: 📊 Tables exported: 70
[2026-07-07T07:39:59.538Z] node: 📦 Rows exported: 15216
[2026-07-07T07:39:59.539Z] node: 🔢 Sequences prepared: 67
[2026-07-07T07:39:59.540Z] node: 🔐 SHA256: 46f569eb153337e189db193a345abeb19ab5fe359e6ded4a96613c0cabe33673
[2026-07-07T07:39:59.541Z] node: 📐 File size: 4.46 MB
[2026-07-07T07:39:59.541Z] node: ⏱️ Duration: 6.73 seconds
[2026-07-07T07:39:59.542Z] node: ✅ Verification: PASS (70 tables checked)
[2026-07-07T07:39:59.589Z] ▶️  Run: node recovery/upload/uploadBackup.js --manifest D:\alpha-tech\server\backups\alphatech_hardened_backup_v6_2026-07-07_2026-07-07T07-39-53-819Z.manifest.json
[2026-07-07T07:39:59.679Z] node: [2026-07-07T07:39:59.674Z] ============================================================
[2026-07-07T07:39:59.682Z] node: [2026-07-07T07:39:59.682Z] AlphaTech Recovery Upload ALPHATECH-RECOVERY-UPLOAD-V2-S3-COMPATIBLE
[2026-07-07T07:39:59.685Z] node: [2026-07-07T07:39:59.683Z] ============================================================
[2026-07-07T07:39:59.884Z] node stderr: (node:13472) Warning: NodeVersionSupportWarning: The AWS SDK for JavaScript (v3)
[2026-07-07T07:39:59.884Z] node stderr: versions published after the first week of January 2027
[2026-07-07T07:39:59.886Z] node stderr: will require node >=22. You are running node v20.19.0.
[2026-07-07T07:39:59.893Z] node stderr: To continue receiving updates to AWS services, bug fixes,
[2026-07-07T07:39:59.894Z] node stderr: and security updates please upgrade to node >=22.
[2026-07-07T07:39:59.896Z] node stderr: More information can be found at: https://a.co/c895JFp
[2026-07-07T07:39:59.898Z] node stderr: (Use `node --trace-warnings ...` to show where the warning was created)
[2026-07-07T07:40:03.459Z] node: [2026-07-07T07:40:03.458Z] JSON report: D:\alpha-tech\server\recovery\reports\upload-report-2026-07-07T07-40-03-448Z.json
[2026-07-07T07:40:03.460Z] node: [2026-07-07T07:40:03.460Z] TXT report: D:\alpha-tech\server\recovery\reports\upload-report-2026-07-07T07-40-03-448Z.txt
[2026-07-07T07:40:03.461Z] node: [2026-07-07T07:40:03.460Z] Overall: PASS
[2026-07-07T07:40:03.494Z] ▶️  Run: node recovery/retention/retentionPolicy.js --apply
[2026-07-07T07:40:03.595Z] node: [2026-07-07T07:40:03.590Z] ============================================================
[2026-07-07T07:40:03.598Z] node: [2026-07-07T07:40:03.598Z] 🧹 AlphaTech Recovery Retention ALPHATECH-RECOVERY-RETENTION-V1
[2026-07-07T07:40:03.600Z] node: [2026-07-07T07:40:03.600Z] ============================================================
[2026-07-07T07:40:03.605Z] node: [2026-07-07T07:40:03.600Z] Mode: APPLY
[2026-07-07T07:40:03.609Z] node: [2026-07-07T07:40:03.609Z] ------------------------------------------------------------
[2026-07-07T07:40:03.612Z] node: [2026-07-07T07:40:03.610Z] Target      : local-backups
[2026-07-07T07:40:03.613Z] node: [2026-07-07T07:40:03.611Z] Directory   : D:\alpha-tech\server\backups
[2026-07-07T07:40:03.615Z] node: [2026-07-07T07:40:03.611Z] Retention   : 3 day(s)
[2026-07-07T07:40:03.623Z] node: [2026-07-07T07:40:03.613Z] Scanned     : 28
[2026-07-07T07:40:03.624Z] node: [2026-07-07T07:40:03.615Z] Candidates  : 0
[2026-07-07T07:40:03.632Z] node: [2026-07-07T07:40:03.616Z] Deleted     : 0
[2026-07-07T07:40:03.633Z] node: [2026-07-07T07:40:03.617Z] Remaining   : 28
[2026-07-07T07:40:03.635Z] node: [2026-07-07T07:40:03.617Z] Failed      : 0
[2026-07-07T07:40:03.637Z] node: [2026-07-07T07:40:03.618Z] ------------------------------------------------------------
[2026-07-07T07:40:03.641Z] node: [2026-07-07T07:40:03.620Z] Target      : offsite-local-mirror
[2026-07-07T07:40:03.650Z] node: [2026-07-07T07:40:03.623Z] Directory   : D:\alpha-tech\server\recovery\offsite
[2026-07-07T07:40:03.671Z] node: [2026-07-07T07:40:03.624Z] Retention   : 7 day(s)
[2026-07-07T07:40:03.702Z] node: [2026-07-07T07:40:03.625Z] Scanned     : 12
[2026-07-07T07:40:03.709Z] node: [2026-07-07T07:40:03.625Z] Candidates  : 0
[2026-07-07T07:40:03.716Z] node: [2026-07-07T07:40:03.625Z] Deleted     : 0
[2026-07-07T07:40:03.732Z] node: [2026-07-07T07:40:03.626Z] Remaining   : 12
[2026-07-07T07:40:03.735Z] node: [2026-07-07T07:40:03.626Z] Failed      : 0
[2026-07-07T07:40:03.736Z] node: [2026-07-07T07:40:03.631Z] 🧾 JSON report: D:\alpha-tech\server\recovery\reports\retention-report-2026-07-07T07-40-03-627Z.json
[2026-07-07T07:40:03.742Z] node: [2026-07-07T07:40:03.632Z] 🧾 TXT report: D:\alpha-tech\server\recovery\reports\retention-report-2026-07-07T07-40-03-627Z.txt
[2026-07-07T07:40:03.748Z] node: [2026-07-07T07:40:03.632Z] ✅ Overall: PASS
[2026-07-07T07:40:03.750Z] ▶️  Run: node qbrs.js --manifest D:\alpha-tech\server\backups\alphatech_hardened_backup_v6_2026-07-07_2026-07-07T07-39-53-819Z.manifest.json --init --yes --reset-schema
[2026-07-07T07:40:03.903Z] node: [2026-07-07T07:40:03.901Z] ============================================================
[2026-07-07T07:40:03.906Z] node: [2026-07-07T07:40:03.906Z] 🚑 AlphaTech Restore Tool P1-HARDENED-RESTORE-V3-NODE-PG
[2026-07-07T07:40:03.908Z] node: [2026-07-07T07:40:03.907Z] ============================================================
[2026-07-07T07:40:03.930Z] node: [2026-07-07T07:40:03.931Z] ✅ Manifest loaded.
[2026-07-07T07:40:03.932Z] node: [2026-07-07T07:40:03.931Z] ✅ SQL file: D:\alpha-tech\server\backups\alphatech_hardened_backup_v6_2026-07-07_2026-07-07T07-39-53-819Z.sql
[2026-07-07T07:40:03.934Z] node: [2026-07-07T07:40:03.932Z] ✅ SHA256 verified: 46f569eb153337e189db193a345abeb19ab5fe359e6ded4a96613c0cabe33673
[2026-07-07T07:40:03.936Z] node: [2026-07-07T07:40:03.934Z] 🎯 Target DB: postgresql://postgres:***@db.engqdeyzbvnmxbnpemau.supabase.co:5432/postgres
[2026-07-07T07:40:03.943Z] node: [2026-07-07T07:40:03.935Z] 🎯 Host: db.engqdeyzbvnmxbnpemau.supabase.co
[2026-07-07T07:40:03.944Z] node: [2026-07-07T07:40:03.936Z] 🎯 Port: 5432
[2026-07-07T07:40:03.945Z] node: [2026-07-07T07:40:03.938Z] 🎯 Database: postgres
[2026-07-07T07:40:03.946Z] node: [2026-07-07T07:40:03.938Z] 🎯 Schema: public
[2026-07-07T07:40:04.330Z] node: [2026-07-07T07:40:04.331Z] 🔌 Connected to target PostgreSQL successfully.
[2026-07-07T07:40:07.848Z] node: [2026-07-07T07:40:07.848Z] 📊 Existing tables: 70
[2026-07-07T07:40:07.849Z] node: [2026-07-07T07:40:07.849Z] 📦 Existing rows: 15071
[2026-07-07T07:40:07.850Z] node: [2026-07-07T07:40:07.849Z] 🔎 Product: 917
[2026-07-07T07:40:07.857Z] node: [2026-07-07T07:40:07.850Z] 🔎 BranchPrice: 915
[2026-07-07T07:40:07.860Z] node: [2026-07-07T07:40:07.851Z] 🔎 StockItem: 461
[2026-07-07T07:40:07.861Z] node: [2026-07-07T07:40:07.851Z] 🔎 Sale: 1
[2026-07-07T07:40:07.862Z] node: [2026-07-07T07:40:07.851Z] 🔎 SaleItem: 1
[2026-07-07T07:40:07.868Z] node: [2026-07-07T07:40:07.851Z] 🔎 SaleItemSimple: 0
[2026-07-07T07:40:07.869Z] node: [2026-07-07T07:40:07.852Z] 🔎 Payment: 1
[2026-07-07T07:40:07.870Z] node: [2026-07-07T07:40:07.852Z] 🔎 PaymentItem: 1
[2026-07-07T07:40:08.127Z] node: [2026-07-07T07:40:08.128Z] 🧨 Resetting target schema "public" before restore...
[2026-07-07T07:40:08.128Z] node: [2026-07-07T07:40:08.128Z] 🛡️ This action is intended for Recovery / Standby DB only.
[2026-07-07T07:40:08.753Z] node: [2026-07-07T07:40:08.753Z] ✅ Schema "public" reset completed.
[2026-07-07T07:40:08.790Z] node: [2026-07-07T07:40:08.790Z] 🧱 Running Prisma db push against Recovery DB only...
[2026-07-07T07:40:08.793Z] node: [2026-07-07T07:40:08.791Z] 🛡️ DATABASE_URL is injected from RESTORE_DATABASE_URL/RECOVERY_DATABASE_URL for this process only.
[2026-07-07T07:40:11.562Z] node: [2026-07-07T07:40:11.563Z] npx stderr: Environment variables loaded from .env
[2026-07-07T07:40:11.565Z] node: [2026-07-07T07:40:11.565Z] npx: Prisma schema loaded from prisma\schema.prisma
[2026-07-07T07:40:11.575Z] node: [2026-07-07T07:40:11.576Z] npx: Datasource "db": PostgreSQL database "postgres", schema "public" at "db.engqdeyzbvnmxbnpemau.supabase.co:5432"
[2026-07-07T07:40:27.877Z] node: [2026-07-07T07:40:27.877Z] npx: Your database is now in sync with your Prisma schema. Done in 15.78s
[2026-07-07T07:40:27.880Z] node: [2026-07-07T07:40:27.880Z] npx: Running generate... (Use --skip-generate to skip the generators)
[2026-07-07T07:40:28.783Z] node: [2026-07-07T07:40:28.783Z] npx: [2K[1A[2K[GRunning generate... - Prisma Client
[2026-07-07T07:40:29.901Z] node: [2026-07-07T07:40:29.901Z] npx: [2K[1A[2K[GEPERM: operation not permitted, rename 'D:\alpha-tech\server\node_modules\.prism
[2026-07-07T07:40:29.902Z] node: [2026-07-07T07:40:29.902Z] npx: a\client\query_engine-windows.dll.node.tmp13692' -> 'D:\alpha-tech\server\node_m
[2026-07-07T07:40:29.903Z] node: [2026-07-07T07:40:29.902Z] npx: odules\.prisma\client\query_engine-windows.dll.node'
[2026-07-07T07:40:29.957Z] node: [2026-07-07T07:40:29.958Z] ✅ Prisma db push completed for Recovery DB.
[2026-07-07T07:40:33.175Z] node: [2026-07-07T07:40:33.175Z] 📊 Existing tables: 70
[2026-07-07T07:40:33.175Z] node: [2026-07-07T07:40:33.175Z] 📦 Existing rows: 0
[2026-07-07T07:40:33.178Z] node: [2026-07-07T07:40:33.176Z] 🔎 Product: 0
[2026-07-07T07:40:33.184Z] node: [2026-07-07T07:40:33.177Z] 🔎 BranchPrice: 0
[2026-07-07T07:40:33.185Z] node: [2026-07-07T07:40:33.177Z] 🔎 StockItem: 0
[2026-07-07T07:40:33.186Z] node: [2026-07-07T07:40:33.177Z] 🔎 Sale: 0
[2026-07-07T07:40:33.186Z] node: [2026-07-07T07:40:33.178Z] 🔎 SaleItem: 0
[2026-07-07T07:40:33.187Z] node: [2026-07-07T07:40:33.178Z] 🔎 SaleItemSimple: 0
[2026-07-07T07:40:33.188Z] node: [2026-07-07T07:40:33.178Z] 🔎 Payment: 0
[2026-07-07T07:40:33.188Z] node: [2026-07-07T07:40:33.179Z] 🔎 PaymentItem: 0
[2026-07-07T07:40:33.228Z] node: [2026-07-07T07:40:33.228Z] 📖 SQL loaded into memory (4.46 MB).
[2026-07-07T07:40:33.229Z] node: [2026-07-07T07:40:33.229Z] 🚚 Starting SQL restore via Node.js pg client...
[2026-07-07T07:40:35.506Z] node: [2026-07-07T07:40:35.506Z] ✅ SQL restore completed via Node.js pg client.
[2026-07-07T07:40:38.196Z] node: [2026-07-07T07:40:38.197Z] ✅ Restore verification PASS (70 tables checked).
[2026-07-07T07:40:38.197Z] node: [2026-07-07T07:40:38.197Z] 🎉 Restore completed successfully in 34.30 seconds.
[2026-07-07T07:40:38.231Z] ▶️  Run: node recovery/verify/qbv.js
[2026-07-07T07:40:38.378Z] node: [2026-07-07T07:40:38.376Z] ============================================================
[2026-07-07T07:40:38.381Z] node: [2026-07-07T07:40:38.381Z] 🔎 AlphaTech Integrity Verification ALPHATECH-RECOVERY-VERIFY-V1
[2026-07-07T07:40:38.382Z] node: [2026-07-07T07:40:38.381Z] ============================================================
[2026-07-07T07:40:38.388Z] node: [2026-07-07T07:40:38.382Z] Collecting Production snapshot...
[2026-07-07T07:40:50.237Z] node: [2026-07-07T07:40:50.237Z] Collecting Recovery snapshot...
[2026-07-07T07:41:10.874Z] node: [2026-07-07T07:41:01.702Z] Comparing snapshots...
[2026-07-07T07:41:10.883Z] node: [2026-07-07T07:41:01.913Z] 🧾 JSON report: D:\alpha-tech\server\recovery\reports\verification-report_2026-07-07T07-41-01-706Z.json
[2026-07-07T07:41:10.889Z] node: [2026-07-07T07:41:01.913Z] 🧾 TXT report: D:\alpha-tech\server\recovery\reports\verification-report_2026-07-07T07-41-01-706Z.txt
[2026-07-07T07:41:10.891Z] node: [2026-07-07T07:41:01.913Z] ✅ Overall: PASS
[2026-07-07T07:41:10.903Z] 🧾 Job manifest: D:\alpha-tech\server\recovery\jobs\job-2026-07-07T07-39-48-710Z.json
[2026-07-07T07:41:10.904Z] ✅ Job result: PASS exitCode=0
