[2026-07-06T14:14:36.167Z] ============================================================
[2026-07-06T14:14:36.173Z] 🧭 AlphaTech Recovery Job Runner ALPHATECH-RECOVERY-JOB-RUNNER-V1
[2026-07-06T14:14:36.173Z] ============================================================
[2026-07-06T14:14:36.174Z] Mode: backup-only
[2026-07-06T14:14:36.174Z] ▶️  Run: node qb.js
[2026-07-06T14:14:36.668Z] node: 🔌 Connected to PostgreSQL successfully.
[2026-07-06T14:14:36.669Z] node: ⏳ Starting P1 Hardened Backup v6 Type-aware + generic self-reference FK safe restore...
[2026-07-06T14:14:41.723Z] node: 📦 Exporting table: Bank
[2026-07-06T14:14:41.854Z] node: 📦 Exporting table: Brand
[2026-07-06T14:14:41.898Z] node: 📦 Exporting table: Category
[2026-07-06T14:14:41.935Z] node: 📦 Exporting table: GlobalProductType
[2026-07-06T14:14:41.972Z] node: 📦 Exporting table: Position
[2026-07-06T14:14:42.010Z] node: 📦 Exporting table: Province
[2026-07-06T14:14:42.047Z] node: 📦 Exporting table: District
[2026-07-06T14:14:42.133Z] node: 📦 Exporting table: Subdistrict
[2026-07-06T14:14:42.332Z] node: 📦 Exporting table: Branch
[2026-07-06T14:14:42.371Z] node: 📦 Exporting table: BarcodeCounter
[2026-07-06T14:14:42.415Z] node: 📦 Exporting table: PaymentCodeCounter
[2026-07-06T14:14:42.452Z] node: 📦 Exporting table: ProductType
[2026-07-06T14:14:42.492Z] node: 📦 Exporting table: ProductTypeBrand
[2026-07-06T14:14:42.531Z] node: 📦 Exporting table: Supplier
[2026-07-06T14:14:42.568Z] node: 📦 Exporting table: Unit
[2026-07-06T14:14:42.605Z] node: 📦 Exporting table: Product
[2026-07-06T14:14:42.683Z] node: 📦 Exporting table: BranchPrice
[2026-07-06T14:14:42.743Z] node: 📦 Exporting table: ProductImage
[2026-07-06T14:14:42.779Z] node: 📦 Exporting table: StockBalance
[2026-07-06T14:14:42.819Z] node: 📦 Exporting table: User
[2026-07-06T14:14:42.862Z] node: 📦 Exporting table: CustomerProfile
[2026-07-06T14:14:42.907Z] node: 📦 Exporting table: Cart
[2026-07-06T14:14:42.944Z] node: 📦 Exporting table: CartItem
[2026-07-06T14:14:42.981Z] node: 📦 Exporting table: EmployeeProfile
[2026-07-06T14:14:43.018Z] node: 📦 Exporting table: CombinedBillingDocument
[2026-07-06T14:14:43.055Z] node: 📦 Exporting table: CombinedSaleDocument
[2026-07-06T14:14:43.092Z] node: 📦 Exporting table: CustomerDeposit
[2026-07-06T14:14:43.129Z] node: 📦 Exporting table: CustomerReceipts
[2026-07-06T14:14:43.166Z] node: 📦 Exporting table: InputTaxFilingBatch
[2026-07-06T14:14:43.202Z] node: 📦 Exporting table: Order
[2026-07-06T14:14:43.239Z] node: 📦 Exporting table: OrderOnline
[2026-07-06T14:14:43.275Z] node: 📦 Exporting table: OrderOnlineItem
[2026-07-06T14:14:43.312Z] node: 📦 Exporting table: PasswordResetToken
[2026-07-06T14:14:43.349Z] node: 📦 Exporting table: ProductOnOrder
[2026-07-06T14:14:43.386Z] node: 📦 Exporting table: PurchaseOrder
[2026-07-06T14:14:43.423Z] node: 📦 Exporting table: PurchaseOrderItem
[2026-07-06T14:14:43.460Z] node: 📦 Exporting table: PurchaseOrderReceipt
[2026-07-06T14:14:43.497Z] node: 📦 Exporting table: InputTaxFilingItem
[2026-07-06T14:14:43.534Z] node: 📦 Exporting table: PurchaseOrderReceiptItem
[2026-07-06T14:14:43.571Z] node: 📦 Exporting table: RefreshToken
[2026-07-06T14:14:43.753Z] node: 📦 Exporting table: Sale
[2026-07-06T14:14:43.790Z] node: 📦 Exporting table: CustomerReceiptAllocations
[2026-07-06T14:14:43.827Z] node: 📦 Exporting table: Payment
[2026-07-06T14:14:43.863Z] node: 📦 Exporting table: DepositUsage
[2026-07-06T14:14:43.900Z] node: 📦 Exporting table: PaymentItem
[2026-07-06T14:14:43.937Z] node: 📦 Exporting table: SaleReturn
[2026-07-06T14:14:43.974Z] node: 📦 Exporting table: RefundTransaction
[2026-07-06T14:14:44.010Z] node: 📦 Exporting table: SalesTaxFilingBatch
[2026-07-06T14:14:44.047Z] node: 📦 Exporting table: SalesTaxFilingItem
[2026-07-06T14:14:44.083Z] node: 📦 Exporting table: ServiceOrder
[2026-07-06T14:14:44.120Z] node: 📦 Exporting table: ServiceItem
[2026-07-06T14:14:44.157Z] node: 📦 Exporting table: SimpleLot
[2026-07-06T14:14:44.193Z] node: 📦 Exporting table: SaleItemSimple
[2026-07-06T14:14:44.230Z] node: 📦 Exporting table: SaleReturnItemSimple
[2026-07-06T14:14:44.267Z] node: 📦 Exporting table: StockAuditSession
[2026-07-06T14:14:44.303Z] node: 📦 Exporting table: StockItem
[2026-07-06T14:14:44.363Z] node: 📦 Exporting table: BarcodeReceiptItem
[2026-07-06T14:14:44.400Z] node: 📦 Exporting table: RepairJob
[2026-07-06T14:14:44.436Z] node: 📦 Exporting table: RepairPartItem
[2026-07-06T14:14:44.473Z] node: 📦 Exporting table: SaleItem
[2026-07-06T14:14:44.510Z] node: 📦 Exporting table: SaleReturnItem
[2026-07-06T14:14:44.547Z] node: 📦 Exporting table: StockAuditScanLog
[2026-07-06T14:14:44.586Z] node: 📦 Exporting table: StockAuditSnapshotItem
[2026-07-06T14:14:44.623Z] node: 📦 Exporting table: StockMovement
[2026-07-06T14:14:44.662Z] node: 📦 Exporting table: SupplierPayment
[2026-07-06T14:14:44.699Z] node: 📦 Exporting table: SupplierPaymentReceipt
[2026-07-06T14:14:44.736Z] node: 📦 Exporting table: V2CustomerDeposit
[2026-07-06T14:14:44.772Z] node: 📦 Exporting table: V2StockAudit
[2026-07-06T14:14:44.809Z] node: 📦 Exporting table: V2StockAuditItem
[2026-07-06T14:14:44.845Z] node: 📦 Exporting table: WarrantyClaim
[2026-07-06T14:14:47.486Z] node: 🎉 P1 Hardened Backup v6 Type-aware + generic self-reference FK safe restore completed successfully.
[2026-07-06T14:14:47.486Z] node: 💾 Backup file: D:\alpha-tech\server\backups\alphatech_hardened_backup_v6_2026-07-06_2026-07-06T14-14-41-699Z.sql
[2026-07-06T14:14:47.488Z] node: 🧾 Manifest file: D:\alpha-tech\server\backups\alphatech_hardened_backup_v6_2026-07-06_2026-07-06T14-14-41-699Z.manifest.json
[2026-07-06T14:14:47.489Z] node: 📊 Tables exported: 70
[2026-07-06T14:14:47.489Z] node: 📦 Rows exported: 15072
[2026-07-06T14:14:47.490Z] node: 🔢 Sequences prepared: 67
[2026-07-06T14:14:47.490Z] node: 🔐 SHA256: b2284818df258c5b75c0f42da81561b81452b2fe89e37b1419119fc7a4e02735
[2026-07-06T14:14:47.490Z] node: 📐 File size: 4.39 MB
[2026-07-06T14:14:47.491Z] node: ⏱️ Duration: 8.60 seconds
[2026-07-06T14:14:47.491Z] node: ✅ Verification: PASS (70 tables checked)
[2026-07-06T14:14:47.553Z] 🧾 Job manifest: D:\alpha-tech\server\recovery\jobs\job-2026-07-06T14-14-36-165Z.json
[2026-07-06T14:14:47.553Z] ✅ Job result: PASS exitCode=0
