[2026-07-07T21:34:22.723Z] ============================================================
[2026-07-07T21:34:22.735Z] 🧭 AlphaTech Recovery Retention Workflow ALPHATECH-RECOVERY-JOB-RUNNER-V7-R2-RETENTION
[2026-07-07T21:34:22.736Z] ============================================================
[2026-07-07T21:34:22.736Z] Mode: backup-workflow
[2026-07-07T21:34:22.737Z] ▶️  Run: node recovery/health/healthCheck.js
[2026-07-07T21:34:22.954Z] node: [2026-07-07T21:34:22.951Z] ============================================================
[2026-07-07T21:34:22.955Z] node: [2026-07-07T21:34:22.955Z] 🩺 AlphaTech Recovery Health Check ALPHATECH-RECOVERY-HEALTH-CHECK-V1
[2026-07-07T21:34:22.956Z] node: [2026-07-07T21:34:22.955Z] ============================================================
[2026-07-07T21:34:23.774Z] node: [2026-07-07T21:34:23.773Z] 🧾 JSON report: D:\alpha-tech\server\recovery\reports\health-check-2026-07-07T21-34-23-763Z.json
[2026-07-07T21:34:23.774Z] node: [2026-07-07T21:34:23.774Z] 🧾 TXT report: D:\alpha-tech\server\recovery\reports\health-check-2026-07-07T21-34-23-763Z.txt
[2026-07-07T21:34:23.775Z] node: [2026-07-07T21:34:23.774Z] ✅ Overall: PASS
[2026-07-07T21:34:23.790Z] ▶️  Run: node qb.js
[2026-07-07T21:34:24.213Z] node: 🔌 Connected to PostgreSQL successfully.
[2026-07-07T21:34:24.222Z] node: ⏳ Starting P1 Hardened Backup v6 Type-aware + generic self-reference FK safe restore...
[2026-07-07T21:34:27.571Z] node: 📦 Exporting table: Bank
[2026-07-07T21:34:27.609Z] node: 📦 Exporting table: Brand
[2026-07-07T21:34:27.651Z] node: 📦 Exporting table: Category
[2026-07-07T21:34:27.687Z] node: 📦 Exporting table: GlobalProductType
[2026-07-07T21:34:27.723Z] node: 📦 Exporting table: Position
[2026-07-07T21:34:27.767Z] node: 📦 Exporting table: Province
[2026-07-07T21:34:27.803Z] node: 📦 Exporting table: District
[2026-07-07T21:34:27.885Z] node: 📦 Exporting table: Subdistrict
[2026-07-07T21:34:28.052Z] node: 📦 Exporting table: Branch
[2026-07-07T21:34:28.088Z] node: 📦 Exporting table: BarcodeCounter
[2026-07-07T21:34:28.124Z] node: 📦 Exporting table: PaymentCodeCounter
[2026-07-07T21:34:28.159Z] node: 📦 Exporting table: ProductType
[2026-07-07T21:34:28.198Z] node: 📦 Exporting table: ProductTypeBrand
[2026-07-07T21:34:28.235Z] node: 📦 Exporting table: Supplier
[2026-07-07T21:34:28.273Z] node: 📦 Exporting table: Unit
[2026-07-07T21:34:28.309Z] node: 📦 Exporting table: Product
[2026-07-07T21:34:28.383Z] node: 📦 Exporting table: BranchPrice
[2026-07-07T21:34:28.441Z] node: 📦 Exporting table: ProductImage
[2026-07-07T21:34:28.476Z] node: 📦 Exporting table: StockBalance
[2026-07-07T21:34:28.514Z] node: 📦 Exporting table: User
[2026-07-07T21:34:28.555Z] node: 📦 Exporting table: CustomerProfile
[2026-07-07T21:34:28.597Z] node: 📦 Exporting table: Cart
[2026-07-07T21:34:28.632Z] node: 📦 Exporting table: CartItem
[2026-07-07T21:34:28.668Z] node: 📦 Exporting table: EmployeeProfile
[2026-07-07T21:34:28.704Z] node: 📦 Exporting table: CombinedBillingDocument
[2026-07-07T21:34:28.739Z] node: 📦 Exporting table: CombinedSaleDocument
[2026-07-07T21:34:28.775Z] node: 📦 Exporting table: CustomerDeposit
[2026-07-07T21:34:28.810Z] node: 📦 Exporting table: CustomerReceipts
[2026-07-07T21:34:28.846Z] node: 📦 Exporting table: InputTaxFilingBatch
[2026-07-07T21:34:28.881Z] node: 📦 Exporting table: Order
[2026-07-07T21:34:28.917Z] node: 📦 Exporting table: OrderOnline
[2026-07-07T21:34:28.952Z] node: 📦 Exporting table: OrderOnlineItem
[2026-07-07T21:34:28.987Z] node: 📦 Exporting table: PasswordResetToken
[2026-07-07T21:34:29.023Z] node: 📦 Exporting table: ProductOnOrder
[2026-07-07T21:34:29.058Z] node: 📦 Exporting table: PurchaseOrder
[2026-07-07T21:34:29.093Z] node: 📦 Exporting table: PurchaseOrderItem
[2026-07-07T21:34:29.129Z] node: 📦 Exporting table: PurchaseOrderReceipt
[2026-07-07T21:34:29.164Z] node: 📦 Exporting table: InputTaxFilingItem
[2026-07-07T21:34:29.200Z] node: 📦 Exporting table: PurchaseOrderReceiptItem
[2026-07-07T21:34:29.235Z] node: 📦 Exporting table: RefreshToken
[2026-07-07T21:34:29.417Z] node: 📦 Exporting table: Sale
[2026-07-07T21:34:29.454Z] node: 📦 Exporting table: CustomerReceiptAllocations
[2026-07-07T21:34:29.494Z] node: 📦 Exporting table: Payment
[2026-07-07T21:34:29.529Z] node: 📦 Exporting table: DepositUsage
[2026-07-07T21:34:29.565Z] node: 📦 Exporting table: PaymentItem
[2026-07-07T21:34:29.826Z] node: 📦 Exporting table: SaleReturn
[2026-07-07T21:34:29.826Z] node: 📦 Exporting table: RefundTransaction
[2026-07-07T21:34:29.826Z] node: 📦 Exporting table: SalesTaxFilingBatch
[2026-07-07T21:34:29.827Z] node: 📦 Exporting table: SalesTaxFilingItem
[2026-07-07T21:34:29.827Z] node: 📦 Exporting table: ServiceOrder
[2026-07-07T21:34:29.828Z] node: 📦 Exporting table: ServiceItem
[2026-07-07T21:34:29.828Z] node: 📦 Exporting table: SimpleLot
[2026-07-07T21:34:29.847Z] node: 📦 Exporting table: SaleItemSimple
[2026-07-07T21:34:29.882Z] node: 📦 Exporting table: SaleReturnItemSimple
[2026-07-07T21:34:29.918Z] node: 📦 Exporting table: StockAuditSession
[2026-07-07T21:34:29.954Z] node: 📦 Exporting table: StockItem
[2026-07-07T21:34:30.014Z] node: 📦 Exporting table: BarcodeReceiptItem
[2026-07-07T21:34:30.049Z] node: 📦 Exporting table: RepairJob
[2026-07-07T21:34:30.086Z] node: 📦 Exporting table: RepairPartItem
[2026-07-07T21:34:30.122Z] node: 📦 Exporting table: SaleItem
[2026-07-07T21:34:30.158Z] node: 📦 Exporting table: SaleReturnItem
[2026-07-07T21:34:30.193Z] node: 📦 Exporting table: StockAuditScanLog
[2026-07-07T21:34:30.228Z] node: 📦 Exporting table: StockAuditSnapshotItem
[2026-07-07T21:34:30.264Z] node: 📦 Exporting table: StockMovement
[2026-07-07T21:34:30.301Z] node: 📦 Exporting table: SupplierPayment
[2026-07-07T21:34:30.337Z] node: 📦 Exporting table: SupplierPaymentReceipt
[2026-07-07T21:34:30.372Z] node: 📦 Exporting table: V2CustomerDeposit
[2026-07-07T21:34:30.407Z] node: 📦 Exporting table: V2StockAudit
[2026-07-07T21:34:30.443Z] node: 📦 Exporting table: V2StockAuditItem
[2026-07-07T21:34:30.478Z] node: 📦 Exporting table: WarrantyClaim
[2026-07-07T21:34:33.050Z] node: 🎉 P1 Hardened Backup v6 Type-aware + generic self-reference FK safe restore completed successfully.
[2026-07-07T21:34:33.051Z] node: 💾 Backup file: D:\alpha-tech\server\backups\alphatech_hardened_backup_v6_2026-07-07_2026-07-07T21-34-27-492Z.sql
[2026-07-07T21:34:33.051Z] node: 🧾 Manifest file: D:\alpha-tech\server\backups\alphatech_hardened_backup_v6_2026-07-07_2026-07-07T21-34-27-492Z.manifest.json
[2026-07-07T21:34:33.052Z] node: 📊 Tables exported: 70
[2026-07-07T21:34:33.052Z] node: 📦 Rows exported: 15356
[2026-07-07T21:34:33.052Z] node: 🔢 Sequences prepared: 67
[2026-07-07T21:34:33.053Z] node: 🔐 SHA256: 8ed973737bde980d55f804d663d28bbcff757deb20cec729740613b84345e6b0
[2026-07-07T21:34:33.053Z] node: 📐 File size: 4.52 MB
[2026-07-07T21:34:33.053Z] node: ⏱️ Duration: 6.61 seconds
[2026-07-07T21:34:33.054Z] node: ✅ Verification: PASS (70 tables checked)
[2026-07-07T21:34:33.110Z] ▶️  Run: node recovery/upload/uploadBackup.js --manifest D:\alpha-tech\server\backups\alphatech_hardened_backup_v6_2026-07-07_2026-07-07T21-34-27-492Z.manifest.json
[2026-07-07T21:34:33.193Z] node: [2026-07-07T21:34:33.188Z] ============================================================
[2026-07-07T21:34:33.195Z] node: [2026-07-07T21:34:33.195Z] AlphaTech Recovery Upload ALPHATECH-RECOVERY-UPLOAD-V2-S3-COMPATIBLE
[2026-07-07T21:34:33.522Z] node stderr: (node:6628) Warning: NodeVersionSupportWarning: The AWS SDK for JavaScript (v3)
[2026-07-07T21:34:33.522Z] node stderr: versions published after the first week of January 2027
[2026-07-07T21:34:33.523Z] node stderr: will require node >=22. You are running node v20.19.0.
[2026-07-07T21:34:33.523Z] node stderr: To continue receiving updates to AWS services, bug fixes,
[2026-07-07T21:34:33.523Z] node stderr: and security updates please upgrade to node >=22.
[2026-07-07T21:34:33.524Z] node stderr: More information can be found at: https://a.co/c895JFp
[2026-07-07T21:34:33.524Z] node stderr: (Use `node --trace-warnings ...` to show where the warning was created)
[2026-07-07T21:34:33.524Z] node: [2026-07-07T21:34:33.195Z] ============================================================
[2026-07-07T21:34:35.028Z] node: [2026-07-07T21:34:35.027Z] JSON report: D:\alpha-tech\server\recovery\reports\upload-report-2026-07-07T21-34-35-025Z.json
[2026-07-07T21:34:35.028Z] node: [2026-07-07T21:34:35.027Z] TXT report: D:\alpha-tech\server\recovery\reports\upload-report-2026-07-07T21-34-35-025Z.txt
[2026-07-07T21:34:35.029Z] node: [2026-07-07T21:34:35.028Z] Overall: PASS
[2026-07-07T21:34:35.790Z] ------------------------------------------------------------
[2026-07-07T21:34:35.791Z] Target      : cloudflare-r2
[2026-07-07T21:34:35.792Z] Bucket      : saduaksabuy-recovery
[2026-07-07T21:34:35.793Z] Prefix      : alphatech-production/
[2026-07-07T21:34:35.793Z] Retention   : 7 day(s)
[2026-07-07T21:34:35.793Z] Mode        : APPLY
[2026-07-07T21:34:35.794Z] Scanned     : 22
[2026-07-07T21:34:35.794Z] Candidates  : 0
[2026-07-07T21:34:35.794Z] Deleted     : 0
[2026-07-07T21:34:35.794Z] Remaining   : 22
[2026-07-07T21:34:35.795Z] Failed      : 0
[2026-07-07T21:34:35.795Z] ▶️  Run: node recovery/retention/retentionPolicy.js --apply
[2026-07-07T21:34:35.872Z] node: [2026-07-07T21:34:35.866Z] ============================================================
[2026-07-07T21:34:35.875Z] node: [2026-07-07T21:34:35.874Z] 🧹 AlphaTech Recovery Retention ALPHATECH-RECOVERY-RETENTION-V1
[2026-07-07T21:34:35.875Z] node: [2026-07-07T21:34:35.874Z] ============================================================
[2026-07-07T21:34:36.103Z] node: [2026-07-07T21:34:35.874Z] Mode: APPLY
[2026-07-07T21:34:36.104Z] node: [2026-07-07T21:34:35.882Z] ------------------------------------------------------------
[2026-07-07T21:34:36.104Z] node: [2026-07-07T21:34:35.882Z] Target      : local-backups
[2026-07-07T21:34:36.105Z] node: [2026-07-07T21:34:35.882Z] Directory   : D:\alpha-tech\server\backups
[2026-07-07T21:34:36.105Z] node: [2026-07-07T21:34:35.883Z] Retention   : 3 day(s)
[2026-07-07T21:34:36.105Z] node: [2026-07-07T21:34:35.883Z] Scanned     : 38
[2026-07-07T21:34:36.106Z] node: [2026-07-07T21:34:35.883Z] Candidates  : 0
[2026-07-07T21:34:36.106Z] node: [2026-07-07T21:34:35.883Z] Deleted     : 0
[2026-07-07T21:34:36.106Z] node: [2026-07-07T21:34:35.884Z] Remaining   : 38
[2026-07-07T21:34:36.107Z] node: [2026-07-07T21:34:35.884Z] Failed      : 0
[2026-07-07T21:34:36.107Z] node: [2026-07-07T21:34:35.884Z] ------------------------------------------------------------
[2026-07-07T21:34:36.107Z] node: [2026-07-07T21:34:35.884Z] Target      : offsite-local-mirror
[2026-07-07T21:34:36.108Z] node: [2026-07-07T21:34:35.884Z] Directory   : D:\alpha-tech\server\recovery\offsite
[2026-07-07T21:34:36.108Z] node: [2026-07-07T21:34:35.884Z] Retention   : 7 day(s)
[2026-07-07T21:34:36.108Z] node: [2026-07-07T21:34:35.885Z] Scanned     : 12
[2026-07-07T21:34:36.109Z] node: [2026-07-07T21:34:35.885Z] Candidates  : 0
[2026-07-07T21:34:36.109Z] node: [2026-07-07T21:34:35.885Z] Deleted     : 0
[2026-07-07T21:34:36.109Z] node: [2026-07-07T21:34:35.885Z] Remaining   : 12
[2026-07-07T21:34:36.109Z] node: [2026-07-07T21:34:35.885Z] Failed      : 0
[2026-07-07T21:34:36.110Z] node: [2026-07-07T21:34:35.887Z] 🧾 JSON report: D:\alpha-tech\server\recovery\reports\retention-report-2026-07-07T21-34-35-886Z.json
[2026-07-07T21:34:36.110Z] node: [2026-07-07T21:34:35.888Z] 🧾 TXT report: D:\alpha-tech\server\recovery\reports\retention-report-2026-07-07T21-34-35-886Z.txt
[2026-07-07T21:34:36.110Z] node: [2026-07-07T21:34:35.888Z] ✅ Overall: PASS
[2026-07-07T21:34:36.111Z] ▶️  Run: node qbrs.js --manifest D:\alpha-tech\server\backups\alphatech_hardened_backup_v6_2026-07-07_2026-07-07T21-34-27-492Z.manifest.json --init --yes --reset-schema
[2026-07-07T21:34:36.273Z] node: [2026-07-07T21:34:36.271Z] ============================================================
[2026-07-07T21:34:36.275Z] node: [2026-07-07T21:34:36.274Z] 🚑 AlphaTech Restore Tool P1-HARDENED-RESTORE-V3-NODE-PG
[2026-07-07T21:34:36.275Z] node: [2026-07-07T21:34:36.275Z] ============================================================
[2026-07-07T21:34:36.296Z] node: [2026-07-07T21:34:36.296Z] ✅ Manifest loaded.
[2026-07-07T21:34:36.296Z] node: [2026-07-07T21:34:36.296Z] ✅ SQL file: D:\alpha-tech\server\backups\alphatech_hardened_backup_v6_2026-07-07_2026-07-07T21-34-27-492Z.sql
[2026-07-07T21:34:36.297Z] node: [2026-07-07T21:34:36.297Z] ✅ SHA256 verified: 8ed973737bde980d55f804d663d28bbcff757deb20cec729740613b84345e6b0
[2026-07-07T21:34:36.298Z] node: [2026-07-07T21:34:36.298Z] 🎯 Target DB: postgresql://postgres:***@db.engqdeyzbvnmxbnpemau.supabase.co:5432/postgres
[2026-07-07T21:34:36.298Z] node: [2026-07-07T21:34:36.298Z] 🎯 Host: db.engqdeyzbvnmxbnpemau.supabase.co
[2026-07-07T21:34:36.298Z] node: [2026-07-07T21:34:36.298Z] 🎯 Port: 5432
[2026-07-07T21:34:36.298Z] node: [2026-07-07T21:34:36.298Z] 🎯 Database: postgres
[2026-07-07T21:34:36.299Z] node: [2026-07-07T21:34:36.299Z] 🎯 Schema: public
[2026-07-07T21:34:36.649Z] node: [2026-07-07T21:34:36.649Z] 🔌 Connected to target PostgreSQL successfully.
[2026-07-07T21:34:39.821Z] node: [2026-07-07T21:34:39.821Z] 📊 Existing tables: 70
[2026-07-07T21:34:39.821Z] node: [2026-07-07T21:34:39.821Z] 📦 Existing rows: 15356
[2026-07-07T21:34:39.823Z] node: [2026-07-07T21:34:39.822Z] 🔎 Product: 927
[2026-07-07T21:34:39.823Z] node: [2026-07-07T21:34:39.822Z] 🔎 BranchPrice: 925
[2026-07-07T21:34:39.823Z] node: [2026-07-07T21:34:39.822Z] 🔎 StockItem: 528
[2026-07-07T21:34:39.824Z] node: [2026-07-07T21:34:39.822Z] 🔎 Sale: 1
[2026-07-07T21:34:39.824Z] node: [2026-07-07T21:34:39.822Z] 🔎 SaleItem: 1
[2026-07-07T21:34:39.825Z] node: [2026-07-07T21:34:39.823Z] 🔎 SaleItemSimple: 0
[2026-07-07T21:34:39.825Z] node: [2026-07-07T21:34:39.823Z] 🔎 Payment: 1
[2026-07-07T21:34:39.825Z] node: [2026-07-07T21:34:39.824Z] 🔎 PaymentItem: 1
[2026-07-07T21:34:40.103Z] node: [2026-07-07T21:34:40.103Z] 🧨 Resetting target schema "public" before restore...
[2026-07-07T21:34:40.103Z] node: [2026-07-07T21:34:40.103Z] 🛡️ This action is intended for Recovery / Standby DB only.
[2026-07-07T21:34:40.643Z] node: [2026-07-07T21:34:40.643Z] ✅ Schema "public" reset completed.
[2026-07-07T21:34:40.682Z] node: [2026-07-07T21:34:40.682Z] 🧱 Running Prisma db push against Recovery DB only...
[2026-07-07T21:34:40.682Z] node: [2026-07-07T21:34:40.682Z] 🛡️ DATABASE_URL is injected from RESTORE_DATABASE_URL/RECOVERY_DATABASE_URL for this process only.
[2026-07-07T21:34:44.382Z] node: [2026-07-07T21:34:44.382Z] npx stderr: Environment variables loaded from .env
[2026-07-07T21:34:44.383Z] node: [2026-07-07T21:34:44.383Z] npx: Prisma schema loaded from prisma\schema.prisma
[2026-07-07T21:34:44.394Z] node: [2026-07-07T21:34:44.394Z] npx: Datasource "db": PostgreSQL database "postgres", schema "public" at "db.engqdeyzbvnmxbnpemau.supabase.co:5432"
[2026-07-07T21:35:00.376Z] node: [2026-07-07T21:35:00.376Z] npx: Your database is now in sync with your Prisma schema. Done in 15.41s
[2026-07-07T21:35:00.378Z] node: [2026-07-07T21:35:00.378Z] npx: Running generate... (Use --skip-generate to skip the generators)
[2026-07-07T21:35:01.237Z] node: [2026-07-07T21:35:01.237Z] npx: [2K[1A[2K[GRunning generate... - Prisma Client
[2026-07-07T21:35:02.429Z] node: [2026-07-07T21:35:02.429Z] npx: [2K[1A[2K[G✔ Generated Prisma Client (v6.16.2) to .\node_modules\.prisma\client in 1.19s
[2026-07-07T21:35:02.431Z] node: [2026-07-07T21:35:02.431Z] npx stderr: ┌─────────────────────────────────────────────────────────┐
[2026-07-07T21:35:02.432Z] node: [2026-07-07T21:35:02.431Z] npx stderr: │  Update available 6.16.2 -> 7.8.0                       │
[2026-07-07T21:35:02.432Z] node: [2026-07-07T21:35:02.432Z] npx stderr: │                                                         │
[2026-07-07T21:35:02.432Z] node: [2026-07-07T21:35:02.432Z] npx stderr: │  This is a major update - please follow the guide at    │
[2026-07-07T21:35:02.433Z] node: [2026-07-07T21:35:02.432Z] npx stderr: │  https://pris.ly/d/major-version-upgrade                │
[2026-07-07T21:35:02.433Z] node: [2026-07-07T21:35:02.432Z] npx stderr: │                                                         │
[2026-07-07T21:35:02.433Z] node: [2026-07-07T21:35:02.432Z] npx stderr: │  Run the following to update                            │
[2026-07-07T21:35:02.434Z] node: [2026-07-07T21:35:02.433Z] npx stderr: │    npm i --save-dev prisma@latest                       │
[2026-07-07T21:35:02.434Z] node: [2026-07-07T21:35:02.433Z] npx stderr: │    npm i @prisma/client@latest                          │
[2026-07-07T21:35:02.434Z] node: [2026-07-07T21:35:02.433Z] npx stderr: └─────────────────────────────────────────────────────────┘
[2026-07-07T21:35:02.488Z] node: [2026-07-07T21:35:02.488Z] ✅ Prisma db push completed for Recovery DB.
[2026-07-07T21:35:05.371Z] node: [2026-07-07T21:35:05.371Z] 📊 Existing tables: 70
[2026-07-07T21:35:05.372Z] node: [2026-07-07T21:35:05.371Z] 📦 Existing rows: 0
[2026-07-07T21:35:05.464Z] node: [2026-07-07T21:35:05.372Z] 🔎 Product: 0
[2026-07-07T21:35:05.465Z] node: [2026-07-07T21:35:05.372Z] 🔎 BranchPrice: 0
[2026-07-07T21:35:05.465Z] node: [2026-07-07T21:35:05.372Z] 🔎 StockItem: 0
[2026-07-07T21:35:05.465Z] node: [2026-07-07T21:35:05.372Z] 🔎 Sale: 0
[2026-07-07T21:35:05.466Z] node: [2026-07-07T21:35:05.372Z] 🔎 SaleItem: 0
[2026-07-07T21:35:05.466Z] node: [2026-07-07T21:35:05.373Z] 🔎 SaleItemSimple: 0
[2026-07-07T21:35:05.466Z] node: [2026-07-07T21:35:05.373Z] 🔎 Payment: 0
[2026-07-07T21:35:05.467Z] node: [2026-07-07T21:35:05.373Z] 🔎 PaymentItem: 0
[2026-07-07T21:35:05.467Z] node: [2026-07-07T21:35:05.419Z] 📖 SQL loaded into memory (4.52 MB).
[2026-07-07T21:35:05.467Z] node: [2026-07-07T21:35:05.419Z] 🚚 Starting SQL restore via Node.js pg client...
[2026-07-07T21:35:07.775Z] node: [2026-07-07T21:35:07.775Z] ✅ SQL restore completed via Node.js pg client.
[2026-07-07T21:35:10.744Z] node: [2026-07-07T21:35:10.744Z] ✅ Restore verification PASS (70 tables checked).
[2026-07-07T21:35:10.745Z] node: [2026-07-07T21:35:10.744Z] 🎉 Restore completed successfully in 34.47 seconds.
[2026-07-07T21:35:11.094Z] ▶️  Run: node recovery/verify/qbv.js
[2026-07-07T21:35:11.246Z] node: [2026-07-07T21:35:11.244Z] ============================================================
[2026-07-07T21:35:11.248Z] node: [2026-07-07T21:35:11.248Z] 🔎 AlphaTech Integrity Verification ALPHATECH-RECOVERY-VERIFY-V1
[2026-07-07T21:35:11.249Z] node: [2026-07-07T21:35:11.249Z] ============================================================
[2026-07-07T21:35:11.250Z] node: [2026-07-07T21:35:11.249Z] Collecting Production snapshot...
[2026-07-07T21:35:22.057Z] node: [2026-07-07T21:35:22.056Z] Collecting Recovery snapshot...
[2026-07-07T21:35:32.567Z] node: [2026-07-07T21:35:32.567Z] Comparing snapshots...
[2026-07-07T21:35:32.581Z] node: [2026-07-07T21:35:32.581Z] 🧾 JSON report: D:\alpha-tech\server\recovery\reports\verification-report_2026-07-07T21-35-32-572Z.json
[2026-07-07T21:35:32.582Z] node: [2026-07-07T21:35:32.582Z] 🧾 TXT report: D:\alpha-tech\server\recovery\reports\verification-report_2026-07-07T21-35-32-572Z.txt
[2026-07-07T21:35:32.582Z] node: [2026-07-07T21:35:32.582Z] ✅ Overall: PASS
[2026-07-07T21:35:32.599Z] 🧾 Job manifest: D:\alpha-tech\server\recovery\jobs\job-2026-07-07T21-34-22-712Z.json
[2026-07-07T21:35:32.599Z] ✅ Job result: PASS exitCode=0
