[2026-07-11T01:39:48.903Z] ============================================================
[2026-07-11T01:39:48.909Z] 🧭 AlphaTech Recovery Retention Workflow ALPHATECH-RECOVERY-JOB-RUNNER-V7-R2-RETENTION
[2026-07-11T01:39:48.910Z] ============================================================
[2026-07-11T01:39:48.910Z] Mode: backup-workflow
[2026-07-11T01:39:48.911Z] ▶️  Run: node recovery/health/healthCheck.js
[2026-07-11T01:39:49.080Z] node: [2026-07-11T01:39:49.078Z] ============================================================
[2026-07-11T01:39:49.081Z] node: [2026-07-11T01:39:49.081Z] 🩺 AlphaTech Recovery Health Check ALPHATECH-RECOVERY-HEALTH-CHECK-V1
[2026-07-11T01:39:49.082Z] node: [2026-07-11T01:39:49.081Z] ============================================================
[2026-07-11T01:39:49.863Z] node: [2026-07-11T01:39:49.862Z] 🧾 JSON report: D:\alpha-tech\server\recovery\reports\health-check-2026-07-11T01-39-49-861Z.json
[2026-07-11T01:39:49.863Z] node: [2026-07-11T01:39:49.863Z] 🧾 TXT report: D:\alpha-tech\server\recovery\reports\health-check-2026-07-11T01-39-49-861Z.txt
[2026-07-11T01:39:49.864Z] node: [2026-07-11T01:39:49.863Z] ✅ Overall: PASS
[2026-07-11T01:39:49.876Z] ▶️  Run: node qb.js
[2026-07-11T01:39:50.296Z] node: 🔌 Connected to PostgreSQL successfully.
[2026-07-11T01:39:50.305Z] node: ⏳ Starting P1 Hardened Backup v6 Type-aware + generic self-reference FK safe restore...
[2026-07-11T01:39:53.678Z] node: 📦 Exporting table: Bank
[2026-07-11T01:39:53.716Z] node: 📦 Exporting table: Brand
[2026-07-11T01:39:53.758Z] node: 📦 Exporting table: Category
[2026-07-11T01:39:53.793Z] node: 📦 Exporting table: GlobalProductType
[2026-07-11T01:39:53.828Z] node: 📦 Exporting table: Position
[2026-07-11T01:39:53.864Z] node: 📦 Exporting table: Province
[2026-07-11T01:39:53.900Z] node: 📦 Exporting table: District
[2026-07-11T01:39:53.951Z] node: 📦 Exporting table: Subdistrict
[2026-07-11T01:39:54.137Z] node: 📦 Exporting table: Branch
[2026-07-11T01:39:54.175Z] node: 📦 Exporting table: BarcodeCounter
[2026-07-11T01:39:54.211Z] node: 📦 Exporting table: PaymentCodeCounter
[2026-07-11T01:39:54.246Z] node: 📦 Exporting table: ProductType
[2026-07-11T01:39:54.284Z] node: 📦 Exporting table: ProductTypeBrand
[2026-07-11T01:39:54.322Z] node: 📦 Exporting table: Supplier
[2026-07-11T01:39:54.357Z] node: 📦 Exporting table: Unit
[2026-07-11T01:39:54.393Z] node: 📦 Exporting table: Product
[2026-07-11T01:39:54.471Z] node: 📦 Exporting table: BranchPrice
[2026-07-11T01:39:54.533Z] node: 📦 Exporting table: ProductImage
[2026-07-11T01:39:54.568Z] node: 📦 Exporting table: StockBalance
[2026-07-11T01:39:54.609Z] node: 📦 Exporting table: User
[2026-07-11T01:39:54.649Z] node: 📦 Exporting table: CustomerProfile
[2026-07-11T01:39:54.690Z] node: 📦 Exporting table: Cart
[2026-07-11T01:39:54.726Z] node: 📦 Exporting table: CartItem
[2026-07-11T01:39:54.760Z] node: 📦 Exporting table: EmployeeProfile
[2026-07-11T01:39:54.795Z] node: 📦 Exporting table: CombinedBillingDocument
[2026-07-11T01:39:54.830Z] node: 📦 Exporting table: CombinedSaleDocument
[2026-07-11T01:39:54.865Z] node: 📦 Exporting table: CustomerDeposit
[2026-07-11T01:39:54.900Z] node: 📦 Exporting table: CustomerReceipts
[2026-07-11T01:39:54.935Z] node: 📦 Exporting table: InputTaxFilingBatch
[2026-07-11T01:39:54.970Z] node: 📦 Exporting table: Order
[2026-07-11T01:39:55.005Z] node: 📦 Exporting table: OrderOnline
[2026-07-11T01:39:55.040Z] node: 📦 Exporting table: OrderOnlineItem
[2026-07-11T01:39:55.075Z] node: 📦 Exporting table: PasswordResetToken
[2026-07-11T01:39:55.110Z] node: 📦 Exporting table: ProductOnOrder
[2026-07-11T01:39:55.144Z] node: 📦 Exporting table: PurchaseOrder
[2026-07-11T01:39:55.180Z] node: 📦 Exporting table: PurchaseOrderItem
[2026-07-11T01:39:55.215Z] node: 📦 Exporting table: PurchaseOrderReceipt
[2026-07-11T01:39:55.251Z] node: 📦 Exporting table: InputTaxFilingItem
[2026-07-11T01:39:55.285Z] node: 📦 Exporting table: PurchaseOrderReceiptItem
[2026-07-11T01:39:55.320Z] node: 📦 Exporting table: RefreshToken
[2026-07-11T01:39:55.509Z] node: 📦 Exporting table: Sale
[2026-07-11T01:39:55.545Z] node: 📦 Exporting table: CustomerReceiptAllocations
[2026-07-11T01:39:55.580Z] node: 📦 Exporting table: Payment
[2026-07-11T01:39:55.948Z] node: 📦 Exporting table: DepositUsage
[2026-07-11T01:39:55.948Z] node: 📦 Exporting table: PaymentItem
[2026-07-11T01:39:55.949Z] node: 📦 Exporting table: SaleReturn
[2026-07-11T01:39:55.949Z] node: 📦 Exporting table: RefundTransaction
[2026-07-11T01:39:55.949Z] node: 📦 Exporting table: SalesTaxFilingBatch
[2026-07-11T01:39:55.949Z] node: 📦 Exporting table: SalesTaxFilingItem
[2026-07-11T01:39:55.950Z] node: 📦 Exporting table: ServiceOrder
[2026-07-11T01:39:55.950Z] node: 📦 Exporting table: ServiceItem
[2026-07-11T01:39:55.950Z] node: 📦 Exporting table: SimpleLot
[2026-07-11T01:39:55.950Z] node: 📦 Exporting table: SaleItemSimple
[2026-07-11T01:39:55.963Z] node: 📦 Exporting table: SaleReturnItemSimple
[2026-07-11T01:39:55.999Z] node: 📦 Exporting table: StockAuditSession
[2026-07-11T01:39:56.034Z] node: 📦 Exporting table: StockItem
[2026-07-11T01:39:56.098Z] node: 📦 Exporting table: BarcodeReceiptItem
[2026-07-11T01:39:56.133Z] node: 📦 Exporting table: RepairJob
[2026-07-11T01:39:56.168Z] node: 📦 Exporting table: RepairPartItem
[2026-07-11T01:39:56.204Z] node: 📦 Exporting table: SaleItem
[2026-07-11T01:39:56.239Z] node: 📦 Exporting table: SaleReturnItem
[2026-07-11T01:39:56.274Z] node: 📦 Exporting table: StockAuditScanLog
[2026-07-11T01:39:56.309Z] node: 📦 Exporting table: StockAuditSnapshotItem
[2026-07-11T01:39:56.345Z] node: 📦 Exporting table: StockMovement
[2026-07-11T01:39:56.386Z] node: 📦 Exporting table: SupplierPayment
[2026-07-11T01:39:56.422Z] node: 📦 Exporting table: SupplierPaymentReceipt
[2026-07-11T01:39:56.456Z] node: 📦 Exporting table: V2CustomerDeposit
[2026-07-11T01:39:56.492Z] node: 📦 Exporting table: V2StockAudit
[2026-07-11T01:39:56.527Z] node: 📦 Exporting table: V2StockAuditItem
[2026-07-11T01:39:56.562Z] node: 📦 Exporting table: WarrantyClaim
[2026-07-11T01:39:59.069Z] node: 🎉 P1 Hardened Backup v6 Type-aware + generic self-reference FK safe restore completed successfully.
[2026-07-11T01:39:59.069Z] node: 💾 Backup file: D:\alpha-tech\server\backups\alphatech_hardened_backup_v6_2026-07-11_2026-07-11T01-39-53-644Z.sql
[2026-07-11T01:39:59.071Z] node: 🧾 Manifest file: D:\alpha-tech\server\backups\alphatech_hardened_backup_v6_2026-07-11_2026-07-11T01-39-53-644Z.manifest.json
[2026-07-11T01:39:59.072Z] node: 📊 Tables exported: 70
[2026-07-11T01:39:59.073Z] node: 📦 Rows exported: 16399
[2026-07-11T01:39:59.073Z] node: 🔢 Sequences prepared: 67
[2026-07-11T01:39:59.073Z] node: 🔐 SHA256: c499e4747ec4b9b6b7565224e7f889b7f68ad2ce5df8c049a4c444d47f3e5ada
[2026-07-11T01:39:59.074Z] node: 📐 File size: 4.98 MB
[2026-07-11T01:39:59.074Z] node: ⏱️ Duration: 6.61 seconds
[2026-07-11T01:39:59.074Z] node: ✅ Verification: PASS (70 tables checked)
[2026-07-11T01:39:59.127Z] ▶️  Run: node recovery/upload/uploadBackup.js --manifest D:\alpha-tech\server\backups\alphatech_hardened_backup_v6_2026-07-11_2026-07-11T01-39-53-644Z.manifest.json
[2026-07-11T01:39:59.211Z] node: [2026-07-11T01:39:59.206Z] ============================================================
[2026-07-11T01:39:59.213Z] node: [2026-07-11T01:39:59.213Z] AlphaTech Recovery Upload ALPHATECH-RECOVERY-UPLOAD-V2-S3-COMPATIBLE
[2026-07-11T01:39:59.213Z] node: [2026-07-11T01:39:59.213Z] ============================================================
[2026-07-11T01:39:59.416Z] node stderr: (node:33504) Warning: NodeVersionSupportWarning: The AWS SDK for JavaScript (v3)
[2026-07-11T01:39:59.417Z] node stderr: versions published after the first week of January 2027
[2026-07-11T01:39:59.418Z] node stderr: will require node >=22. You are running node v20.19.0.
[2026-07-11T01:39:59.418Z] node stderr: To continue receiving updates to AWS services, bug fixes,
[2026-07-11T01:39:59.419Z] node stderr: and security updates please upgrade to node >=22.
[2026-07-11T01:39:59.419Z] node stderr: More information can be found at: https://a.co/c895JFp
[2026-07-11T01:39:59.420Z] node stderr: (Use `node --trace-warnings ...` to show where the warning was created)
[2026-07-11T01:40:01.949Z] node: [2026-07-11T01:40:01.949Z] JSON report: D:\alpha-tech\server\recovery\reports\upload-report-2026-07-11T01-40-01-948Z.json
[2026-07-11T01:40:01.950Z] node: [2026-07-11T01:40:01.949Z] TXT report: D:\alpha-tech\server\recovery\reports\upload-report-2026-07-11T01-40-01-948Z.txt
[2026-07-11T01:40:01.951Z] node: [2026-07-11T01:40:01.950Z] Overall: PASS
[2026-07-11T01:40:02.990Z] ------------------------------------------------------------
[2026-07-11T01:40:02.990Z] Target      : cloudflare-r2
[2026-07-11T01:40:03.003Z] Bucket      : saduaksabuy-recovery
[2026-07-11T01:40:03.003Z] Prefix      : alphatech-production/
[2026-07-11T01:40:03.003Z] Retention   : 7 day(s)
[2026-07-11T01:40:03.004Z] Mode        : APPLY
[2026-07-11T01:40:03.004Z] Scanned     : 66
[2026-07-11T01:40:03.005Z] Candidates  : 0
[2026-07-11T01:40:03.005Z] Deleted     : 0
[2026-07-11T01:40:03.005Z] Remaining   : 66
[2026-07-11T01:40:03.006Z] Failed      : 0
[2026-07-11T01:40:03.006Z] ▶️  Run: node recovery/retention/retentionPolicy.js --apply
[2026-07-11T01:40:03.098Z] node: [2026-07-11T01:40:03.092Z] ============================================================
[2026-07-11T01:40:03.100Z] node: [2026-07-11T01:40:03.100Z] 🧹 AlphaTech Recovery Retention ALPHATECH-RECOVERY-RETENTION-V1
[2026-07-11T01:40:03.100Z] node: [2026-07-11T01:40:03.100Z] ============================================================
[2026-07-11T01:40:03.126Z] node: [2026-07-11T01:40:03.101Z] Mode: APPLY
[2026-07-11T01:40:03.127Z] node: [2026-07-11T01:40:03.108Z] ------------------------------------------------------------
[2026-07-11T01:40:03.127Z] node: [2026-07-11T01:40:03.109Z] Target      : local-backups
[2026-07-11T01:40:03.127Z] node: [2026-07-11T01:40:03.109Z] Directory   : D:\alpha-tech\server\backups
[2026-07-11T01:40:03.128Z] node: [2026-07-11T01:40:03.109Z] Retention   : 3 day(s)
[2026-07-11T01:40:03.128Z] node: [2026-07-11T01:40:03.109Z] Scanned     : 44
[2026-07-11T01:40:03.128Z] node: [2026-07-11T01:40:03.110Z] Candidates  : 0
[2026-07-11T01:40:03.128Z] node: [2026-07-11T01:40:03.110Z] Deleted     : 0
[2026-07-11T01:40:03.129Z] node: [2026-07-11T01:40:03.110Z] Remaining   : 44
[2026-07-11T01:40:03.129Z] node: [2026-07-11T01:40:03.110Z] Failed      : 0
[2026-07-11T01:40:03.129Z] node: [2026-07-11T01:40:03.111Z] ------------------------------------------------------------
[2026-07-11T01:40:03.130Z] node: [2026-07-11T01:40:03.111Z] Target      : offsite-local-mirror
[2026-07-11T01:40:03.130Z] node: [2026-07-11T01:40:03.111Z] Directory   : D:\alpha-tech\server\recovery\offsite
[2026-07-11T01:40:03.130Z] node: [2026-07-11T01:40:03.111Z] Retention   : 7 day(s)
[2026-07-11T01:40:03.130Z] node: [2026-07-11T01:40:03.111Z] Scanned     : 12
[2026-07-11T01:40:03.131Z] node: [2026-07-11T01:40:03.112Z] Candidates  : 0
[2026-07-11T01:40:03.131Z] node: [2026-07-11T01:40:03.112Z] Deleted     : 0
[2026-07-11T01:40:03.131Z] node: [2026-07-11T01:40:03.112Z] Remaining   : 12
[2026-07-11T01:40:03.131Z] node: [2026-07-11T01:40:03.112Z] Failed      : 0
[2026-07-11T01:40:03.131Z] node: [2026-07-11T01:40:03.114Z] 🧾 JSON report: D:\alpha-tech\server\recovery\reports\retention-report-2026-07-11T01-40-03-112Z.json
[2026-07-11T01:40:03.132Z] node: [2026-07-11T01:40:03.114Z] 🧾 TXT report: D:\alpha-tech\server\recovery\reports\retention-report-2026-07-11T01-40-03-112Z.txt
[2026-07-11T01:40:03.132Z] node: [2026-07-11T01:40:03.114Z] ✅ Overall: PASS
[2026-07-11T01:40:03.133Z] ▶️  Run: node qbrs.js --manifest D:\alpha-tech\server\backups\alphatech_hardened_backup_v6_2026-07-11_2026-07-11T01-39-53-644Z.manifest.json --init --yes --reset-schema
[2026-07-11T01:40:03.294Z] node: [2026-07-11T01:40:03.292Z] ============================================================
[2026-07-11T01:40:03.296Z] node: [2026-07-11T01:40:03.295Z] 🚑 AlphaTech Restore Tool P1-HARDENED-RESTORE-V3-NODE-PG
[2026-07-11T01:40:03.297Z] node: [2026-07-11T01:40:03.296Z] ============================================================
[2026-07-11T01:40:03.320Z] node: [2026-07-11T01:40:03.319Z] ✅ Manifest loaded.
[2026-07-11T01:40:03.320Z] node: [2026-07-11T01:40:03.320Z] ✅ SQL file: D:\alpha-tech\server\backups\alphatech_hardened_backup_v6_2026-07-11_2026-07-11T01-39-53-644Z.sql
[2026-07-11T01:40:03.321Z] node: [2026-07-11T01:40:03.320Z] ✅ SHA256 verified: c499e4747ec4b9b6b7565224e7f889b7f68ad2ce5df8c049a4c444d47f3e5ada
[2026-07-11T01:40:03.322Z] node: [2026-07-11T01:40:03.321Z] 🎯 Target DB: postgresql://postgres:***@db.engqdeyzbvnmxbnpemau.supabase.co:5432/postgres
[2026-07-11T01:40:03.322Z] node: [2026-07-11T01:40:03.321Z] 🎯 Host: db.engqdeyzbvnmxbnpemau.supabase.co
[2026-07-11T01:40:03.323Z] node: [2026-07-11T01:40:03.322Z] 🎯 Port: 5432
[2026-07-11T01:40:03.323Z] node: [2026-07-11T01:40:03.323Z] 🎯 Database: postgres
[2026-07-11T01:40:03.323Z] node: [2026-07-11T01:40:03.323Z] 🎯 Schema: public
[2026-07-11T01:40:03.701Z] node: [2026-07-11T01:40:03.700Z] 🔌 Connected to target PostgreSQL successfully.
[2026-07-11T01:40:07.127Z] node: [2026-07-11T01:40:07.127Z] 📊 Existing tables: 70
[2026-07-11T01:40:07.128Z] node: [2026-07-11T01:40:07.127Z] 📦 Existing rows: 16399
[2026-07-11T01:40:07.129Z] node: [2026-07-11T01:40:07.128Z] 🔎 Product: 1069
[2026-07-11T01:40:07.279Z] node: [2026-07-11T01:40:07.128Z] 🔎 BranchPrice: 1067
[2026-07-11T01:40:07.279Z] node: [2026-07-11T01:40:07.128Z] 🔎 StockItem: 787
[2026-07-11T01:40:07.280Z] node: [2026-07-11T01:40:07.128Z] 🔎 Sale: 4
[2026-07-11T01:40:07.280Z] node: [2026-07-11T01:40:07.128Z] 🔎 SaleItem: 6
[2026-07-11T01:40:07.281Z] node: [2026-07-11T01:40:07.129Z] 🔎 SaleItemSimple: 0
[2026-07-11T01:40:07.281Z] node: [2026-07-11T01:40:07.129Z] 🔎 Payment: 2
[2026-07-11T01:40:07.281Z] node: [2026-07-11T01:40:07.129Z] 🔎 PaymentItem: 2
[2026-07-11T01:40:07.396Z] node: [2026-07-11T01:40:07.396Z] 🧨 Resetting target schema "public" before restore...
[2026-07-11T01:40:07.397Z] node: [2026-07-11T01:40:07.396Z] 🛡️ This action is intended for Recovery / Standby DB only.
[2026-07-11T01:40:07.888Z] node: [2026-07-11T01:40:07.888Z] ✅ Schema "public" reset completed.
[2026-07-11T01:40:07.925Z] node: [2026-07-11T01:40:07.924Z] 🧱 Running Prisma db push against Recovery DB only...
[2026-07-11T01:40:07.925Z] node: [2026-07-11T01:40:07.925Z] 🛡️ DATABASE_URL is injected from RESTORE_DATABASE_URL/RECOVERY_DATABASE_URL for this process only.
[2026-07-11T01:40:11.754Z] node: [2026-07-11T01:40:11.753Z] npx stderr: Environment variables loaded from .env
[2026-07-11T01:40:11.755Z] node: [2026-07-11T01:40:11.755Z] npx: Prisma schema loaded from prisma\schema.prisma
[2026-07-11T01:40:11.766Z] node: [2026-07-11T01:40:11.766Z] npx: Datasource "db": PostgreSQL database "postgres", schema "public" at "db.engqdeyzbvnmxbnpemau.supabase.co:5432"
[2026-07-11T01:40:27.823Z] node: [2026-07-11T01:40:27.823Z] npx: Your database is now in sync with your Prisma schema. Done in 15.46s
[2026-07-11T01:40:27.825Z] node: [2026-07-11T01:40:27.825Z] npx: Running generate... (Use --skip-generate to skip the generators)
[2026-07-11T01:40:28.854Z] node: [2026-07-11T01:40:28.853Z] npx: [2K[1A[2K[GRunning generate... - Prisma Client
[2026-07-11T01:40:30.156Z] node: [2026-07-11T01:40:30.156Z] npx: [2K[1A[2K[G✔ Generated Prisma Client (v6.16.2) to .\node_modules\.prisma\client in 1.30s
[2026-07-11T01:40:30.210Z] node: [2026-07-11T01:40:30.209Z] ✅ Prisma db push completed for Recovery DB.
[2026-07-11T01:40:33.376Z] node: [2026-07-11T01:40:33.376Z] 📊 Existing tables: 70
[2026-07-11T01:40:33.377Z] node: [2026-07-11T01:40:33.376Z] 📦 Existing rows: 0
[2026-07-11T01:40:33.378Z] node: [2026-07-11T01:40:33.376Z] 🔎 Product: 0
[2026-07-11T01:40:33.378Z] node: [2026-07-11T01:40:33.377Z] 🔎 BranchPrice: 0
[2026-07-11T01:40:33.378Z] node: [2026-07-11T01:40:33.377Z] 🔎 StockItem: 0
[2026-07-11T01:40:33.379Z] node: [2026-07-11T01:40:33.377Z] 🔎 Sale: 0
[2026-07-11T01:40:33.379Z] node: [2026-07-11T01:40:33.377Z] 🔎 SaleItem: 0
[2026-07-11T01:40:33.380Z] node: [2026-07-11T01:40:33.377Z] 🔎 SaleItemSimple: 0
[2026-07-11T01:40:33.380Z] node: [2026-07-11T01:40:33.377Z] 🔎 Payment: 0
[2026-07-11T01:40:33.380Z] node: [2026-07-11T01:40:33.378Z] 🔎 PaymentItem: 0
[2026-07-11T01:40:33.507Z] node: [2026-07-11T01:40:33.506Z] 📖 SQL loaded into memory (4.98 MB).
[2026-07-11T01:40:33.507Z] node: [2026-07-11T01:40:33.507Z] 🚚 Starting SQL restore via Node.js pg client...
[2026-07-11T01:40:36.191Z] node: [2026-07-11T01:40:36.191Z] ✅ SQL restore completed via Node.js pg client.
[2026-07-11T01:40:38.995Z] node: [2026-07-11T01:40:38.994Z] ✅ Restore verification PASS (70 tables checked).
[2026-07-11T01:40:38.995Z] node: [2026-07-11T01:40:38.995Z] 🎉 Restore completed successfully in 35.70 seconds.
[2026-07-11T01:40:39.010Z] ▶️  Run: node recovery/verify/qbv.js
[2026-07-11T01:40:39.187Z] node: [2026-07-11T01:40:39.185Z] ============================================================
[2026-07-11T01:40:39.189Z] node: [2026-07-11T01:40:39.189Z] 🔎 AlphaTech Integrity Verification ALPHATECH-RECOVERY-VERIFY-V1
[2026-07-11T01:40:39.190Z] node: [2026-07-11T01:40:39.189Z] ============================================================
[2026-07-11T01:40:39.190Z] node: [2026-07-11T01:40:39.189Z] Collecting Production snapshot...
[2026-07-11T01:40:50.168Z] node: [2026-07-11T01:40:50.168Z] Collecting Recovery snapshot...
[2026-07-11T01:41:01.296Z] node: [2026-07-11T01:41:01.296Z] Comparing snapshots...
[2026-07-11T01:41:01.310Z] node: [2026-07-11T01:41:01.310Z] 🧾 JSON report: D:\alpha-tech\server\recovery\reports\verification-report_2026-07-11T01-41-01-299Z.json
[2026-07-11T01:41:01.310Z] node: [2026-07-11T01:41:01.310Z] 🧾 TXT report: D:\alpha-tech\server\recovery\reports\verification-report_2026-07-11T01-41-01-299Z.txt
[2026-07-11T01:41:01.311Z] node: [2026-07-11T01:41:01.310Z] ✅ Overall: PASS
[2026-07-11T01:41:01.324Z] 🧾 Job manifest: D:\alpha-tech\server\recovery\jobs\job-2026-07-11T01-39-48-900Z.json
[2026-07-11T01:41:01.325Z] ✅ Job result: PASS exitCode=0
