[2026-07-18T19:39:48.719Z] ============================================================
[2026-07-18T19:39:48.726Z] 🧭 AlphaTech Recovery Retention Workflow ALPHATECH-RECOVERY-JOB-RUNNER-V7-R2-RETENTION
[2026-07-18T19:39:48.726Z] ============================================================
[2026-07-18T19:39:48.727Z] Mode: backup-workflow
[2026-07-18T19:39:48.727Z] ▶️  Run: node recovery/health/healthCheck.js
[2026-07-18T19:39:48.895Z] node: [2026-07-18T19:39:48.892Z] ============================================================
[2026-07-18T19:39:48.896Z] node: [2026-07-18T19:39:48.896Z] 🩺 AlphaTech Recovery Health Check ALPHATECH-RECOVERY-HEALTH-CHECK-V1
[2026-07-18T19:39:48.896Z] node: [2026-07-18T19:39:48.896Z] ============================================================
[2026-07-18T19:39:49.776Z] node: [2026-07-18T19:39:49.776Z] 🧾 JSON report: D:\alpha-tech\server\recovery\reports\health-check-2026-07-18T19-39-49-767Z.json
[2026-07-18T19:39:49.777Z] node: [2026-07-18T19:39:49.776Z] 🧾 TXT report: D:\alpha-tech\server\recovery\reports\health-check-2026-07-18T19-39-49-767Z.txt
[2026-07-18T19:39:49.777Z] node: [2026-07-18T19:39:49.777Z] ✅ Overall: PASS
[2026-07-18T19:39:49.797Z] ▶️  Run: node qb.js
[2026-07-18T19:39:50.217Z] node: 🔌 Connected to PostgreSQL successfully.
[2026-07-18T19:39:50.226Z] node: ⏳ Starting P1 Hardened Backup v6 Type-aware + generic self-reference FK safe restore...
[2026-07-18T19:39:53.468Z] node: 📦 Exporting table: Bank
[2026-07-18T19:39:53.505Z] node: 📦 Exporting table: Brand
[2026-07-18T19:39:53.547Z] node: 📦 Exporting table: Category
[2026-07-18T19:39:53.581Z] node: 📦 Exporting table: GlobalProductType
[2026-07-18T19:39:53.616Z] node: 📦 Exporting table: Position
[2026-07-18T19:39:53.650Z] node: 📦 Exporting table: Province
[2026-07-18T19:39:53.685Z] node: 📦 Exporting table: District
[2026-07-18T19:39:53.737Z] node: 📦 Exporting table: Subdistrict
[2026-07-18T19:39:53.924Z] node: 📦 Exporting table: Branch
[2026-07-18T19:39:53.959Z] node: 📦 Exporting table: BarcodeCounter
[2026-07-18T19:39:53.993Z] node: 📦 Exporting table: PaymentCodeCounter
[2026-07-18T19:39:54.029Z] node: 📦 Exporting table: ProductType
[2026-07-18T19:39:54.068Z] node: 📦 Exporting table: ProductTypeBrand
[2026-07-18T19:39:54.109Z] node: 📦 Exporting table: Supplier
[2026-07-18T19:39:54.144Z] node: 📦 Exporting table: Unit
[2026-07-18T19:39:54.179Z] node: 📦 Exporting table: Product
[2026-07-18T19:39:54.308Z] node: 📦 Exporting table: BranchPrice
[2026-07-18T19:39:54.393Z] node: 📦 Exporting table: ProductImage
[2026-07-18T19:39:54.427Z] node: 📦 Exporting table: StockBalance
[2026-07-18T19:39:54.485Z] node: 📦 Exporting table: User
[2026-07-18T19:39:54.525Z] node: 📦 Exporting table: CustomerProfile
[2026-07-18T19:39:54.565Z] node: 📦 Exporting table: Cart
[2026-07-18T19:39:54.600Z] node: 📦 Exporting table: CartItem
[2026-07-18T19:39:54.634Z] node: 📦 Exporting table: EmployeeProfile
[2026-07-18T19:39:54.669Z] node: 📦 Exporting table: CombinedBillingDocument
[2026-07-18T19:39:54.703Z] node: 📦 Exporting table: CombinedSaleDocument
[2026-07-18T19:39:54.738Z] node: 📦 Exporting table: CustomerDeposit
[2026-07-18T19:39:54.772Z] node: 📦 Exporting table: CustomerReceipts
[2026-07-18T19:39:54.807Z] node: 📦 Exporting table: InputTaxFilingBatch
[2026-07-18T19:39:54.841Z] node: 📦 Exporting table: Order
[2026-07-18T19:39:54.875Z] node: 📦 Exporting table: OrderOnline
[2026-07-18T19:39:54.909Z] node: 📦 Exporting table: OrderOnlineItem
[2026-07-18T19:39:54.943Z] node: 📦 Exporting table: PasswordResetToken
[2026-07-18T19:39:54.978Z] node: 📦 Exporting table: ProductOnOrder
[2026-07-18T19:39:55.012Z] node: 📦 Exporting table: PurchaseOrder
[2026-07-18T19:39:55.048Z] node: 📦 Exporting table: PurchaseOrderItem
[2026-07-18T19:39:55.085Z] node: 📦 Exporting table: PurchaseOrderReceipt
[2026-07-18T19:39:55.121Z] node: 📦 Exporting table: InputTaxFilingItem
[2026-07-18T19:39:55.156Z] node: 📦 Exporting table: PurchaseOrderReceiptItem
[2026-07-18T19:39:55.193Z] node: 📦 Exporting table: RefreshToken
[2026-07-18T19:39:55.424Z] node: 📦 Exporting table: Sale
[2026-07-18T19:39:55.462Z] node: 📦 Exporting table: CustomerReceiptAllocations
[2026-07-18T19:39:55.496Z] node: 📦 Exporting table: Payment
[2026-07-18T19:39:55.530Z] node: 📦 Exporting table: DepositUsage
[2026-07-18T19:39:55.564Z] node: 📦 Exporting table: PaymentItem
[2026-07-18T19:39:55.599Z] node: 📦 Exporting table: SaleReturn
[2026-07-18T19:39:55.634Z] node: 📦 Exporting table: RefundTransaction
[2026-07-18T19:39:55.668Z] node: 📦 Exporting table: SalesTaxFilingBatch
[2026-07-18T19:39:55.702Z] node: 📦 Exporting table: SalesTaxFilingItem
[2026-07-18T19:39:55.736Z] node: 📦 Exporting table: ServiceOrder
[2026-07-18T19:39:55.771Z] node: 📦 Exporting table: ServiceItem
[2026-07-18T19:39:55.804Z] node: 📦 Exporting table: SimpleLot
[2026-07-18T19:39:55.838Z] node: 📦 Exporting table: SaleItemSimple
[2026-07-18T19:39:55.873Z] node: 📦 Exporting table: SaleReturnItemSimple
[2026-07-18T19:39:55.907Z] node: 📦 Exporting table: StockAuditSession
[2026-07-18T19:39:55.941Z] node: 📦 Exporting table: StockItem
[2026-07-18T19:39:56.100Z] node: 📦 Exporting table: BarcodeReceiptItem
[2026-07-18T19:39:56.152Z] node: 📦 Exporting table: RepairJob
[2026-07-18T19:39:56.186Z] node: 📦 Exporting table: RepairPartItem
[2026-07-18T19:39:56.220Z] node: 📦 Exporting table: SaleItem
[2026-07-18T19:39:56.258Z] node: 📦 Exporting table: SaleReturnItem
[2026-07-18T19:39:56.292Z] node: 📦 Exporting table: StockAuditScanLog
[2026-07-18T19:39:56.326Z] node: 📦 Exporting table: StockAuditSnapshotItem
[2026-07-18T19:39:56.377Z] node: 📦 Exporting table: StockMovement
[2026-07-18T19:39:56.437Z] node: 📦 Exporting table: SupplierPayment
[2026-07-18T19:39:56.471Z] node: 📦 Exporting table: SupplierPaymentReceipt
[2026-07-18T19:39:56.505Z] node: 📦 Exporting table: V2CustomerDeposit
[2026-07-18T19:39:56.539Z] node: 📦 Exporting table: V2StockAudit
[2026-07-18T19:39:56.573Z] node: 📦 Exporting table: V2StockAuditItem
[2026-07-18T19:39:56.607Z] node: 📦 Exporting table: WarrantyClaim
[2026-07-18T19:39:59.104Z] node: 🎉 P1 Hardened Backup v6 Type-aware + generic self-reference FK safe restore completed successfully.
[2026-07-18T19:39:59.105Z] node: 💾 Backup file: D:\alpha-tech\server\backups\alphatech_hardened_backup_v6_2026-07-18_2026-07-18T19-39-53-425Z.sql
[2026-07-18T19:39:59.106Z] node: 🧾 Manifest file: D:\alpha-tech\server\backups\alphatech_hardened_backup_v6_2026-07-18_2026-07-18T19-39-53-425Z.manifest.json
[2026-07-18T19:39:59.106Z] node: 📊 Tables exported: 70
[2026-07-18T19:39:59.106Z] node: 📦 Rows exported: 24912
[2026-07-18T19:39:59.106Z] node: 🔢 Sequences prepared: 67
[2026-07-18T19:39:59.107Z] node: 🔐 SHA256: 64f4b2635e9a2518e14d30fdf4066cdcd7fba85f3b57b4fcbc474f0dfcdcaa48
[2026-07-18T19:39:59.107Z] node: 📐 File size: 8.71 MB
[2026-07-18T19:39:59.107Z] node: ⏱️ Duration: 6.75 seconds
[2026-07-18T19:39:59.108Z] node: ✅ Verification: PASS (70 tables checked)
[2026-07-18T19:39:59.163Z] ▶️  Run: node recovery/upload/uploadBackup.js --manifest D:\alpha-tech\server\backups\alphatech_hardened_backup_v6_2026-07-18_2026-07-18T19-39-53-425Z.manifest.json
[2026-07-18T19:39:59.249Z] node: [2026-07-18T19:39:59.244Z] ============================================================
[2026-07-18T19:39:59.250Z] node: [2026-07-18T19:39:59.251Z] AlphaTech Recovery Upload ALPHATECH-RECOVERY-UPLOAD-V2-S3-COMPATIBLE
[2026-07-18T19:39:59.251Z] node: [2026-07-18T19:39:59.251Z] ============================================================
[2026-07-18T19:39:59.490Z] node stderr: (node:3424) Warning: NodeVersionSupportWarning: The AWS SDK for JavaScript (v3)
[2026-07-18T19:39:59.490Z] node stderr: versions published after the first week of January 2027
[2026-07-18T19:39:59.491Z] node stderr: will require node >=22. You are running node v20.19.0.
[2026-07-18T19:39:59.491Z] node stderr: To continue receiving updates to AWS services, bug fixes,
[2026-07-18T19:39:59.492Z] node stderr: and security updates please upgrade to node >=22.
[2026-07-18T19:39:59.492Z] node stderr: More information can be found at: https://a.co/c895JFp
[2026-07-18T19:39:59.492Z] node stderr: (Use `node --trace-warnings ...` to show where the warning was created)
[2026-07-18T19:40:01.251Z] node: [2026-07-18T19:40:01.251Z] JSON report: D:\alpha-tech\server\recovery\reports\upload-report-2026-07-18T19-40-01-242Z.json
[2026-07-18T19:40:01.251Z] node: [2026-07-18T19:40:01.252Z] TXT report: D:\alpha-tech\server\recovery\reports\upload-report-2026-07-18T19-40-01-242Z.txt
[2026-07-18T19:40:01.253Z] node: [2026-07-18T19:40:01.252Z] Overall: PASS
[2026-07-18T19:40:01.686Z] ------------------------------------------------------------
[2026-07-18T19:40:01.687Z] Target      : cloudflare-r2
[2026-07-18T19:40:01.842Z] Bucket      : saduaksabuy-recovery
[2026-07-18T19:40:01.843Z] Prefix      : alphatech-production/
[2026-07-18T19:40:01.843Z] Retention   : 7 day(s)
[2026-07-18T19:40:01.844Z] Mode        : APPLY
[2026-07-18T19:40:01.844Z] Scanned     : 86
[2026-07-18T19:40:01.845Z] Candidates  : 0
[2026-07-18T19:40:01.845Z] Deleted     : 0
[2026-07-18T19:40:01.845Z] Remaining   : 86
[2026-07-18T19:40:01.846Z] Failed      : 0
[2026-07-18T19:40:01.846Z] ▶️  Run: node recovery/retention/retentionPolicy.js --apply
[2026-07-18T19:40:01.938Z] node: [2026-07-18T19:40:01.932Z] ============================================================
[2026-07-18T19:40:01.940Z] node: [2026-07-18T19:40:01.939Z] 🧹 AlphaTech Recovery Retention ALPHATECH-RECOVERY-RETENTION-V1
[2026-07-18T19:40:01.940Z] node: [2026-07-18T19:40:01.939Z] ============================================================
[2026-07-18T19:40:01.941Z] node: [2026-07-18T19:40:01.940Z] Mode: APPLY
[2026-07-18T19:40:01.946Z] node: [2026-07-18T19:40:01.945Z] ------------------------------------------------------------
[2026-07-18T19:40:01.946Z] node: [2026-07-18T19:40:01.946Z] Target      : local-backups
[2026-07-18T19:40:01.947Z] node: [2026-07-18T19:40:01.946Z] Directory   : D:\alpha-tech\server\backups
[2026-07-18T19:40:01.947Z] node: [2026-07-18T19:40:01.947Z] Retention   : 3 day(s)
[2026-07-18T19:40:01.950Z] node: [2026-07-18T19:40:01.947Z] Scanned     : 42
[2026-07-18T19:40:01.951Z] node: [2026-07-18T19:40:01.950Z] Candidates  : 0
[2026-07-18T19:40:01.951Z] node: [2026-07-18T19:40:01.950Z] Deleted     : 0
[2026-07-18T19:40:01.951Z] node: [2026-07-18T19:40:01.950Z] Remaining   : 42
[2026-07-18T19:40:01.952Z] node: [2026-07-18T19:40:01.950Z] Failed      : 0
[2026-07-18T19:40:01.952Z] node: [2026-07-18T19:40:01.951Z] ------------------------------------------------------------
[2026-07-18T19:40:01.952Z] node: [2026-07-18T19:40:01.951Z] Target      : offsite-local-mirror
[2026-07-18T19:40:01.953Z] node: [2026-07-18T19:40:01.951Z] Directory   : D:\alpha-tech\server\recovery\offsite
[2026-07-18T19:40:01.953Z] node: [2026-07-18T19:40:01.952Z] Retention   : 7 day(s)
[2026-07-18T19:40:01.953Z] node: [2026-07-18T19:40:01.952Z] Scanned     : 0
[2026-07-18T19:40:01.953Z] node: [2026-07-18T19:40:01.952Z] Candidates  : 0
[2026-07-18T19:40:01.954Z] node: [2026-07-18T19:40:01.952Z] Deleted     : 0
[2026-07-18T19:40:01.954Z] node: [2026-07-18T19:40:01.952Z] Remaining   : 0
[2026-07-18T19:40:01.954Z] node: [2026-07-18T19:40:01.953Z] Failed      : 0
[2026-07-18T19:40:01.955Z] node: [2026-07-18T19:40:01.955Z] 🧾 JSON report: D:\alpha-tech\server\recovery\reports\retention-report-2026-07-18T19-40-01-953Z.json
[2026-07-18T19:40:01.956Z] node: [2026-07-18T19:40:01.955Z] 🧾 TXT report: D:\alpha-tech\server\recovery\reports\retention-report-2026-07-18T19-40-01-953Z.txt
[2026-07-18T19:40:01.956Z] node: [2026-07-18T19:40:01.955Z] ✅ Overall: PASS
[2026-07-18T19:40:01.967Z] ▶️  Run: node qbrs.js --manifest D:\alpha-tech\server\backups\alphatech_hardened_backup_v6_2026-07-18_2026-07-18T19-39-53-425Z.manifest.json --init --yes --reset-schema
[2026-07-18T19:40:02.117Z] node: [2026-07-18T19:40:02.115Z] ============================================================
[2026-07-18T19:40:02.118Z] node: [2026-07-18T19:40:02.118Z] 🚑 AlphaTech Restore Tool P1-HARDENED-RESTORE-V3-NODE-PG
[2026-07-18T19:40:02.119Z] node: [2026-07-18T19:40:02.119Z] ============================================================
[2026-07-18T19:40:02.157Z] node: [2026-07-18T19:40:02.157Z] ✅ Manifest loaded.
[2026-07-18T19:40:02.157Z] node: [2026-07-18T19:40:02.157Z] ✅ SQL file: D:\alpha-tech\server\backups\alphatech_hardened_backup_v6_2026-07-18_2026-07-18T19-39-53-425Z.sql
[2026-07-18T19:40:02.159Z] node: [2026-07-18T19:40:02.157Z] ✅ SHA256 verified: 64f4b2635e9a2518e14d30fdf4066cdcd7fba85f3b57b4fcbc474f0dfcdcaa48
[2026-07-18T19:40:02.159Z] node: [2026-07-18T19:40:02.159Z] 🎯 Target DB: postgresql://postgres:***@db.engqdeyzbvnmxbnpemau.supabase.co:5432/postgres
[2026-07-18T19:40:02.159Z] node: [2026-07-18T19:40:02.159Z] 🎯 Host: db.engqdeyzbvnmxbnpemau.supabase.co
[2026-07-18T19:40:02.160Z] node: [2026-07-18T19:40:02.159Z] 🎯 Port: 5432
[2026-07-18T19:40:02.160Z] node: [2026-07-18T19:40:02.160Z] 🎯 Database: postgres
[2026-07-18T19:40:02.160Z] node: [2026-07-18T19:40:02.160Z] 🎯 Schema: public
[2026-07-18T19:40:02.521Z] node: [2026-07-18T19:40:02.521Z] 🔌 Connected to target PostgreSQL successfully.
[2026-07-18T19:40:05.889Z] node: [2026-07-18T19:40:05.889Z] 📊 Existing tables: 70
[2026-07-18T19:40:05.889Z] node: [2026-07-18T19:40:05.889Z] 📦 Existing rows: 24912
[2026-07-18T19:40:05.971Z] node: [2026-07-18T19:40:05.890Z] 🔎 Product: 1906
[2026-07-18T19:40:05.972Z] node: [2026-07-18T19:40:05.890Z] 🔎 BranchPrice: 1904
[2026-07-18T19:40:05.972Z] node: [2026-07-18T19:40:05.890Z] 🔎 StockItem: 3093
[2026-07-18T19:40:05.973Z] node: [2026-07-18T19:40:05.890Z] 🔎 Sale: 33
[2026-07-18T19:40:05.973Z] node: [2026-07-18T19:40:05.890Z] 🔎 SaleItem: 104
[2026-07-18T19:40:05.973Z] node: [2026-07-18T19:40:05.891Z] 🔎 SaleItemSimple: 0
[2026-07-18T19:40:05.974Z] node: [2026-07-18T19:40:05.891Z] 🔎 Payment: 19
[2026-07-18T19:40:05.974Z] node: [2026-07-18T19:40:05.891Z] 🔎 PaymentItem: 19
[2026-07-18T19:40:06.157Z] node: [2026-07-18T19:40:06.157Z] 🧨 Resetting target schema "public" before restore...
[2026-07-18T19:40:06.158Z] node: [2026-07-18T19:40:06.157Z] 🛡️ This action is intended for Recovery / Standby DB only.
[2026-07-18T19:40:06.776Z] node: [2026-07-18T19:40:06.776Z] ✅ Schema "public" reset completed.
[2026-07-18T19:40:06.813Z] node: [2026-07-18T19:40:06.813Z] 🧱 Running Prisma db push against Recovery DB only...
[2026-07-18T19:40:06.813Z] node: [2026-07-18T19:40:06.813Z] 🛡️ DATABASE_URL is injected from RESTORE_DATABASE_URL/RECOVERY_DATABASE_URL for this process only.
[2026-07-18T19:40:10.755Z] node: [2026-07-18T19:40:10.755Z] npx stderr: Environment variables loaded from .env
[2026-07-18T19:40:10.757Z] node: [2026-07-18T19:40:10.757Z] npx: Prisma schema loaded from prisma\schema.prisma
[2026-07-18T19:40:10.768Z] node: [2026-07-18T19:40:10.768Z] npx: Datasource "db": PostgreSQL database "postgres", schema "public" at "db.engqdeyzbvnmxbnpemau.supabase.co:5432"
[2026-07-18T19:40:26.302Z] node: [2026-07-18T19:40:26.302Z] npx: Your database is now in sync with your Prisma schema. Done in 14.82s
[2026-07-18T19:40:26.304Z] node: [2026-07-18T19:40:26.304Z] npx: Running generate... (Use --skip-generate to skip the generators)
[2026-07-18T19:40:27.292Z] node: [2026-07-18T19:40:27.292Z] npx: [2K[1A[2K[GRunning generate... - Prisma Client
[2026-07-18T19:40:28.626Z] node: [2026-07-18T19:40:28.626Z] npx: [2K[1A[2K[G✔ Generated Prisma Client (v6.16.2) to .\node_modules\.prisma\client in 1.33s
[2026-07-18T19:40:28.692Z] node: [2026-07-18T19:40:28.692Z] ✅ Prisma db push completed for Recovery DB.
[2026-07-18T19:40:31.737Z] node: [2026-07-18T19:40:31.736Z] 📊 Existing tables: 70
[2026-07-18T19:40:31.739Z] node: [2026-07-18T19:40:31.736Z] 📦 Existing rows: 0
[2026-07-18T19:40:31.765Z] node: [2026-07-18T19:40:31.737Z] 🔎 Product: 0
[2026-07-18T19:40:31.776Z] node: [2026-07-18T19:40:31.737Z] 🔎 BranchPrice: 0
[2026-07-18T19:40:31.777Z] node: [2026-07-18T19:40:31.737Z] 🔎 StockItem: 0
[2026-07-18T19:40:31.777Z] node: [2026-07-18T19:40:31.738Z] 🔎 Sale: 0
[2026-07-18T19:40:31.777Z] node: [2026-07-18T19:40:31.738Z] 🔎 SaleItem: 0
[2026-07-18T19:40:31.778Z] node: [2026-07-18T19:40:31.738Z] 🔎 SaleItemSimple: 0
[2026-07-18T19:40:31.778Z] node: [2026-07-18T19:40:31.738Z] 🔎 Payment: 0
[2026-07-18T19:40:31.778Z] node: [2026-07-18T19:40:31.738Z] 🔎 PaymentItem: 0
[2026-07-18T19:40:32.043Z] node: [2026-07-18T19:40:32.043Z] 📖 SQL loaded into memory (8.70 MB).
[2026-07-18T19:40:32.044Z] node: [2026-07-18T19:40:32.044Z] 🚚 Starting SQL restore via Node.js pg client...
[2026-07-18T19:40:35.989Z] node: [2026-07-18T19:40:35.989Z] ✅ SQL restore completed via Node.js pg client.
[2026-07-18T19:40:38.678Z] node: [2026-07-18T19:40:38.678Z] ✅ Restore verification PASS (70 tables checked).
[2026-07-18T19:40:38.679Z] node: [2026-07-18T19:40:38.678Z] 🎉 Restore completed successfully in 36.56 seconds.
[2026-07-18T19:40:38.866Z] ▶️  Run: node recovery/verify/qbv.js
[2026-07-18T19:40:39.053Z] node: [2026-07-18T19:40:39.051Z] ============================================================
[2026-07-18T19:40:39.055Z] node: [2026-07-18T19:40:39.055Z] 🔎 AlphaTech Integrity Verification ALPHATECH-RECOVERY-VERIFY-V1
[2026-07-18T19:40:39.056Z] node: [2026-07-18T19:40:39.055Z] ============================================================
[2026-07-18T19:40:39.056Z] node: [2026-07-18T19:40:39.055Z] Collecting Production snapshot...
[2026-07-18T19:40:49.842Z] node: [2026-07-18T19:40:49.842Z] Collecting Recovery snapshot...
[2026-07-18T19:41:00.691Z] node: [2026-07-18T19:41:00.691Z] Comparing snapshots...
[2026-07-18T19:41:00.705Z] node: [2026-07-18T19:41:00.705Z] 🧾 JSON report: D:\alpha-tech\server\recovery\reports\verification-report_2026-07-18T19-41-00-702Z.json
[2026-07-18T19:41:00.706Z] node: [2026-07-18T19:41:00.705Z] 🧾 TXT report: D:\alpha-tech\server\recovery\reports\verification-report_2026-07-18T19-41-00-702Z.txt
[2026-07-18T19:41:00.706Z] node: [2026-07-18T19:41:00.705Z] ✅ Overall: PASS
[2026-07-18T19:41:00.721Z] 🧾 Job manifest: D:\alpha-tech\server\recovery\jobs\job-2026-07-18T19-39-48-716Z.json
[2026-07-18T19:41:00.722Z] ✅ Job result: PASS exitCode=0
