[2026-07-14T09:34:22.703Z] ============================================================
[2026-07-14T09:34:22.711Z] 🧭 AlphaTech Recovery Retention Workflow ALPHATECH-RECOVERY-JOB-RUNNER-V7-R2-RETENTION
[2026-07-14T09:34:22.712Z] ============================================================
[2026-07-14T09:34:22.712Z] Mode: backup-workflow
[2026-07-14T09:34:22.713Z] ▶️  Run: node recovery/health/healthCheck.js
[2026-07-14T09:34:22.875Z] node: [2026-07-14T09:34:22.872Z] ============================================================
[2026-07-14T09:34:22.876Z] node: [2026-07-14T09:34:22.875Z] 🩺 AlphaTech Recovery Health Check ALPHATECH-RECOVERY-HEALTH-CHECK-V1
[2026-07-14T09:34:22.876Z] node: [2026-07-14T09:34:22.876Z] ============================================================
[2026-07-14T09:34:23.703Z] node: [2026-07-14T09:34:23.699Z] 🧾 JSON report: D:\alpha-tech\server\recovery\reports\health-check-2026-07-14T09-34-23-697Z.json
[2026-07-14T09:34:23.704Z] node: [2026-07-14T09:34:23.699Z] 🧾 TXT report: D:\alpha-tech\server\recovery\reports\health-check-2026-07-14T09-34-23-697Z.txt
[2026-07-14T09:34:23.713Z] node: [2026-07-14T09:34:23.700Z] ✅ Overall: PASS
[2026-07-14T09:34:23.729Z] ▶️  Run: node qb.js
[2026-07-14T09:34:24.195Z] node: 🔌 Connected to PostgreSQL successfully.
[2026-07-14T09:34:24.197Z] node: ⏳ Starting P1 Hardened Backup v6 Type-aware + generic self-reference FK safe restore...
[2026-07-14T09:34:28.062Z] node: 📦 Exporting table: Bank
[2026-07-14T09:34:28.101Z] node: 📦 Exporting table: Brand
[2026-07-14T09:34:28.144Z] node: 📦 Exporting table: Category
[2026-07-14T09:34:28.180Z] node: 📦 Exporting table: GlobalProductType
[2026-07-14T09:34:28.216Z] node: 📦 Exporting table: Position
[2026-07-14T09:34:28.252Z] node: 📦 Exporting table: Province
[2026-07-14T09:34:28.288Z] node: 📦 Exporting table: District
[2026-07-14T09:34:28.340Z] node: 📦 Exporting table: Subdistrict
[2026-07-14T09:34:28.542Z] node: 📦 Exporting table: Branch
[2026-07-14T09:34:28.578Z] node: 📦 Exporting table: BarcodeCounter
[2026-07-14T09:34:28.614Z] node: 📦 Exporting table: PaymentCodeCounter
[2026-07-14T09:34:28.650Z] node: 📦 Exporting table: ProductType
[2026-07-14T09:34:28.689Z] node: 📦 Exporting table: ProductTypeBrand
[2026-07-14T09:34:28.732Z] node: 📦 Exporting table: Supplier
[2026-07-14T09:34:28.772Z] node: 📦 Exporting table: Unit
[2026-07-14T09:34:28.808Z] node: 📦 Exporting table: Product
[2026-07-14T09:34:28.932Z] node: 📦 Exporting table: BranchPrice
[2026-07-14T09:34:29.017Z] node: 📦 Exporting table: ProductImage
[2026-07-14T09:34:29.052Z] node: 📦 Exporting table: StockBalance
[2026-07-14T09:34:29.107Z] node: 📦 Exporting table: User
[2026-07-14T09:34:29.151Z] node: 📦 Exporting table: CustomerProfile
[2026-07-14T09:34:29.193Z] node: 📦 Exporting table: Cart
[2026-07-14T09:34:29.229Z] node: 📦 Exporting table: CartItem
[2026-07-14T09:34:29.264Z] node: 📦 Exporting table: EmployeeProfile
[2026-07-14T09:34:29.301Z] node: 📦 Exporting table: CombinedBillingDocument
[2026-07-14T09:34:29.336Z] node: 📦 Exporting table: CombinedSaleDocument
[2026-07-14T09:34:29.372Z] node: 📦 Exporting table: CustomerDeposit
[2026-07-14T09:34:29.408Z] node: 📦 Exporting table: CustomerReceipts
[2026-07-14T09:34:29.445Z] node: 📦 Exporting table: InputTaxFilingBatch
[2026-07-14T09:34:29.482Z] node: 📦 Exporting table: Order
[2026-07-14T09:34:29.518Z] node: 📦 Exporting table: OrderOnline
[2026-07-14T09:34:29.554Z] node: 📦 Exporting table: OrderOnlineItem
[2026-07-14T09:34:29.589Z] node: 📦 Exporting table: PasswordResetToken
[2026-07-14T09:34:29.625Z] node: 📦 Exporting table: ProductOnOrder
[2026-07-14T09:34:29.661Z] node: 📦 Exporting table: PurchaseOrder
[2026-07-14T09:34:29.697Z] node: 📦 Exporting table: PurchaseOrderItem
[2026-07-14T09:34:29.734Z] node: 📦 Exporting table: PurchaseOrderReceipt
[2026-07-14T09:34:29.771Z] node: 📦 Exporting table: InputTaxFilingItem
[2026-07-14T09:34:29.806Z] node: 📦 Exporting table: PurchaseOrderReceiptItem
[2026-07-14T09:34:29.843Z] node: 📦 Exporting table: RefreshToken
[2026-07-14T09:34:30.071Z] node: 📦 Exporting table: Sale
[2026-07-14T09:34:30.108Z] node: 📦 Exporting table: CustomerReceiptAllocations
[2026-07-14T09:34:30.144Z] node: 📦 Exporting table: Payment
[2026-07-14T09:34:30.180Z] node: 📦 Exporting table: DepositUsage
[2026-07-14T09:34:30.216Z] node: 📦 Exporting table: PaymentItem
[2026-07-14T09:34:30.253Z] node: 📦 Exporting table: SaleReturn
[2026-07-14T09:34:30.289Z] node: 📦 Exporting table: RefundTransaction
[2026-07-14T09:34:30.325Z] node: 📦 Exporting table: SalesTaxFilingBatch
[2026-07-14T09:34:30.360Z] node: 📦 Exporting table: SalesTaxFilingItem
[2026-07-14T09:34:30.396Z] node: 📦 Exporting table: ServiceOrder
[2026-07-14T09:34:30.432Z] node: 📦 Exporting table: ServiceItem
[2026-07-14T09:34:30.467Z] node: 📦 Exporting table: SimpleLot
[2026-07-14T09:34:30.503Z] node: 📦 Exporting table: SaleItemSimple
[2026-07-14T09:34:30.539Z] node: 📦 Exporting table: SaleReturnItemSimple
[2026-07-14T09:34:30.574Z] node: 📦 Exporting table: StockAuditSession
[2026-07-14T09:34:30.611Z] node: 📦 Exporting table: StockItem
[2026-07-14T09:34:30.755Z] node: 📦 Exporting table: BarcodeReceiptItem
[2026-07-14T09:34:30.800Z] node: 📦 Exporting table: RepairJob
[2026-07-14T09:34:30.835Z] node: 📦 Exporting table: RepairPartItem
[2026-07-14T09:34:30.872Z] node: 📦 Exporting table: SaleItem
[2026-07-14T09:34:30.908Z] node: 📦 Exporting table: SaleReturnItem
[2026-07-14T09:34:30.944Z] node: 📦 Exporting table: StockAuditScanLog
[2026-07-14T09:34:30.979Z] node: 📦 Exporting table: StockAuditSnapshotItem
[2026-07-14T09:34:31.031Z] node: 📦 Exporting table: StockMovement
[2026-07-14T09:34:31.087Z] node: 📦 Exporting table: SupplierPayment
[2026-07-14T09:34:31.123Z] node: 📦 Exporting table: SupplierPaymentReceipt
[2026-07-14T09:34:31.159Z] node: 📦 Exporting table: V2CustomerDeposit
[2026-07-14T09:34:31.195Z] node: 📦 Exporting table: V2StockAudit
[2026-07-14T09:34:31.230Z] node: 📦 Exporting table: V2StockAuditItem
[2026-07-14T09:34:31.266Z] node: 📦 Exporting table: WarrantyClaim
[2026-07-14T09:34:33.881Z] node: 🎉 P1 Hardened Backup v6 Type-aware + generic self-reference FK safe restore completed successfully.
[2026-07-14T09:34:33.882Z] node: 💾 Backup file: D:\alpha-tech\server\backups\alphatech_hardened_backup_v6_2026-07-14_2026-07-14T09-34-27-986Z.sql
[2026-07-14T09:34:33.883Z] node: 🧾 Manifest file: D:\alpha-tech\server\backups\alphatech_hardened_backup_v6_2026-07-14_2026-07-14T09-34-27-986Z.manifest.json
[2026-07-14T09:34:33.886Z] node: 📊 Tables exported: 70
[2026-07-14T09:34:33.886Z] node: 📦 Rows exported: 22221
[2026-07-14T09:34:33.886Z] node: 🔢 Sequences prepared: 67
[2026-07-14T09:34:33.887Z] node: 🔐 SHA256: f1237e4501742600cddac680e845bbf7f7b88abf3d690788e00ef3e0880ce42a
[2026-07-14T09:34:33.887Z] node: 📐 File size: 7.50 MB
[2026-07-14T09:34:33.887Z] node: ⏱️ Duration: 7.44 seconds
[2026-07-14T09:34:33.888Z] node: ✅ Verification: PASS (70 tables checked)
[2026-07-14T09:34:33.943Z] ▶️  Run: node recovery/upload/uploadBackup.js --manifest D:\alpha-tech\server\backups\alphatech_hardened_backup_v6_2026-07-14_2026-07-14T09-34-27-986Z.manifest.json
[2026-07-14T09:34:34.023Z] node: [2026-07-14T09:34:34.017Z] ============================================================
[2026-07-14T09:34:34.024Z] node: [2026-07-14T09:34:34.024Z] AlphaTech Recovery Upload ALPHATECH-RECOVERY-UPLOAD-V2-S3-COMPATIBLE
[2026-07-14T09:34:34.025Z] node: [2026-07-14T09:34:34.025Z] ============================================================
[2026-07-14T09:34:34.242Z] node stderr: (node:26016) Warning: NodeVersionSupportWarning: The AWS SDK for JavaScript (v3)
[2026-07-14T09:34:34.242Z] node stderr: versions published after the first week of January 2027
[2026-07-14T09:34:34.243Z] node stderr: will require node >=22. You are running node v20.19.0.
[2026-07-14T09:34:34.244Z] node stderr: To continue receiving updates to AWS services, bug fixes,
[2026-07-14T09:34:34.244Z] node stderr: and security updates please upgrade to node >=22.
[2026-07-14T09:34:34.244Z] node stderr: More information can be found at: https://a.co/c895JFp
[2026-07-14T09:34:34.245Z] node stderr: (Use `node --trace-warnings ...` to show where the warning was created)
[2026-07-14T09:34:36.053Z] node: [2026-07-14T09:34:36.052Z] JSON report: D:\alpha-tech\server\recovery\reports\upload-report-2026-07-14T09-34-36-051Z.json
[2026-07-14T09:34:36.053Z] node: [2026-07-14T09:34:36.053Z] TXT report: D:\alpha-tech\server\recovery\reports\upload-report-2026-07-14T09-34-36-051Z.txt
[2026-07-14T09:34:36.055Z] node: [2026-07-14T09:34:36.053Z] Overall: PASS
[2026-07-14T09:34:36.983Z] ------------------------------------------------------------
[2026-07-14T09:34:36.983Z] Target      : cloudflare-r2
[2026-07-14T09:34:36.984Z] Bucket      : saduaksabuy-recovery
[2026-07-14T09:34:36.984Z] Prefix      : alphatech-production/
[2026-07-14T09:34:36.985Z] Retention   : 7 day(s)
[2026-07-14T09:34:36.985Z] Mode        : APPLY
[2026-07-14T09:34:36.985Z] Scanned     : 84
[2026-07-14T09:34:36.986Z] Candidates  : 0
[2026-07-14T09:34:36.986Z] Deleted     : 0
[2026-07-14T09:34:36.986Z] Remaining   : 84
[2026-07-14T09:34:36.987Z] Failed      : 0
[2026-07-14T09:34:36.987Z] ▶️  Run: node recovery/retention/retentionPolicy.js --apply
[2026-07-14T09:34:37.102Z] node: [2026-07-14T09:34:37.096Z] ============================================================
[2026-07-14T09:34:37.103Z] node: [2026-07-14T09:34:37.103Z] 🧹 AlphaTech Recovery Retention ALPHATECH-RECOVERY-RETENTION-V1
[2026-07-14T09:34:37.104Z] node: [2026-07-14T09:34:37.103Z] ============================================================
[2026-07-14T09:34:37.104Z] node: [2026-07-14T09:34:37.104Z] Mode: APPLY
[2026-07-14T09:34:37.114Z] node: [2026-07-14T09:34:37.114Z] ------------------------------------------------------------
[2026-07-14T09:34:37.115Z] node: [2026-07-14T09:34:37.114Z] Target      : local-backups
[2026-07-14T09:34:37.116Z] node: [2026-07-14T09:34:37.115Z] Directory   : D:\alpha-tech\server\backups
[2026-07-14T09:34:37.116Z] node: [2026-07-14T09:34:37.116Z] Retention   : 3 day(s)
[2026-07-14T09:34:37.117Z] node: [2026-07-14T09:34:37.116Z] Scanned     : 36
[2026-07-14T09:34:37.117Z] node: [2026-07-14T09:34:37.117Z] Candidates  : 2
[2026-07-14T09:34:37.118Z] node: [2026-07-14T09:34:37.117Z] Deleted     : 2
[2026-07-14T09:34:37.119Z] node: [2026-07-14T09:34:37.118Z] Remaining   : 34
[2026-07-14T09:34:37.119Z] node: [2026-07-14T09:34:37.119Z] Failed      : 0
[2026-07-14T09:34:37.120Z] node: [2026-07-14T09:34:37.120Z] ------------------------------------------------------------
[2026-07-14T09:34:37.121Z] node: [2026-07-14T09:34:37.120Z] Target      : offsite-local-mirror
[2026-07-14T09:34:37.122Z] node: [2026-07-14T09:34:37.121Z] Directory   : D:\alpha-tech\server\recovery\offsite
[2026-07-14T09:34:37.123Z] node: [2026-07-14T09:34:37.121Z] Retention   : 7 day(s)
[2026-07-14T09:34:37.123Z] node: [2026-07-14T09:34:37.122Z] Scanned     : 0
[2026-07-14T09:34:37.124Z] node: [2026-07-14T09:34:37.122Z] Candidates  : 0
[2026-07-14T09:34:37.124Z] node: [2026-07-14T09:34:37.122Z] Deleted     : 0
[2026-07-14T09:34:37.124Z] node: [2026-07-14T09:34:37.123Z] Remaining   : 0
[2026-07-14T09:34:37.125Z] node: [2026-07-14T09:34:37.124Z] Failed      : 0
[2026-07-14T09:34:37.130Z] node: [2026-07-14T09:34:37.129Z] 🧾 JSON report: D:\alpha-tech\server\recovery\reports\retention-report-2026-07-14T09-34-37-125Z.json
[2026-07-14T09:34:37.130Z] node: [2026-07-14T09:34:37.130Z] 🧾 TXT report: D:\alpha-tech\server\recovery\reports\retention-report-2026-07-14T09-34-37-125Z.txt
[2026-07-14T09:34:37.131Z] node: [2026-07-14T09:34:37.131Z] ✅ Overall: PASS
[2026-07-14T09:34:37.142Z] ▶️  Run: node qbrs.js --manifest D:\alpha-tech\server\backups\alphatech_hardened_backup_v6_2026-07-14_2026-07-14T09-34-27-986Z.manifest.json --init --yes --reset-schema
[2026-07-14T09:34:37.294Z] node: [2026-07-14T09:34:37.292Z] ============================================================
[2026-07-14T09:34:37.296Z] node: [2026-07-14T09:34:37.295Z] 🚑 AlphaTech Restore Tool P1-HARDENED-RESTORE-V3-NODE-PG
[2026-07-14T09:34:37.297Z] node: [2026-07-14T09:34:37.295Z] ============================================================
[2026-07-14T09:34:37.330Z] node: [2026-07-14T09:34:37.329Z] ✅ Manifest loaded.
[2026-07-14T09:34:37.330Z] node: [2026-07-14T09:34:37.329Z] ✅ SQL file: D:\alpha-tech\server\backups\alphatech_hardened_backup_v6_2026-07-14_2026-07-14T09-34-27-986Z.sql
[2026-07-14T09:34:37.331Z] node: [2026-07-14T09:34:37.330Z] ✅ SHA256 verified: f1237e4501742600cddac680e845bbf7f7b88abf3d690788e00ef3e0880ce42a
[2026-07-14T09:34:37.333Z] node: [2026-07-14T09:34:37.332Z] 🎯 Target DB: postgresql://postgres:***@db.engqdeyzbvnmxbnpemau.supabase.co:5432/postgres
[2026-07-14T09:34:37.333Z] node: [2026-07-14T09:34:37.332Z] 🎯 Host: db.engqdeyzbvnmxbnpemau.supabase.co
[2026-07-14T09:34:37.334Z] node: [2026-07-14T09:34:37.333Z] 🎯 Port: 5432
[2026-07-14T09:34:37.335Z] node: [2026-07-14T09:34:37.334Z] 🎯 Database: postgres
[2026-07-14T09:34:37.335Z] node: [2026-07-14T09:34:37.334Z] 🎯 Schema: public
[2026-07-14T09:34:37.693Z] node: [2026-07-14T09:34:37.692Z] 🔌 Connected to target PostgreSQL successfully.
[2026-07-14T09:34:40.954Z] node: [2026-07-14T09:34:40.953Z] 📊 Existing tables: 70
[2026-07-14T09:34:40.956Z] node: [2026-07-14T09:34:40.954Z] 📦 Existing rows: 22090
[2026-07-14T09:34:40.956Z] node: [2026-07-14T09:34:40.954Z] 🔎 Product: 1696
[2026-07-14T09:34:40.958Z] node: [2026-07-14T09:34:40.954Z] 🔎 BranchPrice: 1694
[2026-07-14T09:34:40.959Z] node: [2026-07-14T09:34:40.955Z] 🔎 StockItem: 2390
[2026-07-14T09:34:40.959Z] node: [2026-07-14T09:34:40.956Z] 🔎 Sale: 11
[2026-07-14T09:34:40.960Z] node: [2026-07-14T09:34:40.956Z] 🔎 SaleItem: 26
[2026-07-14T09:34:40.961Z] node: [2026-07-14T09:34:40.957Z] 🔎 SaleItemSimple: 0
[2026-07-14T09:34:40.961Z] node: [2026-07-14T09:34:40.957Z] 🔎 Payment: 5
[2026-07-14T09:34:40.962Z] node: [2026-07-14T09:34:40.958Z] 🔎 PaymentItem: 5
[2026-07-14T09:34:41.214Z] node: [2026-07-14T09:34:41.213Z] 🧨 Resetting target schema "public" before restore...
[2026-07-14T09:34:41.215Z] node: [2026-07-14T09:34:41.214Z] 🛡️ This action is intended for Recovery / Standby DB only.
[2026-07-14T09:34:41.784Z] node: [2026-07-14T09:34:41.784Z] ✅ Schema "public" reset completed.
[2026-07-14T09:34:41.818Z] node: [2026-07-14T09:34:41.818Z] 🧱 Running Prisma db push against Recovery DB only...
[2026-07-14T09:34:41.819Z] node: [2026-07-14T09:34:41.818Z] 🛡️ DATABASE_URL is injected from RESTORE_DATABASE_URL/RECOVERY_DATABASE_URL for this process only.
[2026-07-14T09:34:45.336Z] node: [2026-07-14T09:34:45.335Z] npx stderr: Environment variables loaded from .env
[2026-07-14T09:34:45.344Z] node: [2026-07-14T09:34:45.343Z] npx: Prisma schema loaded from prisma\schema.prisma
[2026-07-14T09:34:45.349Z] node: [2026-07-14T09:34:45.348Z] npx: Datasource "db": PostgreSQL database "postgres", schema "public" at "db.engqdeyzbvnmxbnpemau.supabase.co:5432"
[2026-07-14T09:35:00.617Z] node: [2026-07-14T09:35:00.616Z] npx: Your database is now in sync with your Prisma schema. Done in 14.66s
[2026-07-14T09:35:00.619Z] node: [2026-07-14T09:35:00.618Z] npx: Running generate... (Use --skip-generate to skip the generators)
[2026-07-14T09:35:01.943Z] node: [2026-07-14T09:35:01.943Z] npx: [2K[1A[2K[GRunning generate... - Prisma Client
[2026-07-14T09:35:03.298Z] node: [2026-07-14T09:35:03.297Z] npx: [2K[1A[2K[G✔ Generated Prisma Client (v6.16.2) to .\node_modules\.prisma\client in 1.35s
[2026-07-14T09:35:03.352Z] node: [2026-07-14T09:35:03.351Z] ✅ Prisma db push completed for Recovery DB.
[2026-07-14T09:35:08.317Z] node: [2026-07-14T09:35:08.315Z] 📊 Existing tables: 70
[2026-07-14T09:35:08.320Z] node: [2026-07-14T09:35:08.316Z] 📦 Existing rows: 0
[2026-07-14T09:35:08.323Z] node: [2026-07-14T09:35:08.316Z] 🔎 Product: 0
[2026-07-14T09:35:08.333Z] node: [2026-07-14T09:35:08.317Z] 🔎 BranchPrice: 0
[2026-07-14T09:35:08.338Z] node: [2026-07-14T09:35:08.317Z] 🔎 StockItem: 0
[2026-07-14T09:35:08.346Z] node: [2026-07-14T09:35:08.318Z] 🔎 Sale: 0
[2026-07-14T09:35:08.352Z] node: [2026-07-14T09:35:08.318Z] 🔎 SaleItem: 0
[2026-07-14T09:35:08.360Z] node: [2026-07-14T09:35:08.318Z] 🔎 SaleItemSimple: 0
[2026-07-14T09:35:08.366Z] node: [2026-07-14T09:35:08.318Z] 🔎 Payment: 0
[2026-07-14T09:35:08.370Z] node: [2026-07-14T09:35:08.318Z] 🔎 PaymentItem: 0
[2026-07-14T09:35:08.587Z] node: [2026-07-14T09:35:08.586Z] 📖 SQL loaded into memory (7.50 MB).
[2026-07-14T09:35:08.594Z] node: [2026-07-14T09:35:08.593Z] 🚚 Starting SQL restore via Node.js pg client...
[2026-07-14T09:35:12.352Z] node: [2026-07-14T09:35:12.350Z] ✅ SQL restore completed via Node.js pg client.
[2026-07-14T09:35:15.276Z] node: [2026-07-14T09:35:15.275Z] ✅ Restore verification PASS (70 tables checked).
[2026-07-14T09:35:15.277Z] node: [2026-07-14T09:35:15.276Z] 🎉 Restore completed successfully in 37.98 seconds.
[2026-07-14T09:35:15.292Z] ▶️  Run: node recovery/verify/qbv.js
[2026-07-14T09:35:15.468Z] node: [2026-07-14T09:35:15.466Z] ============================================================
[2026-07-14T09:35:15.473Z] node: [2026-07-14T09:35:15.473Z] 🔎 AlphaTech Integrity Verification ALPHATECH-RECOVERY-VERIFY-V1
[2026-07-14T09:35:15.476Z] node: [2026-07-14T09:35:15.474Z] ============================================================
[2026-07-14T09:35:15.476Z] node: [2026-07-14T09:35:15.474Z] Collecting Production snapshot...
[2026-07-14T09:35:28.096Z] node: [2026-07-14T09:35:28.096Z] Collecting Recovery snapshot...
[2026-07-14T09:35:38.217Z] node: [2026-07-14T09:35:38.217Z] Comparing snapshots...
[2026-07-14T09:35:38.229Z] node: [2026-07-14T09:35:38.229Z] 🧾 JSON report: D:\alpha-tech\server\recovery\reports\verification-report_2026-07-14T09-35-38-220Z.json
[2026-07-14T09:35:38.230Z] node: [2026-07-14T09:35:38.229Z] 🧾 TXT report: D:\alpha-tech\server\recovery\reports\verification-report_2026-07-14T09-35-38-220Z.txt
[2026-07-14T09:35:38.231Z] node: [2026-07-14T09:35:38.230Z] ✅ Overall: FAIL
[2026-07-14T09:35:38.249Z] 🧾 Job manifest: D:\alpha-tech\server\recovery\jobs\job-2026-07-14T09-34-22-701Z.json
[2026-07-14T09:35:38.249Z] ❌ Job result: FAIL exitCode=40
