[2026-07-15T15:34:22.781Z] ============================================================
[2026-07-15T15:34:22.789Z] 🧭 AlphaTech Recovery Retention Workflow ALPHATECH-RECOVERY-JOB-RUNNER-V7-R2-RETENTION
[2026-07-15T15:34:22.790Z] ============================================================
[2026-07-15T15:34:22.790Z] Mode: backup-workflow
[2026-07-15T15:34:22.791Z] ▶️  Run: node recovery/health/healthCheck.js
[2026-07-15T15:34:22.980Z] node: [2026-07-15T15:34:22.977Z] ============================================================
[2026-07-15T15:34:22.982Z] node: [2026-07-15T15:34:22.981Z] 🩺 AlphaTech Recovery Health Check ALPHATECH-RECOVERY-HEALTH-CHECK-V1
[2026-07-15T15:34:22.982Z] node: [2026-07-15T15:34:22.981Z] ============================================================
[2026-07-15T15:34:24.045Z] node: [2026-07-15T15:34:24.044Z] 🧾 JSON report: D:\alpha-tech\server\recovery\reports\health-check-2026-07-15T15-34-24-041Z.json
[2026-07-15T15:34:24.046Z] node: [2026-07-15T15:34:24.045Z] 🧾 TXT report: D:\alpha-tech\server\recovery\reports\health-check-2026-07-15T15-34-24-041Z.txt
[2026-07-15T15:34:24.046Z] node: [2026-07-15T15:34:24.045Z] ✅ Overall: PASS
[2026-07-15T15:34:24.059Z] ▶️  Run: node qb.js
[2026-07-15T15:34:24.508Z] node: 🔌 Connected to PostgreSQL successfully.
[2026-07-15T15:34:24.517Z] node: ⏳ Starting P1 Hardened Backup v6 Type-aware + generic self-reference FK safe restore...
[2026-07-15T15:34:28.737Z] node: 📦 Exporting table: Bank
[2026-07-15T15:34:28.778Z] node: 📦 Exporting table: Brand
[2026-07-15T15:34:28.824Z] node: 📦 Exporting table: Category
[2026-07-15T15:34:28.863Z] node: 📦 Exporting table: GlobalProductType
[2026-07-15T15:34:28.901Z] node: 📦 Exporting table: Position
[2026-07-15T15:34:28.940Z] node: 📦 Exporting table: Province
[2026-07-15T15:34:28.979Z] node: 📦 Exporting table: District
[2026-07-15T15:34:29.041Z] node: 📦 Exporting table: Subdistrict
[2026-07-15T15:34:29.255Z] node: 📦 Exporting table: Branch
[2026-07-15T15:34:29.296Z] node: 📦 Exporting table: BarcodeCounter
[2026-07-15T15:34:29.334Z] node: 📦 Exporting table: PaymentCodeCounter
[2026-07-15T15:34:29.373Z] node: 📦 Exporting table: ProductType
[2026-07-15T15:34:29.415Z] node: 📦 Exporting table: ProductTypeBrand
[2026-07-15T15:34:29.461Z] node: 📦 Exporting table: Supplier
[2026-07-15T15:34:29.501Z] node: 📦 Exporting table: Unit
[2026-07-15T15:34:29.539Z] node: 📦 Exporting table: Product
[2026-07-15T15:34:29.665Z] node: 📦 Exporting table: BranchPrice
[2026-07-15T15:34:29.757Z] node: 📦 Exporting table: ProductImage
[2026-07-15T15:34:29.795Z] node: 📦 Exporting table: StockBalance
[2026-07-15T15:34:29.854Z] node: 📦 Exporting table: User
[2026-07-15T15:34:29.900Z] node: 📦 Exporting table: CustomerProfile
[2026-07-15T15:34:29.947Z] node: 📦 Exporting table: Cart
[2026-07-15T15:34:29.986Z] node: 📦 Exporting table: CartItem
[2026-07-15T15:34:30.024Z] node: 📦 Exporting table: EmployeeProfile
[2026-07-15T15:34:30.063Z] node: 📦 Exporting table: CombinedBillingDocument
[2026-07-15T15:34:30.101Z] node: 📦 Exporting table: CombinedSaleDocument
[2026-07-15T15:34:30.139Z] node: 📦 Exporting table: CustomerDeposit
[2026-07-15T15:34:30.177Z] node: 📦 Exporting table: CustomerReceipts
[2026-07-15T15:34:30.216Z] node: 📦 Exporting table: InputTaxFilingBatch
[2026-07-15T15:34:30.254Z] node: 📦 Exporting table: Order
[2026-07-15T15:34:30.292Z] node: 📦 Exporting table: OrderOnline
[2026-07-15T15:34:30.331Z] node: 📦 Exporting table: OrderOnlineItem
[2026-07-15T15:34:30.369Z] node: 📦 Exporting table: PasswordResetToken
[2026-07-15T15:34:30.407Z] node: 📦 Exporting table: ProductOnOrder
[2026-07-15T15:34:30.445Z] node: 📦 Exporting table: PurchaseOrder
[2026-07-15T15:34:30.484Z] node: 📦 Exporting table: PurchaseOrderItem
[2026-07-15T15:34:30.524Z] node: 📦 Exporting table: PurchaseOrderReceipt
[2026-07-15T15:34:30.564Z] node: 📦 Exporting table: InputTaxFilingItem
[2026-07-15T15:34:30.602Z] node: 📦 Exporting table: PurchaseOrderReceiptItem
[2026-07-15T15:34:30.641Z] node: 📦 Exporting table: RefreshToken
[2026-07-15T15:34:30.898Z] node: 📦 Exporting table: Sale
[2026-07-15T15:34:30.937Z] node: 📦 Exporting table: CustomerReceiptAllocations
[2026-07-15T15:34:30.975Z] node: 📦 Exporting table: Payment
[2026-07-15T15:34:31.014Z] node: 📦 Exporting table: DepositUsage
[2026-07-15T15:34:31.053Z] node: 📦 Exporting table: PaymentItem
[2026-07-15T15:34:31.091Z] node: 📦 Exporting table: SaleReturn
[2026-07-15T15:34:31.129Z] node: 📦 Exporting table: RefundTransaction
[2026-07-15T15:34:31.167Z] node: 📦 Exporting table: SalesTaxFilingBatch
[2026-07-15T15:34:31.205Z] node: 📦 Exporting table: SalesTaxFilingItem
[2026-07-15T15:34:31.242Z] node: 📦 Exporting table: ServiceOrder
[2026-07-15T15:34:31.281Z] node: 📦 Exporting table: ServiceItem
[2026-07-15T15:34:31.319Z] node: 📦 Exporting table: SimpleLot
[2026-07-15T15:34:31.357Z] node: 📦 Exporting table: SaleItemSimple
[2026-07-15T15:34:31.395Z] node: 📦 Exporting table: SaleReturnItemSimple
[2026-07-15T15:34:31.433Z] node: 📦 Exporting table: StockAuditSession
[2026-07-15T15:34:31.471Z] node: 📦 Exporting table: StockItem
[2026-07-15T15:34:31.627Z] node: 📦 Exporting table: BarcodeReceiptItem
[2026-07-15T15:34:31.679Z] node: 📦 Exporting table: RepairJob
[2026-07-15T15:34:31.717Z] node: 📦 Exporting table: RepairPartItem
[2026-07-15T15:34:31.755Z] node: 📦 Exporting table: SaleItem
[2026-07-15T15:34:31.795Z] node: 📦 Exporting table: SaleReturnItem
[2026-07-15T15:34:31.833Z] node: 📦 Exporting table: StockAuditScanLog
[2026-07-15T15:34:31.870Z] node: 📦 Exporting table: StockAuditSnapshotItem
[2026-07-15T15:34:31.923Z] node: 📦 Exporting table: StockMovement
[2026-07-15T15:34:31.982Z] node: 📦 Exporting table: SupplierPayment
[2026-07-15T15:34:32.020Z] node: 📦 Exporting table: SupplierPaymentReceipt
[2026-07-15T15:34:32.058Z] node: 📦 Exporting table: V2CustomerDeposit
[2026-07-15T15:34:32.096Z] node: 📦 Exporting table: V2StockAudit
[2026-07-15T15:34:32.134Z] node: 📦 Exporting table: V2StockAuditItem
[2026-07-15T15:34:32.172Z] node: 📦 Exporting table: WarrantyClaim
[2026-07-15T15:34:34.936Z] node: 🎉 P1 Hardened Backup v6 Type-aware + generic self-reference FK safe restore completed successfully.
[2026-07-15T15:34:34.937Z] node: 💾 Backup file: D:\alpha-tech\server\backups\alphatech_hardened_backup_v6_2026-07-15_2026-07-15T15-34-28-689Z.sql
[2026-07-15T15:34:34.937Z] node: 🧾 Manifest file: D:\alpha-tech\server\backups\alphatech_hardened_backup_v6_2026-07-15_2026-07-15T15-34-28-689Z.manifest.json
[2026-07-15T15:34:34.938Z] node: 📊 Tables exported: 70
[2026-07-15T15:34:34.938Z] node: 📦 Rows exported: 23133
[2026-07-15T15:34:34.938Z] node: 🔢 Sequences prepared: 67
[2026-07-15T15:34:34.938Z] node: 🔐 SHA256: c28b5141eb86db2e0dcf794ab6fe8aac62ff0723e9085b8fb92c59d145db7a28
[2026-07-15T15:34:34.938Z] node: 📐 File size: 7.90 MB
[2026-07-15T15:34:34.939Z] node: ⏱️ Duration: 8.05 seconds
[2026-07-15T15:34:34.939Z] node: ✅ Verification: PASS (70 tables checked)
[2026-07-15T15:34:35.001Z] ▶️  Run: node recovery/upload/uploadBackup.js --manifest D:\alpha-tech\server\backups\alphatech_hardened_backup_v6_2026-07-15_2026-07-15T15-34-28-689Z.manifest.json
[2026-07-15T15:34:35.086Z] node: [2026-07-15T15:34:35.081Z] ============================================================
[2026-07-15T15:34:35.088Z] node: [2026-07-15T15:34:35.088Z] AlphaTech Recovery Upload ALPHATECH-RECOVERY-UPLOAD-V2-S3-COMPATIBLE
[2026-07-15T15:34:35.088Z] node: [2026-07-15T15:34:35.088Z] ============================================================
[2026-07-15T15:34:35.326Z] node stderr: (node:13488) Warning: NodeVersionSupportWarning: The AWS SDK for JavaScript (v3)
[2026-07-15T15:34:35.327Z] node stderr: versions published after the first week of January 2027
[2026-07-15T15:34:35.327Z] node stderr: will require node >=22. You are running node v20.19.0.
[2026-07-15T15:34:35.327Z] node stderr: To continue receiving updates to AWS services, bug fixes,
[2026-07-15T15:34:35.328Z] node stderr: and security updates please upgrade to node >=22.
[2026-07-15T15:34:35.328Z] node stderr: More information can be found at: https://a.co/c895JFp
[2026-07-15T15:34:35.328Z] node stderr: (Use `node --trace-warnings ...` to show where the warning was created)
[2026-07-15T15:34:36.906Z] node: [2026-07-15T15:34:36.906Z] JSON report: D:\alpha-tech\server\recovery\reports\upload-report-2026-07-15T15-34-36-897Z.json
[2026-07-15T15:34:36.907Z] node: [2026-07-15T15:34:36.907Z] TXT report: D:\alpha-tech\server\recovery\reports\upload-report-2026-07-15T15-34-36-897Z.txt
[2026-07-15T15:34:36.907Z] node: [2026-07-15T15:34:36.907Z] Overall: PASS
[2026-07-15T15:34:37.408Z] ------------------------------------------------------------
[2026-07-15T15:34:37.408Z] Target      : cloudflare-r2
[2026-07-15T15:34:37.408Z] Bucket      : saduaksabuy-recovery
[2026-07-15T15:34:37.409Z] Prefix      : alphatech-production/
[2026-07-15T15:34:37.409Z] Retention   : 7 day(s)
[2026-07-15T15:34:37.409Z] Mode        : APPLY
[2026-07-15T15:34:37.409Z] Scanned     : 90
[2026-07-15T15:34:37.409Z] Candidates  : 0
[2026-07-15T15:34:37.410Z] Deleted     : 0
[2026-07-15T15:34:37.410Z] Remaining   : 90
[2026-07-15T15:34:37.410Z] Failed      : 0
[2026-07-15T15:34:37.410Z] ▶️  Run: node recovery/retention/retentionPolicy.js --apply
[2026-07-15T15:34:37.497Z] node: [2026-07-15T15:34:37.491Z] ============================================================
[2026-07-15T15:34:37.499Z] node: [2026-07-15T15:34:37.499Z] 🧹 AlphaTech Recovery Retention ALPHATECH-RECOVERY-RETENTION-V1
[2026-07-15T15:34:37.500Z] node: [2026-07-15T15:34:37.499Z] ============================================================
[2026-07-15T15:34:37.500Z] node: [2026-07-15T15:34:37.500Z] Mode: APPLY
[2026-07-15T15:34:37.506Z] node: [2026-07-15T15:34:37.506Z] ------------------------------------------------------------
[2026-07-15T15:34:37.507Z] node: [2026-07-15T15:34:37.506Z] Target      : local-backups
[2026-07-15T15:34:37.507Z] node: [2026-07-15T15:34:37.507Z] Directory   : D:\alpha-tech\server\backups
[2026-07-15T15:34:37.507Z] node: [2026-07-15T15:34:37.507Z] Retention   : 3 day(s)
[2026-07-15T15:34:37.508Z] node: [2026-07-15T15:34:37.507Z] Scanned     : 40
[2026-07-15T15:34:37.508Z] node: [2026-07-15T15:34:37.508Z] Candidates  : 2
[2026-07-15T15:34:37.510Z] node: [2026-07-15T15:34:37.510Z] Deleted     : 2
[2026-07-15T15:34:37.511Z] node: [2026-07-15T15:34:37.510Z] Remaining   : 38
[2026-07-15T15:34:37.511Z] node: [2026-07-15T15:34:37.510Z] Failed      : 0
[2026-07-15T15:34:37.511Z] node: [2026-07-15T15:34:37.511Z] ------------------------------------------------------------
[2026-07-15T15:34:37.512Z] node: [2026-07-15T15:34:37.511Z] Target      : offsite-local-mirror
[2026-07-15T15:34:37.512Z] node: [2026-07-15T15:34:37.512Z] Directory   : D:\alpha-tech\server\recovery\offsite
[2026-07-15T15:34:37.512Z] node: [2026-07-15T15:34:37.512Z] Retention   : 7 day(s)
[2026-07-15T15:34:37.512Z] node: [2026-07-15T15:34:37.512Z] Scanned     : 0
[2026-07-15T15:34:37.513Z] node: [2026-07-15T15:34:37.513Z] Candidates  : 0
[2026-07-15T15:34:37.513Z] node: [2026-07-15T15:34:37.513Z] Deleted     : 0
[2026-07-15T15:34:37.513Z] node: [2026-07-15T15:34:37.513Z] Remaining   : 0
[2026-07-15T15:34:37.514Z] node: [2026-07-15T15:34:37.513Z] Failed      : 0
[2026-07-15T15:34:37.516Z] node: [2026-07-15T15:34:37.515Z] 🧾 JSON report: D:\alpha-tech\server\recovery\reports\retention-report-2026-07-15T15-34-37-514Z.json
[2026-07-15T15:34:37.516Z] node: [2026-07-15T15:34:37.516Z] 🧾 TXT report: D:\alpha-tech\server\recovery\reports\retention-report-2026-07-15T15-34-37-514Z.txt
[2026-07-15T15:34:37.516Z] node: [2026-07-15T15:34:37.516Z] ✅ Overall: PASS
[2026-07-15T15:34:37.526Z] ▶️  Run: node qbrs.js --manifest D:\alpha-tech\server\backups\alphatech_hardened_backup_v6_2026-07-15_2026-07-15T15-34-28-689Z.manifest.json --init --yes --reset-schema
[2026-07-15T15:34:37.679Z] node: [2026-07-15T15:34:37.677Z] ============================================================
[2026-07-15T15:34:37.681Z] node: [2026-07-15T15:34:37.680Z] 🚑 AlphaTech Restore Tool P1-HARDENED-RESTORE-V3-NODE-PG
[2026-07-15T15:34:37.682Z] node: [2026-07-15T15:34:37.681Z] ============================================================
[2026-07-15T15:34:37.716Z] node: [2026-07-15T15:34:37.715Z] ✅ Manifest loaded.
[2026-07-15T15:34:37.716Z] node: [2026-07-15T15:34:37.715Z] ✅ SQL file: D:\alpha-tech\server\backups\alphatech_hardened_backup_v6_2026-07-15_2026-07-15T15-34-28-689Z.sql
[2026-07-15T15:34:37.717Z] node: [2026-07-15T15:34:37.716Z] ✅ SHA256 verified: c28b5141eb86db2e0dcf794ab6fe8aac62ff0723e9085b8fb92c59d145db7a28
[2026-07-15T15:34:37.717Z] node: [2026-07-15T15:34:37.717Z] 🎯 Target DB: postgresql://postgres:***@db.engqdeyzbvnmxbnpemau.supabase.co:5432/postgres
[2026-07-15T15:34:37.718Z] node: [2026-07-15T15:34:37.717Z] 🎯 Host: db.engqdeyzbvnmxbnpemau.supabase.co
[2026-07-15T15:34:37.718Z] node: [2026-07-15T15:34:37.717Z] 🎯 Port: 5432
[2026-07-15T15:34:37.718Z] node: [2026-07-15T15:34:37.718Z] 🎯 Database: postgres
[2026-07-15T15:34:37.719Z] node: [2026-07-15T15:34:37.718Z] 🎯 Schema: public
[2026-07-15T15:34:38.068Z] node: [2026-07-15T15:34:38.067Z] 🔌 Connected to target PostgreSQL successfully.
[2026-07-15T15:34:41.209Z] node: [2026-07-15T15:34:41.208Z] 📊 Existing tables: 70
[2026-07-15T15:34:41.209Z] node: [2026-07-15T15:34:41.208Z] 📦 Existing rows: 23066
[2026-07-15T15:34:41.210Z] node: [2026-07-15T15:34:41.209Z] 🔎 Product: 1733
[2026-07-15T15:34:41.210Z] node: [2026-07-15T15:34:41.209Z] 🔎 BranchPrice: 1731
[2026-07-15T15:34:41.210Z] node: [2026-07-15T15:34:41.209Z] 🔎 StockItem: 2590
[2026-07-15T15:34:41.211Z] node: [2026-07-15T15:34:41.209Z] 🔎 Sale: 18
[2026-07-15T15:34:41.211Z] node: [2026-07-15T15:34:41.209Z] 🔎 SaleItem: 76
[2026-07-15T15:34:41.211Z] node: [2026-07-15T15:34:41.210Z] 🔎 SaleItemSimple: 0
[2026-07-15T15:34:41.211Z] node: [2026-07-15T15:34:41.210Z] 🔎 Payment: 9
[2026-07-15T15:34:41.212Z] node: [2026-07-15T15:34:41.210Z] 🔎 PaymentItem: 9
[2026-07-15T15:34:41.781Z] node: [2026-07-15T15:34:41.781Z] 🧨 Resetting target schema "public" before restore...
[2026-07-15T15:34:41.782Z] node: [2026-07-15T15:34:41.781Z] 🛡️ This action is intended for Recovery / Standby DB only.
[2026-07-15T15:34:42.310Z] node: [2026-07-15T15:34:42.309Z] ✅ Schema "public" reset completed.
[2026-07-15T15:34:42.366Z] node: [2026-07-15T15:34:42.365Z] 🧱 Running Prisma db push against Recovery DB only...
[2026-07-15T15:34:42.368Z] node: [2026-07-15T15:34:42.366Z] 🛡️ DATABASE_URL is injected from RESTORE_DATABASE_URL/RECOVERY_DATABASE_URL for this process only.
[2026-07-15T15:34:46.168Z] node: [2026-07-15T15:34:46.167Z] npx stderr: Environment variables loaded from .env
[2026-07-15T15:34:46.169Z] node: [2026-07-15T15:34:46.169Z] npx: Prisma schema loaded from prisma\schema.prisma
[2026-07-15T15:34:46.180Z] node: [2026-07-15T15:34:46.179Z] npx: Datasource "db": PostgreSQL database "postgres", schema "public" at "db.engqdeyzbvnmxbnpemau.supabase.co:5432"
[2026-07-15T15:35:01.470Z] node: [2026-07-15T15:35:01.469Z] npx: Your database is now in sync with your Prisma schema. Done in 14.70s
[2026-07-15T15:35:01.471Z] node: [2026-07-15T15:35:01.471Z] npx: Running generate... (Use --skip-generate to skip the generators)
[2026-07-15T15:35:02.427Z] node: [2026-07-15T15:35:02.427Z] npx: [2K[1A[2K[GRunning generate... - Prisma Client
[2026-07-15T15:35:03.734Z] node: [2026-07-15T15:35:03.733Z] npx: [2K[1A[2K[G✔ Generated Prisma Client (v6.16.2) to .\node_modules\.prisma\client in 1.30s
[2026-07-15T15:35:03.796Z] node: [2026-07-15T15:35:03.795Z] ✅ Prisma db push completed for Recovery DB.
[2026-07-15T15:35:07.074Z] node: [2026-07-15T15:35:07.074Z] 📊 Existing tables: 70
[2026-07-15T15:35:07.075Z] node: [2026-07-15T15:35:07.074Z] 📦 Existing rows: 0
[2026-07-15T15:35:07.075Z] node: [2026-07-15T15:35:07.074Z] 🔎 Product: 0
[2026-07-15T15:35:07.076Z] node: [2026-07-15T15:35:07.074Z] 🔎 BranchPrice: 0
[2026-07-15T15:35:07.076Z] node: [2026-07-15T15:35:07.074Z] 🔎 StockItem: 0
[2026-07-15T15:35:07.076Z] node: [2026-07-15T15:35:07.075Z] 🔎 Sale: 0
[2026-07-15T15:35:07.076Z] node: [2026-07-15T15:35:07.075Z] 🔎 SaleItem: 0
[2026-07-15T15:35:07.076Z] node: [2026-07-15T15:35:07.075Z] 🔎 SaleItemSimple: 0
[2026-07-15T15:35:07.077Z] node: [2026-07-15T15:35:07.075Z] 🔎 Payment: 0
[2026-07-15T15:35:07.077Z] node: [2026-07-15T15:35:07.075Z] 🔎 PaymentItem: 0
[2026-07-15T15:35:07.157Z] node: [2026-07-15T15:35:07.157Z] 📖 SQL loaded into memory (7.90 MB).
[2026-07-15T15:35:07.158Z] node: [2026-07-15T15:35:07.157Z] 🚚 Starting SQL restore via Node.js pg client...
[2026-07-15T15:35:10.896Z] node: [2026-07-15T15:35:10.895Z] ✅ SQL restore completed via Node.js pg client.
[2026-07-15T15:35:13.625Z] node: [2026-07-15T15:35:13.624Z] ✅ Restore verification PASS (70 tables checked).
[2026-07-15T15:35:13.625Z] node: [2026-07-15T15:35:13.624Z] 🎉 Restore completed successfully in 35.95 seconds.
[2026-07-15T15:35:13.640Z] ▶️  Run: node recovery/verify/qbv.js
[2026-07-15T15:35:13.800Z] node: [2026-07-15T15:35:13.798Z] ============================================================
[2026-07-15T15:35:13.802Z] node: [2026-07-15T15:35:13.801Z] 🔎 AlphaTech Integrity Verification ALPHATECH-RECOVERY-VERIFY-V1
[2026-07-15T15:35:13.802Z] node: [2026-07-15T15:35:13.801Z] ============================================================
[2026-07-15T15:35:13.803Z] node: [2026-07-15T15:35:13.801Z] Collecting Production snapshot...
[2026-07-15T15:35:25.319Z] node: [2026-07-15T15:35:25.318Z] Collecting Recovery snapshot...
[2026-07-15T15:35:36.263Z] node: [2026-07-15T15:35:36.262Z] Comparing snapshots...
[2026-07-15T15:35:36.270Z] node: [2026-07-15T15:35:36.269Z] 🧾 JSON report: D:\alpha-tech\server\recovery\reports\verification-report_2026-07-15T15-35-36-266Z.json
[2026-07-15T15:35:36.271Z] node: [2026-07-15T15:35:36.269Z] 🧾 TXT report: D:\alpha-tech\server\recovery\reports\verification-report_2026-07-15T15-35-36-266Z.txt
[2026-07-15T15:35:36.271Z] node: [2026-07-15T15:35:36.270Z] ✅ Overall: PASS
[2026-07-15T15:35:36.286Z] 🧾 Job manifest: D:\alpha-tech\server\recovery\jobs\job-2026-07-15T15-34-22-778Z.json
[2026-07-15T15:35:36.287Z] ✅ Job result: PASS exitCode=0
