[2026-07-21T13:39:48.746Z] ============================================================
[2026-07-21T13:39:48.753Z] 🧭 AlphaTech Recovery Retention Workflow ALPHATECH-RECOVERY-JOB-RUNNER-V7-R2-RETENTION
[2026-07-21T13:39:48.753Z] ============================================================
[2026-07-21T13:39:48.753Z] Mode: backup-workflow
[2026-07-21T13:39:48.754Z] ▶️  Run: node recovery/health/healthCheck.js
[2026-07-21T13:39:49.014Z] node: [2026-07-21T13:39:49.009Z] ============================================================
[2026-07-21T13:39:49.015Z] node: [2026-07-21T13:39:49.015Z] 🩺 AlphaTech Recovery Health Check ALPHATECH-RECOVERY-HEALTH-CHECK-V1
[2026-07-21T13:39:49.015Z] node: [2026-07-21T13:39:49.015Z] ============================================================
[2026-07-21T13:39:49.959Z] node: [2026-07-21T13:39:49.959Z] 🧾 JSON report: D:\alpha-tech\server\recovery\reports\health-check-2026-07-21T13-39-49-950Z.json
[2026-07-21T13:39:49.962Z] node: [2026-07-21T13:39:49.960Z] 🧾 TXT report: D:\alpha-tech\server\recovery\reports\health-check-2026-07-21T13-39-49-950Z.txt
[2026-07-21T13:39:49.962Z] node: [2026-07-21T13:39:49.960Z] ✅ Overall: PASS
[2026-07-21T13:39:49.985Z] ▶️  Run: node qb.js
[2026-07-21T13:39:50.492Z] node: 🔌 Connected to PostgreSQL successfully.
[2026-07-21T13:39:50.501Z] node: ⏳ Starting P1 Hardened Backup v6 Type-aware + generic self-reference FK safe restore...
[2026-07-21T13:39:54.485Z] node: 📦 Exporting table: Bank
[2026-07-21T13:39:54.525Z] node: 📦 Exporting table: Brand
[2026-07-21T13:39:54.573Z] node: 📦 Exporting table: Category
[2026-07-21T13:39:54.611Z] node: 📦 Exporting table: GlobalProductType
[2026-07-21T13:39:54.649Z] node: 📦 Exporting table: Position
[2026-07-21T13:39:54.694Z] node: 📦 Exporting table: Province
[2026-07-21T13:39:54.733Z] node: 📦 Exporting table: District
[2026-07-21T13:39:54.793Z] node: 📦 Exporting table: Subdistrict
[2026-07-21T13:39:55.007Z] node: 📦 Exporting table: Branch
[2026-07-21T13:39:55.046Z] node: 📦 Exporting table: BarcodeCounter
[2026-07-21T13:39:55.084Z] node: 📦 Exporting table: PaymentCodeCounter
[2026-07-21T13:39:55.121Z] node: 📦 Exporting table: ProductType
[2026-07-21T13:39:55.163Z] node: 📦 Exporting table: ProductTypeBrand
[2026-07-21T13:39:55.209Z] node: 📦 Exporting table: Supplier
[2026-07-21T13:39:55.249Z] node: 📦 Exporting table: Unit
[2026-07-21T13:39:55.287Z] node: 📦 Exporting table: Product
[2026-07-21T13:39:55.444Z] node: 📦 Exporting table: BranchPrice
[2026-07-21T13:39:55.543Z] node: 📦 Exporting table: ProductImage
[2026-07-21T13:39:55.581Z] node: 📦 Exporting table: StockBalance
[2026-07-21T13:39:55.643Z] node: 📦 Exporting table: User
[2026-07-21T13:39:55.688Z] node: 📦 Exporting table: CustomerProfile
[2026-07-21T13:39:55.733Z] node: 📦 Exporting table: Cart
[2026-07-21T13:39:55.771Z] node: 📦 Exporting table: CartItem
[2026-07-21T13:39:55.808Z] node: 📦 Exporting table: EmployeeProfile
[2026-07-21T13:39:55.846Z] node: 📦 Exporting table: CombinedBillingDocument
[2026-07-21T13:39:55.883Z] node: 📦 Exporting table: CombinedSaleDocument
[2026-07-21T13:39:55.921Z] node: 📦 Exporting table: CustomerDeposit
[2026-07-21T13:39:55.958Z] node: 📦 Exporting table: CustomerReceipts
[2026-07-21T13:39:56.000Z] node: 📦 Exporting table: InputTaxFilingBatch
[2026-07-21T13:39:56.038Z] node: 📦 Exporting table: Order
[2026-07-21T13:39:56.075Z] node: 📦 Exporting table: OrderOnline
[2026-07-21T13:39:56.112Z] node: 📦 Exporting table: OrderOnlineItem
[2026-07-21T13:39:56.150Z] node: 📦 Exporting table: PasswordResetToken
[2026-07-21T13:39:56.188Z] node: 📦 Exporting table: ProductOnOrder
[2026-07-21T13:39:56.225Z] node: 📦 Exporting table: PurchaseOrder
[2026-07-21T13:39:56.264Z] node: 📦 Exporting table: PurchaseOrderItem
[2026-07-21T13:39:56.307Z] node: 📦 Exporting table: PurchaseOrderReceipt
[2026-07-21T13:39:56.348Z] node: 📦 Exporting table: InputTaxFilingItem
[2026-07-21T13:39:56.393Z] node: 📦 Exporting table: PurchaseOrderReceiptItem
[2026-07-21T13:39:56.435Z] node: 📦 Exporting table: RefreshToken
[2026-07-21T13:39:56.698Z] node: 📦 Exporting table: Sale
[2026-07-21T13:39:56.743Z] node: 📦 Exporting table: CustomerReceiptAllocations
[2026-07-21T13:39:56.780Z] node: 📦 Exporting table: Payment
[2026-07-21T13:39:56.821Z] node: 📦 Exporting table: DepositUsage
[2026-07-21T13:39:56.859Z] node: 📦 Exporting table: PaymentItem
[2026-07-21T13:39:56.899Z] node: 📦 Exporting table: SaleReturn
[2026-07-21T13:39:56.940Z] node: 📦 Exporting table: RefundTransaction
[2026-07-21T13:39:56.979Z] node: 📦 Exporting table: SalesTaxFilingBatch
[2026-07-21T13:39:57.020Z] node: 📦 Exporting table: SalesTaxFilingItem
[2026-07-21T13:39:57.057Z] node: 📦 Exporting table: ServiceOrder
[2026-07-21T13:39:57.094Z] node: 📦 Exporting table: ServiceItem
[2026-07-21T13:39:57.131Z] node: 📦 Exporting table: SimpleLot
[2026-07-21T13:39:57.169Z] node: 📦 Exporting table: SaleItemSimple
[2026-07-21T13:39:57.206Z] node: 📦 Exporting table: SaleReturnItemSimple
[2026-07-21T13:39:57.243Z] node: 📦 Exporting table: StockAuditSession
[2026-07-21T13:39:57.283Z] node: 📦 Exporting table: StockItem
[2026-07-21T13:39:57.481Z] node: 📦 Exporting table: BarcodeReceiptItem
[2026-07-21T13:39:57.544Z] node: 📦 Exporting table: RepairJob
[2026-07-21T13:39:57.582Z] node: 📦 Exporting table: RepairPartItem
[2026-07-21T13:39:57.619Z] node: 📦 Exporting table: SaleItem
[2026-07-21T13:39:57.662Z] node: 📦 Exporting table: SaleReturnItem
[2026-07-21T13:39:57.700Z] node: 📦 Exporting table: StockAuditScanLog
[2026-07-21T13:39:57.738Z] node: 📦 Exporting table: StockAuditSnapshotItem
[2026-07-21T13:39:57.793Z] node: 📦 Exporting table: StockMovement
[2026-07-21T13:39:57.871Z] node: 📦 Exporting table: SupplierPayment
[2026-07-21T13:39:57.909Z] node: 📦 Exporting table: SupplierPaymentReceipt
[2026-07-21T13:39:57.947Z] node: 📦 Exporting table: V2CustomerDeposit
[2026-07-21T13:39:57.984Z] node: 📦 Exporting table: V2StockAudit
[2026-07-21T13:39:58.021Z] node: 📦 Exporting table: V2StockAuditItem
[2026-07-21T13:39:58.058Z] node: 📦 Exporting table: WarrantyClaim
[2026-07-21T13:40:00.832Z] node: 🎉 P1 Hardened Backup v6 Type-aware + generic self-reference FK safe restore completed successfully.
[2026-07-21T13:40:00.838Z] node: 💾 Backup file: D:\alpha-tech\server\backups\alphatech_hardened_backup_v6_2026-07-21_2026-07-21T13-39-54-450Z.sql
[2026-07-21T13:40:00.839Z] node: 🧾 Manifest file: D:\alpha-tech\server\backups\alphatech_hardened_backup_v6_2026-07-21_2026-07-21T13-39-54-450Z.manifest.json
[2026-07-21T13:40:00.839Z] node: 📊 Tables exported: 70
[2026-07-21T13:40:00.840Z] node: 📦 Rows exported: 26361
[2026-07-21T13:40:00.840Z] node: 🔢 Sequences prepared: 67
[2026-07-21T13:40:00.841Z] node: 🔐 SHA256: 9cef4197333b887894841cf04383aec692f95f66427090123193c3c9f241a144
[2026-07-21T13:40:00.845Z] node: 📐 File size: 9.37 MB
[2026-07-21T13:40:00.845Z] node: ⏱️ Duration: 8.02 seconds
[2026-07-21T13:40:00.845Z] node: ✅ Verification: PASS (70 tables checked)
[2026-07-21T13:40:00.900Z] ▶️  Run: node recovery/upload/uploadBackup.js --manifest D:\alpha-tech\server\backups\alphatech_hardened_backup_v6_2026-07-21_2026-07-21T13-39-54-450Z.manifest.json
[2026-07-21T13:40:00.994Z] node: [2026-07-21T13:40:00.989Z] ============================================================
[2026-07-21T13:40:00.997Z] node: [2026-07-21T13:40:00.997Z] AlphaTech Recovery Upload ALPHATECH-RECOVERY-UPLOAD-V2-S3-COMPATIBLE
[2026-07-21T13:40:00.997Z] node: [2026-07-21T13:40:00.997Z] ============================================================
[2026-07-21T13:40:01.255Z] node stderr: (node:18084) Warning: NodeVersionSupportWarning: The AWS SDK for JavaScript (v3)
[2026-07-21T13:40:01.255Z] node stderr: versions published after the first week of January 2027
[2026-07-21T13:40:01.256Z] node stderr: will require node >=22. You are running node v20.19.0.
[2026-07-21T13:40:01.257Z] node stderr: To continue receiving updates to AWS services, bug fixes,
[2026-07-21T13:40:01.257Z] node stderr: and security updates please upgrade to node >=22.
[2026-07-21T13:40:01.258Z] node stderr: More information can be found at: https://a.co/c895JFp
[2026-07-21T13:40:01.258Z] node stderr: (Use `node --trace-warnings ...` to show where the warning was created)
[2026-07-21T13:40:04.548Z] node: [2026-07-21T13:40:04.547Z] JSON report: D:\alpha-tech\server\recovery\reports\upload-report-2026-07-21T13-40-04-546Z.json
[2026-07-21T13:40:04.548Z] node: [2026-07-21T13:40:04.548Z] TXT report: D:\alpha-tech\server\recovery\reports\upload-report-2026-07-21T13-40-04-546Z.txt
[2026-07-21T13:40:04.551Z] node: [2026-07-21T13:40:04.548Z] Overall: PASS
[2026-07-21T13:40:05.645Z] ------------------------------------------------------------
[2026-07-21T13:40:05.647Z] Target      : cloudflare-r2
[2026-07-21T13:40:05.653Z] Bucket      : saduaksabuy-recovery
[2026-07-21T13:40:05.654Z] Prefix      : alphatech-production/
[2026-07-21T13:40:05.654Z] Retention   : 7 day(s)
[2026-07-21T13:40:05.655Z] Mode        : APPLY
[2026-07-21T13:40:05.655Z] Scanned     : 94
[2026-07-21T13:40:05.656Z] Candidates  : 0
[2026-07-21T13:40:05.656Z] Deleted     : 0
[2026-07-21T13:40:05.657Z] Remaining   : 94
[2026-07-21T13:40:05.657Z] Failed      : 0
[2026-07-21T13:40:05.658Z] ▶️  Run: node recovery/retention/retentionPolicy.js --apply
[2026-07-21T13:40:05.791Z] node: [2026-07-21T13:40:05.782Z] ============================================================
[2026-07-21T13:40:05.795Z] node: [2026-07-21T13:40:05.795Z] 🧹 AlphaTech Recovery Retention ALPHATECH-RECOVERY-RETENTION-V1
[2026-07-21T13:40:05.796Z] node: [2026-07-21T13:40:05.797Z] ============================================================
[2026-07-21T13:40:05.798Z] node: [2026-07-21T13:40:05.798Z] Mode: APPLY
[2026-07-21T13:40:05.814Z] node: [2026-07-21T13:40:05.815Z] ------------------------------------------------------------
[2026-07-21T13:40:05.815Z] node: [2026-07-21T13:40:05.816Z] Target      : local-backups
[2026-07-21T13:40:05.816Z] node: [2026-07-21T13:40:05.817Z] Directory   : D:\alpha-tech\server\backups
[2026-07-21T13:40:05.817Z] node: [2026-07-21T13:40:05.818Z] Retention   : 3 day(s)
[2026-07-21T13:40:05.821Z] node: [2026-07-21T13:40:05.821Z] Scanned     : 48
[2026-07-21T13:40:05.824Z] node: [2026-07-21T13:40:05.824Z] Candidates  : 2
[2026-07-21T13:40:05.826Z] node: [2026-07-21T13:40:05.826Z] Deleted     : 2
[2026-07-21T13:40:05.827Z] node: [2026-07-21T13:40:05.828Z] Remaining   : 46
[2026-07-21T13:40:05.829Z] node: [2026-07-21T13:40:05.829Z] Failed      : 0
[2026-07-21T13:40:05.830Z] node: [2026-07-21T13:40:05.831Z] ------------------------------------------------------------
[2026-07-21T13:40:05.831Z] node: [2026-07-21T13:40:05.831Z] Target      : offsite-local-mirror
[2026-07-21T13:40:05.832Z] node: [2026-07-21T13:40:05.833Z] Directory   : D:\alpha-tech\server\recovery\offsite
[2026-07-21T13:40:05.833Z] node: [2026-07-21T13:40:05.834Z] Retention   : 7 day(s)
[2026-07-21T13:40:05.836Z] node: [2026-07-21T13:40:05.835Z] Scanned     : 0
[2026-07-21T13:40:05.837Z] node: [2026-07-21T13:40:05.838Z] Candidates  : 0
[2026-07-21T13:40:05.838Z] node: [2026-07-21T13:40:05.839Z] Deleted     : 0
[2026-07-21T13:40:05.840Z] node: [2026-07-21T13:40:05.840Z] Remaining   : 0
[2026-07-21T13:40:05.841Z] node: [2026-07-21T13:40:05.841Z] Failed      : 0
[2026-07-21T13:40:05.845Z] node: [2026-07-21T13:40:05.846Z] 🧾 JSON report: D:\alpha-tech\server\recovery\reports\retention-report-2026-07-21T13-40-05-841Z.json
[2026-07-21T13:40:05.846Z] node: [2026-07-21T13:40:05.847Z] 🧾 TXT report: D:\alpha-tech\server\recovery\reports\retention-report-2026-07-21T13-40-05-841Z.txt
[2026-07-21T13:40:05.847Z] node: [2026-07-21T13:40:05.848Z] ✅ Overall: PASS
[2026-07-21T13:40:05.863Z] ▶️  Run: node qbrs.js --manifest D:\alpha-tech\server\backups\alphatech_hardened_backup_v6_2026-07-21_2026-07-21T13-39-54-450Z.manifest.json --init --yes --reset-schema
[2026-07-21T13:40:06.117Z] node: [2026-07-21T13:40:06.097Z] ============================================================
[2026-07-21T13:40:06.125Z] node: [2026-07-21T13:40:06.125Z] 🚑 AlphaTech Restore Tool P1-HARDENED-RESTORE-V3-NODE-PG
[2026-07-21T13:40:06.126Z] node: [2026-07-21T13:40:06.125Z] ============================================================
[2026-07-21T13:40:06.193Z] node: [2026-07-21T13:40:06.193Z] ✅ Manifest loaded.
[2026-07-21T13:40:06.197Z] node: [2026-07-21T13:40:06.194Z] ✅ SQL file: D:\alpha-tech\server\backups\alphatech_hardened_backup_v6_2026-07-21_2026-07-21T13-39-54-450Z.sql
[2026-07-21T13:40:06.199Z] node: [2026-07-21T13:40:06.195Z] ✅ SHA256 verified: 9cef4197333b887894841cf04383aec692f95f66427090123193c3c9f241a144
[2026-07-21T13:40:06.201Z] node: [2026-07-21T13:40:06.201Z] 🎯 Target DB: postgresql://postgres:***@db.engqdeyzbvnmxbnpemau.supabase.co:5432/postgres
[2026-07-21T13:40:06.206Z] node: [2026-07-21T13:40:06.205Z] 🎯 Host: db.engqdeyzbvnmxbnpemau.supabase.co
[2026-07-21T13:40:06.208Z] node: [2026-07-21T13:40:06.208Z] 🎯 Port: 5432
[2026-07-21T13:40:06.213Z] node: [2026-07-21T13:40:06.209Z] 🎯 Database: postgres
[2026-07-21T13:40:06.214Z] node: [2026-07-21T13:40:06.210Z] 🎯 Schema: public
[2026-07-21T13:40:06.665Z] node: [2026-07-21T13:40:06.648Z] 🔌 Connected to target PostgreSQL successfully.
[2026-07-21T13:40:06.910Z] node: [2026-07-21T13:40:06.910Z] 📊 Existing tables: 0
[2026-07-21T13:40:06.913Z] node: [2026-07-21T13:40:06.911Z] 📦 Existing rows: 0
[2026-07-21T13:40:06.915Z] node: [2026-07-21T13:40:06.911Z] 🔎 Product: TABLE_NOT_FOUND
[2026-07-21T13:40:06.916Z] node: [2026-07-21T13:40:06.911Z] 🔎 BranchPrice: TABLE_NOT_FOUND
[2026-07-21T13:40:06.917Z] node: [2026-07-21T13:40:06.912Z] 🔎 StockItem: TABLE_NOT_FOUND
[2026-07-21T13:40:06.918Z] node: [2026-07-21T13:40:06.913Z] 🔎 Sale: TABLE_NOT_FOUND
[2026-07-21T13:40:06.919Z] node: [2026-07-21T13:40:06.918Z] 🔎 SaleItem: TABLE_NOT_FOUND
[2026-07-21T13:40:06.922Z] node: [2026-07-21T13:40:06.918Z] 🔎 SaleItemSimple: TABLE_NOT_FOUND
[2026-07-21T13:40:06.923Z] node: [2026-07-21T13:40:06.919Z] 🔎 Payment: TABLE_NOT_FOUND
[2026-07-21T13:40:06.924Z] node: [2026-07-21T13:40:06.922Z] 🔎 PaymentItem: TABLE_NOT_FOUND
[2026-07-21T13:40:07.177Z] node: [2026-07-21T13:40:07.177Z] 🧨 Resetting target schema "public" before restore...
[2026-07-21T13:40:07.178Z] node: [2026-07-21T13:40:07.177Z] 🛡️ This action is intended for Recovery / Standby DB only.
[2026-07-21T13:40:07.296Z] node: [2026-07-21T13:40:07.297Z] ✅ Schema "public" reset completed.
[2026-07-21T13:40:07.331Z] node: [2026-07-21T13:40:07.331Z] 🧱 Running Prisma db push against Recovery DB only...
[2026-07-21T13:40:07.332Z] node: [2026-07-21T13:40:07.332Z] 🛡️ DATABASE_URL is injected from RESTORE_DATABASE_URL/RECOVERY_DATABASE_URL for this process only.
[2026-07-21T13:40:12.199Z] node: [2026-07-21T13:40:12.200Z] npx stderr: Environment variables loaded from .env
[2026-07-21T13:40:12.201Z] node: [2026-07-21T13:40:12.201Z] npx: Prisma schema loaded from prisma\schema.prisma
[2026-07-21T13:40:12.214Z] node: [2026-07-21T13:40:12.214Z] npx: Datasource "db": PostgreSQL database "postgres", schema "public" at "db.engqdeyzbvnmxbnpemau.supabase.co:5432"
[2026-07-21T13:40:28.842Z] node: [2026-07-21T13:40:28.842Z] npx: Your database is now in sync with your Prisma schema. Done in 16.00s
[2026-07-21T13:40:28.845Z] node: [2026-07-21T13:40:28.845Z] npx: Running generate... (Use --skip-generate to skip the generators)
[2026-07-21T13:40:29.905Z] node: [2026-07-21T13:40:29.905Z] npx: [2K[1A[2K[GRunning generate... - Prisma Client
[2026-07-21T13:40:31.270Z] node: [2026-07-21T13:40:31.270Z] npx: [2K[1A[2K[G✔ Generated Prisma Client (v6.16.2) to .\node_modules\.prisma\client in 1.35s
[2026-07-21T13:40:31.329Z] node: [2026-07-21T13:40:31.329Z] ✅ Prisma db push completed for Recovery DB.
[2026-07-21T13:40:35.706Z] node: [2026-07-21T13:40:35.704Z] 📊 Existing tables: 70
[2026-07-21T13:40:35.713Z] node: [2026-07-21T13:40:35.706Z] 📦 Existing rows: 0
[2026-07-21T13:40:35.727Z] node: [2026-07-21T13:40:35.718Z] 🔎 Product: 0
[2026-07-21T13:40:35.737Z] node: [2026-07-21T13:40:35.721Z] 🔎 BranchPrice: 0
[2026-07-21T13:40:35.795Z] node: [2026-07-21T13:40:35.722Z] 🔎 StockItem: 0
[2026-07-21T13:40:35.825Z] node: [2026-07-21T13:40:35.728Z] 🔎 Sale: 0
[2026-07-21T13:40:35.826Z] node: [2026-07-21T13:40:35.730Z] 🔎 SaleItem: 0
[2026-07-21T13:40:35.829Z] node: [2026-07-21T13:40:35.730Z] 🔎 SaleItemSimple: 0
[2026-07-21T13:40:35.831Z] node: [2026-07-21T13:40:35.738Z] 🔎 Payment: 0
[2026-07-21T13:40:35.843Z] node: [2026-07-21T13:40:35.739Z] 🔎 PaymentItem: 0
[2026-07-21T13:40:36.608Z] node: [2026-07-21T13:40:36.587Z] 📖 SQL loaded into memory (9.37 MB).
[2026-07-21T13:40:36.647Z] node: [2026-07-21T13:40:36.647Z] 🚚 Starting SQL restore via Node.js pg client...
[2026-07-21T13:40:43.709Z] node: [2026-07-21T13:40:43.708Z] ✅ SQL restore completed via Node.js pg client.
[2026-07-21T13:40:46.774Z] node: [2026-07-21T13:40:46.774Z] ✅ Restore verification PASS (70 tables checked).
[2026-07-21T13:40:46.775Z] node: [2026-07-21T13:40:46.775Z] 🎉 Restore completed successfully in 40.68 seconds.
[2026-07-21T13:40:46.805Z] ▶️  Run: node recovery/verify/qbv.js
[2026-07-21T13:40:47.032Z] node: [2026-07-21T13:40:47.031Z] ============================================================
[2026-07-21T13:40:47.058Z] node: [2026-07-21T13:40:47.043Z] 🔎 AlphaTech Integrity Verification ALPHATECH-RECOVERY-VERIFY-V1
[2026-07-21T13:40:47.061Z] node: [2026-07-21T13:40:47.045Z] ============================================================
[2026-07-21T13:40:47.062Z] node: [2026-07-21T13:40:47.045Z] Collecting Production snapshot...
[2026-07-21T13:40:59.242Z] node: [2026-07-21T13:40:59.241Z] Collecting Recovery snapshot...
[2026-07-21T13:41:10.265Z] node: [2026-07-21T13:41:10.264Z] Comparing snapshots...
[2026-07-21T13:41:10.272Z] node: [2026-07-21T13:41:10.272Z] 🧾 JSON report: D:\alpha-tech\server\recovery\reports\verification-report_2026-07-21T13-41-10-267Z.json
[2026-07-21T13:41:10.273Z] node: [2026-07-21T13:41:10.273Z] 🧾 TXT report: D:\alpha-tech\server\recovery\reports\verification-report_2026-07-21T13-41-10-267Z.txt
[2026-07-21T13:41:10.274Z] node: [2026-07-21T13:41:10.273Z] ✅ Overall: PASS
[2026-07-21T13:41:10.289Z] 🧾 Job manifest: D:\alpha-tech\server\recovery\jobs\job-2026-07-21T13-39-48-740Z.json
[2026-07-21T13:41:10.289Z] ✅ Job result: PASS exitCode=0
