[2026-07-13T07:39:48.897Z] ============================================================
[2026-07-13T07:39:48.903Z] 🧭 AlphaTech Recovery Retention Workflow ALPHATECH-RECOVERY-JOB-RUNNER-V7-R2-RETENTION
[2026-07-13T07:39:48.904Z] ============================================================
[2026-07-13T07:39:48.904Z] Mode: backup-workflow
[2026-07-13T07:39:48.905Z] ▶️  Run: node recovery/health/healthCheck.js
[2026-07-13T07:39:49.092Z] node: [2026-07-13T07:39:49.089Z] ============================================================
[2026-07-13T07:39:49.093Z] node: [2026-07-13T07:39:49.093Z] 🩺 AlphaTech Recovery Health Check ALPHATECH-RECOVERY-HEALTH-CHECK-V1
[2026-07-13T07:39:49.094Z] node: [2026-07-13T07:39:49.093Z] ============================================================
[2026-07-13T07:39:49.971Z] node: [2026-07-13T07:39:49.970Z] 🧾 JSON report: D:\alpha-tech\server\recovery\reports\health-check-2026-07-13T07-39-49-962Z.json
[2026-07-13T07:39:49.972Z] node: [2026-07-13T07:39:49.971Z] 🧾 TXT report: D:\alpha-tech\server\recovery\reports\health-check-2026-07-13T07-39-49-962Z.txt
[2026-07-13T07:39:49.972Z] node: [2026-07-13T07:39:49.971Z] ✅ Overall: PASS
[2026-07-13T07:39:49.984Z] ▶️  Run: node qb.js
[2026-07-13T07:39:50.403Z] node: 🔌 Connected to PostgreSQL successfully.
[2026-07-13T07:39:50.412Z] node: ⏳ Starting P1 Hardened Backup v6 Type-aware + generic self-reference FK safe restore...
[2026-07-13T07:39:54.274Z] node: 📦 Exporting table: Bank
[2026-07-13T07:39:54.314Z] node: 📦 Exporting table: Brand
[2026-07-13T07:39:54.358Z] node: 📦 Exporting table: Category
[2026-07-13T07:39:54.395Z] node: 📦 Exporting table: GlobalProductType
[2026-07-13T07:39:54.433Z] node: 📦 Exporting table: Position
[2026-07-13T07:39:54.470Z] node: 📦 Exporting table: Province
[2026-07-13T07:39:54.508Z] node: 📦 Exporting table: District
[2026-07-13T07:39:54.566Z] node: 📦 Exporting table: Subdistrict
[2026-07-13T07:39:54.766Z] node: 📦 Exporting table: Branch
[2026-07-13T07:39:54.805Z] node: 📦 Exporting table: BarcodeCounter
[2026-07-13T07:39:54.842Z] node: 📦 Exporting table: PaymentCodeCounter
[2026-07-13T07:39:54.879Z] node: 📦 Exporting table: ProductType
[2026-07-13T07:39:54.922Z] node: 📦 Exporting table: ProductTypeBrand
[2026-07-13T07:39:54.965Z] node: 📦 Exporting table: Supplier
[2026-07-13T07:39:55.003Z] node: 📦 Exporting table: Unit
[2026-07-13T07:39:55.042Z] node: 📦 Exporting table: Product
[2026-07-13T07:39:55.149Z] node: 📦 Exporting table: BranchPrice
[2026-07-13T07:39:55.229Z] node: 📦 Exporting table: ProductImage
[2026-07-13T07:39:55.266Z] node: 📦 Exporting table: StockBalance
[2026-07-13T07:39:55.321Z] node: 📦 Exporting table: User
[2026-07-13T07:39:55.366Z] node: 📦 Exporting table: CustomerProfile
[2026-07-13T07:39:55.412Z] node: 📦 Exporting table: Cart
[2026-07-13T07:39:55.448Z] node: 📦 Exporting table: CartItem
[2026-07-13T07:39:55.484Z] node: 📦 Exporting table: EmployeeProfile
[2026-07-13T07:39:55.521Z] node: 📦 Exporting table: CombinedBillingDocument
[2026-07-13T07:39:55.559Z] node: 📦 Exporting table: CombinedSaleDocument
[2026-07-13T07:39:55.595Z] node: 📦 Exporting table: CustomerDeposit
[2026-07-13T07:39:55.632Z] node: 📦 Exporting table: CustomerReceipts
[2026-07-13T07:39:55.669Z] node: 📦 Exporting table: InputTaxFilingBatch
[2026-07-13T07:39:55.705Z] node: 📦 Exporting table: Order
[2026-07-13T07:39:55.742Z] node: 📦 Exporting table: OrderOnline
[2026-07-13T07:39:55.779Z] node: 📦 Exporting table: OrderOnlineItem
[2026-07-13T07:39:55.816Z] node: 📦 Exporting table: PasswordResetToken
[2026-07-13T07:39:55.853Z] node: 📦 Exporting table: ProductOnOrder
[2026-07-13T07:39:55.890Z] node: 📦 Exporting table: PurchaseOrder
[2026-07-13T07:39:55.927Z] node: 📦 Exporting table: PurchaseOrderItem
[2026-07-13T07:39:55.964Z] node: 📦 Exporting table: PurchaseOrderReceipt
[2026-07-13T07:39:56.002Z] node: 📦 Exporting table: InputTaxFilingItem
[2026-07-13T07:39:56.038Z] node: 📦 Exporting table: PurchaseOrderReceiptItem
[2026-07-13T07:39:56.075Z] node: 📦 Exporting table: RefreshToken
[2026-07-13T07:39:56.313Z] node: 📦 Exporting table: Sale
[2026-07-13T07:39:56.351Z] node: 📦 Exporting table: CustomerReceiptAllocations
[2026-07-13T07:39:56.388Z] node: 📦 Exporting table: Payment
[2026-07-13T07:39:56.425Z] node: 📦 Exporting table: DepositUsage
[2026-07-13T07:39:56.462Z] node: 📦 Exporting table: PaymentItem
[2026-07-13T07:39:56.500Z] node: 📦 Exporting table: SaleReturn
[2026-07-13T07:39:56.536Z] node: 📦 Exporting table: RefundTransaction
[2026-07-13T07:39:56.573Z] node: 📦 Exporting table: SalesTaxFilingBatch
[2026-07-13T07:39:56.610Z] node: 📦 Exporting table: SalesTaxFilingItem
[2026-07-13T07:39:56.647Z] node: 📦 Exporting table: ServiceOrder
[2026-07-13T07:39:56.683Z] node: 📦 Exporting table: ServiceItem
[2026-07-13T07:39:56.724Z] node: 📦 Exporting table: SimpleLot
[2026-07-13T07:39:56.761Z] node: 📦 Exporting table: SaleItemSimple
[2026-07-13T07:39:56.798Z] node: 📦 Exporting table: SaleReturnItemSimple
[2026-07-13T07:39:56.835Z] node: 📦 Exporting table: StockAuditSession
[2026-07-13T07:39:56.871Z] node: 📦 Exporting table: StockItem
[2026-07-13T07:39:56.991Z] node: 📦 Exporting table: BarcodeReceiptItem
[2026-07-13T07:39:57.034Z] node: 📦 Exporting table: RepairJob
[2026-07-13T07:39:57.071Z] node: 📦 Exporting table: RepairPartItem
[2026-07-13T07:39:57.106Z] node: 📦 Exporting table: SaleItem
[2026-07-13T07:39:57.144Z] node: 📦 Exporting table: SaleReturnItem
[2026-07-13T07:39:57.181Z] node: 📦 Exporting table: StockAuditScanLog
[2026-07-13T07:39:57.218Z] node: 📦 Exporting table: StockAuditSnapshotItem
[2026-07-13T07:39:57.255Z] node: 📦 Exporting table: StockMovement
[2026-07-13T07:39:57.307Z] node: 📦 Exporting table: SupplierPayment
[2026-07-13T07:39:57.344Z] node: 📦 Exporting table: SupplierPaymentReceipt
[2026-07-13T07:39:57.381Z] node: 📦 Exporting table: V2CustomerDeposit
[2026-07-13T07:39:57.418Z] node: 📦 Exporting table: V2StockAudit
[2026-07-13T07:39:57.454Z] node: 📦 Exporting table: V2StockAuditItem
[2026-07-13T07:39:57.491Z] node: 📦 Exporting table: WarrantyClaim
[2026-07-13T07:40:00.137Z] node: 🎉 P1 Hardened Backup v6 Type-aware + generic self-reference FK safe restore completed successfully.
[2026-07-13T07:40:00.138Z] node: 💾 Backup file: D:\alpha-tech\server\backups\alphatech_hardened_backup_v6_2026-07-13_2026-07-13T07-39-54-239Z.sql
[2026-07-13T07:40:00.140Z] node: 🧾 Manifest file: D:\alpha-tech\server\backups\alphatech_hardened_backup_v6_2026-07-13_2026-07-13T07-39-54-239Z.manifest.json
[2026-07-13T07:40:00.141Z] node: 📊 Tables exported: 70
[2026-07-13T07:40:00.142Z] node: 📦 Rows exported: 19892
[2026-07-13T07:40:00.142Z] node: 🔢 Sequences prepared: 67
[2026-07-13T07:40:00.142Z] node: 🔐 SHA256: ced5535ee2135d6e7cbab49b96045b2355fb7a2d6ee8e4db8e74e350fb2b1621
[2026-07-13T07:40:00.142Z] node: 📐 File size: 6.54 MB
[2026-07-13T07:40:00.143Z] node: ⏱️ Duration: 7.45 seconds
[2026-07-13T07:40:00.143Z] node: ✅ Verification: PASS (70 tables checked)
[2026-07-13T07:40:00.203Z] ▶️  Run: node recovery/upload/uploadBackup.js --manifest D:\alpha-tech\server\backups\alphatech_hardened_backup_v6_2026-07-13_2026-07-13T07-39-54-239Z.manifest.json
[2026-07-13T07:40:00.287Z] node: [2026-07-13T07:40:00.282Z] ============================================================
[2026-07-13T07:40:00.289Z] node: [2026-07-13T07:40:00.288Z] AlphaTech Recovery Upload ALPHATECH-RECOVERY-UPLOAD-V2-S3-COMPATIBLE
[2026-07-13T07:40:00.289Z] node: [2026-07-13T07:40:00.289Z] ============================================================
[2026-07-13T07:40:00.641Z] node stderr: (node:12760) Warning: NodeVersionSupportWarning: The AWS SDK for JavaScript (v3)
[2026-07-13T07:40:00.641Z] node stderr: versions published after the first week of January 2027
[2026-07-13T07:40:00.642Z] node stderr: will require node >=22. You are running node v20.19.0.
[2026-07-13T07:40:00.645Z] node stderr: To continue receiving updates to AWS services, bug fixes,
[2026-07-13T07:40:00.645Z] node stderr: and security updates please upgrade to node >=22.
[2026-07-13T07:40:00.645Z] node stderr: More information can be found at: https://a.co/c895JFp
[2026-07-13T07:40:00.645Z] node stderr: (Use `node --trace-warnings ...` to show where the warning was created)
[2026-07-13T07:40:03.153Z] node: [2026-07-13T07:40:03.153Z] JSON report: D:\alpha-tech\server\recovery\reports\upload-report-2026-07-13T07-40-03-143Z.json
[2026-07-13T07:40:03.154Z] node: [2026-07-13T07:40:03.154Z] TXT report: D:\alpha-tech\server\recovery\reports\upload-report-2026-07-13T07-40-03-143Z.txt
[2026-07-13T07:40:03.155Z] node: [2026-07-13T07:40:03.154Z] Overall: PASS
[2026-07-13T07:40:03.678Z] ------------------------------------------------------------
[2026-07-13T07:40:03.679Z] Target      : cloudflare-r2
[2026-07-13T07:40:03.680Z] Bucket      : saduaksabuy-recovery
[2026-07-13T07:40:03.680Z] Prefix      : alphatech-production/
[2026-07-13T07:40:03.680Z] Retention   : 7 day(s)
[2026-07-13T07:40:03.681Z] Mode        : APPLY
[2026-07-13T07:40:03.682Z] Scanned     : 72
[2026-07-13T07:40:03.682Z] Candidates  : 0
[2026-07-13T07:40:03.682Z] Deleted     : 0
[2026-07-13T07:40:03.682Z] Remaining   : 72
[2026-07-13T07:40:03.683Z] Failed      : 0
[2026-07-13T07:40:03.683Z] ▶️  Run: node recovery/retention/retentionPolicy.js --apply
[2026-07-13T07:40:03.782Z] node: [2026-07-13T07:40:03.775Z] ============================================================
[2026-07-13T07:40:03.783Z] node: [2026-07-13T07:40:03.783Z] 🧹 AlphaTech Recovery Retention ALPHATECH-RECOVERY-RETENTION-V1
[2026-07-13T07:40:03.784Z] node: [2026-07-13T07:40:03.783Z] ============================================================
[2026-07-13T07:40:03.784Z] node: [2026-07-13T07:40:03.783Z] Mode: APPLY
[2026-07-13T07:40:03.794Z] node: [2026-07-13T07:40:03.794Z] ------------------------------------------------------------
[2026-07-13T07:40:03.795Z] node: [2026-07-13T07:40:03.794Z] Target      : local-backups
[2026-07-13T07:40:03.795Z] node: [2026-07-13T07:40:03.794Z] Directory   : D:\alpha-tech\server\backups
[2026-07-13T07:40:03.795Z] node: [2026-07-13T07:40:03.794Z] Retention   : 3 day(s)
[2026-07-13T07:40:03.796Z] node: [2026-07-13T07:40:03.796Z] Scanned     : 42
[2026-07-13T07:40:03.797Z] node: [2026-07-13T07:40:03.796Z] Candidates  : 2
[2026-07-13T07:40:03.798Z] node: [2026-07-13T07:40:03.797Z] Deleted     : 2
[2026-07-13T07:40:03.798Z] node: [2026-07-13T07:40:03.798Z] Remaining   : 40
[2026-07-13T07:40:03.798Z] node: [2026-07-13T07:40:03.798Z] Failed      : 0
[2026-07-13T07:40:03.799Z] node: [2026-07-13T07:40:03.798Z] ------------------------------------------------------------
[2026-07-13T07:40:03.799Z] node: [2026-07-13T07:40:03.799Z] Target      : offsite-local-mirror
[2026-07-13T07:40:03.800Z] node: [2026-07-13T07:40:03.799Z] Directory   : D:\alpha-tech\server\recovery\offsite
[2026-07-13T07:40:03.800Z] node: [2026-07-13T07:40:03.800Z] Retention   : 7 day(s)
[2026-07-13T07:40:03.800Z] node: [2026-07-13T07:40:03.800Z] Scanned     : 12
[2026-07-13T07:40:03.801Z] node: [2026-07-13T07:40:03.800Z] Candidates  : 0
[2026-07-13T07:40:03.801Z] node: [2026-07-13T07:40:03.800Z] Deleted     : 0
[2026-07-13T07:40:03.801Z] node: [2026-07-13T07:40:03.801Z] Remaining   : 12
[2026-07-13T07:40:03.801Z] node: [2026-07-13T07:40:03.801Z] Failed      : 0
[2026-07-13T07:40:03.803Z] node: [2026-07-13T07:40:03.803Z] 🧾 JSON report: D:\alpha-tech\server\recovery\reports\retention-report-2026-07-13T07-40-03-801Z.json
[2026-07-13T07:40:03.803Z] node: [2026-07-13T07:40:03.803Z] 🧾 TXT report: D:\alpha-tech\server\recovery\reports\retention-report-2026-07-13T07-40-03-801Z.txt
[2026-07-13T07:40:03.804Z] node: [2026-07-13T07:40:03.803Z] ✅ Overall: PASS
[2026-07-13T07:40:03.815Z] ▶️  Run: node qbrs.js --manifest D:\alpha-tech\server\backups\alphatech_hardened_backup_v6_2026-07-13_2026-07-13T07-39-54-239Z.manifest.json --init --yes --reset-schema
[2026-07-13T07:40:03.966Z] node: [2026-07-13T07:40:03.963Z] ============================================================
[2026-07-13T07:40:03.967Z] node: [2026-07-13T07:40:03.966Z] 🚑 AlphaTech Restore Tool P1-HARDENED-RESTORE-V3-NODE-PG
[2026-07-13T07:40:03.968Z] node: [2026-07-13T07:40:03.967Z] ============================================================
[2026-07-13T07:40:03.999Z] node: [2026-07-13T07:40:03.998Z] ✅ Manifest loaded.
[2026-07-13T07:40:03.999Z] node: [2026-07-13T07:40:03.998Z] ✅ SQL file: D:\alpha-tech\server\backups\alphatech_hardened_backup_v6_2026-07-13_2026-07-13T07-39-54-239Z.sql
[2026-07-13T07:40:04.000Z] node: [2026-07-13T07:40:03.998Z] ✅ SHA256 verified: ced5535ee2135d6e7cbab49b96045b2355fb7a2d6ee8e4db8e74e350fb2b1621
[2026-07-13T07:40:04.001Z] node: [2026-07-13T07:40:03.999Z] 🎯 Target DB: postgresql://postgres:***@db.engqdeyzbvnmxbnpemau.supabase.co:5432/postgres
[2026-07-13T07:40:04.001Z] node: [2026-07-13T07:40:04.000Z] 🎯 Host: db.engqdeyzbvnmxbnpemau.supabase.co
[2026-07-13T07:40:04.001Z] node: [2026-07-13T07:40:04.000Z] 🎯 Port: 5432
[2026-07-13T07:40:04.002Z] node: [2026-07-13T07:40:04.001Z] 🎯 Database: postgres
[2026-07-13T07:40:04.002Z] node: [2026-07-13T07:40:04.001Z] 🎯 Schema: public
[2026-07-13T07:40:04.393Z] node: [2026-07-13T07:40:04.392Z] 🔌 Connected to target PostgreSQL successfully.
[2026-07-13T07:40:07.868Z] node: [2026-07-13T07:40:07.868Z] 📊 Existing tables: 70
[2026-07-13T07:40:07.869Z] node: [2026-07-13T07:40:07.868Z] 📦 Existing rows: 19203
[2026-07-13T07:40:07.870Z] node: [2026-07-13T07:40:07.868Z] 🔎 Product: 1466
[2026-07-13T07:40:07.871Z] node: [2026-07-13T07:40:07.869Z] 🔎 BranchPrice: 1464
[2026-07-13T07:40:07.871Z] node: [2026-07-13T07:40:07.869Z] 🔎 StockItem: 1693
[2026-07-13T07:40:07.871Z] node: [2026-07-13T07:40:07.869Z] 🔎 Sale: 6
[2026-07-13T07:40:07.872Z] node: [2026-07-13T07:40:07.869Z] 🔎 SaleItem: 8
[2026-07-13T07:40:07.872Z] node: [2026-07-13T07:40:07.870Z] 🔎 SaleItemSimple: 0
[2026-07-13T07:40:07.872Z] node: [2026-07-13T07:40:07.870Z] 🔎 Payment: 4
[2026-07-13T07:40:07.873Z] node: [2026-07-13T07:40:07.870Z] 🔎 PaymentItem: 4
[2026-07-13T07:40:08.127Z] node: [2026-07-13T07:40:08.126Z] 🧨 Resetting target schema "public" before restore...
[2026-07-13T07:40:08.127Z] node: [2026-07-13T07:40:08.126Z] 🛡️ This action is intended for Recovery / Standby DB only.
[2026-07-13T07:40:08.575Z] node: [2026-07-13T07:40:08.574Z] ✅ Schema "public" reset completed.
[2026-07-13T07:40:08.610Z] node: [2026-07-13T07:40:08.609Z] 🧱 Running Prisma db push against Recovery DB only...
[2026-07-13T07:40:08.611Z] node: [2026-07-13T07:40:08.610Z] 🛡️ DATABASE_URL is injected from RESTORE_DATABASE_URL/RECOVERY_DATABASE_URL for this process only.
[2026-07-13T07:40:12.175Z] node: [2026-07-13T07:40:12.175Z] npx stderr: Environment variables loaded from .env
[2026-07-13T07:40:12.177Z] node: [2026-07-13T07:40:12.176Z] npx: Prisma schema loaded from prisma\schema.prisma
[2026-07-13T07:40:12.189Z] node: [2026-07-13T07:40:12.188Z] npx: Datasource "db": PostgreSQL database "postgres", schema "public" at "db.engqdeyzbvnmxbnpemau.supabase.co:5432"
[2026-07-13T07:40:27.674Z] node: [2026-07-13T07:40:27.673Z] npx: Your database is now in sync with your Prisma schema. Done in 14.93s
[2026-07-13T07:40:27.676Z] node: [2026-07-13T07:40:27.675Z] npx: Running generate... (Use --skip-generate to skip the generators)
[2026-07-13T07:40:28.559Z] node: [2026-07-13T07:40:28.558Z] npx: [2K[1A[2K[GRunning generate... - Prisma Client
[2026-07-13T07:40:29.899Z] node: [2026-07-13T07:40:29.898Z] npx: [2K[1A[2K[G✔ Generated Prisma Client (v6.16.2) to .\node_modules\.prisma\client in 1.34s
[2026-07-13T07:40:29.902Z] node: [2026-07-13T07:40:29.901Z] npx stderr: ┌─────────────────────────────────────────────────────────┐
[2026-07-13T07:40:29.902Z] node: [2026-07-13T07:40:29.901Z] npx stderr: │  Update available 6.16.2 -> 7.8.0                       │
[2026-07-13T07:40:29.903Z] node: [2026-07-13T07:40:29.901Z] npx stderr: │                                                         │
[2026-07-13T07:40:29.904Z] node: [2026-07-13T07:40:29.901Z] npx stderr: │  This is a major update - please follow the guide at    │
[2026-07-13T07:40:29.904Z] node: [2026-07-13T07:40:29.902Z] npx stderr: │  https://pris.ly/d/major-version-upgrade                │
[2026-07-13T07:40:29.904Z] node: [2026-07-13T07:40:29.902Z] npx stderr: │                                                         │
[2026-07-13T07:40:29.904Z] node: [2026-07-13T07:40:29.902Z] npx stderr: │  Run the following to update                            │
[2026-07-13T07:40:29.905Z] node: [2026-07-13T07:40:29.902Z] npx stderr: │    npm i --save-dev prisma@latest                       │
[2026-07-13T07:40:29.905Z] node: [2026-07-13T07:40:29.902Z] npx stderr: │    npm i @prisma/client@latest                          │
[2026-07-13T07:40:29.905Z] node: [2026-07-13T07:40:29.902Z] npx stderr: └─────────────────────────────────────────────────────────┘
[2026-07-13T07:40:29.958Z] node: [2026-07-13T07:40:29.957Z] ✅ Prisma db push completed for Recovery DB.
[2026-07-13T07:40:33.033Z] node: [2026-07-13T07:40:33.032Z] 📊 Existing tables: 70
[2026-07-13T07:40:33.035Z] node: [2026-07-13T07:40:33.033Z] 📦 Existing rows: 0
[2026-07-13T07:40:33.053Z] node: [2026-07-13T07:40:33.033Z] 🔎 Product: 0
[2026-07-13T07:40:33.056Z] node: [2026-07-13T07:40:33.033Z] 🔎 BranchPrice: 0
[2026-07-13T07:40:33.057Z] node: [2026-07-13T07:40:33.034Z] 🔎 StockItem: 0
[2026-07-13T07:40:33.057Z] node: [2026-07-13T07:40:33.034Z] 🔎 Sale: 0
[2026-07-13T07:40:33.066Z] node: [2026-07-13T07:40:33.034Z] 🔎 SaleItem: 0
[2026-07-13T07:40:33.067Z] node: [2026-07-13T07:40:33.034Z] 🔎 SaleItemSimple: 0
[2026-07-13T07:40:33.068Z] node: [2026-07-13T07:40:33.034Z] 🔎 Payment: 0
[2026-07-13T07:40:33.097Z] node: [2026-07-13T07:40:33.035Z] 🔎 PaymentItem: 0
[2026-07-13T07:40:33.168Z] node: [2026-07-13T07:40:33.168Z] 📖 SQL loaded into memory (6.54 MB).
[2026-07-13T07:40:33.169Z] node: [2026-07-13T07:40:33.168Z] 🚚 Starting SQL restore via Node.js pg client...
[2026-07-13T07:40:36.379Z] node: [2026-07-13T07:40:36.378Z] ✅ SQL restore completed via Node.js pg client.
[2026-07-13T07:40:39.070Z] node: [2026-07-13T07:40:39.069Z] ✅ Restore verification PASS (70 tables checked).
[2026-07-13T07:40:39.070Z] node: [2026-07-13T07:40:39.069Z] 🎉 Restore completed successfully in 35.11 seconds.
[2026-07-13T07:40:39.084Z] ▶️  Run: node recovery/verify/qbv.js
[2026-07-13T07:40:39.238Z] node: [2026-07-13T07:40:39.236Z] ============================================================
[2026-07-13T07:40:39.240Z] node: [2026-07-13T07:40:39.240Z] 🔎 AlphaTech Integrity Verification ALPHATECH-RECOVERY-VERIFY-V1
[2026-07-13T07:40:39.240Z] node: [2026-07-13T07:40:39.240Z] ============================================================
[2026-07-13T07:40:39.240Z] node: [2026-07-13T07:40:39.240Z] Collecting Production snapshot...
[2026-07-13T07:40:51.205Z] node: [2026-07-13T07:40:51.205Z] Collecting Recovery snapshot...
[2026-07-13T07:41:02.634Z] node: [2026-07-13T07:41:02.634Z] Comparing snapshots...
[2026-07-13T07:41:02.649Z] node: [2026-07-13T07:41:02.649Z] 🧾 JSON report: D:\alpha-tech\server\recovery\reports\verification-report_2026-07-13T07-41-02-639Z.json
[2026-07-13T07:41:02.650Z] node: [2026-07-13T07:41:02.650Z] 🧾 TXT report: D:\alpha-tech\server\recovery\reports\verification-report_2026-07-13T07-41-02-639Z.txt
[2026-07-13T07:41:02.651Z] node: [2026-07-13T07:41:02.650Z] ✅ Overall: FAIL
[2026-07-13T07:41:02.666Z] 🧾 Job manifest: D:\alpha-tech\server\recovery\jobs\job-2026-07-13T07-39-48-895Z.json
[2026-07-13T07:41:02.667Z] ❌ Job result: FAIL exitCode=40
