[2026-07-15T07:39:48.776Z] ============================================================
[2026-07-15T07:39:48.789Z] 🧭 AlphaTech Recovery Retention Workflow ALPHATECH-RECOVERY-JOB-RUNNER-V7-R2-RETENTION
[2026-07-15T07:39:48.790Z] ============================================================
[2026-07-15T07:39:48.790Z] Mode: backup-workflow
[2026-07-15T07:39:48.791Z] ▶️  Run: node recovery/health/healthCheck.js
[2026-07-15T07:39:48.997Z] node: [2026-07-15T07:39:48.994Z] ============================================================
[2026-07-15T07:39:48.998Z] node: [2026-07-15T07:39:48.999Z] 🩺 AlphaTech Recovery Health Check ALPHATECH-RECOVERY-HEALTH-CHECK-V1
[2026-07-15T07:39:48.999Z] node: [2026-07-15T07:39:48.999Z] ============================================================
[2026-07-15T07:39:49.860Z] node: [2026-07-15T07:39:49.860Z] 🧾 JSON report: D:\alpha-tech\server\recovery\reports\health-check-2026-07-15T07-39-49-858Z.json
[2026-07-15T07:39:49.861Z] node: [2026-07-15T07:39:49.861Z] 🧾 TXT report: D:\alpha-tech\server\recovery\reports\health-check-2026-07-15T07-39-49-858Z.txt
[2026-07-15T07:39:49.862Z] node: [2026-07-15T07:39:49.861Z] ✅ Overall: PASS
[2026-07-15T07:39:49.876Z] ▶️  Run: node qb.js
[2026-07-15T07:39:50.331Z] node: 🔌 Connected to PostgreSQL successfully.
[2026-07-15T07:39:50.334Z] node: ⏳ Starting P1 Hardened Backup v6 Type-aware + generic self-reference FK safe restore...
[2026-07-15T07:39:53.794Z] node: 📦 Exporting table: Bank
[2026-07-15T07:39:53.830Z] node: 📦 Exporting table: Brand
[2026-07-15T07:39:53.872Z] node: 📦 Exporting table: Category
[2026-07-15T07:39:53.906Z] node: 📦 Exporting table: GlobalProductType
[2026-07-15T07:39:53.939Z] node: 📦 Exporting table: Position
[2026-07-15T07:39:53.973Z] node: 📦 Exporting table: Province
[2026-07-15T07:39:54.008Z] node: 📦 Exporting table: District
[2026-07-15T07:39:54.085Z] node: 📦 Exporting table: Subdistrict
[2026-07-15T07:39:54.382Z] node: 📦 Exporting table: Branch
[2026-07-15T07:39:54.418Z] node: 📦 Exporting table: BarcodeCounter
[2026-07-15T07:39:54.451Z] node: 📦 Exporting table: PaymentCodeCounter
[2026-07-15T07:39:54.485Z] node: 📦 Exporting table: ProductType
[2026-07-15T07:39:54.529Z] node: 📦 Exporting table: ProductTypeBrand
[2026-07-15T07:39:54.573Z] node: 📦 Exporting table: Supplier
[2026-07-15T07:39:54.608Z] node: 📦 Exporting table: Unit
[2026-07-15T07:39:54.642Z] node: 📦 Exporting table: Product
[2026-07-15T07:39:54.760Z] node: 📦 Exporting table: BranchPrice
[2026-07-15T07:39:54.854Z] node: 📦 Exporting table: ProductImage
[2026-07-15T07:39:54.895Z] node: 📦 Exporting table: StockBalance
[2026-07-15T07:39:54.954Z] node: 📦 Exporting table: User
[2026-07-15T07:39:54.997Z] node: 📦 Exporting table: CustomerProfile
[2026-07-15T07:39:55.041Z] node: 📦 Exporting table: Cart
[2026-07-15T07:39:55.075Z] node: 📦 Exporting table: CartItem
[2026-07-15T07:39:55.113Z] node: 📦 Exporting table: EmployeeProfile
[2026-07-15T07:39:55.152Z] node: 📦 Exporting table: CombinedBillingDocument
[2026-07-15T07:39:55.190Z] node: 📦 Exporting table: CombinedSaleDocument
[2026-07-15T07:39:55.229Z] node: 📦 Exporting table: CustomerDeposit
[2026-07-15T07:39:55.268Z] node: 📦 Exporting table: CustomerReceipts
[2026-07-15T07:39:55.311Z] node: 📦 Exporting table: InputTaxFilingBatch
[2026-07-15T07:39:55.352Z] node: 📦 Exporting table: Order
[2026-07-15T07:39:55.385Z] node: 📦 Exporting table: OrderOnline
[2026-07-15T07:39:55.418Z] node: 📦 Exporting table: OrderOnlineItem
[2026-07-15T07:39:55.452Z] node: 📦 Exporting table: PasswordResetToken
[2026-07-15T07:39:55.486Z] node: 📦 Exporting table: ProductOnOrder
[2026-07-15T07:39:55.519Z] node: 📦 Exporting table: PurchaseOrder
[2026-07-15T07:39:55.553Z] node: 📦 Exporting table: PurchaseOrderItem
[2026-07-15T07:39:55.587Z] node: 📦 Exporting table: PurchaseOrderReceipt
[2026-07-15T07:39:55.624Z] node: 📦 Exporting table: InputTaxFilingItem
[2026-07-15T07:39:55.658Z] node: 📦 Exporting table: PurchaseOrderReceiptItem
[2026-07-15T07:39:55.693Z] node: 📦 Exporting table: RefreshToken
[2026-07-15T07:39:55.940Z] node: 📦 Exporting table: Sale
[2026-07-15T07:39:55.978Z] node: 📦 Exporting table: CustomerReceiptAllocations
[2026-07-15T07:39:56.012Z] node: 📦 Exporting table: Payment
[2026-07-15T07:39:56.046Z] node: 📦 Exporting table: DepositUsage
[2026-07-15T07:39:56.079Z] node: 📦 Exporting table: PaymentItem
[2026-07-15T07:39:56.112Z] node: 📦 Exporting table: SaleReturn
[2026-07-15T07:39:56.145Z] node: 📦 Exporting table: RefundTransaction
[2026-07-15T07:39:56.179Z] node: 📦 Exporting table: SalesTaxFilingBatch
[2026-07-15T07:39:56.212Z] node: 📦 Exporting table: SalesTaxFilingItem
[2026-07-15T07:39:56.245Z] node: 📦 Exporting table: ServiceOrder
[2026-07-15T07:39:56.279Z] node: 📦 Exporting table: ServiceItem
[2026-07-15T07:39:56.312Z] node: 📦 Exporting table: SimpleLot
[2026-07-15T07:39:56.346Z] node: 📦 Exporting table: SaleItemSimple
[2026-07-15T07:39:56.380Z] node: 📦 Exporting table: SaleReturnItemSimple
[2026-07-15T07:39:56.414Z] node: 📦 Exporting table: StockAuditSession
[2026-07-15T07:39:56.448Z] node: 📦 Exporting table: StockItem
[2026-07-15T07:39:56.609Z] node: 📦 Exporting table: BarcodeReceiptItem
[2026-07-15T07:39:56.652Z] node: 📦 Exporting table: RepairJob
[2026-07-15T07:39:56.685Z] node: 📦 Exporting table: RepairPartItem
[2026-07-15T07:39:56.718Z] node: 📦 Exporting table: SaleItem
[2026-07-15T07:39:56.754Z] node: 📦 Exporting table: SaleReturnItem
[2026-07-15T07:39:56.788Z] node: 📦 Exporting table: StockAuditScanLog
[2026-07-15T07:39:56.821Z] node: 📦 Exporting table: StockAuditSnapshotItem
[2026-07-15T07:39:56.871Z] node: 📦 Exporting table: StockMovement
[2026-07-15T07:39:56.924Z] node: 📦 Exporting table: SupplierPayment
[2026-07-15T07:39:56.957Z] node: 📦 Exporting table: SupplierPaymentReceipt
[2026-07-15T07:39:56.991Z] node: 📦 Exporting table: V2CustomerDeposit
[2026-07-15T07:39:57.024Z] node: 📦 Exporting table: V2StockAudit
[2026-07-15T07:39:57.057Z] node: 📦 Exporting table: V2StockAuditItem
[2026-07-15T07:39:57.091Z] node: 📦 Exporting table: WarrantyClaim
[2026-07-15T07:39:59.570Z] node: 🎉 P1 Hardened Backup v6 Type-aware + generic self-reference FK safe restore completed successfully.
[2026-07-15T07:39:59.573Z] node: 💾 Backup file: D:\alpha-tech\server\backups\alphatech_hardened_backup_v6_2026-07-15_2026-07-15T07-39-53-767Z.sql
[2026-07-15T07:39:59.574Z] node: 🧾 Manifest file: D:\alpha-tech\server\backups\alphatech_hardened_backup_v6_2026-07-15_2026-07-15T07-39-53-767Z.manifest.json
[2026-07-15T07:39:59.574Z] node: 📊 Tables exported: 70
[2026-07-15T07:39:59.574Z] node: 📦 Rows exported: 22749
[2026-07-15T07:39:59.574Z] node: 🔢 Sequences prepared: 67
[2026-07-15T07:39:59.575Z] node: 🔐 SHA256: 7d1acff3b3be4141e773b3d2c4b119f45e8bcb926d58506bff8f7da076b9008f
[2026-07-15T07:39:59.575Z] node: 📐 File size: 7.75 MB
[2026-07-15T07:39:59.575Z] node: ⏱️ Duration: 7.15 seconds
[2026-07-15T07:39:59.576Z] node: ✅ Verification: PASS (70 tables checked)
[2026-07-15T07:39:59.663Z] ▶️  Run: node recovery/upload/uploadBackup.js --manifest D:\alpha-tech\server\backups\alphatech_hardened_backup_v6_2026-07-15_2026-07-15T07-39-53-767Z.manifest.json
[2026-07-15T07:39:59.795Z] node: [2026-07-15T07:39:59.789Z] ============================================================
[2026-07-15T07:39:59.801Z] node: [2026-07-15T07:39:59.801Z] AlphaTech Recovery Upload ALPHATECH-RECOVERY-UPLOAD-V2-S3-COMPATIBLE
[2026-07-15T07:39:59.804Z] node: [2026-07-15T07:39:59.802Z] ============================================================
[2026-07-15T07:40:00.154Z] node stderr: (node:9836) Warning: NodeVersionSupportWarning: The AWS SDK for JavaScript (v3)
[2026-07-15T07:40:00.154Z] node stderr: versions published after the first week of January 2027
[2026-07-15T07:40:00.154Z] node stderr: will require node >=22. You are running node v20.19.0.
[2026-07-15T07:40:00.155Z] node stderr: To continue receiving updates to AWS services, bug fixes,
[2026-07-15T07:40:00.155Z] node stderr: and security updates please upgrade to node >=22.
[2026-07-15T07:40:00.155Z] node stderr: More information can be found at: https://a.co/c895JFp
[2026-07-15T07:40:00.155Z] node stderr: (Use `node --trace-warnings ...` to show where the warning was created)
[2026-07-15T07:40:01.880Z] node: [2026-07-15T07:40:01.879Z] JSON report: D:\alpha-tech\server\recovery\reports\upload-report-2026-07-15T07-40-01-878Z.json
[2026-07-15T07:40:01.880Z] node: [2026-07-15T07:40:01.880Z] TXT report: D:\alpha-tech\server\recovery\reports\upload-report-2026-07-15T07-40-01-878Z.txt
[2026-07-15T07:40:01.880Z] node: [2026-07-15T07:40:01.880Z] Overall: PASS
[2026-07-15T07:40:02.388Z] ------------------------------------------------------------
[2026-07-15T07:40:02.388Z] Target      : cloudflare-r2
[2026-07-15T07:40:02.389Z] Bucket      : saduaksabuy-recovery
[2026-07-15T07:40:02.389Z] Prefix      : alphatech-production/
[2026-07-15T07:40:02.389Z] Retention   : 7 day(s)
[2026-07-15T07:40:02.389Z] Mode        : APPLY
[2026-07-15T07:40:02.390Z] Scanned     : 86
[2026-07-15T07:40:02.390Z] Candidates  : 0
[2026-07-15T07:40:02.390Z] Deleted     : 0
[2026-07-15T07:40:02.390Z] Remaining   : 86
[2026-07-15T07:40:02.390Z] Failed      : 0
[2026-07-15T07:40:02.391Z] ▶️  Run: node recovery/retention/retentionPolicy.js --apply
[2026-07-15T07:40:02.481Z] node: [2026-07-15T07:40:02.475Z] ============================================================
[2026-07-15T07:40:02.482Z] node: [2026-07-15T07:40:02.482Z] 🧹 AlphaTech Recovery Retention ALPHATECH-RECOVERY-RETENTION-V1
[2026-07-15T07:40:02.483Z] node: [2026-07-15T07:40:02.483Z] ============================================================
[2026-07-15T07:40:02.483Z] node: [2026-07-15T07:40:02.483Z] Mode: APPLY
[2026-07-15T07:40:02.490Z] node: [2026-07-15T07:40:02.489Z] ------------------------------------------------------------
[2026-07-15T07:40:02.490Z] node: [2026-07-15T07:40:02.490Z] Target      : local-backups
[2026-07-15T07:40:02.490Z] node: [2026-07-15T07:40:02.490Z] Directory   : D:\alpha-tech\server\backups
[2026-07-15T07:40:02.491Z] node: [2026-07-15T07:40:02.490Z] Retention   : 3 day(s)
[2026-07-15T07:40:02.491Z] node: [2026-07-15T07:40:02.491Z] Scanned     : 40
[2026-07-15T07:40:02.492Z] node: [2026-07-15T07:40:02.492Z] Candidates  : 2
[2026-07-15T07:40:02.493Z] node: [2026-07-15T07:40:02.493Z] Deleted     : 2
[2026-07-15T07:40:02.494Z] node: [2026-07-15T07:40:02.493Z] Remaining   : 38
[2026-07-15T07:40:02.494Z] node: [2026-07-15T07:40:02.494Z] Failed      : 0
[2026-07-15T07:40:02.494Z] node: [2026-07-15T07:40:02.494Z] ------------------------------------------------------------
[2026-07-15T07:40:02.495Z] node: [2026-07-15T07:40:02.494Z] Target      : offsite-local-mirror
[2026-07-15T07:40:02.495Z] node: [2026-07-15T07:40:02.495Z] Directory   : D:\alpha-tech\server\recovery\offsite
[2026-07-15T07:40:02.495Z] node: [2026-07-15T07:40:02.495Z] Retention   : 7 day(s)
[2026-07-15T07:40:02.496Z] node: [2026-07-15T07:40:02.495Z] Scanned     : 0
[2026-07-15T07:40:02.496Z] node: [2026-07-15T07:40:02.496Z] Candidates  : 0
[2026-07-15T07:40:02.496Z] node: [2026-07-15T07:40:02.496Z] Deleted     : 0
[2026-07-15T07:40:02.497Z] node: [2026-07-15T07:40:02.497Z] Remaining   : 0
[2026-07-15T07:40:02.497Z] node: [2026-07-15T07:40:02.497Z] Failed      : 0
[2026-07-15T07:40:02.499Z] node: [2026-07-15T07:40:02.498Z] 🧾 JSON report: D:\alpha-tech\server\recovery\reports\retention-report-2026-07-15T07-40-02-497Z.json
[2026-07-15T07:40:02.499Z] node: [2026-07-15T07:40:02.499Z] 🧾 TXT report: D:\alpha-tech\server\recovery\reports\retention-report-2026-07-15T07-40-02-497Z.txt
[2026-07-15T07:40:02.499Z] node: [2026-07-15T07:40:02.499Z] ✅ Overall: PASS
[2026-07-15T07:40:02.510Z] ▶️  Run: node qbrs.js --manifest D:\alpha-tech\server\backups\alphatech_hardened_backup_v6_2026-07-15_2026-07-15T07-39-53-767Z.manifest.json --init --yes --reset-schema
[2026-07-15T07:40:02.666Z] node: [2026-07-15T07:40:02.664Z] ============================================================
[2026-07-15T07:40:02.668Z] node: [2026-07-15T07:40:02.667Z] 🚑 AlphaTech Restore Tool P1-HARDENED-RESTORE-V3-NODE-PG
[2026-07-15T07:40:02.669Z] node: [2026-07-15T07:40:02.668Z] ============================================================
[2026-07-15T07:40:02.704Z] node: [2026-07-15T07:40:02.704Z] ✅ Manifest loaded.
[2026-07-15T07:40:02.705Z] node: [2026-07-15T07:40:02.704Z] ✅ SQL file: D:\alpha-tech\server\backups\alphatech_hardened_backup_v6_2026-07-15_2026-07-15T07-39-53-767Z.sql
[2026-07-15T07:40:02.705Z] node: [2026-07-15T07:40:02.705Z] ✅ SHA256 verified: 7d1acff3b3be4141e773b3d2c4b119f45e8bcb926d58506bff8f7da076b9008f
[2026-07-15T07:40:02.706Z] node: [2026-07-15T07:40:02.706Z] 🎯 Target DB: postgresql://postgres:***@db.engqdeyzbvnmxbnpemau.supabase.co:5432/postgres
[2026-07-15T07:40:02.707Z] node: [2026-07-15T07:40:02.706Z] 🎯 Host: db.engqdeyzbvnmxbnpemau.supabase.co
[2026-07-15T07:40:02.707Z] node: [2026-07-15T07:40:02.706Z] 🎯 Port: 5432
[2026-07-15T07:40:02.707Z] node: [2026-07-15T07:40:02.707Z] 🎯 Database: postgres
[2026-07-15T07:40:02.708Z] node: [2026-07-15T07:40:02.707Z] 🎯 Schema: public
[2026-07-15T07:40:03.076Z] node: [2026-07-15T07:40:03.076Z] 🔌 Connected to target PostgreSQL successfully.
[2026-07-15T07:40:06.314Z] node: [2026-07-15T07:40:06.313Z] 📊 Existing tables: 70
[2026-07-15T07:40:06.314Z] node: [2026-07-15T07:40:06.313Z] 📦 Existing rows: 22693
[2026-07-15T07:40:06.315Z] node: [2026-07-15T07:40:06.314Z] 🔎 Product: 1722
[2026-07-15T07:40:06.315Z] node: [2026-07-15T07:40:06.314Z] 🔎 BranchPrice: 1720
[2026-07-15T07:40:06.315Z] node: [2026-07-15T07:40:06.314Z] 🔎 StockItem: 2577
[2026-07-15T07:40:06.316Z] node: [2026-07-15T07:40:06.314Z] 🔎 Sale: 15
[2026-07-15T07:40:06.316Z] node: [2026-07-15T07:40:06.314Z] 🔎 SaleItem: 67
[2026-07-15T07:40:06.317Z] node: [2026-07-15T07:40:06.314Z] 🔎 SaleItemSimple: 0
[2026-07-15T07:40:06.317Z] node: [2026-07-15T07:40:06.315Z] 🔎 Payment: 8
[2026-07-15T07:40:06.318Z] node: [2026-07-15T07:40:06.316Z] 🔎 PaymentItem: 8
[2026-07-15T07:40:06.592Z] node: [2026-07-15T07:40:06.592Z] 🧨 Resetting target schema "public" before restore...
[2026-07-15T07:40:06.593Z] node: [2026-07-15T07:40:06.592Z] 🛡️ This action is intended for Recovery / Standby DB only.
[2026-07-15T07:40:07.131Z] node: [2026-07-15T07:40:07.130Z] ✅ Schema "public" reset completed.
[2026-07-15T07:40:07.169Z] node: [2026-07-15T07:40:07.168Z] 🧱 Running Prisma db push against Recovery DB only...
[2026-07-15T07:40:07.170Z] node: [2026-07-15T07:40:07.169Z] 🛡️ DATABASE_URL is injected from RESTORE_DATABASE_URL/RECOVERY_DATABASE_URL for this process only.
[2026-07-15T07:40:10.894Z] node: [2026-07-15T07:40:10.893Z] npx stderr: Environment variables loaded from .env
[2026-07-15T07:40:10.895Z] node: [2026-07-15T07:40:10.894Z] npx: Prisma schema loaded from prisma\schema.prisma
[2026-07-15T07:40:10.907Z] node: [2026-07-15T07:40:10.906Z] npx: Datasource "db": PostgreSQL database "postgres", schema "public" at "db.engqdeyzbvnmxbnpemau.supabase.co:5432"
[2026-07-15T07:40:28.252Z] node: [2026-07-15T07:40:28.251Z] npx: Your database is now in sync with your Prisma schema. Done in 16.75s
[2026-07-15T07:40:28.254Z] node: [2026-07-15T07:40:28.253Z] npx: Running generate... (Use --skip-generate to skip the generators)
[2026-07-15T07:40:29.456Z] node: [2026-07-15T07:40:29.456Z] npx: [2K[1A[2K[GRunning generate... - Prisma Client
[2026-07-15T07:40:31.023Z] node: [2026-07-15T07:40:31.022Z] npx: [2K[1A[2K[G✔ Generated Prisma Client (v6.16.2) to .\node_modules\.prisma\client in 1.56s
[2026-07-15T07:40:31.081Z] node: [2026-07-15T07:40:31.080Z] ✅ Prisma db push completed for Recovery DB.
[2026-07-15T07:40:34.223Z] node: [2026-07-15T07:40:34.222Z] 📊 Existing tables: 70
[2026-07-15T07:40:34.224Z] node: [2026-07-15T07:40:34.223Z] 📦 Existing rows: 0
[2026-07-15T07:40:34.225Z] node: [2026-07-15T07:40:34.223Z] 🔎 Product: 0
[2026-07-15T07:40:34.225Z] node: [2026-07-15T07:40:34.223Z] 🔎 BranchPrice: 0
[2026-07-15T07:40:34.225Z] node: [2026-07-15T07:40:34.223Z] 🔎 StockItem: 0
[2026-07-15T07:40:34.226Z] node: [2026-07-15T07:40:34.224Z] 🔎 Sale: 0
[2026-07-15T07:40:34.226Z] node: [2026-07-15T07:40:34.224Z] 🔎 SaleItem: 0
[2026-07-15T07:40:34.226Z] node: [2026-07-15T07:40:34.224Z] 🔎 SaleItemSimple: 0
[2026-07-15T07:40:34.227Z] node: [2026-07-15T07:40:34.224Z] 🔎 Payment: 0
[2026-07-15T07:40:34.227Z] node: [2026-07-15T07:40:34.224Z] 🔎 PaymentItem: 0
[2026-07-15T07:40:34.306Z] node: [2026-07-15T07:40:34.305Z] 📖 SQL loaded into memory (7.75 MB).
[2026-07-15T07:40:34.306Z] node: [2026-07-15T07:40:34.306Z] 🚚 Starting SQL restore via Node.js pg client...
[2026-07-15T07:40:37.795Z] node: [2026-07-15T07:40:37.794Z] ✅ SQL restore completed via Node.js pg client.
[2026-07-15T07:40:40.722Z] node: [2026-07-15T07:40:40.721Z] ✅ Restore verification PASS (70 tables checked).
[2026-07-15T07:40:40.722Z] node: [2026-07-15T07:40:40.721Z] 🎉 Restore completed successfully in 38.06 seconds.
[2026-07-15T07:40:40.736Z] ▶️  Run: node recovery/verify/qbv.js
[2026-07-15T07:40:40.895Z] node: [2026-07-15T07:40:40.892Z] ============================================================
[2026-07-15T07:40:40.896Z] node: [2026-07-15T07:40:40.896Z] 🔎 AlphaTech Integrity Verification ALPHATECH-RECOVERY-VERIFY-V1
[2026-07-15T07:40:40.896Z] node: [2026-07-15T07:40:40.896Z] ============================================================
[2026-07-15T07:40:40.896Z] node: [2026-07-15T07:40:40.896Z] Collecting Production snapshot...
[2026-07-15T07:40:53.105Z] node: [2026-07-15T07:40:53.105Z] Collecting Recovery snapshot...
[2026-07-15T07:41:04.000Z] node: [2026-07-15T07:41:03.999Z] Comparing snapshots...
[2026-07-15T07:41:04.006Z] node: [2026-07-15T07:41:04.006Z] 🧾 JSON report: D:\alpha-tech\server\recovery\reports\verification-report_2026-07-15T07-41-04-003Z.json
[2026-07-15T07:41:04.007Z] node: [2026-07-15T07:41:04.007Z] 🧾 TXT report: D:\alpha-tech\server\recovery\reports\verification-report_2026-07-15T07-41-04-003Z.txt
[2026-07-15T07:41:04.007Z] node: [2026-07-15T07:41:04.007Z] ✅ Overall: FAIL
[2026-07-15T07:41:04.031Z] 🧾 Job manifest: D:\alpha-tech\server\recovery\jobs\job-2026-07-15T07-39-48-774Z.json
[2026-07-15T07:41:04.032Z] ❌ Job result: FAIL exitCode=40
