[2026-07-18T03:34:22.876Z] ============================================================
[2026-07-18T03:34:22.883Z] 🧭 AlphaTech Recovery Retention Workflow ALPHATECH-RECOVERY-JOB-RUNNER-V7-R2-RETENTION
[2026-07-18T03:34:22.883Z] ============================================================
[2026-07-18T03:34:22.883Z] Mode: backup-workflow
[2026-07-18T03:34:22.885Z] ▶️  Run: node recovery/health/healthCheck.js
[2026-07-18T03:34:23.093Z] node: [2026-07-18T03:34:23.089Z] ============================================================
[2026-07-18T03:34:23.095Z] node: [2026-07-18T03:34:23.094Z] 🩺 AlphaTech Recovery Health Check ALPHATECH-RECOVERY-HEALTH-CHECK-V1
[2026-07-18T03:34:23.095Z] node: [2026-07-18T03:34:23.095Z] ============================================================
[2026-07-18T03:34:23.946Z] node: [2026-07-18T03:34:23.945Z] 🧾 JSON report: D:\alpha-tech\server\recovery\reports\health-check-2026-07-18T03-34-23-935Z.json
[2026-07-18T03:34:23.946Z] node: [2026-07-18T03:34:23.945Z] 🧾 TXT report: D:\alpha-tech\server\recovery\reports\health-check-2026-07-18T03-34-23-935Z.txt
[2026-07-18T03:34:23.947Z] node: [2026-07-18T03:34:23.946Z] ✅ Overall: PASS
[2026-07-18T03:34:23.961Z] ▶️  Run: node qb.js
[2026-07-18T03:34:24.381Z] node: 🔌 Connected to PostgreSQL successfully.
[2026-07-18T03:34:24.384Z] node: ⏳ Starting P1 Hardened Backup v6 Type-aware + generic self-reference FK safe restore...
[2026-07-18T03:34:28.039Z] node: 📦 Exporting table: Bank
[2026-07-18T03:34:28.076Z] node: 📦 Exporting table: Brand
[2026-07-18T03:34:28.118Z] node: 📦 Exporting table: Category
[2026-07-18T03:34:28.153Z] node: 📦 Exporting table: GlobalProductType
[2026-07-18T03:34:28.188Z] node: 📦 Exporting table: Position
[2026-07-18T03:34:28.222Z] node: 📦 Exporting table: Province
[2026-07-18T03:34:28.258Z] node: 📦 Exporting table: District
[2026-07-18T03:34:28.312Z] node: 📦 Exporting table: Subdistrict
[2026-07-18T03:34:28.504Z] node: 📦 Exporting table: Branch
[2026-07-18T03:34:28.540Z] node: 📦 Exporting table: BarcodeCounter
[2026-07-18T03:34:28.574Z] node: 📦 Exporting table: PaymentCodeCounter
[2026-07-18T03:34:28.608Z] node: 📦 Exporting table: ProductType
[2026-07-18T03:34:28.646Z] node: 📦 Exporting table: ProductTypeBrand
[2026-07-18T03:34:28.687Z] node: 📦 Exporting table: Supplier
[2026-07-18T03:34:28.722Z] node: 📦 Exporting table: Unit
[2026-07-18T03:34:28.757Z] node: 📦 Exporting table: Product
[2026-07-18T03:34:28.895Z] node: 📦 Exporting table: BranchPrice
[2026-07-18T03:34:28.983Z] node: 📦 Exporting table: ProductImage
[2026-07-18T03:34:29.024Z] node: 📦 Exporting table: StockBalance
[2026-07-18T03:34:29.089Z] node: 📦 Exporting table: User
[2026-07-18T03:34:29.128Z] node: 📦 Exporting table: CustomerProfile
[2026-07-18T03:34:29.172Z] node: 📦 Exporting table: Cart
[2026-07-18T03:34:29.207Z] node: 📦 Exporting table: CartItem
[2026-07-18T03:34:29.242Z] node: 📦 Exporting table: EmployeeProfile
[2026-07-18T03:34:29.277Z] node: 📦 Exporting table: CombinedBillingDocument
[2026-07-18T03:34:29.312Z] node: 📦 Exporting table: CombinedSaleDocument
[2026-07-18T03:34:29.345Z] node: 📦 Exporting table: CustomerDeposit
[2026-07-18T03:34:29.379Z] node: 📦 Exporting table: CustomerReceipts
[2026-07-18T03:34:29.414Z] node: 📦 Exporting table: InputTaxFilingBatch
[2026-07-18T03:34:29.448Z] node: 📦 Exporting table: Order
[2026-07-18T03:34:29.482Z] node: 📦 Exporting table: OrderOnline
[2026-07-18T03:34:29.516Z] node: 📦 Exporting table: OrderOnlineItem
[2026-07-18T03:34:29.550Z] node: 📦 Exporting table: PasswordResetToken
[2026-07-18T03:34:29.585Z] node: 📦 Exporting table: ProductOnOrder
[2026-07-18T03:34:29.618Z] node: 📦 Exporting table: PurchaseOrder
[2026-07-18T03:34:29.653Z] node: 📦 Exporting table: PurchaseOrderItem
[2026-07-18T03:34:29.690Z] node: 📦 Exporting table: PurchaseOrderReceipt
[2026-07-18T03:34:29.726Z] node: 📦 Exporting table: InputTaxFilingItem
[2026-07-18T03:34:29.760Z] node: 📦 Exporting table: PurchaseOrderReceiptItem
[2026-07-18T03:34:29.797Z] node: 📦 Exporting table: RefreshToken
[2026-07-18T03:34:30.165Z] node: 📦 Exporting table: Sale
[2026-07-18T03:34:30.207Z] node: 📦 Exporting table: CustomerReceiptAllocations
[2026-07-18T03:34:30.308Z] node: 📦 Exporting table: Payment
[2026-07-18T03:34:30.395Z] node: 📦 Exporting table: DepositUsage
[2026-07-18T03:34:30.395Z] node: 📦 Exporting table: PaymentItem
[2026-07-18T03:34:30.396Z] node: 📦 Exporting table: SaleReturn
[2026-07-18T03:34:30.444Z] node: 📦 Exporting table: RefundTransaction
[2026-07-18T03:34:30.475Z] node: 📦 Exporting table: SalesTaxFilingBatch
[2026-07-18T03:34:30.507Z] node: 📦 Exporting table: SalesTaxFilingItem
[2026-07-18T03:34:30.541Z] node: 📦 Exporting table: ServiceOrder
[2026-07-18T03:34:30.575Z] node: 📦 Exporting table: ServiceItem
[2026-07-18T03:34:30.609Z] node: 📦 Exporting table: SimpleLot
[2026-07-18T03:34:30.643Z] node: 📦 Exporting table: SaleItemSimple
[2026-07-18T03:34:30.678Z] node: 📦 Exporting table: SaleReturnItemSimple
[2026-07-18T03:34:30.712Z] node: 📦 Exporting table: StockAuditSession
[2026-07-18T03:34:30.746Z] node: 📦 Exporting table: StockItem
[2026-07-18T03:34:30.949Z] node: 📦 Exporting table: BarcodeReceiptItem
[2026-07-18T03:34:31.007Z] node: 📦 Exporting table: RepairJob
[2026-07-18T03:34:31.041Z] node: 📦 Exporting table: RepairPartItem
[2026-07-18T03:34:31.075Z] node: 📦 Exporting table: SaleItem
[2026-07-18T03:34:31.112Z] node: 📦 Exporting table: SaleReturnItem
[2026-07-18T03:34:31.146Z] node: 📦 Exporting table: StockAuditScanLog
[2026-07-18T03:34:31.179Z] node: 📦 Exporting table: StockAuditSnapshotItem
[2026-07-18T03:34:31.231Z] node: 📦 Exporting table: StockMovement
[2026-07-18T03:34:31.294Z] node: 📦 Exporting table: SupplierPayment
[2026-07-18T03:34:31.328Z] node: 📦 Exporting table: SupplierPaymentReceipt
[2026-07-18T03:34:31.362Z] node: 📦 Exporting table: V2CustomerDeposit
[2026-07-18T03:34:31.395Z] node: 📦 Exporting table: V2StockAudit
[2026-07-18T03:34:31.429Z] node: 📦 Exporting table: V2StockAuditItem
[2026-07-18T03:34:31.463Z] node: 📦 Exporting table: WarrantyClaim
[2026-07-18T03:34:33.994Z] node: 🎉 P1 Hardened Backup v6 Type-aware + generic self-reference FK safe restore completed successfully.
[2026-07-18T03:34:33.994Z] node: 💾 Backup file: D:\alpha-tech\server\backups\alphatech_hardened_backup_v6_2026-07-18_2026-07-18T03-34-27-950Z.sql
[2026-07-18T03:34:33.995Z] node: 🧾 Manifest file: D:\alpha-tech\server\backups\alphatech_hardened_backup_v6_2026-07-18_2026-07-18T03-34-27-950Z.manifest.json
[2026-07-18T03:34:33.995Z] node: 📊 Tables exported: 70
[2026-07-18T03:34:33.995Z] node: 📦 Rows exported: 24758
[2026-07-18T03:34:33.996Z] node: 🔢 Sequences prepared: 67
[2026-07-18T03:34:33.996Z] node: 🔐 SHA256: 2ff0a7e7ad7ca060997502af4a5cea3500fe789916bd3520b14ac42b0cc6772c
[2026-07-18T03:34:33.996Z] node: 📐 File size: 8.63 MB
[2026-07-18T03:34:33.997Z] node: ⏱️ Duration: 7.46 seconds
[2026-07-18T03:34:33.997Z] node: ✅ Verification: PASS (70 tables checked)
[2026-07-18T03:34:34.055Z] ▶️  Run: node recovery/upload/uploadBackup.js --manifest D:\alpha-tech\server\backups\alphatech_hardened_backup_v6_2026-07-18_2026-07-18T03-34-27-950Z.manifest.json
[2026-07-18T03:34:34.151Z] node: [2026-07-18T03:34:34.145Z] ============================================================
[2026-07-18T03:34:34.152Z] node: [2026-07-18T03:34:34.152Z] AlphaTech Recovery Upload ALPHATECH-RECOVERY-UPLOAD-V2-S3-COMPATIBLE
[2026-07-18T03:34:34.153Z] node: [2026-07-18T03:34:34.153Z] ============================================================
[2026-07-18T03:34:34.694Z] node stderr: (node:22064) Warning: NodeVersionSupportWarning: The AWS SDK for JavaScript (v3)
[2026-07-18T03:34:34.695Z] node stderr: versions published after the first week of January 2027
[2026-07-18T03:34:34.695Z] node stderr: will require node >=22. You are running node v20.19.0.
[2026-07-18T03:34:34.696Z] node stderr: To continue receiving updates to AWS services, bug fixes,
[2026-07-18T03:34:34.696Z] node stderr: and security updates please upgrade to node >=22.
[2026-07-18T03:34:34.696Z] node stderr: More information can be found at: https://a.co/c895JFp
[2026-07-18T03:34:34.696Z] node stderr: (Use `node --trace-warnings ...` to show where the warning was created)
[2026-07-18T03:34:37.310Z] node: [2026-07-18T03:34:37.310Z] JSON report: D:\alpha-tech\server\recovery\reports\upload-report-2026-07-18T03-34-37-300Z.json
[2026-07-18T03:34:37.311Z] node: [2026-07-18T03:34:37.311Z] TXT report: D:\alpha-tech\server\recovery\reports\upload-report-2026-07-18T03-34-37-300Z.txt
[2026-07-18T03:34:37.311Z] node: [2026-07-18T03:34:37.311Z] Overall: PASS
[2026-07-18T03:34:37.871Z] ------------------------------------------------------------
[2026-07-18T03:34:37.871Z] Target      : cloudflare-r2
[2026-07-18T03:34:37.872Z] Bucket      : saduaksabuy-recovery
[2026-07-18T03:34:37.872Z] Prefix      : alphatech-production/
[2026-07-18T03:34:37.872Z] Retention   : 7 day(s)
[2026-07-18T03:34:37.872Z] Mode        : APPLY
[2026-07-18T03:34:37.872Z] Scanned     : 74
[2026-07-18T03:34:37.873Z] Candidates  : 0
[2026-07-18T03:34:37.873Z] Deleted     : 0
[2026-07-18T03:34:37.873Z] Remaining   : 74
[2026-07-18T03:34:37.873Z] Failed      : 0
[2026-07-18T03:34:37.874Z] ▶️  Run: node recovery/retention/retentionPolicy.js --apply
[2026-07-18T03:34:37.988Z] node: [2026-07-18T03:34:37.981Z] ============================================================
[2026-07-18T03:34:37.990Z] node: [2026-07-18T03:34:37.990Z] 🧹 AlphaTech Recovery Retention ALPHATECH-RECOVERY-RETENTION-V1
[2026-07-18T03:34:37.990Z] node: [2026-07-18T03:34:37.990Z] ============================================================
[2026-07-18T03:34:37.991Z] node: [2026-07-18T03:34:37.990Z] Mode: APPLY
[2026-07-18T03:34:37.999Z] node: [2026-07-18T03:34:37.998Z] ------------------------------------------------------------
[2026-07-18T03:34:37.999Z] node: [2026-07-18T03:34:37.999Z] Target      : local-backups
[2026-07-18T03:34:38.000Z] node: [2026-07-18T03:34:37.999Z] Directory   : D:\alpha-tech\server\backups
[2026-07-18T03:34:38.000Z] node: [2026-07-18T03:34:38.000Z] Retention   : 3 day(s)
[2026-07-18T03:34:38.001Z] node: [2026-07-18T03:34:38.000Z] Scanned     : 40
[2026-07-18T03:34:38.002Z] node: [2026-07-18T03:34:38.001Z] Candidates  : 2
[2026-07-18T03:34:38.003Z] node: [2026-07-18T03:34:38.003Z] Deleted     : 2
[2026-07-18T03:34:38.004Z] node: [2026-07-18T03:34:38.003Z] Remaining   : 38
[2026-07-18T03:34:38.004Z] node: [2026-07-18T03:34:38.004Z] Failed      : 0
[2026-07-18T03:34:38.004Z] node: [2026-07-18T03:34:38.004Z] ------------------------------------------------------------
[2026-07-18T03:34:38.005Z] node: [2026-07-18T03:34:38.004Z] Target      : offsite-local-mirror
[2026-07-18T03:34:38.005Z] node: [2026-07-18T03:34:38.005Z] Directory   : D:\alpha-tech\server\recovery\offsite
[2026-07-18T03:34:38.005Z] node: [2026-07-18T03:34:38.005Z] Retention   : 7 day(s)
[2026-07-18T03:34:38.006Z] node: [2026-07-18T03:34:38.005Z] Scanned     : 0
[2026-07-18T03:34:38.006Z] node: [2026-07-18T03:34:38.006Z] Candidates  : 0
[2026-07-18T03:34:38.006Z] node: [2026-07-18T03:34:38.006Z] Deleted     : 0
[2026-07-18T03:34:38.007Z] node: [2026-07-18T03:34:38.007Z] Remaining   : 0
[2026-07-18T03:34:38.007Z] node: [2026-07-18T03:34:38.007Z] Failed      : 0
[2026-07-18T03:34:38.010Z] node: [2026-07-18T03:34:38.009Z] 🧾 JSON report: D:\alpha-tech\server\recovery\reports\retention-report-2026-07-18T03-34-38-007Z.json
[2026-07-18T03:34:38.010Z] node: [2026-07-18T03:34:38.010Z] 🧾 TXT report: D:\alpha-tech\server\recovery\reports\retention-report-2026-07-18T03-34-38-007Z.txt
[2026-07-18T03:34:38.010Z] node: [2026-07-18T03:34:38.010Z] ✅ Overall: PASS
[2026-07-18T03:34:38.022Z] ▶️  Run: node qbrs.js --manifest D:\alpha-tech\server\backups\alphatech_hardened_backup_v6_2026-07-18_2026-07-18T03-34-27-950Z.manifest.json --init --yes --reset-schema
[2026-07-18T03:34:38.188Z] node: [2026-07-18T03:34:38.186Z] ============================================================
[2026-07-18T03:34:38.190Z] node: [2026-07-18T03:34:38.190Z] 🚑 AlphaTech Restore Tool P1-HARDENED-RESTORE-V3-NODE-PG
[2026-07-18T03:34:38.190Z] node: [2026-07-18T03:34:38.190Z] ============================================================
[2026-07-18T03:34:38.231Z] node: [2026-07-18T03:34:38.231Z] ✅ Manifest loaded.
[2026-07-18T03:34:38.232Z] node: [2026-07-18T03:34:38.232Z] ✅ SQL file: D:\alpha-tech\server\backups\alphatech_hardened_backup_v6_2026-07-18_2026-07-18T03-34-27-950Z.sql
[2026-07-18T03:34:38.232Z] node: [2026-07-18T03:34:38.232Z] ✅ SHA256 verified: 2ff0a7e7ad7ca060997502af4a5cea3500fe789916bd3520b14ac42b0cc6772c
[2026-07-18T03:34:38.233Z] node: [2026-07-18T03:34:38.233Z] 🎯 Target DB: postgresql://postgres:***@db.engqdeyzbvnmxbnpemau.supabase.co:5432/postgres
[2026-07-18T03:34:38.234Z] node: [2026-07-18T03:34:38.234Z] 🎯 Host: db.engqdeyzbvnmxbnpemau.supabase.co
[2026-07-18T03:34:38.234Z] node: [2026-07-18T03:34:38.234Z] 🎯 Port: 5432
[2026-07-18T03:34:38.235Z] node: [2026-07-18T03:34:38.235Z] 🎯 Database: postgres
[2026-07-18T03:34:38.235Z] node: [2026-07-18T03:34:38.235Z] 🎯 Schema: public
[2026-07-18T03:34:38.597Z] node: [2026-07-18T03:34:38.597Z] 🔌 Connected to target PostgreSQL successfully.
[2026-07-18T03:34:41.488Z] node: [2026-07-18T03:34:41.488Z] 📊 Existing tables: 70
[2026-07-18T03:34:41.489Z] node: [2026-07-18T03:34:41.489Z] 📦 Existing rows: 24737
[2026-07-18T03:34:41.490Z] node: [2026-07-18T03:34:41.489Z] 🔎 Product: 1900
[2026-07-18T03:34:41.491Z] node: [2026-07-18T03:34:41.489Z] 🔎 BranchPrice: 1898
[2026-07-18T03:34:41.491Z] node: [2026-07-18T03:34:41.489Z] 🔎 StockItem: 3035
[2026-07-18T03:34:41.493Z] node: [2026-07-18T03:34:41.489Z] 🔎 Sale: 29
[2026-07-18T03:34:41.493Z] node: [2026-07-18T03:34:41.489Z] 🔎 SaleItem: 96
[2026-07-18T03:34:41.493Z] node: [2026-07-18T03:34:41.490Z] 🔎 SaleItemSimple: 0
[2026-07-18T03:34:41.494Z] node: [2026-07-18T03:34:41.490Z] 🔎 Payment: 15
[2026-07-18T03:34:41.494Z] node: [2026-07-18T03:34:41.491Z] 🔎 PaymentItem: 15
[2026-07-18T03:34:41.734Z] node: [2026-07-18T03:34:41.734Z] 🧨 Resetting target schema "public" before restore...
[2026-07-18T03:34:41.737Z] node: [2026-07-18T03:34:41.735Z] 🛡️ This action is intended for Recovery / Standby DB only.
[2026-07-18T03:34:42.073Z] node: [2026-07-18T03:34:42.073Z] ✅ Schema "public" reset completed.
[2026-07-18T03:34:42.106Z] node: [2026-07-18T03:34:42.106Z] 🧱 Running Prisma db push against Recovery DB only...
[2026-07-18T03:34:42.107Z] node: [2026-07-18T03:34:42.107Z] 🛡️ DATABASE_URL is injected from RESTORE_DATABASE_URL/RECOVERY_DATABASE_URL for this process only.
[2026-07-18T03:34:45.978Z] node: [2026-07-18T03:34:45.978Z] npx stderr: Environment variables loaded from .env
[2026-07-18T03:34:45.980Z] node: [2026-07-18T03:34:45.980Z] npx: Prisma schema loaded from prisma\schema.prisma
[2026-07-18T03:34:45.991Z] node: [2026-07-18T03:34:45.991Z] npx: Datasource "db": PostgreSQL database "postgres", schema "public" at "db.engqdeyzbvnmxbnpemau.supabase.co:5432"
[2026-07-18T03:35:01.417Z] node: [2026-07-18T03:35:01.417Z] npx: Your database is now in sync with your Prisma schema. Done in 14.85s
[2026-07-18T03:35:01.458Z] node: [2026-07-18T03:35:01.419Z] npx: Running generate... (Use --skip-generate to skip the generators)
[2026-07-18T03:35:02.770Z] node: [2026-07-18T03:35:02.770Z] npx: [2K[1A[2K[GRunning generate... - Prisma Client
[2026-07-18T03:35:04.178Z] node: [2026-07-18T03:35:04.178Z] npx: [2K[1A[2K[G✔ Generated Prisma Client (v6.16.2) to .\node_modules\.prisma\client in 1.41s
[2026-07-18T03:35:04.240Z] node: [2026-07-18T03:35:04.240Z] ✅ Prisma db push completed for Recovery DB.
[2026-07-18T03:35:07.635Z] node: [2026-07-18T03:35:07.633Z] 📊 Existing tables: 70
[2026-07-18T03:35:07.636Z] node: [2026-07-18T03:35:07.634Z] 📦 Existing rows: 0
[2026-07-18T03:35:07.637Z] node: [2026-07-18T03:35:07.634Z] 🔎 Product: 0
[2026-07-18T03:35:07.637Z] node: [2026-07-18T03:35:07.634Z] 🔎 BranchPrice: 0
[2026-07-18T03:35:07.638Z] node: [2026-07-18T03:35:07.634Z] 🔎 StockItem: 0
[2026-07-18T03:35:07.638Z] node: [2026-07-18T03:35:07.634Z] 🔎 Sale: 0
[2026-07-18T03:35:07.659Z] node: [2026-07-18T03:35:07.634Z] 🔎 SaleItem: 0
[2026-07-18T03:35:07.663Z] node: [2026-07-18T03:35:07.634Z] 🔎 SaleItemSimple: 0
[2026-07-18T03:35:07.663Z] node: [2026-07-18T03:35:07.635Z] 🔎 Payment: 0
[2026-07-18T03:35:07.663Z] node: [2026-07-18T03:35:07.635Z] 🔎 PaymentItem: 0
[2026-07-18T03:35:08.207Z] node: [2026-07-18T03:35:08.207Z] 📖 SQL loaded into memory (8.63 MB).
[2026-07-18T03:35:08.207Z] node: [2026-07-18T03:35:08.207Z] 🚚 Starting SQL restore via Node.js pg client...
[2026-07-18T03:35:16.422Z] node: [2026-07-18T03:35:16.422Z] ✅ SQL restore completed via Node.js pg client.
[2026-07-18T03:35:19.129Z] node: [2026-07-18T03:35:19.129Z] ✅ Restore verification PASS (70 tables checked).
[2026-07-18T03:35:19.130Z] node: [2026-07-18T03:35:19.130Z] 🎉 Restore completed successfully in 40.94 seconds.
[2026-07-18T03:35:19.146Z] ▶️  Run: node recovery/verify/qbv.js
[2026-07-18T03:35:19.413Z] node: [2026-07-18T03:35:19.409Z] ============================================================
[2026-07-18T03:35:19.416Z] node: [2026-07-18T03:35:19.415Z] 🔎 AlphaTech Integrity Verification ALPHATECH-RECOVERY-VERIFY-V1
[2026-07-18T03:35:19.416Z] node: [2026-07-18T03:35:19.416Z] ============================================================
[2026-07-18T03:35:19.417Z] node: [2026-07-18T03:35:19.417Z] Collecting Production snapshot...
[2026-07-18T03:35:30.666Z] node: [2026-07-18T03:35:30.666Z] Collecting Recovery snapshot...
[2026-07-18T03:35:42.328Z] node: [2026-07-18T03:35:42.328Z] Comparing snapshots...
[2026-07-18T03:35:42.343Z] node: [2026-07-18T03:35:42.343Z] 🧾 JSON report: D:\alpha-tech\server\recovery\reports\verification-report_2026-07-18T03-35-42-332Z.json
[2026-07-18T03:35:42.345Z] node: [2026-07-18T03:35:42.343Z] 🧾 TXT report: D:\alpha-tech\server\recovery\reports\verification-report_2026-07-18T03-35-42-332Z.txt
[2026-07-18T03:35:42.345Z] node: [2026-07-18T03:35:42.343Z] ✅ Overall: PASS
[2026-07-18T03:35:42.360Z] 🧾 Job manifest: D:\alpha-tech\server\recovery\jobs\job-2026-07-18T03-34-22-871Z.json
[2026-07-18T03:35:42.361Z] ✅ Job result: PASS exitCode=0
