[2026-07-09T19:39:48.313Z] ============================================================
[2026-07-09T19:39:48.323Z] 🧭 AlphaTech Recovery Retention Workflow ALPHATECH-RECOVERY-JOB-RUNNER-V7-R2-RETENTION
[2026-07-09T19:39:48.323Z] ============================================================
[2026-07-09T19:39:48.324Z] Mode: backup-workflow
[2026-07-09T19:39:48.324Z] ▶️  Run: node recovery/health/healthCheck.js
[2026-07-09T19:39:48.537Z] node: [2026-07-09T19:39:48.535Z] ============================================================
[2026-07-09T19:39:48.539Z] node: [2026-07-09T19:39:48.538Z] 🩺 AlphaTech Recovery Health Check ALPHATECH-RECOVERY-HEALTH-CHECK-V1
[2026-07-09T19:39:48.539Z] node: [2026-07-09T19:39:48.539Z] ============================================================
[2026-07-09T19:39:49.356Z] node: [2026-07-09T19:39:49.355Z] 🧾 JSON report: D:\alpha-tech\server\recovery\reports\health-check-2026-07-09T19-39-49-354Z.json
[2026-07-09T19:39:49.357Z] node: [2026-07-09T19:39:49.356Z] 🧾 TXT report: D:\alpha-tech\server\recovery\reports\health-check-2026-07-09T19-39-49-354Z.txt
[2026-07-09T19:39:49.357Z] node: [2026-07-09T19:39:49.356Z] ✅ Overall: PASS
[2026-07-09T19:39:49.369Z] ▶️  Run: node qb.js
[2026-07-09T19:39:49.823Z] node: 🔌 Connected to PostgreSQL successfully.
[2026-07-09T19:39:49.825Z] node: ⏳ Starting P1 Hardened Backup v6 Type-aware + generic self-reference FK safe restore...
[2026-07-09T19:39:53.240Z] node: 📦 Exporting table: Bank
[2026-07-09T19:39:53.279Z] node: 📦 Exporting table: Brand
[2026-07-09T19:39:53.323Z] node: 📦 Exporting table: Category
[2026-07-09T19:39:53.360Z] node: 📦 Exporting table: GlobalProductType
[2026-07-09T19:39:53.398Z] node: 📦 Exporting table: Position
[2026-07-09T19:39:53.438Z] node: 📦 Exporting table: Province
[2026-07-09T19:39:53.476Z] node: 📦 Exporting table: District
[2026-07-09T19:39:53.563Z] node: 📦 Exporting table: Subdistrict
[2026-07-09T19:39:53.757Z] node: 📦 Exporting table: Branch
[2026-07-09T19:39:53.796Z] node: 📦 Exporting table: BarcodeCounter
[2026-07-09T19:39:53.834Z] node: 📦 Exporting table: PaymentCodeCounter
[2026-07-09T19:39:53.871Z] node: 📦 Exporting table: ProductType
[2026-07-09T19:39:53.912Z] node: 📦 Exporting table: ProductTypeBrand
[2026-07-09T19:39:53.951Z] node: 📦 Exporting table: Supplier
[2026-07-09T19:39:53.988Z] node: 📦 Exporting table: Unit
[2026-07-09T19:39:54.026Z] node: 📦 Exporting table: Product
[2026-07-09T19:39:54.101Z] node: 📦 Exporting table: BranchPrice
[2026-07-09T19:39:54.163Z] node: 📦 Exporting table: ProductImage
[2026-07-09T19:39:54.200Z] node: 📦 Exporting table: StockBalance
[2026-07-09T19:39:54.241Z] node: 📦 Exporting table: User
[2026-07-09T19:39:54.283Z] node: 📦 Exporting table: CustomerProfile
[2026-07-09T19:39:54.326Z] node: 📦 Exporting table: Cart
[2026-07-09T19:39:54.363Z] node: 📦 Exporting table: CartItem
[2026-07-09T19:39:54.399Z] node: 📦 Exporting table: EmployeeProfile
[2026-07-09T19:39:54.436Z] node: 📦 Exporting table: CombinedBillingDocument
[2026-07-09T19:39:54.473Z] node: 📦 Exporting table: CombinedSaleDocument
[2026-07-09T19:39:54.510Z] node: 📦 Exporting table: CustomerDeposit
[2026-07-09T19:39:54.548Z] node: 📦 Exporting table: CustomerReceipts
[2026-07-09T19:39:54.585Z] node: 📦 Exporting table: InputTaxFilingBatch
[2026-07-09T19:39:54.622Z] node: 📦 Exporting table: Order
[2026-07-09T19:39:54.659Z] node: 📦 Exporting table: OrderOnline
[2026-07-09T19:39:54.696Z] node: 📦 Exporting table: OrderOnlineItem
[2026-07-09T19:39:54.733Z] node: 📦 Exporting table: PasswordResetToken
[2026-07-09T19:39:54.771Z] node: 📦 Exporting table: ProductOnOrder
[2026-07-09T19:39:54.808Z] node: 📦 Exporting table: PurchaseOrder
[2026-07-09T19:39:54.845Z] node: 📦 Exporting table: PurchaseOrderItem
[2026-07-09T19:39:54.882Z] node: 📦 Exporting table: PurchaseOrderReceipt
[2026-07-09T19:39:54.919Z] node: 📦 Exporting table: InputTaxFilingItem
[2026-07-09T19:39:54.956Z] node: 📦 Exporting table: PurchaseOrderReceiptItem
[2026-07-09T19:39:54.994Z] node: 📦 Exporting table: RefreshToken
[2026-07-09T19:39:55.201Z] node: 📦 Exporting table: Sale
[2026-07-09T19:39:55.239Z] node: 📦 Exporting table: CustomerReceiptAllocations
[2026-07-09T19:39:55.276Z] node: 📦 Exporting table: Payment
[2026-07-09T19:39:55.314Z] node: 📦 Exporting table: DepositUsage
[2026-07-09T19:39:55.351Z] node: 📦 Exporting table: PaymentItem
[2026-07-09T19:39:55.387Z] node: 📦 Exporting table: SaleReturn
[2026-07-09T19:39:55.425Z] node: 📦 Exporting table: RefundTransaction
[2026-07-09T19:39:55.462Z] node: 📦 Exporting table: SalesTaxFilingBatch
[2026-07-09T19:39:55.499Z] node: 📦 Exporting table: SalesTaxFilingItem
[2026-07-09T19:39:55.536Z] node: 📦 Exporting table: ServiceOrder
[2026-07-09T19:39:55.573Z] node: 📦 Exporting table: ServiceItem
[2026-07-09T19:39:55.610Z] node: 📦 Exporting table: SimpleLot
[2026-07-09T19:39:55.647Z] node: 📦 Exporting table: SaleItemSimple
[2026-07-09T19:39:55.684Z] node: 📦 Exporting table: SaleReturnItemSimple
[2026-07-09T19:39:55.721Z] node: 📦 Exporting table: StockAuditSession
[2026-07-09T19:39:55.758Z] node: 📦 Exporting table: StockItem
[2026-07-09T19:39:55.822Z] node: 📦 Exporting table: BarcodeReceiptItem
[2026-07-09T19:39:55.859Z] node: 📦 Exporting table: RepairJob
[2026-07-09T19:39:55.896Z] node: 📦 Exporting table: RepairPartItem
[2026-07-09T19:39:55.934Z] node: 📦 Exporting table: SaleItem
[2026-07-09T19:39:55.971Z] node: 📦 Exporting table: SaleReturnItem
[2026-07-09T19:39:56.008Z] node: 📦 Exporting table: StockAuditScanLog
[2026-07-09T19:39:56.045Z] node: 📦 Exporting table: StockAuditSnapshotItem
[2026-07-09T19:39:56.082Z] node: 📦 Exporting table: StockMovement
[2026-07-09T19:39:56.122Z] node: 📦 Exporting table: SupplierPayment
[2026-07-09T19:39:56.159Z] node: 📦 Exporting table: SupplierPaymentReceipt
[2026-07-09T19:39:56.197Z] node: 📦 Exporting table: V2CustomerDeposit
[2026-07-09T19:39:56.233Z] node: 📦 Exporting table: V2StockAudit
[2026-07-09T19:39:56.270Z] node: 📦 Exporting table: V2StockAuditItem
[2026-07-09T19:39:56.308Z] node: 📦 Exporting table: WarrantyClaim
[2026-07-09T19:39:58.964Z] node: 🎉 P1 Hardened Backup v6 Type-aware + generic self-reference FK safe restore completed successfully.
[2026-07-09T19:39:58.965Z] node: 💾 Backup file: D:\alpha-tech\server\backups\alphatech_hardened_backup_v6_2026-07-09_2026-07-09T19-39-53-215Z.sql
[2026-07-09T19:39:58.966Z] node: 🧾 Manifest file: D:\alpha-tech\server\backups\alphatech_hardened_backup_v6_2026-07-09_2026-07-09T19-39-53-215Z.manifest.json
[2026-07-09T19:39:58.966Z] node: 📊 Tables exported: 70
[2026-07-09T19:39:58.967Z] node: 📦 Rows exported: 15597
[2026-07-09T19:39:58.967Z] node: 🔢 Sequences prepared: 67
[2026-07-09T19:39:58.967Z] node: 🔐 SHA256: c689b064daa3d54e270ed13649e634511cc4b4ec774db92e9d19b2833c533762
[2026-07-09T19:39:58.968Z] node: 📐 File size: 4.63 MB
[2026-07-09T19:39:58.968Z] node: ⏱️ Duration: 6.84 seconds
[2026-07-09T19:39:58.968Z] node: ✅ Verification: PASS (70 tables checked)
[2026-07-09T19:39:59.031Z] ▶️  Run: node recovery/upload/uploadBackup.js --manifest D:\alpha-tech\server\backups\alphatech_hardened_backup_v6_2026-07-09_2026-07-09T19-39-53-215Z.manifest.json
[2026-07-09T19:39:59.109Z] node: [2026-07-09T19:39:59.104Z] ============================================================
[2026-07-09T19:39:59.111Z] node: [2026-07-09T19:39:59.110Z] AlphaTech Recovery Upload ALPHATECH-RECOVERY-UPLOAD-V2-S3-COMPATIBLE
[2026-07-09T19:39:59.111Z] node: [2026-07-09T19:39:59.111Z] ============================================================
[2026-07-09T19:39:59.281Z] node stderr: (node:17444) Warning: NodeVersionSupportWarning: The AWS SDK for JavaScript (v3)
[2026-07-09T19:39:59.281Z] node stderr: versions published after the first week of January 2027
[2026-07-09T19:39:59.283Z] node stderr: will require node >=22. You are running node v20.19.0.
[2026-07-09T19:39:59.283Z] node stderr: To continue receiving updates to AWS services, bug fixes,
[2026-07-09T19:39:59.283Z] node stderr: and security updates please upgrade to node >=22.
[2026-07-09T19:39:59.283Z] node stderr: More information can be found at: https://a.co/c895JFp
[2026-07-09T19:39:59.284Z] node stderr: (Use `node --trace-warnings ...` to show where the warning was created)
[2026-07-09T19:40:01.157Z] node: [2026-07-09T19:40:01.157Z] JSON report: D:\alpha-tech\server\recovery\reports\upload-report-2026-07-09T19-40-01-155Z.json
[2026-07-09T19:40:01.165Z] node: [2026-07-09T19:40:01.165Z] TXT report: D:\alpha-tech\server\recovery\reports\upload-report-2026-07-09T19-40-01-155Z.txt
[2026-07-09T19:40:01.166Z] node: [2026-07-09T19:40:01.165Z] Overall: PASS
[2026-07-09T19:40:01.598Z] ------------------------------------------------------------
[2026-07-09T19:40:01.599Z] Target      : cloudflare-r2
[2026-07-09T19:40:01.600Z] Bucket      : saduaksabuy-recovery
[2026-07-09T19:40:01.600Z] Prefix      : alphatech-production/
[2026-07-09T19:40:01.600Z] Retention   : 7 day(s)
[2026-07-09T19:40:01.601Z] Mode        : APPLY
[2026-07-09T19:40:01.601Z] Scanned     : 48
[2026-07-09T19:40:01.601Z] Candidates  : 0
[2026-07-09T19:40:01.601Z] Deleted     : 0
[2026-07-09T19:40:01.602Z] Remaining   : 48
[2026-07-09T19:40:01.602Z] Failed      : 0
[2026-07-09T19:40:01.603Z] ▶️  Run: node recovery/retention/retentionPolicy.js --apply
[2026-07-09T19:40:01.691Z] node: [2026-07-09T19:40:01.685Z] ============================================================
[2026-07-09T19:40:01.693Z] node: [2026-07-09T19:40:01.692Z] 🧹 AlphaTech Recovery Retention ALPHATECH-RECOVERY-RETENTION-V1
[2026-07-09T19:40:01.693Z] node: [2026-07-09T19:40:01.692Z] ============================================================
[2026-07-09T19:40:01.693Z] node: [2026-07-09T19:40:01.693Z] Mode: APPLY
[2026-07-09T19:40:01.713Z] node: [2026-07-09T19:40:01.713Z] ------------------------------------------------------------
[2026-07-09T19:40:01.714Z] node: [2026-07-09T19:40:01.713Z] Target      : local-backups
[2026-07-09T19:40:01.715Z] node: [2026-07-09T19:40:01.713Z] Directory   : D:\alpha-tech\server\backups
[2026-07-09T19:40:01.715Z] node: [2026-07-09T19:40:01.714Z] Retention   : 3 day(s)
[2026-07-09T19:40:01.716Z] node: [2026-07-09T19:40:01.714Z] Scanned     : 54
[2026-07-09T19:40:01.716Z] node: [2026-07-09T19:40:01.714Z] Candidates  : 10
[2026-07-09T19:40:01.717Z] node: [2026-07-09T19:40:01.714Z] Deleted     : 10
[2026-07-09T19:40:01.717Z] node: [2026-07-09T19:40:01.715Z] Remaining   : 44
[2026-07-09T19:40:01.717Z] node: [2026-07-09T19:40:01.715Z] Failed      : 0
[2026-07-09T19:40:01.718Z] node: [2026-07-09T19:40:01.715Z] ------------------------------------------------------------
[2026-07-09T19:40:01.718Z] node: [2026-07-09T19:40:01.716Z] Target      : offsite-local-mirror
[2026-07-09T19:40:01.719Z] node: [2026-07-09T19:40:01.717Z] Directory   : D:\alpha-tech\server\recovery\offsite
[2026-07-09T19:40:01.719Z] node: [2026-07-09T19:40:01.718Z] Retention   : 7 day(s)
[2026-07-09T19:40:01.720Z] node: [2026-07-09T19:40:01.718Z] Scanned     : 12
[2026-07-09T19:40:01.720Z] node: [2026-07-09T19:40:01.719Z] Candidates  : 0
[2026-07-09T19:40:01.720Z] node: [2026-07-09T19:40:01.719Z] Deleted     : 0
[2026-07-09T19:40:01.721Z] node: [2026-07-09T19:40:01.719Z] Remaining   : 12
[2026-07-09T19:40:01.722Z] node: [2026-07-09T19:40:01.720Z] Failed      : 0
[2026-07-09T19:40:01.723Z] node: [2026-07-09T19:40:01.722Z] 🧾 JSON report: D:\alpha-tech\server\recovery\reports\retention-report-2026-07-09T19-40-01-720Z.json
[2026-07-09T19:40:01.723Z] node: [2026-07-09T19:40:01.722Z] 🧾 TXT report: D:\alpha-tech\server\recovery\reports\retention-report-2026-07-09T19-40-01-720Z.txt
[2026-07-09T19:40:01.724Z] node: [2026-07-09T19:40:01.723Z] ✅ Overall: PASS
[2026-07-09T19:40:01.736Z] ▶️  Run: node qbrs.js --manifest D:\alpha-tech\server\backups\alphatech_hardened_backup_v6_2026-07-09_2026-07-09T19-39-53-215Z.manifest.json --init --yes --reset-schema
[2026-07-09T19:40:01.889Z] node: [2026-07-09T19:40:01.887Z] ============================================================
[2026-07-09T19:40:01.891Z] node: [2026-07-09T19:40:01.890Z] 🚑 AlphaTech Restore Tool P1-HARDENED-RESTORE-V3-NODE-PG
[2026-07-09T19:40:01.891Z] node: [2026-07-09T19:40:01.890Z] ============================================================
[2026-07-09T19:40:01.914Z] node: [2026-07-09T19:40:01.913Z] ✅ Manifest loaded.
[2026-07-09T19:40:01.915Z] node: [2026-07-09T19:40:01.914Z] ✅ SQL file: D:\alpha-tech\server\backups\alphatech_hardened_backup_v6_2026-07-09_2026-07-09T19-39-53-215Z.sql
[2026-07-09T19:40:01.915Z] node: [2026-07-09T19:40:01.914Z] ✅ SHA256 verified: c689b064daa3d54e270ed13649e634511cc4b4ec774db92e9d19b2833c533762
[2026-07-09T19:40:01.915Z] node: [2026-07-09T19:40:01.915Z] 🎯 Target DB: postgresql://postgres:***@db.engqdeyzbvnmxbnpemau.supabase.co:5432/postgres
[2026-07-09T19:40:01.916Z] node: [2026-07-09T19:40:01.915Z] 🎯 Host: db.engqdeyzbvnmxbnpemau.supabase.co
[2026-07-09T19:40:01.916Z] node: [2026-07-09T19:40:01.915Z] 🎯 Port: 5432
[2026-07-09T19:40:01.918Z] node: [2026-07-09T19:40:01.916Z] 🎯 Database: postgres
[2026-07-09T19:40:01.918Z] node: [2026-07-09T19:40:01.916Z] 🎯 Schema: public
[2026-07-09T19:40:02.273Z] node: [2026-07-09T19:40:02.272Z] 🔌 Connected to target PostgreSQL successfully.
[2026-07-09T19:40:05.490Z] node: [2026-07-09T19:40:05.489Z] 📊 Existing tables: 70
[2026-07-09T19:40:05.490Z] node: [2026-07-09T19:40:05.489Z] 📦 Existing rows: 15597
[2026-07-09T19:40:05.491Z] node: [2026-07-09T19:40:05.490Z] 🔎 Product: 955
[2026-07-09T19:40:05.491Z] node: [2026-07-09T19:40:05.490Z] 🔎 BranchPrice: 953
[2026-07-09T19:40:05.492Z] node: [2026-07-09T19:40:05.490Z] 🔎 StockItem: 561
[2026-07-09T19:40:05.492Z] node: [2026-07-09T19:40:05.490Z] 🔎 Sale: 3
[2026-07-09T19:40:05.492Z] node: [2026-07-09T19:40:05.490Z] 🔎 SaleItem: 4
[2026-07-09T19:40:05.493Z] node: [2026-07-09T19:40:05.490Z] 🔎 SaleItemSimple: 0
[2026-07-09T19:40:05.493Z] node: [2026-07-09T19:40:05.491Z] 🔎 Payment: 2
[2026-07-09T19:40:05.494Z] node: [2026-07-09T19:40:05.491Z] 🔎 PaymentItem: 2
[2026-07-09T19:40:05.747Z] node: [2026-07-09T19:40:05.746Z] 🧨 Resetting target schema "public" before restore...
[2026-07-09T19:40:05.748Z] node: [2026-07-09T19:40:05.747Z] 🛡️ This action is intended for Recovery / Standby DB only.
[2026-07-09T19:40:06.293Z] node: [2026-07-09T19:40:06.292Z] ✅ Schema "public" reset completed.
[2026-07-09T19:40:06.329Z] node: [2026-07-09T19:40:06.328Z] 🧱 Running Prisma db push against Recovery DB only...
[2026-07-09T19:40:06.329Z] node: [2026-07-09T19:40:06.328Z] 🛡️ DATABASE_URL is injected from RESTORE_DATABASE_URL/RECOVERY_DATABASE_URL for this process only.
[2026-07-09T19:40:09.355Z] node: [2026-07-09T19:40:09.354Z] npx stderr: Environment variables loaded from .env
[2026-07-09T19:40:09.357Z] node: [2026-07-09T19:40:09.356Z] npx: Prisma schema loaded from prisma\schema.prisma
[2026-07-09T19:40:09.373Z] node: [2026-07-09T19:40:09.372Z] npx: Datasource "db": PostgreSQL database "postgres", schema "public" at "db.engqdeyzbvnmxbnpemau.supabase.co:5432"
[2026-07-09T19:40:24.168Z] node: [2026-07-09T19:40:24.167Z] npx: Your database is now in sync with your Prisma schema. Done in 14.27s
[2026-07-09T19:40:24.170Z] node: [2026-07-09T19:40:24.169Z] npx: Running generate... (Use --skip-generate to skip the generators)
[2026-07-09T19:40:25.075Z] node: [2026-07-09T19:40:25.074Z] npx: [2K[1A[2K[GRunning generate... - Prisma Client
[2026-07-09T19:40:26.240Z] node: [2026-07-09T19:40:26.239Z] npx: [2K[1A[2K[G✔ Generated Prisma Client (v6.16.2) to .\node_modules\.prisma\client in 1.16s
[2026-07-09T19:40:26.297Z] node: [2026-07-09T19:40:26.296Z] ✅ Prisma db push completed for Recovery DB.
[2026-07-09T19:40:29.403Z] node: [2026-07-09T19:40:29.402Z] 📊 Existing tables: 70
[2026-07-09T19:40:29.405Z] node: [2026-07-09T19:40:29.402Z] 📦 Existing rows: 0
[2026-07-09T19:40:29.405Z] node: [2026-07-09T19:40:29.402Z] 🔎 Product: 0
[2026-07-09T19:40:29.406Z] node: [2026-07-09T19:40:29.402Z] 🔎 BranchPrice: 0
[2026-07-09T19:40:29.411Z] node: [2026-07-09T19:40:29.403Z] 🔎 StockItem: 0
[2026-07-09T19:40:29.412Z] node: [2026-07-09T19:40:29.403Z] 🔎 Sale: 0
[2026-07-09T19:40:29.413Z] node: [2026-07-09T19:40:29.403Z] 🔎 SaleItem: 0
[2026-07-09T19:40:29.423Z] node: [2026-07-09T19:40:29.403Z] 🔎 SaleItemSimple: 0
[2026-07-09T19:40:29.424Z] node: [2026-07-09T19:40:29.403Z] 🔎 Payment: 0
[2026-07-09T19:40:29.424Z] node: [2026-07-09T19:40:29.403Z] 🔎 PaymentItem: 0
[2026-07-09T19:40:29.494Z] node: [2026-07-09T19:40:29.493Z] 📖 SQL loaded into memory (4.63 MB).
[2026-07-09T19:40:29.496Z] node: [2026-07-09T19:40:29.495Z] 🚚 Starting SQL restore via Node.js pg client...
[2026-07-09T19:40:32.024Z] node: [2026-07-09T19:40:32.023Z] ✅ SQL restore completed via Node.js pg client.
[2026-07-09T19:40:34.723Z] node: [2026-07-09T19:40:34.723Z] ✅ Restore verification PASS (70 tables checked).
[2026-07-09T19:40:34.724Z] node: [2026-07-09T19:40:34.723Z] 🎉 Restore completed successfully in 32.84 seconds.
[2026-07-09T19:40:34.738Z] ▶️  Run: node recovery/verify/qbv.js
[2026-07-09T19:40:35.031Z] node: [2026-07-09T19:40:35.029Z] ============================================================
[2026-07-09T19:40:35.032Z] node: [2026-07-09T19:40:35.032Z] 🔎 AlphaTech Integrity Verification ALPHATECH-RECOVERY-VERIFY-V1
[2026-07-09T19:40:35.033Z] node: [2026-07-09T19:40:35.032Z] ============================================================
[2026-07-09T19:40:35.034Z] node: [2026-07-09T19:40:35.032Z] Collecting Production snapshot...
[2026-07-09T19:40:45.271Z] node: [2026-07-09T19:40:45.270Z] Collecting Recovery snapshot...
[2026-07-09T19:40:56.080Z] node: [2026-07-09T19:40:56.080Z] Comparing snapshots...
[2026-07-09T19:40:56.087Z] node: [2026-07-09T19:40:56.087Z] 🧾 JSON report: D:\alpha-tech\server\recovery\reports\verification-report_2026-07-09T19-40-56-085Z.json
[2026-07-09T19:40:56.087Z] node: [2026-07-09T19:40:56.087Z] 🧾 TXT report: D:\alpha-tech\server\recovery\reports\verification-report_2026-07-09T19-40-56-085Z.txt
[2026-07-09T19:40:56.088Z] node: [2026-07-09T19:40:56.087Z] ✅ Overall: PASS
[2026-07-09T19:40:56.100Z] 🧾 Job manifest: D:\alpha-tech\server\recovery\jobs\job-2026-07-09T19-39-48-311Z.json
[2026-07-09T19:40:56.100Z] ✅ Job result: PASS exitCode=0
