[2026-07-18T13:39:48.735Z] ============================================================
[2026-07-18T13:39:48.747Z] 🧭 AlphaTech Recovery Retention Workflow ALPHATECH-RECOVERY-JOB-RUNNER-V7-R2-RETENTION
[2026-07-18T13:39:48.747Z] ============================================================
[2026-07-18T13:39:48.748Z] Mode: backup-workflow
[2026-07-18T13:39:48.748Z] ▶️  Run: node recovery/health/healthCheck.js
[2026-07-18T13:39:49.235Z] node: [2026-07-18T13:39:49.169Z] ============================================================
[2026-07-18T13:39:49.237Z] node: [2026-07-18T13:39:49.237Z] 🩺 AlphaTech Recovery Health Check ALPHATECH-RECOVERY-HEALTH-CHECK-V1
[2026-07-18T13:39:49.238Z] node: [2026-07-18T13:39:49.238Z] ============================================================
[2026-07-18T13:39:50.165Z] node: [2026-07-18T13:39:50.165Z] 🧾 JSON report: D:\alpha-tech\server\recovery\reports\health-check-2026-07-18T13-39-50-155Z.json
[2026-07-18T13:39:50.165Z] node: [2026-07-18T13:39:50.165Z] 🧾 TXT report: D:\alpha-tech\server\recovery\reports\health-check-2026-07-18T13-39-50-155Z.txt
[2026-07-18T13:39:50.166Z] node: [2026-07-18T13:39:50.165Z] ✅ Overall: PASS
[2026-07-18T13:39:50.179Z] ▶️  Run: node qb.js
[2026-07-18T13:39:50.714Z] node: 🔌 Connected to PostgreSQL successfully.
[2026-07-18T13:39:50.723Z] node: ⏳ Starting P1 Hardened Backup v6 Type-aware + generic self-reference FK safe restore...
[2026-07-18T13:39:55.090Z] node: 📦 Exporting table: Bank
[2026-07-18T13:39:55.127Z] node: 📦 Exporting table: Brand
[2026-07-18T13:39:55.203Z] node: 📦 Exporting table: Category
[2026-07-18T13:39:55.238Z] node: 📦 Exporting table: GlobalProductType
[2026-07-18T13:39:55.273Z] node: 📦 Exporting table: Position
[2026-07-18T13:39:55.315Z] node: 📦 Exporting table: Province
[2026-07-18T13:39:55.349Z] node: 📦 Exporting table: District
[2026-07-18T13:39:55.432Z] node: 📦 Exporting table: Subdistrict
[2026-07-18T13:39:55.633Z] node: 📦 Exporting table: Branch
[2026-07-18T13:39:55.670Z] node: 📦 Exporting table: BarcodeCounter
[2026-07-18T13:39:55.704Z] node: 📦 Exporting table: PaymentCodeCounter
[2026-07-18T13:39:55.739Z] node: 📦 Exporting table: ProductType
[2026-07-18T13:39:55.777Z] node: 📦 Exporting table: ProductTypeBrand
[2026-07-18T13:39:55.832Z] node: 📦 Exporting table: Supplier
[2026-07-18T13:39:55.868Z] node: 📦 Exporting table: Unit
[2026-07-18T13:39:55.903Z] node: 📦 Exporting table: Product
[2026-07-18T13:39:56.050Z] node: 📦 Exporting table: BranchPrice
[2026-07-18T13:39:56.143Z] node: 📦 Exporting table: ProductImage
[2026-07-18T13:39:56.178Z] node: 📦 Exporting table: StockBalance
[2026-07-18T13:39:56.240Z] node: 📦 Exporting table: User
[2026-07-18T13:39:56.282Z] node: 📦 Exporting table: CustomerProfile
[2026-07-18T13:39:56.326Z] node: 📦 Exporting table: Cart
[2026-07-18T13:39:56.361Z] node: 📦 Exporting table: CartItem
[2026-07-18T13:39:56.395Z] node: 📦 Exporting table: EmployeeProfile
[2026-07-18T13:39:56.430Z] node: 📦 Exporting table: CombinedBillingDocument
[2026-07-18T13:39:56.464Z] node: 📦 Exporting table: CombinedSaleDocument
[2026-07-18T13:39:56.498Z] node: 📦 Exporting table: CustomerDeposit
[2026-07-18T13:39:56.533Z] node: 📦 Exporting table: CustomerReceipts
[2026-07-18T13:39:56.567Z] node: 📦 Exporting table: InputTaxFilingBatch
[2026-07-18T13:39:56.602Z] node: 📦 Exporting table: Order
[2026-07-18T13:39:56.637Z] node: 📦 Exporting table: OrderOnline
[2026-07-18T13:39:56.671Z] node: 📦 Exporting table: OrderOnlineItem
[2026-07-18T13:39:56.705Z] node: 📦 Exporting table: PasswordResetToken
[2026-07-18T13:39:56.740Z] node: 📦 Exporting table: ProductOnOrder
[2026-07-18T13:39:56.775Z] node: 📦 Exporting table: PurchaseOrder
[2026-07-18T13:39:56.810Z] node: 📦 Exporting table: PurchaseOrderItem
[2026-07-18T13:39:56.850Z] node: 📦 Exporting table: PurchaseOrderReceipt
[2026-07-18T13:39:56.888Z] node: 📦 Exporting table: InputTaxFilingItem
[2026-07-18T13:39:56.923Z] node: 📦 Exporting table: PurchaseOrderReceiptItem
[2026-07-18T13:39:56.974Z] node: 📦 Exporting table: RefreshToken
[2026-07-18T13:39:57.312Z] node: 📦 Exporting table: Sale
[2026-07-18T13:39:57.351Z] node: 📦 Exporting table: CustomerReceiptAllocations
[2026-07-18T13:39:57.412Z] node: 📦 Exporting table: Payment
[2026-07-18T13:39:57.446Z] node: 📦 Exporting table: DepositUsage
[2026-07-18T13:39:57.515Z] node: 📦 Exporting table: PaymentItem
[2026-07-18T13:39:57.551Z] node: 📦 Exporting table: SaleReturn
[2026-07-18T13:39:57.585Z] node: 📦 Exporting table: RefundTransaction
[2026-07-18T13:39:57.620Z] node: 📦 Exporting table: SalesTaxFilingBatch
[2026-07-18T13:39:57.655Z] node: 📦 Exporting table: SalesTaxFilingItem
[2026-07-18T13:39:57.689Z] node: 📦 Exporting table: ServiceOrder
[2026-07-18T13:39:57.724Z] node: 📦 Exporting table: ServiceItem
[2026-07-18T13:39:57.758Z] node: 📦 Exporting table: SimpleLot
[2026-07-18T13:39:57.793Z] node: 📦 Exporting table: SaleItemSimple
[2026-07-18T13:39:57.827Z] node: 📦 Exporting table: SaleReturnItemSimple
[2026-07-18T13:39:57.862Z] node: 📦 Exporting table: StockAuditSession
[2026-07-18T13:39:57.896Z] node: 📦 Exporting table: StockItem
[2026-07-18T13:39:58.661Z] node: 📦 Exporting table: BarcodeReceiptItem
[2026-07-18T13:39:58.721Z] node: 📦 Exporting table: RepairJob
[2026-07-18T13:39:58.755Z] node: 📦 Exporting table: RepairPartItem
[2026-07-18T13:39:58.790Z] node: 📦 Exporting table: SaleItem
[2026-07-18T13:39:58.828Z] node: 📦 Exporting table: SaleReturnItem
[2026-07-18T13:39:58.863Z] node: 📦 Exporting table: StockAuditScanLog
[2026-07-18T13:39:58.897Z] node: 📦 Exporting table: StockAuditSnapshotItem
[2026-07-18T13:39:58.950Z] node: 📦 Exporting table: StockMovement
[2026-07-18T13:39:59.032Z] node: 📦 Exporting table: SupplierPayment
[2026-07-18T13:39:59.067Z] node: 📦 Exporting table: SupplierPaymentReceipt
[2026-07-18T13:39:59.102Z] node: 📦 Exporting table: V2CustomerDeposit
[2026-07-18T13:39:59.137Z] node: 📦 Exporting table: V2StockAudit
[2026-07-18T13:39:59.171Z] node: 📦 Exporting table: V2StockAuditItem
[2026-07-18T13:39:59.206Z] node: 📦 Exporting table: WarrantyClaim
[2026-07-18T13:40:01.904Z] node: 🎉 P1 Hardened Backup v6 Type-aware + generic self-reference FK safe restore completed successfully.
[2026-07-18T13:40:01.906Z] node: 💾 Backup file: D:\alpha-tech\server\backups\alphatech_hardened_backup_v6_2026-07-18_2026-07-18T13-39-54-508Z.sql
[2026-07-18T13:40:02.659Z] node: 🧾 Manifest file: D:\alpha-tech\server\backups\alphatech_hardened_backup_v6_2026-07-18_2026-07-18T13-39-54-508Z.manifest.json
[2026-07-18T13:40:02.660Z] node: 📊 Tables exported: 70
[2026-07-18T13:40:02.661Z] node: 📦 Rows exported: 24912
[2026-07-18T13:40:02.663Z] node: 🔢 Sequences prepared: 67
[2026-07-18T13:40:02.664Z] node: 🔐 SHA256: 8a5275f6da2772643aba9cc629613b9482e5a6eab1a946ea7058fcbd5abe2f9b
[2026-07-18T13:40:02.665Z] node: 📐 File size: 8.71 MB
[2026-07-18T13:40:02.665Z] node: ⏱️ Duration: 8.97 seconds
[2026-07-18T13:40:02.666Z] node: ✅ Verification: PASS (70 tables checked)
[2026-07-18T13:40:02.693Z] ▶️  Run: node recovery/upload/uploadBackup.js --manifest D:\alpha-tech\server\backups\alphatech_hardened_backup_v6_2026-07-18_2026-07-18T13-39-54-508Z.manifest.json
[2026-07-18T13:40:02.786Z] node: [2026-07-18T13:40:02.781Z] ============================================================
[2026-07-18T13:40:02.788Z] node: [2026-07-18T13:40:02.788Z] AlphaTech Recovery Upload ALPHATECH-RECOVERY-UPLOAD-V2-S3-COMPATIBLE
[2026-07-18T13:40:02.788Z] node: [2026-07-18T13:40:02.788Z] ============================================================
[2026-07-18T13:40:03.050Z] node stderr: (node:10424) Warning: NodeVersionSupportWarning: The AWS SDK for JavaScript (v3)
[2026-07-18T13:40:03.050Z] node stderr: versions published after the first week of January 2027
[2026-07-18T13:40:03.051Z] node stderr: will require node >=22. You are running node v20.19.0.
[2026-07-18T13:40:03.052Z] node stderr: To continue receiving updates to AWS services, bug fixes,
[2026-07-18T13:40:03.052Z] node stderr: and security updates please upgrade to node >=22.
[2026-07-18T13:40:03.052Z] node stderr: More information can be found at: https://a.co/c895JFp
[2026-07-18T13:40:03.053Z] node stderr: (Use `node --trace-warnings ...` to show where the warning was created)
[2026-07-18T13:40:05.991Z] node: [2026-07-18T13:40:05.991Z] JSON report: D:\alpha-tech\server\recovery\reports\upload-report-2026-07-18T13-40-05-981Z.json
[2026-07-18T13:40:05.993Z] node: [2026-07-18T13:40:05.993Z] TXT report: D:\alpha-tech\server\recovery\reports\upload-report-2026-07-18T13-40-05-981Z.txt
[2026-07-18T13:40:05.994Z] node: [2026-07-18T13:40:05.994Z] Overall: PASS
[2026-07-18T13:40:07.025Z] ------------------------------------------------------------
[2026-07-18T13:40:07.057Z] Target      : cloudflare-r2
[2026-07-18T13:40:07.080Z] Bucket      : saduaksabuy-recovery
[2026-07-18T13:40:07.089Z] Prefix      : alphatech-production/
[2026-07-18T13:40:07.097Z] Retention   : 7 day(s)
[2026-07-18T13:40:07.100Z] Mode        : APPLY
[2026-07-18T13:40:07.105Z] Scanned     : 82
[2026-07-18T13:40:07.113Z] Candidates  : 0
[2026-07-18T13:40:07.114Z] Deleted     : 0
[2026-07-18T13:40:07.115Z] Remaining   : 82
[2026-07-18T13:40:07.115Z] Failed      : 0
[2026-07-18T13:40:07.116Z] ▶️  Run: node recovery/retention/retentionPolicy.js --apply
[2026-07-18T13:40:07.562Z] node: [2026-07-18T13:40:07.556Z] ============================================================
[2026-07-18T13:40:07.564Z] node: [2026-07-18T13:40:07.564Z] 🧹 AlphaTech Recovery Retention ALPHATECH-RECOVERY-RETENTION-V1
[2026-07-18T13:40:07.565Z] node: [2026-07-18T13:40:07.565Z] ============================================================
[2026-07-18T13:40:07.565Z] node: [2026-07-18T13:40:07.565Z] Mode: APPLY
[2026-07-18T13:40:07.572Z] node: [2026-07-18T13:40:07.572Z] ------------------------------------------------------------
[2026-07-18T13:40:07.573Z] node: [2026-07-18T13:40:07.573Z] Target      : local-backups
[2026-07-18T13:40:07.573Z] node: [2026-07-18T13:40:07.573Z] Directory   : D:\alpha-tech\server\backups
[2026-07-18T13:40:07.714Z] node: [2026-07-18T13:40:07.714Z] Retention   : 3 day(s)
[2026-07-18T13:40:07.715Z] node: [2026-07-18T13:40:07.715Z] Scanned     : 40
[2026-07-18T13:40:07.716Z] node: [2026-07-18T13:40:07.716Z] Candidates  : 0
[2026-07-18T13:40:07.718Z] node: [2026-07-18T13:40:07.718Z] Deleted     : 0
[2026-07-18T13:40:07.721Z] node: [2026-07-18T13:40:07.721Z] Remaining   : 40
[2026-07-18T13:40:07.721Z] node: [2026-07-18T13:40:07.721Z] Failed      : 0
[2026-07-18T13:40:07.722Z] node: [2026-07-18T13:40:07.722Z] ------------------------------------------------------------
[2026-07-18T13:40:07.723Z] node: [2026-07-18T13:40:07.723Z] Target      : offsite-local-mirror
[2026-07-18T13:40:07.723Z] node: [2026-07-18T13:40:07.723Z] Directory   : D:\alpha-tech\server\recovery\offsite
[2026-07-18T13:40:07.724Z] node: [2026-07-18T13:40:07.724Z] Retention   : 7 day(s)
[2026-07-18T13:40:07.724Z] node: [2026-07-18T13:40:07.725Z] Scanned     : 0
[2026-07-18T13:40:07.725Z] node: [2026-07-18T13:40:07.725Z] Candidates  : 0
[2026-07-18T13:40:07.726Z] node: [2026-07-18T13:40:07.726Z] Deleted     : 0
[2026-07-18T13:40:07.727Z] node: [2026-07-18T13:40:07.726Z] Remaining   : 0
[2026-07-18T13:40:07.727Z] node: [2026-07-18T13:40:07.727Z] Failed      : 0
[2026-07-18T13:40:07.729Z] node: [2026-07-18T13:40:07.729Z] 🧾 JSON report: D:\alpha-tech\server\recovery\reports\retention-report-2026-07-18T13-40-07-727Z.json
[2026-07-18T13:40:07.730Z] node: [2026-07-18T13:40:07.730Z] 🧾 TXT report: D:\alpha-tech\server\recovery\reports\retention-report-2026-07-18T13-40-07-727Z.txt
[2026-07-18T13:40:07.730Z] node: [2026-07-18T13:40:07.731Z] ✅ Overall: PASS
[2026-07-18T13:40:07.743Z] ▶️  Run: node qbrs.js --manifest D:\alpha-tech\server\backups\alphatech_hardened_backup_v6_2026-07-18_2026-07-18T13-39-54-508Z.manifest.json --init --yes --reset-schema
[2026-07-18T13:40:07.895Z] node: [2026-07-18T13:40:07.893Z] ============================================================
[2026-07-18T13:40:07.897Z] node: [2026-07-18T13:40:07.897Z] 🚑 AlphaTech Restore Tool P1-HARDENED-RESTORE-V3-NODE-PG
[2026-07-18T13:40:07.898Z] node: [2026-07-18T13:40:07.898Z] ============================================================
[2026-07-18T13:40:07.938Z] node: [2026-07-18T13:40:07.938Z] ✅ Manifest loaded.
[2026-07-18T13:40:07.939Z] node: [2026-07-18T13:40:07.939Z] ✅ SQL file: D:\alpha-tech\server\backups\alphatech_hardened_backup_v6_2026-07-18_2026-07-18T13-39-54-508Z.sql
[2026-07-18T13:40:07.940Z] node: [2026-07-18T13:40:07.940Z] ✅ SHA256 verified: 8a5275f6da2772643aba9cc629613b9482e5a6eab1a946ea7058fcbd5abe2f9b
[2026-07-18T13:40:07.941Z] node: [2026-07-18T13:40:07.941Z] 🎯 Target DB: postgresql://postgres:***@db.engqdeyzbvnmxbnpemau.supabase.co:5432/postgres
[2026-07-18T13:40:07.942Z] node: [2026-07-18T13:40:07.942Z] 🎯 Host: db.engqdeyzbvnmxbnpemau.supabase.co
[2026-07-18T13:40:07.943Z] node: [2026-07-18T13:40:07.943Z] 🎯 Port: 5432
[2026-07-18T13:40:07.943Z] node: [2026-07-18T13:40:07.943Z] 🎯 Database: postgres
[2026-07-18T13:40:07.944Z] node: [2026-07-18T13:40:07.944Z] 🎯 Schema: public
[2026-07-18T13:40:08.287Z] node: [2026-07-18T13:40:08.287Z] 🔌 Connected to target PostgreSQL successfully.
[2026-07-18T13:40:11.762Z] node: [2026-07-18T13:40:11.761Z] 📊 Existing tables: 70
[2026-07-18T13:40:11.763Z] node: [2026-07-18T13:40:11.762Z] 📦 Existing rows: 24894
[2026-07-18T13:40:11.764Z] node: [2026-07-18T13:40:11.762Z] 🔎 Product: 1906
[2026-07-18T13:40:11.765Z] node: [2026-07-18T13:40:11.763Z] 🔎 BranchPrice: 1904
[2026-07-18T13:40:11.766Z] node: [2026-07-18T13:40:11.763Z] 🔎 StockItem: 3093
[2026-07-18T13:40:11.767Z] node: [2026-07-18T13:40:11.763Z] 🔎 Sale: 32
[2026-07-18T13:40:11.767Z] node: [2026-07-18T13:40:11.763Z] 🔎 SaleItem: 99
[2026-07-18T13:40:11.767Z] node: [2026-07-18T13:40:11.764Z] 🔎 SaleItemSimple: 0
[2026-07-18T13:40:11.768Z] node: [2026-07-18T13:40:11.764Z] 🔎 Payment: 18
[2026-07-18T13:40:11.768Z] node: [2026-07-18T13:40:11.765Z] 🔎 PaymentItem: 18
[2026-07-18T13:40:12.017Z] node: [2026-07-18T13:40:12.016Z] 🧨 Resetting target schema "public" before restore...
[2026-07-18T13:40:12.018Z] node: [2026-07-18T13:40:12.017Z] 🛡️ This action is intended for Recovery / Standby DB only.
[2026-07-18T13:40:12.573Z] node: [2026-07-18T13:40:12.573Z] ✅ Schema "public" reset completed.
[2026-07-18T13:40:12.609Z] node: [2026-07-18T13:40:12.609Z] 🧱 Running Prisma db push against Recovery DB only...
[2026-07-18T13:40:12.609Z] node: [2026-07-18T13:40:12.609Z] 🛡️ DATABASE_URL is injected from RESTORE_DATABASE_URL/RECOVERY_DATABASE_URL for this process only.
[2026-07-18T13:40:19.121Z] node: [2026-07-18T13:40:19.121Z] npx stderr: Environment variables loaded from .env
[2026-07-18T13:40:19.124Z] node: [2026-07-18T13:40:19.123Z] npx: Prisma schema loaded from prisma\schema.prisma
[2026-07-18T13:40:19.135Z] node: [2026-07-18T13:40:19.135Z] npx: Datasource "db": PostgreSQL database "postgres", schema "public" at "db.engqdeyzbvnmxbnpemau.supabase.co:5432"
[2026-07-18T13:40:35.687Z] node: [2026-07-18T13:40:35.687Z] npx: Your database is now in sync with your Prisma schema. Done in 15.96s
[2026-07-18T13:40:35.712Z] node: [2026-07-18T13:40:35.689Z] npx: Running generate... (Use --skip-generate to skip the generators)
[2026-07-18T13:40:37.463Z] node: [2026-07-18T13:40:37.462Z] npx: [2K[1A[2K[GRunning generate... - Prisma Client
[2026-07-18T13:40:39.504Z] node: [2026-07-18T13:40:39.504Z] npx: [2K[1A[2K[G✔ Generated Prisma Client (v6.16.2) to .\node_modules\.prisma\client in 2.00s
[2026-07-18T13:40:39.685Z] node: [2026-07-18T13:40:39.685Z] ✅ Prisma db push completed for Recovery DB.
[2026-07-18T13:40:44.473Z] node: [2026-07-18T13:40:44.453Z] 📊 Existing tables: 70
[2026-07-18T13:40:44.487Z] node: [2026-07-18T13:40:44.456Z] 📦 Existing rows: 0
[2026-07-18T13:40:44.521Z] node: [2026-07-18T13:40:44.457Z] 🔎 Product: 0
[2026-07-18T13:40:44.524Z] node: [2026-07-18T13:40:44.457Z] 🔎 BranchPrice: 0
[2026-07-18T13:40:44.525Z] node: [2026-07-18T13:40:44.457Z] 🔎 StockItem: 0
[2026-07-18T13:40:44.525Z] node: [2026-07-18T13:40:44.457Z] 🔎 Sale: 0
[2026-07-18T13:40:44.528Z] node: [2026-07-18T13:40:44.457Z] 🔎 SaleItem: 0
[2026-07-18T13:40:44.529Z] node: [2026-07-18T13:40:44.458Z] 🔎 SaleItemSimple: 0
[2026-07-18T13:40:44.530Z] node: [2026-07-18T13:40:44.458Z] 🔎 Payment: 0
[2026-07-18T13:40:44.530Z] node: [2026-07-18T13:40:44.458Z] 🔎 PaymentItem: 0
[2026-07-18T13:40:44.634Z] node: [2026-07-18T13:40:44.634Z] 📖 SQL loaded into memory (8.70 MB).
[2026-07-18T13:40:44.636Z] node: [2026-07-18T13:40:44.636Z] 🚚 Starting SQL restore via Node.js pg client...
[2026-07-18T13:40:48.805Z] node: [2026-07-18T13:40:48.796Z] ✅ SQL restore completed via Node.js pg client.
[2026-07-18T13:40:52.133Z] node: [2026-07-18T13:40:52.133Z] ✅ Restore verification PASS (70 tables checked).
[2026-07-18T13:40:52.134Z] node: [2026-07-18T13:40:52.133Z] 🎉 Restore completed successfully in 44.24 seconds.
[2026-07-18T13:40:52.150Z] ▶️  Run: node recovery/verify/qbv.js
[2026-07-18T13:40:52.336Z] node: [2026-07-18T13:40:52.334Z] ============================================================
[2026-07-18T13:40:52.339Z] node: [2026-07-18T13:40:52.338Z] 🔎 AlphaTech Integrity Verification ALPHATECH-RECOVERY-VERIFY-V1
[2026-07-18T13:40:52.341Z] node: [2026-07-18T13:40:52.341Z] ============================================================
[2026-07-18T13:40:52.342Z] node: [2026-07-18T13:40:52.342Z] Collecting Production snapshot...
[2026-07-18T13:41:06.788Z] node: [2026-07-18T13:41:06.784Z] Collecting Recovery snapshot...
[2026-07-18T13:41:18.146Z] node: [2026-07-18T13:41:18.144Z] Comparing snapshots...
[2026-07-18T13:41:18.160Z] node: [2026-07-18T13:41:18.160Z] 🧾 JSON report: D:\alpha-tech\server\recovery\reports\verification-report_2026-07-18T13-41-18-149Z.json
[2026-07-18T13:41:18.161Z] node: [2026-07-18T13:41:18.160Z] 🧾 TXT report: D:\alpha-tech\server\recovery\reports\verification-report_2026-07-18T13-41-18-149Z.txt
[2026-07-18T13:41:18.161Z] node: [2026-07-18T13:41:18.160Z] ✅ Overall: PASS
[2026-07-18T13:41:18.176Z] 🧾 Job manifest: D:\alpha-tech\server\recovery\jobs\job-2026-07-18T13-39-48-727Z.json
[2026-07-18T13:41:18.177Z] ✅ Job result: PASS exitCode=0
