[2026-07-16T01:39:48.765Z] ============================================================
[2026-07-16T01:39:48.773Z] 🧭 AlphaTech Recovery Retention Workflow ALPHATECH-RECOVERY-JOB-RUNNER-V7-R2-RETENTION
[2026-07-16T01:39:48.775Z] ============================================================
[2026-07-16T01:39:48.776Z] Mode: backup-workflow
[2026-07-16T01:39:48.777Z] ▶️  Run: node recovery/health/healthCheck.js
[2026-07-16T01:39:49.386Z] node: [2026-07-16T01:39:49.382Z] ============================================================
[2026-07-16T01:39:49.389Z] node: [2026-07-16T01:39:49.389Z] 🩺 AlphaTech Recovery Health Check ALPHATECH-RECOVERY-HEALTH-CHECK-V1
[2026-07-16T01:39:49.390Z] node: [2026-07-16T01:39:49.389Z] ============================================================
[2026-07-16T01:39:50.435Z] node: [2026-07-16T01:39:50.435Z] 🧾 JSON report: D:\alpha-tech\server\recovery\reports\health-check-2026-07-16T01-39-50-433Z.json
[2026-07-16T01:39:50.436Z] node: [2026-07-16T01:39:50.435Z] 🧾 TXT report: D:\alpha-tech\server\recovery\reports\health-check-2026-07-16T01-39-50-433Z.txt
[2026-07-16T01:39:50.437Z] node: [2026-07-16T01:39:50.436Z] ✅ Overall: PASS
[2026-07-16T01:39:50.464Z] ▶️  Run: node qb.js
[2026-07-16T01:39:51.037Z] node: 🔌 Connected to PostgreSQL successfully.
[2026-07-16T01:39:51.039Z] node: ⏳ Starting P1 Hardened Backup v6 Type-aware + generic self-reference FK safe restore...
[2026-07-16T01:39:54.963Z] node: 📦 Exporting table: Bank
[2026-07-16T01:39:55.000Z] node: 📦 Exporting table: Brand
[2026-07-16T01:39:55.045Z] node: 📦 Exporting table: Category
[2026-07-16T01:39:55.085Z] node: 📦 Exporting table: GlobalProductType
[2026-07-16T01:39:55.206Z] node: 📦 Exporting table: Position
[2026-07-16T01:39:55.207Z] node: 📦 Exporting table: Province
[2026-07-16T01:39:55.257Z] node: 📦 Exporting table: District
[2026-07-16T01:39:55.603Z] node: 📦 Exporting table: Subdistrict
[2026-07-16T01:39:55.807Z] node: 📦 Exporting table: Branch
[2026-07-16T01:39:55.844Z] node: 📦 Exporting table: BarcodeCounter
[2026-07-16T01:39:55.880Z] node: 📦 Exporting table: PaymentCodeCounter
[2026-07-16T01:39:55.915Z] node: 📦 Exporting table: ProductType
[2026-07-16T01:39:55.954Z] node: 📦 Exporting table: ProductTypeBrand
[2026-07-16T01:39:55.996Z] node: 📦 Exporting table: Supplier
[2026-07-16T01:39:56.049Z] node: 📦 Exporting table: Unit
[2026-07-16T01:39:56.084Z] node: 📦 Exporting table: Product
[2026-07-16T01:39:56.234Z] node: 📦 Exporting table: BranchPrice
[2026-07-16T01:39:56.325Z] node: 📦 Exporting table: ProductImage
[2026-07-16T01:39:56.361Z] node: 📦 Exporting table: StockBalance
[2026-07-16T01:39:56.415Z] node: 📦 Exporting table: User
[2026-07-16T01:39:56.458Z] node: 📦 Exporting table: CustomerProfile
[2026-07-16T01:39:56.500Z] node: 📦 Exporting table: Cart
[2026-07-16T01:39:56.535Z] node: 📦 Exporting table: CartItem
[2026-07-16T01:39:56.617Z] node: 📦 Exporting table: EmployeeProfile
[2026-07-16T01:39:56.637Z] node: 📦 Exporting table: CombinedBillingDocument
[2026-07-16T01:39:56.680Z] node: 📦 Exporting table: CombinedSaleDocument
[2026-07-16T01:39:56.710Z] node: 📦 Exporting table: CustomerDeposit
[2026-07-16T01:39:56.744Z] node: 📦 Exporting table: CustomerReceipts
[2026-07-16T01:39:56.780Z] node: 📦 Exporting table: InputTaxFilingBatch
[2026-07-16T01:39:56.827Z] node: 📦 Exporting table: Order
[2026-07-16T01:39:56.873Z] node: 📦 Exporting table: OrderOnline
[2026-07-16T01:39:56.914Z] node: 📦 Exporting table: OrderOnlineItem
[2026-07-16T01:39:56.969Z] node: 📦 Exporting table: PasswordResetToken
[2026-07-16T01:39:57.030Z] node: 📦 Exporting table: ProductOnOrder
[2026-07-16T01:39:57.040Z] node: 📦 Exporting table: PurchaseOrder
[2026-07-16T01:39:57.076Z] node: 📦 Exporting table: PurchaseOrderItem
[2026-07-16T01:39:57.113Z] node: 📦 Exporting table: PurchaseOrderReceipt
[2026-07-16T01:39:57.149Z] node: 📦 Exporting table: InputTaxFilingItem
[2026-07-16T01:39:57.183Z] node: 📦 Exporting table: PurchaseOrderReceiptItem
[2026-07-16T01:39:57.219Z] node: 📦 Exporting table: RefreshToken
[2026-07-16T01:39:57.424Z] node: 📦 Exporting table: Sale
[2026-07-16T01:39:57.461Z] node: 📦 Exporting table: CustomerReceiptAllocations
[2026-07-16T01:39:57.496Z] node: 📦 Exporting table: Payment
[2026-07-16T01:39:57.532Z] node: 📦 Exporting table: DepositUsage
[2026-07-16T01:39:57.567Z] node: 📦 Exporting table: PaymentItem
[2026-07-16T01:39:57.602Z] node: 📦 Exporting table: SaleReturn
[2026-07-16T01:39:57.657Z] node: 📦 Exporting table: RefundTransaction
[2026-07-16T01:39:57.683Z] node: 📦 Exporting table: SalesTaxFilingBatch
[2026-07-16T01:39:57.725Z] node: 📦 Exporting table: SalesTaxFilingItem
[2026-07-16T01:39:57.759Z] node: 📦 Exporting table: ServiceOrder
[2026-07-16T01:39:57.794Z] node: 📦 Exporting table: ServiceItem
[2026-07-16T01:39:57.829Z] node: 📦 Exporting table: SimpleLot
[2026-07-16T01:39:57.864Z] node: 📦 Exporting table: SaleItemSimple
[2026-07-16T01:39:57.900Z] node: 📦 Exporting table: SaleReturnItemSimple
[2026-07-16T01:39:57.935Z] node: 📦 Exporting table: StockAuditSession
[2026-07-16T01:39:57.970Z] node: 📦 Exporting table: StockItem
[2026-07-16T01:39:58.125Z] node: 📦 Exporting table: BarcodeReceiptItem
[2026-07-16T01:39:58.198Z] node: 📦 Exporting table: RepairJob
[2026-07-16T01:39:58.229Z] node: 📦 Exporting table: RepairPartItem
[2026-07-16T01:39:58.265Z] node: 📦 Exporting table: SaleItem
[2026-07-16T01:39:58.303Z] node: 📦 Exporting table: SaleReturnItem
[2026-07-16T01:39:58.338Z] node: 📦 Exporting table: StockAuditScanLog
[2026-07-16T01:39:58.374Z] node: 📦 Exporting table: StockAuditSnapshotItem
[2026-07-16T01:39:58.425Z] node: 📦 Exporting table: StockMovement
[2026-07-16T01:39:58.479Z] node: 📦 Exporting table: SupplierPayment
[2026-07-16T01:39:58.513Z] node: 📦 Exporting table: SupplierPaymentReceipt
[2026-07-16T01:39:58.548Z] node: 📦 Exporting table: V2CustomerDeposit
[2026-07-16T01:39:58.583Z] node: 📦 Exporting table: V2StockAudit
[2026-07-16T01:39:58.618Z] node: 📦 Exporting table: V2StockAuditItem
[2026-07-16T01:39:58.653Z] node: 📦 Exporting table: WarrantyClaim
[2026-07-16T01:40:01.480Z] node: 🎉 P1 Hardened Backup v6 Type-aware + generic self-reference FK safe restore completed successfully.
[2026-07-16T01:40:01.482Z] node: 💾 Backup file: D:\alpha-tech\server\backups\alphatech_hardened_backup_v6_2026-07-16_2026-07-16T01-39-54-868Z.sql
[2026-07-16T01:40:01.483Z] node: 🧾 Manifest file: D:\alpha-tech\server\backups\alphatech_hardened_backup_v6_2026-07-16_2026-07-16T01-39-54-868Z.manifest.json
[2026-07-16T01:40:01.483Z] node: 📊 Tables exported: 70
[2026-07-16T01:40:01.484Z] node: 📦 Rows exported: 23157
[2026-07-16T01:40:01.485Z] node: 🔢 Sequences prepared: 67
[2026-07-16T01:40:01.485Z] node: 🔐 SHA256: 813ceee5f85350b9bd477b41ebbe9af9336b619b8550ae54d997f56d1f591aa0
[2026-07-16T01:40:01.485Z] node: 📐 File size: 7.91 MB
[2026-07-16T01:40:01.486Z] node: ⏱️ Duration: 8.01 seconds
[2026-07-16T01:40:01.486Z] node: ✅ Verification: PASS (70 tables checked)
[2026-07-16T01:40:01.544Z] ▶️  Run: node recovery/upload/uploadBackup.js --manifest D:\alpha-tech\server\backups\alphatech_hardened_backup_v6_2026-07-16_2026-07-16T01-39-54-868Z.manifest.json
[2026-07-16T01:40:01.633Z] node: [2026-07-16T01:40:01.628Z] ============================================================
[2026-07-16T01:40:01.636Z] node: [2026-07-16T01:40:01.635Z] AlphaTech Recovery Upload ALPHATECH-RECOVERY-UPLOAD-V2-S3-COMPATIBLE
[2026-07-16T01:40:01.636Z] node: [2026-07-16T01:40:01.636Z] ============================================================
[2026-07-16T01:40:01.875Z] node stderr: (node:13184) Warning: NodeVersionSupportWarning: The AWS SDK for JavaScript (v3)
[2026-07-16T01:40:01.876Z] node stderr: versions published after the first week of January 2027
[2026-07-16T01:40:01.877Z] node stderr: will require node >=22. You are running node v20.19.0.
[2026-07-16T01:40:01.879Z] node stderr: To continue receiving updates to AWS services, bug fixes,
[2026-07-16T01:40:01.880Z] node stderr: and security updates please upgrade to node >=22.
[2026-07-16T01:40:01.880Z] node stderr: More information can be found at: https://a.co/c895JFp
[2026-07-16T01:40:01.880Z] node stderr: (Use `node --trace-warnings ...` to show where the warning was created)
[2026-07-16T01:40:03.951Z] node: [2026-07-16T01:40:03.950Z] JSON report: D:\alpha-tech\server\recovery\reports\upload-report-2026-07-16T01-40-03-949Z.json
[2026-07-16T01:40:03.951Z] node: [2026-07-16T01:40:03.951Z] TXT report: D:\alpha-tech\server\recovery\reports\upload-report-2026-07-16T01-40-03-949Z.txt
[2026-07-16T01:40:03.952Z] node: [2026-07-16T01:40:03.951Z] Overall: PASS
[2026-07-16T01:40:04.710Z] ------------------------------------------------------------
[2026-07-16T01:40:04.711Z] Target      : cloudflare-r2
[2026-07-16T01:40:04.712Z] Bucket      : saduaksabuy-recovery
[2026-07-16T01:40:04.712Z] Prefix      : alphatech-production/
[2026-07-16T01:40:04.713Z] Retention   : 7 day(s)
[2026-07-16T01:40:04.713Z] Mode        : APPLY
[2026-07-16T01:40:04.714Z] Scanned     : 94
[2026-07-16T01:40:04.714Z] Candidates  : 14
[2026-07-16T01:40:04.714Z] Deleted     : 14
[2026-07-16T01:40:04.716Z] Remaining   : 80
[2026-07-16T01:40:04.716Z] Failed      : 0
[2026-07-16T01:40:04.717Z] ▶️  Run: node recovery/retention/retentionPolicy.js --apply
[2026-07-16T01:40:04.809Z] node: [2026-07-16T01:40:04.803Z] ============================================================
[2026-07-16T01:40:04.811Z] node: [2026-07-16T01:40:04.811Z] 🧹 AlphaTech Recovery Retention ALPHATECH-RECOVERY-RETENTION-V1
[2026-07-16T01:40:04.812Z] node: [2026-07-16T01:40:04.811Z] ============================================================
[2026-07-16T01:40:04.812Z] node: [2026-07-16T01:40:04.812Z] Mode: APPLY
[2026-07-16T01:40:04.820Z] node: [2026-07-16T01:40:04.819Z] ------------------------------------------------------------
[2026-07-16T01:40:04.820Z] node: [2026-07-16T01:40:04.820Z] Target      : local-backups
[2026-07-16T01:40:04.820Z] node: [2026-07-16T01:40:04.820Z] Directory   : D:\alpha-tech\server\backups
[2026-07-16T01:40:04.821Z] node: [2026-07-16T01:40:04.821Z] Retention   : 3 day(s)
[2026-07-16T01:40:04.822Z] node: [2026-07-16T01:40:04.821Z] Scanned     : 40
[2026-07-16T01:40:04.822Z] node: [2026-07-16T01:40:04.822Z] Candidates  : 0
[2026-07-16T01:40:04.824Z] node: [2026-07-16T01:40:04.823Z] Deleted     : 0
[2026-07-16T01:40:04.824Z] node: [2026-07-16T01:40:04.824Z] Remaining   : 40
[2026-07-16T01:40:04.824Z] node: [2026-07-16T01:40:04.824Z] Failed      : 0
[2026-07-16T01:40:04.825Z] node: [2026-07-16T01:40:04.825Z] ------------------------------------------------------------
[2026-07-16T01:40:04.825Z] node: [2026-07-16T01:40:04.825Z] Target      : offsite-local-mirror
[2026-07-16T01:40:04.826Z] node: [2026-07-16T01:40:04.826Z] Directory   : D:\alpha-tech\server\recovery\offsite
[2026-07-16T01:40:04.826Z] node: [2026-07-16T01:40:04.826Z] Retention   : 7 day(s)
[2026-07-16T01:40:04.827Z] node: [2026-07-16T01:40:04.826Z] Scanned     : 0
[2026-07-16T01:40:04.827Z] node: [2026-07-16T01:40:04.827Z] Candidates  : 0
[2026-07-16T01:40:04.828Z] node: [2026-07-16T01:40:04.827Z] Deleted     : 0
[2026-07-16T01:40:04.828Z] node: [2026-07-16T01:40:04.828Z] Remaining   : 0
[2026-07-16T01:40:04.830Z] node: [2026-07-16T01:40:04.828Z] Failed      : 0
[2026-07-16T01:40:04.831Z] node: [2026-07-16T01:40:04.830Z] 🧾 JSON report: D:\alpha-tech\server\recovery\reports\retention-report-2026-07-16T01-40-04-828Z.json
[2026-07-16T01:40:04.831Z] node: [2026-07-16T01:40:04.831Z] 🧾 TXT report: D:\alpha-tech\server\recovery\reports\retention-report-2026-07-16T01-40-04-828Z.txt
[2026-07-16T01:40:04.832Z] node: [2026-07-16T01:40:04.832Z] ✅ Overall: PASS
[2026-07-16T01:40:04.843Z] ▶️  Run: node qbrs.js --manifest D:\alpha-tech\server\backups\alphatech_hardened_backup_v6_2026-07-16_2026-07-16T01-39-54-868Z.manifest.json --init --yes --reset-schema
[2026-07-16T01:40:04.997Z] node: [2026-07-16T01:40:04.995Z] ============================================================
[2026-07-16T01:40:05.000Z] node: [2026-07-16T01:40:04.999Z] 🚑 AlphaTech Restore Tool P1-HARDENED-RESTORE-V3-NODE-PG
[2026-07-16T01:40:05.001Z] node: [2026-07-16T01:40:04.999Z] ============================================================
[2026-07-16T01:40:05.037Z] node: [2026-07-16T01:40:05.036Z] ✅ Manifest loaded.
[2026-07-16T01:40:05.038Z] node: [2026-07-16T01:40:05.037Z] ✅ SQL file: D:\alpha-tech\server\backups\alphatech_hardened_backup_v6_2026-07-16_2026-07-16T01-39-54-868Z.sql
[2026-07-16T01:40:05.039Z] node: [2026-07-16T01:40:05.038Z] ✅ SHA256 verified: 813ceee5f85350b9bd477b41ebbe9af9336b619b8550ae54d997f56d1f591aa0
[2026-07-16T01:40:05.040Z] node: [2026-07-16T01:40:05.039Z] 🎯 Target DB: postgresql://postgres:***@db.engqdeyzbvnmxbnpemau.supabase.co:5432/postgres
[2026-07-16T01:40:05.041Z] node: [2026-07-16T01:40:05.040Z] 🎯 Host: db.engqdeyzbvnmxbnpemau.supabase.co
[2026-07-16T01:40:05.042Z] node: [2026-07-16T01:40:05.041Z] 🎯 Port: 5432
[2026-07-16T01:40:05.042Z] node: [2026-07-16T01:40:05.042Z] 🎯 Database: postgres
[2026-07-16T01:40:05.043Z] node: [2026-07-16T01:40:05.042Z] 🎯 Schema: public
[2026-07-16T01:40:05.492Z] node: [2026-07-16T01:40:05.491Z] 🔌 Connected to target PostgreSQL successfully.
[2026-07-16T01:40:09.238Z] node: [2026-07-16T01:40:09.237Z] 📊 Existing tables: 70
[2026-07-16T01:40:09.238Z] node: [2026-07-16T01:40:09.237Z] 📦 Existing rows: 23133
[2026-07-16T01:40:09.342Z] node: [2026-07-16T01:40:09.239Z] 🔎 Product: 1737
[2026-07-16T01:40:09.344Z] node: [2026-07-16T01:40:09.239Z] 🔎 BranchPrice: 1735
[2026-07-16T01:40:09.345Z] node: [2026-07-16T01:40:09.239Z] 🔎 StockItem: 2600
[2026-07-16T01:40:09.346Z] node: [2026-07-16T01:40:09.240Z] 🔎 Sale: 20
[2026-07-16T01:40:09.535Z] node: [2026-07-16T01:40:09.240Z] 🔎 SaleItem: 78
[2026-07-16T01:40:09.537Z] node: [2026-07-16T01:40:09.240Z] 🔎 SaleItemSimple: 0
[2026-07-16T01:40:09.538Z] node: [2026-07-16T01:40:09.240Z] 🔎 Payment: 10
[2026-07-16T01:40:09.539Z] node: [2026-07-16T01:40:09.241Z] 🔎 PaymentItem: 10
[2026-07-16T01:40:09.906Z] node: [2026-07-16T01:40:09.905Z] 🧨 Resetting target schema "public" before restore...
[2026-07-16T01:40:09.908Z] node: [2026-07-16T01:40:09.905Z] 🛡️ This action is intended for Recovery / Standby DB only.
[2026-07-16T01:40:10.533Z] node: [2026-07-16T01:40:10.532Z] ✅ Schema "public" reset completed.
[2026-07-16T01:40:10.571Z] node: [2026-07-16T01:40:10.570Z] 🧱 Running Prisma db push against Recovery DB only...
[2026-07-16T01:40:10.572Z] node: [2026-07-16T01:40:10.571Z] 🛡️ DATABASE_URL is injected from RESTORE_DATABASE_URL/RECOVERY_DATABASE_URL for this process only.
[2026-07-16T01:40:16.654Z] node: [2026-07-16T01:40:16.653Z] npx stderr: Environment variables loaded from .env
[2026-07-16T01:40:16.656Z] node: [2026-07-16T01:40:16.655Z] npx: Prisma schema loaded from prisma\schema.prisma
[2026-07-16T01:40:16.669Z] node: [2026-07-16T01:40:16.668Z] npx: Datasource "db": PostgreSQL database "postgres", schema "public" at "db.engqdeyzbvnmxbnpemau.supabase.co:5432"
[2026-07-16T01:40:33.859Z] node: [2026-07-16T01:40:33.859Z] npx: Your database is now in sync with your Prisma schema. Done in 16.59s
[2026-07-16T01:40:33.864Z] node: [2026-07-16T01:40:33.863Z] npx: Running generate... (Use --skip-generate to skip the generators)
[2026-07-16T01:40:35.727Z] node: [2026-07-16T01:40:35.726Z] npx: [2K[1A[2K[GRunning generate... - Prisma Client
[2026-07-16T01:40:37.748Z] node: [2026-07-16T01:40:37.747Z] npx: [2K[1A[2K[G✔ Generated Prisma Client (v6.16.2) to .\node_modules\.prisma\client in 2.02s
[2026-07-16T01:40:37.815Z] node: [2026-07-16T01:40:37.814Z] ✅ Prisma db push completed for Recovery DB.
[2026-07-16T01:40:42.305Z] node: [2026-07-16T01:40:42.249Z] 📊 Existing tables: 70
[2026-07-16T01:40:42.307Z] node: [2026-07-16T01:40:42.250Z] 📦 Existing rows: 0
[2026-07-16T01:40:42.470Z] node: [2026-07-16T01:40:42.250Z] 🔎 Product: 0
[2026-07-16T01:40:42.498Z] node: [2026-07-16T01:40:42.250Z] 🔎 BranchPrice: 0
[2026-07-16T01:40:42.505Z] node: [2026-07-16T01:40:42.250Z] 🔎 StockItem: 0
[2026-07-16T01:40:42.513Z] node: [2026-07-16T01:40:42.250Z] 🔎 Sale: 0
[2026-07-16T01:40:42.516Z] node: [2026-07-16T01:40:42.251Z] 🔎 SaleItem: 0
[2026-07-16T01:40:42.516Z] node: [2026-07-16T01:40:42.251Z] 🔎 SaleItemSimple: 0
[2026-07-16T01:40:42.517Z] node: [2026-07-16T01:40:42.251Z] 🔎 Payment: 0
[2026-07-16T01:40:42.520Z] node: [2026-07-16T01:40:42.251Z] 🔎 PaymentItem: 0
[2026-07-16T01:40:42.571Z] node: [2026-07-16T01:40:42.570Z] 📖 SQL loaded into memory (7.91 MB).
[2026-07-16T01:40:42.578Z] node: [2026-07-16T01:40:42.572Z] 🚚 Starting SQL restore via Node.js pg client...
[2026-07-16T01:40:47.755Z] node: [2026-07-16T01:40:47.754Z] ✅ SQL restore completed via Node.js pg client.
[2026-07-16T01:40:50.643Z] node: [2026-07-16T01:40:50.642Z] ✅ Restore verification PASS (70 tables checked).
[2026-07-16T01:40:50.643Z] node: [2026-07-16T01:40:50.642Z] 🎉 Restore completed successfully in 45.65 seconds.
[2026-07-16T01:40:50.659Z] ▶️  Run: node recovery/verify/qbv.js
[2026-07-16T01:40:51.062Z] node: [2026-07-16T01:40:51.060Z] ============================================================
[2026-07-16T01:40:51.074Z] node: [2026-07-16T01:40:51.073Z] 🔎 AlphaTech Integrity Verification ALPHATECH-RECOVERY-VERIFY-V1
[2026-07-16T01:40:51.075Z] node: [2026-07-16T01:40:51.074Z] ============================================================
[2026-07-16T01:40:51.075Z] node: [2026-07-16T01:40:51.074Z] Collecting Production snapshot...
[2026-07-16T01:41:02.621Z] node: [2026-07-16T01:41:02.620Z] Collecting Recovery snapshot...
[2026-07-16T01:41:12.913Z] node: [2026-07-16T01:41:12.912Z] Comparing snapshots...
[2026-07-16T01:41:12.919Z] node: [2026-07-16T01:41:12.918Z] 🧾 JSON report: D:\alpha-tech\server\recovery\reports\verification-report_2026-07-16T01-41-12-916Z.json
[2026-07-16T01:41:12.920Z] node: [2026-07-16T01:41:12.919Z] 🧾 TXT report: D:\alpha-tech\server\recovery\reports\verification-report_2026-07-16T01-41-12-916Z.txt
[2026-07-16T01:41:12.920Z] node: [2026-07-16T01:41:12.919Z] ✅ Overall: FAIL
[2026-07-16T01:41:12.943Z] 🧾 Job manifest: D:\alpha-tech\server\recovery\jobs\job-2026-07-16T01-39-48-761Z.json
[2026-07-16T01:41:12.944Z] ❌ Job result: FAIL exitCode=40
