[2026-07-14T13:39:48.976Z] ============================================================
[2026-07-14T13:39:48.993Z] 🧭 AlphaTech Recovery Retention Workflow ALPHATECH-RECOVERY-JOB-RUNNER-V7-R2-RETENTION
[2026-07-14T13:39:48.996Z] ============================================================
[2026-07-14T13:39:49.001Z] Mode: backup-workflow
[2026-07-14T13:39:49.009Z] ▶️  Run: node recovery/health/healthCheck.js
[2026-07-14T13:39:49.244Z] node: [2026-07-14T13:39:49.242Z] ============================================================
[2026-07-14T13:39:49.246Z] node: [2026-07-14T13:39:49.246Z] 🩺 AlphaTech Recovery Health Check ALPHATECH-RECOVERY-HEALTH-CHECK-V1
[2026-07-14T13:39:49.248Z] node: [2026-07-14T13:39:49.247Z] ============================================================
[2026-07-14T13:39:50.213Z] node: [2026-07-14T13:39:50.213Z] 🧾 JSON report: D:\alpha-tech\server\recovery\reports\health-check-2026-07-14T13-39-50-206Z.json
[2026-07-14T13:39:50.214Z] node: [2026-07-14T13:39:50.214Z] 🧾 TXT report: D:\alpha-tech\server\recovery\reports\health-check-2026-07-14T13-39-50-206Z.txt
[2026-07-14T13:39:50.214Z] node: [2026-07-14T13:39:50.215Z] ✅ Overall: PASS
[2026-07-14T13:39:50.299Z] ▶️  Run: node qb.js
[2026-07-14T13:39:50.759Z] node: 🔌 Connected to PostgreSQL successfully.
[2026-07-14T13:39:50.763Z] node: ⏳ Starting P1 Hardened Backup v6 Type-aware + generic self-reference FK safe restore...
[2026-07-14T13:39:54.840Z] node: 📦 Exporting table: Bank
[2026-07-14T13:39:54.880Z] node: 📦 Exporting table: Brand
[2026-07-14T13:39:54.924Z] node: 📦 Exporting table: Category
[2026-07-14T13:39:54.961Z] node: 📦 Exporting table: GlobalProductType
[2026-07-14T13:39:54.999Z] node: 📦 Exporting table: Position
[2026-07-14T13:39:55.036Z] node: 📦 Exporting table: Province
[2026-07-14T13:39:55.073Z] node: 📦 Exporting table: District
[2026-07-14T13:39:55.155Z] node: 📦 Exporting table: Subdistrict
[2026-07-14T13:39:55.357Z] node: 📦 Exporting table: Branch
[2026-07-14T13:39:55.399Z] node: 📦 Exporting table: BarcodeCounter
[2026-07-14T13:39:55.436Z] node: 📦 Exporting table: PaymentCodeCounter
[2026-07-14T13:39:55.473Z] node: 📦 Exporting table: ProductType
[2026-07-14T13:39:55.514Z] node: 📦 Exporting table: ProductTypeBrand
[2026-07-14T13:39:55.558Z] node: 📦 Exporting table: Supplier
[2026-07-14T13:39:55.597Z] node: 📦 Exporting table: Unit
[2026-07-14T13:39:55.638Z] node: 📦 Exporting table: Product
[2026-07-14T13:39:55.745Z] node: 📦 Exporting table: BranchPrice
[2026-07-14T13:39:55.828Z] node: 📦 Exporting table: ProductImage
[2026-07-14T13:39:55.864Z] node: 📦 Exporting table: StockBalance
[2026-07-14T13:39:55.923Z] node: 📦 Exporting table: User
[2026-07-14T13:39:55.969Z] node: 📦 Exporting table: CustomerProfile
[2026-07-14T13:39:56.014Z] node: 📦 Exporting table: Cart
[2026-07-14T13:39:56.051Z] node: 📦 Exporting table: CartItem
[2026-07-14T13:39:56.088Z] node: 📦 Exporting table: EmployeeProfile
[2026-07-14T13:39:56.126Z] node: 📦 Exporting table: CombinedBillingDocument
[2026-07-14T13:39:56.163Z] node: 📦 Exporting table: CombinedSaleDocument
[2026-07-14T13:39:56.200Z] node: 📦 Exporting table: CustomerDeposit
[2026-07-14T13:39:56.239Z] node: 📦 Exporting table: CustomerReceipts
[2026-07-14T13:39:56.276Z] node: 📦 Exporting table: InputTaxFilingBatch
[2026-07-14T13:39:56.313Z] node: 📦 Exporting table: Order
[2026-07-14T13:39:56.350Z] node: 📦 Exporting table: OrderOnline
[2026-07-14T13:39:56.389Z] node: 📦 Exporting table: OrderOnlineItem
[2026-07-14T13:39:56.427Z] node: 📦 Exporting table: PasswordResetToken
[2026-07-14T13:39:56.464Z] node: 📦 Exporting table: ProductOnOrder
[2026-07-14T13:39:56.504Z] node: 📦 Exporting table: PurchaseOrder
[2026-07-14T13:39:56.541Z] node: 📦 Exporting table: PurchaseOrderItem
[2026-07-14T13:39:56.580Z] node: 📦 Exporting table: PurchaseOrderReceipt
[2026-07-14T13:39:56.617Z] node: 📦 Exporting table: InputTaxFilingItem
[2026-07-14T13:39:56.656Z] node: 📦 Exporting table: PurchaseOrderReceiptItem
[2026-07-14T13:39:56.693Z] node: 📦 Exporting table: RefreshToken
[2026-07-14T13:39:56.937Z] node: 📦 Exporting table: Sale
[2026-07-14T13:39:56.975Z] node: 📦 Exporting table: CustomerReceiptAllocations
[2026-07-14T13:39:57.012Z] node: 📦 Exporting table: Payment
[2026-07-14T13:39:57.050Z] node: 📦 Exporting table: DepositUsage
[2026-07-14T13:39:57.086Z] node: 📦 Exporting table: PaymentItem
[2026-07-14T13:39:57.125Z] node: 📦 Exporting table: SaleReturn
[2026-07-14T13:39:57.162Z] node: 📦 Exporting table: RefundTransaction
[2026-07-14T13:39:57.199Z] node: 📦 Exporting table: SalesTaxFilingBatch
[2026-07-14T13:39:57.238Z] node: 📦 Exporting table: SalesTaxFilingItem
[2026-07-14T13:39:57.274Z] node: 📦 Exporting table: ServiceOrder
[2026-07-14T13:39:57.312Z] node: 📦 Exporting table: ServiceItem
[2026-07-14T13:39:57.349Z] node: 📦 Exporting table: SimpleLot
[2026-07-14T13:39:57.386Z] node: 📦 Exporting table: SaleItemSimple
[2026-07-14T13:39:57.426Z] node: 📦 Exporting table: SaleReturnItemSimple
[2026-07-14T13:39:57.464Z] node: 📦 Exporting table: StockAuditSession
[2026-07-14T13:39:57.503Z] node: 📦 Exporting table: StockItem
[2026-07-14T13:39:57.643Z] node: 📦 Exporting table: BarcodeReceiptItem
[2026-07-14T13:39:57.687Z] node: 📦 Exporting table: RepairJob
[2026-07-14T13:39:57.725Z] node: 📦 Exporting table: RepairPartItem
[2026-07-14T13:39:57.763Z] node: 📦 Exporting table: SaleItem
[2026-07-14T13:39:57.801Z] node: 📦 Exporting table: SaleReturnItem
[2026-07-14T13:39:57.838Z] node: 📦 Exporting table: StockAuditScanLog
[2026-07-14T13:39:57.877Z] node: 📦 Exporting table: StockAuditSnapshotItem
[2026-07-14T13:39:57.928Z] node: 📦 Exporting table: StockMovement
[2026-07-14T13:39:57.984Z] node: 📦 Exporting table: SupplierPayment
[2026-07-14T13:39:58.021Z] node: 📦 Exporting table: SupplierPaymentReceipt
[2026-07-14T13:39:58.059Z] node: 📦 Exporting table: V2CustomerDeposit
[2026-07-14T13:39:58.096Z] node: 📦 Exporting table: V2StockAudit
[2026-07-14T13:39:58.133Z] node: 📦 Exporting table: V2StockAuditItem
[2026-07-14T13:39:58.170Z] node: 📦 Exporting table: WarrantyClaim
[2026-07-14T13:40:00.826Z] node: 🎉 P1 Hardened Backup v6 Type-aware + generic self-reference FK safe restore completed successfully.
[2026-07-14T13:40:00.828Z] node: 💾 Backup file: D:\alpha-tech\server\backups\alphatech_hardened_backup_v6_2026-07-14_2026-07-14T13-39-54-760Z.sql
[2026-07-14T13:40:00.829Z] node: 🧾 Manifest file: D:\alpha-tech\server\backups\alphatech_hardened_backup_v6_2026-07-14_2026-07-14T13-39-54-760Z.manifest.json
[2026-07-14T13:40:00.830Z] node: 📊 Tables exported: 70
[2026-07-14T13:40:00.832Z] node: 📦 Rows exported: 22278
[2026-07-14T13:40:00.836Z] node: 🔢 Sequences prepared: 67
[2026-07-14T13:40:00.837Z] node: 🔐 SHA256: 054ea0cf61cd8e45b6aa59e732c85438c3ef3dbb5e54dfd6a2f73695c69f642b
[2026-07-14T13:40:00.846Z] node: 📐 File size: 7.53 MB
[2026-07-14T13:40:00.848Z] node: ⏱️ Duration: 7.79 seconds
[2026-07-14T13:40:00.850Z] node: ✅ Verification: PASS (70 tables checked)
[2026-07-14T13:40:00.907Z] ▶️  Run: node recovery/upload/uploadBackup.js --manifest D:\alpha-tech\server\backups\alphatech_hardened_backup_v6_2026-07-14_2026-07-14T13-39-54-760Z.manifest.json
[2026-07-14T13:40:00.991Z] node: [2026-07-14T13:40:00.986Z] ============================================================
[2026-07-14T13:40:00.996Z] node: [2026-07-14T13:40:00.996Z] AlphaTech Recovery Upload ALPHATECH-RECOVERY-UPLOAD-V2-S3-COMPATIBLE
[2026-07-14T13:40:01.002Z] node: [2026-07-14T13:40:00.999Z] ============================================================
[2026-07-14T13:40:01.234Z] node stderr: (node:17280) Warning: NodeVersionSupportWarning: The AWS SDK for JavaScript (v3)
[2026-07-14T13:40:01.236Z] node stderr: versions published after the first week of January 2027
[2026-07-14T13:40:01.245Z] node stderr: will require node >=22. You are running node v20.19.0.
[2026-07-14T13:40:01.248Z] node stderr: To continue receiving updates to AWS services, bug fixes,
[2026-07-14T13:40:01.253Z] node stderr: and security updates please upgrade to node >=22.
[2026-07-14T13:40:01.261Z] node stderr: More information can be found at: https://a.co/c895JFp
[2026-07-14T13:40:01.281Z] node stderr: (Use `node --trace-warnings ...` to show where the warning was created)
[2026-07-14T13:40:03.899Z] node: [2026-07-14T13:40:03.898Z] JSON report: D:\alpha-tech\server\recovery\reports\upload-report-2026-07-14T13-40-03-891Z.json
[2026-07-14T13:40:03.900Z] node: [2026-07-14T13:40:03.900Z] TXT report: D:\alpha-tech\server\recovery\reports\upload-report-2026-07-14T13-40-03-891Z.txt
[2026-07-14T13:40:03.908Z] node: [2026-07-14T13:40:03.901Z] Overall: PASS
[2026-07-14T13:40:04.504Z] ------------------------------------------------------------
[2026-07-14T13:40:04.506Z] Target      : cloudflare-r2
[2026-07-14T13:40:04.516Z] Bucket      : saduaksabuy-recovery
[2026-07-14T13:40:04.521Z] Prefix      : alphatech-production/
[2026-07-14T13:40:04.525Z] Retention   : 7 day(s)
[2026-07-14T13:40:04.533Z] Mode        : APPLY
[2026-07-14T13:40:04.535Z] Scanned     : 86
[2026-07-14T13:40:04.538Z] Candidates  : 0
[2026-07-14T13:40:04.541Z] Deleted     : 0
[2026-07-14T13:40:04.544Z] Remaining   : 86
[2026-07-14T13:40:04.550Z] Failed      : 0
[2026-07-14T13:40:04.552Z] ▶️  Run: node recovery/retention/retentionPolicy.js --apply
[2026-07-14T13:40:04.654Z] node: [2026-07-14T13:40:04.649Z] ============================================================
[2026-07-14T13:40:04.659Z] node: [2026-07-14T13:40:04.659Z] 🧹 AlphaTech Recovery Retention ALPHATECH-RECOVERY-RETENTION-V1
[2026-07-14T13:40:04.666Z] node: [2026-07-14T13:40:04.665Z] ============================================================
[2026-07-14T13:40:04.667Z] node: [2026-07-14T13:40:04.668Z] Mode: APPLY
[2026-07-14T13:40:04.687Z] node: [2026-07-14T13:40:04.687Z] ------------------------------------------------------------
[2026-07-14T13:40:04.695Z] node: [2026-07-14T13:40:04.694Z] Target      : local-backups
[2026-07-14T13:40:04.717Z] node: [2026-07-14T13:40:04.701Z] Directory   : D:\alpha-tech\server\backups
[2026-07-14T13:40:04.720Z] node: [2026-07-14T13:40:04.703Z] Retention   : 3 day(s)
[2026-07-14T13:40:04.721Z] node: [2026-07-14T13:40:04.704Z] Scanned     : 36
[2026-07-14T13:40:04.725Z] node: [2026-07-14T13:40:04.705Z] Candidates  : 2
[2026-07-14T13:40:04.733Z] node: [2026-07-14T13:40:04.706Z] Deleted     : 2
[2026-07-14T13:40:04.739Z] node: [2026-07-14T13:40:04.706Z] Remaining   : 34
[2026-07-14T13:40:04.751Z] node: [2026-07-14T13:40:04.707Z] Failed      : 0
[2026-07-14T13:40:04.756Z] node: [2026-07-14T13:40:04.717Z] ------------------------------------------------------------
[2026-07-14T13:40:04.760Z] node: [2026-07-14T13:40:04.721Z] Target      : offsite-local-mirror
[2026-07-14T13:40:04.767Z] node: [2026-07-14T13:40:04.723Z] Directory   : D:\alpha-tech\server\recovery\offsite
[2026-07-14T13:40:04.770Z] node: [2026-07-14T13:40:04.723Z] Retention   : 7 day(s)
[2026-07-14T13:40:04.772Z] node: [2026-07-14T13:40:04.724Z] Scanned     : 0
[2026-07-14T13:40:04.867Z] node: [2026-07-14T13:40:04.725Z] Candidates  : 0
[2026-07-14T13:40:04.875Z] node: [2026-07-14T13:40:04.727Z] Deleted     : 0
[2026-07-14T13:40:04.925Z] node: [2026-07-14T13:40:04.727Z] Remaining   : 0
[2026-07-14T13:40:04.934Z] node: [2026-07-14T13:40:04.733Z] Failed      : 0
[2026-07-14T13:40:04.936Z] node: [2026-07-14T13:40:04.755Z] 🧾 JSON report: D:\alpha-tech\server\recovery\reports\retention-report-2026-07-14T13-40-04-735Z.json
[2026-07-14T13:40:04.942Z] node: [2026-07-14T13:40:04.756Z] 🧾 TXT report: D:\alpha-tech\server\recovery\reports\retention-report-2026-07-14T13-40-04-735Z.txt
[2026-07-14T13:40:04.943Z] node: [2026-07-14T13:40:04.756Z] ✅ Overall: PASS
[2026-07-14T13:40:04.954Z] ▶️  Run: node qbrs.js --manifest D:\alpha-tech\server\backups\alphatech_hardened_backup_v6_2026-07-14_2026-07-14T13-39-54-760Z.manifest.json --init --yes --reset-schema
[2026-07-14T13:40:05.109Z] node: [2026-07-14T13:40:05.107Z] ============================================================
[2026-07-14T13:40:05.115Z] node: [2026-07-14T13:40:05.115Z] 🚑 AlphaTech Restore Tool P1-HARDENED-RESTORE-V3-NODE-PG
[2026-07-14T13:40:05.120Z] node: [2026-07-14T13:40:05.117Z] ============================================================
[2026-07-14T13:40:05.156Z] node: [2026-07-14T13:40:05.156Z] ✅ Manifest loaded.
[2026-07-14T13:40:05.159Z] node: [2026-07-14T13:40:05.157Z] ✅ SQL file: D:\alpha-tech\server\backups\alphatech_hardened_backup_v6_2026-07-14_2026-07-14T13-39-54-760Z.sql
[2026-07-14T13:40:05.167Z] node: [2026-07-14T13:40:05.157Z] ✅ SHA256 verified: 054ea0cf61cd8e45b6aa59e732c85438c3ef3dbb5e54dfd6a2f73695c69f642b
[2026-07-14T13:40:05.173Z] node: [2026-07-14T13:40:05.161Z] 🎯 Target DB: postgresql://postgres:***@db.engqdeyzbvnmxbnpemau.supabase.co:5432/postgres
[2026-07-14T13:40:05.178Z] node: [2026-07-14T13:40:05.167Z] 🎯 Host: db.engqdeyzbvnmxbnpemau.supabase.co
[2026-07-14T13:40:05.184Z] node: [2026-07-14T13:40:05.169Z] 🎯 Port: 5432
[2026-07-14T13:40:05.187Z] node: [2026-07-14T13:40:05.171Z] 🎯 Database: postgres
[2026-07-14T13:40:05.189Z] node: [2026-07-14T13:40:05.172Z] 🎯 Schema: public
[2026-07-14T13:40:05.548Z] node: [2026-07-14T13:40:05.548Z] 🔌 Connected to target PostgreSQL successfully.
[2026-07-14T13:40:08.822Z] node: [2026-07-14T13:40:08.822Z] 📊 Existing tables: 70
[2026-07-14T13:40:08.826Z] node: [2026-07-14T13:40:08.822Z] 📦 Existing rows: 22221
[2026-07-14T13:40:08.828Z] node: [2026-07-14T13:40:08.823Z] 🔎 Product: 1705
[2026-07-14T13:40:08.831Z] node: [2026-07-14T13:40:08.824Z] 🔎 BranchPrice: 1703
[2026-07-14T13:40:08.838Z] node: [2026-07-14T13:40:08.827Z] 🔎 StockItem: 2441
[2026-07-14T13:40:08.841Z] node: [2026-07-14T13:40:08.830Z] 🔎 Sale: 12
[2026-07-14T13:40:08.844Z] node: [2026-07-14T13:40:08.839Z] 🔎 SaleItem: 27
[2026-07-14T13:40:08.848Z] node: [2026-07-14T13:40:08.840Z] 🔎 SaleItemSimple: 0
[2026-07-14T13:40:08.855Z] node: [2026-07-14T13:40:08.846Z] 🔎 Payment: 6
[2026-07-14T13:40:08.858Z] node: [2026-07-14T13:40:08.846Z] 🔎 PaymentItem: 6
[2026-07-14T13:40:09.107Z] node: [2026-07-14T13:40:09.107Z] 🧨 Resetting target schema "public" before restore...
[2026-07-14T13:40:09.110Z] node: [2026-07-14T13:40:09.108Z] 🛡️ This action is intended for Recovery / Standby DB only.
[2026-07-14T13:40:09.671Z] node: [2026-07-14T13:40:09.671Z] ✅ Schema "public" reset completed.
[2026-07-14T13:40:09.705Z] node: [2026-07-14T13:40:09.705Z] 🧱 Running Prisma db push against Recovery DB only...
[2026-07-14T13:40:09.707Z] node: [2026-07-14T13:40:09.705Z] 🛡️ DATABASE_URL is injected from RESTORE_DATABASE_URL/RECOVERY_DATABASE_URL for this process only.
[2026-07-14T13:40:13.479Z] node: [2026-07-14T13:40:13.479Z] npx stderr: Environment variables loaded from .env
[2026-07-14T13:40:13.483Z] node: [2026-07-14T13:40:13.483Z] npx: Prisma schema loaded from prisma\schema.prisma
[2026-07-14T13:40:13.499Z] node: [2026-07-14T13:40:13.499Z] npx: Datasource "db": PostgreSQL database "postgres", schema "public" at "db.engqdeyzbvnmxbnpemau.supabase.co:5432"
[2026-07-14T13:40:28.997Z] node: [2026-07-14T13:40:28.997Z] npx: Your database is now in sync with your Prisma schema. Done in 14.90s
[2026-07-14T13:40:29.005Z] node: [2026-07-14T13:40:29.005Z] npx: Running generate... (Use --skip-generate to skip the generators)
[2026-07-14T13:40:30.018Z] node: [2026-07-14T13:40:30.018Z] npx: [2K[1A[2K[GRunning generate... - Prisma Client
[2026-07-14T13:40:31.193Z] node: [2026-07-14T13:40:31.193Z] npx: [2K[1A[2K[GEPERM: operation not permitted, rename 'D:\alpha-tech\server\node_modules\.prism
[2026-07-14T13:40:31.194Z] node: [2026-07-14T13:40:31.193Z] npx: a\client\query_engine-windows.dll.node.tmp31444' -> 'D:\alpha-tech\server\node_m
[2026-07-14T13:40:31.196Z] node: [2026-07-14T13:40:31.193Z] npx: odules\.prisma\client\query_engine-windows.dll.node'
[2026-07-14T13:40:31.258Z] node: [2026-07-14T13:40:31.258Z] ✅ Prisma db push completed for Recovery DB.
[2026-07-14T13:40:34.411Z] node: [2026-07-14T13:40:34.411Z] 📊 Existing tables: 70
[2026-07-14T13:40:34.412Z] node: [2026-07-14T13:40:34.411Z] 📦 Existing rows: 0
[2026-07-14T13:40:34.415Z] node: [2026-07-14T13:40:34.414Z] 🔎 Product: 0
[2026-07-14T13:40:34.419Z] node: [2026-07-14T13:40:34.414Z] 🔎 BranchPrice: 0
[2026-07-14T13:40:34.420Z] node: [2026-07-14T13:40:34.414Z] 🔎 StockItem: 0
[2026-07-14T13:40:34.421Z] node: [2026-07-14T13:40:34.415Z] 🔎 Sale: 0
[2026-07-14T13:40:34.421Z] node: [2026-07-14T13:40:34.415Z] 🔎 SaleItem: 0
[2026-07-14T13:40:34.422Z] node: [2026-07-14T13:40:34.415Z] 🔎 SaleItemSimple: 0
[2026-07-14T13:40:34.423Z] node: [2026-07-14T13:40:34.416Z] 🔎 Payment: 0
[2026-07-14T13:40:34.429Z] node: [2026-07-14T13:40:34.416Z] 🔎 PaymentItem: 0
[2026-07-14T13:40:34.505Z] node: [2026-07-14T13:40:34.505Z] 📖 SQL loaded into memory (7.53 MB).
[2026-07-14T13:40:34.509Z] node: [2026-07-14T13:40:34.506Z] 🚚 Starting SQL restore via Node.js pg client...
[2026-07-14T13:40:38.094Z] node: [2026-07-14T13:40:38.094Z] ✅ SQL restore completed via Node.js pg client.
[2026-07-14T13:40:41.294Z] node: [2026-07-14T13:40:41.294Z] ✅ Restore verification PASS (70 tables checked).
[2026-07-14T13:40:41.295Z] node: [2026-07-14T13:40:41.294Z] 🎉 Restore completed successfully in 36.19 seconds.
[2026-07-14T13:40:41.312Z] ▶️  Run: node recovery/verify/qbv.js
[2026-07-14T13:40:41.464Z] node: [2026-07-14T13:40:41.462Z] ============================================================
[2026-07-14T13:40:41.470Z] node: [2026-07-14T13:40:41.470Z] 🔎 AlphaTech Integrity Verification ALPHATECH-RECOVERY-VERIFY-V1
[2026-07-14T13:40:41.472Z] node: [2026-07-14T13:40:41.472Z] ============================================================
[2026-07-14T13:40:41.473Z] node: [2026-07-14T13:40:41.473Z] Collecting Production snapshot...
[2026-07-14T13:40:53.415Z] node: [2026-07-14T13:40:53.415Z] Collecting Recovery snapshot...
[2026-07-14T13:41:04.368Z] node: [2026-07-14T13:41:04.368Z] Comparing snapshots...
[2026-07-14T13:41:04.392Z] node: [2026-07-14T13:41:04.392Z] 🧾 JSON report: D:\alpha-tech\server\recovery\reports\verification-report_2026-07-14T13-41-04-375Z.json
[2026-07-14T13:41:04.394Z] node: [2026-07-14T13:41:04.393Z] 🧾 TXT report: D:\alpha-tech\server\recovery\reports\verification-report_2026-07-14T13-41-04-375Z.txt
[2026-07-14T13:41:04.395Z] node: [2026-07-14T13:41:04.394Z] ✅ Overall: PASS
[2026-07-14T13:41:04.429Z] 🧾 Job manifest: D:\alpha-tech\server\recovery\jobs\job-2026-07-14T13-39-48-969Z.json
[2026-07-14T13:41:04.431Z] ✅ Job result: PASS exitCode=0
