[2026-07-06T21:34:23.860Z] ============================================================
[2026-07-06T21:34:23.867Z] 🧭 AlphaTech Recovery Retention Workflow ALPHATECH-RECOVERY-JOB-RUNNER-V5-RETENTION
[2026-07-06T21:34:23.867Z] ============================================================
[2026-07-06T21:34:23.868Z] Mode: backup-workflow
[2026-07-06T21:34:23.869Z] ▶️  Run: node recovery/health/healthCheck.js
[2026-07-06T21:34:24.016Z] node: [2026-07-06T21:34:24.013Z] ============================================================
[2026-07-06T21:34:24.017Z] node: [2026-07-06T21:34:24.017Z] 🩺 AlphaTech Recovery Health Check ALPHATECH-RECOVERY-HEALTH-CHECK-V1
[2026-07-06T21:34:24.018Z] node: [2026-07-06T21:34:24.017Z] ============================================================
[2026-07-06T21:34:24.837Z] node: [2026-07-06T21:34:24.835Z] 🧾 JSON report: D:\alpha-tech\server\recovery\reports\health-check-2026-07-06T21-34-24-833Z.json
[2026-07-06T21:34:24.838Z] node: [2026-07-06T21:34:24.836Z] 🧾 TXT report: D:\alpha-tech\server\recovery\reports\health-check-2026-07-06T21-34-24-833Z.txt
[2026-07-06T21:34:24.838Z] node: [2026-07-06T21:34:24.837Z] ✅ Overall: PASS
[2026-07-06T21:34:24.858Z] ▶️  Run: node qb.js
[2026-07-06T21:34:25.291Z] node: 🔌 Connected to PostgreSQL successfully.
[2026-07-06T21:34:25.296Z] node: ⏳ Starting P1 Hardened Backup v6 Type-aware + generic self-reference FK safe restore...
[2026-07-06T21:34:28.729Z] node: 📦 Exporting table: Bank
[2026-07-06T21:34:28.766Z] node: 📦 Exporting table: Brand
[2026-07-06T21:34:28.807Z] node: 📦 Exporting table: Category
[2026-07-06T21:34:28.841Z] node: 📦 Exporting table: GlobalProductType
[2026-07-06T21:34:28.876Z] node: 📦 Exporting table: Position
[2026-07-06T21:34:28.911Z] node: 📦 Exporting table: Province
[2026-07-06T21:34:28.946Z] node: 📦 Exporting table: District
[2026-07-06T21:34:29.000Z] node: 📦 Exporting table: Subdistrict
[2026-07-06T21:34:29.166Z] node: 📦 Exporting table: Branch
[2026-07-06T21:34:29.201Z] node: 📦 Exporting table: BarcodeCounter
[2026-07-06T21:34:29.236Z] node: 📦 Exporting table: PaymentCodeCounter
[2026-07-06T21:34:29.270Z] node: 📦 Exporting table: ProductType
[2026-07-06T21:34:29.307Z] node: 📦 Exporting table: ProductTypeBrand
[2026-07-06T21:34:29.345Z] node: 📦 Exporting table: Supplier
[2026-07-06T21:34:29.379Z] node: 📦 Exporting table: Unit
[2026-07-06T21:34:29.414Z] node: 📦 Exporting table: Product
[2026-07-06T21:34:29.489Z] node: 📦 Exporting table: BranchPrice
[2026-07-06T21:34:29.548Z] node: 📦 Exporting table: ProductImage
[2026-07-06T21:34:29.582Z] node: 📦 Exporting table: StockBalance
[2026-07-06T21:34:29.619Z] node: 📦 Exporting table: User
[2026-07-06T21:34:29.662Z] node: 📦 Exporting table: CustomerProfile
[2026-07-06T21:34:29.704Z] node: 📦 Exporting table: Cart
[2026-07-06T21:34:29.738Z] node: 📦 Exporting table: CartItem
[2026-07-06T21:34:29.773Z] node: 📦 Exporting table: EmployeeProfile
[2026-07-06T21:34:29.808Z] node: 📦 Exporting table: CombinedBillingDocument
[2026-07-06T21:34:29.842Z] node: 📦 Exporting table: CombinedSaleDocument
[2026-07-06T21:34:29.876Z] node: 📦 Exporting table: CustomerDeposit
[2026-07-06T21:34:29.910Z] node: 📦 Exporting table: CustomerReceipts
[2026-07-06T21:34:29.945Z] node: 📦 Exporting table: InputTaxFilingBatch
[2026-07-06T21:34:29.979Z] node: 📦 Exporting table: Order
[2026-07-06T21:34:30.013Z] node: 📦 Exporting table: OrderOnline
[2026-07-06T21:34:30.048Z] node: 📦 Exporting table: OrderOnlineItem
[2026-07-06T21:34:30.083Z] node: 📦 Exporting table: PasswordResetToken
[2026-07-06T21:34:30.118Z] node: 📦 Exporting table: ProductOnOrder
[2026-07-06T21:34:30.152Z] node: 📦 Exporting table: PurchaseOrder
[2026-07-06T21:34:30.186Z] node: 📦 Exporting table: PurchaseOrderItem
[2026-07-06T21:34:30.221Z] node: 📦 Exporting table: PurchaseOrderReceipt
[2026-07-06T21:34:30.256Z] node: 📦 Exporting table: InputTaxFilingItem
[2026-07-06T21:34:30.290Z] node: 📦 Exporting table: PurchaseOrderReceiptItem
[2026-07-06T21:34:30.325Z] node: 📦 Exporting table: RefreshToken
[2026-07-06T21:34:30.491Z] node: 📦 Exporting table: Sale
[2026-07-06T21:34:30.527Z] node: 📦 Exporting table: CustomerReceiptAllocations
[2026-07-06T21:34:30.562Z] node: 📦 Exporting table: Payment
[2026-07-06T21:34:30.596Z] node: 📦 Exporting table: DepositUsage
[2026-07-06T21:34:30.631Z] node: 📦 Exporting table: PaymentItem
[2026-07-06T21:34:30.917Z] node: 📦 Exporting table: SaleReturn
[2026-07-06T21:34:30.917Z] node: 📦 Exporting table: RefundTransaction
[2026-07-06T21:34:30.918Z] node: 📦 Exporting table: SalesTaxFilingBatch
[2026-07-06T21:34:30.918Z] node: 📦 Exporting table: SalesTaxFilingItem
[2026-07-06T21:34:30.919Z] node: 📦 Exporting table: ServiceOrder
[2026-07-06T21:34:30.919Z] node: 📦 Exporting table: ServiceItem
[2026-07-06T21:34:30.920Z] node: 📦 Exporting table: SimpleLot
[2026-07-06T21:34:30.920Z] node: 📦 Exporting table: SaleItemSimple
[2026-07-06T21:34:30.937Z] node: 📦 Exporting table: SaleReturnItemSimple
[2026-07-06T21:34:30.972Z] node: 📦 Exporting table: StockAuditSession
[2026-07-06T21:34:31.006Z] node: 📦 Exporting table: StockItem
[2026-07-06T21:34:31.057Z] node: 📦 Exporting table: BarcodeReceiptItem
[2026-07-06T21:34:31.092Z] node: 📦 Exporting table: RepairJob
[2026-07-06T21:34:31.126Z] node: 📦 Exporting table: RepairPartItem
[2026-07-06T21:34:31.162Z] node: 📦 Exporting table: SaleItem
[2026-07-06T21:34:31.196Z] node: 📦 Exporting table: SaleReturnItem
[2026-07-06T21:34:31.231Z] node: 📦 Exporting table: StockAuditScanLog
[2026-07-06T21:34:31.265Z] node: 📦 Exporting table: StockAuditSnapshotItem
[2026-07-06T21:34:31.299Z] node: 📦 Exporting table: StockMovement
[2026-07-06T21:34:31.337Z] node: 📦 Exporting table: SupplierPayment
[2026-07-06T21:34:31.371Z] node: 📦 Exporting table: SupplierPaymentReceipt
[2026-07-06T21:34:31.406Z] node: 📦 Exporting table: V2CustomerDeposit
[2026-07-06T21:34:31.440Z] node: 📦 Exporting table: V2StockAudit
[2026-07-06T21:34:31.475Z] node: 📦 Exporting table: V2StockAuditItem
[2026-07-06T21:34:31.509Z] node: 📦 Exporting table: WarrantyClaim
[2026-07-06T21:34:33.948Z] node: 🎉 P1 Hardened Backup v6 Type-aware + generic self-reference FK safe restore completed successfully.
[2026-07-06T21:34:33.950Z] node: 💾 Backup file: D:\alpha-tech\server\backups\alphatech_hardened_backup_v6_2026-07-06_2026-07-06T21-34-28-703Z.sql
[2026-07-06T21:34:33.951Z] node: 🧾 Manifest file: D:\alpha-tech\server\backups\alphatech_hardened_backup_v6_2026-07-06_2026-07-06T21-34-28-703Z.manifest.json
[2026-07-06T21:34:33.969Z] node: 📊 Tables exported: 70
[2026-07-06T21:34:33.971Z] node: 📦 Rows exported: 15102
[2026-07-06T21:34:33.972Z] node: 🔢 Sequences prepared: 67
[2026-07-06T21:34:33.973Z] node: 🔐 SHA256: e37b0fbcf132256e18895865600a57be95f3ab3e5c296b4b8abcdeaf8f2a438b
[2026-07-06T21:34:33.974Z] node: 📐 File size: 4.40 MB
[2026-07-06T21:34:33.975Z] node: ⏱️ Duration: 6.55 seconds
[2026-07-06T21:34:33.975Z] node: ✅ Verification: PASS (70 tables checked)
[2026-07-06T21:34:34.009Z] ▶️  Run: node recovery/upload/uploadBackup.js --manifest D:\alpha-tech\server\backups\alphatech_hardened_backup_v6_2026-07-06_2026-07-06T21-34-28-703Z.manifest.json
[2026-07-06T21:34:34.091Z] node: [2026-07-06T21:34:34.085Z] ============================================================
[2026-07-06T21:34:34.094Z] node: [2026-07-06T21:34:34.093Z] AlphaTech Recovery Upload ALPHATECH-RECOVERY-UPLOAD-V2-S3-COMPATIBLE
[2026-07-06T21:34:34.095Z] node: [2026-07-06T21:34:34.095Z] ============================================================
[2026-07-06T21:34:34.262Z] node stderr: (node:9028) Warning: NodeVersionSupportWarning: The AWS SDK for JavaScript (v3)
[2026-07-06T21:34:34.263Z] node stderr: versions published after the first week of January 2027
[2026-07-06T21:34:34.263Z] node stderr: will require node >=22. You are running node v20.19.0.
[2026-07-06T21:34:34.265Z] node stderr: To continue receiving updates to AWS services, bug fixes,
[2026-07-06T21:34:34.266Z] node stderr: and security updates please upgrade to node >=22.
[2026-07-06T21:34:34.267Z] node stderr: More information can be found at: https://a.co/c895JFp
[2026-07-06T21:34:34.277Z] node stderr: (Use `node --trace-warnings ...` to show where the warning was created)
[2026-07-06T21:34:35.853Z] node: [2026-07-06T21:34:35.851Z] JSON report: D:\alpha-tech\server\recovery\reports\upload-report-2026-07-06T21-34-35-850Z.json
[2026-07-06T21:34:35.854Z] node: [2026-07-06T21:34:35.853Z] TXT report: D:\alpha-tech\server\recovery\reports\upload-report-2026-07-06T21-34-35-850Z.txt
[2026-07-06T21:34:35.855Z] node: [2026-07-06T21:34:35.853Z] Overall: PASS
[2026-07-06T21:34:35.870Z] ▶️  Run: node recovery/retention/retentionPolicy.js --dry-run
[2026-07-06T21:34:36.131Z] node: [2026-07-06T21:34:36.126Z] ============================================================
[2026-07-06T21:34:36.134Z] node: [2026-07-06T21:34:36.134Z] 🧹 AlphaTech Recovery Retention ALPHATECH-RECOVERY-RETENTION-V1
[2026-07-06T21:34:36.136Z] node: [2026-07-06T21:34:36.135Z] ============================================================
[2026-07-06T21:34:36.137Z] node: [2026-07-06T21:34:36.136Z] Mode: DRY_RUN
[2026-07-06T21:34:36.155Z] node: [2026-07-06T21:34:36.153Z] 🧾 JSON report: D:\alpha-tech\server\recovery\reports\retention-report-2026-07-06T21-34-36-144Z.json
[2026-07-06T21:34:36.156Z] node: [2026-07-06T21:34:36.155Z] 🧾 TXT report: D:\alpha-tech\server\recovery\reports\retention-report-2026-07-06T21-34-36-144Z.txt
[2026-07-06T21:34:36.158Z] node: [2026-07-06T21:34:36.156Z] ✅ Overall: PASS
[2026-07-06T21:34:36.407Z] 🧾 Job manifest: D:\alpha-tech\server\recovery\jobs\job-2026-07-06T21-34-23-858Z.json
[2026-07-06T21:34:36.409Z] ✅ Job result: PASS exitCode=0
