[2026-07-07T13:39:48.749Z] ============================================================
[2026-07-07T13:39:48.755Z] 🧭 AlphaTech Recovery Retention Workflow ALPHATECH-RECOVERY-JOB-RUNNER-V7-R2-RETENTION
[2026-07-07T13:39:48.755Z] ============================================================
[2026-07-07T13:39:48.756Z] Mode: backup-workflow
[2026-07-07T13:39:48.756Z] ▶️  Run: node recovery/health/healthCheck.js
[2026-07-07T13:39:48.966Z] node: [2026-07-07T13:39:48.963Z] ============================================================
[2026-07-07T13:39:48.967Z] node: [2026-07-07T13:39:48.966Z] 🩺 AlphaTech Recovery Health Check ALPHATECH-RECOVERY-HEALTH-CHECK-V1
[2026-07-07T13:39:48.967Z] node: [2026-07-07T13:39:48.967Z] ============================================================
[2026-07-07T13:39:49.822Z] node: [2026-07-07T13:39:49.821Z] 🧾 JSON report: D:\alpha-tech\server\recovery\reports\health-check-2026-07-07T13-39-49-820Z.json
[2026-07-07T13:39:49.823Z] node: [2026-07-07T13:39:49.822Z] 🧾 TXT report: D:\alpha-tech\server\recovery\reports\health-check-2026-07-07T13-39-49-820Z.txt
[2026-07-07T13:39:49.823Z] node: [2026-07-07T13:39:49.822Z] ✅ Overall: PASS
[2026-07-07T13:39:49.843Z] ▶️  Run: node qb.js
[2026-07-07T13:39:50.273Z] node: 🔌 Connected to PostgreSQL successfully.
[2026-07-07T13:39:50.274Z] node: ⏳ Starting P1 Hardened Backup v6 Type-aware + generic self-reference FK safe restore...
[2026-07-07T13:39:53.547Z] node: 📦 Exporting table: Bank
[2026-07-07T13:39:53.586Z] node: 📦 Exporting table: Brand
[2026-07-07T13:39:53.630Z] node: 📦 Exporting table: Category
[2026-07-07T13:39:53.666Z] node: 📦 Exporting table: GlobalProductType
[2026-07-07T13:39:53.702Z] node: 📦 Exporting table: Position
[2026-07-07T13:39:53.739Z] node: 📦 Exporting table: Province
[2026-07-07T13:39:53.776Z] node: 📦 Exporting table: District
[2026-07-07T13:39:53.836Z] node: 📦 Exporting table: Subdistrict
[2026-07-07T13:39:54.037Z] node: 📦 Exporting table: Branch
[2026-07-07T13:39:54.075Z] node: 📦 Exporting table: BarcodeCounter
[2026-07-07T13:39:54.111Z] node: 📦 Exporting table: PaymentCodeCounter
[2026-07-07T13:39:54.147Z] node: 📦 Exporting table: ProductType
[2026-07-07T13:39:54.187Z] node: 📦 Exporting table: ProductTypeBrand
[2026-07-07T13:39:54.227Z] node: 📦 Exporting table: Supplier
[2026-07-07T13:39:54.263Z] node: 📦 Exporting table: Unit
[2026-07-07T13:39:54.299Z] node: 📦 Exporting table: Product
[2026-07-07T13:39:54.375Z] node: 📦 Exporting table: BranchPrice
[2026-07-07T13:39:54.434Z] node: 📦 Exporting table: ProductImage
[2026-07-07T13:39:54.471Z] node: 📦 Exporting table: StockBalance
[2026-07-07T13:39:54.510Z] node: 📦 Exporting table: User
[2026-07-07T13:39:54.554Z] node: 📦 Exporting table: CustomerProfile
[2026-07-07T13:39:54.599Z] node: 📦 Exporting table: Cart
[2026-07-07T13:39:54.635Z] node: 📦 Exporting table: CartItem
[2026-07-07T13:39:54.671Z] node: 📦 Exporting table: EmployeeProfile
[2026-07-07T13:39:54.707Z] node: 📦 Exporting table: CombinedBillingDocument
[2026-07-07T13:39:54.745Z] node: 📦 Exporting table: CombinedSaleDocument
[2026-07-07T13:39:54.782Z] node: 📦 Exporting table: CustomerDeposit
[2026-07-07T13:39:54.818Z] node: 📦 Exporting table: CustomerReceipts
[2026-07-07T13:39:54.856Z] node: 📦 Exporting table: InputTaxFilingBatch
[2026-07-07T13:39:54.892Z] node: 📦 Exporting table: Order
[2026-07-07T13:39:54.928Z] node: 📦 Exporting table: OrderOnline
[2026-07-07T13:39:54.964Z] node: 📦 Exporting table: OrderOnlineItem
[2026-07-07T13:39:55.000Z] node: 📦 Exporting table: PasswordResetToken
[2026-07-07T13:39:55.037Z] node: 📦 Exporting table: ProductOnOrder
[2026-07-07T13:39:55.073Z] node: 📦 Exporting table: PurchaseOrder
[2026-07-07T13:39:55.109Z] node: 📦 Exporting table: PurchaseOrderItem
[2026-07-07T13:39:55.145Z] node: 📦 Exporting table: PurchaseOrderReceipt
[2026-07-07T13:39:55.182Z] node: 📦 Exporting table: InputTaxFilingItem
[2026-07-07T13:39:55.218Z] node: 📦 Exporting table: PurchaseOrderReceiptItem
[2026-07-07T13:39:55.254Z] node: 📦 Exporting table: RefreshToken
[2026-07-07T13:39:55.463Z] node: 📦 Exporting table: Sale
[2026-07-07T13:39:55.500Z] node: 📦 Exporting table: CustomerReceiptAllocations
[2026-07-07T13:39:55.536Z] node: 📦 Exporting table: Payment
[2026-07-07T13:39:55.573Z] node: 📦 Exporting table: DepositUsage
[2026-07-07T13:39:55.609Z] node: 📦 Exporting table: PaymentItem
[2026-07-07T13:39:55.645Z] node: 📦 Exporting table: SaleReturn
[2026-07-07T13:39:55.682Z] node: 📦 Exporting table: RefundTransaction
[2026-07-07T13:39:55.719Z] node: 📦 Exporting table: SalesTaxFilingBatch
[2026-07-07T13:39:55.755Z] node: 📦 Exporting table: SalesTaxFilingItem
[2026-07-07T13:39:55.791Z] node: 📦 Exporting table: ServiceOrder
[2026-07-07T13:39:55.827Z] node: 📦 Exporting table: ServiceItem
[2026-07-07T13:39:55.863Z] node: 📦 Exporting table: SimpleLot
[2026-07-07T13:39:55.899Z] node: 📦 Exporting table: SaleItemSimple
[2026-07-07T13:39:55.935Z] node: 📦 Exporting table: SaleReturnItemSimple
[2026-07-07T13:39:55.971Z] node: 📦 Exporting table: StockAuditSession
[2026-07-07T13:39:56.007Z] node: 📦 Exporting table: StockItem
[2026-07-07T13:39:56.072Z] node: 📦 Exporting table: BarcodeReceiptItem
[2026-07-07T13:39:56.108Z] node: 📦 Exporting table: RepairJob
[2026-07-07T13:39:56.145Z] node: 📦 Exporting table: RepairPartItem
[2026-07-07T13:39:56.181Z] node: 📦 Exporting table: SaleItem
[2026-07-07T13:39:56.217Z] node: 📦 Exporting table: SaleReturnItem
[2026-07-07T13:39:56.253Z] node: 📦 Exporting table: StockAuditScanLog
[2026-07-07T13:39:56.289Z] node: 📦 Exporting table: StockAuditSnapshotItem
[2026-07-07T13:39:56.325Z] node: 📦 Exporting table: StockMovement
[2026-07-07T13:39:56.364Z] node: 📦 Exporting table: SupplierPayment
[2026-07-07T13:39:56.400Z] node: 📦 Exporting table: SupplierPaymentReceipt
[2026-07-07T13:39:56.436Z] node: 📦 Exporting table: V2CustomerDeposit
[2026-07-07T13:39:56.472Z] node: 📦 Exporting table: V2StockAudit
[2026-07-07T13:39:56.509Z] node: 📦 Exporting table: V2StockAuditItem
[2026-07-07T13:39:56.545Z] node: 📦 Exporting table: WarrantyClaim
[2026-07-07T13:39:59.122Z] node: 🎉 P1 Hardened Backup v6 Type-aware + generic self-reference FK safe restore completed successfully.
[2026-07-07T13:39:59.123Z] node: 💾 Backup file: D:\alpha-tech\server\backups\alphatech_hardened_backup_v6_2026-07-07_2026-07-07T13-39-53-519Z.sql
[2026-07-07T13:39:59.124Z] node: 🧾 Manifest file: D:\alpha-tech\server\backups\alphatech_hardened_backup_v6_2026-07-07_2026-07-07T13-39-53-519Z.manifest.json
[2026-07-07T13:39:59.124Z] node: 📊 Tables exported: 70
[2026-07-07T13:39:59.125Z] node: 📦 Rows exported: 15333
[2026-07-07T13:39:59.125Z] node: 🔢 Sequences prepared: 67
[2026-07-07T13:39:59.126Z] node: 🔐 SHA256: 5af88cea3b64f93999c82a65bbc60592f7c3a277bc5ae26247fada8203d9b83e
[2026-07-07T13:39:59.127Z] node: 📐 File size: 4.51 MB
[2026-07-07T13:39:59.128Z] node: ⏱️ Duration: 6.62 seconds
[2026-07-07T13:39:59.128Z] node: ✅ Verification: PASS (70 tables checked)
[2026-07-07T13:39:59.184Z] ▶️  Run: node recovery/upload/uploadBackup.js --manifest D:\alpha-tech\server\backups\alphatech_hardened_backup_v6_2026-07-07_2026-07-07T13-39-53-519Z.manifest.json
[2026-07-07T13:39:59.261Z] node: [2026-07-07T13:39:59.256Z] ============================================================
[2026-07-07T13:39:59.263Z] node: [2026-07-07T13:39:59.262Z] AlphaTech Recovery Upload ALPHATECH-RECOVERY-UPLOAD-V2-S3-COMPATIBLE
[2026-07-07T13:39:59.264Z] node: [2026-07-07T13:39:59.263Z] ============================================================
[2026-07-07T13:39:59.494Z] node stderr: (node:10248) Warning: NodeVersionSupportWarning: The AWS SDK for JavaScript (v3)
[2026-07-07T13:39:59.495Z] node stderr: versions published after the first week of January 2027
[2026-07-07T13:39:59.496Z] node stderr: will require node >=22. You are running node v20.19.0.
[2026-07-07T13:39:59.497Z] node stderr: To continue receiving updates to AWS services, bug fixes,
[2026-07-07T13:39:59.498Z] node stderr: and security updates please upgrade to node >=22.
[2026-07-07T13:39:59.498Z] node stderr: More information can be found at: https://a.co/c895JFp
[2026-07-07T13:39:59.499Z] node stderr: (Use `node --trace-warnings ...` to show where the warning was created)
[2026-07-07T13:40:01.127Z] node: [2026-07-07T13:40:01.127Z] JSON report: D:\alpha-tech\server\recovery\reports\upload-report-2026-07-07T13-40-01-118Z.json
[2026-07-07T13:40:01.127Z] node: [2026-07-07T13:40:01.127Z] TXT report: D:\alpha-tech\server\recovery\reports\upload-report-2026-07-07T13-40-01-118Z.txt
[2026-07-07T13:40:01.129Z] node: [2026-07-07T13:40:01.127Z] Overall: PASS
[2026-07-07T13:40:01.588Z] ------------------------------------------------------------
[2026-07-07T13:40:01.588Z] Target      : cloudflare-r2
[2026-07-07T13:40:01.589Z] Bucket      : saduaksabuy-recovery
[2026-07-07T13:40:01.590Z] Prefix      : alphatech-production/
[2026-07-07T13:40:01.590Z] Retention   : 7 day(s)
[2026-07-07T13:40:01.591Z] Mode        : APPLY
[2026-07-07T13:40:01.591Z] Scanned     : 16
[2026-07-07T13:40:01.591Z] Candidates  : 0
[2026-07-07T13:40:01.592Z] Deleted     : 0
[2026-07-07T13:40:01.592Z] Remaining   : 16
[2026-07-07T13:40:01.592Z] Failed      : 0
[2026-07-07T13:40:01.593Z] ▶️  Run: node recovery/retention/retentionPolicy.js --apply
[2026-07-07T13:40:01.673Z] node: [2026-07-07T13:40:01.667Z] ============================================================
[2026-07-07T13:40:01.675Z] node: [2026-07-07T13:40:01.674Z] 🧹 AlphaTech Recovery Retention ALPHATECH-RECOVERY-RETENTION-V1
[2026-07-07T13:40:01.675Z] node: [2026-07-07T13:40:01.674Z] ============================================================
[2026-07-07T13:40:01.676Z] node: [2026-07-07T13:40:01.675Z] Mode: APPLY
[2026-07-07T13:40:01.684Z] node: [2026-07-07T13:40:01.683Z] ------------------------------------------------------------
[2026-07-07T13:40:01.685Z] node: [2026-07-07T13:40:01.684Z] Target      : local-backups
[2026-07-07T13:40:01.685Z] node: [2026-07-07T13:40:01.684Z] Directory   : D:\alpha-tech\server\backups
[2026-07-07T13:40:01.686Z] node: [2026-07-07T13:40:01.685Z] Retention   : 3 day(s)
[2026-07-07T13:40:01.686Z] node: [2026-07-07T13:40:01.685Z] Scanned     : 32
[2026-07-07T13:40:01.687Z] node: [2026-07-07T13:40:01.686Z] Candidates  : 0
[2026-07-07T13:40:01.687Z] node: [2026-07-07T13:40:01.686Z] Deleted     : 0
[2026-07-07T13:40:01.688Z] node: [2026-07-07T13:40:01.687Z] Remaining   : 32
[2026-07-07T13:40:01.688Z] node: [2026-07-07T13:40:01.687Z] Failed      : 0
[2026-07-07T13:40:01.688Z] node: [2026-07-07T13:40:01.688Z] ------------------------------------------------------------
[2026-07-07T13:40:01.689Z] node: [2026-07-07T13:40:01.688Z] Target      : offsite-local-mirror
[2026-07-07T13:40:01.689Z] node: [2026-07-07T13:40:01.688Z] Directory   : D:\alpha-tech\server\recovery\offsite
[2026-07-07T13:40:01.690Z] node: [2026-07-07T13:40:01.689Z] Retention   : 7 day(s)
[2026-07-07T13:40:01.690Z] node: [2026-07-07T13:40:01.689Z] Scanned     : 12
[2026-07-07T13:40:01.692Z] node: [2026-07-07T13:40:01.690Z] Candidates  : 0
[2026-07-07T13:40:01.692Z] node: [2026-07-07T13:40:01.690Z] Deleted     : 0
[2026-07-07T13:40:01.692Z] node: [2026-07-07T13:40:01.690Z] Remaining   : 12
[2026-07-07T13:40:01.693Z] node: [2026-07-07T13:40:01.690Z] Failed      : 0
[2026-07-07T13:40:01.694Z] node: [2026-07-07T13:40:01.693Z] 🧾 JSON report: D:\alpha-tech\server\recovery\reports\retention-report-2026-07-07T13-40-01-691Z.json
[2026-07-07T13:40:01.694Z] node: [2026-07-07T13:40:01.693Z] 🧾 TXT report: D:\alpha-tech\server\recovery\reports\retention-report-2026-07-07T13-40-01-691Z.txt
[2026-07-07T13:40:01.694Z] node: [2026-07-07T13:40:01.693Z] ✅ Overall: PASS
[2026-07-07T13:40:01.705Z] ▶️  Run: node qbrs.js --manifest D:\alpha-tech\server\backups\alphatech_hardened_backup_v6_2026-07-07_2026-07-07T13-39-53-519Z.manifest.json --init --yes --reset-schema
[2026-07-07T13:40:01.856Z] node: [2026-07-07T13:40:01.854Z] ============================================================
[2026-07-07T13:40:01.857Z] node: [2026-07-07T13:40:01.857Z] 🚑 AlphaTech Restore Tool P1-HARDENED-RESTORE-V3-NODE-PG
[2026-07-07T13:40:01.858Z] node: [2026-07-07T13:40:01.857Z] ============================================================
[2026-07-07T13:40:01.879Z] node: [2026-07-07T13:40:01.879Z] ✅ Manifest loaded.
[2026-07-07T13:40:01.880Z] node: [2026-07-07T13:40:01.879Z] ✅ SQL file: D:\alpha-tech\server\backups\alphatech_hardened_backup_v6_2026-07-07_2026-07-07T13-39-53-519Z.sql
[2026-07-07T13:40:01.880Z] node: [2026-07-07T13:40:01.880Z] ✅ SHA256 verified: 5af88cea3b64f93999c82a65bbc60592f7c3a277bc5ae26247fada8203d9b83e
[2026-07-07T13:40:01.881Z] node: [2026-07-07T13:40:01.881Z] 🎯 Target DB: postgresql://postgres:***@db.engqdeyzbvnmxbnpemau.supabase.co:5432/postgres
[2026-07-07T13:40:01.883Z] node: [2026-07-07T13:40:01.882Z] 🎯 Host: db.engqdeyzbvnmxbnpemau.supabase.co
[2026-07-07T13:40:01.883Z] node: [2026-07-07T13:40:01.883Z] 🎯 Port: 5432
[2026-07-07T13:40:01.884Z] node: [2026-07-07T13:40:01.884Z] 🎯 Database: postgres
[2026-07-07T13:40:01.885Z] node: [2026-07-07T13:40:01.884Z] 🎯 Schema: public
[2026-07-07T13:40:02.263Z] node: [2026-07-07T13:40:02.263Z] 🔌 Connected to target PostgreSQL successfully.
[2026-07-07T13:40:05.601Z] node: [2026-07-07T13:40:05.601Z] 📊 Existing tables: 70
[2026-07-07T13:40:05.602Z] node: [2026-07-07T13:40:05.602Z] 📦 Existing rows: 15250
[2026-07-07T13:40:05.606Z] node: [2026-07-07T13:40:05.603Z] 🔎 Product: 927
[2026-07-07T13:40:05.606Z] node: [2026-07-07T13:40:05.603Z] 🔎 BranchPrice: 925
[2026-07-07T13:40:05.607Z] node: [2026-07-07T13:40:05.603Z] 🔎 StockItem: 528
[2026-07-07T13:40:05.608Z] node: [2026-07-07T13:40:05.604Z] 🔎 Sale: 1
[2026-07-07T13:40:05.608Z] node: [2026-07-07T13:40:05.604Z] 🔎 SaleItem: 1
[2026-07-07T13:40:05.609Z] node: [2026-07-07T13:40:05.604Z] 🔎 SaleItemSimple: 0
[2026-07-07T13:40:05.609Z] node: [2026-07-07T13:40:05.605Z] 🔎 Payment: 1
[2026-07-07T13:40:05.609Z] node: [2026-07-07T13:40:05.606Z] 🔎 PaymentItem: 1
[2026-07-07T13:40:05.864Z] node: [2026-07-07T13:40:05.864Z] 🧨 Resetting target schema "public" before restore...
[2026-07-07T13:40:05.865Z] node: [2026-07-07T13:40:05.864Z] 🛡️ This action is intended for Recovery / Standby DB only.
[2026-07-07T13:40:06.413Z] node: [2026-07-07T13:40:06.413Z] ✅ Schema "public" reset completed.
[2026-07-07T13:40:06.449Z] node: [2026-07-07T13:40:06.449Z] 🧱 Running Prisma db push against Recovery DB only...
[2026-07-07T13:40:06.450Z] node: [2026-07-07T13:40:06.449Z] 🛡️ DATABASE_URL is injected from RESTORE_DATABASE_URL/RECOVERY_DATABASE_URL for this process only.
[2026-07-07T13:40:09.482Z] node: [2026-07-07T13:40:09.482Z] npx stderr: Environment variables loaded from .env
[2026-07-07T13:40:09.484Z] node: [2026-07-07T13:40:09.484Z] npx: Prisma schema loaded from prisma\schema.prisma
[2026-07-07T13:40:09.499Z] node: [2026-07-07T13:40:09.498Z] npx: Datasource "db": PostgreSQL database "postgres", schema "public" at "db.engqdeyzbvnmxbnpemau.supabase.co:5432"
[2026-07-07T13:40:25.642Z] node: [2026-07-07T13:40:25.641Z] npx: Your database is now in sync with your Prisma schema. Done in 15.56s
[2026-07-07T13:40:25.644Z] node: [2026-07-07T13:40:25.643Z] npx: Running generate... (Use --skip-generate to skip the generators)
[2026-07-07T13:40:26.587Z] node: [2026-07-07T13:40:26.586Z] npx: [2K[1A[2K[GRunning generate... - Prisma Client
[2026-07-07T13:40:27.821Z] node: [2026-07-07T13:40:27.820Z] npx: [2K[1A[2K[G✔ Generated Prisma Client (v6.16.2) to .\node_modules\.prisma\client in 1.22s
[2026-07-07T13:40:27.877Z] node: [2026-07-07T13:40:27.877Z] ✅ Prisma db push completed for Recovery DB.
[2026-07-07T13:40:31.036Z] node: [2026-07-07T13:40:31.036Z] 📊 Existing tables: 70
[2026-07-07T13:40:31.037Z] node: [2026-07-07T13:40:31.036Z] 📦 Existing rows: 0
[2026-07-07T13:40:31.038Z] node: [2026-07-07T13:40:31.037Z] 🔎 Product: 0
[2026-07-07T13:40:31.038Z] node: [2026-07-07T13:40:31.037Z] 🔎 BranchPrice: 0
[2026-07-07T13:40:31.038Z] node: [2026-07-07T13:40:31.037Z] 🔎 StockItem: 0
[2026-07-07T13:40:31.039Z] node: [2026-07-07T13:40:31.037Z] 🔎 Sale: 0
[2026-07-07T13:40:31.039Z] node: [2026-07-07T13:40:31.037Z] 🔎 SaleItem: 0
[2026-07-07T13:40:31.040Z] node: [2026-07-07T13:40:31.038Z] 🔎 SaleItemSimple: 0
[2026-07-07T13:40:31.040Z] node: [2026-07-07T13:40:31.038Z] 🔎 Payment: 0
[2026-07-07T13:40:31.041Z] node: [2026-07-07T13:40:31.038Z] 🔎 PaymentItem: 0
[2026-07-07T13:40:31.088Z] node: [2026-07-07T13:40:31.087Z] 📖 SQL loaded into memory (4.51 MB).
[2026-07-07T13:40:31.088Z] node: [2026-07-07T13:40:31.088Z] 🚚 Starting SQL restore via Node.js pg client...
[2026-07-07T13:40:33.401Z] node: [2026-07-07T13:40:33.400Z] ✅ SQL restore completed via Node.js pg client.
[2026-07-07T13:40:36.161Z] node: [2026-07-07T13:40:36.161Z] ✅ Restore verification PASS (70 tables checked).
[2026-07-07T13:40:36.162Z] node: [2026-07-07T13:40:36.161Z] 🎉 Restore completed successfully in 34.31 seconds.
[2026-07-07T13:40:36.175Z] ▶️  Run: node recovery/verify/qbv.js
[2026-07-07T13:40:36.322Z] node: [2026-07-07T13:40:36.320Z] ============================================================
[2026-07-07T13:40:36.323Z] node: [2026-07-07T13:40:36.323Z] 🔎 AlphaTech Integrity Verification ALPHATECH-RECOVERY-VERIFY-V1
[2026-07-07T13:40:36.323Z] node: [2026-07-07T13:40:36.323Z] ============================================================
[2026-07-07T13:40:36.324Z] node: [2026-07-07T13:40:36.323Z] Collecting Production snapshot...
[2026-07-07T13:40:46.805Z] node: [2026-07-07T13:40:46.805Z] Collecting Recovery snapshot...
[2026-07-07T13:40:58.377Z] node: [2026-07-07T13:40:58.377Z] Comparing snapshots...
[2026-07-07T13:40:58.383Z] node: [2026-07-07T13:40:58.383Z] 🧾 JSON report: D:\alpha-tech\server\recovery\reports\verification-report_2026-07-07T13-40-58-381Z.json
[2026-07-07T13:40:58.384Z] node: [2026-07-07T13:40:58.384Z] 🧾 TXT report: D:\alpha-tech\server\recovery\reports\verification-report_2026-07-07T13-40-58-381Z.txt
[2026-07-07T13:40:58.387Z] node: [2026-07-07T13:40:58.385Z] ✅ Overall: PASS
[2026-07-07T13:40:58.407Z] 🧾 Job manifest: D:\alpha-tech\server\recovery\jobs\job-2026-07-07T13-39-48-738Z.json
[2026-07-07T13:40:58.407Z] ✅ Job result: PASS exitCode=0
