[2026-07-08T19:39:48.287Z] ============================================================
[2026-07-08T19:39:48.293Z] 🧭 AlphaTech Recovery Retention Workflow ALPHATECH-RECOVERY-JOB-RUNNER-V7-R2-RETENTION
[2026-07-08T19:39:48.294Z] ============================================================
[2026-07-08T19:39:48.294Z] Mode: backup-workflow
[2026-07-08T19:39:48.295Z] ▶️  Run: node recovery/health/healthCheck.js
[2026-07-08T19:39:48.456Z] node: [2026-07-08T19:39:48.453Z] ============================================================
[2026-07-08T19:39:48.458Z] node: [2026-07-08T19:39:48.458Z] 🩺 AlphaTech Recovery Health Check ALPHATECH-RECOVERY-HEALTH-CHECK-V1
[2026-07-08T19:39:48.459Z] node: [2026-07-08T19:39:48.458Z] ============================================================
[2026-07-08T19:39:49.504Z] node: [2026-07-08T19:39:49.503Z] 🧾 JSON report: D:\alpha-tech\server\recovery\reports\health-check-2026-07-08T19-39-49-502Z.json
[2026-07-08T19:39:49.505Z] node: [2026-07-08T19:39:49.504Z] 🧾 TXT report: D:\alpha-tech\server\recovery\reports\health-check-2026-07-08T19-39-49-502Z.txt
[2026-07-08T19:39:49.505Z] node: [2026-07-08T19:39:49.504Z] ✅ Overall: PASS
[2026-07-08T19:39:49.517Z] ▶️  Run: node qb.js
[2026-07-08T19:39:49.942Z] node: 🔌 Connected to PostgreSQL successfully.
[2026-07-08T19:39:49.951Z] node: ⏳ Starting P1 Hardened Backup v6 Type-aware + generic self-reference FK safe restore...
[2026-07-08T19:39:53.250Z] node: 📦 Exporting table: Bank
[2026-07-08T19:39:53.286Z] node: 📦 Exporting table: Brand
[2026-07-08T19:39:53.327Z] node: 📦 Exporting table: Category
[2026-07-08T19:39:53.361Z] node: 📦 Exporting table: GlobalProductType
[2026-07-08T19:39:53.395Z] node: 📦 Exporting table: Position
[2026-07-08T19:39:53.430Z] node: 📦 Exporting table: Province
[2026-07-08T19:39:53.465Z] node: 📦 Exporting table: District
[2026-07-08T19:39:53.544Z] node: 📦 Exporting table: Subdistrict
[2026-07-08T19:39:53.726Z] node: 📦 Exporting table: Branch
[2026-07-08T19:39:53.762Z] node: 📦 Exporting table: BarcodeCounter
[2026-07-08T19:39:53.796Z] node: 📦 Exporting table: PaymentCodeCounter
[2026-07-08T19:39:53.831Z] node: 📦 Exporting table: ProductType
[2026-07-08T19:39:53.870Z] node: 📦 Exporting table: ProductTypeBrand
[2026-07-08T19:39:53.906Z] node: 📦 Exporting table: Supplier
[2026-07-08T19:39:53.940Z] node: 📦 Exporting table: Unit
[2026-07-08T19:39:53.974Z] node: 📦 Exporting table: Product
[2026-07-08T19:39:54.046Z] node: 📦 Exporting table: BranchPrice
[2026-07-08T19:39:54.108Z] node: 📦 Exporting table: ProductImage
[2026-07-08T19:39:54.142Z] node: 📦 Exporting table: StockBalance
[2026-07-08T19:39:54.179Z] node: 📦 Exporting table: User
[2026-07-08T19:39:54.218Z] node: 📦 Exporting table: CustomerProfile
[2026-07-08T19:39:54.259Z] node: 📦 Exporting table: Cart
[2026-07-08T19:39:54.293Z] node: 📦 Exporting table: CartItem
[2026-07-08T19:39:54.326Z] node: 📦 Exporting table: EmployeeProfile
[2026-07-08T19:39:54.360Z] node: 📦 Exporting table: CombinedBillingDocument
[2026-07-08T19:39:54.394Z] node: 📦 Exporting table: CombinedSaleDocument
[2026-07-08T19:39:54.429Z] node: 📦 Exporting table: CustomerDeposit
[2026-07-08T19:39:54.463Z] node: 📦 Exporting table: CustomerReceipts
[2026-07-08T19:39:54.497Z] node: 📦 Exporting table: InputTaxFilingBatch
[2026-07-08T19:39:54.531Z] node: 📦 Exporting table: Order
[2026-07-08T19:39:54.565Z] node: 📦 Exporting table: OrderOnline
[2026-07-08T19:39:54.599Z] node: 📦 Exporting table: OrderOnlineItem
[2026-07-08T19:39:54.633Z] node: 📦 Exporting table: PasswordResetToken
[2026-07-08T19:39:54.667Z] node: 📦 Exporting table: ProductOnOrder
[2026-07-08T19:39:54.702Z] node: 📦 Exporting table: PurchaseOrder
[2026-07-08T19:39:54.736Z] node: 📦 Exporting table: PurchaseOrderItem
[2026-07-08T19:39:54.770Z] node: 📦 Exporting table: PurchaseOrderReceipt
[2026-07-08T19:39:54.804Z] node: 📦 Exporting table: InputTaxFilingItem
[2026-07-08T19:39:54.838Z] node: 📦 Exporting table: PurchaseOrderReceiptItem
[2026-07-08T19:39:54.871Z] node: 📦 Exporting table: RefreshToken
[2026-07-08T19:39:55.068Z] node: 📦 Exporting table: Sale
[2026-07-08T19:39:55.103Z] node: 📦 Exporting table: CustomerReceiptAllocations
[2026-07-08T19:39:55.137Z] node: 📦 Exporting table: Payment
[2026-07-08T19:39:55.171Z] node: 📦 Exporting table: DepositUsage
[2026-07-08T19:39:55.205Z] node: 📦 Exporting table: PaymentItem
[2026-07-08T19:39:55.239Z] node: 📦 Exporting table: SaleReturn
[2026-07-08T19:39:55.274Z] node: 📦 Exporting table: RefundTransaction
[2026-07-08T19:39:55.308Z] node: 📦 Exporting table: SalesTaxFilingBatch
[2026-07-08T19:39:55.342Z] node: 📦 Exporting table: SalesTaxFilingItem
[2026-07-08T19:39:55.376Z] node: 📦 Exporting table: ServiceOrder
[2026-07-08T19:39:55.410Z] node: 📦 Exporting table: ServiceItem
[2026-07-08T19:39:55.444Z] node: 📦 Exporting table: SimpleLot
[2026-07-08T19:39:55.478Z] node: 📦 Exporting table: SaleItemSimple
[2026-07-08T19:39:55.512Z] node: 📦 Exporting table: SaleReturnItemSimple
[2026-07-08T19:39:55.546Z] node: 📦 Exporting table: StockAuditSession
[2026-07-08T19:39:55.580Z] node: 📦 Exporting table: StockItem
[2026-07-08T19:39:55.638Z] node: 📦 Exporting table: BarcodeReceiptItem
[2026-07-08T19:39:55.672Z] node: 📦 Exporting table: RepairJob
[2026-07-08T19:39:55.707Z] node: 📦 Exporting table: RepairPartItem
[2026-07-08T19:39:55.741Z] node: 📦 Exporting table: SaleItem
[2026-07-08T19:39:55.775Z] node: 📦 Exporting table: SaleReturnItem
[2026-07-08T19:39:55.810Z] node: 📦 Exporting table: StockAuditScanLog
[2026-07-08T19:39:55.843Z] node: 📦 Exporting table: StockAuditSnapshotItem
[2026-07-08T19:39:55.877Z] node: 📦 Exporting table: StockMovement
[2026-07-08T19:39:55.914Z] node: 📦 Exporting table: SupplierPayment
[2026-07-08T19:39:55.948Z] node: 📦 Exporting table: SupplierPaymentReceipt
[2026-07-08T19:39:55.982Z] node: 📦 Exporting table: V2CustomerDeposit
[2026-07-08T19:39:56.017Z] node: 📦 Exporting table: V2StockAudit
[2026-07-08T19:39:56.051Z] node: 📦 Exporting table: V2StockAuditItem
[2026-07-08T19:39:56.085Z] node: 📦 Exporting table: WarrantyClaim
[2026-07-08T19:39:58.531Z] node: 🎉 P1 Hardened Backup v6 Type-aware + generic self-reference FK safe restore completed successfully.
[2026-07-08T19:39:58.539Z] node: 💾 Backup file: D:\alpha-tech\server\backups\alphatech_hardened_backup_v6_2026-07-08_2026-07-08T19-39-53-158Z.sql
[2026-07-08T19:39:58.539Z] node: 🧾 Manifest file: D:\alpha-tech\server\backups\alphatech_hardened_backup_v6_2026-07-08_2026-07-08T19-39-53-158Z.manifest.json
[2026-07-08T19:39:58.545Z] node: 📊 Tables exported: 70
[2026-07-08T19:39:58.546Z] node: 📦 Rows exported: 15403
[2026-07-08T19:39:58.546Z] node: 🔢 Sequences prepared: 67
[2026-07-08T19:39:58.546Z] node: 🔐 SHA256: a22992f2ba4292dd00c86d6377aa7760e8065bd4ee27e9f7bf229e210148443b
[2026-07-08T19:39:58.546Z] node: 📐 File size: 4.54 MB
[2026-07-08T19:39:58.547Z] node: ⏱️ Duration: 6.48 seconds
[2026-07-08T19:39:58.547Z] node: ✅ Verification: PASS (70 tables checked)
[2026-07-08T19:39:58.599Z] ▶️  Run: node recovery/upload/uploadBackup.js --manifest D:\alpha-tech\server\backups\alphatech_hardened_backup_v6_2026-07-08_2026-07-08T19-39-53-158Z.manifest.json
[2026-07-08T19:39:58.698Z] node: [2026-07-08T19:39:58.692Z] ============================================================
[2026-07-08T19:39:58.700Z] node: [2026-07-08T19:39:58.700Z] AlphaTech Recovery Upload ALPHATECH-RECOVERY-UPLOAD-V2-S3-COMPATIBLE
[2026-07-08T19:39:58.984Z] node stderr: (node:12352) Warning: NodeVersionSupportWarning: The AWS SDK for JavaScript (v3)
[2026-07-08T19:39:58.984Z] node stderr: versions published after the first week of January 2027
[2026-07-08T19:39:58.984Z] node stderr: will require node >=22. You are running node v20.19.0.
[2026-07-08T19:39:58.985Z] node stderr: To continue receiving updates to AWS services, bug fixes,
[2026-07-08T19:39:58.985Z] node stderr: and security updates please upgrade to node >=22.
[2026-07-08T19:39:58.985Z] node stderr: More information can be found at: https://a.co/c895JFp
[2026-07-08T19:39:58.986Z] node stderr: (Use `node --trace-warnings ...` to show where the warning was created)
[2026-07-08T19:39:58.986Z] node: [2026-07-08T19:39:58.700Z] ============================================================
[2026-07-08T19:40:00.592Z] node: [2026-07-08T19:40:00.592Z] JSON report: D:\alpha-tech\server\recovery\reports\upload-report-2026-07-08T19-40-00-591Z.json
[2026-07-08T19:40:00.593Z] node: [2026-07-08T19:40:00.593Z] TXT report: D:\alpha-tech\server\recovery\reports\upload-report-2026-07-08T19-40-00-591Z.txt
[2026-07-08T19:40:00.605Z] node: [2026-07-08T19:40:00.593Z] Overall: PASS
[2026-07-08T19:40:01.054Z] ------------------------------------------------------------
[2026-07-08T19:40:01.056Z] Target      : cloudflare-r2
[2026-07-08T19:40:01.056Z] Bucket      : saduaksabuy-recovery
[2026-07-08T19:40:01.057Z] Prefix      : alphatech-production/
[2026-07-08T19:40:01.057Z] Retention   : 7 day(s)
[2026-07-08T19:40:01.057Z] Mode        : APPLY
[2026-07-08T19:40:01.058Z] Scanned     : 34
[2026-07-08T19:40:01.058Z] Candidates  : 0
[2026-07-08T19:40:01.058Z] Deleted     : 0
[2026-07-08T19:40:01.059Z] Remaining   : 34
[2026-07-08T19:40:01.059Z] Failed      : 0
[2026-07-08T19:40:01.060Z] ▶️  Run: node recovery/retention/retentionPolicy.js --apply
[2026-07-08T19:40:01.151Z] node: [2026-07-08T19:40:01.146Z] ============================================================
[2026-07-08T19:40:01.153Z] node: [2026-07-08T19:40:01.153Z] 🧹 AlphaTech Recovery Retention ALPHATECH-RECOVERY-RETENTION-V1
[2026-07-08T19:40:01.154Z] node: [2026-07-08T19:40:01.154Z] ============================================================
[2026-07-08T19:40:01.154Z] node: [2026-07-08T19:40:01.154Z] Mode: APPLY
[2026-07-08T19:40:01.162Z] node: [2026-07-08T19:40:01.163Z] ------------------------------------------------------------
[2026-07-08T19:40:01.163Z] node: [2026-07-08T19:40:01.163Z] Target      : local-backups
[2026-07-08T19:40:01.163Z] node: [2026-07-08T19:40:01.163Z] Directory   : D:\alpha-tech\server\backups
[2026-07-08T19:40:01.163Z] node: [2026-07-08T19:40:01.163Z] Retention   : 3 day(s)
[2026-07-08T19:40:01.164Z] node: [2026-07-08T19:40:01.164Z] Scanned     : 50
[2026-07-08T19:40:01.164Z] node: [2026-07-08T19:40:01.164Z] Candidates  : 0
[2026-07-08T19:40:01.164Z] node: [2026-07-08T19:40:01.164Z] Deleted     : 0
[2026-07-08T19:40:01.164Z] node: [2026-07-08T19:40:01.164Z] Remaining   : 50
[2026-07-08T19:40:01.165Z] node: [2026-07-08T19:40:01.165Z] Failed      : 0
[2026-07-08T19:40:01.165Z] node: [2026-07-08T19:40:01.165Z] ------------------------------------------------------------
[2026-07-08T19:40:01.165Z] node: [2026-07-08T19:40:01.165Z] Target      : offsite-local-mirror
[2026-07-08T19:40:01.165Z] node: [2026-07-08T19:40:01.165Z] Directory   : D:\alpha-tech\server\recovery\offsite
[2026-07-08T19:40:01.166Z] node: [2026-07-08T19:40:01.165Z] Retention   : 7 day(s)
[2026-07-08T19:40:01.166Z] node: [2026-07-08T19:40:01.166Z] Scanned     : 12
[2026-07-08T19:40:01.166Z] node: [2026-07-08T19:40:01.166Z] Candidates  : 0
[2026-07-08T19:40:01.166Z] node: [2026-07-08T19:40:01.166Z] Deleted     : 0
[2026-07-08T19:40:01.167Z] node: [2026-07-08T19:40:01.166Z] Remaining   : 12
[2026-07-08T19:40:01.167Z] node: [2026-07-08T19:40:01.166Z] Failed      : 0
[2026-07-08T19:40:01.168Z] node: [2026-07-08T19:40:01.168Z] 🧾 JSON report: D:\alpha-tech\server\recovery\reports\retention-report-2026-07-08T19-40-01-167Z.json
[2026-07-08T19:40:01.169Z] node: [2026-07-08T19:40:01.169Z] 🧾 TXT report: D:\alpha-tech\server\recovery\reports\retention-report-2026-07-08T19-40-01-167Z.txt
[2026-07-08T19:40:01.169Z] node: [2026-07-08T19:40:01.169Z] ✅ Overall: PASS
[2026-07-08T19:40:01.180Z] ▶️  Run: node qbrs.js --manifest D:\alpha-tech\server\backups\alphatech_hardened_backup_v6_2026-07-08_2026-07-08T19-39-53-158Z.manifest.json --init --yes --reset-schema
[2026-07-08T19:40:01.337Z] node: [2026-07-08T19:40:01.335Z] ============================================================
[2026-07-08T19:40:01.339Z] node: [2026-07-08T19:40:01.338Z] 🚑 AlphaTech Restore Tool P1-HARDENED-RESTORE-V3-NODE-PG
[2026-07-08T19:40:01.339Z] node: [2026-07-08T19:40:01.338Z] ============================================================
[2026-07-08T19:40:01.360Z] node: [2026-07-08T19:40:01.360Z] ✅ Manifest loaded.
[2026-07-08T19:40:01.361Z] node: [2026-07-08T19:40:01.360Z] ✅ SQL file: D:\alpha-tech\server\backups\alphatech_hardened_backup_v6_2026-07-08_2026-07-08T19-39-53-158Z.sql
[2026-07-08T19:40:01.361Z] node: [2026-07-08T19:40:01.360Z] ✅ SHA256 verified: a22992f2ba4292dd00c86d6377aa7760e8065bd4ee27e9f7bf229e210148443b
[2026-07-08T19:40:01.362Z] node: [2026-07-08T19:40:01.361Z] 🎯 Target DB: postgresql://postgres:***@db.engqdeyzbvnmxbnpemau.supabase.co:5432/postgres
[2026-07-08T19:40:01.362Z] node: [2026-07-08T19:40:01.362Z] 🎯 Host: db.engqdeyzbvnmxbnpemau.supabase.co
[2026-07-08T19:40:01.363Z] node: [2026-07-08T19:40:01.362Z] 🎯 Port: 5432
[2026-07-08T19:40:01.363Z] node: [2026-07-08T19:40:01.362Z] 🎯 Database: postgres
[2026-07-08T19:40:01.363Z] node: [2026-07-08T19:40:01.363Z] 🎯 Schema: public
[2026-07-08T19:40:01.716Z] node: [2026-07-08T19:40:01.715Z] 🔌 Connected to target PostgreSQL successfully.
[2026-07-08T19:40:04.920Z] node: [2026-07-08T19:40:04.920Z] 📊 Existing tables: 70
[2026-07-08T19:40:04.921Z] node: [2026-07-08T19:40:04.920Z] 📦 Existing rows: 15403
[2026-07-08T19:40:04.922Z] node: [2026-07-08T19:40:04.921Z] 🔎 Product: 930
[2026-07-08T19:40:04.922Z] node: [2026-07-08T19:40:04.921Z] 🔎 BranchPrice: 928
[2026-07-08T19:40:04.922Z] node: [2026-07-08T19:40:04.921Z] 🔎 StockItem: 530
[2026-07-08T19:40:04.923Z] node: [2026-07-08T19:40:04.921Z] 🔎 Sale: 1
[2026-07-08T19:40:04.923Z] node: [2026-07-08T19:40:04.921Z] 🔎 SaleItem: 1
[2026-07-08T19:40:04.924Z] node: [2026-07-08T19:40:04.921Z] 🔎 SaleItemSimple: 0
[2026-07-08T19:40:04.924Z] node: [2026-07-08T19:40:04.922Z] 🔎 Payment: 1
[2026-07-08T19:40:04.924Z] node: [2026-07-08T19:40:04.922Z] 🔎 PaymentItem: 1
[2026-07-08T19:40:05.208Z] node: [2026-07-08T19:40:05.208Z] 🧨 Resetting target schema "public" before restore...
[2026-07-08T19:40:05.209Z] node: [2026-07-08T19:40:05.208Z] 🛡️ This action is intended for Recovery / Standby DB only.
[2026-07-08T19:40:05.764Z] node: [2026-07-08T19:40:05.763Z] ✅ Schema "public" reset completed.
[2026-07-08T19:40:05.803Z] node: [2026-07-08T19:40:05.802Z] 🧱 Running Prisma db push against Recovery DB only...
[2026-07-08T19:40:05.803Z] node: [2026-07-08T19:40:05.802Z] 🛡️ DATABASE_URL is injected from RESTORE_DATABASE_URL/RECOVERY_DATABASE_URL for this process only.
[2026-07-08T19:40:09.761Z] node: [2026-07-08T19:40:09.760Z] npx stderr: Environment variables loaded from .env
[2026-07-08T19:40:09.762Z] node: [2026-07-08T19:40:09.761Z] npx: Prisma schema loaded from prisma\schema.prisma
[2026-07-08T19:40:09.773Z] node: [2026-07-08T19:40:09.772Z] npx: Datasource "db": PostgreSQL database "postgres", schema "public" at "db.engqdeyzbvnmxbnpemau.supabase.co:5432"
[2026-07-08T19:40:25.946Z] node: [2026-07-08T19:40:25.945Z] npx: Your database is now in sync with your Prisma schema. Done in 15.61s
[2026-07-08T19:40:25.948Z] node: [2026-07-08T19:40:25.948Z] npx: Running generate... (Use --skip-generate to skip the generators)
[2026-07-08T19:40:26.866Z] node: [2026-07-08T19:40:26.865Z] npx: [2K[1A[2K[GRunning generate... - Prisma Client
[2026-07-08T19:40:28.119Z] node: [2026-07-08T19:40:28.119Z] npx: [2K[1A[2K[G✔ Generated Prisma Client (v6.16.2) to .\node_modules\.prisma\client in 1.25s
[2026-07-08T19:40:28.175Z] node: [2026-07-08T19:40:28.174Z] ✅ Prisma db push completed for Recovery DB.
[2026-07-08T19:40:31.610Z] node: [2026-07-08T19:40:31.609Z] 📊 Existing tables: 70
[2026-07-08T19:40:31.611Z] node: [2026-07-08T19:40:31.609Z] 📦 Existing rows: 0
[2026-07-08T19:40:31.613Z] node: [2026-07-08T19:40:31.610Z] 🔎 Product: 0
[2026-07-08T19:40:31.613Z] node: [2026-07-08T19:40:31.610Z] 🔎 BranchPrice: 0
[2026-07-08T19:40:31.614Z] node: [2026-07-08T19:40:31.610Z] 🔎 StockItem: 0
[2026-07-08T19:40:31.614Z] node: [2026-07-08T19:40:31.610Z] 🔎 Sale: 0
[2026-07-08T19:40:31.615Z] node: [2026-07-08T19:40:31.611Z] 🔎 SaleItem: 0
[2026-07-08T19:40:31.615Z] node: [2026-07-08T19:40:31.611Z] 🔎 SaleItemSimple: 0
[2026-07-08T19:40:31.615Z] node: [2026-07-08T19:40:31.611Z] 🔎 Payment: 0
[2026-07-08T19:40:31.616Z] node: [2026-07-08T19:40:31.611Z] 🔎 PaymentItem: 0
[2026-07-08T19:40:31.722Z] node: [2026-07-08T19:40:31.722Z] 📖 SQL loaded into memory (4.54 MB).
[2026-07-08T19:40:31.723Z] node: [2026-07-08T19:40:31.722Z] 🚚 Starting SQL restore via Node.js pg client...
[2026-07-08T19:40:34.175Z] node: [2026-07-08T19:40:34.175Z] ✅ SQL restore completed via Node.js pg client.
[2026-07-08T19:40:37.077Z] node: [2026-07-08T19:40:37.075Z] ✅ Restore verification PASS (70 tables checked).
[2026-07-08T19:40:37.078Z] node: [2026-07-08T19:40:37.077Z] 🎉 Restore completed successfully in 35.74 seconds.
[2026-07-08T19:40:37.091Z] ▶️  Run: node recovery/verify/qbv.js
[2026-07-08T19:40:37.365Z] node: [2026-07-08T19:40:37.364Z] ============================================================
[2026-07-08T19:40:37.367Z] node: [2026-07-08T19:40:37.367Z] 🔎 AlphaTech Integrity Verification ALPHATECH-RECOVERY-VERIFY-V1
[2026-07-08T19:40:37.367Z] node: [2026-07-08T19:40:37.368Z] ============================================================
[2026-07-08T19:40:37.368Z] node: [2026-07-08T19:40:37.368Z] Collecting Production snapshot...
[2026-07-08T19:40:47.638Z] node: [2026-07-08T19:40:47.638Z] Collecting Recovery snapshot...
[2026-07-08T19:40:58.071Z] node: [2026-07-08T19:40:58.071Z] Comparing snapshots...
[2026-07-08T19:40:58.077Z] node: [2026-07-08T19:40:58.077Z] 🧾 JSON report: D:\alpha-tech\server\recovery\reports\verification-report_2026-07-08T19-40-58-075Z.json
[2026-07-08T19:40:58.077Z] node: [2026-07-08T19:40:58.078Z] 🧾 TXT report: D:\alpha-tech\server\recovery\reports\verification-report_2026-07-08T19-40-58-075Z.txt
[2026-07-08T19:40:58.078Z] node: [2026-07-08T19:40:58.078Z] ✅ Overall: PASS
[2026-07-08T19:40:58.098Z] 🧾 Job manifest: D:\alpha-tech\server\recovery\jobs\job-2026-07-08T19-39-48-285Z.json
[2026-07-08T19:40:58.099Z] ✅ Job result: PASS exitCode=0
