[2026-07-13T19:39:48.378Z] ============================================================
[2026-07-13T19:39:48.384Z] 🧭 AlphaTech Recovery Retention Workflow ALPHATECH-RECOVERY-JOB-RUNNER-V7-R2-RETENTION
[2026-07-13T19:39:48.385Z] ============================================================
[2026-07-13T19:39:48.385Z] Mode: backup-workflow
[2026-07-13T19:39:48.386Z] ▶️  Run: node recovery/health/healthCheck.js
[2026-07-13T19:39:48.589Z] node: [2026-07-13T19:39:48.586Z] ============================================================
[2026-07-13T19:39:48.592Z] node: [2026-07-13T19:39:48.591Z] 🩺 AlphaTech Recovery Health Check ALPHATECH-RECOVERY-HEALTH-CHECK-V1
[2026-07-13T19:39:48.592Z] node: [2026-07-13T19:39:48.592Z] ============================================================
[2026-07-13T19:39:49.414Z] node: [2026-07-13T19:39:49.414Z] 🧾 JSON report: D:\alpha-tech\server\recovery\reports\health-check-2026-07-13T19-39-49-412Z.json
[2026-07-13T19:39:49.415Z] node: [2026-07-13T19:39:49.414Z] 🧾 TXT report: D:\alpha-tech\server\recovery\reports\health-check-2026-07-13T19-39-49-412Z.txt
[2026-07-13T19:39:49.415Z] node: [2026-07-13T19:39:49.414Z] ✅ Overall: PASS
[2026-07-13T19:39:49.428Z] ▶️  Run: node qb.js
[2026-07-13T19:39:49.882Z] node: 🔌 Connected to PostgreSQL successfully.
[2026-07-13T19:39:49.891Z] node: ⏳ Starting P1 Hardened Backup v6 Type-aware + generic self-reference FK safe restore...
[2026-07-13T19:39:53.232Z] node: 📦 Exporting table: Bank
[2026-07-13T19:39:53.271Z] node: 📦 Exporting table: Brand
[2026-07-13T19:39:53.315Z] node: 📦 Exporting table: Category
[2026-07-13T19:39:53.352Z] node: 📦 Exporting table: GlobalProductType
[2026-07-13T19:39:53.389Z] node: 📦 Exporting table: Position
[2026-07-13T19:39:53.426Z] node: 📦 Exporting table: Province
[2026-07-13T19:39:53.464Z] node: 📦 Exporting table: District
[2026-07-13T19:39:53.519Z] node: 📦 Exporting table: Subdistrict
[2026-07-13T19:39:53.723Z] node: 📦 Exporting table: Branch
[2026-07-13T19:39:53.761Z] node: 📦 Exporting table: BarcodeCounter
[2026-07-13T19:39:53.798Z] node: 📦 Exporting table: PaymentCodeCounter
[2026-07-13T19:39:53.835Z] node: 📦 Exporting table: ProductType
[2026-07-13T19:39:53.876Z] node: 📦 Exporting table: ProductTypeBrand
[2026-07-13T19:39:53.919Z] node: 📦 Exporting table: Supplier
[2026-07-13T19:39:53.957Z] node: 📦 Exporting table: Unit
[2026-07-13T19:39:53.994Z] node: 📦 Exporting table: Product
[2026-07-13T19:39:54.098Z] node: 📦 Exporting table: BranchPrice
[2026-07-13T19:39:54.180Z] node: 📦 Exporting table: ProductImage
[2026-07-13T19:39:54.217Z] node: 📦 Exporting table: StockBalance
[2026-07-13T19:39:54.269Z] node: 📦 Exporting table: User
[2026-07-13T19:39:54.313Z] node: 📦 Exporting table: CustomerProfile
[2026-07-13T19:39:54.357Z] node: 📦 Exporting table: Cart
[2026-07-13T19:39:54.394Z] node: 📦 Exporting table: CartItem
[2026-07-13T19:39:54.431Z] node: 📦 Exporting table: EmployeeProfile
[2026-07-13T19:39:54.468Z] node: 📦 Exporting table: CombinedBillingDocument
[2026-07-13T19:39:54.505Z] node: 📦 Exporting table: CombinedSaleDocument
[2026-07-13T19:39:54.542Z] node: 📦 Exporting table: CustomerDeposit
[2026-07-13T19:39:54.578Z] node: 📦 Exporting table: CustomerReceipts
[2026-07-13T19:39:54.615Z] node: 📦 Exporting table: InputTaxFilingBatch
[2026-07-13T19:39:54.652Z] node: 📦 Exporting table: Order
[2026-07-13T19:39:54.688Z] node: 📦 Exporting table: OrderOnline
[2026-07-13T19:39:54.726Z] node: 📦 Exporting table: OrderOnlineItem
[2026-07-13T19:39:54.763Z] node: 📦 Exporting table: PasswordResetToken
[2026-07-13T19:39:54.799Z] node: 📦 Exporting table: ProductOnOrder
[2026-07-13T19:39:54.836Z] node: 📦 Exporting table: PurchaseOrder
[2026-07-13T19:39:54.873Z] node: 📦 Exporting table: PurchaseOrderItem
[2026-07-13T19:39:54.910Z] node: 📦 Exporting table: PurchaseOrderReceipt
[2026-07-13T19:39:54.948Z] node: 📦 Exporting table: InputTaxFilingItem
[2026-07-13T19:39:54.984Z] node: 📦 Exporting table: PurchaseOrderReceiptItem
[2026-07-13T19:39:55.021Z] node: 📦 Exporting table: RefreshToken
[2026-07-13T19:39:55.218Z] node: 📦 Exporting table: Sale
[2026-07-13T19:39:55.256Z] node: 📦 Exporting table: CustomerReceiptAllocations
[2026-07-13T19:39:55.293Z] node: 📦 Exporting table: Payment
[2026-07-13T19:39:55.330Z] node: 📦 Exporting table: DepositUsage
[2026-07-13T19:39:55.367Z] node: 📦 Exporting table: PaymentItem
[2026-07-13T19:39:55.403Z] node: 📦 Exporting table: SaleReturn
[2026-07-13T19:39:55.440Z] node: 📦 Exporting table: RefundTransaction
[2026-07-13T19:39:55.477Z] node: 📦 Exporting table: SalesTaxFilingBatch
[2026-07-13T19:39:55.514Z] node: 📦 Exporting table: SalesTaxFilingItem
[2026-07-13T19:39:55.551Z] node: 📦 Exporting table: ServiceOrder
[2026-07-13T19:39:55.587Z] node: 📦 Exporting table: ServiceItem
[2026-07-13T19:39:55.623Z] node: 📦 Exporting table: SimpleLot
[2026-07-13T19:39:55.660Z] node: 📦 Exporting table: SaleItemSimple
[2026-07-13T19:39:55.697Z] node: 📦 Exporting table: SaleReturnItemSimple
[2026-07-13T19:39:55.734Z] node: 📦 Exporting table: StockAuditSession
[2026-07-13T19:39:55.771Z] node: 📦 Exporting table: StockItem
[2026-07-13T19:39:55.908Z] node: 📦 Exporting table: BarcodeReceiptItem
[2026-07-13T19:39:55.952Z] node: 📦 Exporting table: RepairJob
[2026-07-13T19:39:55.988Z] node: 📦 Exporting table: RepairPartItem
[2026-07-13T19:39:56.025Z] node: 📦 Exporting table: SaleItem
[2026-07-13T19:39:56.062Z] node: 📦 Exporting table: SaleReturnItem
[2026-07-13T19:39:56.099Z] node: 📦 Exporting table: StockAuditScanLog
[2026-07-13T19:39:56.136Z] node: 📦 Exporting table: StockAuditSnapshotItem
[2026-07-13T19:39:56.173Z] node: 📦 Exporting table: StockMovement
[2026-07-13T19:39:56.228Z] node: 📦 Exporting table: SupplierPayment
[2026-07-13T19:39:56.264Z] node: 📦 Exporting table: SupplierPaymentReceipt
[2026-07-13T19:39:56.301Z] node: 📦 Exporting table: V2CustomerDeposit
[2026-07-13T19:39:56.338Z] node: 📦 Exporting table: V2StockAudit
[2026-07-13T19:39:56.374Z] node: 📦 Exporting table: V2StockAuditItem
[2026-07-13T19:39:56.411Z] node: 📦 Exporting table: WarrantyClaim
[2026-07-13T19:39:59.082Z] node: 🎉 P1 Hardened Backup v6 Type-aware + generic self-reference FK safe restore completed successfully.
[2026-07-13T19:39:59.083Z] node: 💾 Backup file: D:\alpha-tech\server\backups\alphatech_hardened_backup_v6_2026-07-13_2026-07-13T19-39-53-197Z.sql
[2026-07-13T19:39:59.084Z] node: 🧾 Manifest file: D:\alpha-tech\server\backups\alphatech_hardened_backup_v6_2026-07-13_2026-07-13T19-39-53-197Z.manifest.json
[2026-07-13T19:39:59.085Z] node: 📊 Tables exported: 70
[2026-07-13T19:39:59.086Z] node: 📦 Rows exported: 20253
[2026-07-13T19:39:59.087Z] node: 🔢 Sequences prepared: 67
[2026-07-13T19:39:59.087Z] node: 🔐 SHA256: 2e805c56933f89ca2aba06095051c521d0cdffc426fd3f9c32f28988e2f01f14
[2026-07-13T19:39:59.089Z] node: 📐 File size: 6.70 MB
[2026-07-13T19:39:59.090Z] node: ⏱️ Duration: 6.91 seconds
[2026-07-13T19:39:59.090Z] node: ✅ Verification: PASS (70 tables checked)
[2026-07-13T19:39:59.148Z] ▶️  Run: node recovery/upload/uploadBackup.js --manifest D:\alpha-tech\server\backups\alphatech_hardened_backup_v6_2026-07-13_2026-07-13T19-39-53-197Z.manifest.json
[2026-07-13T19:39:59.237Z] node: [2026-07-13T19:39:59.232Z] ============================================================
[2026-07-13T19:39:59.240Z] node: [2026-07-13T19:39:59.240Z] AlphaTech Recovery Upload ALPHATECH-RECOVERY-UPLOAD-V2-S3-COMPATIBLE
[2026-07-13T19:39:59.241Z] node: [2026-07-13T19:39:59.240Z] ============================================================
[2026-07-13T19:39:59.462Z] node stderr: (node:13168) Warning: NodeVersionSupportWarning: The AWS SDK for JavaScript (v3)
[2026-07-13T19:39:59.462Z] node stderr: versions published after the first week of January 2027
[2026-07-13T19:39:59.463Z] node stderr: will require node >=22. You are running node v20.19.0.
[2026-07-13T19:39:59.463Z] node stderr: To continue receiving updates to AWS services, bug fixes,
[2026-07-13T19:39:59.464Z] node stderr: and security updates please upgrade to node >=22.
[2026-07-13T19:39:59.464Z] node stderr: More information can be found at: https://a.co/c895JFp
[2026-07-13T19:39:59.464Z] node stderr: (Use `node --trace-warnings ...` to show where the warning was created)
[2026-07-13T19:40:00.971Z] node: [2026-07-13T19:40:00.971Z] JSON report: D:\alpha-tech\server\recovery\reports\upload-report-2026-07-13T19-40-00-969Z.json
[2026-07-13T19:40:00.971Z] node: [2026-07-13T19:40:00.971Z] TXT report: D:\alpha-tech\server\recovery\reports\upload-report-2026-07-13T19-40-00-969Z.txt
[2026-07-13T19:40:00.973Z] node: [2026-07-13T19:40:00.971Z] Overall: PASS
[2026-07-13T19:40:01.457Z] ------------------------------------------------------------
[2026-07-13T19:40:01.457Z] Target      : cloudflare-r2
[2026-07-13T19:40:01.461Z] Bucket      : saduaksabuy-recovery
[2026-07-13T19:40:01.461Z] Prefix      : alphatech-production/
[2026-07-13T19:40:01.462Z] Retention   : 7 day(s)
[2026-07-13T19:40:01.462Z] Mode        : APPLY
[2026-07-13T19:40:01.463Z] Scanned     : 78
[2026-07-13T19:40:01.463Z] Candidates  : 0
[2026-07-13T19:40:01.463Z] Deleted     : 0
[2026-07-13T19:40:01.464Z] Remaining   : 78
[2026-07-13T19:40:01.464Z] Failed      : 0
[2026-07-13T19:40:01.464Z] ▶️  Run: node recovery/retention/retentionPolicy.js --apply
[2026-07-13T19:40:01.559Z] node: [2026-07-13T19:40:01.553Z] ============================================================
[2026-07-13T19:40:01.561Z] node: [2026-07-13T19:40:01.561Z] 🧹 AlphaTech Recovery Retention ALPHATECH-RECOVERY-RETENTION-V1
[2026-07-13T19:40:01.562Z] node: [2026-07-13T19:40:01.562Z] ============================================================
[2026-07-13T19:40:01.562Z] node: [2026-07-13T19:40:01.563Z] Mode: APPLY
[2026-07-13T19:40:01.571Z] node: [2026-07-13T19:40:01.571Z] ------------------------------------------------------------
[2026-07-13T19:40:01.571Z] node: [2026-07-13T19:40:01.572Z] Target      : local-backups
[2026-07-13T19:40:01.572Z] node: [2026-07-13T19:40:01.572Z] Directory   : D:\alpha-tech\server\backups
[2026-07-13T19:40:01.572Z] node: [2026-07-13T19:40:01.572Z] Retention   : 3 day(s)
[2026-07-13T19:40:01.572Z] node: [2026-07-13T19:40:01.573Z] Scanned     : 40
[2026-07-13T19:40:01.573Z] node: [2026-07-13T19:40:01.573Z] Candidates  : 2
[2026-07-13T19:40:01.573Z] node: [2026-07-13T19:40:01.573Z] Deleted     : 2
[2026-07-13T19:40:01.573Z] node: [2026-07-13T19:40:01.574Z] Remaining   : 38
[2026-07-13T19:40:01.574Z] node: [2026-07-13T19:40:01.574Z] Failed      : 0
[2026-07-13T19:40:01.574Z] node: [2026-07-13T19:40:01.574Z] ------------------------------------------------------------
[2026-07-13T19:40:01.574Z] node: [2026-07-13T19:40:01.575Z] Target      : offsite-local-mirror
[2026-07-13T19:40:01.577Z] node: [2026-07-13T19:40:01.577Z] Directory   : D:\alpha-tech\server\recovery\offsite
[2026-07-13T19:40:01.579Z] node: [2026-07-13T19:40:01.578Z] Retention   : 7 day(s)
[2026-07-13T19:40:01.579Z] node: [2026-07-13T19:40:01.578Z] Scanned     : 6
[2026-07-13T19:40:01.580Z] node: [2026-07-13T19:40:01.578Z] Candidates  : 6
[2026-07-13T19:40:01.580Z] node: [2026-07-13T19:40:01.578Z] Deleted     : 6
[2026-07-13T19:40:01.580Z] node: [2026-07-13T19:40:01.579Z] Remaining   : 0
[2026-07-13T19:40:01.581Z] node: [2026-07-13T19:40:01.579Z] Failed      : 0
[2026-07-13T19:40:01.581Z] node: [2026-07-13T19:40:01.581Z] 🧾 JSON report: D:\alpha-tech\server\recovery\reports\retention-report-2026-07-13T19-40-01-579Z.json
[2026-07-13T19:40:01.581Z] node: [2026-07-13T19:40:01.581Z] 🧾 TXT report: D:\alpha-tech\server\recovery\reports\retention-report-2026-07-13T19-40-01-579Z.txt
[2026-07-13T19:40:01.582Z] node: [2026-07-13T19:40:01.581Z] ✅ Overall: PASS
[2026-07-13T19:40:01.591Z] ▶️  Run: node qbrs.js --manifest D:\alpha-tech\server\backups\alphatech_hardened_backup_v6_2026-07-13_2026-07-13T19-39-53-197Z.manifest.json --init --yes --reset-schema
[2026-07-13T19:40:01.754Z] node: [2026-07-13T19:40:01.752Z] ============================================================
[2026-07-13T19:40:01.756Z] node: [2026-07-13T19:40:01.756Z] 🚑 AlphaTech Restore Tool P1-HARDENED-RESTORE-V3-NODE-PG
[2026-07-13T19:40:01.757Z] node: [2026-07-13T19:40:01.757Z] ============================================================
[2026-07-13T19:40:01.791Z] node: [2026-07-13T19:40:01.791Z] ✅ Manifest loaded.
[2026-07-13T19:40:01.796Z] node: [2026-07-13T19:40:01.793Z] ✅ SQL file: D:\alpha-tech\server\backups\alphatech_hardened_backup_v6_2026-07-13_2026-07-13T19-39-53-197Z.sql
[2026-07-13T19:40:01.797Z] node: [2026-07-13T19:40:01.794Z] ✅ SHA256 verified: 2e805c56933f89ca2aba06095051c521d0cdffc426fd3f9c32f28988e2f01f14
[2026-07-13T19:40:01.798Z] node: [2026-07-13T19:40:01.795Z] 🎯 Target DB: postgresql://postgres:***@db.engqdeyzbvnmxbnpemau.supabase.co:5432/postgres
[2026-07-13T19:40:01.799Z] node: [2026-07-13T19:40:01.796Z] 🎯 Host: db.engqdeyzbvnmxbnpemau.supabase.co
[2026-07-13T19:40:01.800Z] node: [2026-07-13T19:40:01.796Z] 🎯 Port: 5432
[2026-07-13T19:40:01.800Z] node: [2026-07-13T19:40:01.797Z] 🎯 Database: postgres
[2026-07-13T19:40:01.801Z] node: [2026-07-13T19:40:01.798Z] 🎯 Schema: public
[2026-07-13T19:40:02.177Z] node: [2026-07-13T19:40:02.177Z] 🔌 Connected to target PostgreSQL successfully.
[2026-07-13T19:40:05.621Z] node: [2026-07-13T19:40:05.621Z] 📊 Existing tables: 70
[2026-07-13T19:40:05.622Z] node: [2026-07-13T19:40:05.621Z] 📦 Existing rows: 20253
[2026-07-13T19:40:05.623Z] node: [2026-07-13T19:40:05.622Z] 🔎 Product: 1585
[2026-07-13T19:40:05.623Z] node: [2026-07-13T19:40:05.622Z] 🔎 BranchPrice: 1583
[2026-07-13T19:40:05.624Z] node: [2026-07-13T19:40:05.622Z] 🔎 StockItem: 2007
[2026-07-13T19:40:05.625Z] node: [2026-07-13T19:40:05.622Z] 🔎 Sale: 10
[2026-07-13T19:40:05.625Z] node: [2026-07-13T19:40:05.622Z] 🔎 SaleItem: 25
[2026-07-13T19:40:05.626Z] node: [2026-07-13T19:40:05.623Z] 🔎 SaleItemSimple: 0
[2026-07-13T19:40:05.626Z] node: [2026-07-13T19:40:05.623Z] 🔎 Payment: 5
[2026-07-13T19:40:05.626Z] node: [2026-07-13T19:40:05.623Z] 🔎 PaymentItem: 5
[2026-07-13T19:40:05.864Z] node: [2026-07-13T19:40:05.863Z] 🧨 Resetting target schema "public" before restore...
[2026-07-13T19:40:05.864Z] node: [2026-07-13T19:40:05.864Z] 🛡️ This action is intended for Recovery / Standby DB only.
[2026-07-13T19:40:06.401Z] node: [2026-07-13T19:40:06.401Z] ✅ Schema "public" reset completed.
[2026-07-13T19:40:06.434Z] node: [2026-07-13T19:40:06.434Z] 🧱 Running Prisma db push against Recovery DB only...
[2026-07-13T19:40:06.436Z] node: [2026-07-13T19:40:06.434Z] 🛡️ DATABASE_URL is injected from RESTORE_DATABASE_URL/RECOVERY_DATABASE_URL for this process only.
[2026-07-13T19:40:10.629Z] node: [2026-07-13T19:40:10.629Z] npx stderr: Environment variables loaded from .env
[2026-07-13T19:40:10.631Z] node: [2026-07-13T19:40:10.631Z] npx: Prisma schema loaded from prisma\schema.prisma
[2026-07-13T19:40:10.648Z] node: [2026-07-13T19:40:10.647Z] npx: Datasource "db": PostgreSQL database "postgres", schema "public" at "db.engqdeyzbvnmxbnpemau.supabase.co:5432"
[2026-07-13T19:40:26.435Z] node: [2026-07-13T19:40:26.434Z] npx: Your database is now in sync with your Prisma schema. Done in 15.19s
[2026-07-13T19:40:26.437Z] node: [2026-07-13T19:40:26.437Z] npx: Running generate... (Use --skip-generate to skip the generators)
[2026-07-13T19:40:27.428Z] node: [2026-07-13T19:40:27.428Z] npx: [2K[1A[2K[GRunning generate... - Prisma Client
[2026-07-13T19:40:28.806Z] node: [2026-07-13T19:40:28.805Z] npx: [2K[1A[2K[G✔ Generated Prisma Client (v6.16.2) to .\node_modules\.prisma\client in 1.37s
[2026-07-13T19:40:28.865Z] node: [2026-07-13T19:40:28.864Z] ✅ Prisma db push completed for Recovery DB.
[2026-07-13T19:40:31.996Z] node: [2026-07-13T19:40:31.993Z] 📊 Existing tables: 70
[2026-07-13T19:40:31.997Z] node: [2026-07-13T19:40:31.994Z] 📦 Existing rows: 0
[2026-07-13T19:40:31.998Z] node: [2026-07-13T19:40:31.995Z] 🔎 Product: 0
[2026-07-13T19:40:31.998Z] node: [2026-07-13T19:40:31.996Z] 🔎 BranchPrice: 0
[2026-07-13T19:40:31.998Z] node: [2026-07-13T19:40:31.996Z] 🔎 StockItem: 0
[2026-07-13T19:40:31.999Z] node: [2026-07-13T19:40:31.996Z] 🔎 Sale: 0
[2026-07-13T19:40:31.999Z] node: [2026-07-13T19:40:31.996Z] 🔎 SaleItem: 0
[2026-07-13T19:40:31.999Z] node: [2026-07-13T19:40:31.996Z] 🔎 SaleItemSimple: 0
[2026-07-13T19:40:31.999Z] node: [2026-07-13T19:40:31.996Z] 🔎 Payment: 0
[2026-07-13T19:40:31.999Z] node: [2026-07-13T19:40:31.997Z] 🔎 PaymentItem: 0
[2026-07-13T19:40:32.153Z] node: [2026-07-13T19:40:32.153Z] 📖 SQL loaded into memory (6.70 MB).
[2026-07-13T19:40:32.154Z] node: [2026-07-13T19:40:32.153Z] 🚚 Starting SQL restore via Node.js pg client...
[2026-07-13T19:40:35.244Z] node: [2026-07-13T19:40:35.244Z] ✅ SQL restore completed via Node.js pg client.
[2026-07-13T19:40:37.834Z] node: [2026-07-13T19:40:37.834Z] ✅ Restore verification PASS (70 tables checked).
[2026-07-13T19:40:37.835Z] node: [2026-07-13T19:40:37.834Z] 🎉 Restore completed successfully in 36.08 seconds.
[2026-07-13T19:40:37.848Z] ▶️  Run: node recovery/verify/qbv.js
[2026-07-13T19:40:38.019Z] node: [2026-07-13T19:40:38.017Z] ============================================================
[2026-07-13T19:40:38.020Z] node: [2026-07-13T19:40:38.020Z] 🔎 AlphaTech Integrity Verification ALPHATECH-RECOVERY-VERIFY-V1
[2026-07-13T19:40:38.021Z] node: [2026-07-13T19:40:38.020Z] ============================================================
[2026-07-13T19:40:38.021Z] node: [2026-07-13T19:40:38.021Z] Collecting Production snapshot...
[2026-07-13T19:40:49.710Z] node: [2026-07-13T19:40:49.709Z] Collecting Recovery snapshot...
[2026-07-13T19:41:00.777Z] node: [2026-07-13T19:41:00.776Z] Comparing snapshots...
[2026-07-13T19:41:00.783Z] node: [2026-07-13T19:41:00.782Z] 🧾 JSON report: D:\alpha-tech\server\recovery\reports\verification-report_2026-07-13T19-41-00-780Z.json
[2026-07-13T19:41:00.784Z] node: [2026-07-13T19:41:00.783Z] 🧾 TXT report: D:\alpha-tech\server\recovery\reports\verification-report_2026-07-13T19-41-00-780Z.txt
[2026-07-13T19:41:00.784Z] node: [2026-07-13T19:41:00.783Z] ✅ Overall: PASS
[2026-07-13T19:41:00.798Z] 🧾 Job manifest: D:\alpha-tech\server\recovery\jobs\job-2026-07-13T19-39-48-375Z.json
[2026-07-13T19:41:00.798Z] ✅ Job result: PASS exitCode=0
