[2026-07-18T04:56:58.071Z] ============================================================
[2026-07-18T04:56:58.088Z] 🧭 AlphaTech Recovery Retention Workflow ALPHATECH-RECOVERY-JOB-RUNNER-V7-R2-RETENTION
[2026-07-18T04:56:58.088Z] ============================================================
[2026-07-18T04:56:58.089Z] Mode: backup-workflow
[2026-07-18T04:56:58.090Z] ▶️  Run: node recovery/health/healthCheck.js
[2026-07-18T04:56:58.327Z] node: [2026-07-18T04:56:58.325Z] ============================================================
[2026-07-18T04:56:58.329Z] node: [2026-07-18T04:56:58.329Z] 🩺 AlphaTech Recovery Health Check ALPHATECH-RECOVERY-HEALTH-CHECK-V1
[2026-07-18T04:56:58.329Z] node: [2026-07-18T04:56:58.330Z] ============================================================
[2026-07-18T04:56:59.199Z] node: [2026-07-18T04:56:59.200Z] 🧾 JSON report: D:\alpha-tech\server\recovery\reports\health-check-2026-07-18T04-56-59-198Z.json
[2026-07-18T04:56:59.200Z] node: [2026-07-18T04:56:59.200Z] 🧾 TXT report: D:\alpha-tech\server\recovery\reports\health-check-2026-07-18T04-56-59-198Z.txt
[2026-07-18T04:56:59.201Z] node: [2026-07-18T04:56:59.201Z] ✅ Overall: PASS
[2026-07-18T04:56:59.214Z] ▶️  Run: node qb.js
[2026-07-18T04:56:59.692Z] node: 🔌 Connected to PostgreSQL successfully.
[2026-07-18T04:56:59.695Z] node: ⏳ Starting P1 Hardened Backup v6 Type-aware + generic self-reference FK safe restore...
[2026-07-18T04:57:03.389Z] node: 📦 Exporting table: Bank
[2026-07-18T04:57:03.427Z] node: 📦 Exporting table: Brand
[2026-07-18T04:57:03.472Z] node: 📦 Exporting table: Category
[2026-07-18T04:57:03.509Z] node: 📦 Exporting table: GlobalProductType
[2026-07-18T04:57:03.546Z] node: 📦 Exporting table: Position
[2026-07-18T04:57:03.582Z] node: 📦 Exporting table: Province
[2026-07-18T04:57:03.620Z] node: 📦 Exporting table: District
[2026-07-18T04:57:03.674Z] node: 📦 Exporting table: Subdistrict
[2026-07-18T04:57:03.867Z] node: 📦 Exporting table: Branch
[2026-07-18T04:57:03.905Z] node: 📦 Exporting table: BarcodeCounter
[2026-07-18T04:57:03.942Z] node: 📦 Exporting table: PaymentCodeCounter
[2026-07-18T04:57:03.978Z] node: 📦 Exporting table: ProductType
[2026-07-18T04:57:04.018Z] node: 📦 Exporting table: ProductTypeBrand
[2026-07-18T04:57:04.061Z] node: 📦 Exporting table: Supplier
[2026-07-18T04:57:04.099Z] node: 📦 Exporting table: Unit
[2026-07-18T04:57:04.136Z] node: 📦 Exporting table: Product
[2026-07-18T04:57:04.277Z] node: 📦 Exporting table: BranchPrice
[2026-07-18T04:57:04.366Z] node: 📦 Exporting table: ProductImage
[2026-07-18T04:57:04.402Z] node: 📦 Exporting table: StockBalance
[2026-07-18T04:57:04.465Z] node: 📦 Exporting table: User
[2026-07-18T04:57:04.508Z] node: 📦 Exporting table: CustomerProfile
[2026-07-18T04:57:04.551Z] node: 📦 Exporting table: Cart
[2026-07-18T04:57:04.703Z] node: 📦 Exporting table: CartItem
[2026-07-18T04:57:04.739Z] node: 📦 Exporting table: EmployeeProfile
[2026-07-18T04:57:04.884Z] node: 📦 Exporting table: CombinedBillingDocument
[2026-07-18T04:57:04.957Z] node: 📦 Exporting table: CombinedSaleDocument
[2026-07-18T04:57:05.026Z] node: 📦 Exporting table: CustomerDeposit
[2026-07-18T04:57:05.166Z] node: 📦 Exporting table: CustomerReceipts
[2026-07-18T04:57:05.294Z] node: 📦 Exporting table: InputTaxFilingBatch
[2026-07-18T04:57:05.331Z] node: 📦 Exporting table: Order
[2026-07-18T04:57:05.367Z] node: 📦 Exporting table: OrderOnline
[2026-07-18T04:57:05.501Z] node: 📦 Exporting table: OrderOnlineItem
[2026-07-18T04:57:05.537Z] node: 📦 Exporting table: PasswordResetToken
[2026-07-18T04:57:05.574Z] node: 📦 Exporting table: ProductOnOrder
[2026-07-18T04:57:05.704Z] node: 📦 Exporting table: PurchaseOrder
[2026-07-18T04:57:05.741Z] node: 📦 Exporting table: PurchaseOrderItem
[2026-07-18T04:57:05.782Z] node: 📦 Exporting table: PurchaseOrderReceipt
[2026-07-18T04:57:05.910Z] node: 📦 Exporting table: InputTaxFilingItem
[2026-07-18T04:57:05.946Z] node: 📦 Exporting table: PurchaseOrderReceiptItem
[2026-07-18T04:57:05.984Z] node: 📦 Exporting table: RefreshToken
[2026-07-18T04:57:06.299Z] node: 📦 Exporting table: Sale
[2026-07-18T04:57:06.363Z] node: 📦 Exporting table: CustomerReceiptAllocations
[2026-07-18T04:57:06.399Z] node: 📦 Exporting table: Payment
[2026-07-18T04:57:06.533Z] node: 📦 Exporting table: DepositUsage
[2026-07-18T04:57:06.569Z] node: 📦 Exporting table: PaymentItem
[2026-07-18T04:57:06.606Z] node: 📦 Exporting table: SaleReturn
[2026-07-18T04:57:06.727Z] node: 📦 Exporting table: RefundTransaction
[2026-07-18T04:57:06.764Z] node: 📦 Exporting table: SalesTaxFilingBatch
[2026-07-18T04:57:06.800Z] node: 📦 Exporting table: SalesTaxFilingItem
[2026-07-18T04:57:06.836Z] node: 📦 Exporting table: ServiceOrder
[2026-07-18T04:57:06.872Z] node: 📦 Exporting table: ServiceItem
[2026-07-18T04:57:06.908Z] node: 📦 Exporting table: SimpleLot
[2026-07-18T04:57:06.944Z] node: 📦 Exporting table: SaleItemSimple
[2026-07-18T04:57:06.980Z] node: 📦 Exporting table: SaleReturnItemSimple
[2026-07-18T04:57:07.016Z] node: 📦 Exporting table: StockAuditSession
[2026-07-18T04:57:07.052Z] node: 📦 Exporting table: StockItem
[2026-07-18T04:57:07.231Z] node: 📦 Exporting table: BarcodeReceiptItem
[2026-07-18T04:57:07.286Z] node: 📦 Exporting table: RepairJob
[2026-07-18T04:57:07.323Z] node: 📦 Exporting table: RepairPartItem
[2026-07-18T04:57:07.360Z] node: 📦 Exporting table: SaleItem
[2026-07-18T04:57:07.398Z] node: 📦 Exporting table: SaleReturnItem
[2026-07-18T04:57:07.434Z] node: 📦 Exporting table: StockAuditScanLog
[2026-07-18T04:57:07.471Z] node: 📦 Exporting table: StockAuditSnapshotItem
[2026-07-18T04:57:07.524Z] node: 📦 Exporting table: StockMovement
[2026-07-18T04:57:07.582Z] node: 📦 Exporting table: SupplierPayment
[2026-07-18T04:57:07.618Z] node: 📦 Exporting table: SupplierPaymentReceipt
[2026-07-18T04:57:07.654Z] node: 📦 Exporting table: V2CustomerDeposit
[2026-07-18T04:57:07.691Z] node: 📦 Exporting table: V2StockAudit
[2026-07-18T04:57:07.727Z] node: 📦 Exporting table: V2StockAuditItem
[2026-07-18T04:57:07.763Z] node: 📦 Exporting table: WarrantyClaim
[2026-07-18T04:57:10.411Z] node: 🎉 P1 Hardened Backup v6 Type-aware + generic self-reference FK safe restore completed successfully.
[2026-07-18T04:57:10.416Z] node: 💾 Backup file: D:\alpha-tech\server\backups\alphatech_hardened_backup_v6_2026-07-18_2026-07-18T04-57-03-303Z.sql
[2026-07-18T04:57:10.417Z] node: 🧾 Manifest file: D:\alpha-tech\server\backups\alphatech_hardened_backup_v6_2026-07-18_2026-07-18T04-57-03-303Z.manifest.json
[2026-07-18T04:57:10.417Z] node: 📊 Tables exported: 70
[2026-07-18T04:57:10.417Z] node: 📦 Rows exported: 24841
[2026-07-18T04:57:10.417Z] node: 🔢 Sequences prepared: 67
[2026-07-18T04:57:10.418Z] node: 🔐 SHA256: d260a913152c49faeeb7d32357091c3f6fa4f5467fedc8dbda6242eef955f5ee
[2026-07-18T04:57:10.418Z] node: 📐 File size: 8.67 MB
[2026-07-18T04:57:10.418Z] node: ⏱️ Duration: 8.45 seconds
[2026-07-18T04:57:10.418Z] node: ✅ Verification: PASS (70 tables checked)
[2026-07-18T04:57:10.475Z] ▶️  Run: node recovery/upload/uploadBackup.js --manifest D:\alpha-tech\server\backups\alphatech_hardened_backup_v6_2026-07-18_2026-07-18T04-57-03-303Z.manifest.json
[2026-07-18T04:57:10.557Z] node: [2026-07-18T04:57:10.552Z] ============================================================
[2026-07-18T04:57:10.559Z] node: [2026-07-18T04:57:10.559Z] AlphaTech Recovery Upload ALPHATECH-RECOVERY-UPLOAD-V2-S3-COMPATIBLE
[2026-07-18T04:57:10.560Z] node: [2026-07-18T04:57:10.559Z] ============================================================
[2026-07-18T04:57:10.818Z] node stderr: (node:12400) Warning: NodeVersionSupportWarning: The AWS SDK for JavaScript (v3)
[2026-07-18T04:57:10.819Z] node stderr: versions published after the first week of January 2027
[2026-07-18T04:57:10.819Z] node stderr: will require node >=22. You are running node v20.19.0.
[2026-07-18T04:57:10.819Z] node stderr: To continue receiving updates to AWS services, bug fixes,
[2026-07-18T04:57:10.819Z] node stderr: and security updates please upgrade to node >=22.
[2026-07-18T04:57:10.820Z] node stderr: More information can be found at: https://a.co/c895JFp
[2026-07-18T04:57:10.820Z] node stderr: (Use `node --trace-warnings ...` to show where the warning was created)
[2026-07-18T04:57:12.999Z] node: [2026-07-18T04:57:12.999Z] JSON report: D:\alpha-tech\server\recovery\reports\upload-report-2026-07-18T04-57-12-989Z.json
[2026-07-18T04:57:13.000Z] node: [2026-07-18T04:57:13.000Z] TXT report: D:\alpha-tech\server\recovery\reports\upload-report-2026-07-18T04-57-12-989Z.txt
[2026-07-18T04:57:13.000Z] node: [2026-07-18T04:57:13.000Z] Overall: PASS
[2026-07-18T04:57:13.472Z] ------------------------------------------------------------
[2026-07-18T04:57:13.473Z] Target      : cloudflare-r2
[2026-07-18T04:57:13.473Z] Bucket      : saduaksabuy-recovery
[2026-07-18T04:57:13.473Z] Prefix      : alphatech-production/
[2026-07-18T04:57:13.473Z] Retention   : 7 day(s)
[2026-07-18T04:57:13.473Z] Mode        : APPLY
[2026-07-18T04:57:13.474Z] Scanned     : 76
[2026-07-18T04:57:13.474Z] Candidates  : 0
[2026-07-18T04:57:13.474Z] Deleted     : 0
[2026-07-18T04:57:13.474Z] Remaining   : 76
[2026-07-18T04:57:13.474Z] Failed      : 0
[2026-07-18T04:57:13.475Z] ▶️  Run: node recovery/retention/retentionPolicy.js --apply
[2026-07-18T04:57:13.744Z] node: [2026-07-18T04:57:13.729Z] ============================================================
[2026-07-18T04:57:13.844Z] node: [2026-07-18T04:57:13.845Z] 🧹 AlphaTech Recovery Retention ALPHATECH-RECOVERY-RETENTION-V1
[2026-07-18T04:57:13.845Z] node: [2026-07-18T04:57:13.845Z] ============================================================
[2026-07-18T04:57:13.846Z] node: [2026-07-18T04:57:13.846Z] Mode: APPLY
[2026-07-18T04:57:13.851Z] node: [2026-07-18T04:57:13.851Z] ------------------------------------------------------------
[2026-07-18T04:57:13.859Z] node: [2026-07-18T04:57:13.851Z] Target      : local-backups
[2026-07-18T04:57:13.859Z] node: [2026-07-18T04:57:13.852Z] Directory   : D:\alpha-tech\server\backups
[2026-07-18T04:57:13.859Z] node: [2026-07-18T04:57:13.856Z] Retention   : 3 day(s)
[2026-07-18T04:57:13.860Z] node: [2026-07-18T04:57:13.857Z] Scanned     : 40
[2026-07-18T04:57:13.860Z] node: [2026-07-18T04:57:13.857Z] Candidates  : 0
[2026-07-18T04:57:13.860Z] node: [2026-07-18T04:57:13.859Z] Deleted     : 0
[2026-07-18T04:57:13.861Z] node: [2026-07-18T04:57:13.859Z] Remaining   : 40
[2026-07-18T04:57:13.861Z] node: [2026-07-18T04:57:13.860Z] Failed      : 0
[2026-07-18T04:57:13.862Z] node: [2026-07-18T04:57:13.860Z] ------------------------------------------------------------
[2026-07-18T04:57:13.862Z] node: [2026-07-18T04:57:13.860Z] Target      : offsite-local-mirror
[2026-07-18T04:57:13.863Z] node: [2026-07-18T04:57:13.861Z] Directory   : D:\alpha-tech\server\recovery\offsite
[2026-07-18T04:57:13.863Z] node: [2026-07-18T04:57:13.861Z] Retention   : 7 day(s)
[2026-07-18T04:57:13.864Z] node: [2026-07-18T04:57:13.861Z] Scanned     : 0
[2026-07-18T04:57:13.864Z] node: [2026-07-18T04:57:13.862Z] Candidates  : 0
[2026-07-18T04:57:13.865Z] node: [2026-07-18T04:57:13.862Z] Deleted     : 0
[2026-07-18T04:57:13.865Z] node: [2026-07-18T04:57:13.862Z] Remaining   : 0
[2026-07-18T04:57:13.865Z] node: [2026-07-18T04:57:13.863Z] Failed      : 0
[2026-07-18T04:57:13.866Z] node: [2026-07-18T04:57:13.866Z] 🧾 JSON report: D:\alpha-tech\server\recovery\reports\retention-report-2026-07-18T04-57-13-863Z.json
[2026-07-18T04:57:13.866Z] node: [2026-07-18T04:57:13.866Z] 🧾 TXT report: D:\alpha-tech\server\recovery\reports\retention-report-2026-07-18T04-57-13-863Z.txt
[2026-07-18T04:57:13.867Z] node: [2026-07-18T04:57:13.866Z] ✅ Overall: PASS
[2026-07-18T04:57:13.877Z] ▶️  Run: node qbrs.js --manifest D:\alpha-tech\server\backups\alphatech_hardened_backup_v6_2026-07-18_2026-07-18T04-57-03-303Z.manifest.json --init --yes --reset-schema
[2026-07-18T04:57:14.105Z] node: [2026-07-18T04:57:14.101Z] ============================================================
[2026-07-18T04:57:14.106Z] node: [2026-07-18T04:57:14.106Z] 🚑 AlphaTech Restore Tool P1-HARDENED-RESTORE-V3-NODE-PG
[2026-07-18T04:57:14.107Z] node: [2026-07-18T04:57:14.107Z] ============================================================
[2026-07-18T04:57:14.148Z] node: [2026-07-18T04:57:14.147Z] ✅ Manifest loaded.
[2026-07-18T04:57:14.148Z] node: [2026-07-18T04:57:14.148Z] ✅ SQL file: D:\alpha-tech\server\backups\alphatech_hardened_backup_v6_2026-07-18_2026-07-18T04-57-03-303Z.sql
[2026-07-18T04:57:14.148Z] node: [2026-07-18T04:57:14.148Z] ✅ SHA256 verified: d260a913152c49faeeb7d32357091c3f6fa4f5467fedc8dbda6242eef955f5ee
[2026-07-18T04:57:14.149Z] node: [2026-07-18T04:57:14.149Z] 🎯 Target DB: postgresql://postgres:***@db.engqdeyzbvnmxbnpemau.supabase.co:5432/postgres
[2026-07-18T04:57:14.150Z] node: [2026-07-18T04:57:14.149Z] 🎯 Host: db.engqdeyzbvnmxbnpemau.supabase.co
[2026-07-18T04:57:14.150Z] node: [2026-07-18T04:57:14.150Z] 🎯 Port: 5432
[2026-07-18T04:57:14.151Z] node: [2026-07-18T04:57:14.150Z] 🎯 Database: postgres
[2026-07-18T04:57:14.151Z] node: [2026-07-18T04:57:14.151Z] 🎯 Schema: public
[2026-07-18T04:57:14.510Z] node: [2026-07-18T04:57:14.510Z] 🔌 Connected to target PostgreSQL successfully.
[2026-07-18T04:57:17.517Z] node: [2026-07-18T04:57:17.516Z] 📊 Existing tables: 70
[2026-07-18T04:57:17.517Z] node: [2026-07-18T04:57:17.517Z] 📦 Existing rows: 24758
[2026-07-18T04:57:17.518Z] node: [2026-07-18T04:57:17.517Z] 🔎 Product: 1900
[2026-07-18T04:57:17.518Z] node: [2026-07-18T04:57:17.517Z] 🔎 BranchPrice: 1898
[2026-07-18T04:57:17.518Z] node: [2026-07-18T04:57:17.518Z] 🔎 StockItem: 3055
[2026-07-18T04:57:17.519Z] node: [2026-07-18T04:57:17.518Z] 🔎 Sale: 29
[2026-07-18T04:57:17.519Z] node: [2026-07-18T04:57:17.518Z] 🔎 SaleItem: 96
[2026-07-18T04:57:17.519Z] node: [2026-07-18T04:57:17.518Z] 🔎 SaleItemSimple: 0
[2026-07-18T04:57:17.520Z] node: [2026-07-18T04:57:17.519Z] 🔎 Payment: 15
[2026-07-18T04:57:17.520Z] node: [2026-07-18T04:57:17.519Z] 🔎 PaymentItem: 15
[2026-07-18T04:57:17.767Z] node: [2026-07-18T04:57:17.766Z] 🧨 Resetting target schema "public" before restore...
[2026-07-18T04:57:17.767Z] node: [2026-07-18T04:57:17.767Z] 🛡️ This action is intended for Recovery / Standby DB only.
[2026-07-18T04:57:18.164Z] node: [2026-07-18T04:57:18.164Z] ✅ Schema "public" reset completed.
[2026-07-18T04:57:18.198Z] node: [2026-07-18T04:57:18.198Z] 🧱 Running Prisma db push against Recovery DB only...
[2026-07-18T04:57:18.199Z] node: [2026-07-18T04:57:18.199Z] 🛡️ DATABASE_URL is injected from RESTORE_DATABASE_URL/RECOVERY_DATABASE_URL for this process only.
[2026-07-18T04:57:22.806Z] node: [2026-07-18T04:57:22.805Z] npx stderr: Environment variables loaded from .env
[2026-07-18T04:57:22.807Z] node: [2026-07-18T04:57:22.807Z] npx: Prisma schema loaded from prisma\schema.prisma
[2026-07-18T04:57:22.820Z] node: [2026-07-18T04:57:22.820Z] npx: Datasource "db": PostgreSQL database "postgres", schema "public" at "db.engqdeyzbvnmxbnpemau.supabase.co:5432"
[2026-07-18T04:57:40.251Z] node: [2026-07-18T04:57:40.250Z] npx: Your database is now in sync with your Prisma schema. Done in 16.80s
[2026-07-18T04:57:40.253Z] node: [2026-07-18T04:57:40.252Z] npx: Running generate... (Use --skip-generate to skip the generators)
[2026-07-18T04:57:42.137Z] node: [2026-07-18T04:57:42.137Z] npx: [2K[1A[2K[GRunning generate... - Prisma Client
[2026-07-18T04:57:44.431Z] node: [2026-07-18T04:57:44.431Z] npx: [2K[1A[2K[G✔ Generated Prisma Client (v6.16.2) to .\node_modules\.prisma\client in 2.29s
[2026-07-18T04:57:44.504Z] node: [2026-07-18T04:57:44.504Z] ✅ Prisma db push completed for Recovery DB.
[2026-07-18T04:57:47.599Z] node: [2026-07-18T04:57:47.564Z] 📊 Existing tables: 70
[2026-07-18T04:57:48.065Z] node: [2026-07-18T04:57:47.564Z] 📦 Existing rows: 0
[2026-07-18T04:57:48.066Z] node: [2026-07-18T04:57:47.564Z] 🔎 Product: 0
[2026-07-18T04:57:48.066Z] node: [2026-07-18T04:57:47.564Z] 🔎 BranchPrice: 0
[2026-07-18T04:57:48.066Z] node: [2026-07-18T04:57:47.564Z] 🔎 StockItem: 0
[2026-07-18T04:57:48.067Z] node: [2026-07-18T04:57:47.564Z] 🔎 Sale: 0
[2026-07-18T04:57:48.067Z] node: [2026-07-18T04:57:47.565Z] 🔎 SaleItem: 0
[2026-07-18T04:57:48.067Z] node: [2026-07-18T04:57:47.565Z] 🔎 SaleItemSimple: 0
[2026-07-18T04:57:48.068Z] node: [2026-07-18T04:57:47.565Z] 🔎 Payment: 0
[2026-07-18T04:57:48.069Z] node: [2026-07-18T04:57:47.565Z] 🔎 PaymentItem: 0
[2026-07-18T04:57:48.126Z] node: [2026-07-18T04:57:48.126Z] 📖 SQL loaded into memory (8.67 MB).
[2026-07-18T04:57:48.127Z] node: [2026-07-18T04:57:48.126Z] 🚚 Starting SQL restore via Node.js pg client...
[2026-07-18T04:57:52.176Z] node: [2026-07-18T04:57:52.176Z] ✅ SQL restore completed via Node.js pg client.
[2026-07-18T04:57:55.319Z] node: [2026-07-18T04:57:55.316Z] ✅ Restore verification PASS (70 tables checked).
[2026-07-18T04:57:55.325Z] node: [2026-07-18T04:57:55.316Z] 🎉 Restore completed successfully in 41.22 seconds.
[2026-07-18T04:57:55.347Z] ▶️  Run: node recovery/verify/qbv.js
[2026-07-18T04:57:55.605Z] node: [2026-07-18T04:57:55.600Z] ============================================================
[2026-07-18T04:57:55.607Z] node: [2026-07-18T04:57:55.607Z] 🔎 AlphaTech Integrity Verification ALPHATECH-RECOVERY-VERIFY-V1
[2026-07-18T04:57:55.608Z] node: [2026-07-18T04:57:55.608Z] ============================================================
[2026-07-18T04:57:55.608Z] node: [2026-07-18T04:57:55.608Z] Collecting Production snapshot...
[2026-07-18T04:58:07.047Z] node: [2026-07-18T04:58:07.022Z] Collecting Recovery snapshot...
[2026-07-18T04:58:19.183Z] node: [2026-07-18T04:58:19.182Z] Comparing snapshots...
[2026-07-18T04:58:19.190Z] node: [2026-07-18T04:58:19.190Z] 🧾 JSON report: D:\alpha-tech\server\recovery\reports\verification-report_2026-07-18T04-58-19-186Z.json
[2026-07-18T04:58:19.191Z] node: [2026-07-18T04:58:19.190Z] 🧾 TXT report: D:\alpha-tech\server\recovery\reports\verification-report_2026-07-18T04-58-19-186Z.txt
[2026-07-18T04:58:19.191Z] node: [2026-07-18T04:58:19.190Z] ✅ Overall: PASS
[2026-07-18T04:58:19.207Z] 🧾 Job manifest: D:\alpha-tech\server\recovery\jobs\job-2026-07-18T04-56-58-068Z.json
[2026-07-18T04:58:19.208Z] ✅ Job result: PASS exitCode=0
