[2026-07-19T13:39:49.753Z] ============================================================
[2026-07-19T13:39:49.761Z] 🧭 AlphaTech Recovery Retention Workflow ALPHATECH-RECOVERY-JOB-RUNNER-V7-R2-RETENTION
[2026-07-19T13:39:49.761Z] ============================================================
[2026-07-19T13:39:49.762Z] Mode: backup-workflow
[2026-07-19T13:39:49.763Z] ▶️  Run: node recovery/health/healthCheck.js
[2026-07-19T13:39:49.961Z] node: [2026-07-19T13:39:49.958Z] ============================================================
[2026-07-19T13:39:49.962Z] node: [2026-07-19T13:39:49.962Z] 🩺 AlphaTech Recovery Health Check ALPHATECH-RECOVERY-HEALTH-CHECK-V1
[2026-07-19T13:39:49.963Z] node: [2026-07-19T13:39:49.962Z] ============================================================
[2026-07-19T13:39:50.889Z] node: [2026-07-19T13:39:50.889Z] 🧾 JSON report: D:\alpha-tech\server\recovery\reports\health-check-2026-07-19T13-39-50-886Z.json
[2026-07-19T13:39:50.890Z] node: [2026-07-19T13:39:50.889Z] 🧾 TXT report: D:\alpha-tech\server\recovery\reports\health-check-2026-07-19T13-39-50-886Z.txt
[2026-07-19T13:39:50.890Z] node: [2026-07-19T13:39:50.890Z] ✅ Overall: PASS
[2026-07-19T13:39:50.904Z] ▶️  Run: node qb.js
[2026-07-19T13:39:51.353Z] node: 🔌 Connected to PostgreSQL successfully.
[2026-07-19T13:39:51.364Z] node: ⏳ Starting P1 Hardened Backup v6 Type-aware + generic self-reference FK safe restore...
[2026-07-19T13:39:58.552Z] node: 📦 Exporting table: Bank
[2026-07-19T13:39:58.590Z] node: 📦 Exporting table: Brand
[2026-07-19T13:39:58.670Z] node: 📦 Exporting table: Category
[2026-07-19T13:39:58.706Z] node: 📦 Exporting table: GlobalProductType
[2026-07-19T13:39:58.743Z] node: 📦 Exporting table: Position
[2026-07-19T13:39:59.684Z] node: 📦 Exporting table: Province
[2026-07-19T13:39:59.715Z] node: 📦 Exporting table: District
[2026-07-19T13:39:59.717Z] node: 📦 Exporting table: Subdistrict
[2026-07-19T13:39:59.893Z] node: 📦 Exporting table: Branch
[2026-07-19T13:40:00.077Z] node: 📦 Exporting table: BarcodeCounter
[2026-07-19T13:40:00.113Z] node: 📦 Exporting table: PaymentCodeCounter
[2026-07-19T13:40:00.150Z] node: 📦 Exporting table: ProductType
[2026-07-19T13:40:00.190Z] node: 📦 Exporting table: ProductTypeBrand
[2026-07-19T13:40:00.234Z] node: 📦 Exporting table: Supplier
[2026-07-19T13:40:00.272Z] node: 📦 Exporting table: Unit
[2026-07-19T13:40:00.308Z] node: 📦 Exporting table: Product
[2026-07-19T13:40:00.835Z] node: 📦 Exporting table: BranchPrice
[2026-07-19T13:40:00.951Z] node: 📦 Exporting table: ProductImage
[2026-07-19T13:40:01.003Z] node: 📦 Exporting table: StockBalance
[2026-07-19T13:40:01.077Z] node: 📦 Exporting table: User
[2026-07-19T13:40:01.959Z] node: 📦 Exporting table: CustomerProfile
[2026-07-19T13:40:01.959Z] node: 📦 Exporting table: Cart
[2026-07-19T13:40:01.960Z] node: 📦 Exporting table: CartItem
[2026-07-19T13:40:01.960Z] node: 📦 Exporting table: EmployeeProfile
[2026-07-19T13:40:01.960Z] node: 📦 Exporting table: CombinedBillingDocument
[2026-07-19T13:40:01.961Z] node: 📦 Exporting table: CombinedSaleDocument
[2026-07-19T13:40:01.961Z] node: 📦 Exporting table: CustomerDeposit
[2026-07-19T13:40:01.962Z] node: 📦 Exporting table: CustomerReceipts
[2026-07-19T13:40:01.962Z] node: 📦 Exporting table: InputTaxFilingBatch
[2026-07-19T13:40:01.962Z] node: 📦 Exporting table: Order
[2026-07-19T13:40:01.963Z] node: 📦 Exporting table: OrderOnline
[2026-07-19T13:40:02.063Z] node: 📦 Exporting table: OrderOnlineItem
[2026-07-19T13:40:02.064Z] node: 📦 Exporting table: PasswordResetToken
[2026-07-19T13:40:02.064Z] node: 📦 Exporting table: ProductOnOrder
[2026-07-19T13:40:02.068Z] node: 📦 Exporting table: PurchaseOrder
[2026-07-19T13:40:02.069Z] node: 📦 Exporting table: PurchaseOrderItem
[2026-07-19T13:40:02.104Z] node: 📦 Exporting table: PurchaseOrderReceipt
[2026-07-19T13:40:02.144Z] node: 📦 Exporting table: InputTaxFilingItem
[2026-07-19T13:40:02.212Z] node: 📦 Exporting table: PurchaseOrderReceiptItem
[2026-07-19T13:40:02.375Z] node: 📦 Exporting table: RefreshToken
[2026-07-19T13:40:03.191Z] node: 📦 Exporting table: Sale
[2026-07-19T13:40:03.230Z] node: 📦 Exporting table: CustomerReceiptAllocations
[2026-07-19T13:40:03.266Z] node: 📦 Exporting table: Payment
[2026-07-19T13:40:03.305Z] node: 📦 Exporting table: DepositUsage
[2026-07-19T13:40:03.340Z] node: 📦 Exporting table: PaymentItem
[2026-07-19T13:40:03.376Z] node: 📦 Exporting table: SaleReturn
[2026-07-19T13:40:03.412Z] node: 📦 Exporting table: RefundTransaction
[2026-07-19T13:40:03.448Z] node: 📦 Exporting table: SalesTaxFilingBatch
[2026-07-19T13:40:03.484Z] node: 📦 Exporting table: SalesTaxFilingItem
[2026-07-19T13:40:03.520Z] node: 📦 Exporting table: ServiceOrder
[2026-07-19T13:40:03.556Z] node: 📦 Exporting table: ServiceItem
[2026-07-19T13:40:03.593Z] node: 📦 Exporting table: SimpleLot
[2026-07-19T13:40:03.631Z] node: 📦 Exporting table: SaleItemSimple
[2026-07-19T13:40:03.666Z] node: 📦 Exporting table: SaleReturnItemSimple
[2026-07-19T13:40:03.702Z] node: 📦 Exporting table: StockAuditSession
[2026-07-19T13:40:03.738Z] node: 📦 Exporting table: StockItem
[2026-07-19T13:40:03.963Z] node: 📦 Exporting table: BarcodeReceiptItem
[2026-07-19T13:40:04.015Z] node: 📦 Exporting table: RepairJob
[2026-07-19T13:40:04.050Z] node: 📦 Exporting table: RepairPartItem
[2026-07-19T13:40:04.088Z] node: 📦 Exporting table: SaleItem
[2026-07-19T13:40:04.126Z] node: 📦 Exporting table: SaleReturnItem
[2026-07-19T13:40:04.163Z] node: 📦 Exporting table: StockAuditScanLog
[2026-07-19T13:40:04.199Z] node: 📦 Exporting table: StockAuditSnapshotItem
[2026-07-19T13:40:04.252Z] node: 📦 Exporting table: StockMovement
[2026-07-19T13:40:04.309Z] node: 📦 Exporting table: SupplierPayment
[2026-07-19T13:40:04.346Z] node: 📦 Exporting table: SupplierPaymentReceipt
[2026-07-19T13:40:04.382Z] node: 📦 Exporting table: V2CustomerDeposit
[2026-07-19T13:40:04.418Z] node: 📦 Exporting table: V2StockAudit
[2026-07-19T13:40:04.454Z] node: 📦 Exporting table: V2StockAuditItem
[2026-07-19T13:40:04.491Z] node: 📦 Exporting table: WarrantyClaim
[2026-07-19T13:40:08.022Z] node: 🎉 P1 Hardened Backup v6 Type-aware + generic self-reference FK safe restore completed successfully.
[2026-07-19T13:40:08.026Z] node: 💾 Backup file: D:\alpha-tech\server\backups\alphatech_hardened_backup_v6_2026-07-19_2026-07-19T13-39-56-248Z.sql
[2026-07-19T13:40:08.029Z] node: 🧾 Manifest file: D:\alpha-tech\server\backups\alphatech_hardened_backup_v6_2026-07-19_2026-07-19T13-39-56-248Z.manifest.json
[2026-07-19T13:40:08.030Z] node: 📊 Tables exported: 70
[2026-07-19T13:40:08.030Z] node: 📦 Rows exported: 24983
[2026-07-19T13:40:08.031Z] node: 🔢 Sequences prepared: 67
[2026-07-19T13:40:08.031Z] node: 🔐 SHA256: 0571b40b97c313f0d7c64b55a9b719c704ca096446a301a9efaa746a997927fd
[2026-07-19T13:40:08.032Z] node: 📐 File size: 8.74 MB
[2026-07-19T13:40:08.032Z] node: ⏱️ Duration: 13.52 seconds
[2026-07-19T13:40:08.033Z] node: ✅ Verification: PASS (70 tables checked)
[2026-07-19T13:40:08.094Z] ▶️  Run: node recovery/upload/uploadBackup.js --manifest D:\alpha-tech\server\backups\alphatech_hardened_backup_v6_2026-07-19_2026-07-19T13-39-56-248Z.manifest.json
[2026-07-19T13:40:08.363Z] node: [2026-07-19T13:40:08.352Z] ============================================================
[2026-07-19T13:40:08.386Z] node: [2026-07-19T13:40:08.386Z] AlphaTech Recovery Upload ALPHATECH-RECOVERY-UPLOAD-V2-S3-COMPATIBLE
[2026-07-19T13:40:08.392Z] node: [2026-07-19T13:40:08.386Z] ============================================================
[2026-07-19T13:40:10.112Z] node stderr: (node:10780) Warning: NodeVersionSupportWarning: The AWS SDK for JavaScript (v3)
[2026-07-19T13:40:10.115Z] node stderr: versions published after the first week of January 2027
[2026-07-19T13:40:10.116Z] node stderr: will require node >=22. You are running node v20.19.0.
[2026-07-19T13:40:10.116Z] node stderr: To continue receiving updates to AWS services, bug fixes,
[2026-07-19T13:40:10.116Z] node stderr: and security updates please upgrade to node >=22.
[2026-07-19T13:40:10.117Z] node stderr: More information can be found at: https://a.co/c895JFp
[2026-07-19T13:40:10.117Z] node stderr: (Use `node --trace-warnings ...` to show where the warning was created)
[2026-07-19T13:40:12.937Z] node: [2026-07-19T13:40:12.936Z] JSON report: D:\alpha-tech\server\recovery\reports\upload-report-2026-07-19T13-40-12-927Z.json
[2026-07-19T13:40:12.937Z] node: [2026-07-19T13:40:12.937Z] TXT report: D:\alpha-tech\server\recovery\reports\upload-report-2026-07-19T13-40-12-927Z.txt
[2026-07-19T13:40:12.937Z] node: [2026-07-19T13:40:12.937Z] Overall: PASS
[2026-07-19T13:40:13.768Z] ------------------------------------------------------------
[2026-07-19T13:40:13.770Z] Target      : cloudflare-r2
[2026-07-19T13:40:13.773Z] Bucket      : saduaksabuy-recovery
[2026-07-19T13:40:13.774Z] Prefix      : alphatech-production/
[2026-07-19T13:40:13.774Z] Retention   : 7 day(s)
[2026-07-19T13:40:13.774Z] Mode        : APPLY
[2026-07-19T13:40:13.775Z] Scanned     : 86
[2026-07-19T13:40:13.775Z] Candidates  : 0
[2026-07-19T13:40:13.775Z] Deleted     : 0
[2026-07-19T13:40:13.775Z] Remaining   : 86
[2026-07-19T13:40:13.776Z] Failed      : 0
[2026-07-19T13:40:13.776Z] ▶️  Run: node recovery/retention/retentionPolicy.js --apply
[2026-07-19T13:40:13.874Z] node: [2026-07-19T13:40:13.866Z] ============================================================
[2026-07-19T13:40:13.879Z] node: [2026-07-19T13:40:13.876Z] 🧹 AlphaTech Recovery Retention ALPHATECH-RECOVERY-RETENTION-V1
[2026-07-19T13:40:13.879Z] node: [2026-07-19T13:40:13.877Z] ============================================================
[2026-07-19T13:40:13.880Z] node: [2026-07-19T13:40:13.877Z] Mode: APPLY
[2026-07-19T13:40:13.890Z] node: [2026-07-19T13:40:13.890Z] ------------------------------------------------------------
[2026-07-19T13:40:13.891Z] node: [2026-07-19T13:40:13.891Z] Target      : local-backups
[2026-07-19T13:40:13.892Z] node: [2026-07-19T13:40:13.892Z] Directory   : D:\alpha-tech\server\backups
[2026-07-19T13:40:13.893Z] node: [2026-07-19T13:40:13.892Z] Retention   : 3 day(s)
[2026-07-19T13:40:13.893Z] node: [2026-07-19T13:40:13.893Z] Scanned     : 44
[2026-07-19T13:40:13.894Z] node: [2026-07-19T13:40:13.894Z] Candidates  : 2
[2026-07-19T13:40:13.895Z] node: [2026-07-19T13:40:13.895Z] Deleted     : 2
[2026-07-19T13:40:13.895Z] node: [2026-07-19T13:40:13.895Z] Remaining   : 42
[2026-07-19T13:40:13.896Z] node: [2026-07-19T13:40:13.895Z] Failed      : 0
[2026-07-19T13:40:13.896Z] node: [2026-07-19T13:40:13.896Z] ------------------------------------------------------------
[2026-07-19T13:40:13.897Z] node: [2026-07-19T13:40:13.897Z] Target      : offsite-local-mirror
[2026-07-19T13:40:13.897Z] node: [2026-07-19T13:40:13.897Z] Directory   : D:\alpha-tech\server\recovery\offsite
[2026-07-19T13:40:13.898Z] node: [2026-07-19T13:40:13.897Z] Retention   : 7 day(s)
[2026-07-19T13:40:13.898Z] node: [2026-07-19T13:40:13.898Z] Scanned     : 0
[2026-07-19T13:40:13.898Z] node: [2026-07-19T13:40:13.898Z] Candidates  : 0
[2026-07-19T13:40:13.899Z] node: [2026-07-19T13:40:13.899Z] Deleted     : 0
[2026-07-19T13:40:13.899Z] node: [2026-07-19T13:40:13.899Z] Remaining   : 0
[2026-07-19T13:40:13.899Z] node: [2026-07-19T13:40:13.899Z] Failed      : 0
[2026-07-19T13:40:13.903Z] node: [2026-07-19T13:40:13.902Z] 🧾 JSON report: D:\alpha-tech\server\recovery\reports\retention-report-2026-07-19T13-40-13-900Z.json
[2026-07-19T13:40:13.904Z] node: [2026-07-19T13:40:13.904Z] 🧾 TXT report: D:\alpha-tech\server\recovery\reports\retention-report-2026-07-19T13-40-13-900Z.txt
[2026-07-19T13:40:13.904Z] node: [2026-07-19T13:40:13.904Z] ✅ Overall: PASS
[2026-07-19T13:40:13.914Z] ▶️  Run: node qbrs.js --manifest D:\alpha-tech\server\backups\alphatech_hardened_backup_v6_2026-07-19_2026-07-19T13-39-56-248Z.manifest.json --init --yes --reset-schema
[2026-07-19T13:40:14.083Z] node: [2026-07-19T13:40:14.081Z] ============================================================
[2026-07-19T13:40:14.087Z] node: [2026-07-19T13:40:14.087Z] 🚑 AlphaTech Restore Tool P1-HARDENED-RESTORE-V3-NODE-PG
[2026-07-19T13:40:14.088Z] node: [2026-07-19T13:40:14.087Z] ============================================================
[2026-07-19T13:40:14.129Z] node: [2026-07-19T13:40:14.129Z] ✅ Manifest loaded.
[2026-07-19T13:40:14.129Z] node: [2026-07-19T13:40:14.129Z] ✅ SQL file: D:\alpha-tech\server\backups\alphatech_hardened_backup_v6_2026-07-19_2026-07-19T13-39-56-248Z.sql
[2026-07-19T13:40:14.130Z] node: [2026-07-19T13:40:14.129Z] ✅ SHA256 verified: 0571b40b97c313f0d7c64b55a9b719c704ca096446a301a9efaa746a997927fd
[2026-07-19T13:40:14.131Z] node: [2026-07-19T13:40:14.131Z] 🎯 Target DB: postgresql://postgres:***@db.engqdeyzbvnmxbnpemau.supabase.co:5432/postgres
[2026-07-19T13:40:14.132Z] node: [2026-07-19T13:40:14.131Z] 🎯 Host: db.engqdeyzbvnmxbnpemau.supabase.co
[2026-07-19T13:40:14.132Z] node: [2026-07-19T13:40:14.132Z] 🎯 Port: 5432
[2026-07-19T13:40:14.133Z] node: [2026-07-19T13:40:14.132Z] 🎯 Database: postgres
[2026-07-19T13:40:14.133Z] node: [2026-07-19T13:40:14.133Z] 🎯 Schema: public
[2026-07-19T13:40:14.660Z] node: [2026-07-19T13:40:14.659Z] 🔌 Connected to target PostgreSQL successfully.
[2026-07-19T13:40:18.938Z] node: [2026-07-19T13:40:18.875Z] 📊 Existing tables: 70
[2026-07-19T13:40:19.229Z] node: [2026-07-19T13:40:18.875Z] 📦 Existing rows: 24970
[2026-07-19T13:40:19.230Z] node: [2026-07-19T13:40:18.875Z] 🔎 Product: 1910
[2026-07-19T13:40:19.230Z] node: [2026-07-19T13:40:18.875Z] 🔎 BranchPrice: 1908
[2026-07-19T13:40:19.231Z] node: [2026-07-19T13:40:18.876Z] 🔎 StockItem: 3101
[2026-07-19T13:40:19.231Z] node: [2026-07-19T13:40:18.876Z] 🔎 Sale: 34
[2026-07-19T13:40:19.232Z] node: [2026-07-19T13:40:18.876Z] 🔎 SaleItem: 106
[2026-07-19T13:40:19.232Z] node: [2026-07-19T13:40:18.877Z] 🔎 SaleItemSimple: 0
[2026-07-19T13:40:19.233Z] node: [2026-07-19T13:40:18.879Z] 🔎 Payment: 20
[2026-07-19T13:40:19.234Z] node: [2026-07-19T13:40:18.879Z] 🔎 PaymentItem: 20
[2026-07-19T13:40:19.549Z] node: [2026-07-19T13:40:19.526Z] 🧨 Resetting target schema "public" before restore...
[2026-07-19T13:40:19.550Z] node: [2026-07-19T13:40:19.549Z] 🛡️ This action is intended for Recovery / Standby DB only.
[2026-07-19T13:40:20.094Z] node: [2026-07-19T13:40:20.091Z] ✅ Schema "public" reset completed.
[2026-07-19T13:40:20.209Z] node: [2026-07-19T13:40:20.137Z] 🧱 Running Prisma db push against Recovery DB only...
[2026-07-19T13:40:20.209Z] node: [2026-07-19T13:40:20.138Z] 🛡️ DATABASE_URL is injected from RESTORE_DATABASE_URL/RECOVERY_DATABASE_URL for this process only.
[2026-07-19T13:40:32.617Z] node: [2026-07-19T13:40:32.617Z] npx stderr: Environment variables loaded from .env
[2026-07-19T13:40:32.619Z] node: [2026-07-19T13:40:32.618Z] npx: Prisma schema loaded from prisma\schema.prisma
[2026-07-19T13:40:32.629Z] node: [2026-07-19T13:40:32.629Z] npx: Datasource "db": PostgreSQL database "postgres", schema "public" at "db.engqdeyzbvnmxbnpemau.supabase.co:5432"
[2026-07-19T13:40:52.929Z] node: [2026-07-19T13:40:52.928Z] npx: Your database is now in sync with your Prisma schema. Done in 19.11s
[2026-07-19T13:40:52.941Z] node: [2026-07-19T13:40:52.933Z] npx: Running generate... (Use --skip-generate to skip the generators)
[2026-07-19T13:40:57.690Z] node: [2026-07-19T13:40:57.689Z] npx: [2K[1A[2K[GRunning generate... - Prisma Client
[2026-07-19T13:41:01.994Z] node: [2026-07-19T13:41:01.988Z] npx: [2K[1A[2K[G✔ Generated Prisma Client (v6.16.2) to .\node_modules\.prisma\client in 4.27s
[2026-07-19T13:41:09.692Z] node: [2026-07-19T13:41:09.690Z] ✅ Prisma db push completed for Recovery DB.
[2026-07-19T13:41:14.050Z] node: [2026-07-19T13:41:14.049Z] 📊 Existing tables: 70
[2026-07-19T13:41:14.051Z] node: [2026-07-19T13:41:14.049Z] 📦 Existing rows: 0
[2026-07-19T13:41:14.051Z] node: [2026-07-19T13:41:14.050Z] 🔎 Product: 0
[2026-07-19T13:41:14.051Z] node: [2026-07-19T13:41:14.050Z] 🔎 BranchPrice: 0
[2026-07-19T13:41:14.052Z] node: [2026-07-19T13:41:14.050Z] 🔎 StockItem: 0
[2026-07-19T13:41:14.052Z] node: [2026-07-19T13:41:14.050Z] 🔎 Sale: 0
[2026-07-19T13:41:14.052Z] node: [2026-07-19T13:41:14.050Z] 🔎 SaleItem: 0
[2026-07-19T13:41:14.053Z] node: [2026-07-19T13:41:14.050Z] 🔎 SaleItemSimple: 0
[2026-07-19T13:41:14.053Z] node: [2026-07-19T13:41:14.051Z] 🔎 Payment: 0
[2026-07-19T13:41:14.053Z] node: [2026-07-19T13:41:14.051Z] 🔎 PaymentItem: 0
[2026-07-19T13:41:14.295Z] node: [2026-07-19T13:41:14.294Z] 📖 SQL loaded into memory (8.74 MB).
[2026-07-19T13:41:14.299Z] node: [2026-07-19T13:41:14.294Z] 🚚 Starting SQL restore via Node.js pg client...
[2026-07-19T13:41:18.226Z] node: [2026-07-19T13:41:18.224Z] ✅ SQL restore completed via Node.js pg client.
[2026-07-19T13:41:23.301Z] node: [2026-07-19T13:41:23.300Z] ✅ Restore verification PASS (70 tables checked).
[2026-07-19T13:41:23.302Z] node: [2026-07-19T13:41:23.301Z] 🎉 Restore completed successfully in 69.22 seconds.
[2026-07-19T13:41:23.321Z] ▶️  Run: node recovery/verify/qbv.js
[2026-07-19T13:41:23.693Z] node: [2026-07-19T13:41:23.690Z] ============================================================
[2026-07-19T13:41:23.696Z] node: [2026-07-19T13:41:23.696Z] 🔎 AlphaTech Integrity Verification ALPHATECH-RECOVERY-VERIFY-V1
[2026-07-19T13:41:23.697Z] node: [2026-07-19T13:41:23.696Z] ============================================================
[2026-07-19T13:41:23.699Z] node: [2026-07-19T13:41:23.698Z] Collecting Production snapshot...
[2026-07-19T13:41:37.830Z] node: [2026-07-19T13:41:37.828Z] Collecting Recovery snapshot...
[2026-07-19T13:41:51.192Z] node: [2026-07-19T13:41:51.191Z] Comparing snapshots...
[2026-07-19T13:41:51.419Z] node: [2026-07-19T13:41:51.418Z] 🧾 JSON report: D:\alpha-tech\server\recovery\reports\verification-report_2026-07-19T13-41-51-195Z.json
[2026-07-19T13:41:51.424Z] node: [2026-07-19T13:41:51.420Z] 🧾 TXT report: D:\alpha-tech\server\recovery\reports\verification-report_2026-07-19T13-41-51-195Z.txt
[2026-07-19T13:41:51.425Z] node: [2026-07-19T13:41:51.423Z] ✅ Overall: PASS
[2026-07-19T13:41:52.065Z] 🧾 Job manifest: D:\alpha-tech\server\recovery\jobs\job-2026-07-19T13-39-49-747Z.json
[2026-07-19T13:41:52.067Z] ✅ Job result: PASS exitCode=0
