[2026-07-21T07:39:48.824Z] ============================================================
[2026-07-21T07:39:48.832Z] 🧭 AlphaTech Recovery Retention Workflow ALPHATECH-RECOVERY-JOB-RUNNER-V7-R2-RETENTION
[2026-07-21T07:39:48.832Z] ============================================================
[2026-07-21T07:39:48.833Z] Mode: backup-workflow
[2026-07-21T07:39:48.833Z] ▶️  Run: node recovery/health/healthCheck.js
[2026-07-21T07:39:49.047Z] node: [2026-07-21T07:39:49.045Z] ============================================================
[2026-07-21T07:39:49.048Z] node: [2026-07-21T07:39:49.048Z] 🩺 AlphaTech Recovery Health Check ALPHATECH-RECOVERY-HEALTH-CHECK-V1
[2026-07-21T07:39:49.049Z] node: [2026-07-21T07:39:49.049Z] ============================================================
[2026-07-21T07:39:49.973Z] node: [2026-07-21T07:39:49.973Z] 🧾 JSON report: D:\alpha-tech\server\recovery\reports\health-check-2026-07-21T07-39-49-964Z.json
[2026-07-21T07:39:49.974Z] node: [2026-07-21T07:39:49.974Z] 🧾 TXT report: D:\alpha-tech\server\recovery\reports\health-check-2026-07-21T07-39-49-964Z.txt
[2026-07-21T07:39:49.975Z] node: [2026-07-21T07:39:49.974Z] ✅ Overall: PASS
[2026-07-21T07:39:50.014Z] ▶️  Run: node qb.js
[2026-07-21T07:39:50.498Z] node: 🔌 Connected to PostgreSQL successfully.
[2026-07-21T07:39:50.507Z] node: ⏳ Starting P1 Hardened Backup v6 Type-aware + generic self-reference FK safe restore...
[2026-07-21T07:39:54.194Z] node: 📦 Exporting table: Bank
[2026-07-21T07:39:54.231Z] node: 📦 Exporting table: Brand
[2026-07-21T07:39:54.274Z] node: 📦 Exporting table: Category
[2026-07-21T07:39:54.309Z] node: 📦 Exporting table: GlobalProductType
[2026-07-21T07:39:54.344Z] node: 📦 Exporting table: Position
[2026-07-21T07:39:54.379Z] node: 📦 Exporting table: Province
[2026-07-21T07:39:54.414Z] node: 📦 Exporting table: District
[2026-07-21T07:39:54.470Z] node: 📦 Exporting table: Subdistrict
[2026-07-21T07:39:54.665Z] node: 📦 Exporting table: Branch
[2026-07-21T07:39:54.703Z] node: 📦 Exporting table: BarcodeCounter
[2026-07-21T07:39:54.738Z] node: 📦 Exporting table: PaymentCodeCounter
[2026-07-21T07:39:54.772Z] node: 📦 Exporting table: ProductType
[2026-07-21T07:39:54.811Z] node: 📦 Exporting table: ProductTypeBrand
[2026-07-21T07:39:54.854Z] node: 📦 Exporting table: Supplier
[2026-07-21T07:39:54.891Z] node: 📦 Exporting table: Unit
[2026-07-21T07:39:54.926Z] node: 📦 Exporting table: Product
[2026-07-21T07:39:55.061Z] node: 📦 Exporting table: BranchPrice
[2026-07-21T07:39:55.155Z] node: 📦 Exporting table: ProductImage
[2026-07-21T07:39:55.190Z] node: 📦 Exporting table: StockBalance
[2026-07-21T07:39:55.248Z] node: 📦 Exporting table: User
[2026-07-21T07:39:55.289Z] node: 📦 Exporting table: CustomerProfile
[2026-07-21T07:39:55.332Z] node: 📦 Exporting table: Cart
[2026-07-21T07:39:55.368Z] node: 📦 Exporting table: CartItem
[2026-07-21T07:39:55.402Z] node: 📦 Exporting table: EmployeeProfile
[2026-07-21T07:39:55.437Z] node: 📦 Exporting table: CombinedBillingDocument
[2026-07-21T07:39:55.472Z] node: 📦 Exporting table: CombinedSaleDocument
[2026-07-21T07:39:55.506Z] node: 📦 Exporting table: CustomerDeposit
[2026-07-21T07:39:55.540Z] node: 📦 Exporting table: CustomerReceipts
[2026-07-21T07:39:55.576Z] node: 📦 Exporting table: InputTaxFilingBatch
[2026-07-21T07:39:55.610Z] node: 📦 Exporting table: Order
[2026-07-21T07:39:55.644Z] node: 📦 Exporting table: OrderOnline
[2026-07-21T07:39:55.679Z] node: 📦 Exporting table: OrderOnlineItem
[2026-07-21T07:39:55.713Z] node: 📦 Exporting table: PasswordResetToken
[2026-07-21T07:39:55.748Z] node: 📦 Exporting table: ProductOnOrder
[2026-07-21T07:39:55.782Z] node: 📦 Exporting table: PurchaseOrder
[2026-07-21T07:39:55.818Z] node: 📦 Exporting table: PurchaseOrderItem
[2026-07-21T07:39:55.857Z] node: 📦 Exporting table: PurchaseOrderReceipt
[2026-07-21T07:39:55.894Z] node: 📦 Exporting table: InputTaxFilingItem
[2026-07-21T07:39:55.928Z] node: 📦 Exporting table: PurchaseOrderReceiptItem
[2026-07-21T07:39:55.966Z] node: 📦 Exporting table: RefreshToken
[2026-07-21T07:39:56.280Z] node: 📦 Exporting table: Sale
[2026-07-21T07:39:56.323Z] node: 📦 Exporting table: CustomerReceiptAllocations
[2026-07-21T07:39:56.358Z] node: 📦 Exporting table: Payment
[2026-07-21T07:39:56.394Z] node: 📦 Exporting table: DepositUsage
[2026-07-21T07:39:56.429Z] node: 📦 Exporting table: PaymentItem
[2026-07-21T07:39:56.465Z] node: 📦 Exporting table: SaleReturn
[2026-07-21T07:39:56.499Z] node: 📦 Exporting table: RefundTransaction
[2026-07-21T07:39:56.537Z] node: 📦 Exporting table: SalesTaxFilingBatch
[2026-07-21T07:39:56.571Z] node: 📦 Exporting table: SalesTaxFilingItem
[2026-07-21T07:39:56.605Z] node: 📦 Exporting table: ServiceOrder
[2026-07-21T07:39:56.640Z] node: 📦 Exporting table: ServiceItem
[2026-07-21T07:39:56.674Z] node: 📦 Exporting table: SimpleLot
[2026-07-21T07:39:56.712Z] node: 📦 Exporting table: SaleItemSimple
[2026-07-21T07:39:56.747Z] node: 📦 Exporting table: SaleReturnItemSimple
[2026-07-21T07:39:56.782Z] node: 📦 Exporting table: StockAuditSession
[2026-07-21T07:39:56.816Z] node: 📦 Exporting table: StockItem
[2026-07-21T07:39:57.023Z] node: 📦 Exporting table: BarcodeReceiptItem
[2026-07-21T07:39:57.082Z] node: 📦 Exporting table: RepairJob
[2026-07-21T07:39:57.117Z] node: 📦 Exporting table: RepairPartItem
[2026-07-21T07:39:57.151Z] node: 📦 Exporting table: SaleItem
[2026-07-21T07:39:57.191Z] node: 📦 Exporting table: SaleReturnItem
[2026-07-21T07:39:57.226Z] node: 📦 Exporting table: StockAuditScanLog
[2026-07-21T07:39:57.263Z] node: 📦 Exporting table: StockAuditSnapshotItem
[2026-07-21T07:39:57.314Z] node: 📦 Exporting table: StockMovement
[2026-07-21T07:39:57.395Z] node: 📦 Exporting table: SupplierPayment
[2026-07-21T07:39:57.430Z] node: 📦 Exporting table: SupplierPaymentReceipt
[2026-07-21T07:39:57.464Z] node: 📦 Exporting table: V2CustomerDeposit
[2026-07-21T07:39:57.499Z] node: 📦 Exporting table: V2StockAudit
[2026-07-21T07:39:57.533Z] node: 📦 Exporting table: V2StockAuditItem
[2026-07-21T07:39:57.568Z] node: 📦 Exporting table: WarrantyClaim
[2026-07-21T07:40:00.184Z] node: 🎉 P1 Hardened Backup v6 Type-aware + generic self-reference FK safe restore completed successfully.
[2026-07-21T07:40:00.191Z] node: 💾 Backup file: D:\alpha-tech\server\backups\alphatech_hardened_backup_v6_2026-07-21_2026-07-21T07-39-54-159Z.sql
[2026-07-21T07:40:00.191Z] node: 🧾 Manifest file: D:\alpha-tech\server\backups\alphatech_hardened_backup_v6_2026-07-21_2026-07-21T07-39-54-159Z.manifest.json
[2026-07-21T07:40:00.192Z] node: 📊 Tables exported: 70
[2026-07-21T07:40:00.195Z] node: 📦 Rows exported: 26033
[2026-07-21T07:40:00.196Z] node: 🔢 Sequences prepared: 67
[2026-07-21T07:40:00.196Z] node: 🔐 SHA256: 00f9a050b397e92d1d0a6b7ba77ce3aaa26dbe2e330b5b45dc1af6a319b68859
[2026-07-21T07:40:00.196Z] node: 📐 File size: 9.22 MB
[2026-07-21T07:40:00.197Z] node: ⏱️ Duration: 7.49 seconds
[2026-07-21T07:40:00.197Z] node: ✅ Verification: PASS (70 tables checked)
[2026-07-21T07:40:00.264Z] ▶️  Run: node recovery/upload/uploadBackup.js --manifest D:\alpha-tech\server\backups\alphatech_hardened_backup_v6_2026-07-21_2026-07-21T07-39-54-159Z.manifest.json
[2026-07-21T07:40:00.375Z] node: [2026-07-21T07:40:00.369Z] ============================================================
[2026-07-21T07:40:00.377Z] node: [2026-07-21T07:40:00.377Z] AlphaTech Recovery Upload ALPHATECH-RECOVERY-UPLOAD-V2-S3-COMPATIBLE
[2026-07-21T07:40:00.378Z] node: [2026-07-21T07:40:00.377Z] ============================================================
[2026-07-21T07:40:00.660Z] node stderr: (node:21680) Warning: NodeVersionSupportWarning: The AWS SDK for JavaScript (v3)
[2026-07-21T07:40:00.661Z] node stderr: versions published after the first week of January 2027
[2026-07-21T07:40:00.662Z] node stderr: will require node >=22. You are running node v20.19.0.
[2026-07-21T07:40:00.662Z] node stderr: To continue receiving updates to AWS services, bug fixes,
[2026-07-21T07:40:00.663Z] node stderr: and security updates please upgrade to node >=22.
[2026-07-21T07:40:00.663Z] node stderr: More information can be found at: https://a.co/c895JFp
[2026-07-21T07:40:00.663Z] node stderr: (Use `node --trace-warnings ...` to show where the warning was created)
[2026-07-21T07:40:04.675Z] node: [2026-07-21T07:40:04.675Z] JSON report: D:\alpha-tech\server\recovery\reports\upload-report-2026-07-21T07-40-04-673Z.json
[2026-07-21T07:40:04.676Z] node: [2026-07-21T07:40:04.675Z] TXT report: D:\alpha-tech\server\recovery\reports\upload-report-2026-07-21T07-40-04-673Z.txt
[2026-07-21T07:40:04.677Z] node: [2026-07-21T07:40:04.675Z] Overall: PASS
[2026-07-21T07:40:05.324Z] ------------------------------------------------------------
[2026-07-21T07:40:05.324Z] Target      : cloudflare-r2
[2026-07-21T07:40:05.326Z] Bucket      : saduaksabuy-recovery
[2026-07-21T07:40:05.326Z] Prefix      : alphatech-production/
[2026-07-21T07:40:05.326Z] Retention   : 7 day(s)
[2026-07-21T07:40:05.326Z] Mode        : APPLY
[2026-07-21T07:40:05.327Z] Scanned     : 90
[2026-07-21T07:40:05.327Z] Candidates  : 0
[2026-07-21T07:40:05.327Z] Deleted     : 0
[2026-07-21T07:40:05.328Z] Remaining   : 90
[2026-07-21T07:40:05.328Z] Failed      : 0
[2026-07-21T07:40:05.328Z] ▶️  Run: node recovery/retention/retentionPolicy.js --apply
[2026-07-21T07:40:05.442Z] node: [2026-07-21T07:40:05.431Z] ============================================================
[2026-07-21T07:40:05.447Z] node: [2026-07-21T07:40:05.447Z] 🧹 AlphaTech Recovery Retention ALPHATECH-RECOVERY-RETENTION-V1
[2026-07-21T07:40:05.448Z] node: [2026-07-21T07:40:05.448Z] ============================================================
[2026-07-21T07:40:05.449Z] node: [2026-07-21T07:40:05.448Z] Mode: APPLY
[2026-07-21T07:40:05.469Z] node: [2026-07-21T07:40:05.469Z] ------------------------------------------------------------
[2026-07-21T07:40:05.471Z] node: [2026-07-21T07:40:05.470Z] Target      : local-backups
[2026-07-21T07:40:05.471Z] node: [2026-07-21T07:40:05.471Z] Directory   : D:\alpha-tech\server\backups
[2026-07-21T07:40:05.472Z] node: [2026-07-21T07:40:05.471Z] Retention   : 3 day(s)
[2026-07-21T07:40:05.472Z] node: [2026-07-21T07:40:05.471Z] Scanned     : 50
[2026-07-21T07:40:05.473Z] node: [2026-07-21T07:40:05.472Z] Candidates  : 4
[2026-07-21T07:40:05.475Z] node: [2026-07-21T07:40:05.474Z] Deleted     : 4
[2026-07-21T07:40:05.476Z] node: [2026-07-21T07:40:05.475Z] Remaining   : 46
[2026-07-21T07:40:05.476Z] node: [2026-07-21T07:40:05.476Z] Failed      : 0
[2026-07-21T07:40:05.477Z] node: [2026-07-21T07:40:05.477Z] ------------------------------------------------------------
[2026-07-21T07:40:05.478Z] node: [2026-07-21T07:40:05.477Z] Target      : offsite-local-mirror
[2026-07-21T07:40:05.478Z] node: [2026-07-21T07:40:05.478Z] Directory   : D:\alpha-tech\server\recovery\offsite
[2026-07-21T07:40:05.479Z] node: [2026-07-21T07:40:05.478Z] Retention   : 7 day(s)
[2026-07-21T07:40:05.479Z] node: [2026-07-21T07:40:05.479Z] Scanned     : 0
[2026-07-21T07:40:05.480Z] node: [2026-07-21T07:40:05.480Z] Candidates  : 0
[2026-07-21T07:40:05.480Z] node: [2026-07-21T07:40:05.480Z] Deleted     : 0
[2026-07-21T07:40:05.481Z] node: [2026-07-21T07:40:05.481Z] Remaining   : 0
[2026-07-21T07:40:05.481Z] node: [2026-07-21T07:40:05.481Z] Failed      : 0
[2026-07-21T07:40:05.486Z] node: [2026-07-21T07:40:05.486Z] 🧾 JSON report: D:\alpha-tech\server\recovery\reports\retention-report-2026-07-21T07-40-05-482Z.json
[2026-07-21T07:40:05.487Z] node: [2026-07-21T07:40:05.487Z] 🧾 TXT report: D:\alpha-tech\server\recovery\reports\retention-report-2026-07-21T07-40-05-482Z.txt
[2026-07-21T07:40:05.488Z] node: [2026-07-21T07:40:05.487Z] ✅ Overall: PASS
[2026-07-21T07:40:05.503Z] ▶️  Run: node qbrs.js --manifest D:\alpha-tech\server\backups\alphatech_hardened_backup_v6_2026-07-21_2026-07-21T07-39-54-159Z.manifest.json --init --yes --reset-schema
[2026-07-21T07:40:05.731Z] node: [2026-07-21T07:40:05.729Z] ============================================================
[2026-07-21T07:40:05.733Z] node: [2026-07-21T07:40:05.733Z] 🚑 AlphaTech Restore Tool P1-HARDENED-RESTORE-V3-NODE-PG
[2026-07-21T07:40:05.736Z] node: [2026-07-21T07:40:05.736Z] ============================================================
[2026-07-21T07:40:05.788Z] node: [2026-07-21T07:40:05.787Z] ✅ Manifest loaded.
[2026-07-21T07:40:05.788Z] node: [2026-07-21T07:40:05.788Z] ✅ SQL file: D:\alpha-tech\server\backups\alphatech_hardened_backup_v6_2026-07-21_2026-07-21T07-39-54-159Z.sql
[2026-07-21T07:40:05.790Z] node: [2026-07-21T07:40:05.788Z] ✅ SHA256 verified: 00f9a050b397e92d1d0a6b7ba77ce3aaa26dbe2e330b5b45dc1af6a319b68859
[2026-07-21T07:40:05.790Z] node: [2026-07-21T07:40:05.790Z] 🎯 Target DB: postgresql://postgres:***@db.engqdeyzbvnmxbnpemau.supabase.co:5432/postgres
[2026-07-21T07:40:05.791Z] node: [2026-07-21T07:40:05.791Z] 🎯 Host: db.engqdeyzbvnmxbnpemau.supabase.co
[2026-07-21T07:40:05.792Z] node: [2026-07-21T07:40:05.791Z] 🎯 Port: 5432
[2026-07-21T07:40:05.792Z] node: [2026-07-21T07:40:05.792Z] 🎯 Database: postgres
[2026-07-21T07:40:05.793Z] node: [2026-07-21T07:40:05.793Z] 🎯 Schema: public
[2026-07-21T07:40:06.174Z] node: [2026-07-21T07:40:06.174Z] 🔌 Connected to target PostgreSQL successfully.
[2026-07-21T07:40:09.487Z] node: [2026-07-21T07:40:09.487Z] 📊 Existing tables: 70
[2026-07-21T07:40:09.488Z] node: [2026-07-21T07:40:09.487Z] 📦 Existing rows: 25420
[2026-07-21T07:40:09.489Z] node: [2026-07-21T07:40:09.488Z] 🔎 Product: 1913
[2026-07-21T07:40:09.490Z] node: [2026-07-21T07:40:09.488Z] 🔎 BranchPrice: 1911
[2026-07-21T07:40:09.491Z] node: [2026-07-21T07:40:09.488Z] 🔎 StockItem: 3150
[2026-07-21T07:40:09.492Z] node: [2026-07-21T07:40:09.488Z] 🔎 Sale: 67
[2026-07-21T07:40:09.492Z] node: [2026-07-21T07:40:09.488Z] 🔎 SaleItem: 160
[2026-07-21T07:40:09.492Z] node: [2026-07-21T07:40:09.489Z] 🔎 SaleItemSimple: 0
[2026-07-21T07:40:09.493Z] node: [2026-07-21T07:40:09.489Z] 🔎 Payment: 48
[2026-07-21T07:40:09.493Z] node: [2026-07-21T07:40:09.490Z] 🔎 PaymentItem: 48
[2026-07-21T07:40:09.735Z] node: [2026-07-21T07:40:09.735Z] 🧨 Resetting target schema "public" before restore...
[2026-07-21T07:40:09.736Z] node: [2026-07-21T07:40:09.735Z] 🛡️ This action is intended for Recovery / Standby DB only.
[2026-07-21T07:40:10.377Z] node: [2026-07-21T07:40:10.377Z] ✅ Schema "public" reset completed.
[2026-07-21T07:40:10.411Z] node: [2026-07-21T07:40:10.411Z] 🧱 Running Prisma db push against Recovery DB only...
[2026-07-21T07:40:10.411Z] node: [2026-07-21T07:40:10.411Z] 🛡️ DATABASE_URL is injected from RESTORE_DATABASE_URL/RECOVERY_DATABASE_URL for this process only.
[2026-07-21T07:40:15.238Z] node: [2026-07-21T07:40:15.238Z] npx stderr: Environment variables loaded from .env
[2026-07-21T07:40:15.240Z] node: [2026-07-21T07:40:15.239Z] npx: Prisma schema loaded from prisma\schema.prisma
[2026-07-21T07:40:15.251Z] node: [2026-07-21T07:40:15.251Z] npx: Datasource "db": PostgreSQL database "postgres", schema "public" at "db.engqdeyzbvnmxbnpemau.supabase.co:5432"
[2026-07-21T07:40:15.288Z] node: [2026-07-21T07:40:15.287Z] npx stderr: Error: Schema engine exited. Error: Command failed with exit code 3221225794: D:\alpha-tech\server\node_modules\@prisma\engines\schema-engine-windows.exe cli --datasource <REDACTED> can-connect-to-database
[2026-07-21T07:40:15.333Z] node: [2026-07-21T07:40:15.332Z] ❌ Restore failed: npx exited with code 1
[2026-07-21T07:40:15.347Z] 🧾 Job manifest: D:\alpha-tech\server\recovery\jobs\job-2026-07-21T07-39-48-820Z.json
[2026-07-21T07:40:15.347Z] ❌ Job result: FAIL exitCode=30
