[2026-07-20T09:34:22.614Z] ============================================================
[2026-07-20T09:34:22.621Z] 🧭 AlphaTech Recovery Retention Workflow ALPHATECH-RECOVERY-JOB-RUNNER-V7-R2-RETENTION
[2026-07-20T09:34:22.621Z] ============================================================
[2026-07-20T09:34:22.621Z] Mode: backup-workflow
[2026-07-20T09:34:22.622Z] ▶️  Run: node recovery/health/healthCheck.js
[2026-07-20T09:34:22.843Z] node: [2026-07-20T09:34:22.841Z] ============================================================
[2026-07-20T09:34:22.844Z] node: [2026-07-20T09:34:22.844Z] 🩺 AlphaTech Recovery Health Check ALPHATECH-RECOVERY-HEALTH-CHECK-V1
[2026-07-20T09:34:22.845Z] node: [2026-07-20T09:34:22.845Z] ============================================================
[2026-07-20T09:34:23.733Z] node: [2026-07-20T09:34:23.733Z] 🧾 JSON report: D:\alpha-tech\server\recovery\reports\health-check-2026-07-20T09-34-23-731Z.json
[2026-07-20T09:34:23.733Z] node: [2026-07-20T09:34:23.733Z] 🧾 TXT report: D:\alpha-tech\server\recovery\reports\health-check-2026-07-20T09-34-23-731Z.txt
[2026-07-20T09:34:23.734Z] node: [2026-07-20T09:34:23.734Z] ✅ Overall: PASS
[2026-07-20T09:34:23.750Z] ▶️  Run: node qb.js
[2026-07-20T09:34:24.203Z] node: 🔌 Connected to PostgreSQL successfully.
[2026-07-20T09:34:24.205Z] node: ⏳ Starting P1 Hardened Backup v6 Type-aware + generic self-reference FK safe restore...
[2026-07-20T09:34:28.224Z] node: 📦 Exporting table: Bank
[2026-07-20T09:34:28.264Z] node: 📦 Exporting table: Brand
[2026-07-20T09:34:28.366Z] node: 📦 Exporting table: Category
[2026-07-20T09:34:28.431Z] node: 📦 Exporting table: GlobalProductType
[2026-07-20T09:34:28.468Z] node: 📦 Exporting table: Position
[2026-07-20T09:34:28.507Z] node: 📦 Exporting table: Province
[2026-07-20T09:34:28.552Z] node: 📦 Exporting table: District
[2026-07-20T09:34:28.679Z] node: 📦 Exporting table: Subdistrict
[2026-07-20T09:34:28.928Z] node: 📦 Exporting table: Branch
[2026-07-20T09:34:28.966Z] node: 📦 Exporting table: BarcodeCounter
[2026-07-20T09:34:29.002Z] node: 📦 Exporting table: PaymentCodeCounter
[2026-07-20T09:34:29.039Z] node: 📦 Exporting table: ProductType
[2026-07-20T09:34:29.080Z] node: 📦 Exporting table: ProductTypeBrand
[2026-07-20T09:34:29.126Z] node: 📦 Exporting table: Supplier
[2026-07-20T09:34:29.165Z] node: 📦 Exporting table: Unit
[2026-07-20T09:34:29.201Z] node: 📦 Exporting table: Product
[2026-07-20T09:34:29.383Z] node: 📦 Exporting table: BranchPrice
[2026-07-20T09:34:29.488Z] node: 📦 Exporting table: ProductImage
[2026-07-20T09:34:29.525Z] node: 📦 Exporting table: StockBalance
[2026-07-20T09:34:29.588Z] node: 📦 Exporting table: User
[2026-07-20T09:34:29.632Z] node: 📦 Exporting table: CustomerProfile
[2026-07-20T09:34:29.677Z] node: 📦 Exporting table: Cart
[2026-07-20T09:34:29.714Z] node: 📦 Exporting table: CartItem
[2026-07-20T09:34:29.750Z] node: 📦 Exporting table: EmployeeProfile
[2026-07-20T09:34:29.787Z] node: 📦 Exporting table: CombinedBillingDocument
[2026-07-20T09:34:29.824Z] node: 📦 Exporting table: CombinedSaleDocument
[2026-07-20T09:34:29.861Z] node: 📦 Exporting table: CustomerDeposit
[2026-07-20T09:34:29.897Z] node: 📦 Exporting table: CustomerReceipts
[2026-07-20T09:34:29.934Z] node: 📦 Exporting table: InputTaxFilingBatch
[2026-07-20T09:34:29.971Z] node: 📦 Exporting table: Order
[2026-07-20T09:34:30.011Z] node: 📦 Exporting table: OrderOnline
[2026-07-20T09:34:30.049Z] node: 📦 Exporting table: OrderOnlineItem
[2026-07-20T09:34:30.085Z] node: 📦 Exporting table: PasswordResetToken
[2026-07-20T09:34:30.121Z] node: 📦 Exporting table: ProductOnOrder
[2026-07-20T09:34:30.158Z] node: 📦 Exporting table: PurchaseOrder
[2026-07-20T09:34:30.196Z] node: 📦 Exporting table: PurchaseOrderItem
[2026-07-20T09:34:30.236Z] node: 📦 Exporting table: PurchaseOrderReceipt
[2026-07-20T09:34:30.276Z] node: 📦 Exporting table: InputTaxFilingItem
[2026-07-20T09:34:30.312Z] node: 📦 Exporting table: PurchaseOrderReceiptItem
[2026-07-20T09:34:30.352Z] node: 📦 Exporting table: RefreshToken
[2026-07-20T09:34:30.635Z] node: 📦 Exporting table: Sale
[2026-07-20T09:34:30.678Z] node: 📦 Exporting table: CustomerReceiptAllocations
[2026-07-20T09:34:30.715Z] node: 📦 Exporting table: Payment
[2026-07-20T09:34:30.753Z] node: 📦 Exporting table: DepositUsage
[2026-07-20T09:34:30.790Z] node: 📦 Exporting table: PaymentItem
[2026-07-20T09:34:30.828Z] node: 📦 Exporting table: SaleReturn
[2026-07-20T09:34:30.864Z] node: 📦 Exporting table: RefundTransaction
[2026-07-20T09:34:30.901Z] node: 📦 Exporting table: SalesTaxFilingBatch
[2026-07-20T09:34:30.937Z] node: 📦 Exporting table: SalesTaxFilingItem
[2026-07-20T09:34:30.973Z] node: 📦 Exporting table: ServiceOrder
[2026-07-20T09:34:31.011Z] node: 📦 Exporting table: ServiceItem
[2026-07-20T09:34:31.048Z] node: 📦 Exporting table: SimpleLot
[2026-07-20T09:34:31.084Z] node: 📦 Exporting table: SaleItemSimple
[2026-07-20T09:34:31.121Z] node: 📦 Exporting table: SaleReturnItemSimple
[2026-07-20T09:34:31.161Z] node: 📦 Exporting table: StockAuditSession
[2026-07-20T09:34:31.200Z] node: 📦 Exporting table: StockItem
[2026-07-20T09:34:31.473Z] node: 📦 Exporting table: BarcodeReceiptItem
[2026-07-20T09:34:31.546Z] node: 📦 Exporting table: RepairJob
[2026-07-20T09:34:31.583Z] node: 📦 Exporting table: RepairPartItem
[2026-07-20T09:34:31.620Z] node: 📦 Exporting table: SaleItem
[2026-07-20T09:34:31.664Z] node: 📦 Exporting table: SaleReturnItem
[2026-07-20T09:34:31.700Z] node: 📦 Exporting table: StockAuditScanLog
[2026-07-20T09:34:31.736Z] node: 📦 Exporting table: StockAuditSnapshotItem
[2026-07-20T09:34:31.796Z] node: 📦 Exporting table: StockMovement
[2026-07-20T09:34:31.856Z] node: 📦 Exporting table: SupplierPayment
[2026-07-20T09:34:31.895Z] node: 📦 Exporting table: SupplierPaymentReceipt
[2026-07-20T09:34:31.932Z] node: 📦 Exporting table: V2CustomerDeposit
[2026-07-20T09:34:31.968Z] node: 📦 Exporting table: V2StockAudit
[2026-07-20T09:34:32.004Z] node: 📦 Exporting table: V2StockAuditItem
[2026-07-20T09:34:32.041Z] node: 📦 Exporting table: WarrantyClaim
[2026-07-20T09:34:34.736Z] node: 🎉 P1 Hardened Backup v6 Type-aware + generic self-reference FK safe restore completed successfully.
[2026-07-20T09:34:34.741Z] node: 💾 Backup file: D:\alpha-tech\server\backups\alphatech_hardened_backup_v6_2026-07-20_2026-07-20T09-34-28-106Z.sql
[2026-07-20T09:34:34.741Z] node: 🧾 Manifest file: D:\alpha-tech\server\backups\alphatech_hardened_backup_v6_2026-07-20_2026-07-20T09-34-28-106Z.manifest.json
[2026-07-20T09:34:34.742Z] node: 📊 Tables exported: 70
[2026-07-20T09:34:34.742Z] node: 📦 Rows exported: 25319
[2026-07-20T09:34:34.742Z] node: 🔢 Sequences prepared: 67
[2026-07-20T09:34:34.742Z] node: 🔐 SHA256: a9eac29e19b181e38be472e0646272b039fce45dc8fa35216351a176958b7159
[2026-07-20T09:34:34.743Z] node: 📐 File size: 8.89 MB
[2026-07-20T09:34:34.743Z] node: ⏱️ Duration: 8.23 seconds
[2026-07-20T09:34:34.743Z] node: ✅ Verification: PASS (70 tables checked)
[2026-07-20T09:34:34.804Z] ▶️  Run: node recovery/upload/uploadBackup.js --manifest D:\alpha-tech\server\backups\alphatech_hardened_backup_v6_2026-07-20_2026-07-20T09-34-28-106Z.manifest.json
[2026-07-20T09:34:34.922Z] node: [2026-07-20T09:34:34.918Z] ============================================================
[2026-07-20T09:34:34.924Z] node: [2026-07-20T09:34:34.924Z] AlphaTech Recovery Upload ALPHATECH-RECOVERY-UPLOAD-V2-S3-COMPATIBLE
[2026-07-20T09:34:34.925Z] node: [2026-07-20T09:34:34.925Z] ============================================================
[2026-07-20T09:34:35.239Z] node stderr: (node:24100) Warning: NodeVersionSupportWarning: The AWS SDK for JavaScript (v3)
[2026-07-20T09:34:35.239Z] node stderr: versions published after the first week of January 2027
[2026-07-20T09:34:35.240Z] node stderr: will require node >=22. You are running node v20.19.0.
[2026-07-20T09:34:35.241Z] node stderr: To continue receiving updates to AWS services, bug fixes,
[2026-07-20T09:34:35.241Z] node stderr: and security updates please upgrade to node >=22.
[2026-07-20T09:34:35.242Z] node stderr: More information can be found at: https://a.co/c895JFp
[2026-07-20T09:34:35.243Z] node stderr: (Use `node --trace-warnings ...` to show where the warning was created)
[2026-07-20T09:34:37.279Z] node: [2026-07-20T09:34:37.279Z] JSON report: D:\alpha-tech\server\recovery\reports\upload-report-2026-07-20T09-34-37-267Z.json
[2026-07-20T09:34:37.280Z] node: [2026-07-20T09:34:37.280Z] TXT report: D:\alpha-tech\server\recovery\reports\upload-report-2026-07-20T09-34-37-267Z.txt
[2026-07-20T09:34:37.280Z] node: [2026-07-20T09:34:37.281Z] Overall: PASS
[2026-07-20T09:34:37.951Z] ------------------------------------------------------------
[2026-07-20T09:34:37.951Z] Target      : cloudflare-r2
[2026-07-20T09:34:37.952Z] Bucket      : saduaksabuy-recovery
[2026-07-20T09:34:37.954Z] Prefix      : alphatech-production/
[2026-07-20T09:34:37.955Z] Retention   : 7 day(s)
[2026-07-20T09:34:37.956Z] Mode        : APPLY
[2026-07-20T09:34:37.956Z] Scanned     : 88
[2026-07-20T09:34:37.957Z] Candidates  : 0
[2026-07-20T09:34:37.957Z] Deleted     : 0
[2026-07-20T09:34:37.958Z] Remaining   : 88
[2026-07-20T09:34:37.958Z] Failed      : 0
[2026-07-20T09:34:37.959Z] ▶️  Run: node recovery/retention/retentionPolicy.js --apply
[2026-07-20T09:34:38.080Z] node: [2026-07-20T09:34:38.073Z] ============================================================
[2026-07-20T09:34:38.081Z] node: [2026-07-20T09:34:38.081Z] 🧹 AlphaTech Recovery Retention ALPHATECH-RECOVERY-RETENTION-V1
[2026-07-20T09:34:38.082Z] node: [2026-07-20T09:34:38.081Z] ============================================================
[2026-07-20T09:34:38.083Z] node: [2026-07-20T09:34:38.082Z] Mode: APPLY
[2026-07-20T09:34:38.093Z] node: [2026-07-20T09:34:38.093Z] ------------------------------------------------------------
[2026-07-20T09:34:38.094Z] node: [2026-07-20T09:34:38.094Z] Target      : local-backups
[2026-07-20T09:34:38.095Z] node: [2026-07-20T09:34:38.094Z] Directory   : D:\alpha-tech\server\backups
[2026-07-20T09:34:38.095Z] node: [2026-07-20T09:34:38.095Z] Retention   : 3 day(s)
[2026-07-20T09:34:38.096Z] node: [2026-07-20T09:34:38.095Z] Scanned     : 48
[2026-07-20T09:34:38.096Z] node: [2026-07-20T09:34:38.096Z] Candidates  : 2
[2026-07-20T09:34:38.097Z] node: [2026-07-20T09:34:38.096Z] Deleted     : 2
[2026-07-20T09:34:38.097Z] node: [2026-07-20T09:34:38.097Z] Remaining   : 46
[2026-07-20T09:34:38.097Z] node: [2026-07-20T09:34:38.097Z] Failed      : 0
[2026-07-20T09:34:38.099Z] node: [2026-07-20T09:34:38.098Z] ------------------------------------------------------------
[2026-07-20T09:34:38.099Z] node: [2026-07-20T09:34:38.099Z] Target      : offsite-local-mirror
[2026-07-20T09:34:38.100Z] node: [2026-07-20T09:34:38.099Z] Directory   : D:\alpha-tech\server\recovery\offsite
[2026-07-20T09:34:38.100Z] node: [2026-07-20T09:34:38.100Z] Retention   : 7 day(s)
[2026-07-20T09:34:38.101Z] node: [2026-07-20T09:34:38.100Z] Scanned     : 0
[2026-07-20T09:34:38.101Z] node: [2026-07-20T09:34:38.101Z] Candidates  : 0
[2026-07-20T09:34:38.101Z] node: [2026-07-20T09:34:38.101Z] Deleted     : 0
[2026-07-20T09:34:38.105Z] node: [2026-07-20T09:34:38.104Z] Remaining   : 0
[2026-07-20T09:34:38.106Z] node: [2026-07-20T09:34:38.105Z] Failed      : 0
[2026-07-20T09:34:38.108Z] node: [2026-07-20T09:34:38.107Z] 🧾 JSON report: D:\alpha-tech\server\recovery\reports\retention-report-2026-07-20T09-34-38-106Z.json
[2026-07-20T09:34:38.108Z] node: [2026-07-20T09:34:38.108Z] 🧾 TXT report: D:\alpha-tech\server\recovery\reports\retention-report-2026-07-20T09-34-38-106Z.txt
[2026-07-20T09:34:38.109Z] node: [2026-07-20T09:34:38.108Z] ✅ Overall: PASS
[2026-07-20T09:34:38.122Z] ▶️  Run: node qbrs.js --manifest D:\alpha-tech\server\backups\alphatech_hardened_backup_v6_2026-07-20_2026-07-20T09-34-28-106Z.manifest.json --init --yes --reset-schema
[2026-07-20T09:34:38.311Z] node: [2026-07-20T09:34:38.309Z] ============================================================
[2026-07-20T09:34:38.312Z] node: [2026-07-20T09:34:38.313Z] 🚑 AlphaTech Restore Tool P1-HARDENED-RESTORE-V3-NODE-PG
[2026-07-20T09:34:38.313Z] node: [2026-07-20T09:34:38.313Z] ============================================================
[2026-07-20T09:34:38.357Z] node: [2026-07-20T09:34:38.357Z] ✅ Manifest loaded.
[2026-07-20T09:34:38.358Z] node: [2026-07-20T09:34:38.358Z] ✅ SQL file: D:\alpha-tech\server\backups\alphatech_hardened_backup_v6_2026-07-20_2026-07-20T09-34-28-106Z.sql
[2026-07-20T09:34:38.358Z] node: [2026-07-20T09:34:38.358Z] ✅ SHA256 verified: a9eac29e19b181e38be472e0646272b039fce45dc8fa35216351a176958b7159
[2026-07-20T09:34:38.359Z] node: [2026-07-20T09:34:38.359Z] 🎯 Target DB: postgresql://postgres:***@db.engqdeyzbvnmxbnpemau.supabase.co:5432/postgres
[2026-07-20T09:34:38.359Z] node: [2026-07-20T09:34:38.359Z] 🎯 Host: db.engqdeyzbvnmxbnpemau.supabase.co
[2026-07-20T09:34:38.359Z] node: [2026-07-20T09:34:38.360Z] 🎯 Port: 5432
[2026-07-20T09:34:38.360Z] node: [2026-07-20T09:34:38.360Z] 🎯 Database: postgres
[2026-07-20T09:34:38.360Z] node: [2026-07-20T09:34:38.361Z] 🎯 Schema: public
[2026-07-20T09:34:38.746Z] node: [2026-07-20T09:34:38.746Z] 🔌 Connected to target PostgreSQL successfully.
[2026-07-20T09:34:42.147Z] node: [2026-07-20T09:34:42.148Z] 📊 Existing tables: 70
[2026-07-20T09:34:42.148Z] node: [2026-07-20T09:34:42.148Z] 📦 Existing rows: 25252
[2026-07-20T09:34:42.149Z] node: [2026-07-20T09:34:42.149Z] 🔎 Product: 1912
[2026-07-20T09:34:42.149Z] node: [2026-07-20T09:34:42.149Z] 🔎 BranchPrice: 1910
[2026-07-20T09:34:42.149Z] node: [2026-07-20T09:34:42.149Z] 🔎 StockItem: 3149
[2026-07-20T09:34:42.150Z] node: [2026-07-20T09:34:42.149Z] 🔎 Sale: 49
[2026-07-20T09:34:42.150Z] node: [2026-07-20T09:34:42.150Z] 🔎 SaleItem: 134
[2026-07-20T09:34:42.150Z] node: [2026-07-20T09:34:42.150Z] 🔎 SaleItemSimple: 0
[2026-07-20T09:34:42.151Z] node: [2026-07-20T09:34:42.150Z] 🔎 Payment: 34
[2026-07-20T09:34:42.151Z] node: [2026-07-20T09:34:42.150Z] 🔎 PaymentItem: 34
[2026-07-20T09:34:42.403Z] node: [2026-07-20T09:34:42.403Z] 🧨 Resetting target schema "public" before restore...
[2026-07-20T09:34:42.403Z] node: [2026-07-20T09:34:42.403Z] 🛡️ This action is intended for Recovery / Standby DB only.
[2026-07-20T09:34:43.012Z] node: [2026-07-20T09:34:43.011Z] ✅ Schema "public" reset completed.
[2026-07-20T09:34:43.048Z] node: [2026-07-20T09:34:43.048Z] 🧱 Running Prisma db push against Recovery DB only...
[2026-07-20T09:34:43.049Z] node: [2026-07-20T09:34:43.049Z] 🛡️ DATABASE_URL is injected from RESTORE_DATABASE_URL/RECOVERY_DATABASE_URL for this process only.
[2026-07-20T09:34:48.427Z] node: [2026-07-20T09:34:48.427Z] npx stderr: Environment variables loaded from .env
[2026-07-20T09:34:48.428Z] node: [2026-07-20T09:34:48.429Z] npx: Prisma schema loaded from prisma\schema.prisma
[2026-07-20T09:34:48.440Z] node: [2026-07-20T09:34:48.440Z] npx: Datasource "db": PostgreSQL database "postgres", schema "public" at "db.engqdeyzbvnmxbnpemau.supabase.co:5432"
[2026-07-20T09:35:03.598Z] node: [2026-07-20T09:35:03.598Z] npx: Your database is now in sync with your Prisma schema. Done in 14.58s
[2026-07-20T09:35:03.600Z] node: [2026-07-20T09:35:03.601Z] npx: Running generate... (Use --skip-generate to skip the generators)
[2026-07-20T09:35:04.683Z] node: [2026-07-20T09:35:04.683Z] npx: [2K[1A[2K[GRunning generate... - Prisma Client
[2026-07-20T09:35:06.260Z] node: [2026-07-20T09:35:06.261Z] npx: [2K[1A[2K[G✔ Generated Prisma Client (v6.16.2) to .\node_modules\.prisma\client in 1.57s
[2026-07-20T09:35:06.361Z] node: [2026-07-20T09:35:06.361Z] ✅ Prisma db push completed for Recovery DB.
[2026-07-20T09:35:13.951Z] node: [2026-07-20T09:35:13.951Z] 📊 Existing tables: 70
[2026-07-20T09:35:13.953Z] node: [2026-07-20T09:35:13.952Z] 📦 Existing rows: 0
[2026-07-20T09:35:13.958Z] node: [2026-07-20T09:35:13.953Z] 🔎 Product: 0
[2026-07-20T09:35:14.021Z] node: [2026-07-20T09:35:14.021Z] 🔎 BranchPrice: 0
[2026-07-20T09:35:14.045Z] node: [2026-07-20T09:35:14.028Z] 🔎 StockItem: 0
[2026-07-20T09:35:14.047Z] node: [2026-07-20T09:35:14.029Z] 🔎 Sale: 0
[2026-07-20T09:35:14.049Z] node: [2026-07-20T09:35:14.033Z] 🔎 SaleItem: 0
[2026-07-20T09:35:14.050Z] node: [2026-07-20T09:35:14.036Z] 🔎 SaleItemSimple: 0
[2026-07-20T09:35:14.052Z] node: [2026-07-20T09:35:14.037Z] 🔎 Payment: 0
[2026-07-20T09:35:14.324Z] node: [2026-07-20T09:35:14.038Z] 🔎 PaymentItem: 0
[2026-07-20T09:35:15.706Z] node: [2026-07-20T09:35:15.682Z] 📖 SQL loaded into memory (8.89 MB).
[2026-07-20T09:35:15.732Z] node: [2026-07-20T09:35:15.691Z] 🚚 Starting SQL restore via Node.js pg client...
[2026-07-20T09:35:20.039Z] node: [2026-07-20T09:35:20.039Z] ✅ SQL restore completed via Node.js pg client.
[2026-07-20T09:35:22.857Z] node: [2026-07-20T09:35:22.857Z] ✅ Restore verification PASS (70 tables checked).
[2026-07-20T09:35:22.858Z] node: [2026-07-20T09:35:22.858Z] 🎉 Restore completed successfully in 44.55 seconds.
[2026-07-20T09:35:22.914Z] ▶️  Run: node recovery/verify/qbv.js
[2026-07-20T09:35:23.079Z] node: [2026-07-20T09:35:23.077Z] ============================================================
[2026-07-20T09:35:23.081Z] node: [2026-07-20T09:35:23.080Z] 🔎 AlphaTech Integrity Verification ALPHATECH-RECOVERY-VERIFY-V1
[2026-07-20T09:35:23.082Z] node: [2026-07-20T09:35:23.081Z] ============================================================
[2026-07-20T09:35:23.082Z] node: [2026-07-20T09:35:23.081Z] Collecting Production snapshot...
[2026-07-20T09:35:34.202Z] node: [2026-07-20T09:35:34.202Z] Collecting Recovery snapshot...
[2026-07-20T09:35:44.975Z] node: [2026-07-20T09:35:44.975Z] Comparing snapshots...
[2026-07-20T09:35:44.984Z] node: [2026-07-20T09:35:44.983Z] 🧾 JSON report: D:\alpha-tech\server\recovery\reports\verification-report_2026-07-20T09-35-44-978Z.json
[2026-07-20T09:35:44.985Z] node: [2026-07-20T09:35:44.984Z] 🧾 TXT report: D:\alpha-tech\server\recovery\reports\verification-report_2026-07-20T09-35-44-978Z.txt
[2026-07-20T09:35:44.986Z] node: [2026-07-20T09:35:44.984Z] ✅ Overall: PASS
[2026-07-20T09:35:45.008Z] 🧾 Job manifest: D:\alpha-tech\server\recovery\jobs\job-2026-07-20T09-34-22-609Z.json
[2026-07-20T09:35:45.009Z] ✅ Job result: PASS exitCode=0
