[2026-07-23T09:34:22.283Z] ============================================================
[2026-07-23T09:34:22.298Z] 🧭 AlphaTech Recovery Retention Workflow ALPHATECH-RECOVERY-JOB-RUNNER-V7-R2-RETENTION
[2026-07-23T09:34:22.298Z] ============================================================
[2026-07-23T09:34:22.299Z] Mode: backup-workflow
[2026-07-23T09:34:22.300Z] ▶️  Run: node recovery/health/healthCheck.js
[2026-07-23T09:34:22.639Z] node: [2026-07-23T09:34:22.636Z] ============================================================
[2026-07-23T09:34:22.641Z] node: [2026-07-23T09:34:22.640Z] 🩺 AlphaTech Recovery Health Check ALPHATECH-RECOVERY-HEALTH-CHECK-V1
[2026-07-23T09:34:22.641Z] node: [2026-07-23T09:34:22.640Z] ============================================================
[2026-07-23T09:34:23.516Z] node: [2026-07-23T09:34:23.515Z] 🧾 JSON report: D:\alpha-tech\server\recovery\reports\health-check-2026-07-23T09-34-23-503Z.json
[2026-07-23T09:34:23.517Z] node: [2026-07-23T09:34:23.516Z] 🧾 TXT report: D:\alpha-tech\server\recovery\reports\health-check-2026-07-23T09-34-23-503Z.txt
[2026-07-23T09:34:23.517Z] node: [2026-07-23T09:34:23.516Z] ✅ Overall: PASS
[2026-07-23T09:34:23.551Z] ▶️  Run: node qb.js
[2026-07-23T09:34:24.083Z] node: 🔌 Connected to PostgreSQL successfully.
[2026-07-23T09:34:24.090Z] node: ⏳ Starting P1 Hardened Backup v6 Type-aware + generic self-reference FK safe restore...
[2026-07-23T09:34:28.077Z] node: 📦 Exporting table: Bank
[2026-07-23T09:34:28.115Z] node: 📦 Exporting table: Brand
[2026-07-23T09:34:28.159Z] node: 📦 Exporting table: Category
[2026-07-23T09:34:28.194Z] node: 📦 Exporting table: GlobalProductType
[2026-07-23T09:34:28.230Z] node: 📦 Exporting table: Position
[2026-07-23T09:34:28.267Z] node: 📦 Exporting table: Province
[2026-07-23T09:34:28.304Z] node: 📦 Exporting table: District
[2026-07-23T09:34:28.359Z] node: 📦 Exporting table: Subdistrict
[2026-07-23T09:34:28.549Z] node: 📦 Exporting table: Branch
[2026-07-23T09:34:28.586Z] node: 📦 Exporting table: BarcodeCounter
[2026-07-23T09:34:28.622Z] node: 📦 Exporting table: PaymentCodeCounter
[2026-07-23T09:34:28.658Z] node: 📦 Exporting table: ProductType
[2026-07-23T09:34:28.697Z] node: 📦 Exporting table: ProductTypeBrand
[2026-07-23T09:34:28.739Z] node: 📦 Exporting table: Supplier
[2026-07-23T09:34:28.776Z] node: 📦 Exporting table: Unit
[2026-07-23T09:34:28.812Z] node: 📦 Exporting table: Product
[2026-07-23T09:34:28.943Z] node: 📦 Exporting table: BranchPrice
[2026-07-23T09:34:29.040Z] node: 📦 Exporting table: ProductImage
[2026-07-23T09:34:29.076Z] node: 📦 Exporting table: StockBalance
[2026-07-23T09:34:29.135Z] node: 📦 Exporting table: User
[2026-07-23T09:34:29.178Z] node: 📦 Exporting table: CustomerProfile
[2026-07-23T09:34:29.224Z] node: 📦 Exporting table: Cart
[2026-07-23T09:34:29.260Z] node: 📦 Exporting table: CartItem
[2026-07-23T09:34:29.296Z] node: 📦 Exporting table: EmployeeProfile
[2026-07-23T09:34:29.331Z] node: 📦 Exporting table: CombinedBillingDocument
[2026-07-23T09:34:29.367Z] node: 📦 Exporting table: CombinedSaleDocument
[2026-07-23T09:34:29.403Z] node: 📦 Exporting table: CustomerDeposit
[2026-07-23T09:34:29.438Z] node: 📦 Exporting table: CustomerReceipts
[2026-07-23T09:34:29.473Z] node: 📦 Exporting table: InputTaxFilingBatch
[2026-07-23T09:34:29.508Z] node: 📦 Exporting table: Order
[2026-07-23T09:34:29.544Z] node: 📦 Exporting table: OrderOnline
[2026-07-23T09:34:29.579Z] node: 📦 Exporting table: OrderOnlineItem
[2026-07-23T09:34:29.615Z] node: 📦 Exporting table: PasswordResetToken
[2026-07-23T09:34:29.650Z] node: 📦 Exporting table: ProductOnOrder
[2026-07-23T09:34:29.686Z] node: 📦 Exporting table: PurchaseOrder
[2026-07-23T09:34:29.724Z] node: 📦 Exporting table: PurchaseOrderItem
[2026-07-23T09:34:29.766Z] node: 📦 Exporting table: PurchaseOrderReceipt
[2026-07-23T09:34:29.806Z] node: 📦 Exporting table: InputTaxFilingItem
[2026-07-23T09:34:29.842Z] node: 📦 Exporting table: PurchaseOrderReceiptItem
[2026-07-23T09:34:29.883Z] node: 📦 Exporting table: RefreshToken
[2026-07-23T09:34:30.154Z] node: 📦 Exporting table: Sale
[2026-07-23T09:34:30.197Z] node: 📦 Exporting table: CustomerReceiptAllocations
[2026-07-23T09:34:30.232Z] node: 📦 Exporting table: Payment
[2026-07-23T09:34:30.271Z] node: 📦 Exporting table: DepositUsage
[2026-07-23T09:34:30.306Z] node: 📦 Exporting table: PaymentItem
[2026-07-23T09:34:30.343Z] node: 📦 Exporting table: SaleReturn
[2026-07-23T09:34:30.379Z] node: 📦 Exporting table: RefundTransaction
[2026-07-23T09:34:30.414Z] node: 📦 Exporting table: SalesCompletionCommand
[2026-07-23T09:34:30.450Z] node: 📦 Exporting table: SalesTaxFilingBatch
[2026-07-23T09:34:30.485Z] node: 📦 Exporting table: SalesTaxFilingItem
[2026-07-23T09:34:30.521Z] node: 📦 Exporting table: ServiceOrder
[2026-07-23T09:34:30.556Z] node: 📦 Exporting table: ServiceItem
[2026-07-23T09:34:30.591Z] node: 📦 Exporting table: SimpleLot
[2026-07-23T09:34:30.626Z] node: 📦 Exporting table: SaleItemSimple
[2026-07-23T09:34:30.662Z] node: 📦 Exporting table: SaleReturnItemSimple
[2026-07-23T09:34:30.697Z] node: 📦 Exporting table: StockAuditSession
[2026-07-23T09:34:30.733Z] node: 📦 Exporting table: StockItem
[2026-07-23T09:34:30.977Z] node: 📦 Exporting table: BarcodeReceiptItem
[2026-07-23T09:34:31.055Z] node: 📦 Exporting table: RepairJob
[2026-07-23T09:34:31.091Z] node: 📦 Exporting table: RepairPartItem
[2026-07-23T09:34:31.126Z] node: 📦 Exporting table: SaleItem
[2026-07-23T09:34:31.168Z] node: 📦 Exporting table: SaleReturnItem
[2026-07-23T09:34:31.203Z] node: 📦 Exporting table: StockAuditScanLog
[2026-07-23T09:34:31.238Z] node: 📦 Exporting table: StockAuditSnapshotItem
[2026-07-23T09:34:31.292Z] node: 📦 Exporting table: StockMovement
[2026-07-23T09:34:31.372Z] node: 📦 Exporting table: SupplierPayment
[2026-07-23T09:34:31.408Z] node: 📦 Exporting table: SupplierPaymentReceipt
[2026-07-23T09:34:31.443Z] node: 📦 Exporting table: V2CustomerDeposit
[2026-07-23T09:34:31.478Z] node: 📦 Exporting table: V2StockAudit
[2026-07-23T09:34:31.514Z] node: 📦 Exporting table: V2StockAuditItem
[2026-07-23T09:34:31.549Z] node: 📦 Exporting table: WarrantyClaim
[2026-07-23T09:34:34.170Z] node: 🎉 P1 Hardened Backup v6 Type-aware + generic self-reference FK safe restore completed successfully.
[2026-07-23T09:34:34.180Z] node: 💾 Backup file: D:\alpha-tech\server\backups\alphatech_hardened_backup_v6_2026-07-23_2026-07-23T09-34-28-045Z.sql
[2026-07-23T09:34:34.184Z] node: 🧾 Manifest file: D:\alpha-tech\server\backups\alphatech_hardened_backup_v6_2026-07-23_2026-07-23T09-34-28-045Z.manifest.json
[2026-07-23T09:34:34.184Z] node: 📊 Tables exported: 71
[2026-07-23T09:34:34.185Z] node: 📦 Rows exported: 28138
[2026-07-23T09:34:34.186Z] node: 🔢 Sequences prepared: 68
[2026-07-23T09:34:34.187Z] node: 🔐 SHA256: 5a5e5ef432aa0f4fa9e9322e8af6c7d567f29403cb39ffebf5b9d86b1f4a0f20
[2026-07-23T09:34:34.188Z] node: 📐 File size: 10.17 MB
[2026-07-23T09:34:34.189Z] node: ⏱️ Duration: 7.85 seconds
[2026-07-23T09:34:34.192Z] node: ✅ Verification: PASS (71 tables checked)
[2026-07-23T09:34:34.249Z] ▶️  Run: node recovery/upload/uploadBackup.js --manifest D:\alpha-tech\server\backups\alphatech_hardened_backup_v6_2026-07-23_2026-07-23T09-34-28-045Z.manifest.json
[2026-07-23T09:34:34.337Z] node: [2026-07-23T09:34:34.331Z] ============================================================
[2026-07-23T09:34:34.341Z] node: [2026-07-23T09:34:34.340Z] AlphaTech Recovery Upload ALPHATECH-RECOVERY-UPLOAD-V2-S3-COMPATIBLE
[2026-07-23T09:34:34.342Z] node: [2026-07-23T09:34:34.341Z] ============================================================
[2026-07-23T09:34:34.648Z] node stderr: (node:5660) Warning: NodeVersionSupportWarning: The AWS SDK for JavaScript (v3)
[2026-07-23T09:34:34.649Z] node stderr: versions published after the first week of January 2027
[2026-07-23T09:34:34.650Z] node stderr: will require node >=22. You are running node v20.19.0.
[2026-07-23T09:34:34.651Z] node stderr: To continue receiving updates to AWS services, bug fixes,
[2026-07-23T09:34:34.653Z] node stderr: and security updates please upgrade to node >=22.
[2026-07-23T09:34:34.653Z] node stderr: More information can be found at: https://a.co/c895JFp
[2026-07-23T09:34:34.654Z] node stderr: (Use `node --trace-warnings ...` to show where the warning was created)
[2026-07-23T09:34:36.769Z] node: [2026-07-23T09:34:36.768Z] JSON report: D:\alpha-tech\server\recovery\reports\upload-report-2026-07-23T09-34-36-759Z.json
[2026-07-23T09:34:36.770Z] node: [2026-07-23T09:34:36.769Z] TXT report: D:\alpha-tech\server\recovery\reports\upload-report-2026-07-23T09-34-36-759Z.txt
[2026-07-23T09:34:36.770Z] node: [2026-07-23T09:34:36.769Z] Overall: PASS
[2026-07-23T09:34:37.351Z] ------------------------------------------------------------
[2026-07-23T09:34:37.352Z] Target      : cloudflare-r2
[2026-07-23T09:34:37.353Z] Bucket      : saduaksabuy-recovery
[2026-07-23T09:34:37.354Z] Prefix      : alphatech-production/
[2026-07-23T09:34:37.355Z] Retention   : 7 day(s)
[2026-07-23T09:34:37.356Z] Mode        : APPLY
[2026-07-23T09:34:37.356Z] Scanned     : 90
[2026-07-23T09:34:37.356Z] Candidates  : 0
[2026-07-23T09:34:37.357Z] Deleted     : 0
[2026-07-23T09:34:37.357Z] Remaining   : 90
[2026-07-23T09:34:37.357Z] Failed      : 0
[2026-07-23T09:34:37.358Z] ▶️  Run: node recovery/retention/retentionPolicy.js --apply
[2026-07-23T09:34:37.453Z] node: [2026-07-23T09:34:37.446Z] ============================================================
[2026-07-23T09:34:37.459Z] node: [2026-07-23T09:34:37.458Z] 🧹 AlphaTech Recovery Retention ALPHATECH-RECOVERY-RETENTION-V1
[2026-07-23T09:34:37.464Z] node: [2026-07-23T09:34:37.459Z] ============================================================
[2026-07-23T09:34:37.465Z] node: [2026-07-23T09:34:37.460Z] Mode: APPLY
[2026-07-23T09:34:37.480Z] node: [2026-07-23T09:34:37.479Z] ------------------------------------------------------------
[2026-07-23T09:34:37.490Z] node: [2026-07-23T09:34:37.480Z] Target      : local-backups
[2026-07-23T09:34:37.490Z] node: [2026-07-23T09:34:37.487Z] Directory   : D:\alpha-tech\server\backups
[2026-07-23T09:34:37.491Z] node: [2026-07-23T09:34:37.488Z] Retention   : 3 day(s)
[2026-07-23T09:34:37.492Z] node: [2026-07-23T09:34:37.488Z] Scanned     : 44
[2026-07-23T09:34:37.493Z] node: [2026-07-23T09:34:37.489Z] Candidates  : 2
[2026-07-23T09:34:37.493Z] node: [2026-07-23T09:34:37.489Z] Deleted     : 2
[2026-07-23T09:34:37.494Z] node: [2026-07-23T09:34:37.490Z] Remaining   : 42
[2026-07-23T09:34:37.494Z] node: [2026-07-23T09:34:37.491Z] Failed      : 0
[2026-07-23T09:34:37.494Z] node: [2026-07-23T09:34:37.492Z] ------------------------------------------------------------
[2026-07-23T09:34:37.495Z] node: [2026-07-23T09:34:37.494Z] Target      : offsite-local-mirror
[2026-07-23T09:34:37.496Z] node: [2026-07-23T09:34:37.495Z] Directory   : D:\alpha-tech\server\recovery\offsite
[2026-07-23T09:34:37.496Z] node: [2026-07-23T09:34:37.495Z] Retention   : 7 day(s)
[2026-07-23T09:34:37.497Z] node: [2026-07-23T09:34:37.496Z] Scanned     : 0
[2026-07-23T09:34:37.498Z] node: [2026-07-23T09:34:37.497Z] Candidates  : 0
[2026-07-23T09:34:37.498Z] node: [2026-07-23T09:34:37.497Z] Deleted     : 0
[2026-07-23T09:34:37.501Z] node: [2026-07-23T09:34:37.497Z] Remaining   : 0
[2026-07-23T09:34:37.502Z] node: [2026-07-23T09:34:37.501Z] Failed      : 0
[2026-07-23T09:34:37.514Z] node: [2026-07-23T09:34:37.513Z] 🧾 JSON report: D:\alpha-tech\server\recovery\reports\retention-report-2026-07-23T09-34-37-502Z.json
[2026-07-23T09:34:37.515Z] node: [2026-07-23T09:34:37.514Z] 🧾 TXT report: D:\alpha-tech\server\recovery\reports\retention-report-2026-07-23T09-34-37-502Z.txt
[2026-07-23T09:34:37.529Z] node: [2026-07-23T09:34:37.515Z] ✅ Overall: PASS
[2026-07-23T09:34:37.539Z] ▶️  Run: node qbrs.js --manifest D:\alpha-tech\server\backups\alphatech_hardened_backup_v6_2026-07-23_2026-07-23T09-34-28-045Z.manifest.json --init --yes --reset-schema
[2026-07-23T09:34:37.858Z] node: [2026-07-23T09:34:37.855Z] ============================================================
[2026-07-23T09:34:37.861Z] node: [2026-07-23T09:34:37.859Z] 🚑 AlphaTech Restore Tool P1-HARDENED-RESTORE-V3-NODE-PG
[2026-07-23T09:34:37.862Z] node: [2026-07-23T09:34:37.861Z] ============================================================
[2026-07-23T09:34:37.910Z] node: [2026-07-23T09:34:37.909Z] ✅ Manifest loaded.
[2026-07-23T09:34:37.911Z] node: [2026-07-23T09:34:37.909Z] ✅ SQL file: D:\alpha-tech\server\backups\alphatech_hardened_backup_v6_2026-07-23_2026-07-23T09-34-28-045Z.sql
[2026-07-23T09:34:37.912Z] node: [2026-07-23T09:34:37.910Z] ✅ SHA256 verified: 5a5e5ef432aa0f4fa9e9322e8af6c7d567f29403cb39ffebf5b9d86b1f4a0f20
[2026-07-23T09:34:37.914Z] node: [2026-07-23T09:34:37.913Z] 🎯 Target DB: postgresql://postgres:***@db.engqdeyzbvnmxbnpemau.supabase.co:5432/postgres
[2026-07-23T09:34:37.915Z] node: [2026-07-23T09:34:37.913Z] 🎯 Host: db.engqdeyzbvnmxbnpemau.supabase.co
[2026-07-23T09:34:37.915Z] node: [2026-07-23T09:34:37.913Z] 🎯 Port: 5432
[2026-07-23T09:34:37.915Z] node: [2026-07-23T09:34:37.914Z] 🎯 Database: postgres
[2026-07-23T09:34:37.916Z] node: [2026-07-23T09:34:37.914Z] 🎯 Schema: public
[2026-07-23T09:34:38.296Z] node: [2026-07-23T09:34:38.291Z] 🔌 Connected to target PostgreSQL successfully.
[2026-07-23T09:34:41.612Z] node: [2026-07-23T09:34:41.611Z] 📊 Existing tables: 71
[2026-07-23T09:34:41.613Z] node: [2026-07-23T09:34:41.612Z] 📦 Existing rows: 27944
[2026-07-23T09:34:41.614Z] node: [2026-07-23T09:34:41.612Z] 🔎 Product: 2033
[2026-07-23T09:34:41.614Z] node: [2026-07-23T09:34:41.612Z] 🔎 BranchPrice: 2031
[2026-07-23T09:34:41.614Z] node: [2026-07-23T09:34:41.612Z] 🔎 StockItem: 3896
[2026-07-23T09:34:41.616Z] node: [2026-07-23T09:34:41.613Z] 🔎 Sale: 92
[2026-07-23T09:34:41.616Z] node: [2026-07-23T09:34:41.613Z] 🔎 SaleItem: 200
[2026-07-23T09:34:41.617Z] node: [2026-07-23T09:34:41.613Z] 🔎 SaleItemSimple: 0
[2026-07-23T09:34:41.617Z] node: [2026-07-23T09:34:41.613Z] 🔎 Payment: 70
[2026-07-23T09:34:41.617Z] node: [2026-07-23T09:34:41.614Z] 🔎 PaymentItem: 70
[2026-07-23T09:34:41.874Z] node: [2026-07-23T09:34:41.873Z] 🧨 Resetting target schema "public" before restore...
[2026-07-23T09:34:41.876Z] node: [2026-07-23T09:34:41.873Z] 🛡️ This action is intended for Recovery / Standby DB only.
[2026-07-23T09:34:42.479Z] node: [2026-07-23T09:34:42.479Z] ✅ Schema "public" reset completed.
[2026-07-23T09:34:42.515Z] node: [2026-07-23T09:34:42.515Z] 🧱 Running Prisma db push against Recovery DB only...
[2026-07-23T09:34:42.516Z] node: [2026-07-23T09:34:42.515Z] 🛡️ DATABASE_URL is injected from RESTORE_DATABASE_URL/RECOVERY_DATABASE_URL for this process only.
[2026-07-23T09:34:45.707Z] node: [2026-07-23T09:34:45.707Z] npx stderr: Environment variables loaded from .env
[2026-07-23T09:34:45.709Z] node: [2026-07-23T09:34:45.708Z] npx: Prisma schema loaded from prisma\schema.prisma
[2026-07-23T09:34:45.723Z] node: [2026-07-23T09:34:45.722Z] npx: Datasource "db": PostgreSQL database "postgres", schema "public" at "db.engqdeyzbvnmxbnpemau.supabase.co:5432"
[2026-07-23T09:35:02.863Z] node: [2026-07-23T09:35:02.862Z] npx: Your database is now in sync with your Prisma schema. Done in 16.55s
[2026-07-23T09:35:02.866Z] node: [2026-07-23T09:35:02.865Z] npx: Running generate... (Use --skip-generate to skip the generators)
[2026-07-23T09:35:04.012Z] node: [2026-07-23T09:35:04.011Z] npx: [2K[1A[2K[GRunning generate... - Prisma Client
[2026-07-23T09:35:05.281Z] node: [2026-07-23T09:35:05.280Z] npx: [2K[1A[2K[GEPERM: operation not permitted, rename 'D:\alpha-tech\server\node_modules\.prism
[2026-07-23T09:35:05.282Z] node: [2026-07-23T09:35:05.281Z] npx: a\client\query_engine-windows.dll.node.tmp15332' -> 'D:\alpha-tech\server\node_m
[2026-07-23T09:35:05.282Z] node: [2026-07-23T09:35:05.281Z] npx: odules\.prisma\client\query_engine-windows.dll.node'
[2026-07-23T09:35:05.346Z] node: [2026-07-23T09:35:05.346Z] ✅ Prisma db push completed for Recovery DB.
[2026-07-23T09:35:08.410Z] node: [2026-07-23T09:35:08.409Z] 📊 Existing tables: 72
[2026-07-23T09:35:08.411Z] node: [2026-07-23T09:35:08.409Z] 📦 Existing rows: 0
[2026-07-23T09:35:08.411Z] node: [2026-07-23T09:35:08.409Z] 🔎 Product: 0
[2026-07-23T09:35:08.411Z] node: [2026-07-23T09:35:08.410Z] 🔎 BranchPrice: 0
[2026-07-23T09:35:08.412Z] node: [2026-07-23T09:35:08.410Z] 🔎 StockItem: 0
[2026-07-23T09:35:08.412Z] node: [2026-07-23T09:35:08.410Z] 🔎 Sale: 0
[2026-07-23T09:35:08.413Z] node: [2026-07-23T09:35:08.410Z] 🔎 SaleItem: 0
[2026-07-23T09:35:08.414Z] node: [2026-07-23T09:35:08.411Z] 🔎 SaleItemSimple: 0
[2026-07-23T09:35:08.414Z] node: [2026-07-23T09:35:08.411Z] 🔎 Payment: 0
[2026-07-23T09:35:08.415Z] node: [2026-07-23T09:35:08.411Z] 🔎 PaymentItem: 0
[2026-07-23T09:35:08.517Z] node: [2026-07-23T09:35:08.517Z] 📖 SQL loaded into memory (10.17 MB).
[2026-07-23T09:35:08.518Z] node: [2026-07-23T09:35:08.517Z] 🚚 Starting SQL restore via Node.js pg client...
[2026-07-23T09:35:13.191Z] node: [2026-07-23T09:35:13.190Z] ✅ SQL restore completed via Node.js pg client.
[2026-07-23T09:35:15.919Z] node: [2026-07-23T09:35:15.918Z] ✅ Restore verification PASS (71 tables checked).
[2026-07-23T09:35:15.920Z] node: [2026-07-23T09:35:15.918Z] 🎉 Restore completed successfully in 38.06 seconds.
[2026-07-23T09:35:15.942Z] ▶️  Run: node recovery/verify/qbv.js
[2026-07-23T09:35:16.106Z] node: [2026-07-23T09:35:16.104Z] ============================================================
[2026-07-23T09:35:16.113Z] node: [2026-07-23T09:35:16.113Z] 🔎 AlphaTech Integrity Verification ALPHATECH-RECOVERY-VERIFY-V1
[2026-07-23T09:35:16.116Z] node: [2026-07-23T09:35:16.115Z] ============================================================
[2026-07-23T09:35:16.117Z] node: [2026-07-23T09:35:16.116Z] Collecting Production snapshot...
[2026-07-23T09:35:27.754Z] node: [2026-07-23T09:35:27.754Z] Collecting Recovery snapshot...
[2026-07-23T09:35:38.432Z] node: [2026-07-23T09:35:38.432Z] Comparing snapshots...
[2026-07-23T09:35:38.449Z] node: [2026-07-23T09:35:38.448Z] 🧾 JSON report: D:\alpha-tech\server\recovery\reports\verification-report_2026-07-23T09-35-38-439Z.json
[2026-07-23T09:35:38.450Z] node: [2026-07-23T09:35:38.449Z] 🧾 TXT report: D:\alpha-tech\server\recovery\reports\verification-report_2026-07-23T09-35-38-439Z.txt
[2026-07-23T09:35:38.450Z] node: [2026-07-23T09:35:38.449Z] ✅ Overall: FAIL
[2026-07-23T09:35:38.485Z] 🧾 Job manifest: D:\alpha-tech\server\recovery\jobs\job-2026-07-23T09-34-22-281Z.json
[2026-07-23T09:35:38.485Z] ❌ Job result: FAIL exitCode=40
