[2026-07-16T07:39:50.241Z] ============================================================
[2026-07-16T07:39:50.249Z] 🧭 AlphaTech Recovery Retention Workflow ALPHATECH-RECOVERY-JOB-RUNNER-V7-R2-RETENTION
[2026-07-16T07:39:50.250Z] ============================================================
[2026-07-16T07:39:50.250Z] Mode: backup-workflow
[2026-07-16T07:39:50.251Z] ▶️  Run: node recovery/health/healthCheck.js
[2026-07-16T07:39:50.963Z] node: [2026-07-16T07:39:50.960Z] ============================================================
[2026-07-16T07:39:50.969Z] node: [2026-07-16T07:39:50.965Z] 🩺 AlphaTech Recovery Health Check ALPHATECH-RECOVERY-HEALTH-CHECK-V1
[2026-07-16T07:39:50.970Z] node: [2026-07-16T07:39:50.966Z] ============================================================
[2026-07-16T07:39:51.927Z] node: [2026-07-16T07:39:51.926Z] 🧾 JSON report: D:\alpha-tech\server\recovery\reports\health-check-2026-07-16T07-39-51-917Z.json
[2026-07-16T07:39:51.928Z] node: [2026-07-16T07:39:51.927Z] 🧾 TXT report: D:\alpha-tech\server\recovery\reports\health-check-2026-07-16T07-39-51-917Z.txt
[2026-07-16T07:39:51.928Z] node: [2026-07-16T07:39:51.927Z] ✅ Overall: PASS
[2026-07-16T07:39:51.941Z] ▶️  Run: node qb.js
[2026-07-16T07:39:52.397Z] node: 🔌 Connected to PostgreSQL successfully.
[2026-07-16T07:39:52.406Z] node: ⏳ Starting P1 Hardened Backup v6 Type-aware + generic self-reference FK safe restore...
[2026-07-16T07:39:56.215Z] node: 📦 Exporting table: Bank
[2026-07-16T07:39:56.261Z] node: 📦 Exporting table: Brand
[2026-07-16T07:39:56.310Z] node: 📦 Exporting table: Category
[2026-07-16T07:39:56.347Z] node: 📦 Exporting table: GlobalProductType
[2026-07-16T07:39:56.384Z] node: 📦 Exporting table: Position
[2026-07-16T07:39:56.422Z] node: 📦 Exporting table: Province
[2026-07-16T07:39:56.459Z] node: 📦 Exporting table: District
[2026-07-16T07:39:56.655Z] node: 📦 Exporting table: Subdistrict
[2026-07-16T07:39:57.193Z] node: 📦 Exporting table: Branch
[2026-07-16T07:39:57.230Z] node: 📦 Exporting table: BarcodeCounter
[2026-07-16T07:39:57.270Z] node: 📦 Exporting table: PaymentCodeCounter
[2026-07-16T07:39:57.304Z] node: 📦 Exporting table: ProductType
[2026-07-16T07:39:57.342Z] node: 📦 Exporting table: ProductTypeBrand
[2026-07-16T07:39:57.388Z] node: 📦 Exporting table: Supplier
[2026-07-16T07:39:57.424Z] node: 📦 Exporting table: Unit
[2026-07-16T07:39:57.462Z] node: 📦 Exporting table: Product
[2026-07-16T07:39:57.643Z] node: 📦 Exporting table: BranchPrice
[2026-07-16T07:39:57.851Z] node: 📦 Exporting table: ProductImage
[2026-07-16T07:39:57.887Z] node: 📦 Exporting table: StockBalance
[2026-07-16T07:39:57.951Z] node: 📦 Exporting table: User
[2026-07-16T07:39:57.990Z] node: 📦 Exporting table: CustomerProfile
[2026-07-16T07:39:58.035Z] node: 📦 Exporting table: Cart
[2026-07-16T07:39:58.070Z] node: 📦 Exporting table: CartItem
[2026-07-16T07:39:58.109Z] node: 📦 Exporting table: EmployeeProfile
[2026-07-16T07:39:58.240Z] node: 📦 Exporting table: CombinedBillingDocument
[2026-07-16T07:39:58.241Z] node: 📦 Exporting table: CombinedSaleDocument
[2026-07-16T07:39:58.266Z] node: 📦 Exporting table: CustomerDeposit
[2026-07-16T07:39:58.306Z] node: 📦 Exporting table: CustomerReceipts
[2026-07-16T07:39:58.345Z] node: 📦 Exporting table: InputTaxFilingBatch
[2026-07-16T07:39:58.393Z] node: 📦 Exporting table: Order
[2026-07-16T07:39:58.439Z] node: 📦 Exporting table: OrderOnline
[2026-07-16T07:39:58.466Z] node: 📦 Exporting table: OrderOnlineItem
[2026-07-16T07:39:58.514Z] node: 📦 Exporting table: PasswordResetToken
[2026-07-16T07:39:58.551Z] node: 📦 Exporting table: ProductOnOrder
[2026-07-16T07:39:58.603Z] node: 📦 Exporting table: PurchaseOrder
[2026-07-16T07:39:58.692Z] node: 📦 Exporting table: PurchaseOrderItem
[2026-07-16T07:39:58.693Z] node: 📦 Exporting table: PurchaseOrderReceipt
[2026-07-16T07:39:58.719Z] node: 📦 Exporting table: InputTaxFilingItem
[2026-07-16T07:39:58.756Z] node: 📦 Exporting table: PurchaseOrderReceiptItem
[2026-07-16T07:39:58.796Z] node: 📦 Exporting table: RefreshToken
[2026-07-16T07:39:59.852Z] node: 📦 Exporting table: Sale
[2026-07-16T07:39:59.900Z] node: 📦 Exporting table: CustomerReceiptAllocations
[2026-07-16T07:39:59.935Z] node: 📦 Exporting table: Payment
[2026-07-16T07:39:59.971Z] node: 📦 Exporting table: DepositUsage
[2026-07-16T07:40:00.007Z] node: 📦 Exporting table: PaymentItem
[2026-07-16T07:40:00.042Z] node: 📦 Exporting table: SaleReturn
[2026-07-16T07:40:00.077Z] node: 📦 Exporting table: RefundTransaction
[2026-07-16T07:40:00.113Z] node: 📦 Exporting table: SalesTaxFilingBatch
[2026-07-16T07:40:00.147Z] node: 📦 Exporting table: SalesTaxFilingItem
[2026-07-16T07:40:00.182Z] node: 📦 Exporting table: ServiceOrder
[2026-07-16T07:40:00.218Z] node: 📦 Exporting table: ServiceItem
[2026-07-16T07:40:00.258Z] node: 📦 Exporting table: SimpleLot
[2026-07-16T07:40:00.292Z] node: 📦 Exporting table: SaleItemSimple
[2026-07-16T07:40:00.327Z] node: 📦 Exporting table: SaleReturnItemSimple
[2026-07-16T07:40:00.363Z] node: 📦 Exporting table: StockAuditSession
[2026-07-16T07:40:00.413Z] node: 📦 Exporting table: StockItem
[2026-07-16T07:40:01.637Z] node: 📦 Exporting table: BarcodeReceiptItem
[2026-07-16T07:40:01.827Z] node: 📦 Exporting table: RepairJob
[2026-07-16T07:40:01.859Z] node: 📦 Exporting table: RepairPartItem
[2026-07-16T07:40:01.897Z] node: 📦 Exporting table: SaleItem
[2026-07-16T07:40:01.934Z] node: 📦 Exporting table: SaleReturnItem
[2026-07-16T07:40:02.044Z] node: 📦 Exporting table: StockAuditScanLog
[2026-07-16T07:40:02.427Z] node: 📦 Exporting table: StockAuditSnapshotItem
[2026-07-16T07:40:02.427Z] node: 📦 Exporting table: StockMovement
[2026-07-16T07:40:02.428Z] node: 📦 Exporting table: SupplierPayment
[2026-07-16T07:40:02.428Z] node: 📦 Exporting table: SupplierPaymentReceipt
[2026-07-16T07:40:02.428Z] node: 📦 Exporting table: V2CustomerDeposit
[2026-07-16T07:40:02.455Z] node: 📦 Exporting table: V2StockAudit
[2026-07-16T07:40:02.783Z] node: 📦 Exporting table: V2StockAuditItem
[2026-07-16T07:40:02.784Z] node: 📦 Exporting table: WarrantyClaim
[2026-07-16T07:40:05.447Z] node: 🎉 P1 Hardened Backup v6 Type-aware + generic self-reference FK safe restore completed successfully.
[2026-07-16T07:40:05.448Z] node: 💾 Backup file: D:\alpha-tech\server\backups\alphatech_hardened_backup_v6_2026-07-16_2026-07-16T07-39-56-098Z.sql
[2026-07-16T07:40:05.448Z] node: 🧾 Manifest file: D:\alpha-tech\server\backups\alphatech_hardened_backup_v6_2026-07-16_2026-07-16T07-39-56-098Z.manifest.json
[2026-07-16T07:40:05.449Z] node: 📊 Tables exported: 70
[2026-07-16T07:40:05.449Z] node: 📦 Rows exported: 24024
[2026-07-16T07:40:05.449Z] node: 🔢 Sequences prepared: 67
[2026-07-16T07:40:05.450Z] node: 🔐 SHA256: 0a229dcfc508397fb6c27580cd60c554757c037ebcb653486452a7545d0ed433
[2026-07-16T07:40:05.450Z] node: 📐 File size: 8.31 MB
[2026-07-16T07:40:05.450Z] node: ⏱️ Duration: 10.71 seconds
[2026-07-16T07:40:05.451Z] node: ✅ Verification: PASS (70 tables checked)
[2026-07-16T07:40:05.508Z] ▶️  Run: node recovery/upload/uploadBackup.js --manifest D:\alpha-tech\server\backups\alphatech_hardened_backup_v6_2026-07-16_2026-07-16T07-39-56-098Z.manifest.json
[2026-07-16T07:40:05.582Z] node: [2026-07-16T07:40:05.577Z] ============================================================
[2026-07-16T07:40:05.584Z] node: [2026-07-16T07:40:05.584Z] AlphaTech Recovery Upload ALPHATECH-RECOVERY-UPLOAD-V2-S3-COMPATIBLE
[2026-07-16T07:40:05.585Z] node: [2026-07-16T07:40:05.584Z] ============================================================
[2026-07-16T07:40:05.831Z] node stderr: (node:14188) Warning: NodeVersionSupportWarning: The AWS SDK for JavaScript (v3)
[2026-07-16T07:40:05.832Z] node stderr: versions published after the first week of January 2027
[2026-07-16T07:40:05.832Z] node stderr: will require node >=22. You are running node v20.19.0.
[2026-07-16T07:40:05.833Z] node stderr: To continue receiving updates to AWS services, bug fixes,
[2026-07-16T07:40:05.833Z] node stderr: and security updates please upgrade to node >=22.
[2026-07-16T07:40:05.833Z] node stderr: More information can be found at: https://a.co/c895JFp
[2026-07-16T07:40:05.834Z] node stderr: (Use `node --trace-warnings ...` to show where the warning was created)
[2026-07-16T07:40:07.583Z] node: [2026-07-16T07:40:07.583Z] JSON report: D:\alpha-tech\server\recovery\reports\upload-report-2026-07-16T07-40-07-572Z.json
[2026-07-16T07:40:07.584Z] node: [2026-07-16T07:40:07.583Z] TXT report: D:\alpha-tech\server\recovery\reports\upload-report-2026-07-16T07-40-07-572Z.txt
[2026-07-16T07:40:07.585Z] node: [2026-07-16T07:40:07.583Z] Overall: PASS
[2026-07-16T07:40:08.556Z] ------------------------------------------------------------
[2026-07-16T07:40:08.557Z] Target      : cloudflare-r2
[2026-07-16T07:40:08.557Z] Bucket      : saduaksabuy-recovery
[2026-07-16T07:40:08.557Z] Prefix      : alphatech-production/
[2026-07-16T07:40:08.558Z] Retention   : 7 day(s)
[2026-07-16T07:40:08.558Z] Mode        : APPLY
[2026-07-16T07:40:08.558Z] Scanned     : 84
[2026-07-16T07:40:08.559Z] Candidates  : 0
[2026-07-16T07:40:08.559Z] Deleted     : 0
[2026-07-16T07:40:08.559Z] Remaining   : 84
[2026-07-16T07:40:08.559Z] Failed      : 0
[2026-07-16T07:40:08.560Z] ▶️  Run: node recovery/retention/retentionPolicy.js --apply
[2026-07-16T07:40:08.632Z] node: [2026-07-16T07:40:08.626Z] ============================================================
[2026-07-16T07:40:08.634Z] node: [2026-07-16T07:40:08.633Z] 🧹 AlphaTech Recovery Retention ALPHATECH-RECOVERY-RETENTION-V1
[2026-07-16T07:40:08.635Z] node: [2026-07-16T07:40:08.634Z] ============================================================
[2026-07-16T07:40:08.636Z] node: [2026-07-16T07:40:08.634Z] Mode: APPLY
[2026-07-16T07:40:08.642Z] node: [2026-07-16T07:40:08.641Z] ------------------------------------------------------------
[2026-07-16T07:40:08.642Z] node: [2026-07-16T07:40:08.641Z] Target      : local-backups
[2026-07-16T07:40:08.642Z] node: [2026-07-16T07:40:08.642Z] Directory   : D:\alpha-tech\server\backups
[2026-07-16T07:40:08.643Z] node: [2026-07-16T07:40:08.642Z] Retention   : 3 day(s)
[2026-07-16T07:40:08.644Z] node: [2026-07-16T07:40:08.643Z] Scanned     : 42
[2026-07-16T07:40:08.645Z] node: [2026-07-16T07:40:08.644Z] Candidates  : 2
[2026-07-16T07:40:08.645Z] node: [2026-07-16T07:40:08.644Z] Deleted     : 2
[2026-07-16T07:40:08.646Z] node: [2026-07-16T07:40:08.645Z] Remaining   : 40
[2026-07-16T07:40:08.647Z] node: [2026-07-16T07:40:08.645Z] Failed      : 0
[2026-07-16T07:40:08.647Z] node: [2026-07-16T07:40:08.645Z] ------------------------------------------------------------
[2026-07-16T07:40:08.648Z] node: [2026-07-16T07:40:08.646Z] Target      : offsite-local-mirror
[2026-07-16T07:40:08.648Z] node: [2026-07-16T07:40:08.646Z] Directory   : D:\alpha-tech\server\recovery\offsite
[2026-07-16T07:40:08.648Z] node: [2026-07-16T07:40:08.647Z] Retention   : 7 day(s)
[2026-07-16T07:40:08.649Z] node: [2026-07-16T07:40:08.647Z] Scanned     : 0
[2026-07-16T07:40:08.649Z] node: [2026-07-16T07:40:08.648Z] Candidates  : 0
[2026-07-16T07:40:08.649Z] node: [2026-07-16T07:40:08.648Z] Deleted     : 0
[2026-07-16T07:40:08.650Z] node: [2026-07-16T07:40:08.648Z] Remaining   : 0
[2026-07-16T07:40:08.650Z] node: [2026-07-16T07:40:08.649Z] Failed      : 0
[2026-07-16T07:40:08.653Z] node: [2026-07-16T07:40:08.652Z] 🧾 JSON report: D:\alpha-tech\server\recovery\reports\retention-report-2026-07-16T07-40-08-650Z.json
[2026-07-16T07:40:08.653Z] node: [2026-07-16T07:40:08.652Z] 🧾 TXT report: D:\alpha-tech\server\recovery\reports\retention-report-2026-07-16T07-40-08-650Z.txt
[2026-07-16T07:40:08.654Z] node: [2026-07-16T07:40:08.653Z] ✅ Overall: PASS
[2026-07-16T07:40:08.663Z] ▶️  Run: node qbrs.js --manifest D:\alpha-tech\server\backups\alphatech_hardened_backup_v6_2026-07-16_2026-07-16T07-39-56-098Z.manifest.json --init --yes --reset-schema
[2026-07-16T07:40:08.804Z] node: [2026-07-16T07:40:08.802Z] ============================================================
[2026-07-16T07:40:08.805Z] node: [2026-07-16T07:40:08.805Z] 🚑 AlphaTech Restore Tool P1-HARDENED-RESTORE-V3-NODE-PG
[2026-07-16T07:40:08.806Z] node: [2026-07-16T07:40:08.805Z] ============================================================
[2026-07-16T07:40:08.840Z] node: [2026-07-16T07:40:08.839Z] ✅ Manifest loaded.
[2026-07-16T07:40:08.840Z] node: [2026-07-16T07:40:08.840Z] ✅ SQL file: D:\alpha-tech\server\backups\alphatech_hardened_backup_v6_2026-07-16_2026-07-16T07-39-56-098Z.sql
[2026-07-16T07:40:08.841Z] node: [2026-07-16T07:40:08.840Z] ✅ SHA256 verified: 0a229dcfc508397fb6c27580cd60c554757c037ebcb653486452a7545d0ed433
[2026-07-16T07:40:08.841Z] node: [2026-07-16T07:40:08.841Z] 🎯 Target DB: postgresql://postgres:***@db.engqdeyzbvnmxbnpemau.supabase.co:5432/postgres
[2026-07-16T07:40:08.842Z] node: [2026-07-16T07:40:08.841Z] 🎯 Host: db.engqdeyzbvnmxbnpemau.supabase.co
[2026-07-16T07:40:08.842Z] node: [2026-07-16T07:40:08.842Z] 🎯 Port: 5432
[2026-07-16T07:40:08.843Z] node: [2026-07-16T07:40:08.842Z] 🎯 Database: postgres
[2026-07-16T07:40:08.843Z] node: [2026-07-16T07:40:08.843Z] 🎯 Schema: public
[2026-07-16T07:40:09.217Z] node: [2026-07-16T07:40:09.216Z] 🔌 Connected to target PostgreSQL successfully.
[2026-07-16T07:40:12.697Z] node: [2026-07-16T07:40:12.696Z] 📊 Existing tables: 70
[2026-07-16T07:40:12.697Z] node: [2026-07-16T07:40:12.697Z] 📦 Existing rows: 23383
[2026-07-16T07:40:12.698Z] node: [2026-07-16T07:40:12.697Z] 🔎 Product: 1764
[2026-07-16T07:40:12.698Z] node: [2026-07-16T07:40:12.697Z] 🔎 BranchPrice: 1762
[2026-07-16T07:40:12.699Z] node: [2026-07-16T07:40:12.698Z] 🔎 StockItem: 2683
[2026-07-16T07:40:12.699Z] node: [2026-07-16T07:40:12.698Z] 🔎 Sale: 21
[2026-07-16T07:40:12.699Z] node: [2026-07-16T07:40:12.698Z] 🔎 SaleItem: 81
[2026-07-16T07:40:12.700Z] node: [2026-07-16T07:40:12.698Z] 🔎 SaleItemSimple: 0
[2026-07-16T07:40:12.700Z] node: [2026-07-16T07:40:12.699Z] 🔎 Payment: 10
[2026-07-16T07:40:12.700Z] node: [2026-07-16T07:40:12.699Z] 🔎 PaymentItem: 10
[2026-07-16T07:40:12.956Z] node: [2026-07-16T07:40:12.955Z] 🧨 Resetting target schema "public" before restore...
[2026-07-16T07:40:12.957Z] node: [2026-07-16T07:40:12.956Z] 🛡️ This action is intended for Recovery / Standby DB only.
[2026-07-16T07:40:13.511Z] node: [2026-07-16T07:40:13.511Z] ✅ Schema "public" reset completed.
[2026-07-16T07:40:13.547Z] node: [2026-07-16T07:40:13.547Z] 🧱 Running Prisma db push against Recovery DB only...
[2026-07-16T07:40:13.548Z] node: [2026-07-16T07:40:13.547Z] 🛡️ DATABASE_URL is injected from RESTORE_DATABASE_URL/RECOVERY_DATABASE_URL for this process only.
[2026-07-16T07:40:17.181Z] node: [2026-07-16T07:40:17.181Z] npx stderr: Environment variables loaded from .env
[2026-07-16T07:40:17.183Z] node: [2026-07-16T07:40:17.183Z] npx: Prisma schema loaded from prisma\schema.prisma
[2026-07-16T07:40:17.193Z] node: [2026-07-16T07:40:17.193Z] npx: Datasource "db": PostgreSQL database "postgres", schema "public" at "db.engqdeyzbvnmxbnpemau.supabase.co:5432"
[2026-07-16T07:40:32.122Z] node: [2026-07-16T07:40:32.120Z] npx: Your database is now in sync with your Prisma schema. Done in 14.34s
[2026-07-16T07:40:32.123Z] node: [2026-07-16T07:40:32.122Z] npx: Running generate... (Use --skip-generate to skip the generators)
[2026-07-16T07:40:33.147Z] node: [2026-07-16T07:40:33.147Z] npx: [2K[1A[2K[GRunning generate... - Prisma Client
[2026-07-16T07:40:34.547Z] node: [2026-07-16T07:40:34.546Z] npx: [2K[1A[2K[G✔ Generated Prisma Client (v6.16.2) to .\node_modules\.prisma\client in 1.40s
[2026-07-16T07:40:34.549Z] node: [2026-07-16T07:40:34.549Z] npx stderr: ┌─────────────────────────────────────────────────────────┐
[2026-07-16T07:40:34.550Z] node: [2026-07-16T07:40:34.549Z] npx stderr: │  Update available 6.16.2 -> 7.8.0                       │
[2026-07-16T07:40:34.550Z] node: [2026-07-16T07:40:34.549Z] npx stderr: │                                                         │
[2026-07-16T07:40:34.550Z] node: [2026-07-16T07:40:34.549Z] npx stderr: │  This is a major update - please follow the guide at    │
[2026-07-16T07:40:34.550Z] node: [2026-07-16T07:40:34.550Z] npx stderr: │  https://pris.ly/d/major-version-upgrade                │
[2026-07-16T07:40:34.551Z] node: [2026-07-16T07:40:34.550Z] npx stderr: │                                                         │
[2026-07-16T07:40:34.551Z] node: [2026-07-16T07:40:34.550Z] npx stderr: │  Run the following to update                            │
[2026-07-16T07:40:34.551Z] node: [2026-07-16T07:40:34.550Z] npx stderr: │    npm i --save-dev prisma@latest                       │
[2026-07-16T07:40:34.552Z] node: [2026-07-16T07:40:34.550Z] npx stderr: │    npm i @prisma/client@latest                          │
[2026-07-16T07:40:34.552Z] node: [2026-07-16T07:40:34.550Z] npx stderr: └─────────────────────────────────────────────────────────┘
[2026-07-16T07:40:34.610Z] node: [2026-07-16T07:40:34.610Z] ✅ Prisma db push completed for Recovery DB.
[2026-07-16T07:40:39.000Z] node: [2026-07-16T07:40:39.000Z] 📊 Existing tables: 70
[2026-07-16T07:40:39.001Z] node: [2026-07-16T07:40:39.000Z] 📦 Existing rows: 0
[2026-07-16T07:40:39.003Z] node: [2026-07-16T07:40:39.000Z] 🔎 Product: 0
[2026-07-16T07:40:39.003Z] node: [2026-07-16T07:40:39.000Z] 🔎 BranchPrice: 0
[2026-07-16T07:40:39.004Z] node: [2026-07-16T07:40:39.000Z] 🔎 StockItem: 0
[2026-07-16T07:40:39.005Z] node: [2026-07-16T07:40:39.001Z] 🔎 Sale: 0
[2026-07-16T07:40:39.006Z] node: [2026-07-16T07:40:39.001Z] 🔎 SaleItem: 0
[2026-07-16T07:40:39.006Z] node: [2026-07-16T07:40:39.001Z] 🔎 SaleItemSimple: 0
[2026-07-16T07:40:39.007Z] node: [2026-07-16T07:40:39.001Z] 🔎 Payment: 0
[2026-07-16T07:40:39.008Z] node: [2026-07-16T07:40:39.001Z] 🔎 PaymentItem: 0
[2026-07-16T07:40:40.393Z] node: [2026-07-16T07:40:40.393Z] 📖 SQL loaded into memory (8.31 MB).
[2026-07-16T07:40:40.471Z] node: [2026-07-16T07:40:40.393Z] 🚚 Starting SQL restore via Node.js pg client...
