[2026-07-11T03:34:22.603Z] ============================================================
[2026-07-11T03:34:22.611Z] 🧭 AlphaTech Recovery Retention Workflow ALPHATECH-RECOVERY-JOB-RUNNER-V7-R2-RETENTION
[2026-07-11T03:34:22.612Z] ============================================================
[2026-07-11T03:34:22.612Z] Mode: backup-workflow
[2026-07-11T03:34:22.613Z] ▶️  Run: node recovery/health/healthCheck.js
[2026-07-11T03:34:22.783Z] node: [2026-07-11T03:34:22.780Z] ============================================================
[2026-07-11T03:34:22.784Z] node: [2026-07-11T03:34:22.784Z] 🩺 AlphaTech Recovery Health Check ALPHATECH-RECOVERY-HEALTH-CHECK-V1
[2026-07-11T03:34:22.784Z] node: [2026-07-11T03:34:22.784Z] ============================================================
[2026-07-11T03:34:23.890Z] node: [2026-07-11T03:34:23.890Z] 🧾 JSON report: D:\alpha-tech\server\recovery\reports\health-check-2026-07-11T03-34-23-879Z.json
[2026-07-11T03:34:23.891Z] node: [2026-07-11T03:34:23.890Z] 🧾 TXT report: D:\alpha-tech\server\recovery\reports\health-check-2026-07-11T03-34-23-879Z.txt
[2026-07-11T03:34:23.891Z] node: [2026-07-11T03:34:23.891Z] ✅ Overall: PASS
[2026-07-11T03:34:23.907Z] ▶️  Run: node qb.js
[2026-07-11T03:34:24.331Z] node: 🔌 Connected to PostgreSQL successfully.
[2026-07-11T03:34:24.341Z] node: ⏳ Starting P1 Hardened Backup v6 Type-aware + generic self-reference FK safe restore...
[2026-07-11T03:34:27.538Z] node: 📦 Exporting table: Bank
[2026-07-11T03:34:27.575Z] node: 📦 Exporting table: Brand
[2026-07-11T03:34:27.615Z] node: 📦 Exporting table: Category
[2026-07-11T03:34:27.649Z] node: 📦 Exporting table: GlobalProductType
[2026-07-11T03:34:27.683Z] node: 📦 Exporting table: Position
[2026-07-11T03:34:27.718Z] node: 📦 Exporting table: Province
[2026-07-11T03:34:27.753Z] node: 📦 Exporting table: District
[2026-07-11T03:34:27.805Z] node: 📦 Exporting table: Subdistrict
[2026-07-11T03:34:27.992Z] node: 📦 Exporting table: Branch
[2026-07-11T03:34:28.028Z] node: 📦 Exporting table: BarcodeCounter
[2026-07-11T03:34:28.062Z] node: 📦 Exporting table: PaymentCodeCounter
[2026-07-11T03:34:28.096Z] node: 📦 Exporting table: ProductType
[2026-07-11T03:34:28.134Z] node: 📦 Exporting table: ProductTypeBrand
[2026-07-11T03:34:28.171Z] node: 📦 Exporting table: Supplier
[2026-07-11T03:34:28.205Z] node: 📦 Exporting table: Unit
[2026-07-11T03:34:28.239Z] node: 📦 Exporting table: Product
[2026-07-11T03:34:28.320Z] node: 📦 Exporting table: BranchPrice
[2026-07-11T03:34:28.382Z] node: 📦 Exporting table: ProductImage
[2026-07-11T03:34:28.416Z] node: 📦 Exporting table: StockBalance
[2026-07-11T03:34:28.457Z] node: 📦 Exporting table: User
[2026-07-11T03:34:28.496Z] node: 📦 Exporting table: CustomerProfile
[2026-07-11T03:34:28.539Z] node: 📦 Exporting table: Cart
[2026-07-11T03:34:28.572Z] node: 📦 Exporting table: CartItem
[2026-07-11T03:34:28.607Z] node: 📦 Exporting table: EmployeeProfile
[2026-07-11T03:34:28.641Z] node: 📦 Exporting table: CombinedBillingDocument
[2026-07-11T03:34:28.675Z] node: 📦 Exporting table: CombinedSaleDocument
[2026-07-11T03:34:28.708Z] node: 📦 Exporting table: CustomerDeposit
[2026-07-11T03:34:28.743Z] node: 📦 Exporting table: CustomerReceipts
[2026-07-11T03:34:28.776Z] node: 📦 Exporting table: InputTaxFilingBatch
[2026-07-11T03:34:28.810Z] node: 📦 Exporting table: Order
[2026-07-11T03:34:28.846Z] node: 📦 Exporting table: OrderOnline
[2026-07-11T03:34:28.879Z] node: 📦 Exporting table: OrderOnlineItem
[2026-07-11T03:34:28.913Z] node: 📦 Exporting table: PasswordResetToken
[2026-07-11T03:34:28.948Z] node: 📦 Exporting table: ProductOnOrder
[2026-07-11T03:34:28.981Z] node: 📦 Exporting table: PurchaseOrder
[2026-07-11T03:34:29.015Z] node: 📦 Exporting table: PurchaseOrderItem
[2026-07-11T03:34:29.055Z] node: 📦 Exporting table: PurchaseOrderReceipt
[2026-07-11T03:34:29.089Z] node: 📦 Exporting table: InputTaxFilingItem
[2026-07-11T03:34:29.123Z] node: 📦 Exporting table: PurchaseOrderReceiptItem
[2026-07-11T03:34:29.157Z] node: 📦 Exporting table: RefreshToken
[2026-07-11T03:34:29.722Z] node: 📦 Exporting table: Sale
[2026-07-11T03:34:29.758Z] node: 📦 Exporting table: CustomerReceiptAllocations
[2026-07-11T03:34:29.792Z] node: 📦 Exporting table: Payment
[2026-07-11T03:34:29.826Z] node: 📦 Exporting table: DepositUsage
[2026-07-11T03:34:29.860Z] node: 📦 Exporting table: PaymentItem
[2026-07-11T03:34:29.894Z] node: 📦 Exporting table: SaleReturn
[2026-07-11T03:34:29.928Z] node: 📦 Exporting table: RefundTransaction
[2026-07-11T03:34:29.962Z] node: 📦 Exporting table: SalesTaxFilingBatch
[2026-07-11T03:34:29.996Z] node: 📦 Exporting table: SalesTaxFilingItem
[2026-07-11T03:34:30.030Z] node: 📦 Exporting table: ServiceOrder
[2026-07-11T03:34:30.064Z] node: 📦 Exporting table: ServiceItem
[2026-07-11T03:34:30.098Z] node: 📦 Exporting table: SimpleLot
[2026-07-11T03:34:30.132Z] node: 📦 Exporting table: SaleItemSimple
[2026-07-11T03:34:30.166Z] node: 📦 Exporting table: SaleReturnItemSimple
[2026-07-11T03:34:30.200Z] node: 📦 Exporting table: StockAuditSession
[2026-07-11T03:34:30.234Z] node: 📦 Exporting table: StockItem
[2026-07-11T03:34:30.302Z] node: 📦 Exporting table: BarcodeReceiptItem
[2026-07-11T03:34:30.336Z] node: 📦 Exporting table: RepairJob
[2026-07-11T03:34:30.370Z] node: 📦 Exporting table: RepairPartItem
[2026-07-11T03:34:30.404Z] node: 📦 Exporting table: SaleItem
[2026-07-11T03:34:30.438Z] node: 📦 Exporting table: SaleReturnItem
[2026-07-11T03:34:30.472Z] node: 📦 Exporting table: StockAuditScanLog
[2026-07-11T03:34:30.507Z] node: 📦 Exporting table: StockAuditSnapshotItem
[2026-07-11T03:34:30.541Z] node: 📦 Exporting table: StockMovement
[2026-07-11T03:34:30.582Z] node: 📦 Exporting table: SupplierPayment
[2026-07-11T03:34:30.616Z] node: 📦 Exporting table: SupplierPaymentReceipt
[2026-07-11T03:34:30.649Z] node: 📦 Exporting table: V2CustomerDeposit
[2026-07-11T03:34:30.684Z] node: 📦 Exporting table: V2StockAudit
[2026-07-11T03:34:30.718Z] node: 📦 Exporting table: V2StockAuditItem
[2026-07-11T03:34:30.751Z] node: 📦 Exporting table: WarrantyClaim
[2026-07-11T03:34:33.192Z] node: 🎉 P1 Hardened Backup v6 Type-aware + generic self-reference FK safe restore completed successfully.
[2026-07-11T03:34:33.193Z] node: 💾 Backup file: D:\alpha-tech\server\backups\alphatech_hardened_backup_v6_2026-07-11_2026-07-11T03-34-27-504Z.sql
[2026-07-11T03:34:33.194Z] node: 🧾 Manifest file: D:\alpha-tech\server\backups\alphatech_hardened_backup_v6_2026-07-11_2026-07-11T03-34-27-504Z.manifest.json
[2026-07-11T03:34:33.194Z] node: 📊 Tables exported: 70
[2026-07-11T03:34:33.194Z] node: 📦 Rows exported: 16484
[2026-07-11T03:34:33.195Z] node: 🔢 Sequences prepared: 67
[2026-07-11T03:34:33.195Z] node: 🔐 SHA256: a7e4408254288e6f5151eea588f98a8e622fdb9711ea67738955f999a53d898b
[2026-07-11T03:34:33.195Z] node: 📐 File size: 5.01 MB
[2026-07-11T03:34:33.196Z] node: ⏱️ Duration: 6.76 seconds
[2026-07-11T03:34:33.196Z] node: ✅ Verification: PASS (70 tables checked)
[2026-07-11T03:34:33.251Z] ▶️  Run: node recovery/upload/uploadBackup.js --manifest D:\alpha-tech\server\backups\alphatech_hardened_backup_v6_2026-07-11_2026-07-11T03-34-27-504Z.manifest.json
[2026-07-11T03:34:33.337Z] node: [2026-07-11T03:34:33.332Z] ============================================================
[2026-07-11T03:34:33.339Z] node: [2026-07-11T03:34:33.339Z] AlphaTech Recovery Upload ALPHATECH-RECOVERY-UPLOAD-V2-S3-COMPATIBLE
[2026-07-11T03:34:33.339Z] node: [2026-07-11T03:34:33.339Z] ============================================================
[2026-07-11T03:34:33.550Z] node stderr: (node:8) Warning: NodeVersionSupportWarning: The AWS SDK for JavaScript (v3)
[2026-07-11T03:34:33.550Z] node stderr: versions published after the first week of January 2027
[2026-07-11T03:34:33.551Z] node stderr: will require node >=22. You are running node v20.19.0.
[2026-07-11T03:34:33.551Z] node stderr: To continue receiving updates to AWS services, bug fixes,
[2026-07-11T03:34:33.552Z] node stderr: and security updates please upgrade to node >=22.
[2026-07-11T03:34:33.552Z] node stderr: More information can be found at: https://a.co/c895JFp
[2026-07-11T03:34:33.552Z] node stderr: (Use `node --trace-warnings ...` to show where the warning was created)
[2026-07-11T03:34:35.103Z] node: [2026-07-11T03:34:35.103Z] JSON report: D:\alpha-tech\server\recovery\reports\upload-report-2026-07-11T03-34-35-094Z.json
[2026-07-11T03:34:35.104Z] node: [2026-07-11T03:34:35.104Z] TXT report: D:\alpha-tech\server\recovery\reports\upload-report-2026-07-11T03-34-35-094Z.txt
[2026-07-11T03:34:35.105Z] node: [2026-07-11T03:34:35.104Z] Overall: PASS
[2026-07-11T03:34:35.583Z] ------------------------------------------------------------
[2026-07-11T03:34:35.584Z] Target      : cloudflare-r2
[2026-07-11T03:34:35.585Z] Bucket      : saduaksabuy-recovery
[2026-07-11T03:34:35.585Z] Prefix      : alphatech-production/
[2026-07-11T03:34:35.586Z] Retention   : 7 day(s)
[2026-07-11T03:34:35.586Z] Mode        : APPLY
[2026-07-11T03:34:35.586Z] Scanned     : 68
[2026-07-11T03:34:35.587Z] Candidates  : 0
[2026-07-11T03:34:35.587Z] Deleted     : 0
[2026-07-11T03:34:35.587Z] Remaining   : 68
[2026-07-11T03:34:35.587Z] Failed      : 0
[2026-07-11T03:34:35.588Z] ▶️  Run: node recovery/retention/retentionPolicy.js --apply
[2026-07-11T03:34:35.692Z] node: [2026-07-11T03:34:35.686Z] ============================================================
[2026-07-11T03:34:35.694Z] node: [2026-07-11T03:34:35.694Z] 🧹 AlphaTech Recovery Retention ALPHATECH-RECOVERY-RETENTION-V1
[2026-07-11T03:34:35.695Z] node: [2026-07-11T03:34:35.695Z] ============================================================
[2026-07-11T03:34:35.698Z] node: [2026-07-11T03:34:35.695Z] Mode: APPLY
[2026-07-11T03:34:35.706Z] node: [2026-07-11T03:34:35.705Z] ------------------------------------------------------------
[2026-07-11T03:34:35.706Z] node: [2026-07-11T03:34:35.706Z] Target      : local-backups
[2026-07-11T03:34:35.707Z] node: [2026-07-11T03:34:35.707Z] Directory   : D:\alpha-tech\server\backups
[2026-07-11T03:34:35.708Z] node: [2026-07-11T03:34:35.708Z] Retention   : 3 day(s)
[2026-07-11T03:34:35.709Z] node: [2026-07-11T03:34:35.709Z] Scanned     : 46
[2026-07-11T03:34:35.710Z] node: [2026-07-11T03:34:35.709Z] Candidates  : 2
[2026-07-11T03:34:35.711Z] node: [2026-07-11T03:34:35.710Z] Deleted     : 2
[2026-07-11T03:34:35.711Z] node: [2026-07-11T03:34:35.711Z] Remaining   : 44
[2026-07-11T03:34:35.711Z] node: [2026-07-11T03:34:35.712Z] Failed      : 0
[2026-07-11T03:34:35.712Z] node: [2026-07-11T03:34:35.712Z] ------------------------------------------------------------
[2026-07-11T03:34:35.713Z] node: [2026-07-11T03:34:35.713Z] Target      : offsite-local-mirror
[2026-07-11T03:34:35.714Z] node: [2026-07-11T03:34:35.714Z] Directory   : D:\alpha-tech\server\recovery\offsite
[2026-07-11T03:34:35.715Z] node: [2026-07-11T03:34:35.715Z] Retention   : 7 day(s)
[2026-07-11T03:34:35.715Z] node: [2026-07-11T03:34:35.715Z] Scanned     : 12
[2026-07-11T03:34:35.716Z] node: [2026-07-11T03:34:35.716Z] Candidates  : 0
[2026-07-11T03:34:35.716Z] node: [2026-07-11T03:34:35.716Z] Deleted     : 0
[2026-07-11T03:34:35.716Z] node: [2026-07-11T03:34:35.716Z] Remaining   : 12
[2026-07-11T03:34:35.717Z] node: [2026-07-11T03:34:35.717Z] Failed      : 0
[2026-07-11T03:34:35.720Z] node: [2026-07-11T03:34:35.720Z] 🧾 JSON report: D:\alpha-tech\server\recovery\reports\retention-report-2026-07-11T03-34-35-717Z.json
[2026-07-11T03:34:35.721Z] node: [2026-07-11T03:34:35.720Z] 🧾 TXT report: D:\alpha-tech\server\recovery\reports\retention-report-2026-07-11T03-34-35-717Z.txt
[2026-07-11T03:34:35.721Z] node: [2026-07-11T03:34:35.720Z] ✅ Overall: PASS
[2026-07-11T03:34:35.731Z] ▶️  Run: node qbrs.js --manifest D:\alpha-tech\server\backups\alphatech_hardened_backup_v6_2026-07-11_2026-07-11T03-34-27-504Z.manifest.json --init --yes --reset-schema
[2026-07-11T03:34:35.883Z] node: [2026-07-11T03:34:35.881Z] ============================================================
[2026-07-11T03:34:35.885Z] node: [2026-07-11T03:34:35.885Z] 🚑 AlphaTech Restore Tool P1-HARDENED-RESTORE-V3-NODE-PG
[2026-07-11T03:34:35.886Z] node: [2026-07-11T03:34:35.885Z] ============================================================
[2026-07-11T03:34:35.910Z] node: [2026-07-11T03:34:35.910Z] ✅ Manifest loaded.
[2026-07-11T03:34:35.910Z] node: [2026-07-11T03:34:35.910Z] ✅ SQL file: D:\alpha-tech\server\backups\alphatech_hardened_backup_v6_2026-07-11_2026-07-11T03-34-27-504Z.sql
[2026-07-11T03:34:35.911Z] node: [2026-07-11T03:34:35.911Z] ✅ SHA256 verified: a7e4408254288e6f5151eea588f98a8e622fdb9711ea67738955f999a53d898b
[2026-07-11T03:34:35.912Z] node: [2026-07-11T03:34:35.911Z] 🎯 Target DB: postgresql://postgres:***@db.engqdeyzbvnmxbnpemau.supabase.co:5432/postgres
[2026-07-11T03:34:35.912Z] node: [2026-07-11T03:34:35.912Z] 🎯 Host: db.engqdeyzbvnmxbnpemau.supabase.co
[2026-07-11T03:34:35.912Z] node: [2026-07-11T03:34:35.912Z] 🎯 Port: 5432
[2026-07-11T03:34:35.913Z] node: [2026-07-11T03:34:35.913Z] 🎯 Database: postgres
[2026-07-11T03:34:35.913Z] node: [2026-07-11T03:34:35.913Z] 🎯 Schema: public
[2026-07-11T03:34:36.299Z] node: [2026-07-11T03:34:36.299Z] 🔌 Connected to target PostgreSQL successfully.
[2026-07-11T03:34:39.736Z] node: [2026-07-11T03:34:39.735Z] 📊 Existing tables: 70
[2026-07-11T03:34:39.736Z] node: [2026-07-11T03:34:39.736Z] 📦 Existing rows: 16399
[2026-07-11T03:34:39.738Z] node: [2026-07-11T03:34:39.736Z] 🔎 Product: 1069
[2026-07-11T03:34:39.738Z] node: [2026-07-11T03:34:39.736Z] 🔎 BranchPrice: 1067
[2026-07-11T03:34:39.739Z] node: [2026-07-11T03:34:39.737Z] 🔎 StockItem: 787
[2026-07-11T03:34:39.739Z] node: [2026-07-11T03:34:39.737Z] 🔎 Sale: 4
[2026-07-11T03:34:39.740Z] node: [2026-07-11T03:34:39.737Z] 🔎 SaleItem: 6
[2026-07-11T03:34:39.740Z] node: [2026-07-11T03:34:39.737Z] 🔎 SaleItemSimple: 0
[2026-07-11T03:34:39.741Z] node: [2026-07-11T03:34:39.738Z] 🔎 Payment: 2
[2026-07-11T03:34:39.741Z] node: [2026-07-11T03:34:39.738Z] 🔎 PaymentItem: 2
[2026-07-11T03:34:39.993Z] node: [2026-07-11T03:34:39.993Z] 🧨 Resetting target schema "public" before restore...
[2026-07-11T03:34:39.994Z] node: [2026-07-11T03:34:39.993Z] 🛡️ This action is intended for Recovery / Standby DB only.
[2026-07-11T03:34:40.562Z] node: [2026-07-11T03:34:40.562Z] ✅ Schema "public" reset completed.
[2026-07-11T03:34:40.598Z] node: [2026-07-11T03:34:40.597Z] 🧱 Running Prisma db push against Recovery DB only...
[2026-07-11T03:34:40.598Z] node: [2026-07-11T03:34:40.598Z] 🛡️ DATABASE_URL is injected from RESTORE_DATABASE_URL/RECOVERY_DATABASE_URL for this process only.
[2026-07-11T03:34:44.296Z] node: [2026-07-11T03:34:44.295Z] npx stderr: Environment variables loaded from .env
[2026-07-11T03:34:44.297Z] node: [2026-07-11T03:34:44.297Z] npx: Prisma schema loaded from prisma\schema.prisma
[2026-07-11T03:34:44.308Z] node: [2026-07-11T03:34:44.308Z] npx: Datasource "db": PostgreSQL database "postgres", schema "public" at "db.engqdeyzbvnmxbnpemau.supabase.co:5432"
[2026-07-11T03:35:01.230Z] node: [2026-07-11T03:35:01.230Z] npx: Your database is now in sync with your Prisma schema. Done in 16.36s
[2026-07-11T03:35:01.233Z] node: [2026-07-11T03:35:01.233Z] npx: Running generate... (Use --skip-generate to skip the generators)
[2026-07-11T03:35:02.542Z] node: [2026-07-11T03:35:02.542Z] npx: [2K[1A[2K[GRunning generate... - Prisma Client
[2026-07-11T03:35:04.311Z] node: [2026-07-11T03:35:04.310Z] npx: [2K[1A[2K[G✔ Generated Prisma Client (v6.16.2) to .\node_modules\.prisma\client in 1.76s
[2026-07-11T03:35:04.374Z] node: [2026-07-11T03:35:04.374Z] ✅ Prisma db push completed for Recovery DB.
[2026-07-11T03:35:07.331Z] node: [2026-07-11T03:35:07.330Z] 📊 Existing tables: 70
[2026-07-11T03:35:07.331Z] node: [2026-07-11T03:35:07.331Z] 📦 Existing rows: 0
[2026-07-11T03:35:07.332Z] node: [2026-07-11T03:35:07.331Z] 🔎 Product: 0
[2026-07-11T03:35:07.333Z] node: [2026-07-11T03:35:07.331Z] 🔎 BranchPrice: 0
[2026-07-11T03:35:07.333Z] node: [2026-07-11T03:35:07.331Z] 🔎 StockItem: 0
[2026-07-11T03:35:07.333Z] node: [2026-07-11T03:35:07.331Z] 🔎 Sale: 0
[2026-07-11T03:35:07.333Z] node: [2026-07-11T03:35:07.332Z] 🔎 SaleItem: 0
[2026-07-11T03:35:07.334Z] node: [2026-07-11T03:35:07.332Z] 🔎 SaleItemSimple: 0
[2026-07-11T03:35:07.334Z] node: [2026-07-11T03:35:07.332Z] 🔎 Payment: 0
[2026-07-11T03:35:07.334Z] node: [2026-07-11T03:35:07.332Z] 🔎 PaymentItem: 0
[2026-07-11T03:35:07.384Z] node: [2026-07-11T03:35:07.383Z] 📖 SQL loaded into memory (5.02 MB).
[2026-07-11T03:35:07.384Z] node: [2026-07-11T03:35:07.384Z] 🚚 Starting SQL restore via Node.js pg client...
[2026-07-11T03:35:10.055Z] node: [2026-07-11T03:35:10.055Z] ✅ SQL restore completed via Node.js pg client.
[2026-07-11T03:35:12.721Z] node: [2026-07-11T03:35:12.721Z] ✅ Restore verification PASS (70 tables checked).
[2026-07-11T03:35:12.721Z] node: [2026-07-11T03:35:12.721Z] 🎉 Restore completed successfully in 36.84 seconds.
[2026-07-11T03:35:12.735Z] ▶️  Run: node recovery/verify/qbv.js
[2026-07-11T03:35:12.888Z] node: [2026-07-11T03:35:12.886Z] ============================================================
[2026-07-11T03:35:12.890Z] node: [2026-07-11T03:35:12.889Z] 🔎 AlphaTech Integrity Verification ALPHATECH-RECOVERY-VERIFY-V1
[2026-07-11T03:35:12.890Z] node: [2026-07-11T03:35:12.890Z] ============================================================
[2026-07-11T03:35:12.891Z] node: [2026-07-11T03:35:12.890Z] Collecting Production snapshot...
[2026-07-11T03:35:24.705Z] node: [2026-07-11T03:35:24.704Z] Collecting Recovery snapshot...
[2026-07-11T03:35:36.325Z] node: [2026-07-11T03:35:36.324Z] Comparing snapshots...
[2026-07-11T03:35:36.332Z] node: [2026-07-11T03:35:36.332Z] 🧾 JSON report: D:\alpha-tech\server\recovery\reports\verification-report_2026-07-11T03-35-36-329Z.json
[2026-07-11T03:35:36.333Z] node: [2026-07-11T03:35:36.332Z] 🧾 TXT report: D:\alpha-tech\server\recovery\reports\verification-report_2026-07-11T03-35-36-329Z.txt
[2026-07-11T03:35:36.335Z] node: [2026-07-11T03:35:36.332Z] ✅ Overall: FAIL
[2026-07-11T03:35:36.353Z] 🧾 Job manifest: D:\alpha-tech\server\recovery\jobs\job-2026-07-11T03-34-22-601Z.json
[2026-07-11T03:35:36.353Z] ❌ Job result: FAIL exitCode=40
