[2026-07-06T15:55:53.141Z] ============================================================
[2026-07-06T15:55:53.153Z] 🧹 AlphaTech Recovery Retention ALPHATECH-RECOVERY-RETENTION-V1
[2026-07-06T15:55:53.154Z] ============================================================
[2026-07-06T15:55:53.154Z] Mode: DRY_RUN
[2026-07-06T15:55:53.168Z] 🧾 JSON report: D:\alpha-tech\server\recovery\reports\retention-report-2026-07-06T15-55-53-158Z.json
[2026-07-06T15:55:53.168Z] 🧾 TXT report: D:\alpha-tech\server\recovery\reports\retention-report-2026-07-06T15-55-53-158Z.txt
[2026-07-06T15:55:53.169Z] ✅ Overall: PASS
[2026-07-06T15:56:19.602Z] ============================================================
[2026-07-06T15:56:19.612Z] 🧹 AlphaTech Recovery Retention ALPHATECH-RECOVERY-RETENTION-V1
[2026-07-06T15:56:19.622Z] ============================================================
[2026-07-06T15:56:19.623Z] Mode: DRY_RUN
[2026-07-06T15:56:19.633Z] 🧾 JSON report: D:\alpha-tech\server\recovery\reports\retention-report-2026-07-06T15-56-19-629Z.json
[2026-07-06T15:56:19.634Z] 🧾 TXT report: D:\alpha-tech\server\recovery\reports\retention-report-2026-07-06T15-56-19-629Z.txt
[2026-07-06T15:56:19.634Z] ✅ Overall: PASS
[2026-07-06T18:53:45.904Z] ============================================================
[2026-07-06T18:53:45.912Z] 🧹 AlphaTech Recovery Retention ALPHATECH-RECOVERY-RETENTION-V1
[2026-07-06T18:53:45.913Z] ============================================================
[2026-07-06T18:53:45.914Z] Mode: DRY_RUN
[2026-07-06T18:53:45.924Z] 🧾 JSON report: D:\alpha-tech\server\recovery\reports\retention-report-2026-07-06T18-53-45-920Z.json
[2026-07-06T18:53:45.925Z] 🧾 TXT report: D:\alpha-tech\server\recovery\reports\retention-report-2026-07-06T18-53-45-920Z.txt
[2026-07-06T18:53:45.925Z] ✅ Overall: PASS
[2026-07-06T19:27:40.826Z] ============================================================
[2026-07-06T19:27:40.836Z] 🧹 AlphaTech Recovery Retention ALPHATECH-RECOVERY-RETENTION-V1
[2026-07-06T19:27:40.837Z] ============================================================
[2026-07-06T19:27:40.837Z] Mode: DRY_RUN
[2026-07-06T19:27:40.846Z] 🧾 JSON report: D:\alpha-tech\server\recovery\reports\retention-report-2026-07-06T19-27-40-844Z.json
[2026-07-06T19:27:40.846Z] 🧾 TXT report: D:\alpha-tech\server\recovery\reports\retention-report-2026-07-06T19-27-40-844Z.txt
[2026-07-06T19:27:40.847Z] ✅ Overall: PASS
[2026-07-06T19:56:40.891Z] ============================================================
[2026-07-06T19:56:40.898Z] 🧹 AlphaTech Recovery Retention ALPHATECH-RECOVERY-RETENTION-V1
[2026-07-06T19:56:40.899Z] ============================================================
[2026-07-06T19:56:40.900Z] Mode: DRY_RUN
[2026-07-06T19:56:40.913Z] 🧾 JSON report: D:\alpha-tech\server\recovery\reports\retention-report-2026-07-06T19-56-40-908Z.json
[2026-07-06T19:56:40.914Z] 🧾 TXT report: D:\alpha-tech\server\recovery\reports\retention-report-2026-07-06T19-56-40-908Z.txt
[2026-07-06T19:56:40.915Z] ✅ Overall: PASS
[2026-07-06T21:34:36.126Z] ============================================================
[2026-07-06T21:34:36.134Z] 🧹 AlphaTech Recovery Retention ALPHATECH-RECOVERY-RETENTION-V1
[2026-07-06T21:34:36.135Z] ============================================================
[2026-07-06T21:34:36.136Z] Mode: DRY_RUN
[2026-07-06T21:34:36.153Z] 🧾 JSON report: D:\alpha-tech\server\recovery\reports\retention-report-2026-07-06T21-34-36-144Z.json
[2026-07-06T21:34:36.155Z] 🧾 TXT report: D:\alpha-tech\server\recovery\reports\retention-report-2026-07-06T21-34-36-144Z.txt
[2026-07-06T21:34:36.156Z] ✅ Overall: PASS
[2026-07-07T03:34:36.330Z] ============================================================
[2026-07-07T03:34:36.338Z] 🧹 AlphaTech Recovery Retention ALPHATECH-RECOVERY-RETENTION-V1
[2026-07-07T03:34:36.339Z] ============================================================
[2026-07-07T03:34:36.341Z] Mode: APPLY
[2026-07-07T03:34:36.353Z] 🧾 JSON report: D:\alpha-tech\server\recovery\reports\retention-report-2026-07-07T03-34-36-348Z.json
[2026-07-07T03:34:36.355Z] 🧾 TXT report: D:\alpha-tech\server\recovery\reports\retention-report-2026-07-07T03-34-36-348Z.txt
[2026-07-07T03:34:36.359Z] ✅ Overall: PASS
[2026-07-07T07:40:03.590Z] ============================================================
[2026-07-07T07:40:03.598Z] 🧹 AlphaTech Recovery Retention ALPHATECH-RECOVERY-RETENTION-V1
[2026-07-07T07:40:03.600Z] ============================================================
[2026-07-07T07:40:03.600Z] Mode: APPLY
[2026-07-07T07:40:03.609Z] ------------------------------------------------------------
[2026-07-07T07:40:03.610Z] Target      : local-backups
[2026-07-07T07:40:03.611Z] Directory   : D:\alpha-tech\server\backups
[2026-07-07T07:40:03.611Z] Retention   : 3 day(s)
[2026-07-07T07:40:03.613Z] Scanned     : 28
[2026-07-07T07:40:03.615Z] Candidates  : 0
[2026-07-07T07:40:03.616Z] Deleted     : 0
[2026-07-07T07:40:03.617Z] Remaining   : 28
[2026-07-07T07:40:03.617Z] Failed      : 0
[2026-07-07T07:40:03.618Z] ------------------------------------------------------------
[2026-07-07T07:40:03.620Z] Target      : offsite-local-mirror
[2026-07-07T07:40:03.623Z] Directory   : D:\alpha-tech\server\recovery\offsite
[2026-07-07T07:40:03.624Z] Retention   : 7 day(s)
[2026-07-07T07:40:03.625Z] Scanned     : 12
[2026-07-07T07:40:03.625Z] Candidates  : 0
[2026-07-07T07:40:03.625Z] Deleted     : 0
[2026-07-07T07:40:03.626Z] Remaining   : 12
[2026-07-07T07:40:03.626Z] Failed      : 0
[2026-07-07T07:40:03.631Z] 🧾 JSON report: D:\alpha-tech\server\recovery\reports\retention-report-2026-07-07T07-40-03-627Z.json
[2026-07-07T07:40:03.632Z] 🧾 TXT report: D:\alpha-tech\server\recovery\reports\retention-report-2026-07-07T07-40-03-627Z.txt
[2026-07-07T07:40:03.632Z] ✅ Overall: PASS
[2026-07-07T09:34:36.293Z] ============================================================
[2026-07-07T09:34:36.301Z] 🧹 AlphaTech Recovery Retention ALPHATECH-RECOVERY-RETENTION-V1
[2026-07-07T09:34:36.301Z] ============================================================
[2026-07-07T09:34:36.301Z] Mode: APPLY
[2026-07-07T09:34:36.310Z] ------------------------------------------------------------
[2026-07-07T09:34:36.310Z] Target      : local-backups
[2026-07-07T09:34:36.312Z] Directory   : D:\alpha-tech\server\backups
[2026-07-07T09:34:36.312Z] Retention   : 3 day(s)
[2026-07-07T09:34:36.313Z] Scanned     : 30
[2026-07-07T09:34:36.314Z] Candidates  : 0
[2026-07-07T09:34:36.314Z] Deleted     : 0
[2026-07-07T09:34:36.315Z] Remaining   : 30
[2026-07-07T09:34:36.315Z] Failed      : 0
[2026-07-07T09:34:36.316Z] ------------------------------------------------------------
[2026-07-07T09:34:36.317Z] Target      : offsite-local-mirror
[2026-07-07T09:34:36.317Z] Directory   : D:\alpha-tech\server\recovery\offsite
[2026-07-07T09:34:36.317Z] Retention   : 7 day(s)
[2026-07-07T09:34:36.318Z] Scanned     : 12
[2026-07-07T09:34:36.319Z] Candidates  : 0
[2026-07-07T09:34:36.320Z] Deleted     : 0
[2026-07-07T09:34:36.320Z] Remaining   : 12
[2026-07-07T09:34:36.321Z] Failed      : 0
[2026-07-07T09:34:36.326Z] 🧾 JSON report: D:\alpha-tech\server\recovery\reports\retention-report-2026-07-07T09-34-36-321Z.json
[2026-07-07T09:34:36.327Z] 🧾 TXT report: D:\alpha-tech\server\recovery\reports\retention-report-2026-07-07T09-34-36-321Z.txt
[2026-07-07T09:34:36.327Z] ✅ Overall: PASS
[2026-07-07T13:40:01.667Z] ============================================================
[2026-07-07T13:40:01.674Z] 🧹 AlphaTech Recovery Retention ALPHATECH-RECOVERY-RETENTION-V1
[2026-07-07T13:40:01.674Z] ============================================================
[2026-07-07T13:40:01.675Z] Mode: APPLY
[2026-07-07T13:40:01.683Z] ------------------------------------------------------------
[2026-07-07T13:40:01.684Z] Target      : local-backups
[2026-07-07T13:40:01.684Z] Directory   : D:\alpha-tech\server\backups
[2026-07-07T13:40:01.685Z] Retention   : 3 day(s)
[2026-07-07T13:40:01.685Z] Scanned     : 32
[2026-07-07T13:40:01.686Z] Candidates  : 0
[2026-07-07T13:40:01.686Z] Deleted     : 0
[2026-07-07T13:40:01.687Z] Remaining   : 32
[2026-07-07T13:40:01.687Z] Failed      : 0
[2026-07-07T13:40:01.688Z] ------------------------------------------------------------
[2026-07-07T13:40:01.688Z] Target      : offsite-local-mirror
[2026-07-07T13:40:01.688Z] Directory   : D:\alpha-tech\server\recovery\offsite
[2026-07-07T13:40:01.689Z] Retention   : 7 day(s)
[2026-07-07T13:40:01.689Z] Scanned     : 12
[2026-07-07T13:40:01.690Z] Candidates  : 0
[2026-07-07T13:40:01.690Z] Deleted     : 0
[2026-07-07T13:40:01.690Z] Remaining   : 12
[2026-07-07T13:40:01.690Z] Failed      : 0
[2026-07-07T13:40:01.693Z] 🧾 JSON report: D:\alpha-tech\server\recovery\reports\retention-report-2026-07-07T13-40-01-691Z.json
[2026-07-07T13:40:01.693Z] 🧾 TXT report: D:\alpha-tech\server\recovery\reports\retention-report-2026-07-07T13-40-01-691Z.txt
[2026-07-07T13:40:01.693Z] ✅ Overall: PASS
[2026-07-07T15:34:35.762Z] ============================================================
[2026-07-07T15:34:35.768Z] 🧹 AlphaTech Recovery Retention ALPHATECH-RECOVERY-RETENTION-V1
[2026-07-07T15:34:35.769Z] ============================================================
[2026-07-07T15:34:35.769Z] Mode: APPLY
[2026-07-07T15:34:35.777Z] ------------------------------------------------------------
[2026-07-07T15:34:35.777Z] Target      : local-backups
[2026-07-07T15:34:35.777Z] Directory   : D:\alpha-tech\server\backups
[2026-07-07T15:34:35.778Z] Retention   : 3 day(s)
[2026-07-07T15:34:35.779Z] Scanned     : 34
[2026-07-07T15:34:35.779Z] Candidates  : 0
[2026-07-07T15:34:35.779Z] Deleted     : 0
[2026-07-07T15:34:35.780Z] Remaining   : 34
[2026-07-07T15:34:35.780Z] Failed      : 0
[2026-07-07T15:34:35.781Z] ------------------------------------------------------------
[2026-07-07T15:34:35.781Z] Target      : offsite-local-mirror
[2026-07-07T15:34:35.782Z] Directory   : D:\alpha-tech\server\recovery\offsite
[2026-07-07T15:34:35.782Z] Retention   : 7 day(s)
[2026-07-07T15:34:35.783Z] Scanned     : 12
[2026-07-07T15:34:35.783Z] Candidates  : 0
[2026-07-07T15:34:35.783Z] Deleted     : 0
[2026-07-07T15:34:35.784Z] Remaining   : 12
[2026-07-07T15:34:35.784Z] Failed      : 0
[2026-07-07T15:34:35.786Z] 🧾 JSON report: D:\alpha-tech\server\recovery\reports\retention-report-2026-07-07T15-34-35-784Z.json
[2026-07-07T15:34:35.786Z] 🧾 TXT report: D:\alpha-tech\server\recovery\reports\retention-report-2026-07-07T15-34-35-784Z.txt
[2026-07-07T15:34:35.786Z] ✅ Overall: PASS
[2026-07-07T19:40:01.986Z] ============================================================
[2026-07-07T19:40:01.995Z] 🧹 AlphaTech Recovery Retention ALPHATECH-RECOVERY-RETENTION-V1
[2026-07-07T19:40:01.996Z] ============================================================
[2026-07-07T19:40:01.997Z] Mode: APPLY
[2026-07-07T19:40:02.009Z] ------------------------------------------------------------
[2026-07-07T19:40:02.009Z] Target      : local-backups
[2026-07-07T19:40:02.009Z] Directory   : D:\alpha-tech\server\backups
[2026-07-07T19:40:02.010Z] Retention   : 3 day(s)
[2026-07-07T19:40:02.010Z] Scanned     : 36
[2026-07-07T19:40:02.012Z] Candidates  : 0
[2026-07-07T19:40:02.012Z] Deleted     : 0
[2026-07-07T19:40:02.012Z] Remaining   : 36
[2026-07-07T19:40:02.012Z] Failed      : 0
[2026-07-07T19:40:02.013Z] ------------------------------------------------------------
[2026-07-07T19:40:02.015Z] Target      : offsite-local-mirror
[2026-07-07T19:40:02.016Z] Directory   : D:\alpha-tech\server\recovery\offsite
[2026-07-07T19:40:02.017Z] Retention   : 7 day(s)
[2026-07-07T19:40:02.017Z] Scanned     : 12
[2026-07-07T19:40:02.018Z] Candidates  : 0
[2026-07-07T19:40:02.018Z] Deleted     : 0
[2026-07-07T19:40:02.018Z] Remaining   : 12
[2026-07-07T19:40:02.019Z] Failed      : 0
[2026-07-07T19:40:02.020Z] 🧾 JSON report: D:\alpha-tech\server\recovery\reports\retention-report-2026-07-07T19-40-02-019Z.json
[2026-07-07T19:40:02.021Z] 🧾 TXT report: D:\alpha-tech\server\recovery\reports\retention-report-2026-07-07T19-40-02-019Z.txt
[2026-07-07T19:40:02.021Z] ✅ Overall: PASS
[2026-07-07T21:34:35.866Z] ============================================================
[2026-07-07T21:34:35.874Z] 🧹 AlphaTech Recovery Retention ALPHATECH-RECOVERY-RETENTION-V1
[2026-07-07T21:34:35.874Z] ============================================================
[2026-07-07T21:34:35.874Z] Mode: APPLY
[2026-07-07T21:34:35.882Z] ------------------------------------------------------------
[2026-07-07T21:34:35.882Z] Target      : local-backups
[2026-07-07T21:34:35.882Z] Directory   : D:\alpha-tech\server\backups
[2026-07-07T21:34:35.883Z] Retention   : 3 day(s)
[2026-07-07T21:34:35.883Z] Scanned     : 38
[2026-07-07T21:34:35.883Z] Candidates  : 0
[2026-07-07T21:34:35.883Z] Deleted     : 0
[2026-07-07T21:34:35.884Z] Remaining   : 38
[2026-07-07T21:34:35.884Z] Failed      : 0
[2026-07-07T21:34:35.884Z] ------------------------------------------------------------
[2026-07-07T21:34:35.884Z] Target      : offsite-local-mirror
[2026-07-07T21:34:35.884Z] Directory   : D:\alpha-tech\server\recovery\offsite
[2026-07-07T21:34:35.884Z] Retention   : 7 day(s)
[2026-07-07T21:34:35.885Z] Scanned     : 12
[2026-07-07T21:34:35.885Z] Candidates  : 0
[2026-07-07T21:34:35.885Z] Deleted     : 0
[2026-07-07T21:34:35.885Z] Remaining   : 12
[2026-07-07T21:34:35.885Z] Failed      : 0
[2026-07-07T21:34:35.887Z] 🧾 JSON report: D:\alpha-tech\server\recovery\reports\retention-report-2026-07-07T21-34-35-886Z.json
[2026-07-07T21:34:35.888Z] 🧾 TXT report: D:\alpha-tech\server\recovery\reports\retention-report-2026-07-07T21-34-35-886Z.txt
[2026-07-07T21:34:35.888Z] ✅ Overall: PASS
[2026-07-08T03:34:35.774Z] ============================================================
[2026-07-08T03:34:35.781Z] 🧹 AlphaTech Recovery Retention ALPHATECH-RECOVERY-RETENTION-V1
[2026-07-08T03:34:35.781Z] ============================================================
[2026-07-08T03:34:35.782Z] Mode: APPLY
[2026-07-08T03:34:35.791Z] ------------------------------------------------------------
[2026-07-08T03:34:35.792Z] Target      : local-backups
[2026-07-08T03:34:35.792Z] Directory   : D:\alpha-tech\server\backups
[2026-07-08T03:34:35.792Z] Retention   : 3 day(s)
[2026-07-08T03:34:35.793Z] Scanned     : 40
[2026-07-08T03:34:35.793Z] Candidates  : 0
[2026-07-08T03:34:35.794Z] Deleted     : 0
[2026-07-08T03:34:35.794Z] Remaining   : 40
[2026-07-08T03:34:35.795Z] Failed      : 0
[2026-07-08T03:34:35.795Z] ------------------------------------------------------------
[2026-07-08T03:34:35.796Z] Target      : offsite-local-mirror
[2026-07-08T03:34:35.796Z] Directory   : D:\alpha-tech\server\recovery\offsite
[2026-07-08T03:34:35.796Z] Retention   : 7 day(s)
[2026-07-08T03:34:35.797Z] Scanned     : 12
[2026-07-08T03:34:35.797Z] Candidates  : 0
[2026-07-08T03:34:35.797Z] Deleted     : 0
[2026-07-08T03:34:35.797Z] Remaining   : 12
[2026-07-08T03:34:35.798Z] Failed      : 0
[2026-07-08T03:34:35.799Z] 🧾 JSON report: D:\alpha-tech\server\recovery\reports\retention-report-2026-07-08T03-34-35-798Z.json
[2026-07-08T03:34:35.799Z] 🧾 TXT report: D:\alpha-tech\server\recovery\reports\retention-report-2026-07-08T03-34-35-798Z.txt
[2026-07-08T03:34:35.800Z] ✅ Overall: PASS
[2026-07-08T07:40:03.099Z] ============================================================
[2026-07-08T07:40:03.106Z] 🧹 AlphaTech Recovery Retention ALPHATECH-RECOVERY-RETENTION-V1
[2026-07-08T07:40:03.106Z] ============================================================
[2026-07-08T07:40:03.107Z] Mode: APPLY
[2026-07-08T07:40:03.115Z] ------------------------------------------------------------
[2026-07-08T07:40:03.116Z] Target      : local-backups
[2026-07-08T07:40:03.117Z] Directory   : D:\alpha-tech\server\backups
[2026-07-08T07:40:03.117Z] Retention   : 3 day(s)
[2026-07-08T07:40:03.118Z] Scanned     : 42
[2026-07-08T07:40:03.119Z] Candidates  : 0
[2026-07-08T07:40:03.119Z] Deleted     : 0
[2026-07-08T07:40:03.120Z] Remaining   : 42
[2026-07-08T07:40:03.121Z] Failed      : 0
[2026-07-08T07:40:03.121Z] ------------------------------------------------------------
[2026-07-08T07:40:03.122Z] Target      : offsite-local-mirror
[2026-07-08T07:40:03.123Z] Directory   : D:\alpha-tech\server\recovery\offsite
[2026-07-08T07:40:03.123Z] Retention   : 7 day(s)
[2026-07-08T07:40:03.124Z] Scanned     : 12
[2026-07-08T07:40:03.124Z] Candidates  : 0
[2026-07-08T07:40:03.125Z] Deleted     : 0
[2026-07-08T07:40:03.125Z] Remaining   : 12
[2026-07-08T07:40:03.125Z] Failed      : 0
[2026-07-08T07:40:03.127Z] 🧾 JSON report: D:\alpha-tech\server\recovery\reports\retention-report-2026-07-08T07-40-03-126Z.json
[2026-07-08T07:40:03.127Z] 🧾 TXT report: D:\alpha-tech\server\recovery\reports\retention-report-2026-07-08T07-40-03-126Z.txt
[2026-07-08T07:40:03.127Z] ✅ Overall: PASS
[2026-07-08T09:34:38.419Z] ============================================================
[2026-07-08T09:34:38.427Z] 🧹 AlphaTech Recovery Retention ALPHATECH-RECOVERY-RETENTION-V1
[2026-07-08T09:34:38.428Z] ============================================================
[2026-07-08T09:34:38.429Z] Mode: APPLY
[2026-07-08T09:34:38.438Z] ------------------------------------------------------------
[2026-07-08T09:34:38.439Z] Target      : local-backups
[2026-07-08T09:34:38.440Z] Directory   : D:\alpha-tech\server\backups
[2026-07-08T09:34:38.440Z] Retention   : 3 day(s)
[2026-07-08T09:34:38.441Z] Scanned     : 44
[2026-07-08T09:34:38.441Z] Candidates  : 0
[2026-07-08T09:34:38.443Z] Deleted     : 0
[2026-07-08T09:34:38.444Z] Remaining   : 44
[2026-07-08T09:34:38.444Z] Failed      : 0
[2026-07-08T09:34:38.445Z] ------------------------------------------------------------
[2026-07-08T09:34:38.445Z] Target      : offsite-local-mirror
[2026-07-08T09:34:38.446Z] Directory   : D:\alpha-tech\server\recovery\offsite
[2026-07-08T09:34:38.447Z] Retention   : 7 day(s)
[2026-07-08T09:34:38.447Z] Scanned     : 12
[2026-07-08T09:34:38.448Z] Candidates  : 0
[2026-07-08T09:34:38.448Z] Deleted     : 0
[2026-07-08T09:34:38.448Z] Remaining   : 12
[2026-07-08T09:34:38.449Z] Failed      : 0
[2026-07-08T09:34:38.452Z] 🧾 JSON report: D:\alpha-tech\server\recovery\reports\retention-report-2026-07-08T09-34-38-450Z.json
[2026-07-08T09:34:38.453Z] 🧾 TXT report: D:\alpha-tech\server\recovery\reports\retention-report-2026-07-08T09-34-38-450Z.txt
[2026-07-08T09:34:38.454Z] ✅ Overall: PASS
[2026-07-08T13:40:03.291Z] ============================================================
[2026-07-08T13:40:03.299Z] 🧹 AlphaTech Recovery Retention ALPHATECH-RECOVERY-RETENTION-V1
[2026-07-08T13:40:03.299Z] ============================================================
[2026-07-08T13:40:03.300Z] Mode: APPLY
[2026-07-08T13:40:03.315Z] ------------------------------------------------------------
[2026-07-08T13:40:03.316Z] Target      : local-backups
[2026-07-08T13:40:03.316Z] Directory   : D:\alpha-tech\server\backups
[2026-07-08T13:40:03.316Z] Retention   : 3 day(s)
[2026-07-08T13:40:03.317Z] Scanned     : 46
[2026-07-08T13:40:03.317Z] Candidates  : 0
[2026-07-08T13:40:03.317Z] Deleted     : 0
[2026-07-08T13:40:03.318Z] Remaining   : 46
[2026-07-08T13:40:03.318Z] Failed      : 0
[2026-07-08T13:40:03.318Z] ------------------------------------------------------------
[2026-07-08T13:40:03.319Z] Target      : offsite-local-mirror
[2026-07-08T13:40:03.319Z] Directory   : D:\alpha-tech\server\recovery\offsite
[2026-07-08T13:40:03.319Z] Retention   : 7 day(s)
[2026-07-08T13:40:03.319Z] Scanned     : 12
[2026-07-08T13:40:03.320Z] Candidates  : 0
[2026-07-08T13:40:03.320Z] Deleted     : 0
[2026-07-08T13:40:03.320Z] Remaining   : 12
[2026-07-08T13:40:03.320Z] Failed      : 0
[2026-07-08T13:40:03.322Z] 🧾 JSON report: D:\alpha-tech\server\recovery\reports\retention-report-2026-07-08T13-40-03-321Z.json
[2026-07-08T13:40:03.322Z] 🧾 TXT report: D:\alpha-tech\server\recovery\reports\retention-report-2026-07-08T13-40-03-321Z.txt
[2026-07-08T13:40:03.322Z] ✅ Overall: PASS
[2026-07-08T15:34:35.760Z] ============================================================
[2026-07-08T15:34:35.767Z] 🧹 AlphaTech Recovery Retention ALPHATECH-RECOVERY-RETENTION-V1
[2026-07-08T15:34:35.767Z] ============================================================
[2026-07-08T15:34:35.767Z] Mode: APPLY
[2026-07-08T15:34:35.775Z] ------------------------------------------------------------
[2026-07-08T15:34:35.775Z] Target      : local-backups
[2026-07-08T15:34:35.776Z] Directory   : D:\alpha-tech\server\backups
[2026-07-08T15:34:35.776Z] Retention   : 3 day(s)
[2026-07-08T15:34:35.776Z] Scanned     : 48
[2026-07-08T15:34:35.776Z] Candidates  : 0
[2026-07-08T15:34:35.777Z] Deleted     : 0
[2026-07-08T15:34:35.777Z] Remaining   : 48
[2026-07-08T15:34:35.778Z] Failed      : 0
[2026-07-08T15:34:35.778Z] ------------------------------------------------------------
[2026-07-08T15:34:35.778Z] Target      : offsite-local-mirror
[2026-07-08T15:34:35.778Z] Directory   : D:\alpha-tech\server\recovery\offsite
[2026-07-08T15:34:35.779Z] Retention   : 7 day(s)
[2026-07-08T15:34:35.779Z] Scanned     : 12
[2026-07-08T15:34:35.779Z] Candidates  : 0
[2026-07-08T15:34:35.779Z] Deleted     : 0
[2026-07-08T15:34:35.779Z] Remaining   : 12
[2026-07-08T15:34:35.780Z] Failed      : 0
[2026-07-08T15:34:35.789Z] 🧾 JSON report: D:\alpha-tech\server\recovery\reports\retention-report-2026-07-08T15-34-35-780Z.json
[2026-07-08T15:34:35.789Z] 🧾 TXT report: D:\alpha-tech\server\recovery\reports\retention-report-2026-07-08T15-34-35-780Z.txt
[2026-07-08T15:34:35.789Z] ✅ Overall: PASS
[2026-07-08T19:40:01.146Z] ============================================================
[2026-07-08T19:40:01.153Z] 🧹 AlphaTech Recovery Retention ALPHATECH-RECOVERY-RETENTION-V1
[2026-07-08T19:40:01.154Z] ============================================================
[2026-07-08T19:40:01.154Z] Mode: APPLY
[2026-07-08T19:40:01.163Z] ------------------------------------------------------------
[2026-07-08T19:40:01.163Z] Target      : local-backups
[2026-07-08T19:40:01.163Z] Directory   : D:\alpha-tech\server\backups
[2026-07-08T19:40:01.163Z] Retention   : 3 day(s)
[2026-07-08T19:40:01.164Z] Scanned     : 50
[2026-07-08T19:40:01.164Z] Candidates  : 0
[2026-07-08T19:40:01.164Z] Deleted     : 0
[2026-07-08T19:40:01.164Z] Remaining   : 50
[2026-07-08T19:40:01.165Z] Failed      : 0
[2026-07-08T19:40:01.165Z] ------------------------------------------------------------
[2026-07-08T19:40:01.165Z] Target      : offsite-local-mirror
[2026-07-08T19:40:01.165Z] Directory   : D:\alpha-tech\server\recovery\offsite
[2026-07-08T19:40:01.165Z] Retention   : 7 day(s)
[2026-07-08T19:40:01.166Z] Scanned     : 12
[2026-07-08T19:40:01.166Z] Candidates  : 0
[2026-07-08T19:40:01.166Z] Deleted     : 0
[2026-07-08T19:40:01.166Z] Remaining   : 12
[2026-07-08T19:40:01.166Z] Failed      : 0
[2026-07-08T19:40:01.168Z] 🧾 JSON report: D:\alpha-tech\server\recovery\reports\retention-report-2026-07-08T19-40-01-167Z.json
[2026-07-08T19:40:01.169Z] 🧾 TXT report: D:\alpha-tech\server\recovery\reports\retention-report-2026-07-08T19-40-01-167Z.txt
[2026-07-08T19:40:01.169Z] ✅ Overall: PASS
[2026-07-08T21:34:35.209Z] ============================================================
[2026-07-08T21:34:35.217Z] 🧹 AlphaTech Recovery Retention ALPHATECH-RECOVERY-RETENTION-V1
[2026-07-08T21:34:35.217Z] ============================================================
[2026-07-08T21:34:35.217Z] Mode: APPLY
[2026-07-08T21:34:35.225Z] ------------------------------------------------------------
[2026-07-08T21:34:35.226Z] Target      : local-backups
[2026-07-08T21:34:35.226Z] Directory   : D:\alpha-tech\server\backups
[2026-07-08T21:34:35.226Z] Retention   : 3 day(s)
[2026-07-08T21:34:35.227Z] Scanned     : 52
[2026-07-08T21:34:35.227Z] Candidates  : 0
[2026-07-08T21:34:35.227Z] Deleted     : 0
[2026-07-08T21:34:35.228Z] Remaining   : 52
[2026-07-08T21:34:35.228Z] Failed      : 0
[2026-07-08T21:34:35.228Z] ------------------------------------------------------------
[2026-07-08T21:34:35.229Z] Target      : offsite-local-mirror
[2026-07-08T21:34:35.229Z] Directory   : D:\alpha-tech\server\recovery\offsite
[2026-07-08T21:34:35.229Z] Retention   : 7 day(s)
[2026-07-08T21:34:35.229Z] Scanned     : 12
[2026-07-08T21:34:35.230Z] Candidates  : 0
[2026-07-08T21:34:35.230Z] Deleted     : 0
[2026-07-08T21:34:35.230Z] Remaining   : 12
[2026-07-08T21:34:35.231Z] Failed      : 0
[2026-07-08T21:34:35.232Z] 🧾 JSON report: D:\alpha-tech\server\recovery\reports\retention-report-2026-07-08T21-34-35-231Z.json
[2026-07-08T21:34:35.233Z] 🧾 TXT report: D:\alpha-tech\server\recovery\reports\retention-report-2026-07-08T21-34-35-231Z.txt
[2026-07-08T21:34:35.233Z] ✅ Overall: PASS
[2026-07-09T03:34:35.704Z] ============================================================
[2026-07-09T03:34:35.712Z] 🧹 AlphaTech Recovery Retention ALPHATECH-RECOVERY-RETENTION-V1
[2026-07-09T03:34:35.713Z] ============================================================
[2026-07-09T03:34:35.713Z] Mode: APPLY
[2026-07-09T03:34:35.722Z] ------------------------------------------------------------
[2026-07-09T03:34:35.723Z] Target      : local-backups
[2026-07-09T03:34:35.723Z] Directory   : D:\alpha-tech\server\backups
[2026-07-09T03:34:35.723Z] Retention   : 3 day(s)
[2026-07-09T03:34:35.723Z] Scanned     : 54
[2026-07-09T03:34:35.724Z] Candidates  : 0
[2026-07-09T03:34:35.724Z] Deleted     : 0
[2026-07-09T03:34:35.725Z] Remaining   : 54
[2026-07-09T03:34:35.725Z] Failed      : 0
[2026-07-09T03:34:35.725Z] ------------------------------------------------------------
[2026-07-09T03:34:35.725Z] Target      : offsite-local-mirror
[2026-07-09T03:34:35.726Z] Directory   : D:\alpha-tech\server\recovery\offsite
[2026-07-09T03:34:35.726Z] Retention   : 7 day(s)
[2026-07-09T03:34:35.726Z] Scanned     : 12
[2026-07-09T03:34:35.727Z] Candidates  : 0
[2026-07-09T03:34:35.727Z] Deleted     : 0
[2026-07-09T03:34:35.728Z] Remaining   : 12
[2026-07-09T03:34:35.728Z] Failed      : 0
[2026-07-09T03:34:35.731Z] 🧾 JSON report: D:\alpha-tech\server\recovery\reports\retention-report-2026-07-09T03-34-35-729Z.json
[2026-07-09T03:34:35.732Z] 🧾 TXT report: D:\alpha-tech\server\recovery\reports\retention-report-2026-07-09T03-34-35-729Z.txt
[2026-07-09T03:34:35.732Z] ✅ Overall: PASS
[2026-07-09T07:40:03.693Z] ============================================================
[2026-07-09T07:40:03.700Z] 🧹 AlphaTech Recovery Retention ALPHATECH-RECOVERY-RETENTION-V1
[2026-07-09T07:40:03.700Z] ============================================================
[2026-07-09T07:40:03.701Z] Mode: APPLY
[2026-07-09T07:40:03.710Z] ------------------------------------------------------------
[2026-07-09T07:40:03.710Z] Target      : local-backups
[2026-07-09T07:40:03.711Z] Directory   : D:\alpha-tech\server\backups
[2026-07-09T07:40:03.711Z] Retention   : 3 day(s)
[2026-07-09T07:40:03.712Z] Scanned     : 56
[2026-07-09T07:40:03.712Z] Candidates  : 0
[2026-07-09T07:40:03.712Z] Deleted     : 0
[2026-07-09T07:40:03.713Z] Remaining   : 56
[2026-07-09T07:40:03.713Z] Failed      : 0
[2026-07-09T07:40:03.714Z] ------------------------------------------------------------
[2026-07-09T07:40:03.714Z] Target      : offsite-local-mirror
[2026-07-09T07:40:03.714Z] Directory   : D:\alpha-tech\server\recovery\offsite
[2026-07-09T07:40:03.714Z] Retention   : 7 day(s)
[2026-07-09T07:40:03.715Z] Scanned     : 12
[2026-07-09T07:40:03.715Z] Candidates  : 0
[2026-07-09T07:40:03.716Z] Deleted     : 0
[2026-07-09T07:40:03.716Z] Remaining   : 12
[2026-07-09T07:40:03.716Z] Failed      : 0
[2026-07-09T07:40:03.718Z] 🧾 JSON report: D:\alpha-tech\server\recovery\reports\retention-report-2026-07-09T07-40-03-717Z.json
[2026-07-09T07:40:03.719Z] 🧾 TXT report: D:\alpha-tech\server\recovery\reports\retention-report-2026-07-09T07-40-03-717Z.txt
[2026-07-09T07:40:03.719Z] ✅ Overall: PASS
[2026-07-09T09:34:36.859Z] ============================================================
[2026-07-09T09:34:36.867Z] 🧹 AlphaTech Recovery Retention ALPHATECH-RECOVERY-RETENTION-V1
[2026-07-09T09:34:36.867Z] ============================================================
[2026-07-09T09:34:36.868Z] Mode: APPLY
[2026-07-09T09:34:36.877Z] ------------------------------------------------------------
[2026-07-09T09:34:36.878Z] Target      : local-backups
[2026-07-09T09:34:36.878Z] Directory   : D:\alpha-tech\server\backups
[2026-07-09T09:34:36.879Z] Retention   : 3 day(s)
[2026-07-09T09:34:36.879Z] Scanned     : 58
[2026-07-09T09:34:36.879Z] Candidates  : 0
[2026-07-09T09:34:36.880Z] Deleted     : 0
[2026-07-09T09:34:36.880Z] Remaining   : 58
[2026-07-09T09:34:36.880Z] Failed      : 0
[2026-07-09T09:34:36.881Z] ------------------------------------------------------------
[2026-07-09T09:34:36.881Z] Target      : offsite-local-mirror
[2026-07-09T09:34:36.881Z] Directory   : D:\alpha-tech\server\recovery\offsite
[2026-07-09T09:34:36.881Z] Retention   : 7 day(s)
[2026-07-09T09:34:36.882Z] Scanned     : 12
[2026-07-09T09:34:36.882Z] Candidates  : 0
[2026-07-09T09:34:36.882Z] Deleted     : 0
[2026-07-09T09:34:36.882Z] Remaining   : 12
[2026-07-09T09:34:36.883Z] Failed      : 0
[2026-07-09T09:34:36.884Z] 🧾 JSON report: D:\alpha-tech\server\recovery\reports\retention-report-2026-07-09T09-34-36-883Z.json
[2026-07-09T09:34:36.884Z] 🧾 TXT report: D:\alpha-tech\server\recovery\reports\retention-report-2026-07-09T09-34-36-883Z.txt
[2026-07-09T09:34:36.884Z] ✅ Overall: PASS
[2026-07-09T13:40:03.526Z] ============================================================
[2026-07-09T13:40:03.533Z] 🧹 AlphaTech Recovery Retention ALPHATECH-RECOVERY-RETENTION-V1
[2026-07-09T13:40:03.533Z] ============================================================
[2026-07-09T13:40:03.534Z] Mode: APPLY
[2026-07-09T13:40:03.544Z] ------------------------------------------------------------
[2026-07-09T13:40:03.544Z] Target      : local-backups
[2026-07-09T13:40:03.544Z] Directory   : D:\alpha-tech\server\backups
[2026-07-09T13:40:03.545Z] Retention   : 3 day(s)
[2026-07-09T13:40:03.545Z] Scanned     : 60
[2026-07-09T13:40:03.545Z] Candidates  : 0
[2026-07-09T13:40:03.545Z] Deleted     : 0
[2026-07-09T13:40:03.546Z] Remaining   : 60
[2026-07-09T13:40:03.546Z] Failed      : 0
[2026-07-09T13:40:03.546Z] ------------------------------------------------------------
[2026-07-09T13:40:03.546Z] Target      : offsite-local-mirror
[2026-07-09T13:40:03.546Z] Directory   : D:\alpha-tech\server\recovery\offsite
[2026-07-09T13:40:03.547Z] Retention   : 7 day(s)
[2026-07-09T13:40:03.547Z] Scanned     : 12
[2026-07-09T13:40:03.547Z] Candidates  : 0
[2026-07-09T13:40:03.547Z] Deleted     : 0
[2026-07-09T13:40:03.548Z] Remaining   : 12
[2026-07-09T13:40:03.548Z] Failed      : 0
[2026-07-09T13:40:03.550Z] 🧾 JSON report: D:\alpha-tech\server\recovery\reports\retention-report-2026-07-09T13-40-03-548Z.json
[2026-07-09T13:40:03.550Z] 🧾 TXT report: D:\alpha-tech\server\recovery\reports\retention-report-2026-07-09T13-40-03-548Z.txt
[2026-07-09T13:40:03.550Z] ✅ Overall: PASS
[2026-07-09T15:34:38.133Z] ============================================================
[2026-07-09T15:34:38.140Z] 🧹 AlphaTech Recovery Retention ALPHATECH-RECOVERY-RETENTION-V1
[2026-07-09T15:34:38.141Z] ============================================================
[2026-07-09T15:34:38.141Z] Mode: APPLY
[2026-07-09T15:34:38.154Z] ------------------------------------------------------------
[2026-07-09T15:34:38.154Z] Target      : local-backups
[2026-07-09T15:34:38.155Z] Directory   : D:\alpha-tech\server\backups
[2026-07-09T15:34:38.155Z] Retention   : 3 day(s)
[2026-07-09T15:34:38.156Z] Scanned     : 62
[2026-07-09T15:34:38.156Z] Candidates  : 10
[2026-07-09T15:34:38.156Z] Deleted     : 10
[2026-07-09T15:34:38.157Z] Remaining   : 52
[2026-07-09T15:34:38.157Z] Failed      : 0
[2026-07-09T15:34:38.158Z] ------------------------------------------------------------
[2026-07-09T15:34:38.159Z] Target      : offsite-local-mirror
[2026-07-09T15:34:38.159Z] Directory   : D:\alpha-tech\server\recovery\offsite
[2026-07-09T15:34:38.159Z] Retention   : 7 day(s)
[2026-07-09T15:34:38.160Z] Scanned     : 12
[2026-07-09T15:34:38.160Z] Candidates  : 0
[2026-07-09T15:34:38.160Z] Deleted     : 0
[2026-07-09T15:34:38.160Z] Remaining   : 12
[2026-07-09T15:34:38.161Z] Failed      : 0
[2026-07-09T15:34:38.169Z] 🧾 JSON report: D:\alpha-tech\server\recovery\reports\retention-report-2026-07-09T15-34-38-161Z.json
[2026-07-09T15:34:38.169Z] 🧾 TXT report: D:\alpha-tech\server\recovery\reports\retention-report-2026-07-09T15-34-38-161Z.txt
[2026-07-09T15:34:38.170Z] ✅ Overall: PASS
[2026-07-09T19:40:01.685Z] ============================================================
[2026-07-09T19:40:01.692Z] 🧹 AlphaTech Recovery Retention ALPHATECH-RECOVERY-RETENTION-V1
[2026-07-09T19:40:01.692Z] ============================================================
[2026-07-09T19:40:01.693Z] Mode: APPLY
[2026-07-09T19:40:01.713Z] ------------------------------------------------------------
[2026-07-09T19:40:01.713Z] Target      : local-backups
[2026-07-09T19:40:01.713Z] Directory   : D:\alpha-tech\server\backups
[2026-07-09T19:40:01.714Z] Retention   : 3 day(s)
[2026-07-09T19:40:01.714Z] Scanned     : 54
[2026-07-09T19:40:01.714Z] Candidates  : 10
[2026-07-09T19:40:01.714Z] Deleted     : 10
[2026-07-09T19:40:01.715Z] Remaining   : 44
[2026-07-09T19:40:01.715Z] Failed      : 0
[2026-07-09T19:40:01.715Z] ------------------------------------------------------------
[2026-07-09T19:40:01.716Z] Target      : offsite-local-mirror
[2026-07-09T19:40:01.717Z] Directory   : D:\alpha-tech\server\recovery\offsite
[2026-07-09T19:40:01.718Z] Retention   : 7 day(s)
[2026-07-09T19:40:01.718Z] Scanned     : 12
[2026-07-09T19:40:01.719Z] Candidates  : 0
[2026-07-09T19:40:01.719Z] Deleted     : 0
[2026-07-09T19:40:01.719Z] Remaining   : 12
[2026-07-09T19:40:01.720Z] Failed      : 0
[2026-07-09T19:40:01.722Z] 🧾 JSON report: D:\alpha-tech\server\recovery\reports\retention-report-2026-07-09T19-40-01-720Z.json
[2026-07-09T19:40:01.722Z] 🧾 TXT report: D:\alpha-tech\server\recovery\reports\retention-report-2026-07-09T19-40-01-720Z.txt
[2026-07-09T19:40:01.723Z] ✅ Overall: PASS
[2026-07-09T21:34:36.711Z] ============================================================
[2026-07-09T21:34:36.718Z] 🧹 AlphaTech Recovery Retention ALPHATECH-RECOVERY-RETENTION-V1
[2026-07-09T21:34:36.718Z] ============================================================
[2026-07-09T21:34:36.719Z] Mode: APPLY
[2026-07-09T21:34:36.735Z] ------------------------------------------------------------
[2026-07-09T21:34:36.735Z] Target      : local-backups
[2026-07-09T21:34:36.735Z] Directory   : D:\alpha-tech\server\backups
[2026-07-09T21:34:36.735Z] Retention   : 3 day(s)
[2026-07-09T21:34:36.736Z] Scanned     : 46
[2026-07-09T21:34:36.736Z] Candidates  : 4
[2026-07-09T21:34:36.736Z] Deleted     : 4
[2026-07-09T21:34:36.736Z] Remaining   : 42
[2026-07-09T21:34:36.737Z] Failed      : 0
[2026-07-09T21:34:36.737Z] ------------------------------------------------------------
[2026-07-09T21:34:36.737Z] Target      : offsite-local-mirror
[2026-07-09T21:34:36.737Z] Directory   : D:\alpha-tech\server\recovery\offsite
[2026-07-09T21:34:36.737Z] Retention   : 7 day(s)
[2026-07-09T21:34:36.738Z] Scanned     : 12
[2026-07-09T21:34:36.738Z] Candidates  : 0
[2026-07-09T21:34:36.738Z] Deleted     : 0
[2026-07-09T21:34:36.738Z] Remaining   : 12
[2026-07-09T21:34:36.738Z] Failed      : 0
[2026-07-09T21:34:36.740Z] 🧾 JSON report: D:\alpha-tech\server\recovery\reports\retention-report-2026-07-09T21-34-36-739Z.json
[2026-07-09T21:34:36.740Z] 🧾 TXT report: D:\alpha-tech\server\recovery\reports\retention-report-2026-07-09T21-34-36-739Z.txt
[2026-07-09T21:34:36.740Z] ✅ Overall: PASS
[2026-07-10T03:34:35.389Z] ============================================================
[2026-07-10T03:34:35.395Z] 🧹 AlphaTech Recovery Retention ALPHATECH-RECOVERY-RETENTION-V1
[2026-07-10T03:34:35.396Z] ============================================================
[2026-07-10T03:34:35.396Z] Mode: APPLY
[2026-07-10T03:34:35.414Z] ------------------------------------------------------------
[2026-07-10T03:34:35.414Z] Target      : local-backups
[2026-07-10T03:34:35.414Z] Directory   : D:\alpha-tech\server\backups
[2026-07-10T03:34:35.414Z] Retention   : 3 day(s)
[2026-07-10T03:34:35.415Z] Scanned     : 44
[2026-07-10T03:34:35.415Z] Candidates  : 2
[2026-07-10T03:34:35.416Z] Deleted     : 2
[2026-07-10T03:34:35.416Z] Remaining   : 42
[2026-07-10T03:34:35.416Z] Failed      : 0
[2026-07-10T03:34:35.416Z] ------------------------------------------------------------
[2026-07-10T03:34:35.417Z] Target      : offsite-local-mirror
[2026-07-10T03:34:35.417Z] Directory   : D:\alpha-tech\server\recovery\offsite
[2026-07-10T03:34:35.417Z] Retention   : 7 day(s)
[2026-07-10T03:34:35.418Z] Scanned     : 12
[2026-07-10T03:34:35.418Z] Candidates  : 0
[2026-07-10T03:34:35.419Z] Deleted     : 0
[2026-07-10T03:34:35.419Z] Remaining   : 12
[2026-07-10T03:34:35.420Z] Failed      : 0
[2026-07-10T03:34:35.422Z] 🧾 JSON report: D:\alpha-tech\server\recovery\reports\retention-report-2026-07-10T03-34-35-420Z.json
[2026-07-10T03:34:35.423Z] 🧾 TXT report: D:\alpha-tech\server\recovery\reports\retention-report-2026-07-10T03-34-35-420Z.txt
[2026-07-10T03:34:35.423Z] ✅ Overall: PASS
[2026-07-10T07:40:04.284Z] ============================================================
[2026-07-10T07:40:04.293Z] 🧹 AlphaTech Recovery Retention ALPHATECH-RECOVERY-RETENTION-V1
[2026-07-10T07:40:04.294Z] ============================================================
[2026-07-10T07:40:04.295Z] Mode: APPLY
[2026-07-10T07:40:04.311Z] ------------------------------------------------------------
[2026-07-10T07:40:04.312Z] Target      : local-backups
[2026-07-10T07:40:04.313Z] Directory   : D:\alpha-tech\server\backups
[2026-07-10T07:40:04.314Z] Retention   : 3 day(s)
[2026-07-10T07:40:04.315Z] Scanned     : 44
[2026-07-10T07:40:04.315Z] Candidates  : 2
[2026-07-10T07:40:04.315Z] Deleted     : 2
[2026-07-10T07:40:04.317Z] Remaining   : 42
[2026-07-10T07:40:04.317Z] Failed      : 0
[2026-07-10T07:40:04.317Z] ------------------------------------------------------------
[2026-07-10T07:40:04.318Z] Target      : offsite-local-mirror
[2026-07-10T07:40:04.320Z] Directory   : D:\alpha-tech\server\recovery\offsite
[2026-07-10T07:40:04.322Z] Retention   : 7 day(s)
[2026-07-10T07:40:04.322Z] Scanned     : 12
[2026-07-10T07:40:04.323Z] Candidates  : 0
[2026-07-10T07:40:04.323Z] Deleted     : 0
[2026-07-10T07:40:04.324Z] Remaining   : 12
[2026-07-10T07:40:04.326Z] Failed      : 0
[2026-07-10T07:40:04.790Z] 🧾 JSON report: D:\alpha-tech\server\recovery\reports\retention-report-2026-07-10T07-40-04-326Z.json
[2026-07-10T07:40:04.806Z] 🧾 TXT report: D:\alpha-tech\server\recovery\reports\retention-report-2026-07-10T07-40-04-326Z.txt
[2026-07-10T07:40:04.809Z] ✅ Overall: PASS
