[2026-07-06T14:27:15.367Z] ============================================================
[2026-07-06T14:27:15.375Z] ⏱️ AlphaTech Recovery Scheduler ALPHATECH-RECOVERY-SCHEDULER-V1
[2026-07-06T14:27:15.375Z] ============================================================
[2026-07-06T14:27:15.376Z] Mode: backup-only
[2026-07-06T14:27:15.378Z] 🧾 Queued job created: D:\alpha-tech\server\recovery\queue\queued-job-2026-07-06T14-27-15-377Z.json
[2026-07-06T14:27:15.379Z] ▶️  Starting jobRunner: node recovery/jobRunner.js --backup-only
[2026-07-06T14:27:15.465Z] jobRunner: [2026-07-06T14:27:15.460Z] ============================================================
[2026-07-06T14:27:15.466Z] jobRunner: [2026-07-06T14:27:15.465Z] 🧭 AlphaTech Recovery Job Runner ALPHATECH-RECOVERY-JOB-RUNNER-V1
[2026-07-06T14:27:15.466Z] jobRunner: [2026-07-06T14:27:15.466Z] ============================================================
[2026-07-06T14:27:15.467Z] jobRunner: [2026-07-06T14:27:15.466Z] Mode: backup-only
[2026-07-06T14:27:15.468Z] jobRunner: [2026-07-06T14:27:15.467Z] ▶️  Run: node qb.js
[2026-07-06T14:27:15.980Z] jobRunner: [2026-07-06T14:27:15.979Z] node: 🔌 Connected to PostgreSQL successfully.
[2026-07-06T14:27:15.980Z] jobRunner: [2026-07-06T14:27:15.980Z] node: ⏳ Starting P1 Hardened Backup v6 Type-aware + generic self-reference FK safe restore...
[2026-07-06T14:27:19.217Z] jobRunner: [2026-07-06T14:27:19.217Z] node: 📦 Exporting table: Bank
[2026-07-06T14:27:19.257Z] jobRunner: [2026-07-06T14:27:19.257Z] node: 📦 Exporting table: Brand
[2026-07-06T14:27:19.301Z] jobRunner: [2026-07-06T14:27:19.301Z] node: 📦 Exporting table: Category
[2026-07-06T14:27:19.342Z] jobRunner: [2026-07-06T14:27:19.342Z] node: 📦 Exporting table: GlobalProductType
[2026-07-06T14:27:19.381Z] jobRunner: [2026-07-06T14:27:19.380Z] node: 📦 Exporting table: Position
[2026-07-06T14:27:19.419Z] jobRunner: [2026-07-06T14:27:19.419Z] node: 📦 Exporting table: Province
[2026-07-06T14:27:19.458Z] jobRunner: [2026-07-06T14:27:19.458Z] node: 📦 Exporting table: District
[2026-07-06T14:27:19.544Z] jobRunner: [2026-07-06T14:27:19.544Z] node: 📦 Exporting table: Subdistrict
[2026-07-06T14:27:19.714Z] jobRunner: [2026-07-06T14:27:19.714Z] node: 📦 Exporting table: Branch
[2026-07-06T14:27:19.754Z] jobRunner: [2026-07-06T14:27:19.753Z] node: 📦 Exporting table: BarcodeCounter
[2026-07-06T14:27:19.792Z] jobRunner: [2026-07-06T14:27:19.792Z] node: 📦 Exporting table: PaymentCodeCounter
[2026-07-06T14:27:19.831Z] jobRunner: [2026-07-06T14:27:19.831Z] node: 📦 Exporting table: ProductType
[2026-07-06T14:27:19.871Z] jobRunner: [2026-07-06T14:27:19.871Z] node: 📦 Exporting table: ProductTypeBrand
[2026-07-06T14:27:19.911Z] jobRunner: [2026-07-06T14:27:19.911Z] node: 📦 Exporting table: Supplier
[2026-07-06T14:27:19.950Z] jobRunner: [2026-07-06T14:27:19.950Z] node: 📦 Exporting table: Unit
[2026-07-06T14:27:19.990Z] jobRunner: [2026-07-06T14:27:19.989Z] node: 📦 Exporting table: Product
[2026-07-06T14:27:20.067Z] jobRunner: [2026-07-06T14:27:20.067Z] node: 📦 Exporting table: BranchPrice
[2026-07-06T14:27:20.130Z] jobRunner: [2026-07-06T14:27:20.130Z] node: 📦 Exporting table: ProductImage
[2026-07-06T14:27:20.170Z] jobRunner: [2026-07-06T14:27:20.169Z] node: 📦 Exporting table: StockBalance
[2026-07-06T14:27:20.211Z] jobRunner: [2026-07-06T14:27:20.211Z] node: 📦 Exporting table: User
[2026-07-06T14:27:20.253Z] jobRunner: [2026-07-06T14:27:20.253Z] node: 📦 Exporting table: CustomerProfile
[2026-07-06T14:27:20.300Z] jobRunner: [2026-07-06T14:27:20.300Z] node: 📦 Exporting table: Cart
[2026-07-06T14:27:20.339Z] jobRunner: [2026-07-06T14:27:20.338Z] node: 📦 Exporting table: CartItem
[2026-07-06T14:27:20.376Z] jobRunner: [2026-07-06T14:27:20.376Z] node: 📦 Exporting table: EmployeeProfile
[2026-07-06T14:27:20.415Z] jobRunner: [2026-07-06T14:27:20.414Z] node: 📦 Exporting table: CombinedBillingDocument
[2026-07-06T14:27:20.453Z] jobRunner: [2026-07-06T14:27:20.453Z] node: 📦 Exporting table: CombinedSaleDocument
[2026-07-06T14:27:20.491Z] jobRunner: [2026-07-06T14:27:20.491Z] node: 📦 Exporting table: CustomerDeposit
[2026-07-06T14:27:20.529Z] jobRunner: [2026-07-06T14:27:20.529Z] node: 📦 Exporting table: CustomerReceipts
[2026-07-06T14:27:20.567Z] jobRunner: [2026-07-06T14:27:20.567Z] node: 📦 Exporting table: InputTaxFilingBatch
[2026-07-06T14:27:20.605Z] jobRunner: [2026-07-06T14:27:20.605Z] node: 📦 Exporting table: Order
[2026-07-06T14:27:20.643Z] jobRunner: [2026-07-06T14:27:20.643Z] node: 📦 Exporting table: OrderOnline
[2026-07-06T14:27:20.681Z] jobRunner: [2026-07-06T14:27:20.681Z] node: 📦 Exporting table: OrderOnlineItem
[2026-07-06T14:27:20.719Z] jobRunner: [2026-07-06T14:27:20.719Z] node: 📦 Exporting table: PasswordResetToken
[2026-07-06T14:27:20.758Z] jobRunner: [2026-07-06T14:27:20.758Z] node: 📦 Exporting table: ProductOnOrder
[2026-07-06T14:27:20.796Z] jobRunner: [2026-07-06T14:27:20.796Z] node: 📦 Exporting table: PurchaseOrder
[2026-07-06T14:27:20.835Z] jobRunner: [2026-07-06T14:27:20.835Z] node: 📦 Exporting table: PurchaseOrderItem
[2026-07-06T14:27:20.873Z] jobRunner: [2026-07-06T14:27:20.873Z] node: 📦 Exporting table: PurchaseOrderReceipt
[2026-07-06T14:27:20.911Z] jobRunner: [2026-07-06T14:27:20.911Z] node: 📦 Exporting table: InputTaxFilingItem
[2026-07-06T14:27:20.949Z] jobRunner: [2026-07-06T14:27:20.949Z] node: 📦 Exporting table: PurchaseOrderReceiptItem
[2026-07-06T14:27:20.988Z] jobRunner: [2026-07-06T14:27:20.988Z] node: 📦 Exporting table: RefreshToken
[2026-07-06T14:27:21.173Z] jobRunner: [2026-07-06T14:27:21.173Z] node: 📦 Exporting table: Sale
[2026-07-06T14:27:21.212Z] jobRunner: [2026-07-06T14:27:21.212Z] node: 📦 Exporting table: CustomerReceiptAllocations
[2026-07-06T14:27:21.256Z] jobRunner: [2026-07-06T14:27:21.256Z] node: 📦 Exporting table: Payment
[2026-07-06T14:27:21.295Z] jobRunner: [2026-07-06T14:27:21.294Z] node: 📦 Exporting table: DepositUsage
[2026-07-06T14:27:21.333Z] jobRunner: [2026-07-06T14:27:21.332Z] node: 📦 Exporting table: PaymentItem
[2026-07-06T14:27:21.371Z] jobRunner: [2026-07-06T14:27:21.371Z] node: 📦 Exporting table: SaleReturn
[2026-07-06T14:27:21.409Z] jobRunner: [2026-07-06T14:27:21.409Z] node: 📦 Exporting table: RefundTransaction
[2026-07-06T14:27:21.448Z] jobRunner: [2026-07-06T14:27:21.447Z] node: 📦 Exporting table: SalesTaxFilingBatch
[2026-07-06T14:27:21.486Z] jobRunner: [2026-07-06T14:27:21.486Z] node: 📦 Exporting table: SalesTaxFilingItem
[2026-07-06T14:27:21.524Z] jobRunner: [2026-07-06T14:27:21.524Z] node: 📦 Exporting table: ServiceOrder
[2026-07-06T14:27:21.564Z] jobRunner: [2026-07-06T14:27:21.563Z] node: 📦 Exporting table: ServiceItem
[2026-07-06T14:27:21.602Z] jobRunner: [2026-07-06T14:27:21.601Z] node: 📦 Exporting table: SimpleLot
[2026-07-06T14:27:21.640Z] jobRunner: [2026-07-06T14:27:21.640Z] node: 📦 Exporting table: SaleItemSimple
[2026-07-06T14:27:21.678Z] jobRunner: [2026-07-06T14:27:21.677Z] node: 📦 Exporting table: SaleReturnItemSimple
[2026-07-06T14:27:21.715Z] jobRunner: [2026-07-06T14:27:21.715Z] node: 📦 Exporting table: StockAuditSession
[2026-07-06T14:27:21.754Z] jobRunner: [2026-07-06T14:27:21.753Z] node: 📦 Exporting table: StockItem
[2026-07-06T14:27:21.810Z] jobRunner: [2026-07-06T14:27:21.809Z] node: 📦 Exporting table: BarcodeReceiptItem
[2026-07-06T14:27:21.848Z] jobRunner: [2026-07-06T14:27:21.847Z] node: 📦 Exporting table: RepairJob
[2026-07-06T14:27:21.886Z] jobRunner: [2026-07-06T14:27:21.886Z] node: 📦 Exporting table: RepairPartItem
[2026-07-06T14:27:21.923Z] jobRunner: [2026-07-06T14:27:21.923Z] node: 📦 Exporting table: SaleItem
[2026-07-06T14:27:21.961Z] jobRunner: [2026-07-06T14:27:21.961Z] node: 📦 Exporting table: SaleReturnItem
[2026-07-06T14:27:22.000Z] jobRunner: [2026-07-06T14:27:21.999Z] node: 📦 Exporting table: StockAuditScanLog
[2026-07-06T14:27:22.037Z] jobRunner: [2026-07-06T14:27:22.037Z] node: 📦 Exporting table: StockAuditSnapshotItem
[2026-07-06T14:27:22.075Z] jobRunner: [2026-07-06T14:27:22.075Z] node: 📦 Exporting table: StockMovement
[2026-07-06T14:27:22.116Z] jobRunner: [2026-07-06T14:27:22.116Z] node: 📦 Exporting table: SupplierPayment
[2026-07-06T14:27:22.154Z] jobRunner: [2026-07-06T14:27:22.154Z] node: 📦 Exporting table: SupplierPaymentReceipt
[2026-07-06T14:27:22.192Z] jobRunner: [2026-07-06T14:27:22.192Z] node: 📦 Exporting table: V2CustomerDeposit
[2026-07-06T14:27:22.230Z] jobRunner: [2026-07-06T14:27:22.230Z] node: 📦 Exporting table: V2StockAudit
[2026-07-06T14:27:22.268Z] jobRunner: [2026-07-06T14:27:22.268Z] node: 📦 Exporting table: V2StockAuditItem
[2026-07-06T14:27:22.306Z] jobRunner: [2026-07-06T14:27:22.306Z] node: 📦 Exporting table: WarrantyClaim
[2026-07-06T14:27:25.040Z] jobRunner: [2026-07-06T14:27:25.040Z] node: 🎉 P1 Hardened Backup v6 Type-aware + generic self-reference FK safe restore completed successfully.
[2026-07-06T14:27:25.040Z] jobRunner: [2026-07-06T14:27:25.040Z] node: 💾 Backup file: D:\alpha-tech\server\backups\alphatech_hardened_backup_v6_2026-07-06_2026-07-06T14-27-19-193Z.sql
[2026-07-06T14:27:25.041Z] jobRunner: [2026-07-06T14:27:25.040Z] node: 🧾 Manifest file: D:\alpha-tech\server\backups\alphatech_hardened_backup_v6_2026-07-06_2026-07-06T14-27-19-193Z.manifest.json
[2026-07-06T14:27:25.042Z] jobRunner: [2026-07-06T14:27:25.040Z] node: 📊 Tables exported: 70
[2026-07-06T14:27:25.042Z] jobRunner: [2026-07-06T14:27:25.040Z] node: 📦 Rows exported: 15072
[2026-07-06T14:27:25.042Z] jobRunner: [2026-07-06T14:27:25.041Z] node: 🔢 Sequences prepared: 67
[2026-07-06T14:27:25.043Z] jobRunner: [2026-07-06T14:27:25.041Z] node: 🔐 SHA256: 56f9329598358c89792f12b0a566459f9fddb30d26266c83228780f92b297b80
[2026-07-06T14:27:25.043Z] jobRunner: [2026-07-06T14:27:25.041Z] node: 📐 File size: 4.39 MB
[2026-07-06T14:27:25.043Z] jobRunner: [2026-07-06T14:27:25.041Z] node: ⏱️ Duration: 6.77 seconds
[2026-07-06T14:27:25.044Z] jobRunner: [2026-07-06T14:27:25.041Z] node: ✅ Verification: PASS (70 tables checked)
[2026-07-06T14:27:25.100Z] jobRunner: [2026-07-06T14:27:25.100Z] 🧾 Job manifest: D:\alpha-tech\server\recovery\jobs\job-2026-07-06T14-27-15-458Z.json
[2026-07-06T14:27:25.101Z] jobRunner: [2026-07-06T14:27:25.101Z] ✅ Job result: PASS exitCode=0
[2026-07-06T14:27:25.117Z] ✅ jobRunner finished with exitCode=0
