[2026-07-06T16:24:58.236Z] ============================================================
[2026-07-06T16:24:58.247Z] AlphaTech Recovery Scheduler Installer
[2026-07-06T16:24:58.248Z] ============================================================
[2026-07-06T16:24:58.273Z] Creating task: AlphaTech Recovery Workflow
[2026-07-06T16:24:58.274Z] Interval hours: 6
[2026-07-06T16:24:58.275Z] Command: cmd.exe /c cd /d "D:\alpha-tech\server" && "D:\alpha-tech\server\scripts\run-recovery-task.bat"
[2026-07-06T16:24:58.294Z] Install failed: Error: schtasks create failed: ERROR: Invalid argument/option - 'Recovery'.
Type "SCHTASKS /CREATE /?" for usage.

    at main (D:\alpha-tech\server\recovery\scheduler\schedulerInstaller.js:114:11)
    at Object.<anonymous> (D:\alpha-tech\server\recovery\scheduler\schedulerInstaller.js:130:3)
    at Module._compile (node:internal/modules/cjs/loader:1529:14)
    at Module._extensions..js (node:internal/modules/cjs/loader:1613:10)
    at Module.load (node:internal/modules/cjs/loader:1275:32)
    at Module._load (node:internal/modules/cjs/loader:1096:12)
    at Function.executeUserEntryPoint [as runMain] (node:internal/modules/run_main:164:12)
    at node:internal/main/run_main_module:28:49
[2026-07-06T16:32:22.238Z] ============================================================
[2026-07-06T16:32:22.248Z] AlphaTech Recovery Scheduler Installer v2 XML
[2026-07-06T16:32:22.249Z] ============================================================
[2026-07-06T16:32:22.272Z] Creating task from XML: AlphaTech Recovery Workflow
[2026-07-06T16:32:22.272Z] Interval hours: 6
[2026-07-06T16:32:22.273Z] Task script: D:\alpha-tech\server\scripts\run-recovery-task.bat
[2026-07-06T16:32:22.273Z] Task XML: D:\alpha-tech\server\recovery\scheduler\alphatech-recovery-task.xml
[2026-07-06T16:32:22.296Z] SUCCESS: The scheduled task "AlphaTech Recovery Workflow" has successfully been created.
[2026-07-06T16:32:22.297Z] Scheduler installed successfully.
