[2026-07-07T07:40:38.376Z] ============================================================
[2026-07-07T07:40:38.381Z] 🔎 AlphaTech Integrity Verification ALPHATECH-RECOVERY-VERIFY-V1
[2026-07-07T07:40:38.381Z] ============================================================
[2026-07-07T07:40:38.382Z] Collecting Production snapshot...
[2026-07-07T07:40:50.237Z] Collecting Recovery snapshot...
[2026-07-07T07:41:01.702Z] Comparing snapshots...
[2026-07-07T07:41:01.913Z] 🧾 JSON report: D:\alpha-tech\server\recovery\reports\verification-report_2026-07-07T07-41-01-706Z.json
[2026-07-07T07:41:01.913Z] 🧾 TXT report: D:\alpha-tech\server\recovery\reports\verification-report_2026-07-07T07-41-01-706Z.txt
[2026-07-07T07:41:01.913Z] ✅ Overall: PASS
[2026-07-07T09:35:12.107Z] ============================================================
[2026-07-07T09:35:12.113Z] 🔎 AlphaTech Integrity Verification ALPHATECH-RECOVERY-VERIFY-V1
[2026-07-07T09:35:12.114Z] ============================================================
[2026-07-07T09:35:12.115Z] Collecting Production snapshot...
[2026-07-07T09:35:23.274Z] Collecting Recovery snapshot...
[2026-07-07T09:35:34.173Z] Comparing snapshots...
[2026-07-07T09:35:34.183Z] 🧾 JSON report: D:\alpha-tech\server\recovery\reports\verification-report_2026-07-07T09-35-34-179Z.json
[2026-07-07T09:35:34.185Z] 🧾 TXT report: D:\alpha-tech\server\recovery\reports\verification-report_2026-07-07T09-35-34-179Z.txt
[2026-07-07T09:35:34.186Z] ✅ Overall: FAIL
[2026-07-07T13:40:36.320Z] ============================================================
[2026-07-07T13:40:36.323Z] 🔎 AlphaTech Integrity Verification ALPHATECH-RECOVERY-VERIFY-V1
[2026-07-07T13:40:36.323Z] ============================================================
[2026-07-07T13:40:36.323Z] Collecting Production snapshot...
[2026-07-07T13:40:46.805Z] Collecting Recovery snapshot...
[2026-07-07T13:40:58.377Z] Comparing snapshots...
[2026-07-07T13:40:58.383Z] 🧾 JSON report: D:\alpha-tech\server\recovery\reports\verification-report_2026-07-07T13-40-58-381Z.json
[2026-07-07T13:40:58.384Z] 🧾 TXT report: D:\alpha-tech\server\recovery\reports\verification-report_2026-07-07T13-40-58-381Z.txt
[2026-07-07T13:40:58.385Z] ✅ Overall: PASS
[2026-07-07T15:35:10.287Z] ============================================================
[2026-07-07T15:35:10.290Z] 🔎 AlphaTech Integrity Verification ALPHATECH-RECOVERY-VERIFY-V1
[2026-07-07T15:35:10.290Z] ============================================================
[2026-07-07T15:35:10.291Z] Collecting Production snapshot...
[2026-07-07T15:35:22.230Z] Collecting Recovery snapshot...
[2026-07-07T15:35:32.836Z] Comparing snapshots...
[2026-07-07T15:35:32.842Z] 🧾 JSON report: D:\alpha-tech\server\recovery\reports\verification-report_2026-07-07T15-35-32-839Z.json
[2026-07-07T15:35:32.843Z] 🧾 TXT report: D:\alpha-tech\server\recovery\reports\verification-report_2026-07-07T15-35-32-839Z.txt
[2026-07-07T15:35:32.843Z] ✅ Overall: PASS
[2026-07-07T19:40:37.079Z] ============================================================
[2026-07-07T19:40:37.082Z] 🔎 AlphaTech Integrity Verification ALPHATECH-RECOVERY-VERIFY-V1
[2026-07-07T19:40:37.083Z] ============================================================
[2026-07-07T19:40:37.083Z] Collecting Production snapshot...
[2026-07-07T19:40:48.438Z] Collecting Recovery snapshot...
[2026-07-07T19:41:00.129Z] Comparing snapshots...
[2026-07-07T19:41:00.143Z] 🧾 JSON report: D:\alpha-tech\server\recovery\reports\verification-report_2026-07-07T19-41-00-132Z.json
[2026-07-07T19:41:00.144Z] 🧾 TXT report: D:\alpha-tech\server\recovery\reports\verification-report_2026-07-07T19-41-00-132Z.txt
[2026-07-07T19:41:00.144Z] ✅ Overall: PASS
[2026-07-07T21:35:11.244Z] ============================================================
[2026-07-07T21:35:11.248Z] 🔎 AlphaTech Integrity Verification ALPHATECH-RECOVERY-VERIFY-V1
[2026-07-07T21:35:11.249Z] ============================================================
[2026-07-07T21:35:11.249Z] Collecting Production snapshot...
[2026-07-07T21:35:22.056Z] Collecting Recovery snapshot...
[2026-07-07T21:35:32.567Z] Comparing snapshots...
[2026-07-07T21:35:32.581Z] 🧾 JSON report: D:\alpha-tech\server\recovery\reports\verification-report_2026-07-07T21-35-32-572Z.json
[2026-07-07T21:35:32.582Z] 🧾 TXT report: D:\alpha-tech\server\recovery\reports\verification-report_2026-07-07T21-35-32-572Z.txt
[2026-07-07T21:35:32.582Z] ✅ Overall: PASS
[2026-07-08T03:35:11.215Z] ============================================================
[2026-07-08T03:35:11.219Z] 🔎 AlphaTech Integrity Verification ALPHATECH-RECOVERY-VERIFY-V1
[2026-07-08T03:35:11.219Z] ============================================================
[2026-07-08T03:35:11.220Z] Collecting Production snapshot...
[2026-07-08T03:35:22.785Z] Collecting Recovery snapshot...
[2026-07-08T03:35:34.159Z] Comparing snapshots...
[2026-07-08T03:35:34.176Z] 🧾 JSON report: D:\alpha-tech\server\recovery\reports\verification-report_2026-07-08T03-35-34-164Z.json
[2026-07-08T03:35:34.176Z] 🧾 TXT report: D:\alpha-tech\server\recovery\reports\verification-report_2026-07-08T03-35-34-164Z.txt
[2026-07-08T03:35:34.176Z] ✅ Overall: PASS
[2026-07-08T07:40:40.981Z] ============================================================
[2026-07-08T07:40:40.984Z] 🔎 AlphaTech Integrity Verification ALPHATECH-RECOVERY-VERIFY-V1
[2026-07-08T07:40:40.985Z] ============================================================
[2026-07-08T07:40:40.986Z] Collecting Production snapshot...
[2026-07-08T07:40:52.139Z] Collecting Recovery snapshot...
[2026-07-08T07:41:03.897Z] Comparing snapshots...
[2026-07-08T07:41:03.904Z] 🧾 JSON report: D:\alpha-tech\server\recovery\reports\verification-report_2026-07-08T07-41-03-900Z.json
[2026-07-08T07:41:03.904Z] 🧾 TXT report: D:\alpha-tech\server\recovery\reports\verification-report_2026-07-08T07-41-03-900Z.txt
[2026-07-08T07:41:03.905Z] ✅ Overall: PASS
[2026-07-08T09:35:16.033Z] ============================================================
[2026-07-08T09:35:16.037Z] 🔎 AlphaTech Integrity Verification ALPHATECH-RECOVERY-VERIFY-V1
[2026-07-08T09:35:16.037Z] ============================================================
[2026-07-08T09:35:16.038Z] Collecting Production snapshot...
[2026-07-08T09:35:27.920Z] Collecting Recovery snapshot...
[2026-07-08T09:35:38.727Z] Comparing snapshots...
[2026-07-08T09:35:38.742Z] 🧾 JSON report: D:\alpha-tech\server\recovery\reports\verification-report_2026-07-08T09-35-38-731Z.json
[2026-07-08T09:35:38.742Z] 🧾 TXT report: D:\alpha-tech\server\recovery\reports\verification-report_2026-07-08T09-35-38-731Z.txt
[2026-07-08T09:35:38.743Z] ✅ Overall: PASS
[2026-07-08T13:40:41.137Z] ============================================================
[2026-07-08T13:40:41.141Z] 🔎 AlphaTech Integrity Verification ALPHATECH-RECOVERY-VERIFY-V1
[2026-07-08T13:40:41.141Z] ============================================================
[2026-07-08T13:40:41.142Z] Collecting Production snapshot...
[2026-07-08T13:40:52.534Z] Collecting Recovery snapshot...
[2026-07-08T13:41:04.034Z] Comparing snapshots...
[2026-07-08T13:41:04.048Z] 🧾 JSON report: D:\alpha-tech\server\recovery\reports\verification-report_2026-07-08T13-41-04-038Z.json
[2026-07-08T13:41:04.049Z] 🧾 TXT report: D:\alpha-tech\server\recovery\reports\verification-report_2026-07-08T13-41-04-038Z.txt
[2026-07-08T13:41:04.049Z] ✅ Overall: PASS
[2026-07-08T15:35:10.475Z] ============================================================
[2026-07-08T15:35:10.478Z] 🔎 AlphaTech Integrity Verification ALPHATECH-RECOVERY-VERIFY-V1
[2026-07-08T15:35:10.478Z] ============================================================
[2026-07-08T15:35:10.478Z] Collecting Production snapshot...
[2026-07-08T15:35:22.068Z] Collecting Recovery snapshot...
[2026-07-08T15:35:32.625Z] Comparing snapshots...
[2026-07-08T15:35:32.632Z] 🧾 JSON report: D:\alpha-tech\server\recovery\reports\verification-report_2026-07-08T15-35-32-629Z.json
[2026-07-08T15:35:32.632Z] 🧾 TXT report: D:\alpha-tech\server\recovery\reports\verification-report_2026-07-08T15-35-32-629Z.txt
[2026-07-08T15:35:32.633Z] ✅ Overall: PASS
[2026-07-08T19:40:37.364Z] ============================================================
[2026-07-08T19:40:37.367Z] 🔎 AlphaTech Integrity Verification ALPHATECH-RECOVERY-VERIFY-V1
[2026-07-08T19:40:37.368Z] ============================================================
[2026-07-08T19:40:37.368Z] Collecting Production snapshot...
[2026-07-08T19:40:47.638Z] Collecting Recovery snapshot...
[2026-07-08T19:40:58.071Z] Comparing snapshots...
[2026-07-08T19:40:58.077Z] 🧾 JSON report: D:\alpha-tech\server\recovery\reports\verification-report_2026-07-08T19-40-58-075Z.json
[2026-07-08T19:40:58.078Z] 🧾 TXT report: D:\alpha-tech\server\recovery\reports\verification-report_2026-07-08T19-40-58-075Z.txt
[2026-07-08T19:40:58.078Z] ✅ Overall: PASS
[2026-07-08T21:35:10.380Z] ============================================================
[2026-07-08T21:35:10.384Z] 🔎 AlphaTech Integrity Verification ALPHATECH-RECOVERY-VERIFY-V1
[2026-07-08T21:35:10.384Z] ============================================================
[2026-07-08T21:35:10.384Z] Collecting Production snapshot...
[2026-07-08T21:35:21.653Z] Collecting Recovery snapshot...
[2026-07-08T21:35:32.032Z] Comparing snapshots...
[2026-07-08T21:35:32.038Z] 🧾 JSON report: D:\alpha-tech\server\recovery\reports\verification-report_2026-07-08T21-35-32-036Z.json
[2026-07-08T21:35:32.039Z] 🧾 TXT report: D:\alpha-tech\server\recovery\reports\verification-report_2026-07-08T21-35-32-036Z.txt
[2026-07-08T21:35:32.039Z] ✅ Overall: PASS
[2026-07-09T03:35:12.960Z] ============================================================
[2026-07-09T03:35:12.964Z] 🔎 AlphaTech Integrity Verification ALPHATECH-RECOVERY-VERIFY-V1
[2026-07-09T03:35:12.964Z] ============================================================
[2026-07-09T03:35:12.964Z] Collecting Production snapshot...
[2026-07-09T03:35:25.345Z] Collecting Recovery snapshot...
[2026-07-09T03:35:35.988Z] Comparing snapshots...
[2026-07-09T03:35:35.994Z] 🧾 JSON report: D:\alpha-tech\server\recovery\reports\verification-report_2026-07-09T03-35-35-991Z.json
[2026-07-09T03:35:35.995Z] 🧾 TXT report: D:\alpha-tech\server\recovery\reports\verification-report_2026-07-09T03-35-35-991Z.txt
[2026-07-09T03:35:35.995Z] ✅ Overall: PASS
[2026-07-09T07:40:40.282Z] ============================================================
[2026-07-09T07:40:40.285Z] 🔎 AlphaTech Integrity Verification ALPHATECH-RECOVERY-VERIFY-V1
[2026-07-09T07:40:40.286Z] ============================================================
[2026-07-09T07:40:40.286Z] Collecting Production snapshot...
[2026-07-09T07:40:51.757Z] Collecting Recovery snapshot...
[2026-07-09T07:41:02.354Z] Comparing snapshots...
[2026-07-09T07:41:02.360Z] 🧾 JSON report: D:\alpha-tech\server\recovery\reports\verification-report_2026-07-09T07-41-02-358Z.json
[2026-07-09T07:41:02.361Z] 🧾 TXT report: D:\alpha-tech\server\recovery\reports\verification-report_2026-07-09T07-41-02-358Z.txt
[2026-07-09T07:41:02.361Z] ✅ Overall: PASS
[2026-07-09T09:35:12.560Z] ============================================================
[2026-07-09T09:35:12.563Z] 🔎 AlphaTech Integrity Verification ALPHATECH-RECOVERY-VERIFY-V1
[2026-07-09T09:35:12.563Z] ============================================================
[2026-07-09T09:35:12.563Z] Collecting Production snapshot...
[2026-07-09T09:35:23.627Z] Collecting Recovery snapshot...
[2026-07-09T09:35:34.560Z] Comparing snapshots...
[2026-07-09T09:35:34.565Z] 🧾 JSON report: D:\alpha-tech\server\recovery\reports\verification-report_2026-07-09T09-35-34-563Z.json
[2026-07-09T09:35:34.566Z] 🧾 TXT report: D:\alpha-tech\server\recovery\reports\verification-report_2026-07-09T09-35-34-563Z.txt
[2026-07-09T09:35:34.566Z] ✅ Overall: PASS
[2026-07-09T13:40:42.347Z] ============================================================
[2026-07-09T13:40:42.353Z] 🔎 AlphaTech Integrity Verification ALPHATECH-RECOVERY-VERIFY-V1
[2026-07-09T13:40:42.353Z] ============================================================
[2026-07-09T13:40:42.353Z] Collecting Production snapshot...
[2026-07-09T13:40:54.620Z] Collecting Recovery snapshot...
[2026-07-09T13:41:04.959Z] Comparing snapshots...
[2026-07-09T13:41:04.973Z] 🧾 JSON report: D:\alpha-tech\server\recovery\reports\verification-report_2026-07-09T13-41-04-962Z.json
[2026-07-09T13:41:04.973Z] 🧾 TXT report: D:\alpha-tech\server\recovery\reports\verification-report_2026-07-09T13-41-04-962Z.txt
[2026-07-09T13:41:04.973Z] ✅ Overall: PASS
[2026-07-09T15:35:15.606Z] ============================================================
[2026-07-09T15:35:15.610Z] 🔎 AlphaTech Integrity Verification ALPHATECH-RECOVERY-VERIFY-V1
[2026-07-09T15:35:15.610Z] ============================================================
[2026-07-09T15:35:15.611Z] Collecting Production snapshot...
[2026-07-09T15:35:26.990Z] Collecting Recovery snapshot...
[2026-07-09T15:35:39.180Z] Comparing snapshots...
[2026-07-09T15:35:39.259Z] 🧾 JSON report: D:\alpha-tech\server\recovery\reports\verification-report_2026-07-09T15-35-39-183Z.json
[2026-07-09T15:35:39.259Z] 🧾 TXT report: D:\alpha-tech\server\recovery\reports\verification-report_2026-07-09T15-35-39-183Z.txt
[2026-07-09T15:35:39.260Z] ✅ Overall: PASS
[2026-07-09T19:40:35.029Z] ============================================================
[2026-07-09T19:40:35.032Z] 🔎 AlphaTech Integrity Verification ALPHATECH-RECOVERY-VERIFY-V1
[2026-07-09T19:40:35.032Z] ============================================================
[2026-07-09T19:40:35.032Z] Collecting Production snapshot...
[2026-07-09T19:40:45.270Z] Collecting Recovery snapshot...
[2026-07-09T19:40:56.080Z] Comparing snapshots...
[2026-07-09T19:40:56.087Z] 🧾 JSON report: D:\alpha-tech\server\recovery\reports\verification-report_2026-07-09T19-40-56-085Z.json
[2026-07-09T19:40:56.087Z] 🧾 TXT report: D:\alpha-tech\server\recovery\reports\verification-report_2026-07-09T19-40-56-085Z.txt
[2026-07-09T19:40:56.087Z] ✅ Overall: PASS
[2026-07-09T21:35:11.644Z] ============================================================
[2026-07-09T21:35:11.647Z] 🔎 AlphaTech Integrity Verification ALPHATECH-RECOVERY-VERIFY-V1
[2026-07-09T21:35:11.648Z] ============================================================
[2026-07-09T21:35:11.648Z] Collecting Production snapshot...
[2026-07-09T21:35:22.805Z] Collecting Recovery snapshot...
[2026-07-09T21:35:33.545Z] Comparing snapshots...
[2026-07-09T21:35:33.551Z] 🧾 JSON report: D:\alpha-tech\server\recovery\reports\verification-report_2026-07-09T21-35-33-549Z.json
[2026-07-09T21:35:33.552Z] 🧾 TXT report: D:\alpha-tech\server\recovery\reports\verification-report_2026-07-09T21-35-33-549Z.txt
[2026-07-09T21:35:33.552Z] ✅ Overall: PASS
[2026-07-10T03:35:08.318Z] ============================================================
[2026-07-10T03:35:08.321Z] 🔎 AlphaTech Integrity Verification ALPHATECH-RECOVERY-VERIFY-V1
[2026-07-10T03:35:08.321Z] ============================================================
[2026-07-10T03:35:08.321Z] Collecting Production snapshot...
[2026-07-10T03:35:19.656Z] Collecting Recovery snapshot...
[2026-07-10T03:35:30.695Z] Comparing snapshots...
[2026-07-10T03:35:30.701Z] 🧾 JSON report: D:\alpha-tech\server\recovery\reports\verification-report_2026-07-10T03-35-30-699Z.json
[2026-07-10T03:35:30.702Z] 🧾 TXT report: D:\alpha-tech\server\recovery\reports\verification-report_2026-07-10T03-35-30-699Z.txt
[2026-07-10T03:35:30.702Z] ✅ Overall: FAIL
[2026-07-10T07:40:41.912Z] ============================================================
[2026-07-10T07:40:41.923Z] 🔎 AlphaTech Integrity Verification ALPHATECH-RECOVERY-VERIFY-V1
[2026-07-10T07:40:41.953Z] ============================================================
[2026-07-10T07:40:41.985Z] Collecting Production snapshot...
[2026-07-10T07:40:52.777Z] Collecting Recovery snapshot...
[2026-07-10T07:41:04.467Z] Comparing snapshots...
[2026-07-10T07:41:04.492Z] 🧾 JSON report: D:\alpha-tech\server\recovery\reports\verification-report_2026-07-10T07-41-04-475Z.json
[2026-07-10T07:41:04.493Z] 🧾 TXT report: D:\alpha-tech\server\recovery\reports\verification-report_2026-07-10T07-41-04-475Z.txt
[2026-07-10T07:41:04.495Z] ✅ Overall: FAIL
[2026-07-10T09:35:12.529Z] ============================================================
[2026-07-10T09:35:12.532Z] 🔎 AlphaTech Integrity Verification ALPHATECH-RECOVERY-VERIFY-V1
[2026-07-10T09:35:12.532Z] ============================================================
[2026-07-10T09:35:12.532Z] Collecting Production snapshot...
[2026-07-10T09:35:23.075Z] Collecting Recovery snapshot...
[2026-07-10T09:35:34.117Z] Comparing snapshots...
[2026-07-10T09:35:34.131Z] 🧾 JSON report: D:\alpha-tech\server\recovery\reports\verification-report_2026-07-10T09-35-34-120Z.json
[2026-07-10T09:35:34.131Z] 🧾 TXT report: D:\alpha-tech\server\recovery\reports\verification-report_2026-07-10T09-35-34-120Z.txt
[2026-07-10T09:35:34.131Z] ✅ Overall: PASS
[2026-07-10T13:40:40.401Z] ============================================================
[2026-07-10T13:40:40.404Z] 🔎 AlphaTech Integrity Verification ALPHATECH-RECOVERY-VERIFY-V1
[2026-07-10T13:40:40.404Z] ============================================================
[2026-07-10T13:40:40.404Z] Collecting Production snapshot...
[2026-07-10T13:40:51.240Z] Collecting Recovery snapshot...
[2026-07-10T13:41:02.909Z] Comparing snapshots...
[2026-07-10T13:41:02.917Z] 🧾 JSON report: D:\alpha-tech\server\recovery\reports\verification-report_2026-07-10T13-41-02-911Z.json
[2026-07-10T13:41:02.917Z] 🧾 TXT report: D:\alpha-tech\server\recovery\reports\verification-report_2026-07-10T13-41-02-911Z.txt
[2026-07-10T13:41:02.918Z] ✅ Overall: PASS
[2026-07-10T15:35:13.519Z] ============================================================
[2026-07-10T15:35:13.522Z] 🔎 AlphaTech Integrity Verification ALPHATECH-RECOVERY-VERIFY-V1
[2026-07-10T15:35:13.523Z] ============================================================
[2026-07-10T15:35:13.523Z] Collecting Production snapshot...
[2026-07-10T15:35:24.466Z] Collecting Recovery snapshot...
[2026-07-10T15:35:35.112Z] Comparing snapshots...
[2026-07-10T15:35:35.118Z] 🧾 JSON report: D:\alpha-tech\server\recovery\reports\verification-report_2026-07-10T15-35-35-116Z.json
[2026-07-10T15:35:35.119Z] 🧾 TXT report: D:\alpha-tech\server\recovery\reports\verification-report_2026-07-10T15-35-35-116Z.txt
[2026-07-10T15:35:35.119Z] ✅ Overall: FAIL
[2026-07-10T19:40:37.573Z] ============================================================
[2026-07-10T19:40:37.577Z] 🔎 AlphaTech Integrity Verification ALPHATECH-RECOVERY-VERIFY-V1
[2026-07-10T19:40:37.578Z] ============================================================
[2026-07-10T19:40:37.581Z] Collecting Production snapshot...
[2026-07-10T19:40:48.802Z] Collecting Recovery snapshot...
[2026-07-10T19:40:59.941Z] Comparing snapshots...
[2026-07-10T19:40:59.956Z] 🧾 JSON report: D:\alpha-tech\server\recovery\reports\verification-report_2026-07-10T19-40-59-945Z.json
[2026-07-10T19:40:59.957Z] 🧾 TXT report: D:\alpha-tech\server\recovery\reports\verification-report_2026-07-10T19-40-59-945Z.txt
[2026-07-10T19:40:59.957Z] ✅ Overall: PASS
[2026-07-10T21:35:12.584Z] ============================================================
[2026-07-10T21:35:12.587Z] 🔎 AlphaTech Integrity Verification ALPHATECH-RECOVERY-VERIFY-V1
[2026-07-10T21:35:12.588Z] ============================================================
[2026-07-10T21:35:12.589Z] Collecting Production snapshot...
[2026-07-10T21:35:22.944Z] Collecting Recovery snapshot...
[2026-07-10T21:35:34.096Z] Comparing snapshots...
[2026-07-10T21:35:34.102Z] 🧾 JSON report: D:\alpha-tech\server\recovery\reports\verification-report_2026-07-10T21-35-34-100Z.json
[2026-07-10T21:35:34.102Z] 🧾 TXT report: D:\alpha-tech\server\recovery\reports\verification-report_2026-07-10T21-35-34-100Z.txt
[2026-07-10T21:35:34.103Z] ✅ Overall: PASS
[2026-07-11T01:40:39.185Z] ============================================================
[2026-07-11T01:40:39.189Z] 🔎 AlphaTech Integrity Verification ALPHATECH-RECOVERY-VERIFY-V1
[2026-07-11T01:40:39.189Z] ============================================================
[2026-07-11T01:40:39.189Z] Collecting Production snapshot...
[2026-07-11T01:40:50.168Z] Collecting Recovery snapshot...
[2026-07-11T01:41:01.296Z] Comparing snapshots...
[2026-07-11T01:41:01.310Z] 🧾 JSON report: D:\alpha-tech\server\recovery\reports\verification-report_2026-07-11T01-41-01-299Z.json
[2026-07-11T01:41:01.310Z] 🧾 TXT report: D:\alpha-tech\server\recovery\reports\verification-report_2026-07-11T01-41-01-299Z.txt
[2026-07-11T01:41:01.310Z] ✅ Overall: PASS
[2026-07-11T03:35:12.886Z] ============================================================
[2026-07-11T03:35:12.889Z] 🔎 AlphaTech Integrity Verification ALPHATECH-RECOVERY-VERIFY-V1
[2026-07-11T03:35:12.890Z] ============================================================
[2026-07-11T03:35:12.890Z] Collecting Production snapshot...
[2026-07-11T03:35:24.704Z] Collecting Recovery snapshot...
[2026-07-11T03:35:36.324Z] Comparing snapshots...
[2026-07-11T03:35:36.332Z] 🧾 JSON report: D:\alpha-tech\server\recovery\reports\verification-report_2026-07-11T03-35-36-329Z.json
[2026-07-11T03:35:36.332Z] 🧾 TXT report: D:\alpha-tech\server\recovery\reports\verification-report_2026-07-11T03-35-36-329Z.txt
[2026-07-11T03:35:36.332Z] ✅ Overall: FAIL
[2026-07-11T07:40:39.102Z] ============================================================
[2026-07-11T07:40:39.106Z] 🔎 AlphaTech Integrity Verification ALPHATECH-RECOVERY-VERIFY-V1
[2026-07-11T07:40:39.106Z] ============================================================
[2026-07-11T07:40:39.107Z] Collecting Production snapshot...
[2026-07-11T07:40:50.699Z] Collecting Recovery snapshot...
[2026-07-11T07:41:02.115Z] Comparing snapshots...
[2026-07-11T07:41:02.129Z] 🧾 JSON report: D:\alpha-tech\server\recovery\reports\verification-report_2026-07-11T07-41-02-119Z.json
[2026-07-11T07:41:02.129Z] 🧾 TXT report: D:\alpha-tech\server\recovery\reports\verification-report_2026-07-11T07-41-02-119Z.txt
[2026-07-11T07:41:02.129Z] ✅ Overall: PASS
[2026-07-11T09:35:14.422Z] ============================================================
[2026-07-11T09:35:14.425Z] 🔎 AlphaTech Integrity Verification ALPHATECH-RECOVERY-VERIFY-V1
[2026-07-11T09:35:14.426Z] ============================================================
[2026-07-11T09:35:14.426Z] Collecting Production snapshot...
[2026-07-11T09:35:24.820Z] Collecting Recovery snapshot...
[2026-07-11T09:35:36.164Z] Comparing snapshots...
[2026-07-11T09:35:36.171Z] 🧾 JSON report: D:\alpha-tech\server\recovery\reports\verification-report_2026-07-11T09-35-36-168Z.json
[2026-07-11T09:35:36.171Z] 🧾 TXT report: D:\alpha-tech\server\recovery\reports\verification-report_2026-07-11T09-35-36-168Z.txt
[2026-07-11T09:35:36.172Z] ✅ Overall: PASS
[2026-07-11T13:40:40.278Z] ============================================================
[2026-07-11T13:40:40.282Z] 🔎 AlphaTech Integrity Verification ALPHATECH-RECOVERY-VERIFY-V1
[2026-07-11T13:40:40.282Z] ============================================================
[2026-07-11T13:40:40.282Z] Collecting Production snapshot...
[2026-07-11T13:40:51.931Z] Collecting Recovery snapshot...
[2026-07-11T13:41:02.925Z] Comparing snapshots...
[2026-07-11T13:41:02.941Z] 🧾 JSON report: D:\alpha-tech\server\recovery\reports\verification-report_2026-07-11T13-41-02-929Z.json
[2026-07-11T13:41:02.942Z] 🧾 TXT report: D:\alpha-tech\server\recovery\reports\verification-report_2026-07-11T13-41-02-929Z.txt
[2026-07-11T13:41:02.942Z] ✅ Overall: PASS
[2026-07-11T15:35:14.770Z] ============================================================
[2026-07-11T15:35:14.774Z] 🔎 AlphaTech Integrity Verification ALPHATECH-RECOVERY-VERIFY-V1
[2026-07-11T15:35:14.774Z] ============================================================
[2026-07-11T15:35:14.775Z] Collecting Production snapshot...
[2026-07-11T15:35:25.773Z] Collecting Recovery snapshot...
[2026-07-11T15:35:36.642Z] Comparing snapshots...
[2026-07-11T15:35:36.650Z] 🧾 JSON report: D:\alpha-tech\server\recovery\reports\verification-report_2026-07-11T15-35-36-647Z.json
[2026-07-11T15:35:36.650Z] 🧾 TXT report: D:\alpha-tech\server\recovery\reports\verification-report_2026-07-11T15-35-36-647Z.txt
[2026-07-11T15:35:36.650Z] ✅ Overall: PASS
[2026-07-11T19:40:39.804Z] ============================================================
[2026-07-11T19:40:39.807Z] 🔎 AlphaTech Integrity Verification ALPHATECH-RECOVERY-VERIFY-V1
[2026-07-11T19:40:39.808Z] ============================================================
[2026-07-11T19:40:39.808Z] Collecting Production snapshot...
[2026-07-11T19:40:50.998Z] Collecting Recovery snapshot...
[2026-07-11T19:41:02.125Z] Comparing snapshots...
[2026-07-11T19:41:02.132Z] 🧾 JSON report: D:\alpha-tech\server\recovery\reports\verification-report_2026-07-11T19-41-02-129Z.json
[2026-07-11T19:41:02.132Z] 🧾 TXT report: D:\alpha-tech\server\recovery\reports\verification-report_2026-07-11T19-41-02-129Z.txt
[2026-07-11T19:41:02.132Z] ✅ Overall: PASS
[2026-07-11T21:35:10.168Z] ============================================================
[2026-07-11T21:35:10.171Z] 🔎 AlphaTech Integrity Verification ALPHATECH-RECOVERY-VERIFY-V1
[2026-07-11T21:35:10.171Z] ============================================================
[2026-07-11T21:35:10.172Z] Collecting Production snapshot...
[2026-07-11T21:35:20.976Z] Collecting Recovery snapshot...
[2026-07-11T21:35:31.907Z] Comparing snapshots...
[2026-07-11T21:35:31.913Z] 🧾 JSON report: D:\alpha-tech\server\recovery\reports\verification-report_2026-07-11T21-35-31-911Z.json
[2026-07-11T21:35:31.914Z] 🧾 TXT report: D:\alpha-tech\server\recovery\reports\verification-report_2026-07-11T21-35-31-911Z.txt
[2026-07-11T21:35:31.914Z] ✅ Overall: PASS
[2026-07-12T03:35:14.341Z] ============================================================
[2026-07-12T03:35:14.352Z] 🔎 AlphaTech Integrity Verification ALPHATECH-RECOVERY-VERIFY-V1
[2026-07-12T03:35:14.352Z] ============================================================
[2026-07-12T03:35:14.353Z] Collecting Production snapshot...
[2026-07-12T03:35:25.498Z] Collecting Recovery snapshot...
[2026-07-12T03:35:36.137Z] Comparing snapshots...
[2026-07-12T03:35:36.143Z] 🧾 JSON report: D:\alpha-tech\server\recovery\reports\verification-report_2026-07-12T03-35-36-140Z.json
[2026-07-12T03:35:36.143Z] 🧾 TXT report: D:\alpha-tech\server\recovery\reports\verification-report_2026-07-12T03-35-36-140Z.txt
[2026-07-12T03:35:36.144Z] ✅ Overall: FAIL
[2026-07-12T07:40:38.372Z] ============================================================
[2026-07-12T07:40:38.376Z] 🔎 AlphaTech Integrity Verification ALPHATECH-RECOVERY-VERIFY-V1
[2026-07-12T07:40:38.376Z] ============================================================
[2026-07-12T07:40:38.377Z] Collecting Production snapshot...
[2026-07-12T07:40:52.800Z] Collecting Recovery snapshot...
[2026-07-12T07:41:03.079Z] Comparing snapshots...
[2026-07-12T07:41:03.086Z] 🧾 JSON report: D:\alpha-tech\server\recovery\reports\verification-report_2026-07-12T07-41-03-083Z.json
[2026-07-12T07:41:03.086Z] 🧾 TXT report: D:\alpha-tech\server\recovery\reports\verification-report_2026-07-12T07-41-03-083Z.txt
[2026-07-12T07:41:03.086Z] ✅ Overall: FAIL
[2026-07-12T09:35:14.129Z] ============================================================
[2026-07-12T09:35:14.133Z] 🔎 AlphaTech Integrity Verification ALPHATECH-RECOVERY-VERIFY-V1
[2026-07-12T09:35:14.133Z] ============================================================
[2026-07-12T09:35:14.134Z] Collecting Production snapshot...
[2026-07-12T09:35:24.702Z] Collecting Recovery snapshot...
[2026-07-12T09:35:34.618Z] Comparing snapshots...
[2026-07-12T09:35:34.632Z] 🧾 JSON report: D:\alpha-tech\server\recovery\reports\verification-report_2026-07-12T09-35-34-622Z.json
[2026-07-12T09:35:34.633Z] 🧾 TXT report: D:\alpha-tech\server\recovery\reports\verification-report_2026-07-12T09-35-34-622Z.txt
[2026-07-12T09:35:34.633Z] ✅ Overall: FAIL
[2026-07-12T13:40:42.990Z] ============================================================
[2026-07-12T13:40:42.994Z] 🔎 AlphaTech Integrity Verification ALPHATECH-RECOVERY-VERIFY-V1
[2026-07-12T13:40:42.994Z] ============================================================
[2026-07-12T13:40:42.994Z] Collecting Production snapshot...
[2026-07-12T13:40:54.355Z] Collecting Recovery snapshot...
[2026-07-12T13:41:04.932Z] Comparing snapshots...
[2026-07-12T13:41:04.940Z] 🧾 JSON report: D:\alpha-tech\server\recovery\reports\verification-report_2026-07-12T13-41-04-936Z.json
[2026-07-12T13:41:04.940Z] 🧾 TXT report: D:\alpha-tech\server\recovery\reports\verification-report_2026-07-12T13-41-04-936Z.txt
[2026-07-12T13:41:04.941Z] ✅ Overall: PASS
[2026-07-12T21:35:11.869Z] ============================================================
[2026-07-12T21:35:11.872Z] 🔎 AlphaTech Integrity Verification ALPHATECH-RECOVERY-VERIFY-V1
[2026-07-12T21:35:11.872Z] ============================================================
[2026-07-12T21:35:11.873Z] Collecting Production snapshot...
[2026-07-12T21:35:22.484Z] Collecting Recovery snapshot...
[2026-07-12T21:35:33.565Z] Comparing snapshots...
[2026-07-12T21:35:33.572Z] 🧾 JSON report: D:\alpha-tech\server\recovery\reports\verification-report_2026-07-12T21-35-33-569Z.json
[2026-07-12T21:35:33.572Z] 🧾 TXT report: D:\alpha-tech\server\recovery\reports\verification-report_2026-07-12T21-35-33-569Z.txt
[2026-07-12T21:35:33.572Z] ✅ Overall: PASS
[2026-07-13T03:35:12.026Z] ============================================================
[2026-07-13T03:35:12.029Z] 🔎 AlphaTech Integrity Verification ALPHATECH-RECOVERY-VERIFY-V1
[2026-07-13T03:35:12.029Z] ============================================================
[2026-07-13T03:35:12.030Z] Collecting Production snapshot...
[2026-07-13T03:35:23.106Z] Collecting Recovery snapshot...
[2026-07-13T03:35:33.649Z] Comparing snapshots...
[2026-07-13T03:35:33.655Z] 🧾 JSON report: D:\alpha-tech\server\recovery\reports\verification-report_2026-07-13T03-35-33-652Z.json
[2026-07-13T03:35:33.656Z] 🧾 TXT report: D:\alpha-tech\server\recovery\reports\verification-report_2026-07-13T03-35-33-652Z.txt
[2026-07-13T03:35:33.656Z] ✅ Overall: PASS
[2026-07-13T07:40:39.236Z] ============================================================
[2026-07-13T07:40:39.240Z] 🔎 AlphaTech Integrity Verification ALPHATECH-RECOVERY-VERIFY-V1
[2026-07-13T07:40:39.240Z] ============================================================
[2026-07-13T07:40:39.240Z] Collecting Production snapshot...
[2026-07-13T07:40:51.205Z] Collecting Recovery snapshot...
[2026-07-13T07:41:02.634Z] Comparing snapshots...
[2026-07-13T07:41:02.649Z] 🧾 JSON report: D:\alpha-tech\server\recovery\reports\verification-report_2026-07-13T07-41-02-639Z.json
[2026-07-13T07:41:02.650Z] 🧾 TXT report: D:\alpha-tech\server\recovery\reports\verification-report_2026-07-13T07-41-02-639Z.txt
[2026-07-13T07:41:02.650Z] ✅ Overall: FAIL
[2026-07-13T09:35:11.469Z] ============================================================
[2026-07-13T09:35:11.473Z] 🔎 AlphaTech Integrity Verification ALPHATECH-RECOVERY-VERIFY-V1
[2026-07-13T09:35:11.473Z] ============================================================
[2026-07-13T09:35:11.474Z] Collecting Production snapshot...
[2026-07-13T09:35:22.228Z] Collecting Recovery snapshot...
[2026-07-13T09:35:33.160Z] Comparing snapshots...
[2026-07-13T09:35:33.166Z] 🧾 JSON report: D:\alpha-tech\server\recovery\reports\verification-report_2026-07-13T09-35-33-163Z.json
[2026-07-13T09:35:33.166Z] 🧾 TXT report: D:\alpha-tech\server\recovery\reports\verification-report_2026-07-13T09-35-33-163Z.txt
[2026-07-13T09:35:33.166Z] ✅ Overall: PASS
[2026-07-13T15:35:12.405Z] ============================================================
[2026-07-13T15:35:12.408Z] 🔎 AlphaTech Integrity Verification ALPHATECH-RECOVERY-VERIFY-V1
[2026-07-13T15:35:12.408Z] ============================================================
[2026-07-13T15:35:12.409Z] Collecting Production snapshot...
[2026-07-13T15:35:24.127Z] Collecting Recovery snapshot...
[2026-07-13T15:35:34.307Z] Comparing snapshots...
[2026-07-13T15:35:34.313Z] 🧾 JSON report: D:\alpha-tech\server\recovery\reports\verification-report_2026-07-13T15-35-34-311Z.json
[2026-07-13T15:35:34.313Z] 🧾 TXT report: D:\alpha-tech\server\recovery\reports\verification-report_2026-07-13T15-35-34-311Z.txt
[2026-07-13T15:35:34.314Z] ✅ Overall: PASS
[2026-07-13T19:40:38.017Z] ============================================================
[2026-07-13T19:40:38.020Z] 🔎 AlphaTech Integrity Verification ALPHATECH-RECOVERY-VERIFY-V1
[2026-07-13T19:40:38.020Z] ============================================================
[2026-07-13T19:40:38.021Z] Collecting Production snapshot...
[2026-07-13T19:40:49.709Z] Collecting Recovery snapshot...
[2026-07-13T19:41:00.776Z] Comparing snapshots...
[2026-07-13T19:41:00.782Z] 🧾 JSON report: D:\alpha-tech\server\recovery\reports\verification-report_2026-07-13T19-41-00-780Z.json
[2026-07-13T19:41:00.783Z] 🧾 TXT report: D:\alpha-tech\server\recovery\reports\verification-report_2026-07-13T19-41-00-780Z.txt
[2026-07-13T19:41:00.783Z] ✅ Overall: PASS
[2026-07-13T21:35:11.541Z] ============================================================
[2026-07-13T21:35:11.544Z] 🔎 AlphaTech Integrity Verification ALPHATECH-RECOVERY-VERIFY-V1
[2026-07-13T21:35:11.544Z] ============================================================
[2026-07-13T21:35:11.545Z] Collecting Production snapshot...
[2026-07-13T21:35:22.304Z] Collecting Recovery snapshot...
[2026-07-13T21:35:32.339Z] Comparing snapshots...
[2026-07-13T21:35:32.345Z] 🧾 JSON report: D:\alpha-tech\server\recovery\reports\verification-report_2026-07-13T21-35-32-342Z.json
[2026-07-13T21:35:32.345Z] 🧾 TXT report: D:\alpha-tech\server\recovery\reports\verification-report_2026-07-13T21-35-32-342Z.txt
[2026-07-13T21:35:32.346Z] ✅ Overall: PASS
[2026-07-14T07:40:39.272Z] ============================================================
[2026-07-14T07:40:39.287Z] 🔎 AlphaTech Integrity Verification ALPHATECH-RECOVERY-VERIFY-V1
[2026-07-14T07:40:39.289Z] ============================================================
[2026-07-14T07:40:39.290Z] Collecting Production snapshot...
[2026-07-14T07:40:50.080Z] Collecting Recovery snapshot...
[2026-07-14T07:41:00.531Z] Comparing snapshots...
[2026-07-14T07:41:00.545Z] 🧾 JSON report: D:\alpha-tech\server\recovery\reports\verification-report_2026-07-14T07-41-00-537Z.json
[2026-07-14T07:41:00.551Z] 🧾 TXT report: D:\alpha-tech\server\recovery\reports\verification-report_2026-07-14T07-41-00-537Z.txt
[2026-07-14T07:41:00.553Z] ✅ Overall: FAIL
[2026-07-14T09:35:15.466Z] ============================================================
[2026-07-14T09:35:15.473Z] 🔎 AlphaTech Integrity Verification ALPHATECH-RECOVERY-VERIFY-V1
[2026-07-14T09:35:15.474Z] ============================================================
[2026-07-14T09:35:15.474Z] Collecting Production snapshot...
[2026-07-14T09:35:28.096Z] Collecting Recovery snapshot...
[2026-07-14T09:35:38.217Z] Comparing snapshots...
[2026-07-14T09:35:38.229Z] 🧾 JSON report: D:\alpha-tech\server\recovery\reports\verification-report_2026-07-14T09-35-38-220Z.json
[2026-07-14T09:35:38.229Z] 🧾 TXT report: D:\alpha-tech\server\recovery\reports\verification-report_2026-07-14T09-35-38-220Z.txt
[2026-07-14T09:35:38.230Z] ✅ Overall: FAIL
[2026-07-14T13:40:41.462Z] ============================================================
[2026-07-14T13:40:41.470Z] 🔎 AlphaTech Integrity Verification ALPHATECH-RECOVERY-VERIFY-V1
[2026-07-14T13:40:41.472Z] ============================================================
[2026-07-14T13:40:41.473Z] Collecting Production snapshot...
[2026-07-14T13:40:53.415Z] Collecting Recovery snapshot...
[2026-07-14T13:41:04.368Z] Comparing snapshots...
[2026-07-14T13:41:04.392Z] 🧾 JSON report: D:\alpha-tech\server\recovery\reports\verification-report_2026-07-14T13-41-04-375Z.json
[2026-07-14T13:41:04.393Z] 🧾 TXT report: D:\alpha-tech\server\recovery\reports\verification-report_2026-07-14T13-41-04-375Z.txt
[2026-07-14T13:41:04.394Z] ✅ Overall: PASS
[2026-07-14T15:35:23.273Z] ============================================================
[2026-07-14T15:35:23.282Z] 🔎 AlphaTech Integrity Verification ALPHATECH-RECOVERY-VERIFY-V1
[2026-07-14T15:35:23.284Z] ============================================================
[2026-07-14T15:35:23.286Z] Collecting Production snapshot...
[2026-07-14T15:35:34.063Z] Collecting Recovery snapshot...
[2026-07-14T15:35:44.793Z] Comparing snapshots...
[2026-07-14T15:35:44.817Z] 🧾 JSON report: D:\alpha-tech\server\recovery\reports\verification-report_2026-07-14T15-35-44-808Z.json
[2026-07-14T15:35:44.819Z] 🧾 TXT report: D:\alpha-tech\server\recovery\reports\verification-report_2026-07-14T15-35-44-808Z.txt
[2026-07-14T15:35:44.821Z] ✅ Overall: PASS
[2026-07-14T16:25:26.862Z] ============================================================
[2026-07-14T16:25:26.865Z] 🔎 AlphaTech Integrity Verification ALPHATECH-RECOVERY-VERIFY-V1
[2026-07-14T16:25:26.866Z] ============================================================
[2026-07-14T16:25:26.866Z] Collecting Production snapshot...
[2026-07-14T16:25:38.574Z] Collecting Recovery snapshot...
[2026-07-14T16:25:49.901Z] Comparing snapshots...
[2026-07-14T16:25:49.916Z] 🧾 JSON report: D:\alpha-tech\server\recovery\reports\verification-report_2026-07-14T16-25-49-905Z.json
[2026-07-14T16:25:49.916Z] 🧾 TXT report: D:\alpha-tech\server\recovery\reports\verification-report_2026-07-14T16-25-49-905Z.txt
[2026-07-14T16:25:49.916Z] ✅ Overall: PASS
[2026-07-14T21:35:15.875Z] ============================================================
[2026-07-14T21:35:15.880Z] 🔎 AlphaTech Integrity Verification ALPHATECH-RECOVERY-VERIFY-V1
[2026-07-14T21:35:15.880Z] ============================================================
[2026-07-14T21:35:15.881Z] Collecting Production snapshot...
[2026-07-14T21:35:27.663Z] Collecting Recovery snapshot...
[2026-07-14T21:35:39.281Z] Comparing snapshots...
[2026-07-14T21:35:39.297Z] 🧾 JSON report: D:\alpha-tech\server\recovery\reports\verification-report_2026-07-14T21-35-39-285Z.json
[2026-07-14T21:35:39.298Z] 🧾 TXT report: D:\alpha-tech\server\recovery\reports\verification-report_2026-07-14T21-35-39-285Z.txt
[2026-07-14T21:35:39.298Z] ✅ Overall: PASS
[2026-07-15T01:40:40.937Z] ============================================================
[2026-07-15T01:40:40.940Z] 🔎 AlphaTech Integrity Verification ALPHATECH-RECOVERY-VERIFY-V1
[2026-07-15T01:40:40.940Z] ============================================================
[2026-07-15T01:40:40.942Z] Collecting Production snapshot...
[2026-07-15T01:40:52.029Z] Collecting Recovery snapshot...
[2026-07-15T01:41:03.418Z] Comparing snapshots...
[2026-07-15T01:41:03.424Z] 🧾 JSON report: D:\alpha-tech\server\recovery\reports\verification-report_2026-07-15T01-41-03-422Z.json
[2026-07-15T01:41:03.425Z] 🧾 TXT report: D:\alpha-tech\server\recovery\reports\verification-report_2026-07-15T01-41-03-422Z.txt
[2026-07-15T01:41:03.425Z] ✅ Overall: PASS
[2026-07-15T03:35:15.157Z] ============================================================
[2026-07-15T03:35:15.162Z] 🔎 AlphaTech Integrity Verification ALPHATECH-RECOVERY-VERIFY-V1
[2026-07-15T03:35:15.162Z] ============================================================
[2026-07-15T03:35:15.163Z] Collecting Production snapshot...
[2026-07-15T03:35:27.105Z] Collecting Recovery snapshot...
[2026-07-15T03:35:37.889Z] Comparing snapshots...
[2026-07-15T03:35:37.896Z] 🧾 JSON report: D:\alpha-tech\server\recovery\reports\verification-report_2026-07-15T03-35-37-892Z.json
[2026-07-15T03:35:37.896Z] 🧾 TXT report: D:\alpha-tech\server\recovery\reports\verification-report_2026-07-15T03-35-37-892Z.txt
[2026-07-15T03:35:37.897Z] ✅ Overall: PASS
[2026-07-15T06:38:14.381Z] ============================================================
[2026-07-15T06:38:14.386Z] 🔎 AlphaTech Integrity Verification ALPHATECH-RECOVERY-VERIFY-V1
[2026-07-15T06:38:14.386Z] ============================================================
[2026-07-15T06:38:14.387Z] Collecting Production snapshot...
[2026-07-15T06:38:25.116Z] Collecting Recovery snapshot...
[2026-07-15T06:38:35.632Z] Comparing snapshots...
[2026-07-15T06:38:35.647Z] 🧾 JSON report: D:\alpha-tech\server\recovery\reports\verification-report_2026-07-15T06-38-35-634Z.json
[2026-07-15T06:38:35.647Z] 🧾 TXT report: D:\alpha-tech\server\recovery\reports\verification-report_2026-07-15T06-38-35-634Z.txt
[2026-07-15T06:38:35.647Z] ✅ Overall: PASS
[2026-07-15T07:40:40.892Z] ============================================================
[2026-07-15T07:40:40.896Z] 🔎 AlphaTech Integrity Verification ALPHATECH-RECOVERY-VERIFY-V1
[2026-07-15T07:40:40.896Z] ============================================================
[2026-07-15T07:40:40.896Z] Collecting Production snapshot...
[2026-07-15T07:40:53.105Z] Collecting Recovery snapshot...
[2026-07-15T07:41:03.999Z] Comparing snapshots...
[2026-07-15T07:41:04.006Z] 🧾 JSON report: D:\alpha-tech\server\recovery\reports\verification-report_2026-07-15T07-41-04-003Z.json
[2026-07-15T07:41:04.007Z] 🧾 TXT report: D:\alpha-tech\server\recovery\reports\verification-report_2026-07-15T07-41-04-003Z.txt
[2026-07-15T07:41:04.007Z] ✅ Overall: FAIL
[2026-07-15T09:35:15.818Z] ============================================================
[2026-07-15T09:35:15.821Z] 🔎 AlphaTech Integrity Verification ALPHATECH-RECOVERY-VERIFY-V1
[2026-07-15T09:35:15.822Z] ============================================================
[2026-07-15T09:35:15.822Z] Collecting Production snapshot...
[2026-07-15T09:35:26.683Z] Collecting Recovery snapshot...
[2026-07-15T09:35:36.770Z] Comparing snapshots...
[2026-07-15T09:35:36.784Z] 🧾 JSON report: D:\alpha-tech\server\recovery\reports\verification-report_2026-07-15T09-35-36-774Z.json
[2026-07-15T09:35:36.784Z] 🧾 TXT report: D:\alpha-tech\server\recovery\reports\verification-report_2026-07-15T09-35-36-774Z.txt
[2026-07-15T09:35:36.785Z] ✅ Overall: PASS
[2026-07-15T15:35:13.798Z] ============================================================
[2026-07-15T15:35:13.801Z] 🔎 AlphaTech Integrity Verification ALPHATECH-RECOVERY-VERIFY-V1
[2026-07-15T15:35:13.801Z] ============================================================
[2026-07-15T15:35:13.801Z] Collecting Production snapshot...
[2026-07-15T15:35:25.318Z] Collecting Recovery snapshot...
[2026-07-15T15:35:36.262Z] Comparing snapshots...
[2026-07-15T15:35:36.269Z] 🧾 JSON report: D:\alpha-tech\server\recovery\reports\verification-report_2026-07-15T15-35-36-266Z.json
[2026-07-15T15:35:36.269Z] 🧾 TXT report: D:\alpha-tech\server\recovery\reports\verification-report_2026-07-15T15-35-36-266Z.txt
[2026-07-15T15:35:36.270Z] ✅ Overall: PASS
[2026-07-15T21:35:15.218Z] ============================================================
[2026-07-15T21:35:15.221Z] 🔎 AlphaTech Integrity Verification ALPHATECH-RECOVERY-VERIFY-V1
[2026-07-15T21:35:15.221Z] ============================================================
[2026-07-15T21:35:15.222Z] Collecting Production snapshot...
[2026-07-15T21:35:25.731Z] Collecting Recovery snapshot...
[2026-07-15T21:35:36.910Z] Comparing snapshots...
[2026-07-15T21:35:36.918Z] 🧾 JSON report: D:\alpha-tech\server\recovery\reports\verification-report_2026-07-15T21-35-36-915Z.json
[2026-07-15T21:35:36.918Z] 🧾 TXT report: D:\alpha-tech\server\recovery\reports\verification-report_2026-07-15T21-35-36-915Z.txt
[2026-07-15T21:35:36.919Z] ✅ Overall: PASS
[2026-07-16T01:40:51.060Z] ============================================================
[2026-07-16T01:40:51.073Z] 🔎 AlphaTech Integrity Verification ALPHATECH-RECOVERY-VERIFY-V1
[2026-07-16T01:40:51.074Z] ============================================================
[2026-07-16T01:40:51.074Z] Collecting Production snapshot...
[2026-07-16T01:41:02.620Z] Collecting Recovery snapshot...
[2026-07-16T01:41:12.912Z] Comparing snapshots...
[2026-07-16T01:41:12.918Z] 🧾 JSON report: D:\alpha-tech\server\recovery\reports\verification-report_2026-07-16T01-41-12-916Z.json
[2026-07-16T01:41:12.919Z] 🧾 TXT report: D:\alpha-tech\server\recovery\reports\verification-report_2026-07-16T01-41-12-916Z.txt
[2026-07-16T01:41:12.919Z] ✅ Overall: FAIL
[2026-07-16T03:35:18.422Z] ============================================================
[2026-07-16T03:35:18.431Z] 🔎 AlphaTech Integrity Verification ALPHATECH-RECOVERY-VERIFY-V1
[2026-07-16T03:35:18.434Z] ============================================================
[2026-07-16T03:35:18.435Z] Collecting Production snapshot...
[2026-07-16T03:35:29.766Z] Collecting Recovery snapshot...
[2026-07-16T03:35:40.963Z] Comparing snapshots...
[2026-07-16T03:35:41.044Z] 🧾 JSON report: D:\alpha-tech\server\recovery\reports\verification-report_2026-07-16T03-35-40-972Z.json
[2026-07-16T03:35:41.049Z] 🧾 TXT report: D:\alpha-tech\server\recovery\reports\verification-report_2026-07-16T03-35-40-972Z.txt
[2026-07-16T03:35:41.050Z] ✅ Overall: PASS
[2026-07-16T13:40:42.636Z] ============================================================
[2026-07-16T13:40:42.640Z] 🔎 AlphaTech Integrity Verification ALPHATECH-RECOVERY-VERIFY-V1
[2026-07-16T13:40:42.641Z] ============================================================
[2026-07-16T13:40:42.641Z] Collecting Production snapshot...
[2026-07-16T13:40:53.918Z] Collecting Recovery snapshot...
[2026-07-16T13:41:04.992Z] Comparing snapshots...
[2026-07-16T13:41:05.007Z] 🧾 JSON report: D:\alpha-tech\server\recovery\reports\verification-report_2026-07-16T13-41-04-995Z.json
[2026-07-16T13:41:05.007Z] 🧾 TXT report: D:\alpha-tech\server\recovery\reports\verification-report_2026-07-16T13-41-04-995Z.txt
[2026-07-16T13:41:05.008Z] ✅ Overall: PASS
[2026-07-16T15:35:14.950Z] ============================================================
[2026-07-16T15:35:14.953Z] 🔎 AlphaTech Integrity Verification ALPHATECH-RECOVERY-VERIFY-V1
[2026-07-16T15:35:14.954Z] ============================================================
[2026-07-16T15:35:14.954Z] Collecting Production snapshot...
[2026-07-16T15:35:26.395Z] Collecting Recovery snapshot...
[2026-07-16T15:35:36.764Z] Comparing snapshots...
[2026-07-16T15:35:36.771Z] 🧾 JSON report: D:\alpha-tech\server\recovery\reports\verification-report_2026-07-16T15-35-36-769Z.json
[2026-07-16T15:35:36.772Z] 🧾 TXT report: D:\alpha-tech\server\recovery\reports\verification-report_2026-07-16T15-35-36-769Z.txt
[2026-07-16T15:35:36.772Z] ✅ Overall: PASS
[2026-07-16T19:40:41.037Z] ============================================================
[2026-07-16T19:40:41.041Z] 🔎 AlphaTech Integrity Verification ALPHATECH-RECOVERY-VERIFY-V1
[2026-07-16T19:40:41.041Z] ============================================================
[2026-07-16T19:40:41.042Z] Collecting Production snapshot...
[2026-07-16T19:40:52.014Z] Collecting Recovery snapshot...
[2026-07-16T19:41:02.289Z] Comparing snapshots...
[2026-07-16T19:41:02.303Z] 🧾 JSON report: D:\alpha-tech\server\recovery\reports\verification-report_2026-07-16T19-41-02-291Z.json
[2026-07-16T19:41:02.303Z] 🧾 TXT report: D:\alpha-tech\server\recovery\reports\verification-report_2026-07-16T19-41-02-291Z.txt
[2026-07-16T19:41:02.303Z] ✅ Overall: PASS
[2026-07-16T21:35:12.629Z] ============================================================
[2026-07-16T21:35:12.632Z] 🔎 AlphaTech Integrity Verification ALPHATECH-RECOVERY-VERIFY-V1
[2026-07-16T21:35:12.633Z] ============================================================
[2026-07-16T21:35:12.633Z] Collecting Production snapshot...
[2026-07-16T21:35:23.886Z] Collecting Recovery snapshot...
[2026-07-16T21:35:34.453Z] Comparing snapshots...
[2026-07-16T21:35:34.459Z] 🧾 JSON report: D:\alpha-tech\server\recovery\reports\verification-report_2026-07-16T21-35-34-457Z.json
[2026-07-16T21:35:34.460Z] 🧾 TXT report: D:\alpha-tech\server\recovery\reports\verification-report_2026-07-16T21-35-34-457Z.txt
[2026-07-16T21:35:34.460Z] ✅ Overall: PASS
[2026-07-17T03:35:15.834Z] ============================================================
[2026-07-17T03:35:15.845Z] 🔎 AlphaTech Integrity Verification ALPHATECH-RECOVERY-VERIFY-V1
[2026-07-17T03:35:15.845Z] ============================================================
[2026-07-17T03:35:15.845Z] Collecting Production snapshot...
[2026-07-17T03:35:27.409Z] Collecting Recovery snapshot...
[2026-07-17T03:35:39.291Z] Comparing snapshots...
[2026-07-17T03:35:39.299Z] 🧾 JSON report: D:\alpha-tech\server\recovery\reports\verification-report_2026-07-17T03-35-39-296Z.json
[2026-07-17T03:35:39.300Z] 🧾 TXT report: D:\alpha-tech\server\recovery\reports\verification-report_2026-07-17T03-35-39-296Z.txt
[2026-07-17T03:35:39.300Z] ✅ Overall: PASS
