[2026-07-06T11:45:31.763Z] ============================================================
[2026-07-06T11:45:31.767Z] 🚑 AlphaTech Restore Tool P1-HARDENED-RESTORE-V2
[2026-07-06T11:45:31.768Z] ============================================================
[2026-07-06T11:45:31.787Z] ✅ Manifest loaded.
[2026-07-06T11:45:31.787Z] ✅ SQL file: D:\alpha-tech\server\backups\alphatech_hardened_backup_v3_2026-07-06_2026-07-06T10-18-15-111Z.sql
[2026-07-06T11:45:31.788Z] ✅ SHA256 verified: bfbd615d2d72dad8187d5026df8e237f4448c353a0882f9aedd6203f1c1d895b
[2026-07-06T11:45:31.789Z] 🎯 Target DB: postgresql://postgres:***@db.engqdeyzbvnmxbnpemau.supabase.co:5432/postgres
[2026-07-06T11:45:31.789Z] 🎯 Host: db.engqdeyzbvnmxbnpemau.supabase.co
[2026-07-06T11:45:31.797Z] 🎯 Port: 5432
[2026-07-06T11:45:31.797Z] 🎯 Database: postgres
[2026-07-06T11:45:31.798Z] 🎯 Schema: public
[2026-07-06T11:45:32.185Z] 🔌 Connected to target PostgreSQL successfully.
[2026-07-06T11:45:32.267Z] 📊 Existing tables: 0
[2026-07-06T11:45:32.267Z] 📦 Existing rows: 0
[2026-07-06T11:45:32.269Z] 🔎 Product: TABLE_NOT_FOUND
[2026-07-06T11:45:32.269Z] 🔎 BranchPrice: TABLE_NOT_FOUND
[2026-07-06T11:45:32.269Z] 🔎 StockItem: TABLE_NOT_FOUND
[2026-07-06T11:45:32.270Z] 🔎 Sale: TABLE_NOT_FOUND
[2026-07-06T11:45:32.270Z] 🔎 SaleItem: TABLE_NOT_FOUND
[2026-07-06T11:45:32.271Z] 🔎 SaleItemSimple: TABLE_NOT_FOUND
[2026-07-06T11:45:32.271Z] 🔎 Payment: TABLE_NOT_FOUND
[2026-07-06T11:45:32.271Z] 🔎 PaymentItem: TABLE_NOT_FOUND
[2026-07-06T11:45:32.272Z] ⚠️ Target database is missing 70 expected tables.
[2026-07-06T11:45:41.742Z] ❌ Schema init cancelled by user.
[2026-07-06T11:58:56.897Z] ============================================================
[2026-07-06T11:58:56.900Z] 🚑 AlphaTech Restore Tool P1-HARDENED-RESTORE-V2
[2026-07-06T11:58:56.901Z] ============================================================
[2026-07-06T11:58:56.918Z] ✅ Manifest loaded.
[2026-07-06T11:58:56.919Z] ✅ SQL file: D:\alpha-tech\server\backups\alphatech_hardened_backup_v3_2026-07-06_2026-07-06T10-18-15-111Z.sql
[2026-07-06T11:58:56.919Z] ✅ SHA256 verified: bfbd615d2d72dad8187d5026df8e237f4448c353a0882f9aedd6203f1c1d895b
[2026-07-06T11:58:56.920Z] 🎯 Target DB: postgresql://postgres:***@db.engqdeyzbvnmxbnpemau.supabase.co:5432/postgres
[2026-07-06T11:58:56.920Z] 🎯 Host: db.engqdeyzbvnmxbnpemau.supabase.co
[2026-07-06T11:58:56.921Z] 🎯 Port: 5432
[2026-07-06T11:58:56.921Z] 🎯 Database: postgres
[2026-07-06T11:58:56.921Z] 🎯 Schema: public
[2026-07-06T11:58:57.304Z] 🔌 Connected to target PostgreSQL successfully.
[2026-07-06T11:58:57.388Z] 📊 Existing tables: 0
[2026-07-06T11:58:57.388Z] 📦 Existing rows: 0
[2026-07-06T11:58:57.389Z] 🔎 Product: TABLE_NOT_FOUND
[2026-07-06T11:58:57.390Z] 🔎 BranchPrice: TABLE_NOT_FOUND
[2026-07-06T11:58:57.390Z] 🔎 StockItem: TABLE_NOT_FOUND
[2026-07-06T11:58:57.391Z] 🔎 Sale: TABLE_NOT_FOUND
[2026-07-06T11:58:57.391Z] 🔎 SaleItem: TABLE_NOT_FOUND
[2026-07-06T11:58:57.392Z] 🔎 SaleItemSimple: TABLE_NOT_FOUND
[2026-07-06T11:58:57.392Z] 🔎 Payment: TABLE_NOT_FOUND
[2026-07-06T11:58:57.392Z] 🔎 PaymentItem: TABLE_NOT_FOUND
[2026-07-06T11:58:57.393Z] ⚠️ Target database is missing 70 expected tables.
[2026-07-06T12:00:47.556Z] ❌ Missing .env.recovery. Refusing to run Prisma db push without explicit Recovery env file.
[2026-07-06T12:01:05.098Z] ============================================================
[2026-07-06T12:01:05.102Z] 🚑 AlphaTech Restore Tool P1-HARDENED-RESTORE-V2
[2026-07-06T12:01:05.102Z] ============================================================
[2026-07-06T12:01:05.120Z] ✅ Manifest loaded.
[2026-07-06T12:01:05.121Z] ✅ SQL file: D:\alpha-tech\server\backups\alphatech_hardened_backup_v3_2026-07-06_2026-07-06T10-18-15-111Z.sql
[2026-07-06T12:01:05.121Z] ✅ SHA256 verified: bfbd615d2d72dad8187d5026df8e237f4448c353a0882f9aedd6203f1c1d895b
[2026-07-06T12:01:05.122Z] 🎯 Target DB: postgresql://postgres:***@db.engqdeyzbvnmxbnpemau.supabase.co:5432/postgres
[2026-07-06T12:01:05.122Z] 🎯 Host: db.engqdeyzbvnmxbnpemau.supabase.co
[2026-07-06T12:01:05.123Z] 🎯 Port: 5432
[2026-07-06T12:01:05.123Z] 🎯 Database: postgres
[2026-07-06T12:01:05.123Z] 🎯 Schema: public
[2026-07-06T12:01:05.491Z] 🔌 Connected to target PostgreSQL successfully.
[2026-07-06T12:01:05.571Z] 📊 Existing tables: 0
[2026-07-06T12:01:05.571Z] 📦 Existing rows: 0
[2026-07-06T12:01:05.572Z] 🔎 Product: TABLE_NOT_FOUND
[2026-07-06T12:01:05.573Z] 🔎 BranchPrice: TABLE_NOT_FOUND
[2026-07-06T12:01:05.573Z] 🔎 StockItem: TABLE_NOT_FOUND
[2026-07-06T12:01:05.574Z] 🔎 Sale: TABLE_NOT_FOUND
[2026-07-06T12:01:05.574Z] 🔎 SaleItem: TABLE_NOT_FOUND
[2026-07-06T12:01:05.574Z] 🔎 SaleItemSimple: TABLE_NOT_FOUND
[2026-07-06T12:01:05.575Z] 🔎 Payment: TABLE_NOT_FOUND
[2026-07-06T12:01:05.575Z] 🔎 PaymentItem: TABLE_NOT_FOUND
[2026-07-06T12:01:05.576Z] ⚠️ Target database is missing 70 expected tables.
[2026-07-06T12:01:08.396Z] ❌ Missing .env.recovery. Refusing to run Prisma db push without explicit Recovery env file.
[2026-07-06T12:04:50.336Z] ============================================================
[2026-07-06T12:04:50.339Z] 🚑 AlphaTech Restore Tool P1-HARDENED-RESTORE-V2
[2026-07-06T12:04:50.340Z] ============================================================
[2026-07-06T12:04:50.358Z] ✅ Manifest loaded.
[2026-07-06T12:04:50.359Z] ✅ SQL file: D:\alpha-tech\server\backups\alphatech_hardened_backup_v3_2026-07-06_2026-07-06T10-18-15-111Z.sql
[2026-07-06T12:04:50.359Z] ✅ SHA256 verified: bfbd615d2d72dad8187d5026df8e237f4448c353a0882f9aedd6203f1c1d895b
[2026-07-06T12:04:50.360Z] 🎯 Target DB: postgresql://postgres:***@db.engqdeyzbvnmxbnpemau.supabase.co:5432/postgres
[2026-07-06T12:04:50.361Z] 🎯 Host: db.engqdeyzbvnmxbnpemau.supabase.co
[2026-07-06T12:04:50.361Z] 🎯 Port: 5432
[2026-07-06T12:04:50.361Z] 🎯 Database: postgres
[2026-07-06T12:04:50.362Z] 🎯 Schema: public
[2026-07-06T12:04:50.745Z] 🔌 Connected to target PostgreSQL successfully.
[2026-07-06T12:04:50.825Z] 📊 Existing tables: 0
[2026-07-06T12:04:50.825Z] 📦 Existing rows: 0
[2026-07-06T12:04:50.826Z] 🔎 Product: TABLE_NOT_FOUND
[2026-07-06T12:04:50.827Z] 🔎 BranchPrice: TABLE_NOT_FOUND
[2026-07-06T12:04:50.827Z] 🔎 StockItem: TABLE_NOT_FOUND
[2026-07-06T12:04:50.828Z] 🔎 Sale: TABLE_NOT_FOUND
[2026-07-06T12:04:50.828Z] 🔎 SaleItem: TABLE_NOT_FOUND
[2026-07-06T12:04:50.828Z] 🔎 SaleItemSimple: TABLE_NOT_FOUND
[2026-07-06T12:04:50.829Z] 🔎 Payment: TABLE_NOT_FOUND
[2026-07-06T12:04:50.829Z] 🔎 PaymentItem: TABLE_NOT_FOUND
[2026-07-06T12:04:50.830Z] ⚠️ Target database is missing 70 expected tables.
[2026-07-06T12:04:55.037Z] 🧱 Running Prisma db push against Recovery DB only...
[2026-07-06T12:04:55.038Z] 🛡️ DATABASE_URL is injected from RESTORE_DATABASE_URL/RECOVERY_DATABASE_URL for this process only.
[2026-07-06T12:04:58.331Z] npx stderr: Environment variables loaded from .env
[2026-07-06T12:04:58.332Z] npx: Prisma schema loaded from prisma\schema.prisma
[2026-07-06T12:04:58.342Z] npx: Datasource "db": PostgreSQL database "postgres", schema "public" at "db.engqdeyzbvnmxbnpemau.supabase.co:5432"
[2026-07-06T12:05:14.532Z] npx: Your database is now in sync with your Prisma schema. Done in 15.64s
[2026-07-06T12:05:14.535Z] npx: Running generate... (Use --skip-generate to skip the generators)
[2026-07-06T12:05:15.474Z] npx: [2K[1A[2K[GRunning generate... - Prisma Client
[2026-07-06T12:05:16.624Z] npx: [2K[1A[2K[GEPERM: operation not permitted, rename 'D:\alpha-tech\server\node_modules\.prism
[2026-07-06T12:05:16.624Z] npx: a\client\query_engine-windows.dll.node.tmp1320' -> 'D:\alpha-tech\server\node_mo
[2026-07-06T12:05:16.625Z] npx: dules\.prisma\client\query_engine-windows.dll.node'
[2026-07-06T12:05:16.679Z] ✅ Prisma db push completed for Recovery DB.
[2026-07-06T12:05:19.827Z] 📊 Existing tables: 70
[2026-07-06T12:05:19.828Z] 📦 Existing rows: 0
[2026-07-06T12:05:19.829Z] 🔎 Product: 0
[2026-07-06T12:05:19.829Z] 🔎 BranchPrice: 0
[2026-07-06T12:05:19.830Z] 🔎 StockItem: 0
[2026-07-06T12:05:19.830Z] 🔎 Sale: 0
[2026-07-06T12:05:19.831Z] 🔎 SaleItem: 0
[2026-07-06T12:05:19.831Z] 🔎 SaleItemSimple: 0
[2026-07-06T12:05:19.831Z] 🔎 Payment: 0
[2026-07-06T12:05:19.832Z] 🔎 PaymentItem: 0
[2026-07-06T12:05:52.364Z] 🚚 Starting SQL restore via psql...
[2026-07-06T12:05:52.374Z] psql stderr: 'psql' is not recognized as an internal or external command,
[2026-07-06T12:05:52.374Z] psql stderr: operable program or batch file.
[2026-07-06T12:05:52.377Z] ❌ Restore failed: psql exited with code 1
[2026-07-06T12:19:14.276Z] ============================================================
[2026-07-06T12:19:14.279Z] 🚑 AlphaTech Restore Tool P1-HARDENED-RESTORE-V3-NODE-PG
[2026-07-06T12:19:14.280Z] ============================================================
[2026-07-06T12:19:14.297Z] ✅ Manifest loaded.
[2026-07-06T12:19:14.298Z] ✅ SQL file: D:\alpha-tech\server\backups\alphatech_hardened_backup_v3_2026-07-06_2026-07-06T10-18-15-111Z.sql
[2026-07-06T12:19:14.298Z] ✅ SHA256 verified: bfbd615d2d72dad8187d5026df8e237f4448c353a0882f9aedd6203f1c1d895b
[2026-07-06T12:19:14.299Z] 🎯 Target DB: postgresql://postgres:***@db.engqdeyzbvnmxbnpemau.supabase.co:5432/postgres
[2026-07-06T12:19:14.300Z] 🎯 Host: db.engqdeyzbvnmxbnpemau.supabase.co
[2026-07-06T12:19:14.300Z] 🎯 Port: 5432
[2026-07-06T12:19:14.301Z] 🎯 Database: postgres
[2026-07-06T12:19:14.301Z] 🎯 Schema: public
[2026-07-06T12:19:14.680Z] 🔌 Connected to target PostgreSQL successfully.
[2026-07-06T12:19:17.710Z] 📊 Existing tables: 70
[2026-07-06T12:19:17.711Z] 📦 Existing rows: 0
[2026-07-06T12:19:17.712Z] 🔎 Product: 0
[2026-07-06T12:19:17.712Z] 🔎 BranchPrice: 0
[2026-07-06T12:19:17.713Z] 🔎 StockItem: 0
[2026-07-06T12:19:17.713Z] 🔎 Sale: 0
[2026-07-06T12:19:17.714Z] 🔎 SaleItem: 0
[2026-07-06T12:19:17.714Z] 🔎 SaleItemSimple: 0
[2026-07-06T12:19:17.714Z] 🔎 Payment: 0
[2026-07-06T12:19:17.715Z] 🔎 PaymentItem: 0
[2026-07-06T12:19:21.645Z] 📖 SQL loaded into memory (4.20 MB).
[2026-07-06T12:19:21.646Z] 🚚 Starting SQL restore via Node.js pg client...
[2026-07-06T12:19:23.078Z] ❌ Restore failed: column "guideExamples" is of type text[] but expression is of type jsonb
[2026-07-06T12:32:34.501Z] ============================================================
[2026-07-06T12:32:34.506Z] 🚑 AlphaTech Restore Tool P1-HARDENED-RESTORE-V3-NODE-PG
[2026-07-06T12:32:34.506Z] ============================================================
[2026-07-06T12:32:34.528Z] ✅ Manifest loaded.
[2026-07-06T12:32:34.529Z] ✅ SQL file: D:\alpha-tech\server\backups\alphatech_hardened_backup_v4_2026-07-06_2026-07-06T12-32-06-598Z.sql
[2026-07-06T12:32:34.530Z] ✅ SHA256 verified: 2dc3124a0c8ae4dda7f3a67ba0c28b34483a31c382debcca0c57096d1e6ed9b5
[2026-07-06T12:32:34.530Z] 🎯 Target DB: postgresql://postgres:***@db.engqdeyzbvnmxbnpemau.supabase.co:5432/postgres
[2026-07-06T12:32:34.531Z] 🎯 Host: db.engqdeyzbvnmxbnpemau.supabase.co
[2026-07-06T12:32:34.531Z] 🎯 Port: 5432
[2026-07-06T12:32:34.532Z] 🎯 Database: postgres
[2026-07-06T12:32:34.532Z] 🎯 Schema: public
[2026-07-06T12:32:34.912Z] 🔌 Connected to target PostgreSQL successfully.
[2026-07-06T12:32:37.633Z] 📊 Existing tables: 70
[2026-07-06T12:32:37.634Z] 📦 Existing rows: 0
[2026-07-06T12:32:37.634Z] 🔎 Product: 0
[2026-07-06T12:32:37.635Z] 🔎 BranchPrice: 0
[2026-07-06T12:32:37.635Z] 🔎 StockItem: 0
[2026-07-06T12:32:37.636Z] 🔎 Sale: 0
[2026-07-06T12:32:37.636Z] 🔎 SaleItem: 0
[2026-07-06T12:32:37.636Z] 🔎 SaleItemSimple: 0
[2026-07-06T12:32:37.637Z] 🔎 Payment: 0
[2026-07-06T12:32:37.637Z] 🔎 PaymentItem: 0
[2026-07-06T12:32:42.321Z] 📖 SQL loaded into memory (4.22 MB).
[2026-07-06T12:32:42.322Z] 🚚 Starting SQL restore via Node.js pg client...
[2026-07-06T12:32:44.472Z] ❌ Restore failed: insert or update on table "Product" violates foreign key constraint "Product_templateProductId_fkey"
[2026-07-06T12:52:48.182Z] ============================================================
[2026-07-06T12:52:48.185Z] 🚑 AlphaTech Restore Tool P1-HARDENED-RESTORE-V3-NODE-PG
[2026-07-06T12:52:48.186Z] ============================================================
[2026-07-06T12:52:48.206Z] ✅ Manifest loaded.
[2026-07-06T12:52:48.206Z] ✅ SQL file: D:\alpha-tech\server\backups\alphatech_hardened_backup_v5_2026-07-06_2026-07-06T12-52-23-679Z.sql
[2026-07-06T12:52:48.206Z] ✅ SHA256 verified: f27fcb124480dafd6893ef937e245421578af21f148289d43392d9c9f4244f50
[2026-07-06T12:52:48.207Z] 🎯 Target DB: postgresql://postgres:***@db.engqdeyzbvnmxbnpemau.supabase.co:5432/postgres
[2026-07-06T12:52:48.208Z] 🎯 Host: db.engqdeyzbvnmxbnpemau.supabase.co
[2026-07-06T12:52:48.208Z] 🎯 Port: 5432
[2026-07-06T12:52:48.208Z] 🎯 Database: postgres
[2026-07-06T12:52:48.209Z] 🎯 Schema: public
[2026-07-06T12:52:48.598Z] 🔌 Connected to target PostgreSQL successfully.
[2026-07-06T12:52:51.546Z] 📊 Existing tables: 70
[2026-07-06T12:52:51.547Z] 📦 Existing rows: 0
[2026-07-06T12:52:51.548Z] 🔎 Product: 0
[2026-07-06T12:52:51.548Z] 🔎 BranchPrice: 0
[2026-07-06T12:52:51.549Z] 🔎 StockItem: 0
[2026-07-06T12:52:51.549Z] 🔎 Sale: 0
[2026-07-06T12:52:51.550Z] 🔎 SaleItem: 0
[2026-07-06T12:52:51.550Z] 🔎 SaleItemSimple: 0
[2026-07-06T12:52:51.550Z] 🔎 Payment: 0
[2026-07-06T12:52:51.551Z] 🔎 PaymentItem: 0
[2026-07-06T12:52:55.479Z] 📖 SQL loaded into memory (4.23 MB).
[2026-07-06T12:52:55.480Z] 🚚 Starting SQL restore via Node.js pg client...
[2026-07-06T12:52:57.235Z] ❌ Restore failed: insert or update on table "RefreshToken" violates foreign key constraint "RefreshToken_replacedByTokenId_fkey"
[2026-07-06T13:10:45.775Z] ============================================================
[2026-07-06T13:10:45.778Z] 🚑 AlphaTech Restore Tool P1-HARDENED-RESTORE-V3-NODE-PG
[2026-07-06T13:10:45.779Z] ============================================================
[2026-07-06T13:10:45.799Z] ✅ Manifest loaded.
[2026-07-06T13:10:45.799Z] ✅ SQL file: D:\alpha-tech\server\backups\alphatech_hardened_backup_v6_2026-07-06_2026-07-06T13-10-19-159Z.sql
[2026-07-06T13:10:45.800Z] ✅ SHA256 verified: 32e12d09fff330e5d139774bada7667250ea70f6d1cd2f2a944d9245ed750cb3
[2026-07-06T13:10:45.801Z] 🎯 Target DB: postgresql://postgres:***@db.engqdeyzbvnmxbnpemau.supabase.co:5432/postgres
[2026-07-06T13:10:45.801Z] 🎯 Host: db.engqdeyzbvnmxbnpemau.supabase.co
[2026-07-06T13:10:45.801Z] 🎯 Port: 5432
[2026-07-06T13:10:45.802Z] 🎯 Database: postgres
[2026-07-06T13:10:45.802Z] 🎯 Schema: public
[2026-07-06T13:10:46.174Z] 🔌 Connected to target PostgreSQL successfully.
[2026-07-06T13:10:48.906Z] 📊 Existing tables: 70
[2026-07-06T13:10:48.906Z] 📦 Existing rows: 0
[2026-07-06T13:10:48.907Z] 🔎 Product: 0
[2026-07-06T13:10:48.908Z] 🔎 BranchPrice: 0
[2026-07-06T13:10:48.908Z] 🔎 StockItem: 0
[2026-07-06T13:10:48.909Z] 🔎 Sale: 0
[2026-07-06T13:10:48.909Z] 🔎 SaleItem: 0
[2026-07-06T13:10:48.909Z] 🔎 SaleItemSimple: 0
[2026-07-06T13:10:48.910Z] 🔎 Payment: 0
[2026-07-06T13:10:48.910Z] 🔎 PaymentItem: 0
[2026-07-06T13:10:52.377Z] 📖 SQL loaded into memory (4.39 MB).
[2026-07-06T13:10:52.377Z] 🚚 Starting SQL restore via Node.js pg client...
[2026-07-06T13:10:54.445Z] ✅ SQL restore completed via Node.js pg client.
[2026-07-06T13:10:57.067Z] ✅ Restore verification PASS (70 tables checked).
[2026-07-06T13:10:57.068Z] 🎉 Restore completed successfully in 11.29 seconds.
[2026-07-07T07:40:03.901Z] ============================================================
[2026-07-07T07:40:03.906Z] 🚑 AlphaTech Restore Tool P1-HARDENED-RESTORE-V3-NODE-PG
[2026-07-07T07:40:03.907Z] ============================================================
[2026-07-07T07:40:03.931Z] ✅ Manifest loaded.
[2026-07-07T07:40:03.931Z] ✅ SQL file: D:\alpha-tech\server\backups\alphatech_hardened_backup_v6_2026-07-07_2026-07-07T07-39-53-819Z.sql
[2026-07-07T07:40:03.932Z] ✅ SHA256 verified: 46f569eb153337e189db193a345abeb19ab5fe359e6ded4a96613c0cabe33673
[2026-07-07T07:40:03.934Z] 🎯 Target DB: postgresql://postgres:***@db.engqdeyzbvnmxbnpemau.supabase.co:5432/postgres
[2026-07-07T07:40:03.935Z] 🎯 Host: db.engqdeyzbvnmxbnpemau.supabase.co
[2026-07-07T07:40:03.936Z] 🎯 Port: 5432
[2026-07-07T07:40:03.938Z] 🎯 Database: postgres
[2026-07-07T07:40:03.938Z] 🎯 Schema: public
[2026-07-07T07:40:04.331Z] 🔌 Connected to target PostgreSQL successfully.
[2026-07-07T07:40:07.848Z] 📊 Existing tables: 70
[2026-07-07T07:40:07.849Z] 📦 Existing rows: 15071
[2026-07-07T07:40:07.849Z] 🔎 Product: 917
[2026-07-07T07:40:07.850Z] 🔎 BranchPrice: 915
[2026-07-07T07:40:07.851Z] 🔎 StockItem: 461
[2026-07-07T07:40:07.851Z] 🔎 Sale: 1
[2026-07-07T07:40:07.851Z] 🔎 SaleItem: 1
[2026-07-07T07:40:07.851Z] 🔎 SaleItemSimple: 0
[2026-07-07T07:40:07.852Z] 🔎 Payment: 1
[2026-07-07T07:40:07.852Z] 🔎 PaymentItem: 1
[2026-07-07T07:40:08.128Z] 🧨 Resetting target schema "public" before restore...
[2026-07-07T07:40:08.128Z] 🛡️ This action is intended for Recovery / Standby DB only.
[2026-07-07T07:40:08.753Z] ✅ Schema "public" reset completed.
[2026-07-07T07:40:08.790Z] 🧱 Running Prisma db push against Recovery DB only...
[2026-07-07T07:40:08.791Z] 🛡️ DATABASE_URL is injected from RESTORE_DATABASE_URL/RECOVERY_DATABASE_URL for this process only.
[2026-07-07T07:40:11.563Z] npx stderr: Environment variables loaded from .env
[2026-07-07T07:40:11.565Z] npx: Prisma schema loaded from prisma\schema.prisma
[2026-07-07T07:40:11.576Z] npx: Datasource "db": PostgreSQL database "postgres", schema "public" at "db.engqdeyzbvnmxbnpemau.supabase.co:5432"
[2026-07-07T07:40:27.877Z] npx: Your database is now in sync with your Prisma schema. Done in 15.78s
[2026-07-07T07:40:27.880Z] npx: Running generate... (Use --skip-generate to skip the generators)
[2026-07-07T07:40:28.783Z] npx: [2K[1A[2K[GRunning generate... - Prisma Client
[2026-07-07T07:40:29.901Z] npx: [2K[1A[2K[GEPERM: operation not permitted, rename 'D:\alpha-tech\server\node_modules\.prism
[2026-07-07T07:40:29.902Z] npx: a\client\query_engine-windows.dll.node.tmp13692' -> 'D:\alpha-tech\server\node_m
[2026-07-07T07:40:29.902Z] npx: odules\.prisma\client\query_engine-windows.dll.node'
[2026-07-07T07:40:29.958Z] ✅ Prisma db push completed for Recovery DB.
[2026-07-07T07:40:33.175Z] 📊 Existing tables: 70
[2026-07-07T07:40:33.175Z] 📦 Existing rows: 0
[2026-07-07T07:40:33.176Z] 🔎 Product: 0
[2026-07-07T07:40:33.177Z] 🔎 BranchPrice: 0
[2026-07-07T07:40:33.177Z] 🔎 StockItem: 0
[2026-07-07T07:40:33.177Z] 🔎 Sale: 0
[2026-07-07T07:40:33.178Z] 🔎 SaleItem: 0
[2026-07-07T07:40:33.178Z] 🔎 SaleItemSimple: 0
[2026-07-07T07:40:33.178Z] 🔎 Payment: 0
[2026-07-07T07:40:33.179Z] 🔎 PaymentItem: 0
[2026-07-07T07:40:33.228Z] 📖 SQL loaded into memory (4.46 MB).
[2026-07-07T07:40:33.229Z] 🚚 Starting SQL restore via Node.js pg client...
[2026-07-07T07:40:35.506Z] ✅ SQL restore completed via Node.js pg client.
[2026-07-07T07:40:38.197Z] ✅ Restore verification PASS (70 tables checked).
[2026-07-07T07:40:38.197Z] 🎉 Restore completed successfully in 34.30 seconds.
[2026-07-07T09:34:36.526Z] ============================================================
[2026-07-07T09:34:36.530Z] 🚑 AlphaTech Restore Tool P1-HARDENED-RESTORE-V3-NODE-PG
[2026-07-07T09:34:36.530Z] ============================================================
[2026-07-07T09:34:36.556Z] ✅ Manifest loaded.
[2026-07-07T09:34:36.557Z] ✅ SQL file: D:\alpha-tech\server\backups\alphatech_hardened_backup_v6_2026-07-07_2026-07-07T09-34-27-641Z.sql
[2026-07-07T09:34:36.558Z] ✅ SHA256 verified: 4a6a8df8e03a187319858d6e65b23119a14a4a2c70ae7ac0502294247610d274
[2026-07-07T09:34:36.560Z] 🎯 Target DB: postgresql://postgres:***@db.engqdeyzbvnmxbnpemau.supabase.co:5432/postgres
[2026-07-07T09:34:36.561Z] 🎯 Host: db.engqdeyzbvnmxbnpemau.supabase.co
[2026-07-07T09:34:36.562Z] 🎯 Port: 5432
[2026-07-07T09:34:36.563Z] 🎯 Database: postgres
[2026-07-07T09:34:36.564Z] 🎯 Schema: public
[2026-07-07T09:34:36.929Z] 🔌 Connected to target PostgreSQL successfully.
[2026-07-07T09:34:40.208Z] 📊 Existing tables: 70
[2026-07-07T09:34:40.209Z] 📦 Existing rows: 15216
[2026-07-07T09:34:40.209Z] 🔎 Product: 927
[2026-07-07T09:34:40.210Z] 🔎 BranchPrice: 925
[2026-07-07T09:34:40.211Z] 🔎 StockItem: 528
[2026-07-07T09:34:40.212Z] 🔎 Sale: 1
[2026-07-07T09:34:40.212Z] 🔎 SaleItem: 1
[2026-07-07T09:34:40.212Z] 🔎 SaleItemSimple: 0
[2026-07-07T09:34:40.213Z] 🔎 Payment: 1
[2026-07-07T09:34:40.214Z] 🔎 PaymentItem: 1
[2026-07-07T09:34:40.461Z] 🧨 Resetting target schema "public" before restore...
[2026-07-07T09:34:40.461Z] 🛡️ This action is intended for Recovery / Standby DB only.
[2026-07-07T09:34:41.037Z] ✅ Schema "public" reset completed.
[2026-07-07T09:34:41.071Z] 🧱 Running Prisma db push against Recovery DB only...
[2026-07-07T09:34:41.071Z] 🛡️ DATABASE_URL is injected from RESTORE_DATABASE_URL/RECOVERY_DATABASE_URL for this process only.
[2026-07-07T09:34:44.919Z] npx stderr: Environment variables loaded from .env
[2026-07-07T09:34:44.921Z] npx: Prisma schema loaded from prisma\schema.prisma
[2026-07-07T09:34:44.932Z] npx: Datasource "db": PostgreSQL database "postgres", schema "public" at "db.engqdeyzbvnmxbnpemau.supabase.co:5432"
[2026-07-07T09:35:01.312Z] npx: Your database is now in sync with your Prisma schema. Done in 15.80s
[2026-07-07T09:35:01.315Z] npx: Running generate... (Use --skip-generate to skip the generators)
[2026-07-07T09:35:02.246Z] npx: [2K[1A[2K[GRunning generate... - Prisma Client
[2026-07-07T09:35:03.458Z] npx: [2K[1A[2K[GEPERM: operation not permitted, rename 'D:\alpha-tech\server\node_modules\.prism
[2026-07-07T09:35:03.459Z] npx: a\client\query_engine-windows.dll.node.tmp4232' -> 'D:\alpha-tech\server\node_mo
[2026-07-07T09:35:03.459Z] npx: dules\.prisma\client\query_engine-windows.dll.node'
[2026-07-07T09:35:03.516Z] ✅ Prisma db push completed for Recovery DB.
[2026-07-07T09:35:06.566Z] 📊 Existing tables: 70
[2026-07-07T09:35:06.566Z] 📦 Existing rows: 0
[2026-07-07T09:35:06.567Z] 🔎 Product: 0
[2026-07-07T09:35:06.568Z] 🔎 BranchPrice: 0
[2026-07-07T09:35:06.568Z] 🔎 StockItem: 0
[2026-07-07T09:35:06.568Z] 🔎 Sale: 0
[2026-07-07T09:35:06.569Z] 🔎 SaleItem: 0
[2026-07-07T09:35:06.570Z] 🔎 SaleItemSimple: 0
[2026-07-07T09:35:06.570Z] 🔎 Payment: 0
[2026-07-07T09:35:06.570Z] 🔎 PaymentItem: 0
[2026-07-07T09:35:06.618Z] 📖 SQL loaded into memory (4.48 MB).
[2026-07-07T09:35:06.619Z] 🚚 Starting SQL restore via Node.js pg client...
[2026-07-07T09:35:08.960Z] ✅ SQL restore completed via Node.js pg client.
[2026-07-07T09:35:11.904Z] ✅ Restore verification PASS (70 tables checked).
[2026-07-07T09:35:11.904Z] 🎉 Restore completed successfully in 35.38 seconds.
[2026-07-07T13:40:01.854Z] ============================================================
[2026-07-07T13:40:01.857Z] 🚑 AlphaTech Restore Tool P1-HARDENED-RESTORE-V3-NODE-PG
[2026-07-07T13:40:01.857Z] ============================================================
[2026-07-07T13:40:01.879Z] ✅ Manifest loaded.
[2026-07-07T13:40:01.879Z] ✅ SQL file: D:\alpha-tech\server\backups\alphatech_hardened_backup_v6_2026-07-07_2026-07-07T13-39-53-519Z.sql
[2026-07-07T13:40:01.880Z] ✅ SHA256 verified: 5af88cea3b64f93999c82a65bbc60592f7c3a277bc5ae26247fada8203d9b83e
[2026-07-07T13:40:01.881Z] 🎯 Target DB: postgresql://postgres:***@db.engqdeyzbvnmxbnpemau.supabase.co:5432/postgres
[2026-07-07T13:40:01.882Z] 🎯 Host: db.engqdeyzbvnmxbnpemau.supabase.co
[2026-07-07T13:40:01.883Z] 🎯 Port: 5432
[2026-07-07T13:40:01.884Z] 🎯 Database: postgres
[2026-07-07T13:40:01.884Z] 🎯 Schema: public
[2026-07-07T13:40:02.263Z] 🔌 Connected to target PostgreSQL successfully.
[2026-07-07T13:40:05.601Z] 📊 Existing tables: 70
[2026-07-07T13:40:05.602Z] 📦 Existing rows: 15250
[2026-07-07T13:40:05.603Z] 🔎 Product: 927
[2026-07-07T13:40:05.603Z] 🔎 BranchPrice: 925
[2026-07-07T13:40:05.603Z] 🔎 StockItem: 528
[2026-07-07T13:40:05.604Z] 🔎 Sale: 1
[2026-07-07T13:40:05.604Z] 🔎 SaleItem: 1
[2026-07-07T13:40:05.604Z] 🔎 SaleItemSimple: 0
[2026-07-07T13:40:05.605Z] 🔎 Payment: 1
[2026-07-07T13:40:05.606Z] 🔎 PaymentItem: 1
[2026-07-07T13:40:05.864Z] 🧨 Resetting target schema "public" before restore...
[2026-07-07T13:40:05.864Z] 🛡️ This action is intended for Recovery / Standby DB only.
[2026-07-07T13:40:06.413Z] ✅ Schema "public" reset completed.
[2026-07-07T13:40:06.449Z] 🧱 Running Prisma db push against Recovery DB only...
[2026-07-07T13:40:06.449Z] 🛡️ DATABASE_URL is injected from RESTORE_DATABASE_URL/RECOVERY_DATABASE_URL for this process only.
[2026-07-07T13:40:09.482Z] npx stderr: Environment variables loaded from .env
[2026-07-07T13:40:09.484Z] npx: Prisma schema loaded from prisma\schema.prisma
[2026-07-07T13:40:09.498Z] npx: Datasource "db": PostgreSQL database "postgres", schema "public" at "db.engqdeyzbvnmxbnpemau.supabase.co:5432"
[2026-07-07T13:40:25.641Z] npx: Your database is now in sync with your Prisma schema. Done in 15.56s
[2026-07-07T13:40:25.643Z] npx: Running generate... (Use --skip-generate to skip the generators)
[2026-07-07T13:40:26.586Z] npx: [2K[1A[2K[GRunning generate... - Prisma Client
[2026-07-07T13:40:27.820Z] npx: [2K[1A[2K[G✔ Generated Prisma Client (v6.16.2) to .\node_modules\.prisma\client in 1.22s
[2026-07-07T13:40:27.877Z] ✅ Prisma db push completed for Recovery DB.
[2026-07-07T13:40:31.036Z] 📊 Existing tables: 70
[2026-07-07T13:40:31.036Z] 📦 Existing rows: 0
[2026-07-07T13:40:31.037Z] 🔎 Product: 0
[2026-07-07T13:40:31.037Z] 🔎 BranchPrice: 0
[2026-07-07T13:40:31.037Z] 🔎 StockItem: 0
[2026-07-07T13:40:31.037Z] 🔎 Sale: 0
[2026-07-07T13:40:31.037Z] 🔎 SaleItem: 0
[2026-07-07T13:40:31.038Z] 🔎 SaleItemSimple: 0
[2026-07-07T13:40:31.038Z] 🔎 Payment: 0
[2026-07-07T13:40:31.038Z] 🔎 PaymentItem: 0
[2026-07-07T13:40:31.087Z] 📖 SQL loaded into memory (4.51 MB).
[2026-07-07T13:40:31.088Z] 🚚 Starting SQL restore via Node.js pg client...
[2026-07-07T13:40:33.400Z] ✅ SQL restore completed via Node.js pg client.
[2026-07-07T13:40:36.161Z] ✅ Restore verification PASS (70 tables checked).
[2026-07-07T13:40:36.161Z] 🎉 Restore completed successfully in 34.31 seconds.
[2026-07-07T15:34:35.938Z] ============================================================
[2026-07-07T15:34:35.941Z] 🚑 AlphaTech Restore Tool P1-HARDENED-RESTORE-V3-NODE-PG
[2026-07-07T15:34:35.941Z] ============================================================
[2026-07-07T15:34:35.964Z] ✅ Manifest loaded.
[2026-07-07T15:34:35.964Z] ✅ SQL file: D:\alpha-tech\server\backups\alphatech_hardened_backup_v6_2026-07-07_2026-07-07T15-34-27-803Z.sql
[2026-07-07T15:34:35.965Z] ✅ SHA256 verified: d897878b3a283aac52340b670cf1b87798c7f5e00468c629b20a9f7926c34e08
[2026-07-07T15:34:35.966Z] 🎯 Target DB: postgresql://postgres:***@db.engqdeyzbvnmxbnpemau.supabase.co:5432/postgres
[2026-07-07T15:34:35.967Z] 🎯 Host: db.engqdeyzbvnmxbnpemau.supabase.co
[2026-07-07T15:34:35.967Z] 🎯 Port: 5432
[2026-07-07T15:34:35.968Z] 🎯 Database: postgres
[2026-07-07T15:34:35.968Z] 🎯 Schema: public
[2026-07-07T15:34:36.342Z] 🔌 Connected to target PostgreSQL successfully.
[2026-07-07T15:34:39.521Z] 📊 Existing tables: 70
[2026-07-07T15:34:39.521Z] 📦 Existing rows: 15333
[2026-07-07T15:34:39.521Z] 🔎 Product: 927
[2026-07-07T15:34:39.522Z] 🔎 BranchPrice: 925
[2026-07-07T15:34:39.522Z] 🔎 StockItem: 528
[2026-07-07T15:34:39.522Z] 🔎 Sale: 1
[2026-07-07T15:34:39.522Z] 🔎 SaleItem: 1
[2026-07-07T15:34:39.522Z] 🔎 SaleItemSimple: 0
[2026-07-07T15:34:39.523Z] 🔎 Payment: 1
[2026-07-07T15:34:39.523Z] 🔎 PaymentItem: 1
[2026-07-07T15:34:39.786Z] 🧨 Resetting target schema "public" before restore...
[2026-07-07T15:34:39.787Z] 🛡️ This action is intended for Recovery / Standby DB only.
[2026-07-07T15:34:40.317Z] ✅ Schema "public" reset completed.
[2026-07-07T15:34:40.353Z] 🧱 Running Prisma db push against Recovery DB only...
[2026-07-07T15:34:40.354Z] 🛡️ DATABASE_URL is injected from RESTORE_DATABASE_URL/RECOVERY_DATABASE_URL for this process only.
[2026-07-07T15:34:43.548Z] npx stderr: Environment variables loaded from .env
[2026-07-07T15:34:43.550Z] npx: Prisma schema loaded from prisma\schema.prisma
[2026-07-07T15:34:43.562Z] npx: Datasource "db": PostgreSQL database "postgres", schema "public" at "db.engqdeyzbvnmxbnpemau.supabase.co:5432"
[2026-07-07T15:34:59.364Z] npx: Your database is now in sync with your Prisma schema. Done in 15.22s
[2026-07-07T15:34:59.367Z] npx: Running generate... (Use --skip-generate to skip the generators)
[2026-07-07T15:35:00.357Z] npx: [2K[1A[2K[GRunning generate... - Prisma Client
[2026-07-07T15:35:01.543Z] npx: [2K[1A[2K[G✔ Generated Prisma Client (v6.16.2) to .\node_modules\.prisma\client in 1.18s
[2026-07-07T15:35:01.599Z] ✅ Prisma db push completed for Recovery DB.
[2026-07-07T15:35:04.698Z] 📊 Existing tables: 70
[2026-07-07T15:35:04.699Z] 📦 Existing rows: 0
[2026-07-07T15:35:04.699Z] 🔎 Product: 0
[2026-07-07T15:35:04.699Z] 🔎 BranchPrice: 0
[2026-07-07T15:35:04.699Z] 🔎 StockItem: 0
[2026-07-07T15:35:04.699Z] 🔎 Sale: 0
[2026-07-07T15:35:04.699Z] 🔎 SaleItem: 0
[2026-07-07T15:35:04.700Z] 🔎 SaleItemSimple: 0
[2026-07-07T15:35:04.700Z] 🔎 Payment: 0
[2026-07-07T15:35:04.700Z] 🔎 PaymentItem: 0
[2026-07-07T15:35:04.747Z] 📖 SQL loaded into memory (4.52 MB).
[2026-07-07T15:35:04.747Z] 🚚 Starting SQL restore via Node.js pg client...
[2026-07-07T15:35:07.286Z] ✅ SQL restore completed via Node.js pg client.
[2026-07-07T15:35:10.132Z] ✅ Restore verification PASS (70 tables checked).
[2026-07-07T15:35:10.132Z] 🎉 Restore completed successfully in 34.19 seconds.
[2026-07-07T19:40:02.241Z] ============================================================
[2026-07-07T19:40:02.258Z] 🚑 AlphaTech Restore Tool P1-HARDENED-RESTORE-V3-NODE-PG
[2026-07-07T19:40:02.259Z] ============================================================
[2026-07-07T19:40:02.283Z] ✅ Manifest loaded.
[2026-07-07T19:40:02.283Z] ✅ SQL file: D:\alpha-tech\server\backups\alphatech_hardened_backup_v6_2026-07-07_2026-07-07T19-39-53-481Z.sql
[2026-07-07T19:40:02.284Z] ✅ SHA256 verified: e68ec3d0f4f697986d25911bdfbf7a6ddeb3bdacb9c3545a886ac9c7abb7b4f8
[2026-07-07T19:40:02.286Z] 🎯 Target DB: postgresql://postgres:***@db.engqdeyzbvnmxbnpemau.supabase.co:5432/postgres
[2026-07-07T19:40:02.286Z] 🎯 Host: db.engqdeyzbvnmxbnpemau.supabase.co
[2026-07-07T19:40:02.288Z] 🎯 Port: 5432
[2026-07-07T19:40:02.288Z] 🎯 Database: postgres
[2026-07-07T19:40:02.289Z] 🎯 Schema: public
[2026-07-07T19:40:02.659Z] 🔌 Connected to target PostgreSQL successfully.
[2026-07-07T19:40:05.836Z] 📊 Existing tables: 70
[2026-07-07T19:40:05.837Z] 📦 Existing rows: 15356
[2026-07-07T19:40:05.837Z] 🔎 Product: 927
[2026-07-07T19:40:05.837Z] 🔎 BranchPrice: 925
[2026-07-07T19:40:05.838Z] 🔎 StockItem: 528
[2026-07-07T19:40:05.838Z] 🔎 Sale: 1
[2026-07-07T19:40:05.838Z] 🔎 SaleItem: 1
[2026-07-07T19:40:05.838Z] 🔎 SaleItemSimple: 0
[2026-07-07T19:40:05.838Z] 🔎 Payment: 1
[2026-07-07T19:40:05.839Z] 🔎 PaymentItem: 1
[2026-07-07T19:40:06.095Z] 🧨 Resetting target schema "public" before restore...
[2026-07-07T19:40:06.095Z] 🛡️ This action is intended for Recovery / Standby DB only.
[2026-07-07T19:40:06.590Z] ✅ Schema "public" reset completed.
[2026-07-07T19:40:06.626Z] 🧱 Running Prisma db push against Recovery DB only...
[2026-07-07T19:40:06.626Z] 🛡️ DATABASE_URL is injected from RESTORE_DATABASE_URL/RECOVERY_DATABASE_URL for this process only.
[2026-07-07T19:40:10.517Z] npx stderr: Environment variables loaded from .env
[2026-07-07T19:40:10.519Z] npx: Prisma schema loaded from prisma\schema.prisma
[2026-07-07T19:40:10.529Z] npx: Datasource "db": PostgreSQL database "postgres", schema "public" at "db.engqdeyzbvnmxbnpemau.supabase.co:5432"
[2026-07-07T19:40:26.168Z] npx: Your database is now in sync with your Prisma schema. Done in 15.06s
[2026-07-07T19:40:26.170Z] npx: Running generate... (Use --skip-generate to skip the generators)
[2026-07-07T19:40:27.066Z] npx: [2K[1A[2K[GRunning generate... - Prisma Client
[2026-07-07T19:40:28.260Z] npx: [2K[1A[2K[G✔ Generated Prisma Client (v6.16.2) to .\node_modules\.prisma\client in 1.19s
[2026-07-07T19:40:28.316Z] ✅ Prisma db push completed for Recovery DB.
[2026-07-07T19:40:31.508Z] 📊 Existing tables: 70
[2026-07-07T19:40:31.508Z] 📦 Existing rows: 0
[2026-07-07T19:40:31.508Z] 🔎 Product: 0
[2026-07-07T19:40:31.508Z] 🔎 BranchPrice: 0
[2026-07-07T19:40:31.508Z] 🔎 StockItem: 0
[2026-07-07T19:40:31.509Z] 🔎 Sale: 0
[2026-07-07T19:40:31.509Z] 🔎 SaleItem: 0
[2026-07-07T19:40:31.509Z] 🔎 SaleItemSimple: 0
[2026-07-07T19:40:31.509Z] 🔎 Payment: 0
[2026-07-07T19:40:31.509Z] 🔎 PaymentItem: 0
[2026-07-07T19:40:31.558Z] 📖 SQL loaded into memory (4.52 MB).
[2026-07-07T19:40:31.559Z] 🚚 Starting SQL restore via Node.js pg client...
[2026-07-07T19:40:33.950Z] ✅ SQL restore completed via Node.js pg client.
[2026-07-07T19:40:36.908Z] ✅ Restore verification PASS (70 tables checked).
[2026-07-07T19:40:36.908Z] 🎉 Restore completed successfully in 34.67 seconds.
[2026-07-07T21:34:36.271Z] ============================================================
[2026-07-07T21:34:36.274Z] 🚑 AlphaTech Restore Tool P1-HARDENED-RESTORE-V3-NODE-PG
[2026-07-07T21:34:36.275Z] ============================================================
[2026-07-07T21:34:36.296Z] ✅ Manifest loaded.
[2026-07-07T21:34:36.296Z] ✅ SQL file: D:\alpha-tech\server\backups\alphatech_hardened_backup_v6_2026-07-07_2026-07-07T21-34-27-492Z.sql
[2026-07-07T21:34:36.297Z] ✅ SHA256 verified: 8ed973737bde980d55f804d663d28bbcff757deb20cec729740613b84345e6b0
[2026-07-07T21:34:36.298Z] 🎯 Target DB: postgresql://postgres:***@db.engqdeyzbvnmxbnpemau.supabase.co:5432/postgres
[2026-07-07T21:34:36.298Z] 🎯 Host: db.engqdeyzbvnmxbnpemau.supabase.co
[2026-07-07T21:34:36.298Z] 🎯 Port: 5432
[2026-07-07T21:34:36.298Z] 🎯 Database: postgres
[2026-07-07T21:34:36.299Z] 🎯 Schema: public
[2026-07-07T21:34:36.649Z] 🔌 Connected to target PostgreSQL successfully.
[2026-07-07T21:34:39.821Z] 📊 Existing tables: 70
[2026-07-07T21:34:39.821Z] 📦 Existing rows: 15356
[2026-07-07T21:34:39.822Z] 🔎 Product: 927
[2026-07-07T21:34:39.822Z] 🔎 BranchPrice: 925
[2026-07-07T21:34:39.822Z] 🔎 StockItem: 528
[2026-07-07T21:34:39.822Z] 🔎 Sale: 1
[2026-07-07T21:34:39.822Z] 🔎 SaleItem: 1
[2026-07-07T21:34:39.823Z] 🔎 SaleItemSimple: 0
[2026-07-07T21:34:39.823Z] 🔎 Payment: 1
[2026-07-07T21:34:39.824Z] 🔎 PaymentItem: 1
[2026-07-07T21:34:40.103Z] 🧨 Resetting target schema "public" before restore...
[2026-07-07T21:34:40.103Z] 🛡️ This action is intended for Recovery / Standby DB only.
[2026-07-07T21:34:40.643Z] ✅ Schema "public" reset completed.
[2026-07-07T21:34:40.682Z] 🧱 Running Prisma db push against Recovery DB only...
[2026-07-07T21:34:40.682Z] 🛡️ DATABASE_URL is injected from RESTORE_DATABASE_URL/RECOVERY_DATABASE_URL for this process only.
[2026-07-07T21:34:44.382Z] npx stderr: Environment variables loaded from .env
[2026-07-07T21:34:44.383Z] npx: Prisma schema loaded from prisma\schema.prisma
[2026-07-07T21:34:44.394Z] npx: Datasource "db": PostgreSQL database "postgres", schema "public" at "db.engqdeyzbvnmxbnpemau.supabase.co:5432"
[2026-07-07T21:35:00.376Z] npx: Your database is now in sync with your Prisma schema. Done in 15.41s
[2026-07-07T21:35:00.378Z] npx: Running generate... (Use --skip-generate to skip the generators)
[2026-07-07T21:35:01.237Z] npx: [2K[1A[2K[GRunning generate... - Prisma Client
[2026-07-07T21:35:02.429Z] npx: [2K[1A[2K[G✔ Generated Prisma Client (v6.16.2) to .\node_modules\.prisma\client in 1.19s
[2026-07-07T21:35:02.431Z] npx stderr: ┌─────────────────────────────────────────────────────────┐
[2026-07-07T21:35:02.431Z] npx stderr: │  Update available 6.16.2 -> 7.8.0                       │
[2026-07-07T21:35:02.432Z] npx stderr: │                                                         │
[2026-07-07T21:35:02.432Z] npx stderr: │  This is a major update - please follow the guide at    │
[2026-07-07T21:35:02.432Z] npx stderr: │  https://pris.ly/d/major-version-upgrade                │
[2026-07-07T21:35:02.432Z] npx stderr: │                                                         │
[2026-07-07T21:35:02.432Z] npx stderr: │  Run the following to update                            │
[2026-07-07T21:35:02.433Z] npx stderr: │    npm i --save-dev prisma@latest                       │
[2026-07-07T21:35:02.433Z] npx stderr: │    npm i @prisma/client@latest                          │
[2026-07-07T21:35:02.433Z] npx stderr: └─────────────────────────────────────────────────────────┘
[2026-07-07T21:35:02.488Z] ✅ Prisma db push completed for Recovery DB.
[2026-07-07T21:35:05.371Z] 📊 Existing tables: 70
[2026-07-07T21:35:05.371Z] 📦 Existing rows: 0
[2026-07-07T21:35:05.372Z] 🔎 Product: 0
[2026-07-07T21:35:05.372Z] 🔎 BranchPrice: 0
[2026-07-07T21:35:05.372Z] 🔎 StockItem: 0
[2026-07-07T21:35:05.372Z] 🔎 Sale: 0
[2026-07-07T21:35:05.372Z] 🔎 SaleItem: 0
[2026-07-07T21:35:05.373Z] 🔎 SaleItemSimple: 0
[2026-07-07T21:35:05.373Z] 🔎 Payment: 0
[2026-07-07T21:35:05.373Z] 🔎 PaymentItem: 0
[2026-07-07T21:35:05.419Z] 📖 SQL loaded into memory (4.52 MB).
[2026-07-07T21:35:05.419Z] 🚚 Starting SQL restore via Node.js pg client...
[2026-07-07T21:35:07.775Z] ✅ SQL restore completed via Node.js pg client.
[2026-07-07T21:35:10.744Z] ✅ Restore verification PASS (70 tables checked).
[2026-07-07T21:35:10.744Z] 🎉 Restore completed successfully in 34.47 seconds.
[2026-07-08T03:34:35.959Z] ============================================================
[2026-07-08T03:34:35.962Z] 🚑 AlphaTech Restore Tool P1-HARDENED-RESTORE-V3-NODE-PG
[2026-07-08T03:34:35.963Z] ============================================================
[2026-07-08T03:34:35.995Z] ✅ Manifest loaded.
[2026-07-08T03:34:35.995Z] ✅ SQL file: D:\alpha-tech\server\backups\alphatech_hardened_backup_v6_2026-07-08_2026-07-08T03-34-27-800Z.sql
[2026-07-08T03:34:35.995Z] ✅ SHA256 verified: 6910a064bbeb1e96841ce1fdfb42c5a14396a8d2f449eac643f27da57b636dbf
[2026-07-08T03:34:35.996Z] 🎯 Target DB: postgresql://postgres:***@db.engqdeyzbvnmxbnpemau.supabase.co:5432/postgres
[2026-07-08T03:34:35.997Z] 🎯 Host: db.engqdeyzbvnmxbnpemau.supabase.co
[2026-07-08T03:34:35.997Z] 🎯 Port: 5432
[2026-07-08T03:34:35.998Z] 🎯 Database: postgres
[2026-07-08T03:34:35.998Z] 🎯 Schema: public
[2026-07-08T03:34:36.365Z] 🔌 Connected to target PostgreSQL successfully.
[2026-07-08T03:34:39.470Z] 📊 Existing tables: 70
[2026-07-08T03:34:39.471Z] 📦 Existing rows: 15356
[2026-07-08T03:34:39.471Z] 🔎 Product: 927
[2026-07-08T03:34:39.471Z] 🔎 BranchPrice: 925
[2026-07-08T03:34:39.471Z] 🔎 StockItem: 528
[2026-07-08T03:34:39.472Z] 🔎 Sale: 1
[2026-07-08T03:34:39.472Z] 🔎 SaleItem: 1
[2026-07-08T03:34:39.473Z] 🔎 SaleItemSimple: 0
[2026-07-08T03:34:39.473Z] 🔎 Payment: 1
[2026-07-08T03:34:39.473Z] 🔎 PaymentItem: 1
[2026-07-08T03:34:39.737Z] 🧨 Resetting target schema "public" before restore...
[2026-07-08T03:34:39.737Z] 🛡️ This action is intended for Recovery / Standby DB only.
[2026-07-08T03:34:40.104Z] ✅ Schema "public" reset completed.
[2026-07-08T03:34:40.141Z] 🧱 Running Prisma db push against Recovery DB only...
[2026-07-08T03:34:40.141Z] 🛡️ DATABASE_URL is injected from RESTORE_DATABASE_URL/RECOVERY_DATABASE_URL for this process only.
[2026-07-08T03:34:43.944Z] npx stderr: Environment variables loaded from .env
[2026-07-08T03:34:43.946Z] npx: Prisma schema loaded from prisma\schema.prisma
[2026-07-08T03:34:43.957Z] npx: Datasource "db": PostgreSQL database "postgres", schema "public" at "db.engqdeyzbvnmxbnpemau.supabase.co:5432"
[2026-07-08T03:34:59.999Z] npx: Your database is now in sync with your Prisma schema. Done in 15.45s
[2026-07-08T03:35:00.001Z] npx: Running generate... (Use --skip-generate to skip the generators)
[2026-07-08T03:35:01.029Z] npx: [2K[1A[2K[GRunning generate... - Prisma Client
[2026-07-08T03:35:02.314Z] npx: [2K[1A[2K[G✔ Generated Prisma Client (v6.16.2) to .\node_modules\.prisma\client in 1.28s
[2026-07-08T03:35:02.371Z] ✅ Prisma db push completed for Recovery DB.
[2026-07-08T03:35:05.752Z] 📊 Existing tables: 70
[2026-07-08T03:35:05.752Z] 📦 Existing rows: 0
[2026-07-08T03:35:05.752Z] 🔎 Product: 0
[2026-07-08T03:35:05.753Z] 🔎 BranchPrice: 0
[2026-07-08T03:35:05.753Z] 🔎 StockItem: 0
[2026-07-08T03:35:05.753Z] 🔎 Sale: 0
[2026-07-08T03:35:05.753Z] 🔎 SaleItem: 0
[2026-07-08T03:35:05.753Z] 🔎 SaleItemSimple: 0
[2026-07-08T03:35:05.754Z] 🔎 Payment: 0
[2026-07-08T03:35:05.754Z] 🔎 PaymentItem: 0
[2026-07-08T03:35:05.809Z] 📖 SQL loaded into memory (4.52 MB).
[2026-07-08T03:35:05.809Z] 🚚 Starting SQL restore via Node.js pg client...
[2026-07-08T03:35:08.254Z] ✅ SQL restore completed via Node.js pg client.
[2026-07-08T03:35:11.047Z] ✅ Restore verification PASS (70 tables checked).
[2026-07-08T03:35:11.047Z] 🎉 Restore completed successfully in 35.09 seconds.
